[2022-10-11 11:18:30,048] [builder.py:200]            [INFO]     |====================================================================================================|
[2022-10-11 11:18:30,048] [builder.py:200]            [INFO]     |                                Mr. Bean Collection in Z. 1 - Films                                 |
[2022-10-11 11:18:30,048] [builder.py:200]            [INFO]     |====================================================================================================|
[2022-10-11 11:18:30,048] [builder.py:201]            [INFO]     |                                                                                                    |
[2022-10-11 11:18:30,049] [builder.py:206]            [INFO]     |================================ Building Definition From Templates ================================|
[2022-10-11 11:18:30,049] [builder.py:222]            [DEBUG]    |                                                                                                    |
[2022-10-11 11:18:30,049] [meta.py:128]               [DEBUG]    | Template my_template                                                                               |
[2022-10-11 11:18:30,049] [meta.py:129]               [DEBUG]    | Call: {'value': ['103372'], 'tmdb_collection': ['103372'], 'key_name': 'Mr. Bean', 'key': '103372', 'name': 'my_template'} |
[2022-10-11 11:18:30,049] [meta.py:304]               [DEBUG]    |                                                                                                    |
[2022-10-11 11:18:30,049] [meta.py:305]               [DEBUG]    | Variables: {'value': ['103372'], 'tmdb_collection': ['103372'], 'key_name': 'Mr. Bean', 'key': '103372', 'name': 'my_template', 'collection_name': 'Mr. Bean', 'mapping_name': 'Mr. Bean', 'library_type': 'movie', 'library_name': 'Z. 1 - Films', 'value_encoded': '%5B%27103372%27%5D', 'tmdb_collection_encoded': '%5B%27103372%27%5D', 'key_name_encoded': 'Mr.%20Bean', 'key_encoded': '103372', 'name_encoded': 'my_template', 'collection_name_encoded': 'Mr.%20Bean', 'mapping_name_encoded': 'Mr.%20Bean', 'library_type_encoded': 'movie', 'library_name_encoded': 'Z.%201%20-%20Films', 'collection_sort': 'Mr. Bean'} |
[2022-10-11 11:18:30,049] [meta.py:306]               [DEBUG]    |                                                                                                    |
[2022-10-11 11:18:30,050] [meta.py:307]               [DEBUG]    | Defaults: {}                                                                                       |
[2022-10-11 11:18:30,050] [meta.py:308]               [DEBUG]    |                                                                                                    |
[2022-10-11 11:18:30,050] [meta.py:309]               [DEBUG]    | Optional: ['my_collection_poster', 'my_collection_poster_encoded']                                 |
[2022-10-11 11:18:30,051] [meta.py:370]               [DEBUG]    |                                                                                                    |
[2022-10-11 11:18:30,051] [meta.py:371]               [DEBUG]    | Final Template Attributes: {'tmdb_collection_details': ['103372'], 'collection_order': 'release', 'collection_mode': 'hide_items', 'sort_title': '+C1_Mr. Bean'} |
[2022-10-11 11:18:30,051] [meta.py:372]               [DEBUG]    |                                                                                                    |
[2022-10-11 11:18:30,051] [builder.py:230]            [INFO]     |================================== Validating Mr. Bean Attributes ==================================|
[2022-10-11 11:18:30,052] [builder.py:620]            [DEBUG]    |                                                                                                    |
[2022-10-11 11:18:30,052] [builder.py:621]            [DEBUG]    | Validating Method: collection_order                                                                |
[2022-10-11 11:18:30,052] [builder.py:622]            [DEBUG]    | Value: release                                                                                     |
[2022-10-11 11:18:30,052] [builder.py:653]            [DEBUG]    |                                                                                                    |
[2022-10-11 11:18:30,052] [builder.py:657]            [DEBUG]    | Validating Method: label                                                                           |
[2022-10-11 11:18:30,052] [builder.py:658]            [DEBUG]    | Value: TMDb Collections                                                                            |
[2022-10-11 11:18:30,052] [builder.py:653]            [DEBUG]    |                                                                                                    |
[2022-10-11 11:18:30,052] [builder.py:657]            [DEBUG]    | Validating Method: tmdb_collection_details                                                         |
[2022-10-11 11:18:30,053] [builder.py:658]            [DEBUG]    | Value: ['103372']                                                                                  |
[2022-10-11 11:18:30,064] [builder.py:653]            [DEBUG]    |                                                                                                    |
[2022-10-11 11:18:30,064] [builder.py:657]            [DEBUG]    | Validating Method: collection_mode                                                                 |
[2022-10-11 11:18:30,064] [builder.py:658]            [DEBUG]    | Value: hide_items                                                                                  |
[2022-10-11 11:18:30,065] [builder.py:653]            [DEBUG]    |                                                                                                    |
[2022-10-11 11:18:30,065] [builder.py:657]            [DEBUG]    | Validating Method: sort_title                                                                      |
[2022-10-11 11:18:30,065] [builder.py:658]            [DEBUG]    | Value: +C1_Mr. Bean                                                                                |
[2022-10-11 11:18:30,254] [builder.py:823]            [INFO]     |                                                                                                    |
[2022-10-11 11:18:30,255] [builder.py:824]            [INFO]     | Validation Successful                                                                              |
[2022-10-11 11:18:30,255] [plex_meta_manager.py:561]  [INFO]     |                                                                                                    |
[2022-10-11 11:18:30,255] [plex_meta_manager.py:563]  [INFO]     |=================================== Running Mr. Bean Collection ====================================|
[2022-10-11 11:18:30,255] [plex_meta_manager.py:575]  [INFO]     |                                                                                                    |
[2022-10-11 11:18:30,255] [plex_meta_manager.py:576]  [INFO]     | Sync Mode: append                                                                                  |
[2022-10-11 11:18:30,256] [plex_meta_manager.py:579]  [DEBUG]    |                                                                                                    |
[2022-10-11 11:18:30,256] [plex_meta_manager.py:580]  [DEBUG]    | Builder: tmdb_collection: 103372                                                                   |
[2022-10-11 11:18:30,256] [plex_meta_manager.py:581]  [INFO]     |                                                                                                    |
[2022-10-11 11:18:30,260] [tmdb.py:381]               [INFO]     | Processing TMDb Collection: (103372) Mr. Bean - Saga (2 Items)                                     |
[2022-10-11 11:18:30,260] [builder.py:1581]           [DEBUG]    |                                                                                                    |
[2022-10-11 11:18:30,260] [builder.py:1582]           [DEBUG]    | 2 IDs Found: [(1281, 'tmdb'), (1268, 'tmdb')]                                                      |
[2022-10-11 11:18:30,260] [builder.py:1583]           [DEBUG]    |                                                                                                    |
[2022-10-11 11:18:30,261] [builder.py:2132]           [INFO]     |                                                                                                    |
[2022-10-11 11:18:30,261] [builder.py:2133]           [INFO]     |================================== Adding to Mr. Bean Collection ===================================|
[2022-10-11 11:18:30,261] [builder.py:2134]           [INFO]     |                                                                                                    |
[2022-10-11 11:18:30,261] [builder.py:2148]           [INFO]     | 1/2 | Mr. Bean Collection | = | Bean (1997)                                                        |
[2022-10-11 11:18:30,261] [builder.py:2148]           [INFO]     | 2/2 | Mr. Bean Collection | = | Les Vacances de Mr. Bean (2007)                                    |
[2022-10-11 11:18:30,261] [builder.py:2168]           [INFO]     |                                                                                                    |
[2022-10-11 11:18:30,261] [builder.py:2170]           [INFO]     | 2 Movies Processed 0 Movies Added                                                                  |
[2022-10-11 11:18:30,269] [builder.py:2521]           [INFO]     |                                                                                                    |
[2022-10-11 11:18:30,269] [builder.py:2522]           [INFO]     |============================= Updating Details of Mr. Bean Collection ==============================|
[2022-10-11 11:18:30,269] [builder.py:2523]           [INFO]     |                                                                                                    |
[2022-10-11 11:18:30,279] [builder.py:2589]           [INFO]     | Collection Metadata Edits                                                                          |
[2022-10-11 11:18:30,279] [builder.py:2660]           [WARNING]  | Asset Warning: Unable to find asset folder: 'Mr. Bean'                                             |
[2022-10-11 11:18:30,279] [util.py:171]               [DEBUG]    | 1 poster found:                                                                                    |
[2022-10-11 11:18:30,280] [util.py:173]               [DEBUG]    | Method: tmdb_collection_details Poster: https://image.tmdb.org/t/p/original/61Jcc1Gwc2KE7sIJ1HPqqdt67ji.jpg |
[2022-10-11 11:18:30,280] [util.py:171]               [DEBUG]    | 1 background found:                                                                                |
[2022-10-11 11:18:30,280] [util.py:173]               [DEBUG]    | Method: tmdb_collection_details Background: https://image.tmdb.org/t/p/original/aIXcqHz5VKRLXHPsNo0dFoK7YP5.jpg |
[2022-10-11 11:18:30,281] [library.py:173]            [INFO]     | Detail: poster update not needed                                                                   |
[2022-10-11 11:18:30,282] [library.py:189]            [INFO]     | Detail: background update not needed                                                               |
[2022-10-11 11:18:30,467] [plex_meta_manager.py:708]  [INFO]     |                                                                                                    |
[2022-10-11 11:18:30,468] [plex_meta_manager.py:709]  [INFO]     |====================================================================================================|
[2022-10-11 11:18:30,468] [plex_meta_manager.py:709]  [INFO]     |                                    Finished Mr. Bean Collection                                    |
[2022-10-11 11:18:30,468] [plex_meta_manager.py:709]  [INFO]     |                                    Collection Run Time: 0:00:00                                    |
[2022-10-11 11:18:30,469] [plex_meta_manager.py:709]  [INFO]     |====================================================================================================|
