[2022-10-11 09:18:16,770] [builder.py:197]            [INFO]     |====================================================================================================|
[2022-10-11 09:18:16,771] [builder.py:197]            [INFO]     |                             Now You See Me Collection in Z. 1 - Films                              |
[2022-10-11 09:18:16,771] [builder.py:197]            [INFO]     |====================================================================================================|
[2022-10-11 09:18:16,771] [builder.py:198]            [INFO]     |                                                                                                    |
[2022-10-11 09:18:16,771] [builder.py:203]            [INFO]     |================================ Building Definition From Templates ================================|
[2022-10-11 09:18:16,771] [builder.py:211]            [DEBUG]    |                                                                                                    |
[2022-10-11 09:18:16,772] [meta.py:128]               [DEBUG]    | Template my_template                                                                               |
[2022-10-11 09:18:16,772] [meta.py:129]               [DEBUG]    | Call: {'value': ['382685'], 'tmdb_collection': ['382685'], 'key_name': 'Now You See Me', 'key': '382685', 'name': 'my_template'} |
[2022-10-11 09:18:16,772] [meta.py:304]               [DEBUG]    |                                                                                                    |
[2022-10-11 09:18:16,772] [meta.py:305]               [DEBUG]    | Variables: {'value': ['382685'], 'tmdb_collection': ['382685'], 'key_name': 'Now You See Me', 'key': '382685', 'name': 'my_template', 'collection_name': 'Now You See Me', 'mapping_name': 'Now You See Me', 'library_type': 'movie', 'library_name': 'Z. 1 - Films', 'value_encoded': '%5B%27382685%27%5D', 'tmdb_collection_encoded': '%5B%27382685%27%5D', 'key_name_encoded': 'Now%20You%20See%20Me', 'key_encoded': '382685', 'name_encoded': 'my_template', 'collection_name_encoded': 'Now%20You%20See%20Me', 'mapping_name_encoded': 'Now%20You%20See%20Me', 'library_type_encoded': 'movie', 'library_name_encoded': 'Z.%201%20-%20Films', 'collection_sort': 'Now You See Me'} |
[2022-10-11 09:18:16,772] [meta.py:306]               [DEBUG]    |                                                                                                    |
[2022-10-11 09:18:16,773] [meta.py:307]               [DEBUG]    | Defaults: {}                                                                                       |
[2022-10-11 09:18:16,773] [meta.py:308]               [DEBUG]    |                                                                                                    |
[2022-10-11 09:18:16,773] [meta.py:309]               [DEBUG]    | Optional: ['my_collection_poster', 'my_collection_poster_encoded']                                 |
[2022-10-11 09:18:16,774] [meta.py:370]               [DEBUG]    |                                                                                                    |
[2022-10-11 09:18:16,774] [meta.py:371]               [DEBUG]    | Final Template Attributes: {'tmdb_collection_details': ['382685'], 'collection_order': 'release', 'collection_mode': 'hide_items'} |
[2022-10-11 09:18:16,774] [meta.py:372]               [DEBUG]    |                                                                                                    |
[2022-10-11 09:18:16,774] [builder.py:219]            [INFO]     |=============================== Validating Now You See Me Attributes ===============================|
[2022-10-11 09:18:16,774] [builder.py:609]            [DEBUG]    |                                                                                                    |
[2022-10-11 09:18:16,775] [builder.py:610]            [DEBUG]    | Validating Method: collection_order                                                                |
[2022-10-11 09:18:16,775] [builder.py:611]            [DEBUG]    | Value: release                                                                                     |
[2022-10-11 09:18:16,775] [builder.py:627]            [DEBUG]    |                                                                                                    |
[2022-10-11 09:18:16,775] [builder.py:631]            [DEBUG]    | Validating Method: label                                                                           |
[2022-10-11 09:18:16,775] [builder.py:632]            [DEBUG]    | Value: TMDb Collections                                                                            |
[2022-10-11 09:18:16,775] [builder.py:627]            [DEBUG]    |                                                                                                    |
[2022-10-11 09:18:16,776] [builder.py:631]            [DEBUG]    | Validating Method: tmdb_collection_details                                                         |
[2022-10-11 09:18:16,776] [builder.py:632]            [DEBUG]    | Value: ['382685']                                                                                  |
[2022-10-11 09:18:16,790] [builder.py:627]            [DEBUG]    |                                                                                                    |
[2022-10-11 09:18:16,790] [builder.py:631]            [DEBUG]    | Validating Method: collection_mode                                                                 |
[2022-10-11 09:18:16,791] [builder.py:632]            [DEBUG]    | Value: hide_items                                                                                  |
[2022-10-11 09:18:16,798] [plex.py:790]               [DEBUG]    |                                                                                                    |
[2022-10-11 09:18:16,798] [plex.py:793]               [DEBUG]    | Looking for: Now You See Me                                                                        |
[2022-10-11 09:18:16,798] [builder.py:797]            [INFO]     |                                                                                                    |
[2022-10-11 09:18:16,799] [builder.py:798]            [INFO]     | Validation Successful                                                                              |
[2022-10-11 09:18:16,799] [plex_meta_manager.py:561]  [INFO]     |                                                                                                    |
[2022-10-11 09:18:16,799] [plex_meta_manager.py:563]  [INFO]     |================================ Running Now You See Me Collection =================================|
[2022-10-11 09:18:16,799] [plex_meta_manager.py:575]  [INFO]     |                                                                                                    |
[2022-10-11 09:18:16,799] [plex_meta_manager.py:576]  [INFO]     | Sync Mode: append                                                                                  |
[2022-10-11 09:18:16,799] [plex_meta_manager.py:579]  [DEBUG]    |                                                                                                    |
[2022-10-11 09:18:16,800] [plex_meta_manager.py:580]  [DEBUG]    | Builder: tmdb_collection: 382685                                                                   |
[2022-10-11 09:18:16,800] [plex_meta_manager.py:581]  [INFO]     |                                                                                                    |
[2022-10-11 09:18:16,805] [tmdb.py:382]               [INFO]     | Processing TMDb Collection: (382685) Insaisissables - Saga (3 Items)                               |
[2022-10-11 09:18:16,805] [builder.py:1540]           [DEBUG]    |                                                                                                    |
[2022-10-11 09:18:16,805] [builder.py:1541]           [DEBUG]    | 3 IDs Found: [(75656, 'tmdb'), (291805, 'tmdb'), (425274, 'tmdb')]                                 |
[2022-10-11 09:18:16,805] [builder.py:1542]           [DEBUG]    |                                                                                                    |
[2022-10-11 09:18:16,805] [builder.py:2228]           [INFO]     |                                                                                                    |
[2022-10-11 09:18:16,805] [builder.py:2229]           [INFO]     |============================ Missing Movies from Library: Z. 1 - Films =============================|
[2022-10-11 09:18:16,806] [builder.py:2230]           [INFO]     |                                                                                                    |
[2022-10-11 09:18:16,825] [builder.py:2243]           [INFO]     | Now You See Me Collection | ? | Now You See Me (2013) (TMDb: 75656)                                |
[2022-10-11 09:18:16,842] [builder.py:2243]           [INFO]     | Now You See Me Collection | ? | Now You See Me 3 (TMDb: 425274)                                    |
[2022-10-11 09:18:16,842] [builder.py:2248]           [INFO]     |                                                                                                    |
[2022-10-11 09:18:16,842] [builder.py:2249]           [INFO]     | 2 Movies Missing                                                                                   |
[2022-10-11 09:18:19,491] [plex_meta_manager.py:624]  [INFO]     |                                                                                                    |
[2022-10-11 09:18:19,492] [plex_meta_manager.py:625]  [INFO]     | Collection Minimum: 2 not met for Now You See Me Collection                                        |
[2022-10-11 09:18:19,492] [plex_meta_manager.py:708]  [INFO]     |                                                                                                    |
[2022-10-11 09:18:19,492] [plex_meta_manager.py:709]  [INFO]     |====================================================================================================|
[2022-10-11 09:18:19,492] [plex_meta_manager.py:709]  [INFO]     |                                 Finished Now You See Me Collection                                 |
[2022-10-11 09:18:19,493] [plex_meta_manager.py:709]  [INFO]     |                                    Collection Run Time: 0:00:02                                    |
[2022-10-11 09:18:19,493] [plex_meta_manager.py:709]  [INFO]     |====================================================================================================|
