[2022-10-11 11:19:18,384] [builder.py:200]            [INFO]     |====================================================================================================|
[2022-10-11 11:19:18,385] [builder.py:200]            [INFO]     |                    Un éléphant ça trompe énormément Collection in Z. 1 - Films                     |
[2022-10-11 11:19:18,385] [builder.py:200]            [INFO]     |====================================================================================================|
[2022-10-11 11:19:18,385] [builder.py:201]            [INFO]     |                                                                                                    |
[2022-10-11 11:19:18,385] [builder.py:206]            [INFO]     |================================ Building Definition From Templates ================================|
[2022-10-11 11:19:18,385] [builder.py:222]            [DEBUG]    |                                                                                                    |
[2022-10-11 11:19:18,385] [meta.py:128]               [DEBUG]    | Template my_template                                                                               |
[2022-10-11 11:19:18,385] [meta.py:129]               [DEBUG]    | Call: {'value': ['351667'], 'tmdb_collection': ['351667'], 'key_name': 'Un éléphant ça trompe énormément', 'key': '351667', 'name': 'my_template'} |
[2022-10-11 11:19:18,386] [meta.py:304]               [DEBUG]    |                                                                                                    |
[2022-10-11 11:19:18,386] [meta.py:305]               [DEBUG]    | Variables: {'value': ['351667'], 'tmdb_collection': ['351667'], 'key_name': 'Un éléphant ça trompe énormément', 'key': '351667', 'name': 'my_template', 'collection_name': 'Un éléphant ça trompe énormément', 'mapping_name': 'Un éléphant ça trompe énormément', 'library_type': 'movie', 'library_name': 'Z. 1 - Films', 'value_encoded': '%5B%27351667%27%5D', 'tmdb_collection_encoded': '%5B%27351667%27%5D', 'key_name_encoded': 'Un%20%C3%A9l%C3%A9phant%20%C3%A7a%20trompe%20%C3%A9norm%C3%A9ment', 'key_encoded': '351667', 'name_encoded': 'my_template', 'collection_name_encoded': 'Un%20%C3%A9l%C3%A9phant%20%C3%A7a%20trompe%20%C3%A9norm%C3%A9ment', 'mapping_name_encoded': 'Un%20%C3%A9l%C3%A9phant%20%C3%A7a%20trompe%20%C3%A9norm%C3%A9ment', 'library_type_encoded': 'movie', 'library_name_encoded': 'Z.%201%20-%20Films', 'collection_sort': 'Un éléphant ça trompe énormément'} |
[2022-10-11 11:19:18,386] [meta.py:306]               [DEBUG]    |                                                                                                    |
[2022-10-11 11:19:18,386] [meta.py:307]               [DEBUG]    | Defaults: {}                                                                                       |
[2022-10-11 11:19:18,386] [meta.py:308]               [DEBUG]    |                                                                                                    |
[2022-10-11 11:19:18,386] [meta.py:309]               [DEBUG]    | Optional: ['my_collection_poster', 'my_collection_poster_encoded']                                 |
[2022-10-11 11:19:18,387] [meta.py:370]               [DEBUG]    |                                                                                                    |
[2022-10-11 11:19:18,387] [meta.py:371]               [DEBUG]    | Final Template Attributes: {'tmdb_collection_details': ['351667'], 'collection_order': 'release', 'collection_mode': 'hide_items', 'sort_title': '+C1_Un éléphant ça trompe énormément'} |
[2022-10-11 11:19:18,388] [meta.py:372]               [DEBUG]    |                                                                                                    |
[2022-10-11 11:19:18,388] [builder.py:230]            [INFO]     |====================== Validating Un éléphant ça trompe énormément Attributes ======================|
[2022-10-11 11:19:18,388] [builder.py:620]            [DEBUG]    |                                                                                                    |
[2022-10-11 11:19:18,388] [builder.py:621]            [DEBUG]    | Validating Method: collection_order                                                                |
[2022-10-11 11:19:18,388] [builder.py:622]            [DEBUG]    | Value: release                                                                                     |
[2022-10-11 11:19:18,388] [builder.py:653]            [DEBUG]    |                                                                                                    |
[2022-10-11 11:19:18,389] [builder.py:657]            [DEBUG]    | Validating Method: label                                                                           |
[2022-10-11 11:19:18,389] [builder.py:658]            [DEBUG]    | Value: TMDb Collections                                                                            |
[2022-10-11 11:19:18,389] [builder.py:653]            [DEBUG]    |                                                                                                    |
[2022-10-11 11:19:18,389] [builder.py:657]            [DEBUG]    | Validating Method: tmdb_collection_details                                                         |
[2022-10-11 11:19:18,389] [builder.py:658]            [DEBUG]    | Value: ['351667']                                                                                  |
[2022-10-11 11:19:18,401] [builder.py:653]            [DEBUG]    |                                                                                                    |
[2022-10-11 11:19:18,401] [builder.py:657]            [DEBUG]    | Validating Method: collection_mode                                                                 |
[2022-10-11 11:19:18,401] [builder.py:658]            [DEBUG]    | Value: hide_items                                                                                  |
[2022-10-11 11:19:18,401] [builder.py:653]            [DEBUG]    |                                                                                                    |
[2022-10-11 11:19:18,401] [builder.py:657]            [DEBUG]    | Validating Method: sort_title                                                                      |
[2022-10-11 11:19:18,402] [builder.py:658]            [DEBUG]    | Value: +C1_Un éléphant ça trompe énormément                                                        |
[2022-10-11 11:19:18,602] [builder.py:823]            [INFO]     |                                                                                                    |
[2022-10-11 11:19:18,602] [builder.py:824]            [INFO]     | Validation Successful                                                                              |
[2022-10-11 11:19:18,602] [plex_meta_manager.py:561]  [INFO]     |                                                                                                    |
[2022-10-11 11:19:18,603] [plex_meta_manager.py:563]  [INFO]     |======================= Running Un éléphant ça trompe énormément Collection ========================|
[2022-10-11 11:19:18,603] [plex_meta_manager.py:575]  [INFO]     |                                                                                                    |
[2022-10-11 11:19:18,603] [plex_meta_manager.py:576]  [INFO]     | Sync Mode: append                                                                                  |
[2022-10-11 11:19:18,603] [plex_meta_manager.py:579]  [DEBUG]    |                                                                                                    |
[2022-10-11 11:19:18,603] [plex_meta_manager.py:580]  [DEBUG]    | Builder: tmdb_collection: 351667                                                                   |
[2022-10-11 11:19:18,604] [plex_meta_manager.py:581]  [INFO]     |                                                                                                    |
[2022-10-11 11:19:18,609] [tmdb.py:381]               [INFO]     | Processing TMDb Collection: (351667) Un éléphant ça trompe énormément - Saga (2 Items)             |
[2022-10-11 11:19:18,609] [builder.py:1581]           [DEBUG]    |                                                                                                    |
[2022-10-11 11:19:18,609] [builder.py:1582]           [DEBUG]    | 2 IDs Found: [(2459, 'tmdb'), (40585, 'tmdb')]                                                     |
[2022-10-11 11:19:18,610] [builder.py:1583]           [DEBUG]    |                                                                                                    |
[2022-10-11 11:19:18,610] [builder.py:2132]           [INFO]     |                                                                                                    |
[2022-10-11 11:19:18,610] [builder.py:2133]           [INFO]     |====================== Adding to Un éléphant ça trompe énormément Collection =======================|
[2022-10-11 11:19:18,611] [builder.py:2134]           [INFO]     |                                                                                                    |
[2022-10-11 11:19:18,611] [builder.py:2148]           [INFO]     | 1/2 | Un éléphant ça trompe énormément Collection | = | Un éléphant ça trompe énormément (1976)    |
[2022-10-11 11:19:18,611] [builder.py:2148]           [INFO]     | 2/2 | Un éléphant ça trompe énormément Collection | = | Nous irons tous au paradis (1977)          |
[2022-10-11 11:19:18,612] [builder.py:2168]           [INFO]     |                                                                                                    |
[2022-10-11 11:19:18,612] [builder.py:2170]           [INFO]     | 2 Movies Processed 0 Movies Added                                                                  |
[2022-10-11 11:19:18,621] [builder.py:2521]           [INFO]     |                                                                                                    |
[2022-10-11 11:19:18,621] [builder.py:2522]           [INFO]     |================= Updating Details of Un éléphant ça trompe énormément Collection ==================|
[2022-10-11 11:19:18,622] [builder.py:2523]           [INFO]     |                                                                                                    |
[2022-10-11 11:19:18,632] [builder.py:2589]           [INFO]     | Collection Metadata Edits                                                                          |
[2022-10-11 11:19:18,632] [builder.py:2660]           [WARNING]  | Asset Warning: Unable to find asset folder: 'Un éléphant ça trompe énormément'                     |
[2022-10-11 11:19:18,632] [util.py:171]               [DEBUG]    | 1 poster found:                                                                                    |
[2022-10-11 11:19:18,632] [util.py:173]               [DEBUG]    | Method: tmdb_collection_details Poster: https://image.tmdb.org/t/p/original/eOiYPrCFTNbzFTUx90F2FyhPBEx.jpg |
[2022-10-11 11:19:18,633] [util.py:171]               [DEBUG]    | 1 background found:                                                                                |
[2022-10-11 11:19:18,633] [util.py:173]               [DEBUG]    | Method: tmdb_collection_details Background: https://image.tmdb.org/t/p/original/7hqbQCwg0urpCSlzJ5Pfcoh7zqz.jpg |
[2022-10-11 11:19:18,634] [library.py:173]            [INFO]     | Detail: poster update not needed                                                                   |
[2022-10-11 11:19:18,635] [library.py:189]            [INFO]     | Detail: background update not needed                                                               |
[2022-10-11 11:19:18,826] [plex_meta_manager.py:708]  [INFO]     |                                                                                                    |
[2022-10-11 11:19:18,826] [plex_meta_manager.py:709]  [INFO]     |====================================================================================================|
[2022-10-11 11:19:18,826] [plex_meta_manager.py:709]  [INFO]     |                        Finished Un éléphant ça trompe énormément Collection                        |
[2022-10-11 11:19:18,827] [plex_meta_manager.py:709]  [INFO]     |                                    Collection Run Time: 0:00:00                                    |
[2022-10-11 11:19:18,827] [plex_meta_manager.py:709]  [INFO]     |====================================================================================================|
