[2022-10-11 11:00:32,981] [builder.py:197]            [INFO]     |====================================================================================================|
[2022-10-11 11:00:32,981] [builder.py:197]            [INFO]     |                                  Cell Collection in Z. 1 - Films                                   |
[2022-10-11 11:00:32,981] [builder.py:197]            [INFO]     |====================================================================================================|
[2022-10-11 11:00:32,981] [builder.py:198]            [INFO]     |                                                                                                    |
[2022-10-11 11:00:32,981] [builder.py:203]            [INFO]     |================================ Building Definition From Templates ================================|
[2022-10-11 11:00:32,982] [builder.py:211]            [DEBUG]    |                                                                                                    |
[2022-10-11 11:00:32,982] [meta.py:128]               [DEBUG]    | Template my_template                                                                               |
[2022-10-11 11:00:32,982] [meta.py:129]               [DEBUG]    | Call: {'value': ['223564'], 'tmdb_collection': ['223564'], 'key_name': 'Cell', 'key': '223564', 'name': 'my_template'} |
[2022-10-11 11:00:32,982] [meta.py:304]               [DEBUG]    |                                                                                                    |
[2022-10-11 11:00:32,982] [meta.py:305]               [DEBUG]    | Variables: {'value': ['223564'], 'tmdb_collection': ['223564'], 'key_name': 'Cell', 'key': '223564', 'name': 'my_template', 'collection_name': 'Cell', 'mapping_name': 'Cell', 'library_type': 'movie', 'library_name': 'Z. 1 - Films', 'value_encoded': '%5B%27223564%27%5D', 'tmdb_collection_encoded': '%5B%27223564%27%5D', 'key_name_encoded': 'Cell', 'key_encoded': '223564', 'name_encoded': 'my_template', 'collection_name_encoded': 'Cell', 'mapping_name_encoded': 'Cell', 'library_type_encoded': 'movie', 'library_name_encoded': 'Z.%201%20-%20Films', 'collection_sort': 'Cell'} |
[2022-10-11 11:00:32,982] [meta.py:306]               [DEBUG]    |                                                                                                    |
[2022-10-11 11:00:32,983] [meta.py:307]               [DEBUG]    | Defaults: {}                                                                                       |
[2022-10-11 11:00:32,983] [meta.py:308]               [DEBUG]    |                                                                                                    |
[2022-10-11 11:00:32,983] [meta.py:309]               [DEBUG]    | Optional: ['my_collection_poster', 'my_collection_poster_encoded']                                 |
[2022-10-11 11:00:32,984] [meta.py:370]               [DEBUG]    |                                                                                                    |
[2022-10-11 11:00:32,984] [meta.py:371]               [DEBUG]    | Final Template Attributes: {'tmdb_collection_details': ['223564'], 'collection_order': 'release', 'collection_mode': 'hide_items', 'sort_title': '+C1_Cell'} |
[2022-10-11 11:00:32,984] [meta.py:372]               [DEBUG]    |                                                                                                    |
[2022-10-11 11:00:32,984] [builder.py:219]            [INFO]     |==================================== Validating Cell Attributes ====================================|
[2022-10-11 11:00:32,984] [builder.py:609]            [DEBUG]    |                                                                                                    |
[2022-10-11 11:00:32,985] [builder.py:610]            [DEBUG]    | Validating Method: collection_order                                                                |
[2022-10-11 11:00:32,985] [builder.py:611]            [DEBUG]    | Value: release                                                                                     |
[2022-10-11 11:00:32,985] [builder.py:627]            [DEBUG]    |                                                                                                    |
[2022-10-11 11:00:32,985] [builder.py:631]            [DEBUG]    | Validating Method: label                                                                           |
[2022-10-11 11:00:32,985] [builder.py:632]            [DEBUG]    | Value: TMDb Collections                                                                            |
[2022-10-11 11:00:32,985] [builder.py:627]            [DEBUG]    |                                                                                                    |
[2022-10-11 11:00:32,985] [builder.py:631]            [DEBUG]    | Validating Method: tmdb_collection_details                                                         |
[2022-10-11 11:00:32,986] [builder.py:632]            [DEBUG]    | Value: ['223564']                                                                                  |
[2022-10-11 11:00:32,999] [builder.py:627]            [DEBUG]    |                                                                                                    |
[2022-10-11 11:00:32,999] [builder.py:631]            [DEBUG]    | Validating Method: collection_mode                                                                 |
[2022-10-11 11:00:32,999] [builder.py:632]            [DEBUG]    | Value: hide_items                                                                                  |
[2022-10-11 11:00:32,999] [builder.py:627]            [DEBUG]    |                                                                                                    |
[2022-10-11 11:00:33,000] [builder.py:631]            [DEBUG]    | Validating Method: sort_title                                                                      |
[2022-10-11 11:00:33,000] [builder.py:632]            [DEBUG]    | Value: +C1_Cell                                                                                    |
[2022-10-11 11:00:33,006] [plex.py:790]               [DEBUG]    |                                                                                                    |
[2022-10-11 11:00:33,006] [plex.py:793]               [DEBUG]    | Looking for: Cell                                                                                  |
[2022-10-11 11:00:33,006] [builder.py:797]            [INFO]     |                                                                                                    |
[2022-10-11 11:00:33,007] [builder.py:798]            [INFO]     | Validation Successful                                                                              |
[2022-10-11 11:00:33,007] [plex_meta_manager.py:561]  [INFO]     |                                                                                                    |
[2022-10-11 11:00:33,007] [plex_meta_manager.py:563]  [INFO]     |===================================== Running Cell Collection ======================================|
[2022-10-11 11:00:33,007] [plex_meta_manager.py:575]  [INFO]     |                                                                                                    |
[2022-10-11 11:00:33,007] [plex_meta_manager.py:576]  [INFO]     | Sync Mode: append                                                                                  |
[2022-10-11 11:00:33,007] [plex_meta_manager.py:579]  [DEBUG]    |                                                                                                    |
[2022-10-11 11:00:33,008] [plex_meta_manager.py:580]  [DEBUG]    | Builder: tmdb_collection: 223564                                                                   |
[2022-10-11 11:00:33,008] [plex_meta_manager.py:581]  [INFO]     |                                                                                                    |
[2022-10-11 11:00:33,012] [tmdb.py:382]               [INFO]     | Processing TMDb Collection: (223564) The Cell - Saga (2 Items)                                     |
[2022-10-11 11:00:33,012] [builder.py:1540]           [DEBUG]    |                                                                                                    |
[2022-10-11 11:00:33,013] [builder.py:1541]           [DEBUG]    | 2 IDs Found: [(8843, 'tmdb'), (18759, 'tmdb')]                                                     |
[2022-10-11 11:00:33,013] [builder.py:1542]           [DEBUG]    |                                                                                                    |
[2022-10-11 11:00:33,013] [builder.py:2228]           [INFO]     |                                                                                                    |
[2022-10-11 11:00:33,013] [builder.py:2229]           [INFO]     |============================ Missing Movies from Library: Z. 1 - Films =============================|
[2022-10-11 11:00:33,013] [builder.py:2230]           [INFO]     |                                                                                                    |
[2022-10-11 11:00:33,050] [builder.py:2243]           [INFO]     | Cell Collection | ? | The Cell 2 (2009) (TMDb: 18759)                                              |
[2022-10-11 11:00:33,050] [builder.py:2248]           [INFO]     |                                                                                                    |
[2022-10-11 11:00:33,050] [builder.py:2249]           [INFO]     | 1 Movie Missing                                                                                    |
[2022-10-11 11:00:33,079] [plex_meta_manager.py:624]  [INFO]     |                                                                                                    |
[2022-10-11 11:00:33,079] [plex_meta_manager.py:625]  [INFO]     | Collection Minimum: 2 not met for Cell Collection                                                  |
[2022-10-11 11:00:33,079] [plex_meta_manager.py:708]  [INFO]     |                                                                                                    |
[2022-10-11 11:00:33,079] [plex_meta_manager.py:709]  [INFO]     |====================================================================================================|
[2022-10-11 11:00:33,080] [plex_meta_manager.py:709]  [INFO]     |                                      Finished Cell Collection                                      |
[2022-10-11 11:00:33,080] [plex_meta_manager.py:709]  [INFO]     |                                    Collection Run Time: 0:00:00                                    |
[2022-10-11 11:00:33,080] [plex_meta_manager.py:709]  [INFO]     |====================================================================================================|
