[2022-10-08 13:05:41,738] [builder.py:197]            [INFO]     |====================================================================================================|
[2022-10-08 13:05:41,738] [builder.py:197]            [INFO]     |                              The Wolverine Collection in Z. 1 - Films                              |
[2022-10-08 13:05:41,738] [builder.py:197]            [INFO]     |====================================================================================================|
[2022-10-08 13:05:41,738] [builder.py:198]            [INFO]     |                                                                                                    |
[2022-10-08 13:05:41,739] [builder.py:203]            [INFO]     |================================ Building Definition From Templates ================================|
[2022-10-08 13:05:41,739] [builder.py:211]            [DEBUG]    |                                                                                                    |
[2022-10-08 13:05:41,739] [meta.py:128]               [DEBUG]    | Template TMDb Collections                                                                          |
[2022-10-08 13:05:41,739] [meta.py:129]               [DEBUG]    | Call: {'value': ['453993'], 'tmdb_collection': ['453993'], 'key_name': 'The Wolverine', 'key': '453993', 'name': 'TMDb Collections'} |
[2022-10-08 13:05:41,739] [meta.py:304]               [DEBUG]    |                                                                                                    |
[2022-10-08 13:05:41,739] [meta.py:305]               [DEBUG]    | Variables: {'value': ['453993'], 'tmdb_collection': ['453993'], 'key_name': 'The Wolverine', 'key': '453993', 'name': 'TMDb Collections', 'collection_name': 'The Wolverine', 'mapping_name': 'The Wolverine', 'library_type': 'movie', 'library_name': 'Z. 1 - Films', 'value_encoded': '%5B%27453993%27%5D', 'tmdb_collection_encoded': '%5B%27453993%27%5D', 'key_name_encoded': 'The%20Wolverine', 'key_encoded': '453993', 'name_encoded': 'TMDb%20Collections', 'collection_name_encoded': 'The%20Wolverine', 'mapping_name_encoded': 'The%20Wolverine', 'library_type_encoded': 'movie', 'library_name_encoded': 'Z.%201%20-%20Films', 'collection_sort': 'The Wolverine'} |
[2022-10-08 13:05:41,739] [meta.py:306]               [DEBUG]    |                                                                                                    |
[2022-10-08 13:05:41,739] [meta.py:307]               [DEBUG]    | Defaults: {}                                                                                       |
[2022-10-08 13:05:41,740] [meta.py:308]               [DEBUG]    |                                                                                                    |
[2022-10-08 13:05:41,740] [meta.py:309]               [DEBUG]    | Optional: []                                                                                       |
[2022-10-08 13:05:41,740] [meta.py:370]               [DEBUG]    |                                                                                                    |
[2022-10-08 13:05:41,740] [meta.py:371]               [DEBUG]    | Final Template Attributes: {'tmdb_collection_details': ['453993'], 'minimum_items': 2}             |
[2022-10-08 13:05:41,740] [meta.py:372]               [DEBUG]    |                                                                                                    |
[2022-10-08 13:05:41,740] [builder.py:219]            [INFO]     |=============================== Validating The Wolverine Attributes ================================|
[2022-10-08 13:05:41,741] [builder.py:627]            [DEBUG]    |                                                                                                    |
[2022-10-08 13:05:41,741] [builder.py:631]            [DEBUG]    | Validating Method: label                                                                           |
[2022-10-08 13:05:41,741] [builder.py:632]            [DEBUG]    | Value: TMDb Collections                                                                            |
[2022-10-08 13:05:41,741] [builder.py:627]            [DEBUG]    |                                                                                                    |
[2022-10-08 13:05:41,741] [builder.py:631]            [DEBUG]    | Validating Method: tmdb_collection_details                                                         |
[2022-10-08 13:05:41,741] [builder.py:632]            [DEBUG]    | Value: ['453993']                                                                                  |
[2022-10-08 13:05:41,756] [builder.py:627]            [DEBUG]    |                                                                                                    |
[2022-10-08 13:05:41,756] [builder.py:631]            [DEBUG]    | Validating Method: minimum_items                                                                   |
[2022-10-08 13:05:41,756] [builder.py:632]            [DEBUG]    | Value: 2                                                                                           |
[2022-10-08 13:05:41,923] [builder.py:797]            [INFO]     |                                                                                                    |
[2022-10-08 13:05:41,923] [builder.py:798]            [INFO]     | Validation Successful                                                                              |
[2022-10-08 13:05:41,923] [plex_meta_manager.py:561]  [INFO]     |                                                                                                    |
[2022-10-08 13:05:41,923] [plex_meta_manager.py:563]  [INFO]     |================================= Running The Wolverine Collection =================================|
[2022-10-08 13:05:41,923] [plex_meta_manager.py:575]  [INFO]     |                                                                                                    |
[2022-10-08 13:05:41,924] [plex_meta_manager.py:576]  [INFO]     | Sync Mode: append                                                                                  |
[2022-10-08 13:05:41,924] [plex_meta_manager.py:579]  [DEBUG]    |                                                                                                    |
[2022-10-08 13:05:41,924] [plex_meta_manager.py:580]  [DEBUG]    | Builder: tmdb_collection: 453993                                                                   |
[2022-10-08 13:05:41,924] [plex_meta_manager.py:581]  [INFO]     |                                                                                                    |
[2022-10-08 13:05:41,932] [tmdb.py:382]               [INFO]     | Processing TMDb Collection: (453993) The Wolverine Collection (3 Items)                            |
[2022-10-08 13:05:41,932] [builder.py:1540]           [DEBUG]    |                                                                                                    |
[2022-10-08 13:05:41,932] [builder.py:1541]           [DEBUG]    | 3 IDs Found: [(2080, 'tmdb'), (76170, 'tmdb'), (263115, 'tmdb')]                                   |
[2022-10-08 13:05:41,932] [builder.py:1542]           [DEBUG]    |                                                                                                    |
[2022-10-08 13:05:41,933] [builder.py:2064]           [INFO]     |                                                                                                    |
[2022-10-08 13:05:41,933] [builder.py:2065]           [INFO]     |================================ Adding to The Wolverine Collection ================================|
[2022-10-08 13:05:41,933] [builder.py:2066]           [INFO]     |                                                                                                    |
[2022-10-08 13:05:41,933] [builder.py:2080]           [INFO]     | 1/3 | The Wolverine Collection | = | X-Men Origins : Wolverine (2009)                              |
[2022-10-08 13:05:41,933] [builder.py:2080]           [INFO]     | 2/3 | The Wolverine Collection | = | Wolverine : Le Combat de l'immortel (2013)                    |
[2022-10-08 13:05:41,933] [builder.py:2080]           [INFO]     | 3/3 | The Wolverine Collection | = | Logan (2017)                                                  |
[2022-10-08 13:05:41,934] [builder.py:2100]           [INFO]     |                                                                                                    |
[2022-10-08 13:05:41,934] [builder.py:2102]           [INFO]     | 3 Movies Processed 0 Movies Added                                                                  |
[2022-10-08 13:05:41,941] [builder.py:2441]           [INFO]     |                                                                                                    |
[2022-10-08 13:05:41,941] [builder.py:2442]           [INFO]     |=========================== Updating Details of The Wolverine Collection ===========================|
[2022-10-08 13:05:41,942] [builder.py:2443]           [INFO]     |                                                                                                    |
[2022-10-08 13:05:41,951] [builder.py:2509]           [INFO]     | Collection Metadata Edits                                                                          |
[2022-10-08 13:05:41,952] [builder.py:2580]           [WARNING]  | Asset Warning: Unable to find asset folder: 'The Wolverine'                                        |
[2022-10-08 13:05:41,952] [util.py:150]               [DEBUG]    | 1 poster found:                                                                                    |
[2022-10-08 13:05:41,952] [util.py:152]               [DEBUG]    | Method: tmdb_collection_details Poster: https://image.tmdb.org/t/p/original/c18HVnKTybcAUYVQd8rOcdbqwY.jpg |
[2022-10-08 13:05:41,952] [util.py:150]               [DEBUG]    | 1 background found:                                                                                |
[2022-10-08 13:05:41,952] [util.py:152]               [DEBUG]    | Method: tmdb_collection_details Background: https://image.tmdb.org/t/p/original/hbNMx7sxxqvkX8rLOsTryiSrCPY.jpg |
[2022-10-08 13:05:41,953] [library.py:172]            [INFO]     | Detail: poster update not needed                                                                   |
[2022-10-08 13:05:41,954] [library.py:188]            [INFO]     | Detail: background update not needed                                                               |
[2022-10-08 13:05:42,117] [plex_meta_manager.py:708]  [INFO]     |                                                                                                    |
[2022-10-08 13:05:42,118] [plex_meta_manager.py:709]  [INFO]     |====================================================================================================|
[2022-10-08 13:05:42,118] [plex_meta_manager.py:709]  [INFO]     |                                 Finished The Wolverine Collection                                  |
[2022-10-08 13:05:42,118] [plex_meta_manager.py:709]  [INFO]     |                                    Collection Run Time: 0:00:00                                    |
[2022-10-08 13:05:42,118] [plex_meta_manager.py:709]  [INFO]     |====================================================================================================|
