[2022-10-11 11:19:28,407] [builder.py:200]            [INFO]     |====================================================================================================|
[2022-10-11 11:19:28,407] [builder.py:200]            [INFO]     |                             Shaft (Reboot) Collection in Z. 1 - Films                              |
[2022-10-11 11:19:28,408] [builder.py:200]            [INFO]     |====================================================================================================|
[2022-10-11 11:19:28,408] [builder.py:201]            [INFO]     |                                                                                                    |
[2022-10-11 11:19:28,408] [builder.py:206]            [INFO]     |================================ Building Definition From Templates ================================|
[2022-10-11 11:19:28,408] [builder.py:222]            [DEBUG]    |                                                                                                    |
[2022-10-11 11:19:28,408] [meta.py:128]               [DEBUG]    | Template my_template                                                                               |
[2022-10-11 11:19:28,408] [meta.py:129]               [DEBUG]    | Call: {'value': ['608103'], 'tmdb_collection': ['608103'], 'key_name': 'Shaft (Reboot)', 'key': '608103', 'name': 'my_template'} |
[2022-10-11 11:19:28,409] [meta.py:304]               [DEBUG]    |                                                                                                    |
[2022-10-11 11:19:28,409] [meta.py:305]               [DEBUG]    | Variables: {'value': ['608103'], 'tmdb_collection': ['608103'], 'key_name': 'Shaft (Reboot)', 'key': '608103', 'name': 'my_template', 'collection_name': 'Shaft (Reboot)', 'mapping_name': 'Shaft (Reboot)', 'library_type': 'movie', 'library_name': 'Z. 1 - Films', 'value_encoded': '%5B%27608103%27%5D', 'tmdb_collection_encoded': '%5B%27608103%27%5D', 'key_name_encoded': 'Shaft%20%28Reboot%29', 'key_encoded': '608103', 'name_encoded': 'my_template', 'collection_name_encoded': 'Shaft%20%28Reboot%29', 'mapping_name_encoded': 'Shaft%20%28Reboot%29', 'library_type_encoded': 'movie', 'library_name_encoded': 'Z.%201%20-%20Films', 'collection_sort': 'Shaft (Reboot)'} |
[2022-10-11 11:19:28,409] [meta.py:306]               [DEBUG]    |                                                                                                    |
[2022-10-11 11:19:28,409] [meta.py:307]               [DEBUG]    | Defaults: {}                                                                                       |
[2022-10-11 11:19:28,409] [meta.py:308]               [DEBUG]    |                                                                                                    |
[2022-10-11 11:19:28,409] [meta.py:309]               [DEBUG]    | Optional: ['my_collection_poster', 'my_collection_poster_encoded']                                 |
[2022-10-11 11:19:28,410] [meta.py:370]               [DEBUG]    |                                                                                                    |
[2022-10-11 11:19:28,410] [meta.py:371]               [DEBUG]    | Final Template Attributes: {'tmdb_collection_details': ['608103'], 'collection_order': 'release', 'collection_mode': 'hide_items', 'sort_title': '+C1_Shaft (Reboot)'} |
[2022-10-11 11:19:28,410] [meta.py:372]               [DEBUG]    |                                                                                                    |
[2022-10-11 11:19:28,411] [builder.py:230]            [INFO]     |=============================== Validating Shaft (Reboot) Attributes ===============================|
[2022-10-11 11:19:28,411] [builder.py:620]            [DEBUG]    |                                                                                                    |
[2022-10-11 11:19:28,411] [builder.py:621]            [DEBUG]    | Validating Method: collection_order                                                                |
[2022-10-11 11:19:28,411] [builder.py:622]            [DEBUG]    | Value: release                                                                                     |
[2022-10-11 11:19:28,411] [builder.py:653]            [DEBUG]    |                                                                                                    |
[2022-10-11 11:19:28,411] [builder.py:657]            [DEBUG]    | Validating Method: label                                                                           |
[2022-10-11 11:19:28,412] [builder.py:658]            [DEBUG]    | Value: TMDb Collections                                                                            |
[2022-10-11 11:19:28,412] [builder.py:653]            [DEBUG]    |                                                                                                    |
[2022-10-11 11:19:28,412] [builder.py:657]            [DEBUG]    | Validating Method: tmdb_collection_details                                                         |
[2022-10-11 11:19:28,412] [builder.py:658]            [DEBUG]    | Value: ['608103']                                                                                  |
[2022-10-11 11:19:28,424] [builder.py:653]            [DEBUG]    |                                                                                                    |
[2022-10-11 11:19:28,424] [builder.py:657]            [DEBUG]    | Validating Method: collection_mode                                                                 |
[2022-10-11 11:19:28,425] [builder.py:658]            [DEBUG]    | Value: hide_items                                                                                  |
[2022-10-11 11:19:28,425] [builder.py:653]            [DEBUG]    |                                                                                                    |
[2022-10-11 11:19:28,425] [builder.py:657]            [DEBUG]    | Validating Method: sort_title                                                                      |
[2022-10-11 11:19:28,426] [builder.py:658]            [DEBUG]    | Value: +C1_Shaft (Reboot)                                                                          |
[2022-10-11 11:19:28,433] [plex.py:803]               [DEBUG]    |                                                                                                    |
[2022-10-11 11:19:28,433] [plex.py:806]               [DEBUG]    | Looking for: Shaft (Reboot)                                                                        |
[2022-10-11 11:19:28,433] [builder.py:823]            [INFO]     |                                                                                                    |
[2022-10-11 11:19:28,434] [builder.py:824]            [INFO]     | Validation Successful                                                                              |
[2022-10-11 11:19:28,434] [plex_meta_manager.py:561]  [INFO]     |                                                                                                    |
[2022-10-11 11:19:28,434] [plex_meta_manager.py:563]  [INFO]     |================================ Running Shaft (Reboot) Collection =================================|
[2022-10-11 11:19:28,434] [plex_meta_manager.py:575]  [INFO]     |                                                                                                    |
[2022-10-11 11:19:28,434] [plex_meta_manager.py:576]  [INFO]     | Sync Mode: append                                                                                  |
[2022-10-11 11:19:28,434] [plex_meta_manager.py:579]  [DEBUG]    |                                                                                                    |
[2022-10-11 11:19:28,435] [plex_meta_manager.py:580]  [DEBUG]    | Builder: tmdb_collection: 608103                                                                   |
[2022-10-11 11:19:28,435] [plex_meta_manager.py:581]  [INFO]     |                                                                                                    |
[2022-10-11 11:19:28,439] [tmdb.py:381]               [INFO]     | Processing TMDb Collection: (608103) Shaft (Reboot) - Saga (2 Items)                               |
[2022-10-11 11:19:28,440] [builder.py:1581]           [DEBUG]    |                                                                                                    |
[2022-10-11 11:19:28,440] [builder.py:1582]           [DEBUG]    | 2 IDs Found: [(479, 'tmdb'), (486131, 'tmdb')]                                                     |
[2022-10-11 11:19:28,440] [builder.py:1583]           [DEBUG]    |                                                                                                    |
[2022-10-11 11:19:28,440] [builder.py:2300]           [INFO]     |                                                                                                    |
[2022-10-11 11:19:28,440] [builder.py:2301]           [INFO]     |============================ Missing Movies from Library: Z. 1 - Films =============================|
[2022-10-11 11:19:28,440] [builder.py:2302]           [INFO]     |                                                                                                    |
[2022-10-11 11:19:28,449] [builder.py:2315]           [INFO]     | Shaft (Reboot) Collection | ? | Shaft (2000) (TMDb: 479)                                           |
[2022-10-11 11:19:28,449] [builder.py:2320]           [INFO]     |                                                                                                    |
[2022-10-11 11:19:28,449] [builder.py:2321]           [INFO]     | 1 Movie Missing                                                                                    |
[2022-10-11 11:19:28,515] [plex_meta_manager.py:624]  [INFO]     |                                                                                                    |
[2022-10-11 11:19:28,516] [plex_meta_manager.py:625]  [INFO]     | Collection Minimum: 2 not met for Shaft (Reboot) Collection                                        |
[2022-10-11 11:19:28,516] [plex_meta_manager.py:708]  [INFO]     |                                                                                                    |
[2022-10-11 11:19:28,516] [plex_meta_manager.py:709]  [INFO]     |====================================================================================================|
[2022-10-11 11:19:28,516] [plex_meta_manager.py:709]  [INFO]     |                                 Finished Shaft (Reboot) Collection                                 |
[2022-10-11 11:19:28,516] [plex_meta_manager.py:709]  [INFO]     |                                    Collection Run Time: 0:00:00                                    |
[2022-10-11 11:19:28,517] [plex_meta_manager.py:709]  [INFO]     |====================================================================================================|
