[2022-10-11 11:20:36,722] [builder.py:200]            [INFO]     |====================================================================================================|
[2022-10-11 11:20:36,722] [builder.py:200]            [INFO]     |                               Zombieland Collection in Z. 1 - Films                                |
[2022-10-11 11:20:36,722] [builder.py:200]            [INFO]     |====================================================================================================|
[2022-10-11 11:20:36,723] [builder.py:201]            [INFO]     |                                                                                                    |
[2022-10-11 11:20:36,723] [builder.py:206]            [INFO]     |================================ Building Definition From Templates ================================|
[2022-10-11 11:20:36,723] [builder.py:222]            [DEBUG]    |                                                                                                    |
[2022-10-11 11:20:36,723] [meta.py:128]               [DEBUG]    | Template my_template                                                                               |
[2022-10-11 11:20:36,723] [meta.py:129]               [DEBUG]    | Call: {'value': ['537982'], 'tmdb_collection': ['537982'], 'key_name': 'Zombieland', 'key': '537982', 'name': 'my_template'} |
[2022-10-11 11:20:36,723] [meta.py:304]               [DEBUG]    |                                                                                                    |
[2022-10-11 11:20:36,724] [meta.py:305]               [DEBUG]    | Variables: {'value': ['537982'], 'tmdb_collection': ['537982'], 'key_name': 'Zombieland', 'key': '537982', 'name': 'my_template', 'collection_name': 'Zombieland', 'mapping_name': 'Zombieland', 'library_type': 'movie', 'library_name': 'Z. 1 - Films', 'value_encoded': '%5B%27537982%27%5D', 'tmdb_collection_encoded': '%5B%27537982%27%5D', 'key_name_encoded': 'Zombieland', 'key_encoded': '537982', 'name_encoded': 'my_template', 'collection_name_encoded': 'Zombieland', 'mapping_name_encoded': 'Zombieland', 'library_type_encoded': 'movie', 'library_name_encoded': 'Z.%201%20-%20Films', 'collection_sort': 'Zombieland'} |
[2022-10-11 11:20:36,724] [meta.py:306]               [DEBUG]    |                                                                                                    |
[2022-10-11 11:20:36,724] [meta.py:307]               [DEBUG]    | Defaults: {}                                                                                       |
[2022-10-11 11:20:36,724] [meta.py:308]               [DEBUG]    |                                                                                                    |
[2022-10-11 11:20:36,724] [meta.py:309]               [DEBUG]    | Optional: ['my_collection_poster', 'my_collection_poster_encoded']                                 |
[2022-10-11 11:20:36,725] [meta.py:370]               [DEBUG]    |                                                                                                    |
[2022-10-11 11:20:36,725] [meta.py:371]               [DEBUG]    | Final Template Attributes: {'tmdb_collection_details': ['537982'], 'collection_order': 'release', 'collection_mode': 'hide_items', 'sort_title': '+C1_Zombieland'} |
[2022-10-11 11:20:36,725] [meta.py:372]               [DEBUG]    |                                                                                                    |
[2022-10-11 11:20:36,725] [builder.py:230]            [INFO]     |================================= Validating Zombieland Attributes =================================|
[2022-10-11 11:20:36,725] [builder.py:620]            [DEBUG]    |                                                                                                    |
[2022-10-11 11:20:36,726] [builder.py:621]            [DEBUG]    | Validating Method: collection_order                                                                |
[2022-10-11 11:20:36,726] [builder.py:622]            [DEBUG]    | Value: release                                                                                     |
[2022-10-11 11:20:36,726] [builder.py:653]            [DEBUG]    |                                                                                                    |
[2022-10-11 11:20:36,726] [builder.py:657]            [DEBUG]    | Validating Method: label                                                                           |
[2022-10-11 11:20:36,726] [builder.py:658]            [DEBUG]    | Value: TMDb Collections                                                                            |
[2022-10-11 11:20:36,726] [builder.py:653]            [DEBUG]    |                                                                                                    |
[2022-10-11 11:20:36,726] [builder.py:657]            [DEBUG]    | Validating Method: tmdb_collection_details                                                         |
[2022-10-11 11:20:36,726] [builder.py:658]            [DEBUG]    | Value: ['537982']                                                                                  |
[2022-10-11 11:20:36,738] [builder.py:653]            [DEBUG]    |                                                                                                    |
[2022-10-11 11:20:36,738] [builder.py:657]            [DEBUG]    | Validating Method: collection_mode                                                                 |
[2022-10-11 11:20:36,739] [builder.py:658]            [DEBUG]    | Value: hide_items                                                                                  |
[2022-10-11 11:20:36,739] [builder.py:653]            [DEBUG]    |                                                                                                    |
[2022-10-11 11:20:36,739] [builder.py:657]            [DEBUG]    | Validating Method: sort_title                                                                      |
[2022-10-11 11:20:36,739] [builder.py:658]            [DEBUG]    | Value: +C1_Zombieland                                                                              |
[2022-10-11 11:20:36,933] [builder.py:823]            [INFO]     |                                                                                                    |
[2022-10-11 11:20:36,933] [builder.py:824]            [INFO]     | Validation Successful                                                                              |
[2022-10-11 11:20:36,934] [plex_meta_manager.py:561]  [INFO]     |                                                                                                    |
[2022-10-11 11:20:36,934] [plex_meta_manager.py:563]  [INFO]     |================================== Running Zombieland Collection ===================================|
[2022-10-11 11:20:36,934] [plex_meta_manager.py:575]  [INFO]     |                                                                                                    |
[2022-10-11 11:20:36,934] [plex_meta_manager.py:576]  [INFO]     | Sync Mode: append                                                                                  |
[2022-10-11 11:20:36,934] [plex_meta_manager.py:579]  [DEBUG]    |                                                                                                    |
[2022-10-11 11:20:36,934] [plex_meta_manager.py:580]  [DEBUG]    | Builder: tmdb_collection: 537982                                                                   |
[2022-10-11 11:20:36,934] [plex_meta_manager.py:581]  [INFO]     |                                                                                                    |
[2022-10-11 11:20:36,939] [tmdb.py:381]               [INFO]     | Processing TMDb Collection: (537982) Zombieland - Saga (2 Items)                                   |
[2022-10-11 11:20:36,939] [builder.py:1581]           [DEBUG]    |                                                                                                    |
[2022-10-11 11:20:36,939] [builder.py:1582]           [DEBUG]    | 2 IDs Found: [(19908, 'tmdb'), (338967, 'tmdb')]                                                   |
[2022-10-11 11:20:36,939] [builder.py:1583]           [DEBUG]    |                                                                                                    |
[2022-10-11 11:20:36,939] [builder.py:2132]           [INFO]     |                                                                                                    |
[2022-10-11 11:20:36,939] [builder.py:2133]           [INFO]     |================================= Adding to Zombieland Collection ==================================|
[2022-10-11 11:20:36,940] [builder.py:2134]           [INFO]     |                                                                                                    |
[2022-10-11 11:20:36,940] [builder.py:2148]           [INFO]     | 1/2 | Zombieland Collection | = | Bienvenue à Zombieland (2009)                                    |
[2022-10-11 11:20:36,940] [builder.py:2148]           [INFO]     | 2/2 | Zombieland Collection | = | Retour à Zombieland (2019)                                       |
[2022-10-11 11:20:36,940] [builder.py:2168]           [INFO]     |                                                                                                    |
[2022-10-11 11:20:36,940] [builder.py:2170]           [INFO]     | 2 Movies Processed 0 Movies Added                                                                  |
[2022-10-11 11:20:36,947] [builder.py:2521]           [INFO]     |                                                                                                    |
[2022-10-11 11:20:36,948] [builder.py:2522]           [INFO]     |============================ Updating Details of Zombieland Collection =============================|
[2022-10-11 11:20:36,948] [builder.py:2523]           [INFO]     |                                                                                                    |
[2022-10-11 11:20:36,958] [builder.py:2589]           [INFO]     | Collection Metadata Edits                                                                          |
[2022-10-11 11:20:36,958] [builder.py:2660]           [WARNING]  | Asset Warning: Unable to find asset folder: 'Zombieland'                                           |
[2022-10-11 11:20:36,958] [util.py:171]               [DEBUG]    | 1 poster found:                                                                                    |
[2022-10-11 11:20:36,959] [util.py:173]               [DEBUG]    | Method: tmdb_collection_details Poster: https://image.tmdb.org/t/p/original/sZ78PtGmejzGbd9fDtOf8UsFKHD.jpg |
[2022-10-11 11:20:36,959] [util.py:171]               [DEBUG]    | 1 background found:                                                                                |
[2022-10-11 11:20:36,959] [util.py:173]               [DEBUG]    | Method: tmdb_collection_details Background: https://image.tmdb.org/t/p/original/xND97nArZixB25GxyKtYN7gCpk7.jpg |
[2022-10-11 11:20:36,960] [library.py:173]            [INFO]     | Detail: poster update not needed                                                                   |
[2022-10-11 11:20:36,961] [library.py:189]            [INFO]     | Detail: background update not needed                                                               |
[2022-10-11 11:20:37,154] [plex_meta_manager.py:708]  [INFO]     |                                                                                                    |
[2022-10-11 11:20:37,154] [plex_meta_manager.py:709]  [INFO]     |====================================================================================================|
[2022-10-11 11:20:37,154] [plex_meta_manager.py:709]  [INFO]     |                                   Finished Zombieland Collection                                   |
[2022-10-11 11:20:37,155] [plex_meta_manager.py:709]  [INFO]     |                                    Collection Run Time: 0:00:00                                    |
[2022-10-11 11:20:37,155] [plex_meta_manager.py:709]  [INFO]     |====================================================================================================|
