[2022-10-11 11:20:27,011] [builder.py:200]            [INFO]     |====================================================================================================|
[2022-10-11 11:20:27,012] [builder.py:200]            [INFO]     |                               Terminator Collection in Z. 1 - Films                                |
[2022-10-11 11:20:27,012] [builder.py:200]            [INFO]     |====================================================================================================|
[2022-10-11 11:20:27,012] [builder.py:201]            [INFO]     |                                                                                                    |
[2022-10-11 11:20:27,012] [builder.py:206]            [INFO]     |================================ Building Definition From Templates ================================|
[2022-10-11 11:20:27,012] [builder.py:222]            [DEBUG]    |                                                                                                    |
[2022-10-11 11:20:27,012] [meta.py:128]               [DEBUG]    | Template my_template                                                                               |
[2022-10-11 11:20:27,013] [meta.py:129]               [DEBUG]    | Call: {'value': ['528'], 'tmdb_collection': ['528'], 'key_name': 'Terminator', 'key': '528', 'name': 'my_template'} |
[2022-10-11 11:20:27,013] [meta.py:304]               [DEBUG]    |                                                                                                    |
[2022-10-11 11:20:27,013] [meta.py:305]               [DEBUG]    | Variables: {'value': ['528'], 'tmdb_collection': ['528'], 'key_name': 'Terminator', 'key': '528', 'name': 'my_template', 'collection_name': 'Terminator', 'mapping_name': 'Terminator', 'library_type': 'movie', 'library_name': 'Z. 1 - Films', 'value_encoded': '%5B%27528%27%5D', 'tmdb_collection_encoded': '%5B%27528%27%5D', 'key_name_encoded': 'Terminator', 'key_encoded': '528', 'name_encoded': 'my_template', 'collection_name_encoded': 'Terminator', 'mapping_name_encoded': 'Terminator', 'library_type_encoded': 'movie', 'library_name_encoded': 'Z.%201%20-%20Films', 'collection_sort': 'Terminator'} |
[2022-10-11 11:20:27,013] [meta.py:306]               [DEBUG]    |                                                                                                    |
[2022-10-11 11:20:27,013] [meta.py:307]               [DEBUG]    | Defaults: {}                                                                                       |
[2022-10-11 11:20:27,013] [meta.py:308]               [DEBUG]    |                                                                                                    |
[2022-10-11 11:20:27,013] [meta.py:309]               [DEBUG]    | Optional: ['my_collection_poster', 'my_collection_poster_encoded']                                 |
[2022-10-11 11:20:27,014] [meta.py:370]               [DEBUG]    |                                                                                                    |
[2022-10-11 11:20:27,015] [meta.py:371]               [DEBUG]    | Final Template Attributes: {'tmdb_collection_details': ['528'], 'collection_order': 'release', 'collection_mode': 'hide_items', 'sort_title': '+C1_Terminator'} |
[2022-10-11 11:20:27,015] [meta.py:372]               [DEBUG]    |                                                                                                    |
[2022-10-11 11:20:27,015] [builder.py:230]            [INFO]     |================================= Validating Terminator Attributes =================================|
[2022-10-11 11:20:27,015] [builder.py:620]            [DEBUG]    |                                                                                                    |
[2022-10-11 11:20:27,015] [builder.py:621]            [DEBUG]    | Validating Method: collection_order                                                                |
[2022-10-11 11:20:27,015] [builder.py:622]            [DEBUG]    | Value: release                                                                                     |
[2022-10-11 11:20:27,015] [builder.py:653]            [DEBUG]    |                                                                                                    |
[2022-10-11 11:20:27,016] [builder.py:657]            [DEBUG]    | Validating Method: label                                                                           |
[2022-10-11 11:20:27,016] [builder.py:658]            [DEBUG]    | Value: TMDb Collections                                                                            |
[2022-10-11 11:20:27,016] [builder.py:653]            [DEBUG]    |                                                                                                    |
[2022-10-11 11:20:27,016] [builder.py:657]            [DEBUG]    | Validating Method: tmdb_collection_details                                                         |
[2022-10-11 11:20:27,016] [builder.py:658]            [DEBUG]    | Value: ['528']                                                                                     |
[2022-10-11 11:20:27,030] [builder.py:653]            [DEBUG]    |                                                                                                    |
[2022-10-11 11:20:27,030] [builder.py:657]            [DEBUG]    | Validating Method: collection_mode                                                                 |
[2022-10-11 11:20:27,030] [builder.py:658]            [DEBUG]    | Value: hide_items                                                                                  |
[2022-10-11 11:20:27,031] [builder.py:653]            [DEBUG]    |                                                                                                    |
[2022-10-11 11:20:27,031] [builder.py:657]            [DEBUG]    | Validating Method: sort_title                                                                      |
[2022-10-11 11:20:27,031] [builder.py:658]            [DEBUG]    | Value: +C1_Terminator                                                                              |
[2022-10-11 11:20:27,245] [builder.py:823]            [INFO]     |                                                                                                    |
[2022-10-11 11:20:27,245] [builder.py:824]            [INFO]     | Validation Successful                                                                              |
[2022-10-11 11:20:27,245] [plex_meta_manager.py:561]  [INFO]     |                                                                                                    |
[2022-10-11 11:20:27,245] [plex_meta_manager.py:563]  [INFO]     |================================== Running Terminator Collection ===================================|
[2022-10-11 11:20:27,245] [plex_meta_manager.py:575]  [INFO]     |                                                                                                    |
[2022-10-11 11:20:27,246] [plex_meta_manager.py:576]  [INFO]     | Sync Mode: append                                                                                  |
[2022-10-11 11:20:27,246] [plex_meta_manager.py:579]  [DEBUG]    |                                                                                                    |
[2022-10-11 11:20:27,246] [plex_meta_manager.py:580]  [DEBUG]    | Builder: tmdb_collection: 528                                                                      |
[2022-10-11 11:20:27,246] [plex_meta_manager.py:581]  [INFO]     |                                                                                                    |
[2022-10-11 11:20:27,252] [tmdb.py:381]               [INFO]     | Processing TMDb Collection: (528) Terminator - Saga (6 Items)                                      |
[2022-10-11 11:20:27,252] [builder.py:1581]           [DEBUG]    |                                                                                                    |
[2022-10-11 11:20:27,253] [builder.py:1582]           [DEBUG]    | 6 IDs Found: [(218, 'tmdb'), (280, 'tmdb'), (296, 'tmdb'), (534, 'tmdb'), (87101, 'tmdb'), (290859, 'tmdb')] |
[2022-10-11 11:20:27,253] [builder.py:1583]           [DEBUG]    |                                                                                                    |
[2022-10-11 11:20:27,253] [builder.py:2132]           [INFO]     |                                                                                                    |
[2022-10-11 11:20:27,254] [builder.py:2133]           [INFO]     |================================= Adding to Terminator Collection ==================================|
[2022-10-11 11:20:27,254] [builder.py:2134]           [INFO]     |                                                                                                    |
[2022-10-11 11:20:27,254] [builder.py:2148]           [INFO]     | 1/6 | Terminator Collection | = | Terminator (1984)                                                |
[2022-10-11 11:20:27,254] [builder.py:2148]           [INFO]     | 2/6 | Terminator Collection | = | Terminator 2 : Le Jugement dernier (1991)                        |
[2022-10-11 11:20:27,255] [builder.py:2148]           [INFO]     | 3/6 | Terminator Collection | = | Terminator 3 : Le Soulèvement des machines (2003)                |
[2022-10-11 11:20:27,255] [builder.py:2148]           [INFO]     | 4/6 | Terminator Collection | = | Terminator Renaissance (2009)                                    |
[2022-10-11 11:20:27,255] [builder.py:2148]           [INFO]     | 5/6 | Terminator Collection | = | Terminator Genisys (2015)                                        |
[2022-10-11 11:20:27,255] [builder.py:2148]           [INFO]     | 6/6 | Terminator Collection | = | Terminator : Dark Fate (2019)                                    |
[2022-10-11 11:20:27,255] [builder.py:2168]           [INFO]     |                                                                                                    |
[2022-10-11 11:20:27,255] [builder.py:2170]           [INFO]     | 6 Movies Processed 0 Movies Added                                                                  |
[2022-10-11 11:20:27,262] [builder.py:2521]           [INFO]     |                                                                                                    |
[2022-10-11 11:20:27,262] [builder.py:2522]           [INFO]     |============================ Updating Details of Terminator Collection =============================|
[2022-10-11 11:20:27,262] [builder.py:2523]           [INFO]     |                                                                                                    |
[2022-10-11 11:20:27,272] [builder.py:2589]           [INFO]     | Collection Metadata Edits                                                                          |
[2022-10-11 11:20:27,272] [builder.py:2660]           [WARNING]  | Asset Warning: Unable to find asset folder: 'Terminator'                                           |
[2022-10-11 11:20:27,272] [util.py:171]               [DEBUG]    | 1 poster found:                                                                                    |
[2022-10-11 11:20:27,273] [util.py:173]               [DEBUG]    | Method: tmdb_collection_details Poster: https://image.tmdb.org/t/p/original/kpZxdNsAV7qTdTLwKM5NLqa7GEo.jpg |
[2022-10-11 11:20:27,273] [util.py:171]               [DEBUG]    | 1 background found:                                                                                |
[2022-10-11 11:20:27,273] [util.py:173]               [DEBUG]    | Method: tmdb_collection_details Background: https://image.tmdb.org/t/p/original/cpmbkwSxZnKO69V82A9a34tvk2E.jpg |
[2022-10-11 11:20:27,274] [library.py:173]            [INFO]     | Detail: poster update not needed                                                                   |
[2022-10-11 11:20:27,275] [library.py:189]            [INFO]     | Detail: background update not needed                                                               |
[2022-10-11 11:20:27,487] [plex_meta_manager.py:708]  [INFO]     |                                                                                                    |
[2022-10-11 11:20:27,488] [plex_meta_manager.py:709]  [INFO]     |====================================================================================================|
[2022-10-11 11:20:27,488] [plex_meta_manager.py:709]  [INFO]     |                                   Finished Terminator Collection                                   |
[2022-10-11 11:20:27,488] [plex_meta_manager.py:709]  [INFO]     |                                    Collection Run Time: 0:00:00                                    |
[2022-10-11 11:20:27,488] [plex_meta_manager.py:709]  [INFO]     |====================================================================================================|
