[2022-10-11 09:56:27,843] [builder.py:197]            [INFO]     |====================================================================================================|
[2022-10-11 09:56:27,844] [builder.py:197]            [INFO]     |                          Top of 1980s Collection in Z. 5 - Film Animation                          |
[2022-10-11 09:56:27,844] [builder.py:197]            [INFO]     |====================================================================================================|
[2022-10-11 09:56:27,844] [builder.py:198]            [INFO]     |                                                                                                    |
[2022-10-11 09:56:27,844] [builder.py:203]            [INFO]     |================================ Building Definition From Templates ================================|
[2022-10-11 09:56:27,844] [builder.py:211]            [DEBUG]    |                                                                                                    |
[2022-10-11 09:56:27,844] [meta.py:128]               [DEBUG]    | Template Chart                                                                                     |
[2022-10-11 09:56:27,844] [meta.py:129]               [DEBUG]    | Call: ordereddict([('name', 'Chart'), ('num', 5), ('year', 1980)])                                 |
[2022-10-11 09:56:27,845] [meta.py:304]               [DEBUG]    |                                                                                                    |
[2022-10-11 09:56:27,845] [meta.py:305]               [DEBUG]    | Variables: ordereddict([('name', 'Chart'), ('num', 5), ('year', 1980), ('collection_name', 'Top of 1980s'), ('mapping_name', 'Top of 1980s'), ('library_type', 'movie'), ('library_name', 'Z. 5 - Film Animation'), ('name_encoded', 'Chart'), ('num_encoded', '5'), ('year_encoded', '1980'), ('collection_name_encoded', 'Top%20of%201980s'), ('mapping_name_encoded', 'Top%20of%201980s'), ('library_type_encoded', 'movie'), ('library_name_encoded', 'Z.%205%20-%20Film%20Animation'), ('collection_sort', 'Top of 1980s')]) |
[2022-10-11 09:56:27,845] [meta.py:306]               [DEBUG]    |                                                                                                    |
[2022-10-11 09:56:27,845] [meta.py:307]               [DEBUG]    | Defaults: {}                                                                                       |
[2022-10-11 09:56:27,845] [meta.py:308]               [DEBUG]    |                                                                                                    |
[2022-10-11 09:56:27,845] [meta.py:309]               [DEBUG]    | Optional: []                                                                                       |
[2022-10-11 09:56:27,846] [meta.py:370]               [DEBUG]    |                                                                                                    |
[2022-10-11 09:56:27,846] [meta.py:371]               [DEBUG]    | Final Template Attributes: {'sort_title': '+2_5DECADE of 1980', 'sync_mode': 'sync', 'smart_label': 'audience_rating.desc'} |
[2022-10-11 09:56:27,847] [meta.py:372]               [DEBUG]    |                                                                                                    |
[2022-10-11 09:56:27,847] [builder.py:219]            [INFO]     |================================ Validating Top of 1980s Attributes ================================|
[2022-10-11 09:56:27,847] [builder.py:488]            [DEBUG]    |                                                                                                    |
[2022-10-11 09:56:27,847] [builder.py:489]            [DEBUG]    | Validating Method: sync_mode                                                                       |
[2022-10-11 09:56:27,847] [builder.py:493]            [DEBUG]    | Value: sync                                                                                        |
[2022-10-11 09:56:27,847] [builder.py:538]            [DEBUG]    |                                                                                                    |
[2022-10-11 09:56:27,847] [builder.py:539]            [DEBUG]    | Validating Method: smart_label                                                                     |
[2022-10-11 09:56:27,848] [builder.py:544]            [DEBUG]    | Value: audience_rating.desc                                                                        |
[2022-10-11 09:56:27,864] [builder.py:627]            [DEBUG]    |                                                                                                    |
[2022-10-11 09:56:27,865] [builder.py:631]            [DEBUG]    | Validating Method: tmdb_discover                                                                   |
[2022-10-11 09:56:27,865] [builder.py:632]            [DEBUG]    | Value: ordereddict([('primary_release_date.gte', '01/01/1980'), ('primary_release_date.lte', '12/31/1989'), ('with_original_language', 'fr'), ('sort_by', 'popularity.desc')]) |
[2022-10-11 09:56:27,865] [util.py:745]               [WARNING]  | Collection Warning: tmdb_discover limit attribute not found using 100 as default                   |
[2022-10-11 09:56:27,865] [builder.py:627]            [DEBUG]    |                                                                                                    |
[2022-10-11 09:56:27,866] [builder.py:631]            [DEBUG]    | Validating Method: imdb_list                                                                       |
[2022-10-11 09:56:27,866] [builder.py:632]            [DEBUG]    | Value: ['https://www.imdb.com/list/ls042657342/', 'https://www.imdb.com/list/ls000036468/']        |
[2022-10-11 09:56:32,080] [builder.py:627]            [DEBUG]    |                                                                                                    |
[2022-10-11 09:56:32,082] [builder.py:631]            [DEBUG]    | Validating Method: url_poster                                                                      |
[2022-10-11 09:56:32,083] [builder.py:632]            [DEBUG]    | Value: https://raw.githubusercontent.com/MonsieurZed/poster/main/img/DECADE_1980.png               |
[2022-10-11 09:56:32,326] [builder.py:627]            [DEBUG]    |                                                                                                    |
[2022-10-11 09:56:32,326] [builder.py:631]            [DEBUG]    | Validating Method: summary                                                                         |
[2022-10-11 09:56:32,327] [builder.py:632]            [DEBUG]    | Value: Le meilleurs des années 1980                                                                |
[2022-10-11 09:56:32,327] [builder.py:627]            [DEBUG]    |                                                                                                    |
[2022-10-11 09:56:32,327] [builder.py:631]            [DEBUG]    | Validating Method: sort_title                                                                      |
[2022-10-11 09:56:32,327] [builder.py:632]            [DEBUG]    | Value: +2_5DECADE of 1980                                                                          |
[2022-10-11 09:56:32,333] [plex.py:790]               [DEBUG]    |                                                                                                    |
[2022-10-11 09:56:32,333] [plex.py:793]               [DEBUG]    | Looking for: Top of 1980s                                                                          |
[2022-10-11 09:56:32,334] [builder.py:797]            [INFO]     |                                                                                                    |
[2022-10-11 09:56:32,334] [builder.py:798]            [INFO]     | Validation Successful                                                                              |
[2022-10-11 09:56:32,334] [plex_meta_manager.py:561]  [INFO]     |                                                                                                    |
[2022-10-11 09:56:32,334] [plex_meta_manager.py:563]  [INFO]     |================================= Running Top of 1980s Collection ==================================|
[2022-10-11 09:56:32,334] [plex_meta_manager.py:569]  [INFO]     |                                                                                                    |
[2022-10-11 09:56:32,334] [plex_meta_manager.py:570]  [INFO]     | Smart Movie Label                                                                                  |
                                                                 | Sort By: audience_rating.desc
                                                                 | Filter:
                                                                 |   Match all of the following:
                                                                 |     Label is Top of 1980s
[2022-10-11 09:56:32,335] [plex_meta_manager.py:575]  [INFO]     | 
[2022-10-11 09:56:32,335] [plex_meta_manager.py:576]  [INFO]     | Sync Mode: sync
[2022-10-11 09:56:32,335] [plex_meta_manager.py:579]  [DEBUG]    | 
[2022-10-11 09:56:32,336] [plex_meta_manager.py:580]  [DEBUG]    | Builder: tmdb_discover: {'limit': 100, 'primary_release_date.gte': '01/01/1980', 'primary_release_date.lte': '12/31/1989', 'with_original_language': 'fr', 'sort_by': 'popularity.desc'}
[2022-10-11 09:56:32,336] [plex_meta_manager.py:581]  [INFO]     | 
[2022-10-11 09:56:33,096] [tmdb.py:339]               [INFO]     | Processing TMDb Discover: 100 Movies
[2022-10-11 09:56:33,096] [tmdb.py:341]               [INFO]     |            primary_release_date.gte: 1980-01-01
[2022-10-11 09:56:33,096] [tmdb.py:341]               [INFO]     |            primary_release_date.lte: 1989-12-31
[2022-10-11 09:56:33,097] [tmdb.py:341]               [INFO]     |            with_original_language: fr
[2022-10-11 09:56:33,097] [tmdb.py:341]               [INFO]     |            sort_by: popularity.desc
[2022-10-11 09:56:33,097] [builder.py:1540]           [DEBUG]    | 
[2022-10-11 09:56:33,098] [builder.py:1541]           [DEBUG]    | 100 IDs Found: [(81774, 'tmdb'), (21484, 'tmdb'), (73134, 'tmdb'), (85140, 'tmdb'), (42337, 'tmdb'), (175, 'tmdb'), (40084, 'tmdb'), (11915, 'tmdb'), (11986, 'tmdb'), (10656, 'tmdb'), (1672, 'tmdb'), (9317, 'tmdb'), (166, 'tmdb'), (64252, 'tmdb'), (37533, 'tmdb'), (1786, 'tmdb'), (4480, 'tmdb'), (11680, 'tmdb'), (58833, 'tmdb'), (63418, 'tmdb'), (171, 'tmdb'), (11625, 'tmdb'), (40978, 'tmdb'), (72664, 'tmdb'), (12541, 'tmdb'), (1716, 'tmdb'), (62204, 'tmdb'), (35797, 'tmdb'), (71524, 'tmdb'), (22501, 'tmdb'), (64131, 'tmdb'), (53179, 'tmdb'), (42044, 'tmdb'), (39415, 'tmdb'), (42112, 'tmdb'), (4481, 'tmdb'), (12504, 'tmdb'), (52286, 'tmdb'), (54156, 'tmdb'), (32689, 'tmdb'), (22504, 'tmdb'), (2455, 'tmdb'), (39543, 'tmdb'), (8868, 'tmdb'), (1563, 'tmdb'), (52166, 'tmdb'), (19123, 'tmdb'), (11709, 'tmdb'), (49565, 'tmdb'), (54898, 'tmdb'), (60175, 'tmdb'), (4485, 'tmdb'), (61991, 'tmdb'), (24260, 'tmdb'), (4271, 'tmdb'), (44018, 'tmdb'), (19184, 'tmdb'), (30163, 'tmdb'), (40411, 'tmdb'), (4202, 'tmdb'), (9318, 'tmdb'), (10293, 'tmdb'), (61243, 'tmdb'), (4416, 'tmdb'), (9041, 'tmdb'), (11684, 'tmdb'), (22500, 'tmdb'), (52557, 'tmdb'), (2282, 'tmdb'), (60194, 'tmdb'), (48769, 'tmdb'), (165108, 'tmdb'), (8768, 'tmdb'), (27102, 'tmdb'), (77146, 'tmdb'), (4180, 'tmdb'), (3418, 'tmdb'), (81122, 'tmdb'), (61389, 'tmdb'), (37189, 'tmdb'), (10260, 'tmdb'), (14645, 'tmdb'), (2025, 'tmdb'), (31300, 'tmdb'), (18499, 'tmdb'), (50796, 'tmdb'), (118732, 'tmdb'), (56497, 'tmdb'), (3934, 'tmdb'), (12579, 'tmdb'), (50211, 'tmdb'), (52794, 'tmdb'), (49398, 'tmdb'), (63322, 'tmdb'), (98927, 'tmdb'), (42145, 'tmdb'), (76350, 'tmdb'), (5062, 'tmdb'), (38695, 'tmdb'), (77673, 'tmdb')]
[2022-10-11 09:56:33,098] [builder.py:1542]           [DEBUG]    | 
[2022-10-11 09:56:33,099] [plex_meta_manager.py:579]  [DEBUG]    | 
[2022-10-11 09:56:33,099] [plex_meta_manager.py:580]  [DEBUG]    | Builder: imdb_list: {'url': 'https://www.imdb.com/list/ls042657342/', 'limit': 0}
[2022-10-11 09:56:33,099] [plex_meta_manager.py:581]  [INFO]     | 
[2022-10-11 09:56:33,099] [imdb.py:184]               [INFO]     | Processing IMDb List: https://www.imdb.com/list/ls042657342/
[2022-10-11 09:56:38,938] [imdb.py:135]               [DEBUG]    | 50 IMDb IDs Found: ['tt0080684', 'tt0081505', 'tt0081398', 'tt0080678', 'tt0080339', 'tt0080455', 'tt0080487', 'tt0081283', 'tt0081573', 'tt0080801', 'tt0080979', 'tt0080761', 'tt0080749', 'tt0076276', 'tt0080516', 'tt0080661', 'tt0081534', 'tt0081059', 'tt0081070', 'tt0081554', 'tt0080360', 'tt0080745', 'tt0080549', 'tt0080310', 'tt0079579', 'tt0080437', 'tt0080319', 'tt0080388', 'tt0081562', 'tt0080474', 'tt0080610', 'tt0253991', 'tt0080736', 'tt0081506', 'tt0080923', 'tt0080716', 'tt0080439', 'tt0081698', 'tt0081071', 'tt0080855', 'tt0081568', 'tt0263102', 'tt0081207', 'tt0080798', 'tt0079820', 'tt0081176', 'tt0081590', 'tt0082477', 'tt0081748', 'tt0080889']
[2022-10-11 09:56:38,939] [builder.py:1540]           [DEBUG]    | 
[2022-10-11 09:56:38,939] [builder.py:1541]           [DEBUG]    | 50 IDs Found: [('tt0080684', 'imdb'), ('tt0081505', 'imdb'), ('tt0081398', 'imdb'), ('tt0080678', 'imdb'), ('tt0080339', 'imdb'), ('tt0080455', 'imdb'), ('tt0080487', 'imdb'), ('tt0081283', 'imdb'), ('tt0081573', 'imdb'), ('tt0080801', 'imdb'), ('tt0080979', 'imdb'), ('tt0080761', 'imdb'), ('tt0080749', 'imdb'), ('tt0076276', 'imdb'), ('tt0080516', 'imdb'), ('tt0080661', 'imdb'), ('tt0081534', 'imdb'), ('tt0081059', 'imdb'), ('tt0081070', 'imdb'), ('tt0081554', 'imdb'), ('tt0080360', 'imdb'), ('tt0080745', 'imdb'), ('tt0080549', 'imdb'), ('tt0080310', 'imdb'), ('tt0079579', 'imdb'), ('tt0080437', 'imdb'), ('tt0080319', 'imdb'), ('tt0080388', 'imdb'), ('tt0081562', 'imdb'), ('tt0080474', 'imdb'), ('tt0080610', 'imdb'), ('tt0253991', 'imdb'), ('tt0080736', 'imdb'), ('tt0081506', 'imdb'), ('tt0080923', 'imdb'), ('tt0080716', 'imdb'), ('tt0080439', 'imdb'), ('tt0081698', 'imdb'), ('tt0081071', 'imdb'), ('tt0080855', 'imdb'), ('tt0081568', 'imdb'), ('tt0263102', 'imdb'), ('tt0081207', 'imdb'), ('tt0080798', 'imdb'), ('tt0079820', 'imdb'), ('tt0081176', 'imdb'), ('tt0081590', 'imdb'), ('tt0082477', 'imdb'), ('tt0081748', 'imdb'), ('tt0080889', 'imdb')]
[2022-10-11 09:56:38,939] [builder.py:1542]           [DEBUG]    | 
[2022-10-11 09:56:39,234] [plex_meta_manager.py:579]  [DEBUG]    | 
[2022-10-11 09:56:39,235] [plex_meta_manager.py:580]  [DEBUG]    | Builder: imdb_list: {'url': 'https://www.imdb.com/list/ls000036468/', 'limit': 0}
[2022-10-11 09:56:39,238] [plex_meta_manager.py:581]  [INFO]     | 
[2022-10-11 09:56:39,238] [imdb.py:184]               [INFO]     | Processing IMDb List: https://www.imdb.com/list/ls000036468/
[2022-10-11 09:56:44,503] [imdb.py:135]               [DEBUG]    | 31 IMDb IDs Found: ['tt0081505', 'tt0080678', 'tt0081398', 'tt0080684', 'tt0080487', 'tt0081748', 'tt0081568', 'tt0080455', 'tt0080388', 'tt0080339', 'tt0080801', 'tt0081562', 'tt0080761', 'tt0080520', 'tt0081060', 'tt0080661', 'tt0080813', 'tt0080798', 'tt0081237', 'tt0080736', 'tt0080437', 'tt0081353', 'tt0080319', 'tt0080360', 'tt0081375', 'tt0081207', 'tt0081573', 'tt0081695', 'tt0081184', 'tt0080881', 'tt0081192']
[2022-10-11 09:56:44,504] [builder.py:1540]           [DEBUG]    | 
[2022-10-11 09:56:44,504] [builder.py:1541]           [DEBUG]    | 31 IDs Found: [('tt0081505', 'imdb'), ('tt0080678', 'imdb'), ('tt0081398', 'imdb'), ('tt0080684', 'imdb'), ('tt0080487', 'imdb'), ('tt0081748', 'imdb'), ('tt0081568', 'imdb'), ('tt0080455', 'imdb'), ('tt0080388', 'imdb'), ('tt0080339', 'imdb'), ('tt0080801', 'imdb'), ('tt0081562', 'imdb'), ('tt0080761', 'imdb'), ('tt0080520', 'imdb'), ('tt0081060', 'imdb'), ('tt0080661', 'imdb'), ('tt0080813', 'imdb'), ('tt0080798', 'imdb'), ('tt0081237', 'imdb'), ('tt0080736', 'imdb'), ('tt0080437', 'imdb'), ('tt0081353', 'imdb'), ('tt0080319', 'imdb'), ('tt0080360', 'imdb'), ('tt0081375', 'imdb'), ('tt0081207', 'imdb'), ('tt0081573', 'imdb'), ('tt0081695', 'imdb'), ('tt0081184', 'imdb'), ('tt0080881', 'imdb'), ('tt0081192', 'imdb')]
[2022-10-11 09:56:44,504] [builder.py:1542]           [DEBUG]    | 
[2022-10-11 09:56:44,539] [builder.py:2228]           [INFO]     | 
[2022-10-11 09:56:44,541] [builder.py:2229]           [INFO]     |======================== Missing Movies from Library: Z. 5 - Film Animation ========================|
[2022-10-11 09:56:44,541] [builder.py:2230]           [INFO]     |                                                                                                    |
[2022-10-11 09:56:44,553] [builder.py:2243]           [INFO]     | Top of 1980s Collection | ? | Exploits of a Young Don Juan (1986) (TMDb: 81774)                    |
[2022-10-11 09:56:44,580] [builder.py:2243]           [INFO]     | Top of 1980s Collection | ? | Possession (1981) (TMDb: 21484)                                      |
[2022-10-11 09:56:44,591] [builder.py:2243]           [INFO]     | Top of 1980s Collection | ? | Tender Cousins (1980) (TMDb: 73134)                                  |
[2022-10-11 09:56:44,607] [builder.py:2243]           [INFO]     | Top of 1980s Collection | ? | Knife Under the Throat (1986) (TMDb: 85140)                          |
[2022-10-11 09:56:44,693] [builder.py:2243]           [INFO]     | Top of 1980s Collection | ? | Beau Pere (1981) (TMDb: 42337)                                       |
[2022-10-11 09:56:44,708] [builder.py:2243]           [INFO]     | Top of 1980s Collection | ? | The Big Blue (1988) (TMDb: 175)                                      |
[2022-10-11 09:56:44,724] [builder.py:2243]           [INFO]     | Top of 1980s Collection | ? | Caligula and Messalina (1981) (TMDb: 40084)                          |
[2022-10-11 09:56:44,758] [builder.py:2243]           [INFO]     | Top of 1980s Collection | ? | The Gendarme and the Gendarmettes (1982) (TMDb: 11915)               |
[2022-10-11 09:56:44,774] [builder.py:2243]           [INFO]     | Top of 1980s Collection | ? | Betty Blue (1986) (TMDb: 11986)                                      |
[2022-10-11 09:56:44,808] [builder.py:2243]           [INFO]     | Top of 1980s Collection | ? | Subway (1985) (TMDb: 10656)                                          |
[2022-10-11 09:56:44,824] [builder.py:2243]           [INFO]     | Top of 1980s Collection | ? | The Professional (1981) (TMDb: 1672)                                 |
[2022-10-11 09:56:44,841] [builder.py:2243]           [INFO]     | Top of 1980s Collection | ? | La Soupe aux choux (1981) (TMDb: 9317)                               |
[2022-10-11 09:56:44,858] [builder.py:2243]           [INFO]     | Top of 1980s Collection | ? | The Party (1980) (TMDb: 166)                                         |
[2022-10-11 09:56:44,874] [builder.py:2243]           [INFO]     | Top of 1980s Collection | ? | Fruits of Passion (1981) (TMDb: 64252)                               |
[2022-10-11 09:56:44,905] [builder.py:2243]           [INFO]     | Top of 1980s Collection | ? | White Wedding (1989) (TMDb: 37533)                                   |
[2022-10-11 09:56:44,915] [builder.py:2243]           [INFO]     | Top of 1980s Collection | ? | Au Revoir les Enfants (1987) (TMDb: 1786)                            |
[2022-10-11 09:56:44,946] [builder.py:2243]           [INFO]     | Top of 1980s Collection | ? | Jean de Florette (1986) (TMDb: 4480)                                 |
[2022-10-11 09:56:44,957] [builder.py:2243]           [INFO]     | Top of 1980s Collection | ? | The Miser (1980) (TMDb: 11680)                                       |
[2022-10-11 09:56:44,988] [builder.py:2243]           [INFO]     | Top of 1980s Collection | ? | Tchao Pantin (1983) (TMDb: 58833)                                    |
[2022-10-11 09:56:44,999] [builder.py:2243]           [INFO]     | Top of 1980s Collection | ? | Boy Meets Girl (1984) (TMDb: 63418)                                  |
[2022-10-11 09:56:45,030] [builder.py:2243]           [INFO]     | Top of 1980s Collection | ? | The Party 2 (1982) (TMDb: 171)                                       |
[2022-10-11 09:56:45,045] [builder.py:2243]           [INFO]     | Top of 1980s Collection | ? | Asterix and the Big Fight (1989) (TMDb: 11625)                       |
[2022-10-11 09:56:45,063] [builder.py:2243]           [INFO]     | Top of 1980s Collection | ? | Emmanuelle 4 (1984) (TMDb: 40978)                                    |
[2022-10-11 09:56:45,075] [builder.py:2243]           [INFO]     | Top of 1980s Collection | ? | The Vultures (1984) (TMDb: 72664)                                    |
[2022-10-11 09:56:45,080] [builder.py:2243]           [INFO]     | Top of 1980s Collection | ? | Le Guignolo (1980) (TMDb: 12541)                                     |
[2022-10-11 09:56:45,117] [builder.py:2243]           [INFO]     | Top of 1980s Collection | ? | The Last Metro (1980) (TMDb: 1716)                                   |
[2022-10-11 09:56:45,134] [builder.py:2243]           [INFO]     | Top of 1980s Collection | ? | Quest for Fire (1981) (TMDb: 62204)                                  |
[2022-10-11 09:56:45,175] [builder.py:2243]           [INFO]     | Top of 1980s Collection | ? | Coup de Torchon (1981) (TMDb: 35797)                                 |
[2022-10-11 09:56:45,192] [builder.py:2243]           [INFO]     | Top of 1980s Collection | ? | Ace of Aces (1982) (TMDb: 71524)                                     |
[2022-10-11 09:56:45,234] [builder.py:2243]           [INFO]     | Top of 1980s Collection | ? | The Masters of Time (1982) (TMDb: 22501)                             |
[2022-10-11 09:56:45,250] [builder.py:2243]           [INFO]     | Top of 1980s Collection | ? | Mauvais Sang (1986) (TMDb: 64131)                                    |
[2022-10-11 09:56:45,284] [builder.py:2243]           [INFO]     | Top of 1980s Collection | ? | Le Maître d'école (1981) (TMDb: 53179)                               |
[2022-10-11 09:56:45,300] [builder.py:2243]           [INFO]     | Top of 1980s Collection | ? | Shoah (1985) (TMDb: 42044)                                           |
[2022-10-11 09:56:45,317] [builder.py:2243]           [INFO]     | Top of 1980s Collection | ? | Loulou (1980) (TMDb: 39415)                                          |
[2022-10-11 09:56:45,334] [builder.py:2243]           [INFO]     | Top of 1980s Collection | ? | L'Argent (1983) (TMDb: 42112)                                        |
[2022-10-11 09:56:45,378] [builder.py:2243]           [INFO]     | Top of 1980s Collection | ? | Manon of the Spring (1986) (TMDb: 4481)                              |
[2022-10-11 09:56:45,392] [builder.py:2243]           [INFO]     | Top of 1980s Collection | ? | The Outsider (1983) (TMDb: 12504)                                    |
[2022-10-11 09:56:45,409] [builder.py:2243]           [INFO]     | Top of 1980s Collection | ? | The Student (1988) (TMDb: 52286)                                     |
[2022-10-11 09:56:45,468] [builder.py:2243]           [INFO]     | Top of 1980s Collection | ? | First Desires (1983) (TMDb: 54156)                                   |
[2022-10-11 09:56:45,484] [builder.py:2243]           [INFO]     | Top of 1980s Collection | ? | First Name: Carmen (1983) (TMDb: 32689)                              |
[2022-10-11 09:56:45,534] [builder.py:2243]           [INFO]     | Top of 1980s Collection | ? | The King and the Mockingbird (1980) (TMDb: 22504)                    |
[2022-10-11 09:56:45,551] [builder.py:2243]           [INFO]     | Top of 1980s Collection | ? | Finally, Sunday! (1983) (TMDb: 2455)                                 |
[2022-10-11 09:56:45,593] [builder.py:2243]           [INFO]     | Top of 1980s Collection | ? | My American Uncle (1980) (TMDb: 39543)                               |
[2022-10-11 09:56:45,609] [builder.py:2243]           [INFO]     | Top of 1980s Collection | ? | Asterix vs. Caesar (1985) (TMDb: 8868)                               |
[2022-10-11 09:56:45,651] [builder.py:2243]           [INFO]     | Top of 1980s Collection | ? | Sans Soleil (1983) (TMDb: 1563)                                      |
[2022-10-11 09:56:45,668] [builder.py:2243]           [INFO]     | Top of 1980s Collection | ? | Lucky Luke: Les Dalton en cavale (1983) (TMDb: 52166)                |
[2022-10-11 09:56:45,710] [builder.py:2243]           [INFO]     | Top of 1980s Collection | ? | La Chèvre (1981) (TMDb: 19123)                                       |
[2022-10-11 09:56:45,726] [builder.py:2243]           [INFO]     | Top of 1980s Collection | ? | Camille Claudel (1988) (TMDb: 11709)                                 |
[2022-10-11 09:56:45,746] [builder.py:2243]           [INFO]     | Top of 1980s Collection | ? | The Man Who Planted Trees (1987) (TMDb: 49565)                       |
[2022-10-11 09:56:45,780] [builder.py:2243]           [INFO]     | Top of 1980s Collection | ? | The Green Ray (1986) (TMDb: 54898)                                   |
[2022-10-11 09:56:45,796] [builder.py:2243]           [INFO]     | Top of 1980s Collection | ? | The Under-Gifted (1980) (TMDb: 60175)                                |
[2022-10-11 09:56:45,830] [builder.py:2243]           [INFO]     | Top of 1980s Collection | ? | Diva (1981) (TMDb: 4485)                                             |
[2022-10-11 09:56:45,843] [builder.py:2243]           [INFO]     | Top of 1980s Collection | ? | An Impudent Girl (1985) (TMDb: 61991)                                |
[2022-10-11 09:56:45,885] [builder.py:2243]           [INFO]     | Top of 1980s Collection | ? | Inspector Blunder (1980) (TMDb: 24260)                               |
[2022-10-11 09:56:45,902] [builder.py:2243]           [INFO]     | Top of 1980s Collection | ? | Life Is a Long Quiet River (1988) (TMDb: 4271)                       |
[2022-10-11 09:56:45,921] [builder.py:2243]           [INFO]     | Top of 1980s Collection | ? | Vagabond (1985) (TMDb: 44018)                                        |
[2022-10-11 09:56:45,952] [builder.py:2243]           [INFO]     | Top of 1980s Collection | ? | The Last Battle (1983) (TMDb: 19184)                                 |
[2022-10-11 09:56:45,980] [builder.py:2243]           [INFO]     | Top of 1980s Collection | ? | Fugitives (1986) (TMDb: 30163)                                       |
[2022-10-11 09:56:45,988] [builder.py:2243]           [INFO]     | Top of 1980s Collection | ? | Hold-up (1985) (TMDb: 40411)                                         |
[2022-10-11 09:56:46,001] [builder.py:2243]           [INFO]     | Top of 1980s Collection | ? | Danton (1983) (TMDb: 4202)                                           |
[2022-10-11 09:56:46,030] [builder.py:2243]           [INFO]     | Top of 1980s Collection | ? | Asterix in Britain (1986) (TMDb: 9318)                               |
[2022-10-11 09:56:46,047] [builder.py:2243]           [INFO]     | Top of 1980s Collection | ? | Pauline at the Beach (1983) (TMDb: 10293)                            |
[2022-10-11 09:56:46,097] [builder.py:2243]           [INFO]     | Top of 1980s Collection | ? | On a volé la cuisse de Jupiter (1980) (TMDb: 61243)                  |
[2022-10-11 09:56:46,114] [builder.py:2243]           [INFO]     | Top of 1980s Collection | ? | Les Misérables (1982) (TMDb: 4416)                                   |
[2022-10-11 09:56:46,130] [builder.py:2243]           [INFO]     | Top of 1980s Collection | ? | One Deadly Summer (1983) (TMDb: 9041)                                |
[2022-10-11 09:56:46,181] [builder.py:2243]           [INFO]     | Top of 1980s Collection | ? | La Cage aux Folles II (1980) (TMDb: 11684)                           |
[2022-10-11 09:56:46,193] [builder.py:2243]           [INFO]     | Top of 1980s Collection | ? | Gandahar (1987) (TMDb: 22500)                                        |
[2022-10-11 09:56:46,252] [builder.py:2243]           [INFO]     | Top of 1980s Collection | ? | Banzaï (1983) (TMDb: 52557)                                          |
[2022-10-11 09:56:46,269] [builder.py:2243]           [INFO]     | Top of 1980s Collection | ? | A Nos Amours (1983) (TMDb: 2282)                                     |
[2022-10-11 09:56:46,319] [builder.py:2243]           [INFO]     | Top of 1980s Collection | ? | Le Coup du Parapluie (1980) (TMDb: 60194)                            |
[2022-10-11 09:56:46,335] [builder.py:2243]           [INFO]     | Top of 1980s Collection | ? | Gramps Is in the Resistance (1983) (TMDb: 48769)                     |
[2022-10-11 09:56:46,385] [builder.py:2243]           [INFO]     | Top of 1980s Collection | ? | The Story of O Part 2 (1984) (TMDb: 165108)                          |
[2022-10-11 09:56:46,427] [builder.py:2243]           [INFO]     | Top of 1980s Collection | ? | The Little Thief (1988) (TMDb: 8768)                                 |
[2022-10-11 09:56:46,444] [builder.py:2243]           [INFO]     | Top of 1980s Collection | ? | Full Moon in Paris (1984) (TMDb: 27102)                              |
[2022-10-11 09:56:46,485] [builder.py:2243]           [INFO]     | Top of 1980s Collection | ? | Eaux profondes (1981) (TMDb: 77146)                                  |
[2022-10-11 09:56:46,502] [builder.py:2243]           [INFO]     | Top of 1980s Collection | ? | Three Men and a Cradle (1985) (TMDb: 4180)                           |
[2022-10-11 09:56:46,528] [builder.py:2243]           [INFO]     | Top of 1980s Collection | ? | La Mort en direct (1980) (TMDb: 3418)                                |
[2022-10-11 09:56:46,552] [builder.py:2243]           [INFO]     | Top of 1980s Collection | ? | Twist again à Moscou (1986) (TMDb: 81122)                            |
[2022-10-11 09:56:46,569] [builder.py:2243]           [INFO]     | Top of 1980s Collection | ? | Un mauvais fils (1980) (TMDb: 61389)                                 |
[2022-10-11 09:56:46,586] [builder.py:2243]           [INFO]     | Top of 1980s Collection | ? | Four Adventures of Reinette and Mirabelle (1987) (TMDb: 37189)       |
[2022-10-11 09:56:46,602] [builder.py:2243]           [INFO]     | Top of 1980s Collection | ? | My New Partner (1984) (TMDb: 10260)                                  |
[2022-10-11 09:56:46,644] [builder.py:2243]           [INFO]     | Top of 1980s Collection | ? | Santa Claus Is a Stinker (1982) (TMDb: 14645)                        |
[2022-10-11 09:56:46,686] [builder.py:2243]           [INFO]     | Top of 1980s Collection | ? | Quelques jours avec moi (1988) (TMDb: 2025)                          |
[2022-10-11 09:56:46,702] [builder.py:2243]           [INFO]     | Top of 1980s Collection | ? | Sous le soleil de Satan (1987) (TMDb: 31300)                         |
[2022-10-11 09:56:46,738] [builder.py:2243]           [INFO]     | Top of 1980s Collection | ? | The Decline of the American Empire (1986) (TMDb: 18499)              |
[2022-10-11 09:56:46,753] [builder.py:2243]           [INFO]     | Top of 1980s Collection | ? | Chouans! (1988) (TMDb: 50796)                                        |
[2022-10-11 09:56:46,780] [builder.py:2243]           [INFO]     | Top of 1980s Collection | ? | For a Cop's Hide (1981) (TMDb: 118732)                               |
[2022-10-11 09:56:46,811] [builder.py:2243]           [INFO]     | Top of 1980s Collection | ? | Three Men to Destroy (1980) (TMDb: 56497)                            |
[2022-10-11 09:56:46,828] [builder.py:2243]           [INFO]     | Top of 1980s Collection | ? | Ménage (1986) (TMDb: 3934)                                           |
[2022-10-11 09:56:46,855] [builder.py:2243]           [INFO]     | Top of 1980s Collection | ? | La Femme d'à côté (1981) (TMDb: 12579)                               |
[2022-10-11 09:56:46,865] [builder.py:2243]           [INFO]     | Top of 1980s Collection | ? | Scout Toujours (1985) (TMDb: 50211)                                  |
[2022-10-11 09:56:46,896] [builder.py:2243]           [INFO]     | Top of 1980s Collection | ? | Baxter (1989) (TMDb: 52794)                                          |
[2022-10-11 09:56:46,911] [builder.py:2243]           [INFO]     | Top of 1980s Collection | ? | Deux heures moins le quart avant Jésus-Christ (1982) (TMDb: 49398)   |
[2022-10-11 09:56:46,913] [builder.py:2243]           [INFO]     | Top of 1980s Collection | ? | Inspecteur Lavardin (1986) (TMDb: 63322)                             |
[2022-10-11 09:56:46,927] [builder.py:2243]           [INFO]     | Top of 1980s Collection | ? | L'Amour braque (1985) (TMDb: 98927)                                  |
[2022-10-11 09:56:46,944] [builder.py:2243]           [INFO]     | Top of 1980s Collection | ? | Choice of Arms (1981) (TMDb: 42145)                                  |
[2022-10-11 09:56:46,961] [builder.py:2243]           [INFO]     | Top of 1980s Collection | ? | Un homme et une femme, 20 ans déjà (1986) (TMDb: 76350)              |
[2022-10-11 09:56:46,980] [builder.py:2243]           [INFO]     | Top of 1980s Collection | ? | The Inquisitor (1981) (TMDb: 5062)                                   |
[2022-10-11 09:56:46,994] [builder.py:2243]           [INFO]     | Top of 1980s Collection | ? | Monsieur Hire (1989) (TMDb: 38695)                                   |
[2022-10-11 09:56:47,028] [builder.py:2243]           [INFO]     | Top of 1980s Collection | ? | La Vengeance du serpent à plumes (1984) (TMDb: 77673)                |
[2022-10-11 09:56:47,047] [builder.py:2243]           [INFO]     | Top of 1980s Collection | ? | The Empire Strikes Back (1980) (TMDb: 1891)                          |
[2022-10-11 09:56:47,062] [builder.py:2243]           [INFO]     | Top of 1980s Collection | ? | The Shining (1980) (TMDb: 694)                                       |
[2022-10-11 09:56:47,078] [builder.py:2243]           [INFO]     | Top of 1980s Collection | ? | Raging Bull (1980) (TMDb: 1578)                                      |
[2022-10-11 09:56:47,096] [builder.py:2243]           [INFO]     | Top of 1980s Collection | ? | The Elephant Man (1980) (TMDb: 1955)                                 |
[2022-10-11 09:56:47,113] [builder.py:2243]           [INFO]     | Top of 1980s Collection | ? | Airplane! (1980) (TMDb: 813)                                         |
[2022-10-11 09:56:47,130] [builder.py:2243]           [INFO]     | Top of 1980s Collection | ? | The Blues Brothers (1980) (TMDb: 525)                                |
[2022-10-11 09:56:47,153] [builder.py:2243]           [INFO]     | Top of 1980s Collection | ? | Caddyshack (1980) (TMDb: 11977)                                      |
[2022-10-11 09:56:47,171] [builder.py:2243]           [INFO]     | Top of 1980s Collection | ? | Ordinary People (1980) (TMDb: 16619)                                 |
[2022-10-11 09:56:47,197] [builder.py:2243]           [INFO]     | Top of 1980s Collection | ? | Superman II (1980) (TMDb: 8536)                                      |
[2022-10-11 09:56:47,213] [builder.py:2243]           [INFO]     | Top of 1980s Collection | ? | The Gods Must Be Crazy (1980) (TMDb: 8393)                           |
[2022-10-11 09:56:47,231] [builder.py:2243]           [INFO]     | Top of 1980s Collection | ? | Kagemusha (1980) (TMDb: 11953)                                       |
[2022-10-11 09:56:47,272] [builder.py:2243]           [INFO]     | Top of 1980s Collection | ? | Friday the 13th (1980) (TMDb: 4488)                                  |
[2022-10-11 09:56:47,289] [builder.py:2243]           [INFO]     | Top of 1980s Collection | ? | The Fog (1980) (TMDb: 790)                                           |
[2022-10-11 09:56:47,330] [builder.py:2243]           [INFO]     | Top of 1980s Collection | ? | Who's Singin' Over There? (1980) (TMDb: 17909)                       |
[2022-10-11 09:56:47,347] [builder.py:2243]           [INFO]     | Top of 1980s Collection | ? | The Changeling (1980) (TMDb: 13550)                                  |
[2022-10-11 09:56:47,389] [builder.py:2243]           [INFO]     | Top of 1980s Collection | ? | Dressed to Kill (1980) (TMDb: 11033)                                 |
[2022-10-11 09:56:47,406] [builder.py:2243]           [INFO]     | Top of 1980s Collection | ? | Somewhere in Time (1980) (TMDb: 16633)                               |
[2022-10-11 09:56:47,448] [builder.py:2243]           [INFO]     | Top of 1980s Collection | ? | Le Lion du désert (1981) (TMDb: 26843)                               |
[2022-10-11 09:56:47,464] [builder.py:2243]           [INFO]     | Top of 1980s Collection | ? | The Long Good Friday (1980) (TMDb: 14807)                            |
[2022-10-11 09:56:47,506] [builder.py:2243]           [INFO]     | Top of 1980s Collection | ? | Stardust Memories (1980) (TMDb: 11337)                               |
[2022-10-11 09:56:47,530] [builder.py:2243]           [INFO]     | Top of 1980s Collection | ? | Altered States (1980) (TMDb: 11542)                                  |
[2022-10-11 09:56:47,571] [builder.py:2243]           [INFO]     | Top of 1980s Collection | ? | Flash Gordon (1980) (TMDb: 3604)                                     |
[2022-10-11 09:56:47,573] [builder.py:2243]           [INFO]     | Top of 1980s Collection | ? | Coal Miner's Daughter (1980) (TMDb: 16769)                           |
[2022-10-11 09:56:47,598] [builder.py:2243]           [INFO]     | Top of 1980s Collection | ? | Breaker Morant (1980) (TMDb: 13783)                                  |
[2022-10-11 09:56:47,638] [builder.py:2243]           [INFO]     | Top of 1980s Collection | ? | Moscow Does Not Believe in Tears (1980) (TMDb: 21028)                |
[2022-10-11 09:56:47,656] [builder.py:2243]           [INFO]     | Top of 1980s Collection | ? | The Big Red One (1980) (TMDb: 16121)                                 |
[2022-10-11 09:56:47,688] [builder.py:2243]           [INFO]     | Top of 1980s Collection | ? | Nine to Five (1980) (TMDb: 19494)                                    |
[2022-10-11 09:56:47,746] [builder.py:2243]           [INFO]     | Top of 1980s Collection | ? | Atlantic City (1980) (TMDb: 23954)                                   |
[2022-10-11 09:56:47,764] [builder.py:2243]           [INFO]     | Top of 1980s Collection | ? | Stir Crazy (1980) (TMDb: 21629)                                      |
[2022-10-11 09:56:47,805] [builder.py:2243]           [INFO]     | Top of 1980s Collection | ? | Brubaker (1980) (TMDb: 1623)                                         |
[2022-10-11 09:56:47,815] [builder.py:2243]           [INFO]     | Top of 1980s Collection | ? | Zübük (1980) (TMDb: 157737)                                          |
[2022-10-11 09:56:47,831] [builder.py:2243]           [INFO]     | Top of 1980s Collection | ? | The Final Countdown (1980) (TMDb: 8738)                              |
[2022-10-11 09:56:47,855] [builder.py:2243]           [INFO]     | Top of 1980s Collection | ? | Shogun Assassin (1980) (TMDb: 15119)                                 |
[2022-10-11 09:56:47,865] [builder.py:2243]           [INFO]     | Top of 1980s Collection | ? | Inferno (1980) (TMDb: 16395)                                         |
[2022-10-11 09:56:47,881] [builder.py:2243]           [INFO]     | Top of 1980s Collection | ? | Fame (1980) (TMDb: 3537)                                             |
[2022-10-11 09:56:47,912] [builder.py:2243]           [INFO]     | Top of 1980s Collection | ? | The Taming of the Scoundrel (1980) (TMDb: 10986)                     |
[2022-10-11 09:56:47,962] [builder.py:2243]           [INFO]     | Top of 1980s Collection | ? | Used Cars (1980) (TMDb: 14475)                                       |
[2022-10-11 09:56:47,987] [builder.py:2243]           [INFO]     | Top of 1980s Collection | ? | The Long Riders (1980) (TMDb: 14729)                                 |
[2022-10-11 09:56:48,037] [builder.py:2243]           [INFO]     | Top of 1980s Collection | ? | Heaven's Gate (1980) (TMDb: 10935)                                   |
[2022-10-11 09:56:48,062] [builder.py:2243]           [INFO]     | Top of 1980s Collection | ? | The Stunt Man (1980) (TMDb: 42160)                                   |
[2022-10-11 09:56:48,112] [builder.py:2243]           [INFO]     | Top of 1980s Collection | ? | Banker Bilo (1980) (TMDb: 184979)                                    |
[2022-10-11 09:56:48,130] [builder.py:2243]           [INFO]     | Top of 1980s Collection | ? | My Bodyguard (1980) (TMDb: 21873)                                    |
[2022-10-11 09:56:48,161] [builder.py:2243]           [INFO]     | Top of 1980s Collection | ? | Gloria (1980) (TMDb: 10889)                                          |
[2022-10-11 09:56:48,220] [builder.py:2243]           [INFO]     | Top of 1980s Collection | ? | The Charter Trip (1980) (TMDb: 16026)                                |
[2022-10-11 09:56:48,246] [builder.py:2243]           [INFO]     | Top of 1980s Collection | ? | Gregory's Girl (1981) (TMDb: 21764)                                  |
[2022-10-11 09:56:48,272] [builder.py:2243]           [INFO]     | Top of 1980s Collection | ? | Where the Buffalo Roam (1980) (TMDb: 13005)                          |
[2022-10-11 09:56:48,320] [builder.py:2243]           [INFO]     | Top of 1980s Collection | ? | Hopscotch (1980) (TMDb: 32030)                                       |
[2022-10-11 09:56:48,346] [builder.py:2243]           [INFO]     | Top of 1980s Collection | ? | Cheech & Chong's Next Movie (1980) (TMDb: 13612)                     |
[2022-10-11 09:56:48,395] [builder.py:2243]           [INFO]     | Top of 1980s Collection | ? | Little Darlings (1980) (TMDb: 27458)                                 |
[2022-10-11 09:56:48,421] [builder.py:2243]           [INFO]     | Top of 1980s Collection | ? | The Great Rock 'n' Roll Swindle (1980) (TMDb: 16149)                 |
[2022-10-11 09:56:48,447] [builder.py:2243]           [INFO]     | Top of 1980s Collection | ? | The Ninth Configuration (1980) (TMDb: 18910)                         |
[2022-10-11 09:56:48,495] [builder.py:2243]           [INFO]     | Top of 1980s Collection | ? | Popeye (1980) (TMDb: 11335)                                          |
[2022-10-11 09:56:48,521] [builder.py:2243]           [INFO]     | Top of 1980s Collection | ? | Private Benjamin (1980) (TMDb: 10765)                                |
[2022-10-11 09:56:48,570] [builder.py:2243]           [INFO]     | Top of 1980s Collection | ? | Up the Academy (1980) (TMDb: 33670)                                  |
[2022-10-11 09:56:48,596] [builder.py:2243]           [INFO]     | Top of 1980s Collection | ? | Motel Hell (1980) (TMDb: 30924)                                      |
[2022-10-11 09:56:48,622] [builder.py:2243]           [INFO]     | Top of 1980s Collection | ? | The Hollywood Knights (1980) (TMDb: 21879)                           |
[2022-10-11 09:56:48,678] [builder.py:2243]           [INFO]     | Top of 1980s Collection | ? | Mr. Patman (1981) (TMDb: 372835)                                     |
[2022-10-11 09:56:48,678] [builder.py:2248]           [INFO]     |                                                                                                    |
[2022-10-11 09:56:48,678] [builder.py:2249]           [INFO]     | 157 Movies Missing                                                                                 |
[2022-10-11 09:56:49,146] [plex_meta_manager.py:624]  [INFO]     |                                                                                                    |
[2022-10-11 09:56:49,146] [plex_meta_manager.py:625]  [INFO]     | Collection Minimum: 2 not met for Top of 1980s Collection                                          |
[2022-10-11 09:56:49,146] [plex_meta_manager.py:708]  [INFO]     |                                                                                                    |
[2022-10-11 09:56:49,146] [plex_meta_manager.py:709]  [INFO]     |====================================================================================================|
[2022-10-11 09:56:49,146] [plex_meta_manager.py:709]  [INFO]     |                                  Finished Top of 1980s Collection                                  |
[2022-10-11 09:56:49,146] [plex_meta_manager.py:709]  [INFO]     |                                    Collection Run Time: 0:00:21                                    |
[2022-10-11 09:56:49,147] [plex_meta_manager.py:709]  [INFO]     |====================================================================================================|
