[2022-10-11 09:53:51,807] [builder.py:197]            [INFO]     |====================================================================================================|
[2022-10-11 09:53:51,807] [builder.py:197]            [INFO]     |                          Top All Time Collection in Z. 5 - Film Animation                          |
[2022-10-11 09:53:51,807] [builder.py:197]            [INFO]     |====================================================================================================|
[2022-10-11 09:53:51,807] [builder.py:198]            [INFO]     |                                                                                                    |
[2022-10-11 09:53:51,807] [builder.py:203]            [INFO]     |================================ Building Definition From Templates ================================|
[2022-10-11 09:53:51,807] [builder.py:211]            [DEBUG]    |                                                                                                    |
[2022-10-11 09:53:51,808] [meta.py:128]               [DEBUG]    | Template Chart                                                                                     |
[2022-10-11 09:53:51,808] [meta.py:129]               [DEBUG]    | Call: ordereddict([('name', 'Chart'), ('num', 4)])                                                 |
[2022-10-11 09:53:51,808] [meta.py:304]               [DEBUG]    |                                                                                                    |
[2022-10-11 09:53:51,808] [meta.py:305]               [DEBUG]    | Variables: ordereddict([('name', 'Chart'), ('num', 4), ('collection_name', 'Top All Time'), ('mapping_name', 'Top All Time'), ('library_type', 'movie'), ('library_name', 'Z. 5 - Film Animation'), ('name_encoded', 'Chart'), ('num_encoded', '4'), ('collection_name_encoded', 'Top%20All%20Time'), ('mapping_name_encoded', 'Top%20All%20Time'), ('library_type_encoded', 'movie'), ('library_name_encoded', 'Z.%205%20-%20Film%20Animation'), ('collection_sort', 'Top All Time')]) |
[2022-10-11 09:53:51,808] [meta.py:306]               [DEBUG]    |                                                                                                    |
[2022-10-11 09:53:51,808] [meta.py:307]               [DEBUG]    | Defaults: {}                                                                                       |
[2022-10-11 09:53:51,808] [meta.py:308]               [DEBUG]    |                                                                                                    |
[2022-10-11 09:53:51,809] [meta.py:309]               [DEBUG]    | Optional: []                                                                                       |
[2022-10-11 09:53:51,809] [meta.py:370]               [DEBUG]    |                                                                                                    |
[2022-10-11 09:53:51,809] [meta.py:371]               [DEBUG]    | Final Template Attributes: {'sort_title': '+1_4Top All Time', 'sync_mode': 'sync'}                 |
[2022-10-11 09:53:51,809] [meta.py:372]               [DEBUG]    |                                                                                                    |
[2022-10-11 09:53:51,809] [builder.py:219]            [INFO]     |================================ Validating Top All Time Attributes ================================|
[2022-10-11 09:53:51,810] [builder.py:488]            [DEBUG]    |                                                                                                    |
[2022-10-11 09:53:51,810] [builder.py:489]            [DEBUG]    | Validating Method: sync_mode                                                                       |
[2022-10-11 09:53:51,810] [builder.py:493]            [DEBUG]    | Value: sync                                                                                        |
[2022-10-11 09:53:51,810] [builder.py:538]            [DEBUG]    |                                                                                                    |
[2022-10-11 09:53:51,810] [builder.py:539]            [DEBUG]    | Validating Method: smart_label                                                                     |
[2022-10-11 09:53:51,810] [builder.py:544]            [DEBUG]    | Value: audience_rating.desc                                                                        |
[2022-10-11 09:53:51,826] [builder.py:627]            [DEBUG]    |                                                                                                    |
[2022-10-11 09:53:51,826] [builder.py:631]            [DEBUG]    | Validating Method: url_poster                                                                      |
[2022-10-11 09:53:51,826] [builder.py:632]            [DEBUG]    | Value: https://raw.githubusercontent.com/MonsieurZed/poster/main/img/TOP_ALL_TIME.png              |
[2022-10-11 09:53:52,034] [builder.py:627]            [DEBUG]    |                                                                                                    |
[2022-10-11 09:53:52,035] [builder.py:631]            [DEBUG]    | Validating Method: imdb_list                                                                       |
[2022-10-11 09:53:52,035] [builder.py:632]            [DEBUG]    | Value: https://www.imdb.com/search/title/?groups=top_250&count=250/                                |
[2022-10-11 09:53:52,797] [builder.py:627]            [DEBUG]    |                                                                                                    |
[2022-10-11 09:53:52,799] [builder.py:631]            [DEBUG]    | Validating Method: tmdb_top_rated                                                                  |
[2022-10-11 09:53:52,799] [builder.py:632]            [DEBUG]    | Value: 100                                                                                         |
[2022-10-11 09:53:52,799] [builder.py:627]            [DEBUG]    |                                                                                                    |
[2022-10-11 09:53:52,799] [builder.py:631]            [DEBUG]    | Validating Method: summary                                                                         |
[2022-10-11 09:53:52,799] [builder.py:632]            [DEBUG]    | Value: Top Rated Movies across the internet                                                        |
[2022-10-11 09:53:52,799] [builder.py:627]            [DEBUG]    |                                                                                                    |
[2022-10-11 09:53:52,800] [builder.py:631]            [DEBUG]    | Validating Method: sort_title                                                                      |
[2022-10-11 09:53:52,800] [builder.py:632]            [DEBUG]    | Value: +1_4Top All Time                                                                            |
[2022-10-11 09:53:52,805] [plex.py:790]               [DEBUG]    |                                                                                                    |
[2022-10-11 09:53:52,805] [plex.py:793]               [DEBUG]    | Looking for: Top All Time                                                                          |
[2022-10-11 09:53:52,805] [builder.py:797]            [INFO]     |                                                                                                    |
[2022-10-11 09:53:52,805] [builder.py:798]            [INFO]     | Validation Successful                                                                              |
[2022-10-11 09:53:52,806] [plex_meta_manager.py:561]  [INFO]     |                                                                                                    |
[2022-10-11 09:53:52,806] [plex_meta_manager.py:563]  [INFO]     |================================= Running Top All Time Collection ==================================|
[2022-10-11 09:53:52,806] [plex_meta_manager.py:569]  [INFO]     |                                                                                                    |
[2022-10-11 09:53:52,806] [plex_meta_manager.py:570]  [INFO]     | Smart Movie Label                                                                                  |
                                                                 | Sort By: audience_rating.desc
                                                                 | Filter:
                                                                 |   Match all of the following:
                                                                 |     Label is Top All Time
[2022-10-11 09:53:52,807] [plex_meta_manager.py:575]  [INFO]     | 
[2022-10-11 09:53:52,807] [plex_meta_manager.py:576]  [INFO]     | Sync Mode: sync
[2022-10-11 09:53:52,808] [plex_meta_manager.py:579]  [DEBUG]    | 
[2022-10-11 09:53:52,808] [plex_meta_manager.py:580]  [DEBUG]    | Builder: imdb_list: {'url': 'https://www.imdb.com/search/title/?groups=top_250&count=250/', 'limit': 0}
[2022-10-11 09:53:52,808] [plex_meta_manager.py:581]  [INFO]     | 
[2022-10-11 09:53:52,808] [imdb.py:184]               [INFO]     | Processing IMDb List: https://www.imdb.com/search/title/?groups=top_250&count=250/
[2022-10-11 09:53:57,672] [imdb.py:135]               [DEBUG]    | 250 IMDb IDs Found: ['tt1745960', 'tt6710474', 'tt0120737', 'tt0068646', 'tt0111161', 'tt10872600', 'tt0169547', 'tt1392214', 'tt0167260', 'tt0993846', 'tt0816692', 'tt0468569', 'tt0110912', 'tt0137523', 'tt0102926', 'tt0081505', 'tt0167261', 'tt4154796', 'tt1375666', 'tt2582802', 'tt0070047', 'tt6751668', 'tt0109830', 'tt4016934', 'tt0114369', 'tt7286456', 'tt1130884', 'tt0078748', 'tt0172495', 'tt0361748', 'tt0099685', 'tt0088763', 'tt1950186', 'tt3315342', 'tt0110413', 'tt0107290', 'tt0180093', 'tt0084787', 'tt0108052', 'tt0076759', 'tt0073486', 'tt4154756', 'tt2267998', 'tt0482571', 'tt1853728', 'tt0113277', 'tt0075314', 'tt0066921', 'tt0092005', 'tt0054215', 'tt0087843', 'tt0133093', 'tt0407887', 'tt0071562', 'tt0090605', 'tt0086250', 'tt0061512', 'tt0167404', 'tt0053291', 'tt0338013', 'tt0477348', 'tt0120689', 'tt1392190', 'tt0078788', 'tt0119217', 'tt0325980', 'tt1345836', 'tt0118715', 'tt0083658', 'tt8579674', 'tt4633694', 'tt0050083', 'tt0017136', 'tt2278388', 'tt6966692', 'tt0364569', 'tt0208092', 'tt0457430', 'tt2119532', 'tt0266697', 'tt0110357', 'tt0073195', 'tt0120815', 'tt1454029', 'tt1201607', 'tt0120586', 'tt0245429', 'tt0114814', 'tt0209144', 'tt0088247', 'tt0112573', 'tt0264464', 'tt2106476', 'tt0103064', 'tt2380307', 'tt0060196', 'tt0105236', 'tt0372784', 'tt0434409', 'tt0082971', 'tt0062622', 'tt0112641', 'tt8503618', 'tt0120382', 'tt0317248', 'tt0469494', 'tt0093058', 'tt10272386', 'tt0097165', 'tt0095016', 'tt0032138', 'tt0382932', 'tt0268978', 'tt3170832', 'tt5027774', 'tt0118799', 'tt1291584', 'tt0253474', 'tt0114709', 'tt0057012', 'tt0117951', 'tt1675434', 'tt2096673', 'tt1255953', 'tt0091251', 'tt0758758', 'tt1187043', 'tt1895587', 'tt0116282', 'tt0353969', 'tt0080684', 'tt5311514', 'tt0347149', 'tt0198781', 'tt2024544', 'tt0086190', 'tt0034583', 'tt0075148', 'tt0059742', 'tt0317705', 'tt0086879', 'tt0120735', 'tt0266543', 'tt0047296', 'tt0363163', 'tt0211915', 'tt0910970', 'tt0105695', 'tt0119488', 'tt0112471', 'tt1049413', 'tt0405094', 'tt0405159', 'tt0091763', 'tt8267604', 'tt0047396', 'tt0038650', 'tt0052357', 'tt0070735', 'tt0031381', 'tt0064116', 'tt0107048', 'tt0071853', 'tt0056592', 'tt0095327', 'tt1979320', 'tt0103639', 'tt0077416', 'tt0033467', 'tt0892769', 'tt0435761', 'tt0071315', 'tt0072684', 'tt1205489', 'tt0097576', 'tt3011894', 'tt0056172', 'tt0129167', 'tt0047478', 'tt0053125', 'tt0119698', 'tt0095765', 'tt0082096', 'tt0045152', 'tt0081398', 'tt0096283', 'tt1305806', 'tt0079470', 'tt0050212', 'tt0080678', 'tt0057115', 'tt0113247', 'tt0035446', 'tt1028532', 'tt0083987', 'tt0381681', 'tt0043014', 'tt0052618', 'tt0042192', 'tt0107207', 'tt1832382', 'tt0074958', 'tt0060827', 'tt0022100', 'tt0059578', 'tt0245712', 'tt0089881', 'tt0050976', 'tt0053604', 'tt15097216', 'tt0056058', 'tt0032976', 'tt0051201', 'tt4729430', 'tt0050825', 'tt0036775', 'tt0395169', 'tt0986264', 'tt0041959', 'tt0046912', 'tt5074352', 'tt0032553', 'tt0042876', 'tt0036868', 'tt0978762', 'tt0055031', 'tt0025316', 'tt0027977', 'tt0044741', 'tt0053198', 'tt0021749', 'tt0040897', 'tt0032551', 'tt0040522', 'tt0017925', 'tt0057565', 'tt0055630', 'tt0118849', 'tt0050986', 'tt0019254', 'tt0031679', 'tt0046268', 'tt0046438', 'tt0058946', 'tt0071411', 'tt0012349', 'tt0048473', 'tt0015864', 'tt0015324', 'tt0476735']
[2022-10-11 09:53:57,672] [builder.py:1540]           [DEBUG]    | 
[2022-10-11 09:53:57,673] [builder.py:1541]           [DEBUG]    | 250 IDs Found: [('tt1745960', 'imdb'), ('tt6710474', 'imdb'), ('tt0120737', 'imdb'), ('tt0068646', 'imdb'), ('tt0111161', 'imdb'), ('tt10872600', 'imdb'), ('tt0169547', 'imdb'), ('tt1392214', 'imdb'), ('tt0167260', 'imdb'), ('tt0993846', 'imdb'), ('tt0816692', 'imdb'), ('tt0468569', 'imdb'), ('tt0110912', 'imdb'), ('tt0137523', 'imdb'), ('tt0102926', 'imdb'), ('tt0081505', 'imdb'), ('tt0167261', 'imdb'), ('tt4154796', 'imdb'), ('tt1375666', 'imdb'), ('tt2582802', 'imdb'), ('tt0070047', 'imdb'), ('tt6751668', 'imdb'), ('tt0109830', 'imdb'), ('tt4016934', 'imdb'), ('tt0114369', 'imdb'), ('tt7286456', 'imdb'), ('tt1130884', 'imdb'), ('tt0078748', 'imdb'), ('tt0172495', 'imdb'), ('tt0361748', 'imdb'), ('tt0099685', 'imdb'), ('tt0088763', 'imdb'), ('tt1950186', 'imdb'), ('tt3315342', 'imdb'), ('tt0110413', 'imdb'), ('tt0107290', 'imdb'), ('tt0180093', 'imdb'), ('tt0084787', 'imdb'), ('tt0108052', 'imdb'), ('tt0076759', 'imdb'), ('tt0073486', 'imdb'), ('tt4154756', 'imdb'), ('tt2267998', 'imdb'), ('tt0482571', 'imdb'), ('tt1853728', 'imdb'), ('tt0113277', 'imdb'), ('tt0075314', 'imdb'), ('tt0066921', 'imdb'), ('tt0092005', 'imdb'), ('tt0054215', 'imdb'), ('tt0087843', 'imdb'), ('tt0133093', 'imdb'), ('tt0407887', 'imdb'), ('tt0071562', 'imdb'), ('tt0090605', 'imdb'), ('tt0086250', 'imdb'), ('tt0061512', 'imdb'), ('tt0167404', 'imdb'), ('tt0053291', 'imdb'), ('tt0338013', 'imdb'), ('tt0477348', 'imdb'), ('tt0120689', 'imdb'), ('tt1392190', 'imdb'), ('tt0078788', 'imdb'), ('tt0119217', 'imdb'), ('tt0325980', 'imdb'), ('tt1345836', 'imdb'), ('tt0118715', 'imdb'), ('tt0083658', 'imdb'), ('tt8579674', 'imdb'), ('tt4633694', 'imdb'), ('tt0050083', 'imdb'), ('tt0017136', 'imdb'), ('tt2278388', 'imdb'), ('tt6966692', 'imdb'), ('tt0364569', 'imdb'), ('tt0208092', 'imdb'), ('tt0457430', 'imdb'), ('tt2119532', 'imdb'), ('tt0266697', 'imdb'), ('tt0110357', 'imdb'), ('tt0073195', 'imdb'), ('tt0120815', 'imdb'), ('tt1454029', 'imdb'), ('tt1201607', 'imdb'), ('tt0120586', 'imdb'), ('tt0245429', 'imdb'), ('tt0114814', 'imdb'), ('tt0209144', 'imdb'), ('tt0088247', 'imdb'), ('tt0112573', 'imdb'), ('tt0264464', 'imdb'), ('tt2106476', 'imdb'), ('tt0103064', 'imdb'), ('tt2380307', 'imdb'), ('tt0060196', 'imdb'), ('tt0105236', 'imdb'), ('tt0372784', 'imdb'), ('tt0434409', 'imdb'), ('tt0082971', 'imdb'), ('tt0062622', 'imdb'), ('tt0112641', 'imdb'), ('tt8503618', 'imdb'), ('tt0120382', 'imdb'), ('tt0317248', 'imdb'), ('tt0469494', 'imdb'), ('tt0093058', 'imdb'), ('tt10272386', 'imdb'), ('tt0097165', 'imdb'), ('tt0095016', 'imdb'), ('tt0032138', 'imdb'), ('tt0382932', 'imdb'), ('tt0268978', 'imdb'), ('tt3170832', 'imdb'), ('tt5027774', 'imdb'), ('tt0118799', 'imdb'), ('tt1291584', 'imdb'), ('tt0253474', 'imdb'), ('tt0114709', 'imdb'), ('tt0057012', 'imdb'), ('tt0117951', 'imdb'), ('tt1675434', 'imdb'), ('tt2096673', 'imdb'), ('tt1255953', 'imdb'), ('tt0091251', 'imdb'), ('tt0758758', 'imdb'), ('tt1187043', 'imdb'), ('tt1895587', 'imdb'), ('tt0116282', 'imdb'), ('tt0353969', 'imdb'), ('tt0080684', 'imdb'), ('tt5311514', 'imdb'), ('tt0347149', 'imdb'), ('tt0198781', 'imdb'), ('tt2024544', 'imdb'), ('tt0086190', 'imdb'), ('tt0034583', 'imdb'), ('tt0075148', 'imdb'), ('tt0059742', 'imdb'), ('tt0317705', 'imdb'), ('tt0086879', 'imdb'), ('tt0120735', 'imdb'), ('tt0266543', 'imdb'), ('tt0047296', 'imdb'), ('tt0363163', 'imdb'), ('tt0211915', 'imdb'), ('tt0910970', 'imdb'), ('tt0105695', 'imdb'), ('tt0119488', 'imdb'), ('tt0112471', 'imdb'), ('tt1049413', 'imdb'), ('tt0405094', 'imdb'), ('tt0405159', 'imdb'), ('tt0091763', 'imdb'), ('tt8267604', 'imdb'), ('tt0047396', 'imdb'), ('tt0038650', 'imdb'), ('tt0052357', 'imdb'), ('tt0070735', 'imdb'), ('tt0031381', 'imdb'), ('tt0064116', 'imdb'), ('tt0107048', 'imdb'), ('tt0071853', 'imdb'), ('tt0056592', 'imdb'), ('tt0095327', 'imdb'), ('tt1979320', 'imdb'), ('tt0103639', 'imdb'), ('tt0077416', 'imdb'), ('tt0033467', 'imdb'), ('tt0892769', 'imdb'), ('tt0435761', 'imdb'), ('tt0071315', 'imdb'), ('tt0072684', 'imdb'), ('tt1205489', 'imdb'), ('tt0097576', 'imdb'), ('tt3011894', 'imdb'), ('tt0056172', 'imdb'), ('tt0129167', 'imdb'), ('tt0047478', 'imdb'), ('tt0053125', 'imdb'), ('tt0119698', 'imdb'), ('tt0095765', 'imdb'), ('tt0082096', 'imdb'), ('tt0045152', 'imdb'), ('tt0081398', 'imdb'), ('tt0096283', 'imdb'), ('tt1305806', 'imdb'), ('tt0079470', 'imdb'), ('tt0050212', 'imdb'), ('tt0080678', 'imdb'), ('tt0057115', 'imdb'), ('tt0113247', 'imdb'), ('tt0035446', 'imdb'), ('tt1028532', 'imdb'), ('tt0083987', 'imdb'), ('tt0381681', 'imdb'), ('tt0043014', 'imdb'), ('tt0052618', 'imdb'), ('tt0042192', 'imdb'), ('tt0107207', 'imdb'), ('tt1832382', 'imdb'), ('tt0074958', 'imdb'), ('tt0060827', 'imdb'), ('tt0022100', 'imdb'), ('tt0059578', 'imdb'), ('tt0245712', 'imdb'), ('tt0089881', 'imdb'), ('tt0050976', 'imdb'), ('tt0053604', 'imdb'), ('tt15097216', 'imdb'), ('tt0056058', 'imdb'), ('tt0032976', 'imdb'), ('tt0051201', 'imdb'), ('tt4729430', 'imdb'), ('tt0050825', 'imdb'), ('tt0036775', 'imdb'), ('tt0395169', 'imdb'), ('tt0986264', 'imdb'), ('tt0041959', 'imdb'), ('tt0046912', 'imdb'), ('tt5074352', 'imdb'), ('tt0032553', 'imdb'), ('tt0042876', 'imdb'), ('tt0036868', 'imdb'), ('tt0978762', 'imdb'), ('tt0055031', 'imdb'), ('tt0025316', 'imdb'), ('tt0027977', 'imdb'), ('tt0044741', 'imdb'), ('tt0053198', 'imdb'), ('tt0021749', 'imdb'), ('tt0040897', 'imdb'), ('tt0032551', 'imdb'), ('tt0040522', 'imdb'), ('tt0017925', 'imdb'), ('tt0057565', 'imdb'), ('tt0055630', 'imdb'), ('tt0118849', 'imdb'), ('tt0050986', 'imdb'), ('tt0019254', 'imdb'), ('tt0031679', 'imdb'), ('tt0046268', 'imdb'), ('tt0046438', 'imdb'), ('tt0058946', 'imdb'), ('tt0071411', 'imdb'), ('tt0012349', 'imdb'), ('tt0048473', 'imdb'), ('tt0015864', 'imdb'), ('tt0015324', 'imdb'), ('tt0476735', 'imdb')]
[2022-10-11 09:53:57,673] [builder.py:1542]           [DEBUG]    | 
[2022-10-11 09:53:57,832] [plex_meta_manager.py:579]  [DEBUG]    | 
[2022-10-11 09:53:57,834] [plex_meta_manager.py:580]  [DEBUG]    | Builder: tmdb_top_rated: 100
[2022-10-11 09:53:57,836] [plex_meta_manager.py:581]  [INFO]     | 
[2022-10-11 09:53:57,929] [tmdb.py:344]               [INFO]     | Processing TMDb Top Rated: 100 Movies
[2022-10-11 09:53:57,930] [builder.py:1540]           [DEBUG]    | 
[2022-10-11 09:53:57,930] [builder.py:1541]           [DEBUG]    | 100 IDs Found: [(238, 'tmdb'), (278, 'tmdb'), (240, 'tmdb'), (424, 'tmdb'), (19404, 'tmdb'), (129, 'tmdb'), (667257, 'tmdb'), (372058, 'tmdb'), (389, 'tmdb'), (496243, 'tmdb'), (724089, 'tmdb'), (372754, 'tmdb'), (497, 'tmdb'), (696374, 'tmdb'), (553512, 'tmdb'), (730154, 'tmdb'), (155, 'tmdb'), (680, 'tmdb'), (429, 'tmdb'), (122, 'tmdb'), (13, 'tmdb'), (761053, 'tmdb'), (769, 'tmdb'), (11216, 'tmdb'), (346, 'tmdb'), (637, 'tmdb'), (14537, 'tmdb'), (12477, 'tmdb'), (539, 'tmdb'), (311, 'tmdb'), (40096, 'tmdb'), (550, 'tmdb'), (704264, 'tmdb'), (510, 'tmdb'), (652837, 'tmdb'), (255709, 'tmdb'), (92321, 'tmdb'), (598, 'tmdb'), (324857, 'tmdb'), (378064, 'tmdb'), (4935, 'tmdb'), (18491, 'tmdb'), (1891, 'tmdb'), (568300, 'tmdb'), (120, 'tmdb'), (599, 'tmdb'), (423, 'tmdb'), (20334, 'tmdb'), (283566, 'tmdb'), (157336, 'tmdb'), (3782, 'tmdb'), (795607, 'tmdb'), (244786, 'tmdb'), (441130, 'tmdb'), (121, 'tmdb'), (73, 'tmdb'), (567, 'tmdb'), (361743, 'tmdb'), (27205, 'tmdb'), (533514, 'tmdb'), (807, 'tmdb'), (914, 'tmdb'), (901, 'tmdb'), (128, 'tmdb'), (644479, 'tmdb'), (632632, 'tmdb'), (274, 'tmdb'), (762975, 'tmdb'), (12493, 'tmdb'), (630566, 'tmdb'), (810693, 'tmdb'), (635302, 'tmdb'), (207, 'tmdb'), (25237, 'tmdb'), (101, 'tmdb'), (3082, 'tmdb'), (527641, 'tmdb'), (335, 'tmdb'), (105, 'tmdb'), (556574, 'tmdb'), (447362, 'tmdb'), (975, 'tmdb'), (618344, 'tmdb'), (15804, 'tmdb'), (16672, 'tmdb'), (28, 'tmdb'), (29259, 'tmdb'), (10494, 'tmdb'), (572154, 'tmdb'), (10376, 'tmdb'), (537061, 'tmdb'), (299534, 'tmdb'), (265177, 'tmdb'), (18148, 'tmdb'), (637920, 'tmdb'), (670, 'tmdb'), (522924, 'tmdb'), (42269, 'tmdb'), (77338, 'tmdb'), (1585, 'tmdb')]
[2022-10-11 09:53:57,930] [builder.py:1542]           [DEBUG]    | 
[2022-10-11 09:53:57,932] [builder.py:2064]           [INFO]     | 
[2022-10-11 09:53:57,932] [builder.py:2065]           [INFO]     |================================ Adding to Top All Time Collection =================================|
[2022-10-11 09:53:57,932] [builder.py:2066]           [INFO]     |                                                                                                    |
[2022-10-11 09:53:57,946] [builder.py:2080]           [INFO]     |  1/26 | Top All Time Collection | + | Spider-Man : New Generation (2018)                           |
[2022-10-11 09:53:57,965] [builder.py:2080]           [INFO]     |  2/26 | Top All Time Collection | + | Le Roi lion (1994)                                           |
[2022-10-11 09:53:58,419] [builder.py:2080]           [INFO]     |  3/26 | Top All Time Collection | + | Le Voyage de Chihiro (2001)                                  |
[2022-10-11 09:53:58,955] [builder.py:2080]           [INFO]     |  4/26 | Top All Time Collection | + | Ratatouille (2007)                                           |
[2022-10-11 09:53:59,396] [builder.py:2080]           [INFO]     |  5/26 | Top All Time Collection | + | Toy Story (1995)                                             |
[2022-10-11 09:53:59,932] [builder.py:2080]           [INFO]     |  6/26 | Top All Time Collection | + | Vice-versa (2015)                                            |
[2022-10-11 09:54:00,735] [builder.py:2080]           [INFO]     |  7/26 | Top All Time Collection | + | Your Name. (2016)                                            |
[2022-10-11 09:54:01,417] [builder.py:2080]           [INFO]     |  8/26 | Top All Time Collection | + | Le Château ambulant (2004)                                   |
[2022-10-11 09:54:01,980] [builder.py:2080]           [INFO]     |  9/26 | Top All Time Collection | + | Monstres & Cie (2001)                                        |
[2022-10-11 09:54:02,847] [builder.py:2080]           [INFO]     | 10/26 | Top All Time Collection | + | Les Indestructibles (2004)                                   |
[2022-10-11 09:54:03,324] [builder.py:2080]           [INFO]     | 11/26 | Top All Time Collection | + | Le Monde de Nemo (2003)                                      |
[2022-10-11 09:54:03,876] [builder.py:2080]           [INFO]     | 12/26 | Top All Time Collection | + | WALL·E (2008)                                                |
[2022-10-11 09:54:04,457] [builder.py:2080]           [INFO]     | 13/26 | Top All Time Collection | + | Là-haut (2009)                                               |
[2022-10-11 09:54:04,990] [builder.py:2080]           [INFO]     | 14/26 | Top All Time Collection | + | Le Tombeau des Lucioles (1988)                               |
[2022-10-11 09:54:05,510] [builder.py:2080]           [INFO]     | 15/26 | Top All Time Collection | + | Aladdin (1992)                                               |
[2022-10-11 09:54:05,975] [builder.py:2080]           [INFO]     | 16/26 | Top All Time Collection | + | Dragons (2010)                                               |
[2022-10-11 09:54:05,993] [builder.py:2080]           [INFO]     | 17/26 | Top All Time Collection | + | Toy Story 3 (2010)                                           |
[2022-10-11 09:54:06,495] [builder.py:2080]           [INFO]     | 18/26 | Top All Time Collection | + | Princesse Mononoké (1997)                                    |
[2022-10-11 09:54:06,963] [builder.py:2080]           [INFO]     | 19/26 | Top All Time Collection | + | Mon voisin Totoro (1988)                                     |
[2022-10-11 09:54:07,465] [builder.py:2080]           [INFO]     | 20/26 | Top All Time Collection | + | Neon Genesis Evangelion : The End of Evangelion (1997)       |
[2022-10-11 09:54:08,060] [builder.py:2080]           [INFO]     | 21/26 | Top All Time Collection | + | Evangelion : 3.0+1.0 Thrice Upon a Time (2021)               |
[2022-10-11 09:54:08,641] [builder.py:2080]           [INFO]     | 22/26 | Top All Time Collection | + | Le peuple loup (2020)                                        |
[2022-10-11 09:54:09,235] [builder.py:2080]           [INFO]     | 23/26 | Top All Time Collection | + | Jujutsu Kaisen 0 (2021)                                      |
[2022-10-11 09:54:09,253] [builder.py:2080]           [INFO]     | 24/26 | Top All Time Collection | + | Demon Slayer : Kimetsu no Yaiba - Le film : Le train de l'Infini (2020) |
[2022-10-11 09:54:10,072] [builder.py:2080]           [INFO]     | 25/26 | Top All Time Collection | + | Justice League Dark: Apokolips War (2020)                    |
[2022-10-11 09:54:11,084] [builder.py:2080]           [INFO]     | 26/26 | Top All Time Collection | + | Perfect Blue (1998)                                          |
[2022-10-11 09:54:11,734] [builder.py:2100]           [INFO]     |                                                                                                    |
[2022-10-11 09:54:11,753] [builder.py:2102]           [INFO]     | 26 Movies Processed 26 Movies Added                                                                |
[2022-10-11 09:54:11,753] [builder.py:2228]           [INFO]     |                                                                                                    |
[2022-10-11 09:54:11,753] [builder.py:2229]           [INFO]     |======================== Missing Movies from Library: Z. 5 - Film Animation ========================|
[2022-10-11 09:54:11,753] [builder.py:2230]           [INFO]     |                                                                                                    |
[2022-10-11 09:54:11,828] [builder.py:2243]           [INFO]     | Top All Time Collection | ? | Top Gun: Maverick (2022) (TMDb: 361743)                              |
[2022-10-11 09:54:11,857] [builder.py:2243]           [INFO]     | Top All Time Collection | ? | Everything Everywhere All at Once (2022) (TMDb: 545611)              |
[2022-10-11 09:54:11,880] [builder.py:2243]           [INFO]     | Top All Time Collection | ? | The Lord of the Rings: The Fellowship of the Ring (2001) (TMDb: 120) |
[2022-10-11 09:54:11,908] [builder.py:2243]           [INFO]     | Top All Time Collection | ? | The Godfather (1972) (TMDb: 238)                                     |
[2022-10-11 09:54:11,947] [builder.py:2243]           [INFO]     | Top All Time Collection | ? | The Shawshank Redemption (1994) (TMDb: 278)                          |
[2022-10-11 09:54:11,958] [builder.py:2243]           [INFO]     | Top All Time Collection | ? | Spider-Man: No Way Home (2021) (TMDb: 634649)                        |
[2022-10-11 09:54:12,013] [builder.py:2243]           [INFO]     | Top All Time Collection | ? | American Beauty (1999) (TMDb: 14)                                    |
[2022-10-11 09:54:12,095] [builder.py:2243]           [INFO]     | Top All Time Collection | ? | Prisoners (2013) (TMDb: 146233)                                      |
[2022-10-11 09:54:12,188] [builder.py:2243]           [INFO]     | Top All Time Collection | ? | The Lord of the Rings: The Return of the King (2003) (TMDb: 122)     |
[2022-10-11 09:54:12,230] [builder.py:2243]           [INFO]     | Top All Time Collection | ? | The Wolf of Wall Street (2013) (TMDb: 106646)                        |
[2022-10-11 09:54:12,247] [builder.py:2243]           [INFO]     | Top All Time Collection | ? | Interstellar (2014) (TMDb: 157336)                                   |
[2022-10-11 09:54:12,305] [builder.py:2243]           [INFO]     | Top All Time Collection | ? | The Dark Knight (2008) (TMDb: 155)                                   |
[2022-10-11 09:54:12,320] [builder.py:2243]           [INFO]     | Top All Time Collection | ? | Pulp Fiction (1994) (TMDb: 680)                                      |
[2022-10-11 09:54:12,346] [builder.py:2243]           [INFO]     | Top All Time Collection | ? | Fight Club (1999) (TMDb: 550)                                        |
[2022-10-11 09:54:12,485] [builder.py:2243]           [INFO]     | Top All Time Collection | ? | The Silence of the Lambs (1991) (TMDb: 274)                          |
[2022-10-11 09:54:12,536] [builder.py:2243]           [INFO]     | Top All Time Collection | ? | The Shining (1980) (TMDb: 694)                                       |
[2022-10-11 09:54:12,555] [builder.py:2243]           [INFO]     | Top All Time Collection | ? | The Lord of the Rings: The Two Towers (2002) (TMDb: 121)             |
[2022-10-11 09:54:12,569] [builder.py:2243]           [INFO]     | Top All Time Collection | ? | Avengers: Endgame (2019) (TMDb: 299534)                              |
[2022-10-11 09:54:12,608] [builder.py:2243]           [INFO]     | Top All Time Collection | ? | Inception (2010) (TMDb: 27205)                                       |
[2022-10-11 09:54:12,630] [builder.py:2243]           [INFO]     | Top All Time Collection | ? | Whiplash (2014) (TMDb: 244786)                                       |
[2022-10-11 09:54:12,647] [builder.py:2243]           [INFO]     | Top All Time Collection | ? | The Exorcist (1973) (TMDb: 9552)                                     |
[2022-10-11 09:54:12,662] [builder.py:2243]           [INFO]     | Top All Time Collection | ? | Parasite (2019) (TMDb: 496243)                                       |
[2022-10-11 09:54:12,680] [builder.py:2243]           [INFO]     | Top All Time Collection | ? | Forrest Gump (1994) (TMDb: 13)                                       |
[2022-10-11 09:54:12,713] [builder.py:2243]           [INFO]     | Top All Time Collection | ? | The Handmaiden (2016) (TMDb: 290098)                                 |
[2022-10-11 09:54:12,743] [builder.py:2243]           [INFO]     | Top All Time Collection | ? | Se7en (1995) (TMDb: 807)                                             |
[2022-10-11 09:54:12,753] [builder.py:2243]           [INFO]     | Top All Time Collection | ? | Joker (2019) (TMDb: 475557)                                          |
[2022-10-11 09:54:12,795] [builder.py:2243]           [INFO]     | Top All Time Collection | ? | Shutter Island (2010) (TMDb: 11324)                                  |
[2022-10-11 09:54:12,823] [builder.py:2243]           [INFO]     | Top All Time Collection | ? | Alien (1979) (TMDb: 348)                                             |
[2022-10-11 09:54:12,898] [builder.py:2243]           [INFO]     | Top All Time Collection | ? | Gladiator (2000) (TMDb: 98)                                          |
[2022-10-11 09:54:13,072] [builder.py:2243]           [INFO]     | Top All Time Collection | ? | Inglourious Basterds (2009) (TMDb: 16869)                            |
[2022-10-11 09:54:13,089] [builder.py:2243]           [INFO]     | Top All Time Collection | ? | GoodFellas (1990) (TMDb: 769)                                        |
[2022-10-11 09:54:13,386] [builder.py:2243]           [INFO]     | Top All Time Collection | ? | Back to the Future (1985) (TMDb: 105)                                |
[2022-10-11 09:54:13,428] [builder.py:2243]           [INFO]     | Top All Time Collection | ? | Ford v Ferrari (2019) (TMDb: 359724)                                 |
[2022-10-11 09:54:13,445] [builder.py:2243]           [INFO]     | Top All Time Collection | ? | Logan (2017) (TMDb: 263115)                                          |
[2022-10-11 09:54:13,478] [builder.py:2243]           [INFO]     | Top All Time Collection | ? | Léon: The Professional (1994) (TMDb: 101)                            |
[2022-10-11 09:54:13,495] [builder.py:2243]           [INFO]     | Top All Time Collection | ? | Jurassic Park (1993) (TMDb: 329)                                     |
[2022-10-11 09:54:13,522] [builder.py:2243]           [INFO]     | Top All Time Collection | ? | Requiem for a Dream (2000) (TMDb: 641)                               |
[2022-10-11 09:54:13,555] [builder.py:2243]           [INFO]     | Top All Time Collection | ? | The Thing (1982) (TMDb: 1091)                                        |
[2022-10-11 09:54:13,566] [builder.py:2243]           [INFO]     | Top All Time Collection | ? | Schindler's List (1993) (TMDb: 424)                                  |
[2022-10-11 09:54:13,605] [builder.py:2243]           [INFO]     | Top All Time Collection | ? | Star Wars (1977) (TMDb: 11)                                          |
[2022-10-11 09:54:13,617] [builder.py:2243]           [INFO]     | Top All Time Collection | ? | One Flew Over the Cuckoo's Nest (1975) (TMDb: 510)                   |
[2022-10-11 09:54:13,663] [builder.py:2243]           [INFO]     | Top All Time Collection | ? | Avengers: Infinity War (2018) (TMDb: 299536)                         |
[2022-10-11 09:54:13,693] [builder.py:2243]           [INFO]     | Top All Time Collection | ? | Gone Girl (2014) (TMDb: 210577)                                      |
[2022-10-11 09:54:13,722] [builder.py:2243]           [INFO]     | Top All Time Collection | ? | The Prestige (2006) (TMDb: 1124)                                     |
[2022-10-11 09:54:13,755] [builder.py:2243]           [INFO]     | Top All Time Collection | ? | Django Unchained (2012) (TMDb: 68718)                                |
[2022-10-11 09:54:13,765] [builder.py:2243]           [INFO]     | Top All Time Collection | ? | Heat (1995) (TMDb: 949)                                              |
[2022-10-11 09:54:13,796] [builder.py:2243]           [INFO]     | Top All Time Collection | ? | Taxi Driver (1976) (TMDb: 103)                                       |
[2022-10-11 09:54:13,808] [builder.py:2243]           [INFO]     | Top All Time Collection | ? | A Clockwork Orange (1971) (TMDb: 185)                                |
[2022-10-11 09:54:13,821] [builder.py:2243]           [INFO]     | Top All Time Collection | ? | Stand by Me (1986) (TMDb: 235)                                       |
[2022-10-11 09:54:13,837] [builder.py:2243]           [INFO]     | Top All Time Collection | ? | Psycho (1960) (TMDb: 539)                                            |
[2022-10-11 09:54:13,855] [builder.py:2243]           [INFO]     | Top All Time Collection | ? | Once Upon a Time in America (1984) (TMDb: 311)                       |
[2022-10-11 09:54:13,870] [builder.py:2243]           [INFO]     | Top All Time Collection | ? | The Matrix (1999) (TMDb: 603)                                        |
[2022-10-11 09:54:13,904] [builder.py:2243]           [INFO]     | Top All Time Collection | ? | The Departed (2006) (TMDb: 1422)                                     |
[2022-10-11 09:54:13,921] [builder.py:2243]           [INFO]     | Top All Time Collection | ? | Le Parrain, 2e partie (1974) (TMDb: 240)                             |
[2022-10-11 09:54:13,923] [builder.py:2243]           [INFO]     | Top All Time Collection | ? | Aliens (1986) (TMDb: 679)                                            |
[2022-10-11 09:54:13,954] [builder.py:2243]           [INFO]     | Top All Time Collection | ? | Scarface (1983) (TMDb: 111)                                          |
[2022-10-11 09:54:13,971] [builder.py:2243]           [INFO]     | Top All Time Collection | ? | Cool Hand Luke (1967) (TMDb: 903)                                    |
[2022-10-11 09:54:13,988] [builder.py:2243]           [INFO]     | Top All Time Collection | ? | The Sixth Sense (1999) (TMDb: 745)                                   |
[2022-10-11 09:54:14,005] [builder.py:2243]           [INFO]     | Top All Time Collection | ? | Some Like It Hot (1959) (TMDb: 239)                                  |
[2022-10-11 09:54:14,029] [builder.py:2243]           [INFO]     | Top All Time Collection | ? | Eternal Sunshine of the Spotless Mind (2004) (TMDb: 38)              |
[2022-10-11 09:54:14,074] [builder.py:2243]           [INFO]     | Top All Time Collection | ? | No Country for Old Men (2007) (TMDb: 6977)                           |
[2022-10-11 09:54:14,099] [builder.py:2243]           [INFO]     | Top All Time Collection | ? | The Green Mile (1999) (TMDb: 497)                                    |
[2022-10-11 09:54:14,132] [builder.py:2243]           [INFO]     | Top All Time Collection | ? | Mad Max: Fury Road (2015) (TMDb: 76341)                              |
[2022-10-11 09:54:14,134] [builder.py:2243]           [INFO]     | Top All Time Collection | ? | Apocalypse Now (1979) (TMDb: 28)                                     |
[2022-10-11 09:54:14,166] [builder.py:2243]           [INFO]     | Top All Time Collection | ? | Good Will Hunting (1997) (TMDb: 489)                                 |
[2022-10-11 09:54:14,191] [builder.py:2243]           [INFO]     | Top All Time Collection | ? | Pirates of the Caribbean: The Curse of the Black Pearl (2003) (TMDb: 22) |
[2022-10-11 09:54:14,216] [builder.py:2243]           [INFO]     | Top All Time Collection | ? | The Dark Knight Rises (2012) (TMDb: 49026)                           |
[2022-10-11 09:54:14,241] [builder.py:2243]           [INFO]     | Top All Time Collection | ? | The Big Lebowski (1998) (TMDb: 115)                                  |
[2022-10-11 09:54:14,283] [builder.py:2243]           [INFO]     | Top All Time Collection | ? | Blade Runner (1982) (TMDb: 78)                                       |
[2022-10-11 09:54:14,308] [builder.py:2243]           [INFO]     | Top All Time Collection | ? | 1917 (2019) (TMDb: 530915)                                           |
[2022-10-11 09:54:14,366] [builder.py:2243]           [INFO]     | Top All Time Collection | ? | 12 Angry Men (1957) (TMDb: 389)                                      |
[2022-10-11 09:54:14,408] [builder.py:2243]           [INFO]     | Top All Time Collection | ? | Metropolis (1927) (TMDb: 19)                                         |
[2022-10-11 09:54:14,450] [builder.py:2243]           [INFO]     | Top All Time Collection | ? | The Grand Budapest Hotel (2014) (TMDb: 120467)                       |
[2022-10-11 09:54:14,483] [builder.py:2243]           [INFO]     | Top All Time Collection | ? | Green Book (2018) (TMDb: 490132)                                     |
[2022-10-11 09:54:14,533] [builder.py:2243]           [INFO]     | Top All Time Collection | ? | Oldboy (2003) (TMDb: 670)                                            |
[2022-10-11 09:54:14,558] [builder.py:2243]           [INFO]     | Top All Time Collection | ? | Snatch (2000) (TMDb: 107)                                            |
[2022-10-11 09:54:14,616] [builder.py:2243]           [INFO]     | Top All Time Collection | ? | Pan's Labyrinth (2006) (TMDb: 1417)                                  |
[2022-10-11 09:54:14,650] [builder.py:2243]           [INFO]     | Top All Time Collection | ? | Hacksaw Ridge (2016) (TMDb: 324786)                                  |
[2022-10-11 09:54:14,691] [builder.py:2243]           [INFO]     | Top All Time Collection | ? | Kill Bill: Vol. 1 (2003) (TMDb: 24)                                  |
[2022-10-11 09:54:14,717] [builder.py:2243]           [INFO]     | Top All Time Collection | ? | Jaws (1975) (TMDb: 578)                                              |
[2022-10-11 09:54:14,750] [builder.py:2243]           [INFO]     | Top All Time Collection | ? | Saving Private Ryan (1998) (TMDb: 857)                               |
[2022-10-11 09:54:14,784] [builder.py:2243]           [INFO]     | Top All Time Collection | ? | The Help (2011) (TMDb: 50014)                                        |
[2022-10-11 09:54:14,809] [builder.py:2243]           [INFO]     | Top All Time Collection | ? | Harry Potter and the Deathly Hallows: Part 2 (2011) (TMDb: 12445)    |
[2022-10-11 09:54:14,859] [builder.py:2243]           [INFO]     | Top All Time Collection | ? | American History X (1998) (TMDb: 73)                                 |
[2022-10-11 09:54:14,892] [builder.py:2243]           [INFO]     | Top All Time Collection | ? | The Usual Suspects (1995) (TMDb: 629)                                |
[2022-10-11 09:54:14,917] [builder.py:2243]           [INFO]     | Top All Time Collection | ? | Memento (2000) (TMDb: 77)                                            |
[2022-10-11 09:54:14,942] [builder.py:2243]           [INFO]     | Top All Time Collection | ? | The Terminator (1984) (TMDb: 218)                                    |
[2022-10-11 09:54:14,967] [builder.py:2243]           [INFO]     | Top All Time Collection | ? | Braveheart (1995) (TMDb: 197)                                        |
[2022-10-11 09:54:14,992] [builder.py:2243]           [INFO]     | Top All Time Collection | ? | Arrête-moi si tu peux (2002) (TMDb: 640)                             |
[2022-10-11 09:54:15,042] [builder.py:2243]           [INFO]     | Top All Time Collection | ? | The Hunt (2012) (TMDb: 103663)                                       |
[2022-10-11 09:54:15,084] [builder.py:2243]           [INFO]     | Top All Time Collection | ? | Terminator 2: Judgment Day (1991) (TMDb: 280)                        |
[2022-10-11 09:54:15,113] [builder.py:2243]           [INFO]     | Top All Time Collection | ? | Coco (2017) (TMDb: 354912)                                           |
[2022-10-11 09:54:15,159] [builder.py:2243]           [INFO]     | Top All Time Collection | ? | The Good, the Bad and the Ugly (1966) (TMDb: 429)                    |
[2022-10-11 09:54:15,192] [builder.py:2243]           [INFO]     | Top All Time Collection | ? | Reservoir Dogs (1992) (TMDb: 500)                                    |
[2022-10-11 09:54:15,218] [builder.py:2243]           [INFO]     | Top All Time Collection | ? | Batman Begins (2005) (TMDb: 272)                                     |
[2022-10-11 09:54:15,242] [builder.py:2243]           [INFO]     | Top All Time Collection | ? | V for Vendetta (2006) (TMDb: 752)                                    |
[2022-10-11 09:54:15,292] [builder.py:2243]           [INFO]     | Top All Time Collection | ? | Raiders of the Lost Ark (1981) (TMDb: 85)                            |
[2022-10-11 09:54:15,330] [builder.py:2243]           [INFO]     | Top All Time Collection | ? | 2001: A Space Odyssey (1968) (TMDb: 62)                              |
[2022-10-11 09:54:15,359] [builder.py:2243]           [INFO]     | Top All Time Collection | ? | Casino (1995) (TMDb: 524)                                            |
[2022-10-11 09:54:15,401] [builder.py:2243]           [INFO]     | Top All Time Collection | ? | Hamilton (2020) (TMDb: 556574)                                       |
[2022-10-11 09:54:15,434] [builder.py:2243]           [INFO]     | Top All Time Collection | ? | The Truman Show (1998) (TMDb: 37165)                                 |
[2022-10-11 09:54:15,460] [builder.py:2243]           [INFO]     | Top All Time Collection | ? | City of God (2002) (TMDb: 598)                                       |
[2022-10-11 09:54:15,484] [builder.py:2243]           [INFO]     | Top All Time Collection | ? | There Will Be Blood (2007) (TMDb: 7345)                              |
[2022-10-11 09:54:15,522] [builder.py:2243]           [INFO]     | Top All Time Collection | ? | Full Metal Jacket (1987) (TMDb: 600)                                 |
[2022-10-11 09:54:15,538] [builder.py:2243]           [INFO]     | Top All Time Collection | ? | The Father (2020) (TMDb: 600354)                                     |
[2022-10-11 09:54:15,605] [builder.py:2243]           [INFO]     | Top All Time Collection | ? | Dead Poets Society (1989) (TMDb: 207)                                |
[2022-10-11 09:54:15,640] [builder.py:2243]           [INFO]     | Top All Time Collection | ? | Die Hard (1988) (TMDb: 562)                                          |
[2022-10-11 09:54:15,663] [builder.py:2243]           [INFO]     | Top All Time Collection | ? | The Wizard of Oz (1939) (TMDb: 630)                                  |
[2022-10-11 09:54:15,696] [builder.py:2243]           [INFO]     | Top All Time Collection | ? | A Beautiful Mind (2001) (TMDb: 453)                                  |
[2022-10-11 09:54:15,714] [builder.py:2243]           [INFO]     | Top All Time Collection | ? | Room (2015) (TMDb: 264644)                                           |
[2022-10-11 09:54:15,763] [builder.py:2243]           [INFO]     | Top All Time Collection | ? | Three Billboards Outside Ebbing, Missouri (2017) (TMDb: 359940)      |
[2022-10-11 09:54:15,789] [builder.py:2243]           [INFO]     | Top All Time Collection | ? | Life Is Beautiful (1997) (TMDb: 637)                                 |
[2022-10-11 09:54:15,813] [builder.py:2243]           [INFO]     | Top All Time Collection | ? | Warrior (2011) (TMDb: 59440)                                         |
[2022-10-11 09:54:15,839] [builder.py:2243]           [INFO]     | Top All Time Collection | ? | The Pianist (2002) (TMDb: 423)                                       |
[2022-10-11 09:54:15,863] [builder.py:2243]           [INFO]     | Top All Time Collection | ? | Dr. Strangelove or: How I Learned to Stop Worrying and Love the Bomb (1964) (TMDb: 935) |
[2022-10-11 09:54:15,898] [builder.py:2243]           [INFO]     | Top All Time Collection | ? | Trainspotting (1996) (TMDb: 627)                                     |
[2022-10-11 09:54:15,915] [builder.py:2243]           [INFO]     | Top All Time Collection | ? | The Intouchables (2011) (TMDb: 77338)                                |
[2022-10-11 09:54:15,956] [builder.py:2243]           [INFO]     | Top All Time Collection | ? | Incendies (2010) (TMDb: 46738)                                       |
[2022-10-11 09:54:15,973] [builder.py:2243]           [INFO]     | Top All Time Collection | ? | Come and See (1985) (TMDb: 25237)                                    |
[2022-10-11 09:54:16,023] [builder.py:2243]           [INFO]     | Top All Time Collection | ? | Into the Wild (2007) (TMDb: 5915)                                    |
[2022-10-11 09:54:16,041] [builder.py:2243]           [INFO]     | Top All Time Collection | ? | 3 Idiots (2009) (TMDb: 20453)                                        |
[2022-10-11 09:54:16,073] [builder.py:2243]           [INFO]     | Top All Time Collection | ? | Spotlight (2015) (TMDb: 314365)                                      |
[2022-10-11 09:54:16,097] [builder.py:2243]           [INFO]     | Top All Time Collection | ? | Fargo (1996) (TMDb: 275)                                             |
[2022-10-11 09:54:16,131] [builder.py:2243]           [INFO]     | Top All Time Collection | ? | Memories of Murder (2003) (TMDb: 11423)                              |
[2022-10-11 09:54:16,148] [builder.py:2243]           [INFO]     | Top All Time Collection | ? | The Empire Strikes Back (1980) (TMDb: 1891)                          |
[2022-10-11 09:54:16,182] [builder.py:2243]           [INFO]     | Top All Time Collection | ? | 12 Years a Slave (2013) (TMDb: 76203)                                |
[2022-10-11 09:54:16,198] [builder.py:2243]           [INFO]     | Top All Time Collection | ? | Return of the Jedi (1983) (TMDb: 1892)                               |
[2022-10-11 09:54:16,222] [builder.py:2243]           [INFO]     | Top All Time Collection | ? | Casablanca (1942) (TMDb: 289)                                        |
[2022-10-11 09:54:16,248] [builder.py:2243]           [INFO]     | Top All Time Collection | ? | Rocky (1976) (TMDb: 1366)                                            |
[2022-10-11 09:54:16,280] [builder.py:2243]           [INFO]     | Top All Time Collection | ? | The Sound of Music (1965) (TMDb: 15121)                              |
[2022-10-11 09:54:16,307] [builder.py:2243]           [INFO]     | Top All Time Collection | ? | Amadeus (1984) (TMDb: 279)                                           |
[2022-10-11 09:54:16,323] [builder.py:2243]           [INFO]     | Top All Time Collection | ? | Lock, Stock and Two Smoking Barrels (1998) (TMDb: 100)               |
[2022-10-11 09:54:16,355] [builder.py:2243]           [INFO]     | Top All Time Collection | ? | On the Waterfront (1954) (TMDb: 654)                                 |
[2022-10-11 09:54:16,374] [builder.py:2243]           [INFO]     | Top All Time Collection | ? | Downfall (2004) (TMDb: 613)                                          |
[2022-10-11 09:54:16,390] [builder.py:2243]           [INFO]     | Top All Time Collection | ? | Amélie (2001) (TMDb: 194)                                            |
[2022-10-11 09:54:16,422] [builder.py:2243]           [INFO]     | Top All Time Collection | ? | Unforgiven (1992) (TMDb: 33)                                         |
[2022-10-11 09:54:16,455] [builder.py:2243]           [INFO]     | Top All Time Collection | ? | L.A. Confidential (1997) (TMDb: 2118)                                |
[2022-10-11 09:54:16,465] [builder.py:2243]           [INFO]     | Top All Time Collection | ? | Before Sunrise (1995) (TMDb: 76)                                     |
[2022-10-11 09:54:16,496] [builder.py:2243]           [INFO]     | Top All Time Collection | ? | The Lives of Others (2006) (TMDb: 582)                               |
[2022-10-11 09:54:16,516] [builder.py:2243]           [INFO]     | Top All Time Collection | ? | Million Dollar Baby (2004) (TMDb: 70)                                |
[2022-10-11 09:54:16,591] [builder.py:2243]           [INFO]     | Top All Time Collection | ? | Platoon (1986) (TMDb: 792)                                           |
[2022-10-11 09:54:16,607] [builder.py:2243]           [INFO]     | Top All Time Collection | ? | Capernaum (2018) (TMDb: 517814)                                      |
[2022-10-11 09:54:16,650] [builder.py:2243]           [INFO]     | Top All Time Collection | ? | Rear Window (1954) (TMDb: 567)                                       |
[2022-10-11 09:54:16,666] [builder.py:2243]           [INFO]     | Top All Time Collection | ? | It's a Wonderful Life (1946) (TMDb: 1585)                            |
[2022-10-11 09:54:16,697] [builder.py:2243]           [INFO]     | Top All Time Collection | ? | Vertigo (1958) (TMDb: 426)                                           |
[2022-10-11 09:54:16,730] [builder.py:2243]           [INFO]     | Top All Time Collection | ? | The Sting (1973) (TMDb: 9277)                                        |
[2022-10-11 09:54:16,750] [builder.py:2243]           [INFO]     | Top All Time Collection | ? | Gone with the Wind (1939) (TMDb: 770)                                |
[2022-10-11 09:54:16,752] [builder.py:2243]           [INFO]     | Top All Time Collection | ? | Once Upon a Time in the West (1968) (TMDb: 335)                      |
[2022-10-11 09:54:16,788] [builder.py:2243]           [INFO]     | Top All Time Collection | ? | Groundhog Day (1993) (TMDb: 137)                                     |
[2022-10-11 09:54:16,808] [builder.py:2243]           [INFO]     | Top All Time Collection | ? | Monty Python and the Holy Grail (1975) (TMDb: 762)                   |
[2022-10-11 09:54:16,838] [builder.py:2243]           [INFO]     | Top All Time Collection | ? | To Kill a Mockingbird (1962) (TMDb: 595)                             |
[2022-10-11 09:54:16,871] [builder.py:2243]           [INFO]     | Top All Time Collection | ? | Rush (2013) (TMDb: 96721)                                            |
[2022-10-11 09:54:16,882] [builder.py:2243]           [INFO]     | Top All Time Collection | ? | The Deer Hunter (1978) (TMDb: 11778)                                 |
[2022-10-11 09:54:16,897] [builder.py:2243]           [INFO]     | Top All Time Collection | ? | Citizen Kane (1941) (TMDb: 15)                                       |
[2022-10-11 09:54:16,913] [builder.py:2243]           [INFO]     | Top All Time Collection | ? | Chinatown (1974) (TMDb: 829)                                         |
[2022-10-11 09:54:16,938] [builder.py:2243]           [INFO]     | Top All Time Collection | ? | Barry Lyndon (1975) (TMDb: 3175)                                     |
[2022-10-11 09:54:16,980] [builder.py:2243]           [INFO]     | Top All Time Collection | ? | Gran Torino (2008) (TMDb: 13223)                                     |
[2022-10-11 09:54:17,005] [builder.py:2243]           [INFO]     | Top All Time Collection | ? | Indiana Jones and the Last Crusade (1989) (TMDb: 89)                 |
[2022-10-11 09:54:17,038] [builder.py:2243]           [INFO]     | Top All Time Collection | ? | Wild Tales (2014) (TMDb: 265195)                                     |
[2022-10-11 09:54:17,046] [builder.py:2243]           [INFO]     | Top All Time Collection | ? | Lawrence of Arabia (1962) (TMDb: 947)                                |
[2022-10-11 09:54:17,072] [builder.py:2243]           [INFO]     | Top All Time Collection | ? | The Iron Giant (1999) (TMDb: 10386)                                  |
[2022-10-11 09:54:17,084] [builder.py:2243]           [INFO]     | Top All Time Collection | ? | Seven Samurai (1954) (TMDb: 346)                                     |
[2022-10-11 09:54:17,122] [builder.py:2243]           [INFO]     | Top All Time Collection | ? | North by Northwest (1959) (TMDb: 213)                                |
[2022-10-11 09:54:17,133] [builder.py:2243]           [INFO]     | Top All Time Collection | ? | Cinema Paradiso (1988) (TMDb: 11216)                                 |
[2022-10-11 09:54:17,173] [builder.py:2243]           [INFO]     | Top All Time Collection | ? | Das Boot (1981) (TMDb: 387)                                          |
[2022-10-11 09:54:17,191] [builder.py:2243]           [INFO]     | Top All Time Collection | ? | Singin' in the Rain (1952) (TMDb: 872)                               |
[2022-10-11 09:54:17,231] [builder.py:2243]           [INFO]     | Top All Time Collection | ? | Raging Bull (1980) (TMDb: 1578)                                      |
[2022-10-11 09:54:17,249] [builder.py:2243]           [INFO]     | Top All Time Collection | ? | The Secret in Their Eyes (2009) (TMDb: 25376)                        |
[2022-10-11 09:54:17,291] [builder.py:2243]           [INFO]     | Top All Time Collection | ? | Life of Brian (1979) (TMDb: 583)                                     |
[2022-10-11 09:54:17,313] [builder.py:2243]           [INFO]     | Top All Time Collection | ? | The Bridge on the River Kwai (1957) (TMDb: 826)                      |
[2022-10-11 09:54:17,349] [builder.py:2243]           [INFO]     | Top All Time Collection | ? | The Elephant Man (1980) (TMDb: 1955)                                 |
[2022-10-11 09:54:17,365] [builder.py:2243]           [INFO]     | Top All Time Collection | ? | The Great Escape (1963) (TMDb: 5925)                                 |
[2022-10-11 09:54:17,389] [builder.py:2243]           [INFO]     | Top All Time Collection | ? | La Haine (1995) (TMDb: 406)                                          |
[2022-10-11 09:54:17,400] [builder.py:2243]           [INFO]     | Top All Time Collection | ? | To Be or Not to Be (1942) (TMDb: 198)                                |
[2022-10-11 09:54:17,430] [builder.py:2243]           [INFO]     | Top All Time Collection | ? | Hachi: A Dog's Tale (2009) (TMDb: 28178)                             |
[2022-10-11 09:54:17,442] [builder.py:2243]           [INFO]     | Top All Time Collection | ? | Gandhi (1982) (TMDb: 783)                                            |
[2022-10-11 09:54:17,472] [builder.py:2243]           [INFO]     | Top All Time Collection | ? | Before Sunset (2004) (TMDb: 80)                                      |
[2022-10-11 09:54:17,485] [builder.py:2243]           [INFO]     | Top All Time Collection | ? | Sunset Boulevard (1950) (TMDb: 599)                                  |
[2022-10-11 09:54:17,514] [builder.py:2243]           [INFO]     | Top All Time Collection | ? | Ben-Hur (1959) (TMDb: 665)                                           |
[2022-10-11 09:54:17,525] [builder.py:2243]           [INFO]     | Top All Time Collection | ? | All About Eve (1950) (TMDb: 705)                                     |
[2022-10-11 09:54:17,571] [builder.py:2243]           [INFO]     | Top All Time Collection | ? | In the Name of the Father (1993) (TMDb: 7984)                        |
[2022-10-11 09:54:17,582] [builder.py:2243]           [INFO]     | Top All Time Collection | ? | A Separation (2011) (TMDb: 60243)                                    |
[2022-10-11 09:54:17,630] [builder.py:2243]           [INFO]     | Top All Time Collection | ? | Network (1976) (TMDb: 10774)                                         |
[2022-10-11 09:54:17,641] [builder.py:2243]           [INFO]     | Top All Time Collection | ? | Persona (1966) (TMDb: 797)                                           |
[2022-10-11 09:54:17,672] [builder.py:2243]           [INFO]     | Top All Time Collection | ? | M (1931) (TMDb: 832)                                                 |
[2022-10-11 09:54:17,705] [builder.py:2243]           [INFO]     | Top All Time Collection | ? | For a Few Dollars More (1965) (TMDb: 938)                            |
[2022-10-11 09:54:17,716] [builder.py:2243]           [INFO]     | Top All Time Collection | ? | Amores Perros (2000) (TMDb: 55)                                      |
[2022-10-11 09:54:17,755] [builder.py:2243]           [INFO]     | Top All Time Collection | ? | Ran (1985) (TMDb: 11645)                                             |
[2022-10-11 09:54:17,766] [builder.py:2243]           [INFO]     | Top All Time Collection | ? | The Seventh Seal (1957) (TMDb: 490)                                  |
[2022-10-11 09:54:17,789] [builder.py:2243]           [INFO]     | Top All Time Collection | ? | The Apartment (1960) (TMDb: 284)                                     |
[2022-10-11 09:54:17,800] [builder.py:2243]           [INFO]     | Top All Time Collection | ? | Jai Bhim (2021) (TMDb: 855400)                                       |
[2022-10-11 09:54:17,830] [builder.py:2243]           [INFO]     | Top All Time Collection | ? | Harakiri (1962) (TMDb: 14537)                                        |
[2022-10-11 09:54:17,841] [builder.py:2243]           [INFO]     | Top All Time Collection | ? | Rebecca (1940) (TMDb: 223)                                           |
[2022-10-11 09:54:17,858] [builder.py:2243]           [INFO]     | Top All Time Collection | ? | Witness for the Prosecution (1957) (TMDb: 37257)                     |
[2022-10-11 09:54:17,874] [builder.py:2243]           [INFO]     | Top All Time Collection | ? | Klaus (2019) (TMDb: 508965)                                          |
[2022-10-11 09:54:17,889] [builder.py:2243]           [INFO]     | Top All Time Collection | ? | Paths of Glory (1957) (TMDb: 975)                                    |
[2022-10-11 09:54:17,900] [builder.py:2243]           [INFO]     | Top All Time Collection | ? | Double Indemnity (1944) (TMDb: 996)                                  |
[2022-10-11 09:54:17,922] [builder.py:2243]           [INFO]     | Top All Time Collection | ? | Hotel Rwanda (2004) (TMDb: 205)                                      |
[2022-10-11 09:54:17,955] [builder.py:2243]           [INFO]     | Top All Time Collection | ? | Like Stars on Earth (2007) (TMDb: 7508)                              |
[2022-10-11 09:54:17,966] [builder.py:2243]           [INFO]     | Top All Time Collection | ? | The Third Man (1949) (TMDb: 1092)                                    |
[2022-10-11 09:54:17,983] [builder.py:2243]           [INFO]     | Top All Time Collection | ? | Dial M for Murder (1954) (TMDb: 521)                                 |
[2022-10-11 09:54:18,000] [builder.py:2243]           [INFO]     | Top All Time Collection | ? | Dangal (2016) (TMDb: 360814)                                         |
[2022-10-11 09:54:18,016] [builder.py:2243]           [INFO]     | Top All Time Collection | ? | The Great Dictator (1940) (TMDb: 914)                                |
[2022-10-11 09:54:18,033] [builder.py:2243]           [INFO]     | Top All Time Collection | ? | Rashomon (1950) (TMDb: 548)                                          |
[2022-10-11 09:54:18,046] [builder.py:2243]           [INFO]     | Top All Time Collection | ? | The Best Years of Our Lives (1946) (TMDb: 887)                       |
[2022-10-11 09:54:18,058] [builder.py:2243]           [INFO]     | Top All Time Collection | ? | Mary and Max (2009) (TMDb: 24238)                                    |
[2022-10-11 09:54:18,075] [builder.py:2243]           [INFO]     | Top All Time Collection | ? | Judgment at Nuremberg (1961) (TMDb: 821)                             |
[2022-10-11 09:54:18,117] [builder.py:2243]           [INFO]     | Top All Time Collection | ? | It Happened One Night (1934) (TMDb: 3078)                            |
[2022-10-11 09:54:18,134] [builder.py:2243]           [INFO]     | Top All Time Collection | ? | Modern Times (1936) (TMDb: 3082)                                     |
[2022-10-11 09:54:18,175] [builder.py:2243]           [INFO]     | Top All Time Collection | ? | Ikiru (1952) (TMDb: 3782)                                            |
[2022-10-11 09:54:18,191] [builder.py:2243]           [INFO]     | Top All Time Collection | ? | The 400 Blows (1959) (TMDb: 147)                                     |
[2022-10-11 09:54:18,209] [builder.py:2243]           [INFO]     | Top All Time Collection | ? | City Lights (1931) (TMDb: 901)                                       |
[2022-10-11 09:54:18,250] [builder.py:2243]           [INFO]     | Top All Time Collection | ? | Le Trésor de la Sierra Madre (1948) (TMDb: 3090)                     |
[2022-10-11 09:54:18,267] [builder.py:2243]           [INFO]     | Top All Time Collection | ? | The Grapes of Wrath (1940) (TMDb: 596)                               |
[2022-10-11 09:54:18,283] [builder.py:2243]           [INFO]     | Top All Time Collection | ? | Bicycle Thieves (1948) (TMDb: 5156)                                  |
[2022-10-11 09:54:18,317] [builder.py:2243]           [INFO]     | Top All Time Collection | ? | The General (1926) (TMDb: 961)                                       |
[2022-10-11 09:54:18,334] [builder.py:2243]           [INFO]     | Top All Time Collection | ? | High and Low (1963) (TMDb: 12493)                                    |
[2022-10-11 09:54:18,363] [builder.py:2243]           [INFO]     | Top All Time Collection | ? | Yojimbo (1961) (TMDb: 11878)                                         |
[2022-10-11 09:54:18,374] [builder.py:2243]           [INFO]     | Top All Time Collection | ? | Children of Heaven (1997) (TMDb: 21334)                              |
[2022-10-11 09:54:18,405] [builder.py:2243]           [INFO]     | Top All Time Collection | ? | Wild Strawberries (1957) (TMDb: 614)                                 |
[2022-10-11 09:54:18,415] [builder.py:2243]           [INFO]     | Top All Time Collection | ? | The Passion of Joan of Arc (1928) (TMDb: 780)                        |
[2022-10-11 09:54:18,446] [builder.py:2243]           [INFO]     | Top All Time Collection | ? | Mr. Smith Goes to Washington (1939) (TMDb: 3083)                     |
[2022-10-11 09:54:18,457] [builder.py:2243]           [INFO]     | Top All Time Collection | ? | The Wages of Fear (1953) (TMDb: 204)                                 |
[2022-10-11 09:54:18,488] [builder.py:2243]           [INFO]     | Top All Time Collection | ? | Tokyo Story (1953) (TMDb: 18148)                                     |
[2022-10-11 09:54:18,499] [builder.py:2243]           [INFO]     | Top All Time Collection | ? | La Bataille d'Alger (1966) (TMDb: 17295)                             |
[2022-10-11 09:54:18,521] [builder.py:2243]           [INFO]     | Top All Time Collection | ? | Dersu Uzala (1975) (TMDb: 9764)                                      |
[2022-10-11 09:54:18,532] [builder.py:2243]           [INFO]     | Top All Time Collection | ? | The Kid (1921) (TMDb: 10098)                                         |
[2022-10-11 09:54:18,543] [builder.py:2243]           [INFO]     | Top All Time Collection | ? | La Complainte du sentier (1955) (TMDb: 5801)                         |
[2022-10-11 09:54:18,559] [builder.py:2243]           [INFO]     | Top All Time Collection | ? | The Gold Rush (1925) (TMDb: 962)                                     |
[2022-10-11 09:54:18,575] [builder.py:2243]           [INFO]     | Top All Time Collection | ? | Sherlock Jr. (1924) (TMDb: 992)                                      |
[2022-10-11 09:54:18,588] [builder.py:2243]           [INFO]     | Top All Time Collection | ? | Mon père et mon fils (2005) (TMDb: 13393)                            |
[2022-10-11 09:54:18,601] [builder.py:2243]           [INFO]     | Top All Time Collection | ? | Dilwale Dulhania Le Jayenge (1995) (TMDb: 19404)                     |
[2022-10-11 09:54:18,626] [builder.py:2243]           [INFO]     | Top All Time Collection | ? | Impossible Things (2021) (TMDb: 667257)                              |
[2022-10-11 09:54:18,636] [builder.py:2243]           [INFO]     | Top All Time Collection | ? | Gabriel's Inferno: Part II (2020) (TMDb: 724089)                     |
[2022-10-11 09:54:18,652] [builder.py:2243]           [INFO]     | Top All Time Collection | ? | Dou kyu sei – Classmates (2016) (TMDb: 372754)                       |
[2022-10-11 09:54:18,680] [builder.py:2243]           [INFO]     | Top All Time Collection | ? | Gabriel's Inferno (2020) (TMDb: 696374)                              |
[2022-10-11 09:54:18,702] [builder.py:2243]           [INFO]     | Top All Time Collection | ? | Burn the Stage: The Movie (2018) (TMDb: 553512)                      |
[2022-10-11 09:54:18,722] [builder.py:2243]           [INFO]     | Top All Time Collection | ? | Your Eyes Tell (2020) (TMDb: 730154)                                 |
[2022-10-11 09:54:18,744] [builder.py:2243]           [INFO]     | Top All Time Collection | ? | Gabriel's Inferno: Part III (2020) (TMDb: 761053)                    |
[2022-10-11 09:54:18,763] [builder.py:2243]           [INFO]     | Top All Time Collection | ? | A Dog's Will (2000) (TMDb: 40096)                                    |
[2022-10-11 09:54:18,783] [builder.py:2243]           [INFO]     | Top All Time Collection | ? | Primal: Tales of Savagery (2019) (TMDb: 704264)                      |
[2022-10-11 09:54:18,796] [builder.py:2243]           [INFO]     | Top All Time Collection | ? | Josee, the Tiger and the Fish (2020) (TMDb: 652837)                  |
[2022-10-11 09:54:18,836] [builder.py:2243]           [INFO]     | Top All Time Collection | ? | Hope (2013) (TMDb: 255709)                                           |
[2022-10-11 09:54:18,863] [builder.py:2243]           [INFO]     | Top All Time Collection | ? | Hotarubi no Mori e (2011) (TMDb: 92321)                              |
[2022-10-11 09:54:18,888] [builder.py:2243]           [INFO]     | Top All Time Collection | ? | A Silent Voice: The Movie (2016) (TMDb: 378064)                      |
[2022-10-11 09:54:18,913] [builder.py:2243]           [INFO]     | Top All Time Collection | ? | BTS World Tour: Love Yourself in Seoul (2019) (TMDb: 568300)         |
[2022-10-11 09:54:18,939] [builder.py:2243]           [INFO]     | Top All Time Collection | ? | The Shop Around the Corner (1940) (TMDb: 20334)                      |
[2022-10-11 09:54:18,963] [builder.py:2243]           [INFO]     | Top All Time Collection | ? | Green Snake (2021) (TMDb: 795607)                                    |
[2022-10-11 09:54:18,989] [builder.py:2243]           [INFO]     | Top All Time Collection | ? | Violet Evergarden: The Movie (2020) (TMDb: 533514)                   |
[2022-10-11 09:54:19,013] [builder.py:2243]           [INFO]     | Top All Time Collection | ? | Dedicated to my ex (2019) (TMDb: 644479)                             |
[2022-10-11 09:54:19,038] [builder.py:2243]           [INFO]     | Top All Time Collection | ? | Given (2020) (TMDb: 632632)                                          |
[2022-10-11 09:54:19,061] [builder.py:2243]           [INFO]     | Top All Time Collection | ? | Purple Hearts (2022) (TMDb: 762975)                                  |
[2022-10-11 09:54:19,105] [builder.py:2243]           [INFO]     | Top All Time Collection | ? | Clouds (2020) (TMDb: 630566)                                         |
[2022-10-11 09:54:19,119] [builder.py:2243]           [INFO]     | Top All Time Collection | ? | Five Feet Apart (2019) (TMDb: 527641)                                |
[2022-10-11 09:54:19,163] [builder.py:2243]           [INFO]     | Top All Time Collection | ? | Life in a Year (2020) (TMDb: 447362)                                 |
[2022-10-11 09:54:19,178] [builder.py:2243]           [INFO]     | Top All Time Collection | ? | A Brighter Summer Day (1991) (TMDb: 15804)                           |
[2022-10-11 09:54:19,230] [builder.py:2243]           [INFO]     | Top All Time Collection | ? | Woman in the Dunes (1964) (TMDb: 16672)                              |
[2022-10-11 09:54:19,288] [builder.py:2243]           [INFO]     | Top All Time Collection | ? | Le Trou (1960) (TMDb: 29259)                                         |
[2022-10-11 09:54:19,304] [builder.py:2243]           [INFO]     | Top All Time Collection | ? | Rascal Does Not Dream of a Dreaming Girl (2019) (TMDb: 572154)       |
[2022-10-11 09:54:19,355] [builder.py:2243]           [INFO]     | Top All Time Collection | ? | The Legend of 1900 (1998) (TMDb: 10376)                              |
[2022-10-11 09:54:19,380] [builder.py:2243]           [INFO]     | Top All Time Collection | ? | Steven Universe: The Movie (2019) (TMDb: 537061)                     |
[2022-10-11 09:54:19,413] [builder.py:2243]           [INFO]     | Top All Time Collection | ? | Mommy (2014) (TMDb: 265177)                                          |
[2022-10-11 09:54:19,438] [builder.py:2243]           [INFO]     | Top All Time Collection | ? | Miracle in Cell No. 7 (2019) (TMDb: 637920)                          |
[2022-10-11 09:54:19,463] [builder.py:2243]           [INFO]     | Top All Time Collection | ? | The Art of Racing in the Rain (2019) (TMDb: 522924)                  |
[2022-10-11 09:54:19,489] [builder.py:2243]           [INFO]     | Top All Time Collection | ? | We All Loved Each Other So Much (1974) (TMDb: 42269)                 |
[2022-10-11 09:54:19,489] [builder.py:2248]           [INFO]     |                                                                                                    |
[2022-10-11 09:54:19,489] [builder.py:2249]           [INFO]     | 265 Movies Missing                                                                                 |
[2022-10-11 09:54:19,565] [plex.py:711]               [DEBUG]    | Smart Collection Test: ?type=1&sort=audienceRating%3Adesc&label=213767                             |
[2022-10-11 09:54:19,697] [builder.py:2441]           [INFO]     |                                                                                                    |
[2022-10-11 09:54:19,698] [builder.py:2442]           [INFO]     |=========================== Updating Details of Top All Time Collection ============================|
[2022-10-11 09:54:19,698] [builder.py:2443]           [INFO]     |                                                                                                    |
[2022-10-11 09:54:19,970] [builder.py:2509]           [INFO]     | Collection Metadata Edits                                                                          |
                                                                 | Summary (summary) | Top Rated Movies across the internet
                                                                 | Sort Title | +1_4Top All Time
                                                                 | Label | +PMM
[2022-10-11 09:54:20,251] [builder.py:2513]           [INFO]     | Details: have been updated
[2022-10-11 09:54:20,251] [builder.py:2517]           [INFO]     | 
[2022-10-11 09:54:20,252] [builder.py:2580]           [WARNING]  | Asset Warning: Unable to find asset folder: 'Top All Time'
[2022-10-11 09:54:20,252] [util.py:150]               [DEBUG]    | 1 poster found:
[2022-10-11 09:54:20,252] [util.py:152]               [DEBUG]    | Method: url_poster Poster: https://raw.githubusercontent.com/MonsieurZed/poster/main/img/TOP_ALL_TIME.png
[2022-10-11 09:54:20,274] [library.py:170]            [INFO]     | Detail: url_poster updated poster to [URL] https://raw.githubusercontent.com/MonsieurZed/poster/main/img/TOP_ALL_TIME.png
[2022-10-11 09:54:20,470] [plex_meta_manager.py:708]  [INFO]     | 
[2022-10-11 09:54:20,470] [plex_meta_manager.py:709]  [INFO]     |====================================================================================================|
[2022-10-11 09:54:20,471] [plex_meta_manager.py:709]  [INFO]     |                                  Finished Top All Time Collection                                  |
[2022-10-11 09:54:20,471] [plex_meta_manager.py:709]  [INFO]     |                                    Collection Run Time: 0:00:28                                    |
[2022-10-11 09:54:20,471] [plex_meta_manager.py:709]  [INFO]     |====================================================================================================|
