[2022-10-11 11:01:23,874] [builder.py:197]            [INFO]     |====================================================================================================|
[2022-10-11 11:01:23,874] [builder.py:197]            [INFO]     |                                 Mad Max Collection in Z. 1 - Films                                 |
[2022-10-11 11:01:23,874] [builder.py:197]            [INFO]     |====================================================================================================|
[2022-10-11 11:01:23,875] [builder.py:198]            [INFO]     |                                                                                                    |
[2022-10-11 11:01:23,875] [builder.py:203]            [INFO]     |================================ Building Definition From Templates ================================|
[2022-10-11 11:01:23,875] [builder.py:211]            [DEBUG]    |                                                                                                    |
[2022-10-11 11:01:23,875] [meta.py:128]               [DEBUG]    | Template my_template                                                                               |
[2022-10-11 11:01:23,876] [meta.py:129]               [DEBUG]    | Call: {'value': ['8945'], 'tmdb_collection': ['8945'], 'key_name': 'Mad Max', 'key': '8945', 'name': 'my_template'} |
[2022-10-11 11:01:23,876] [meta.py:304]               [DEBUG]    |                                                                                                    |
[2022-10-11 11:01:23,876] [meta.py:305]               [DEBUG]    | Variables: {'value': ['8945'], 'tmdb_collection': ['8945'], 'key_name': 'Mad Max', 'key': '8945', 'name': 'my_template', 'collection_name': 'Mad Max', 'mapping_name': 'Mad Max', 'library_type': 'movie', 'library_name': 'Z. 1 - Films', 'value_encoded': '%5B%278945%27%5D', 'tmdb_collection_encoded': '%5B%278945%27%5D', 'key_name_encoded': 'Mad%20Max', 'key_encoded': '8945', 'name_encoded': 'my_template', 'collection_name_encoded': 'Mad%20Max', 'mapping_name_encoded': 'Mad%20Max', 'library_type_encoded': 'movie', 'library_name_encoded': 'Z.%201%20-%20Films', 'collection_sort': 'Mad Max'} |
[2022-10-11 11:01:23,876] [meta.py:306]               [DEBUG]    |                                                                                                    |
[2022-10-11 11:01:23,877] [meta.py:307]               [DEBUG]    | Defaults: {}                                                                                       |
[2022-10-11 11:01:23,877] [meta.py:308]               [DEBUG]    |                                                                                                    |
[2022-10-11 11:01:23,877] [meta.py:309]               [DEBUG]    | Optional: ['my_collection_poster', 'my_collection_poster_encoded']                                 |
[2022-10-11 11:01:23,878] [meta.py:370]               [DEBUG]    |                                                                                                    |
[2022-10-11 11:01:23,878] [meta.py:371]               [DEBUG]    | Final Template Attributes: {'tmdb_collection_details': ['8945'], 'collection_order': 'release', 'collection_mode': 'hide_items', 'sort_title': '+C1_Mad Max'} |
[2022-10-11 11:01:23,879] [meta.py:372]               [DEBUG]    |                                                                                                    |
[2022-10-11 11:01:23,879] [builder.py:219]            [INFO]     |================================== Validating Mad Max Attributes ===================================|
[2022-10-11 11:01:23,879] [builder.py:609]            [DEBUG]    |                                                                                                    |
[2022-10-11 11:01:23,879] [builder.py:610]            [DEBUG]    | Validating Method: collection_order                                                                |
[2022-10-11 11:01:23,879] [builder.py:611]            [DEBUG]    | Value: release                                                                                     |
[2022-10-11 11:01:23,879] [builder.py:627]            [DEBUG]    |                                                                                                    |
[2022-10-11 11:01:23,880] [builder.py:631]            [DEBUG]    | Validating Method: label                                                                           |
[2022-10-11 11:01:23,880] [builder.py:632]            [DEBUG]    | Value: TMDb Collections                                                                            |
[2022-10-11 11:01:23,880] [builder.py:627]            [DEBUG]    |                                                                                                    |
[2022-10-11 11:01:23,880] [builder.py:631]            [DEBUG]    | Validating Method: tmdb_collection_details                                                         |
[2022-10-11 11:01:23,880] [builder.py:632]            [DEBUG]    | Value: ['8945']                                                                                    |
[2022-10-11 11:01:23,901] [builder.py:627]            [DEBUG]    |                                                                                                    |
[2022-10-11 11:01:23,902] [builder.py:631]            [DEBUG]    | Validating Method: collection_mode                                                                 |
[2022-10-11 11:01:23,902] [builder.py:632]            [DEBUG]    | Value: hide_items                                                                                  |
[2022-10-11 11:01:23,902] [builder.py:627]            [DEBUG]    |                                                                                                    |
[2022-10-11 11:01:23,903] [builder.py:631]            [DEBUG]    | Validating Method: sort_title                                                                      |
[2022-10-11 11:01:23,903] [builder.py:632]            [DEBUG]    | Value: +C1_Mad Max                                                                                 |
[2022-10-11 11:01:24,222] [builder.py:797]            [INFO]     |                                                                                                    |
[2022-10-11 11:01:24,222] [builder.py:798]            [INFO]     | Validation Successful                                                                              |
[2022-10-11 11:01:24,222] [plex_meta_manager.py:561]  [INFO]     |                                                                                                    |
[2022-10-11 11:01:24,223] [plex_meta_manager.py:563]  [INFO]     |==================================== Running Mad Max Collection ====================================|
[2022-10-11 11:01:24,223] [plex_meta_manager.py:575]  [INFO]     |                                                                                                    |
[2022-10-11 11:01:24,223] [plex_meta_manager.py:576]  [INFO]     | Sync Mode: append                                                                                  |
[2022-10-11 11:01:24,223] [plex_meta_manager.py:579]  [DEBUG]    |                                                                                                    |
[2022-10-11 11:01:24,223] [plex_meta_manager.py:580]  [DEBUG]    | Builder: tmdb_collection: 8945                                                                     |
[2022-10-11 11:01:24,223] [plex_meta_manager.py:581]  [INFO]     |                                                                                                    |
[2022-10-11 11:01:24,231] [tmdb.py:382]               [INFO]     | Processing TMDb Collection: (8945) Mad Max - Saga (6 Items)                                        |
[2022-10-11 11:01:24,232] [builder.py:1540]           [DEBUG]    |                                                                                                    |
[2022-10-11 11:01:24,232] [builder.py:1541]           [DEBUG]    | 6 IDs Found: [(8810, 'tmdb'), (9355, 'tmdb'), (9659, 'tmdb'), (76341, 'tmdb'), (340023, 'tmdb'), (786892, 'tmdb')] |
[2022-10-11 11:01:24,232] [builder.py:1542]           [DEBUG]    |                                                                                                    |
[2022-10-11 11:01:24,232] [builder.py:2064]           [INFO]     |                                                                                                    |
[2022-10-11 11:01:24,233] [builder.py:2065]           [INFO]     |=================================== Adding to Mad Max Collection ===================================|
[2022-10-11 11:01:24,233] [builder.py:2066]           [INFO]     |                                                                                                    |
[2022-10-11 11:01:24,233] [builder.py:2080]           [INFO]     | 1/4 | Mad Max Collection | = | Mad Max II :  Le Défi (1981)                                        |
[2022-10-11 11:01:24,233] [builder.py:2080]           [INFO]     | 2/4 | Mad Max Collection | = | Mad Max III :  Au-delà du dôme du tonnerre (1985)                   |
[2022-10-11 11:01:24,234] [builder.py:2080]           [INFO]     | 3/4 | Mad Max Collection | = | Mad Max I (1979)                                                    |
[2022-10-11 11:01:24,234] [builder.py:2080]           [INFO]     | 4/4 | Mad Max Collection | = | Mad Max IV : Fury Road (2015)                                       |
[2022-10-11 11:01:24,234] [builder.py:2100]           [INFO]     |                                                                                                    |
[2022-10-11 11:01:24,234] [builder.py:2102]           [INFO]     | 4 Movies Processed 0 Movies Added                                                                  |
[2022-10-11 11:01:24,235] [builder.py:2228]           [INFO]     |                                                                                                    |
[2022-10-11 11:01:24,235] [builder.py:2229]           [INFO]     |============================ Missing Movies from Library: Z. 1 - Films =============================|
[2022-10-11 11:01:24,235] [builder.py:2230]           [INFO]     |                                                                                                    |
[2022-10-11 11:01:24,257] [builder.py:2243]           [INFO]     | Mad Max Collection | ? | Mad Max: The Wasteland (TMDb: 340023)                                     |
[2022-10-11 11:01:24,291] [builder.py:2243]           [INFO]     | Mad Max Collection | ? | Furiosa (2024) (TMDb: 786892)                                             |
[2022-10-11 11:01:24,291] [builder.py:2248]           [INFO]     |                                                                                                    |
[2022-10-11 11:01:24,291] [builder.py:2249]           [INFO]     | 2 Movies Missing                                                                                   |
[2022-10-11 11:01:24,384] [builder.py:2441]           [INFO]     |                                                                                                    |
[2022-10-11 11:01:24,384] [builder.py:2442]           [INFO]     |============================== Updating Details of Mad Max Collection ==============================|
[2022-10-11 11:01:24,384] [builder.py:2443]           [INFO]     |                                                                                                    |
[2022-10-11 11:01:24,397] [builder.py:2509]           [INFO]     | Collection Metadata Edits                                                                          |
                                                                 | Sort Title | +C1_Mad Max
[2022-10-11 11:01:24,616] [builder.py:2513]           [INFO]     | Details: have been updated
[2022-10-11 11:01:24,616] [builder.py:2517]           [INFO]     | 
[2022-10-11 11:01:24,617] [builder.py:2580]           [WARNING]  | Asset Warning: Unable to find asset folder: 'Mad Max'
[2022-10-11 11:01:24,617] [util.py:150]               [DEBUG]    | 1 poster found:
[2022-10-11 11:01:24,617] [util.py:152]               [DEBUG]    | Method: tmdb_collection_details Poster: https://image.tmdb.org/t/p/original/bmzns8d1tz3P2EWoz2JQeqnu9Ck.jpg
[2022-10-11 11:01:24,617] [util.py:150]               [DEBUG]    | 1 background found:
[2022-10-11 11:01:24,618] [util.py:152]               [DEBUG]    | Method: tmdb_collection_details Background: https://image.tmdb.org/t/p/original/gwYe803SFwKlCF5y71OicWHUnVD.jpg
[2022-10-11 11:01:24,619] [library.py:172]            [INFO]     | Detail: poster update not needed
[2022-10-11 11:01:24,620] [library.py:188]            [INFO]     | Detail: background update not needed
[2022-10-11 11:01:24,811] [plex_meta_manager.py:708]  [INFO]     | 
[2022-10-11 11:01:24,812] [plex_meta_manager.py:709]  [INFO]     |====================================================================================================|
[2022-10-11 11:01:24,812] [plex_meta_manager.py:709]  [INFO]     |                                    Finished Mad Max Collection                                     |
[2022-10-11 11:01:24,812] [plex_meta_manager.py:709]  [INFO]     |                                    Collection Run Time: 0:00:00                                    |
[2022-10-11 11:01:24,812] [plex_meta_manager.py:709]  [INFO]     |====================================================================================================|
