[2022-10-11 09:03:37,505] [builder.py:197]            [INFO]     |====================================================================================================|
[2022-10-11 09:03:37,505] [builder.py:197]            [INFO]     |                                 Musical Collection in Z. 1 - Films                                 |
[2022-10-11 09:03:37,505] [builder.py:197]            [INFO]     |====================================================================================================|
[2022-10-11 09:03:37,505] [builder.py:198]            [INFO]     |                                                                                                    |
[2022-10-11 09:03:37,505] [builder.py:203]            [INFO]     |================================ Building Definition From Templates ================================|
[2022-10-11 09:03:37,505] [builder.py:211]            [DEBUG]    |                                                                                                    |
[2022-10-11 09:03:37,505] [meta.py:128]               [DEBUG]    | Template Genre                                                                                     |
[2022-10-11 09:03:37,506] [meta.py:129]               [DEBUG]    | Call: ordereddict([('name', 'Genre')])                                                             |
[2022-10-11 09:03:37,506] [meta.py:304]               [DEBUG]    |                                                                                                    |
[2022-10-11 09:03:37,506] [meta.py:305]               [DEBUG]    | Variables: ordereddict([('name', 'Genre'), ('collection_name', 'Musical'), ('mapping_name', 'Musical'), ('library_type', 'movie'), ('library_name', 'Z. 1 - Films'), ('name_encoded', 'Genre'), ('collection_name_encoded', 'Musical'), ('mapping_name_encoded', 'Musical'), ('library_type_encoded', 'movie'), ('library_name_encoded', 'Z.%201%20-%20Films'), ('collection_sort', 'Musical')]) |
[2022-10-11 09:03:37,506] [meta.py:306]               [DEBUG]    |                                                                                                    |
[2022-10-11 09:03:37,506] [meta.py:307]               [DEBUG]    | Defaults: {}                                                                                       |
[2022-10-11 09:03:37,506] [meta.py:308]               [DEBUG]    |                                                                                                    |
[2022-10-11 09:03:37,507] [meta.py:309]               [DEBUG]    | Optional: []                                                                                       |
[2022-10-11 09:03:37,507] [meta.py:370]               [DEBUG]    |                                                                                                    |
[2022-10-11 09:03:37,507] [meta.py:371]               [DEBUG]    | Final Template Attributes: {'sort_title': '+3_Musical', 'sync_mode': 'sync', 'smart_label': 'audience_rating.desc'} |
[2022-10-11 09:03:37,507] [meta.py:372]               [DEBUG]    |                                                                                                    |
[2022-10-11 09:03:37,508] [builder.py:219]            [INFO]     |================================== Validating Musical Attributes ===================================|
[2022-10-11 09:03:37,508] [builder.py:488]            [DEBUG]    |                                                                                                    |
[2022-10-11 09:03:37,508] [builder.py:489]            [DEBUG]    | Validating Method: sync_mode                                                                       |
[2022-10-11 09:03:37,508] [builder.py:493]            [DEBUG]    | Value: sync                                                                                        |
[2022-10-11 09:03:37,508] [builder.py:538]            [DEBUG]    |                                                                                                    |
[2022-10-11 09:03:37,508] [builder.py:539]            [DEBUG]    | Validating Method: smart_label                                                                     |
[2022-10-11 09:03:37,508] [builder.py:544]            [DEBUG]    | Value: audience_rating.desc                                                                        |
[2022-10-11 09:03:37,525] [builder.py:627]            [DEBUG]    |                                                                                                    |
[2022-10-11 09:03:37,525] [builder.py:631]            [DEBUG]    | Validating Method: plex_search                                                                     |
[2022-10-11 09:03:37,525] [builder.py:632]            [DEBUG]    | Value: ordereddict([('genre', 'Musical')])                                                         |
[2022-10-11 09:03:37,610] [builder.py:627]            [DEBUG]    |                                                                                                    |
[2022-10-11 09:03:37,611] [builder.py:631]            [DEBUG]    | Validating Method: url_poster                                                                      |
[2022-10-11 09:03:37,611] [builder.py:632]            [DEBUG]    | Value: https://raw.githubusercontent.com/MonsieurZed/poster/main/img/GENRE_MUSICAL.png             |
[2022-10-11 09:03:37,876] [builder.py:627]            [DEBUG]    |                                                                                                    |
[2022-10-11 09:03:37,877] [builder.py:631]            [DEBUG]    | Validating Method: summary                                                                         |
[2022-10-11 09:03:37,877] [builder.py:632]            [DEBUG]    | Value: A Musical interweaves vocal and dance performances into the narrative of the film. The songs of a film can either be used to further the story or simply enhance the experience of the audience. These films are often done on a grand scale and incorporate lavish costumes and sets. Traditional musicals center on a well-known star, famous for their dancing or singing skills (i.e. Fred Astaire, Gene Kelly, Judy Garland). These films explore concepts such are love and success, allowing the audience to escape from reality. |
[2022-10-11 09:03:37,877] [builder.py:627]            [DEBUG]    |                                                                                                    |
[2022-10-11 09:03:37,878] [builder.py:631]            [DEBUG]    | Validating Method: sort_title                                                                      |
[2022-10-11 09:03:37,878] [builder.py:632]            [DEBUG]    | Value: +3_Musical                                                                                  |
[2022-10-11 09:03:38,255] [builder.py:797]            [INFO]     |                                                                                                    |
[2022-10-11 09:03:38,255] [builder.py:798]            [INFO]     | Validation Successful                                                                              |
[2022-10-11 09:03:38,256] [plex_meta_manager.py:561]  [INFO]     |                                                                                                    |
[2022-10-11 09:03:38,256] [plex_meta_manager.py:563]  [INFO]     |==================================== Running Musical Collection ====================================|
[2022-10-11 09:03:38,256] [plex_meta_manager.py:569]  [INFO]     |                                                                                                    |
[2022-10-11 09:03:38,256] [plex_meta_manager.py:570]  [INFO]     | Smart Movie Label                                                                                  |
                                                                 | Sort By: audience_rating.desc
                                                                 | Filter:
                                                                 |   Match all of the following:
                                                                 |     Label is Musical
[2022-10-11 09:03:38,257] [plex_meta_manager.py:575]  [INFO]     | 
[2022-10-11 09:03:38,257] [plex_meta_manager.py:576]  [INFO]     | Sync Mode: sync
[2022-10-11 09:03:38,257] [plex_meta_manager.py:579]  [DEBUG]    | 
[2022-10-11 09:03:38,257] [plex_meta_manager.py:580]  [DEBUG]    | Builder: plex_search: (1, 'Plex Movie Search\nSort By: title.asc\nFilter:\n  Match all of the following:\n    Match any of the following:\n      Genre is Musical', '?type=1&sort=titleSort&push=1&genre=28403&pop=1')
[2022-10-11 09:03:38,257] [plex_meta_manager.py:581]  [INFO]     | 
[2022-10-11 09:03:38,257] [plex.py:819]               [INFO]     | Processing Plex Movie Search
                                                                 | Sort By: title.asc
                                                                 | Filter:
                                                                 |   Match all of the following:
                                                                 |     Match any of the following:
                                                                 |       Genre is Musical
[2022-10-11 09:03:38,402] [plex.py:864]               [DEBUG]    | 
[2022-10-11 09:03:38,403] [plex.py:865]               [DEBUG]    | 38 Keys Found: [(89534, 'ratingKey'), (40663, 'ratingKey'), (82113, 'ratingKey'), (41060, 'ratingKey'), (41287, 'ratingKey'), (42419, 'ratingKey'), (84759, 'ratingKey'), (42031, 'ratingKey'), (94349, 'ratingKey'), (42929, 'ratingKey'), (43623, 'ratingKey'), (43426, 'ratingKey'), (43579, 'ratingKey'), (43578, 'ratingKey'), (45690, 'ratingKey'), (82936, 'ratingKey'), (43059, 'ratingKey'), (94183, 'ratingKey'), (43894, 'ratingKey'), (46869, 'ratingKey'), (94707, 'ratingKey'), (84786, 'ratingKey'), (44272, 'ratingKey'), (44505, 'ratingKey'), (44586, 'ratingKey'), (44940, 'ratingKey'), (40608, 'ratingKey'), (45136, 'ratingKey'), (45141, 'ratingKey'), (45148, 'ratingKey'), (46313, 'ratingKey'), (40777, 'ratingKey'), (46696, 'ratingKey'), (46724, 'ratingKey'), (46725, 'ratingKey'), (46749, 'ratingKey'), (46823, 'ratingKey'), (91923, 'ratingKey')]
[2022-10-11 09:03:38,403] [builder.py:1540]           [DEBUG]    | 
[2022-10-11 09:03:38,403] [builder.py:1541]           [DEBUG]    | 38 IDs Found: [(89534, 'ratingKey'), (40663, 'ratingKey'), (82113, 'ratingKey'), (41060, 'ratingKey'), (41287, 'ratingKey'), (42419, 'ratingKey'), (84759, 'ratingKey'), (42031, 'ratingKey'), (94349, 'ratingKey'), (42929, 'ratingKey'), (43623, 'ratingKey'), (43426, 'ratingKey'), (43579, 'ratingKey'), (43578, 'ratingKey'), (45690, 'ratingKey'), (82936, 'ratingKey'), (43059, 'ratingKey'), (94183, 'ratingKey'), (43894, 'ratingKey'), (46869, 'ratingKey'), (94707, 'ratingKey'), (84786, 'ratingKey'), (44272, 'ratingKey'), (44505, 'ratingKey'), (44586, 'ratingKey'), (44940, 'ratingKey'), (40608, 'ratingKey'), (45136, 'ratingKey'), (45141, 'ratingKey'), (45148, 'ratingKey'), (46313, 'ratingKey'), (40777, 'ratingKey'), (46696, 'ratingKey'), (46724, 'ratingKey'), (46725, 'ratingKey'), (46749, 'ratingKey'), (46823, 'ratingKey'), (91923, 'ratingKey')]
[2022-10-11 09:03:38,404] [builder.py:1542]           [DEBUG]    | 
[2022-10-11 09:03:38,407] [builder.py:2064]           [INFO]     | 
[2022-10-11 09:03:38,407] [builder.py:2065]           [INFO]     |=================================== Adding to Musical Collection ===================================|
[2022-10-11 09:03:38,407] [builder.py:2066]           [INFO]     |                                                                                                    |
[2022-10-11 09:03:38,604] [builder.py:2080]           [INFO]     |  1/38 | Musical Collection | = | À l'ombre des filles (2022)                                       |
[2022-10-11 09:03:38,604] [builder.py:2080]           [INFO]     |  2/38 | Musical Collection | = | Aladdin (2019)                                                    |
[2022-10-11 09:03:38,604] [builder.py:2080]           [INFO]     |  3/38 | Musical Collection | = | Allons enfants (2022)                                             |
[2022-10-11 09:03:38,604] [builder.py:2080]           [INFO]     |  4/38 | Musical Collection | = | Bohemian Rhapsody (2018)                                          |
[2022-10-11 09:03:38,605] [builder.py:2080]           [INFO]     |  5/38 | Musical Collection | = | Charlie et la Chocolaterie (2005)                                 |
[2022-10-11 09:03:38,605] [builder.py:2080]           [INFO]     |  6/38 | Musical Collection | = | D'où l'on vient (2021)                                            |
[2022-10-11 09:03:38,605] [builder.py:2080]           [INFO]     |  7/38 | Musical Collection | = | Elvis (2022)                                                      |
[2022-10-11 09:03:38,605] [builder.py:2080]           [INFO]     |  8/38 | Musical Collection | = | Gigi (1958)                                                       |
[2022-10-11 09:03:38,605] [builder.py:2080]           [INFO]     |  9/38 | Musical Collection | = | Hamilton (2020)                                                   |
[2022-10-11 09:03:38,606] [builder.py:2080]           [INFO]     | 10/38 | Musical Collection | = | La La Land (2016)                                                 |
[2022-10-11 09:03:38,606] [builder.py:2080]           [INFO]     | 11/38 | Musical Collection | = | Le Retour de Mary Poppins (2018)                                  |
[2022-10-11 09:03:38,606] [builder.py:2080]           [INFO]     | 12/38 | Musical Collection | = | Les étoiles vagabondes (2019)                                     |
[2022-10-11 09:03:38,606] [builder.py:2080]           [INFO]     | 13/38 | Musical Collection | = | Mamma Mia ! Here We Go Again (2018)                               |
[2022-10-11 09:03:38,607] [builder.py:2080]           [INFO]     | 14/38 | Musical Collection | = | Mamma Mia! (2008)                                                 |
[2022-10-11 09:03:38,607] [builder.py:2080]           [INFO]     | 15/38 | Musical Collection | = | La Mélodie du bonheur (1965)                                      |
[2022-10-11 09:03:38,607] [builder.py:2080]           [INFO]     | 16/38 | Musical Collection | = | Metal Lords (2022)                                                |
[2022-10-11 09:03:38,608] [builder.py:2080]           [INFO]     | 17/38 | Musical Collection | = | La Môme (2007)                                                    |
[2022-10-11 09:03:38,608] [builder.py:2080]           [INFO]     | 18/38 | Musical Collection | = | Moxie (2021)                                                      |
[2022-10-11 09:03:38,608] [builder.py:2080]           [INFO]     | 19/38 | Musical Collection | = | My Fair Lady (1964)                                               |
[2022-10-11 09:03:38,608] [builder.py:2080]           [INFO]     | 20/38 | Musical Collection | = | On connaît la chanson (1997)                                      |
[2022-10-11 09:03:38,609] [builder.py:2080]           [INFO]     | 21/38 | Musical Collection | = | On va s'aimer (2006)                                              |
[2022-10-11 09:03:38,609] [builder.py:2080]           [INFO]     | 22/38 | Musical Collection | = | Pinocchio (2022)                                                  |
[2022-10-11 09:03:38,609] [builder.py:2080]           [INFO]     | 23/38 | Musical Collection | = | Podium (2004)                                                     |
[2022-10-11 09:03:38,610] [builder.py:2080]           [INFO]     | 24/38 | Musical Collection | = | Respect (2021)                                                    |
[2022-10-11 09:03:38,610] [builder.py:2080]           [INFO]     | 25/38 | Musical Collection | = | Rocketman (2019)                                                  |
[2022-10-11 09:03:38,610] [builder.py:2080]           [INFO]     | 26/38 | Musical Collection | = | Sound of Metal (2020)                                             |
[2022-10-11 09:03:38,610] [builder.py:2080]           [INFO]     | 27/38 | Musical Collection | = | A Star Is Born (2018)                                             |
[2022-10-11 09:03:38,611] [builder.py:2080]           [INFO]     | 28/38 | Musical Collection | = | Suprêmes (2021)                                                   |
[2022-10-11 09:03:38,611] [builder.py:2080]           [INFO]     | 29/38 | Musical Collection | = | Sweeney Todd : Le Diabolique Barbier de Fleet Street (2007)       |
[2022-10-11 09:03:38,611] [builder.py:2080]           [INFO]     | 30/38 | Musical Collection | = | Swiss Army Man (2016)                                             |
[2022-10-11 09:03:38,612] [builder.py:2080]           [INFO]     | 31/38 | Musical Collection | = | tick, tick... Boom! (2021)                                        |
[2022-10-11 09:03:38,612] [builder.py:2080]           [INFO]     | 32/38 | Musical Collection | = | Un Américain à Paris (1951)                                       |
[2022-10-11 09:03:38,613] [builder.py:2080]           [INFO]     | 33/38 | Musical Collection | = | Walk the Line (2005)                                              |
[2022-10-11 09:03:38,613] [builder.py:2080]           [INFO]     | 34/38 | Musical Collection | = | West Side Story (1961)                                            |
[2022-10-11 09:03:38,613] [builder.py:2080]           [INFO]     | 35/38 | Musical Collection | = | West Side Story (2021)                                            |
[2022-10-11 09:03:38,614] [builder.py:2080]           [INFO]     | 36/38 | Musical Collection | = | Whiplash (2014)                                                   |
[2022-10-11 09:03:38,614] [builder.py:2080]           [INFO]     | 37/38 | Musical Collection | = | Yesterday (2019)                                                  |
[2022-10-11 09:03:38,614] [builder.py:2080]           [INFO]     | 38/38 | Musical Collection | = | Z-O-M-B-I-E-S (2018)                                              |
[2022-10-11 09:03:38,615] [builder.py:2100]           [INFO]     |                                                                                                    |
[2022-10-11 09:03:38,615] [builder.py:2102]           [INFO]     | 38 Movies Processed 0 Movies Added                                                                 |
[2022-10-11 09:03:38,639] [builder.py:2441]           [INFO]     |                                                                                                    |
[2022-10-11 09:03:38,639] [builder.py:2442]           [INFO]     |============================== Updating Details of Musical Collection ==============================|
[2022-10-11 09:03:38,639] [builder.py:2443]           [INFO]     |                                                                                                    |
[2022-10-11 09:03:38,649] [builder.py:2509]           [INFO]     | Collection Metadata Edits                                                                          |
[2022-10-11 09:03:38,649] [builder.py:2580]           [WARNING]  | Asset Warning: Unable to find asset folder: 'Musical'                                              |
[2022-10-11 09:03:38,650] [util.py:150]               [DEBUG]    | 1 poster found:                                                                                    |
[2022-10-11 09:03:38,650] [util.py:152]               [DEBUG]    | Method: url_poster Poster: https://raw.githubusercontent.com/MonsieurZed/poster/main/img/GENRE_MUSICAL.png |
[2022-10-11 09:03:38,685] [library.py:170]            [INFO]     | Detail: url_poster updated poster to [URL] https://raw.githubusercontent.com/MonsieurZed/poster/main/img/GENRE_MUSICAL.png |
[2022-10-11 09:03:38,853] [plex_meta_manager.py:708]  [INFO]     |                                                                                                    |
[2022-10-11 09:03:38,853] [plex_meta_manager.py:709]  [INFO]     |====================================================================================================|
[2022-10-11 09:03:38,853] [plex_meta_manager.py:709]  [INFO]     |                                    Finished Musical Collection                                     |
[2022-10-11 09:03:38,853] [plex_meta_manager.py:709]  [INFO]     |                                    Collection Run Time: 0:00:01                                    |
[2022-10-11 09:03:38,853] [plex_meta_manager.py:709]  [INFO]     |====================================================================================================|
