[2022-10-11 11:18:24,243] [builder.py:200]            [INFO]     |====================================================================================================|
[2022-10-11 11:18:24,244] [builder.py:200]            [INFO]     |                                 Avatar Collection in Z. 1 - Films                                  |
[2022-10-11 11:18:24,244] [builder.py:200]            [INFO]     |====================================================================================================|
[2022-10-11 11:18:24,244] [builder.py:201]            [INFO]     |                                                                                                    |
[2022-10-11 11:18:24,244] [builder.py:206]            [INFO]     |================================ Building Definition From Templates ================================|
[2022-10-11 11:18:24,244] [builder.py:222]            [DEBUG]    |                                                                                                    |
[2022-10-11 11:18:24,244] [meta.py:128]               [DEBUG]    | Template my_template                                                                               |
[2022-10-11 11:18:24,244] [meta.py:129]               [DEBUG]    | Call: {'value': ['87096'], 'tmdb_collection': ['87096'], 'key_name': 'Avatar', 'key': '87096', 'name': 'my_template'} |
[2022-10-11 11:18:24,245] [meta.py:304]               [DEBUG]    |                                                                                                    |
[2022-10-11 11:18:24,245] [meta.py:305]               [DEBUG]    | Variables: {'value': ['87096'], 'tmdb_collection': ['87096'], 'key_name': 'Avatar', 'key': '87096', 'name': 'my_template', 'collection_name': 'Avatar', 'mapping_name': 'Avatar', 'library_type': 'movie', 'library_name': 'Z. 1 - Films', 'value_encoded': '%5B%2787096%27%5D', 'tmdb_collection_encoded': '%5B%2787096%27%5D', 'key_name_encoded': 'Avatar', 'key_encoded': '87096', 'name_encoded': 'my_template', 'collection_name_encoded': 'Avatar', 'mapping_name_encoded': 'Avatar', 'library_type_encoded': 'movie', 'library_name_encoded': 'Z.%201%20-%20Films', 'collection_sort': 'Avatar'} |
[2022-10-11 11:18:24,245] [meta.py:306]               [DEBUG]    |                                                                                                    |
[2022-10-11 11:18:24,245] [meta.py:307]               [DEBUG]    | Defaults: {}                                                                                       |
[2022-10-11 11:18:24,245] [meta.py:308]               [DEBUG]    |                                                                                                    |
[2022-10-11 11:18:24,245] [meta.py:309]               [DEBUG]    | Optional: ['my_collection_poster', 'my_collection_poster_encoded']                                 |
[2022-10-11 11:18:24,246] [meta.py:370]               [DEBUG]    |                                                                                                    |
[2022-10-11 11:18:24,246] [meta.py:371]               [DEBUG]    | Final Template Attributes: {'tmdb_collection_details': ['87096'], 'collection_order': 'release', 'collection_mode': 'hide_items', 'sort_title': '+C1_Avatar'} |
[2022-10-11 11:18:24,247] [meta.py:372]               [DEBUG]    |                                                                                                    |
[2022-10-11 11:18:24,247] [builder.py:230]            [INFO]     |=================================== Validating Avatar Attributes ===================================|
[2022-10-11 11:18:24,247] [builder.py:620]            [DEBUG]    |                                                                                                    |
[2022-10-11 11:18:24,247] [builder.py:621]            [DEBUG]    | Validating Method: collection_order                                                                |
[2022-10-11 11:18:24,247] [builder.py:622]            [DEBUG]    | Value: release                                                                                     |
[2022-10-11 11:18:24,247] [builder.py:653]            [DEBUG]    |                                                                                                    |
[2022-10-11 11:18:24,247] [builder.py:657]            [DEBUG]    | Validating Method: label                                                                           |
[2022-10-11 11:18:24,248] [builder.py:658]            [DEBUG]    | Value: TMDb Collections                                                                            |
[2022-10-11 11:18:24,248] [builder.py:653]            [DEBUG]    |                                                                                                    |
[2022-10-11 11:18:24,248] [builder.py:657]            [DEBUG]    | Validating Method: tmdb_collection_details                                                         |
[2022-10-11 11:18:24,248] [builder.py:658]            [DEBUG]    | Value: ['87096']                                                                                   |
[2022-10-11 11:18:24,262] [builder.py:653]            [DEBUG]    |                                                                                                    |
[2022-10-11 11:18:24,263] [builder.py:657]            [DEBUG]    | Validating Method: collection_mode                                                                 |
[2022-10-11 11:18:24,263] [builder.py:658]            [DEBUG]    | Value: hide_items                                                                                  |
[2022-10-11 11:18:24,263] [builder.py:653]            [DEBUG]    |                                                                                                    |
[2022-10-11 11:18:24,263] [builder.py:657]            [DEBUG]    | Validating Method: sort_title                                                                      |
[2022-10-11 11:18:24,263] [builder.py:658]            [DEBUG]    | Value: +C1_Avatar                                                                                  |
[2022-10-11 11:18:24,270] [plex.py:803]               [DEBUG]    |                                                                                                    |
[2022-10-11 11:18:24,270] [plex.py:806]               [DEBUG]    | Looking for: Avatar                                                                                |
[2022-10-11 11:18:24,270] [builder.py:823]            [INFO]     |                                                                                                    |
[2022-10-11 11:18:24,270] [builder.py:824]            [INFO]     | Validation Successful                                                                              |
[2022-10-11 11:18:24,270] [plex_meta_manager.py:561]  [INFO]     |                                                                                                    |
[2022-10-11 11:18:24,270] [plex_meta_manager.py:563]  [INFO]     |==================================== Running Avatar Collection =====================================|
[2022-10-11 11:18:24,270] [plex_meta_manager.py:575]  [INFO]     |                                                                                                    |
[2022-10-11 11:18:24,271] [plex_meta_manager.py:576]  [INFO]     | Sync Mode: append                                                                                  |
[2022-10-11 11:18:24,271] [plex_meta_manager.py:579]  [DEBUG]    |                                                                                                    |
[2022-10-11 11:18:24,271] [plex_meta_manager.py:580]  [DEBUG]    | Builder: tmdb_collection: 87096                                                                    |
[2022-10-11 11:18:24,271] [plex_meta_manager.py:581]  [INFO]     |                                                                                                    |
[2022-10-11 11:18:24,276] [tmdb.py:381]               [INFO]     | Processing TMDb Collection: (87096) Avatar - Saga (5 Items)                                        |
[2022-10-11 11:18:24,277] [builder.py:1581]           [DEBUG]    |                                                                                                    |
[2022-10-11 11:18:24,277] [builder.py:1582]           [DEBUG]    | 5 IDs Found: [(76600, 'tmdb'), (83533, 'tmdb'), (216527, 'tmdb'), (19995, 'tmdb'), (393209, 'tmdb')] |
[2022-10-11 11:18:24,277] [builder.py:1583]           [DEBUG]    |                                                                                                    |
[2022-10-11 11:18:24,277] [builder.py:2300]           [INFO]     |                                                                                                    |
[2022-10-11 11:18:24,277] [builder.py:2301]           [INFO]     |============================ Missing Movies from Library: Z. 1 - Films =============================|
[2022-10-11 11:18:24,278] [builder.py:2302]           [INFO]     |                                                                                                    |
[2022-10-11 11:18:24,293] [builder.py:2315]           [INFO]     | Avatar Collection | ? | Avatar: The Way of Water (2022) (TMDb: 76600)                              |
[2022-10-11 11:18:24,323] [builder.py:2315]           [INFO]     | Avatar Collection | ? | Avatar 3 (2024) (TMDb: 83533)                                              |
[2022-10-11 11:18:24,340] [builder.py:2315]           [INFO]     | Avatar Collection | ? | Avatar 4 (2026) (TMDb: 216527)                                             |
[2022-10-11 11:18:24,431] [builder.py:2315]           [INFO]     | Avatar Collection | ? | Avatar 5 (2028) (TMDb: 393209)                                             |
[2022-10-11 11:18:24,432] [builder.py:2320]           [INFO]     |                                                                                                    |
[2022-10-11 11:18:24,432] [builder.py:2321]           [INFO]     | 4 Movies Missing                                                                                   |
[2022-10-11 11:18:24,448] [plex_meta_manager.py:624]  [INFO]     |                                                                                                    |
[2022-10-11 11:18:24,448] [plex_meta_manager.py:625]  [INFO]     | Collection Minimum: 2 not met for Avatar Collection                                                |
[2022-10-11 11:18:24,448] [plex_meta_manager.py:708]  [INFO]     |                                                                                                    |
[2022-10-11 11:18:24,449] [plex_meta_manager.py:709]  [INFO]     |====================================================================================================|
[2022-10-11 11:18:24,449] [plex_meta_manager.py:709]  [INFO]     |                                     Finished Avatar Collection                                     |
[2022-10-11 11:18:24,449] [plex_meta_manager.py:709]  [INFO]     |                                    Collection Run Time: 0:00:00                                    |
[2022-10-11 11:18:24,449] [plex_meta_manager.py:709]  [INFO]     |====================================================================================================|
