[2022-10-11 11:18:45,112] [builder.py:200]            [INFO]     |====================================================================================================|
[2022-10-11 11:18:45,112] [builder.py:200]            [INFO]     |                                Fantomas Collection in Z. 1 - Films                                 |
[2022-10-11 11:18:45,112] [builder.py:200]            [INFO]     |====================================================================================================|
[2022-10-11 11:18:45,113] [builder.py:201]            [INFO]     |                                                                                                    |
[2022-10-11 11:18:45,113] [builder.py:206]            [INFO]     |================================ Building Definition From Templates ================================|
[2022-10-11 11:18:45,113] [builder.py:222]            [DEBUG]    |                                                                                                    |
[2022-10-11 11:18:45,113] [meta.py:128]               [DEBUG]    | Template my_template                                                                               |
[2022-10-11 11:18:45,113] [meta.py:129]               [DEBUG]    | Call: {'value': ['103001'], 'tmdb_collection': ['103001'], 'key_name': 'Fantomas', 'key': '103001', 'name': 'my_template'} |
[2022-10-11 11:18:45,114] [meta.py:304]               [DEBUG]    |                                                                                                    |
[2022-10-11 11:18:45,114] [meta.py:305]               [DEBUG]    | Variables: {'value': ['103001'], 'tmdb_collection': ['103001'], 'key_name': 'Fantomas', 'key': '103001', 'name': 'my_template', 'collection_name': 'Fantomas', 'mapping_name': 'Fantomas', 'library_type': 'movie', 'library_name': 'Z. 1 - Films', 'value_encoded': '%5B%27103001%27%5D', 'tmdb_collection_encoded': '%5B%27103001%27%5D', 'key_name_encoded': 'Fantomas', 'key_encoded': '103001', 'name_encoded': 'my_template', 'collection_name_encoded': 'Fantomas', 'mapping_name_encoded': 'Fantomas', 'library_type_encoded': 'movie', 'library_name_encoded': 'Z.%201%20-%20Films', 'collection_sort': 'Fantomas'} |
[2022-10-11 11:18:45,114] [meta.py:306]               [DEBUG]    |                                                                                                    |
[2022-10-11 11:18:45,114] [meta.py:307]               [DEBUG]    | Defaults: {}                                                                                       |
[2022-10-11 11:18:45,114] [meta.py:308]               [DEBUG]    |                                                                                                    |
[2022-10-11 11:18:45,114] [meta.py:309]               [DEBUG]    | Optional: ['my_collection_poster', 'my_collection_poster_encoded']                                 |
[2022-10-11 11:18:45,115] [meta.py:370]               [DEBUG]    |                                                                                                    |
[2022-10-11 11:18:45,116] [meta.py:371]               [DEBUG]    | Final Template Attributes: {'tmdb_collection_details': ['103001'], 'collection_order': 'release', 'collection_mode': 'hide_items', 'sort_title': '+C1_Fantomas'} |
[2022-10-11 11:18:45,116] [meta.py:372]               [DEBUG]    |                                                                                                    |
[2022-10-11 11:18:45,116] [builder.py:230]            [INFO]     |================================== Validating Fantomas Attributes ==================================|
[2022-10-11 11:18:45,116] [builder.py:620]            [DEBUG]    |                                                                                                    |
[2022-10-11 11:18:45,116] [builder.py:621]            [DEBUG]    | Validating Method: collection_order                                                                |
[2022-10-11 11:18:45,116] [builder.py:622]            [DEBUG]    | Value: release                                                                                     |
[2022-10-11 11:18:45,116] [builder.py:653]            [DEBUG]    |                                                                                                    |
[2022-10-11 11:18:45,116] [builder.py:657]            [DEBUG]    | Validating Method: label                                                                           |
[2022-10-11 11:18:45,117] [builder.py:658]            [DEBUG]    | Value: TMDb Collections                                                                            |
[2022-10-11 11:18:45,117] [builder.py:653]            [DEBUG]    |                                                                                                    |
[2022-10-11 11:18:45,117] [builder.py:657]            [DEBUG]    | Validating Method: tmdb_collection_details                                                         |
[2022-10-11 11:18:45,117] [builder.py:658]            [DEBUG]    | Value: ['103001']                                                                                  |
[2022-10-11 11:18:45,128] [builder.py:653]            [DEBUG]    |                                                                                                    |
[2022-10-11 11:18:45,128] [builder.py:657]            [DEBUG]    | Validating Method: collection_mode                                                                 |
[2022-10-11 11:18:45,128] [builder.py:658]            [DEBUG]    | Value: hide_items                                                                                  |
[2022-10-11 11:18:45,128] [builder.py:653]            [DEBUG]    |                                                                                                    |
[2022-10-11 11:18:45,128] [builder.py:657]            [DEBUG]    | Validating Method: sort_title                                                                      |
[2022-10-11 11:18:45,129] [builder.py:658]            [DEBUG]    | Value: +C1_Fantomas                                                                                |
[2022-10-11 11:18:45,135] [plex.py:803]               [DEBUG]    |                                                                                                    |
[2022-10-11 11:18:45,135] [plex.py:806]               [DEBUG]    | Looking for: Fantomas                                                                              |
[2022-10-11 11:18:45,135] [builder.py:823]            [INFO]     |                                                                                                    |
[2022-10-11 11:18:45,135] [builder.py:824]            [INFO]     | Validation Successful                                                                              |
[2022-10-11 11:18:45,135] [plex_meta_manager.py:561]  [INFO]     |                                                                                                    |
[2022-10-11 11:18:45,136] [plex_meta_manager.py:563]  [INFO]     |=================================== Running Fantomas Collection ====================================|
[2022-10-11 11:18:45,136] [plex_meta_manager.py:575]  [INFO]     |                                                                                                    |
[2022-10-11 11:18:45,136] [plex_meta_manager.py:576]  [INFO]     | Sync Mode: append                                                                                  |
[2022-10-11 11:18:45,136] [plex_meta_manager.py:579]  [DEBUG]    |                                                                                                    |
[2022-10-11 11:18:45,136] [plex_meta_manager.py:580]  [DEBUG]    | Builder: tmdb_collection: 103001                                                                   |
[2022-10-11 11:18:45,136] [plex_meta_manager.py:581]  [INFO]     |                                                                                                    |
[2022-10-11 11:18:45,141] [tmdb.py:381]               [INFO]     | Processing TMDb Collection: (103001) Fantômas - Saga (3 Items)                                     |
[2022-10-11 11:18:45,141] [builder.py:1581]           [DEBUG]    |                                                                                                    |
[2022-10-11 11:18:45,142] [builder.py:1582]           [DEBUG]    | 3 IDs Found: [(1871, 'tmdb'), (1870, 'tmdb'), (1875, 'tmdb')]                                      |
[2022-10-11 11:18:45,142] [builder.py:1583]           [DEBUG]    |                                                                                                    |
[2022-10-11 11:18:45,142] [builder.py:2300]           [INFO]     |                                                                                                    |
[2022-10-11 11:18:45,142] [builder.py:2301]           [INFO]     |============================ Missing Movies from Library: Z. 1 - Films =============================|
[2022-10-11 11:18:45,142] [builder.py:2302]           [INFO]     |                                                                                                    |
[2022-10-11 11:18:45,146] [builder.py:2315]           [INFO]     | Fantomas Collection | ? | Fantomas Unleashed (1965) (TMDb: 1870)                                   |
[2022-10-11 11:18:45,181] [builder.py:2315]           [INFO]     | Fantomas Collection | ? | Fantomas vs. Scotland Yard (1967) (TMDb: 1875)                           |
[2022-10-11 11:18:45,181] [builder.py:2320]           [INFO]     |                                                                                                    |
[2022-10-11 11:18:45,181] [builder.py:2321]           [INFO]     | 2 Movies Missing                                                                                   |
[2022-10-11 11:18:45,212] [plex_meta_manager.py:624]  [INFO]     |                                                                                                    |
[2022-10-11 11:18:45,213] [plex_meta_manager.py:625]  [INFO]     | Collection Minimum: 2 not met for Fantomas Collection                                              |
[2022-10-11 11:18:45,213] [plex_meta_manager.py:708]  [INFO]     |                                                                                                    |
[2022-10-11 11:18:45,213] [plex_meta_manager.py:709]  [INFO]     |====================================================================================================|
[2022-10-11 11:18:45,213] [plex_meta_manager.py:709]  [INFO]     |                                    Finished Fantomas Collection                                    |
[2022-10-11 11:18:45,213] [plex_meta_manager.py:709]  [INFO]     |                                    Collection Run Time: 0:00:00                                    |
[2022-10-11 11:18:45,214] [plex_meta_manager.py:709]  [INFO]     |====================================================================================================|
