[2022-10-11 09:14:46,180] [builder.py:197]            [INFO]     |====================================================================================================|
[2022-10-11 09:14:46,180] [builder.py:197]            [INFO]     |                                  Creed Collection in Z. 1 - Films                                  |
[2022-10-11 09:14:46,181] [builder.py:197]            [INFO]     |====================================================================================================|
[2022-10-11 09:14:46,181] [builder.py:198]            [INFO]     |                                                                                                    |
[2022-10-11 09:14:46,181] [builder.py:203]            [INFO]     |================================ Building Definition From Templates ================================|
[2022-10-11 09:14:46,181] [builder.py:211]            [DEBUG]    |                                                                                                    |
[2022-10-11 09:14:46,181] [meta.py:128]               [DEBUG]    | Template my_template                                                                               |
[2022-10-11 09:14:46,181] [meta.py:129]               [DEBUG]    | Call: {'value': ['553717'], 'tmdb_collection': ['553717'], 'key_name': 'Creed', 'key': '553717', 'name': 'my_template'} |
[2022-10-11 09:14:46,181] [meta.py:304]               [DEBUG]    |                                                                                                    |
[2022-10-11 09:14:46,182] [meta.py:305]               [DEBUG]    | Variables: {'value': ['553717'], 'tmdb_collection': ['553717'], 'key_name': 'Creed', 'key': '553717', 'name': 'my_template', 'collection_name': 'Creed', 'mapping_name': 'Creed', 'library_type': 'movie', 'library_name': 'Z. 1 - Films', 'value_encoded': '%5B%27553717%27%5D', 'tmdb_collection_encoded': '%5B%27553717%27%5D', 'key_name_encoded': 'Creed', 'key_encoded': '553717', 'name_encoded': 'my_template', 'collection_name_encoded': 'Creed', 'mapping_name_encoded': 'Creed', 'library_type_encoded': 'movie', 'library_name_encoded': 'Z.%201%20-%20Films', 'collection_sort': 'Creed'} |
[2022-10-11 09:14:46,182] [meta.py:306]               [DEBUG]    |                                                                                                    |
[2022-10-11 09:14:46,182] [meta.py:307]               [DEBUG]    | Defaults: {}                                                                                       |
[2022-10-11 09:14:46,182] [meta.py:308]               [DEBUG]    |                                                                                                    |
[2022-10-11 09:14:46,182] [meta.py:309]               [DEBUG]    | Optional: ['my_collection_poster', 'my_collection_poster_encoded']                                 |
[2022-10-11 09:14:46,183] [meta.py:370]               [DEBUG]    |                                                                                                    |
[2022-10-11 09:14:46,183] [meta.py:371]               [DEBUG]    | Final Template Attributes: {'tmdb_collection_details': ['553717'], 'collection_order': 'release', 'collection_mode': 'hide_items'} |
[2022-10-11 09:14:46,183] [meta.py:372]               [DEBUG]    |                                                                                                    |
[2022-10-11 09:14:46,183] [builder.py:219]            [INFO]     |=================================== Validating Creed Attributes ====================================|
[2022-10-11 09:14:46,183] [builder.py:609]            [DEBUG]    |                                                                                                    |
[2022-10-11 09:14:46,184] [builder.py:610]            [DEBUG]    | Validating Method: collection_order                                                                |
[2022-10-11 09:14:46,184] [builder.py:611]            [DEBUG]    | Value: release                                                                                     |
[2022-10-11 09:14:46,184] [builder.py:627]            [DEBUG]    |                                                                                                    |
[2022-10-11 09:14:46,184] [builder.py:631]            [DEBUG]    | Validating Method: label                                                                           |
[2022-10-11 09:14:46,184] [builder.py:632]            [DEBUG]    | Value: TMDb Collections                                                                            |
[2022-10-11 09:14:46,184] [builder.py:627]            [DEBUG]    |                                                                                                    |
[2022-10-11 09:14:46,184] [builder.py:631]            [DEBUG]    | Validating Method: tmdb_collection_details                                                         |
[2022-10-11 09:14:46,184] [builder.py:632]            [DEBUG]    | Value: ['553717']                                                                                  |
[2022-10-11 09:14:46,197] [builder.py:627]            [DEBUG]    |                                                                                                    |
[2022-10-11 09:14:46,197] [builder.py:631]            [DEBUG]    | Validating Method: collection_mode                                                                 |
[2022-10-11 09:14:46,197] [builder.py:632]            [DEBUG]    | Value: hide_items                                                                                  |
[2022-10-11 09:14:46,202] [plex.py:790]               [DEBUG]    |                                                                                                    |
[2022-10-11 09:14:46,202] [plex.py:793]               [DEBUG]    | Looking for: Creed                                                                                 |
[2022-10-11 09:14:46,202] [builder.py:797]            [INFO]     |                                                                                                    |
[2022-10-11 09:14:46,202] [builder.py:798]            [INFO]     | Validation Successful                                                                              |
[2022-10-11 09:14:46,202] [plex_meta_manager.py:561]  [INFO]     |                                                                                                    |
[2022-10-11 09:14:46,202] [plex_meta_manager.py:563]  [INFO]     |===================================== Running Creed Collection =====================================|
[2022-10-11 09:14:46,203] [plex_meta_manager.py:575]  [INFO]     |                                                                                                    |
[2022-10-11 09:14:46,203] [plex_meta_manager.py:576]  [INFO]     | Sync Mode: append                                                                                  |
[2022-10-11 09:14:46,203] [plex_meta_manager.py:579]  [DEBUG]    |                                                                                                    |
[2022-10-11 09:14:46,203] [plex_meta_manager.py:580]  [DEBUG]    | Builder: tmdb_collection: 553717                                                                   |
[2022-10-11 09:14:46,203] [plex_meta_manager.py:581]  [INFO]     |                                                                                                    |
[2022-10-11 09:14:46,207] [tmdb.py:382]               [INFO]     | Processing TMDb Collection: (553717) Creed - Saga (3 Items)                                        |
[2022-10-11 09:14:46,208] [builder.py:1540]           [DEBUG]    |                                                                                                    |
[2022-10-11 09:14:46,208] [builder.py:1541]           [DEBUG]    | 3 IDs Found: [(312221, 'tmdb'), (480530, 'tmdb'), (677179, 'tmdb')]                                |
[2022-10-11 09:14:46,208] [builder.py:1542]           [DEBUG]    |                                                                                                    |
[2022-10-11 09:14:46,208] [builder.py:2064]           [INFO]     |                                                                                                    |
[2022-10-11 09:14:46,208] [builder.py:2065]           [INFO]     |==================================== Adding to Creed Collection ====================================|
[2022-10-11 09:14:46,209] [builder.py:2066]           [INFO]     |                                                                                                    |
[2022-10-11 09:14:46,209] [builder.py:2080]           [INFO]     | 1/2 | Creed Collection | + | Creed : L'héritage de Rocky Balboa (2015)                             |
[2022-10-11 09:14:46,468] [builder.py:2080]           [INFO]     | 2/2 | Creed Collection | + | Creed II (2018)                                                       |
[2022-10-11 09:14:49,639] [builder.py:2100]           [INFO]     |                                                                                                    |
[2022-10-11 09:14:49,639] [builder.py:2102]           [INFO]     | 2 Movies Processed 2 Movies Added                                                                  |
[2022-10-11 09:14:49,640] [builder.py:2228]           [INFO]     |                                                                                                    |
[2022-10-11 09:14:49,640] [builder.py:2229]           [INFO]     |============================ Missing Movies from Library: Z. 1 - Films =============================|
[2022-10-11 09:14:49,640] [builder.py:2230]           [INFO]     |                                                                                                    |
[2022-10-11 09:14:49,655] [builder.py:2243]           [INFO]     | Creed Collection | ? | Creed III (2023) (TMDb: 677179)                                             |
[2022-10-11 09:14:49,656] [builder.py:2248]           [INFO]     |                                                                                                    |
[2022-10-11 09:14:49,656] [builder.py:2249]           [INFO]     | 1 Movie Missing                                                                                    |
[2022-10-11 09:14:52,108] [builder.py:2441]           [INFO]     |                                                                                                    |
[2022-10-11 09:14:52,109] [builder.py:2442]           [INFO]     |=============================== Updating Details of Creed Collection ===============================|
[2022-10-11 09:14:52,109] [builder.py:2443]           [INFO]     |                                                                                                    |
[2022-10-11 09:14:52,274] [builder.py:2509]           [INFO]     | Collection Metadata Edits                                                                          |
                                                                 | Summary (tmdb_collection_details) | L'ancien champion du monde des poids lourds Rocky Balboa sert d'entraîneur et de mentor au fils d'Apollo Creed, Adonis. Ces films sont à la fois des retombées et des suites de la série de films Rocky.
                                                                 | Label | +TMDb Collections, +PMM
[2022-10-11 09:14:52,472] [builder.py:2513]           [INFO]     | Details: have been updated
[2022-10-11 09:14:52,473] [builder.py:2517]           [INFO]     | 
[2022-10-11 09:14:52,652] [builder.py:2529]           [INFO]     | Collection Mode | hideItems
[2022-10-11 09:14:52,652] [builder.py:2580]           [WARNING]  | Asset Warning: Unable to find asset folder: 'Creed'
[2022-10-11 09:14:52,652] [util.py:150]               [DEBUG]    | 1 poster found:
[2022-10-11 09:14:52,653] [util.py:152]               [DEBUG]    | Method: tmdb_collection_details Poster: https://image.tmdb.org/t/p/original/lFT13Xc4TzIOVkpOy1yGWHBXqNj.jpg
[2022-10-11 09:14:52,653] [util.py:150]               [DEBUG]    | 1 background found:
[2022-10-11 09:14:52,653] [util.py:152]               [DEBUG]    | Method: tmdb_collection_details Background: https://image.tmdb.org/t/p/original/qIRBVovMpYsEi5LUXN4WULYXLpC.jpg
[2022-10-11 09:14:52,673] [library.py:170]            [INFO]     | Detail: tmdb_collection_details updated poster to [URL] https://image.tmdb.org/t/p/original/lFT13Xc4TzIOVkpOy1yGWHBXqNj.jpg
[2022-10-11 09:14:52,718] [library.py:186]            [INFO]     | Detail: tmdb_collection_details updated background to [URL] https://image.tmdb.org/t/p/original/qIRBVovMpYsEi5LUXN4WULYXLpC.jpg
[2022-10-11 09:14:53,003] [plex_meta_manager.py:708]  [INFO]     | 
[2022-10-11 09:14:53,003] [plex_meta_manager.py:709]  [INFO]     |====================================================================================================|
[2022-10-11 09:14:53,003] [plex_meta_manager.py:709]  [INFO]     |                                     Finished Creed Collection                                      |
[2022-10-11 09:14:53,004] [plex_meta_manager.py:709]  [INFO]     |                                    Collection Run Time: 0:00:06                                    |
[2022-10-11 09:14:53,004] [plex_meta_manager.py:709]  [INFO]     |====================================================================================================|
