[2022-10-11 11:19:14,456] [builder.py:200]            [INFO]     |====================================================================================================|
[2022-10-11 11:19:14,456] [builder.py:200]            [INFO]     |                               Mamma Mia! Collection in Z. 1 - Films                                |
[2022-10-11 11:19:14,456] [builder.py:200]            [INFO]     |====================================================================================================|
[2022-10-11 11:19:14,456] [builder.py:201]            [INFO]     |                                                                                                    |
[2022-10-11 11:19:14,456] [builder.py:206]            [INFO]     |================================ Building Definition From Templates ================================|
[2022-10-11 11:19:14,456] [builder.py:222]            [DEBUG]    |                                                                                                    |
[2022-10-11 11:19:14,456] [meta.py:128]               [DEBUG]    | Template my_template                                                                               |
[2022-10-11 11:19:14,457] [meta.py:129]               [DEBUG]    | Call: {'value': ['458558'], 'tmdb_collection': ['458558'], 'key_name': 'Mamma Mia!', 'key': '458558', 'name': 'my_template'} |
[2022-10-11 11:19:14,457] [meta.py:304]               [DEBUG]    |                                                                                                    |
[2022-10-11 11:19:14,457] [meta.py:305]               [DEBUG]    | Variables: {'value': ['458558'], 'tmdb_collection': ['458558'], 'key_name': 'Mamma Mia!', 'key': '458558', 'name': 'my_template', 'collection_name': 'Mamma Mia!', 'mapping_name': 'Mamma Mia!', 'library_type': 'movie', 'library_name': 'Z. 1 - Films', 'value_encoded': '%5B%27458558%27%5D', 'tmdb_collection_encoded': '%5B%27458558%27%5D', 'key_name_encoded': 'Mamma%20Mia%21', 'key_encoded': '458558', 'name_encoded': 'my_template', 'collection_name_encoded': 'Mamma%20Mia%21', 'mapping_name_encoded': 'Mamma%20Mia%21', 'library_type_encoded': 'movie', 'library_name_encoded': 'Z.%201%20-%20Films', 'collection_sort': 'Mamma Mia!'} |
[2022-10-11 11:19:14,457] [meta.py:306]               [DEBUG]    |                                                                                                    |
[2022-10-11 11:19:14,457] [meta.py:307]               [DEBUG]    | Defaults: {}                                                                                       |
[2022-10-11 11:19:14,457] [meta.py:308]               [DEBUG]    |                                                                                                    |
[2022-10-11 11:19:14,457] [meta.py:309]               [DEBUG]    | Optional: ['my_collection_poster', 'my_collection_poster_encoded']                                 |
[2022-10-11 11:19:14,458] [meta.py:370]               [DEBUG]    |                                                                                                    |
[2022-10-11 11:19:14,458] [meta.py:371]               [DEBUG]    | Final Template Attributes: {'tmdb_collection_details': ['458558'], 'collection_order': 'release', 'collection_mode': 'hide_items', 'sort_title': '+C1_Mamma Mia!'} |
[2022-10-11 11:19:14,459] [meta.py:372]               [DEBUG]    |                                                                                                    |
[2022-10-11 11:19:14,459] [builder.py:230]            [INFO]     |================================= Validating Mamma Mia! Attributes =================================|
[2022-10-11 11:19:14,459] [builder.py:620]            [DEBUG]    |                                                                                                    |
[2022-10-11 11:19:14,459] [builder.py:621]            [DEBUG]    | Validating Method: collection_order                                                                |
[2022-10-11 11:19:14,459] [builder.py:622]            [DEBUG]    | Value: release                                                                                     |
[2022-10-11 11:19:14,459] [builder.py:653]            [DEBUG]    |                                                                                                    |
[2022-10-11 11:19:14,459] [builder.py:657]            [DEBUG]    | Validating Method: label                                                                           |
[2022-10-11 11:19:14,460] [builder.py:658]            [DEBUG]    | Value: TMDb Collections                                                                            |
[2022-10-11 11:19:14,460] [builder.py:653]            [DEBUG]    |                                                                                                    |
[2022-10-11 11:19:14,460] [builder.py:657]            [DEBUG]    | Validating Method: tmdb_collection_details                                                         |
[2022-10-11 11:19:14,460] [builder.py:658]            [DEBUG]    | Value: ['458558']                                                                                  |
[2022-10-11 11:19:14,472] [builder.py:653]            [DEBUG]    |                                                                                                    |
[2022-10-11 11:19:14,473] [builder.py:657]            [DEBUG]    | Validating Method: collection_mode                                                                 |
[2022-10-11 11:19:14,473] [builder.py:658]            [DEBUG]    | Value: hide_items                                                                                  |
[2022-10-11 11:19:14,473] [builder.py:653]            [DEBUG]    |                                                                                                    |
[2022-10-11 11:19:14,473] [builder.py:657]            [DEBUG]    | Validating Method: sort_title                                                                      |
[2022-10-11 11:19:14,473] [builder.py:658]            [DEBUG]    | Value: +C1_Mamma Mia!                                                                              |
[2022-10-11 11:19:14,676] [builder.py:823]            [INFO]     |                                                                                                    |
[2022-10-11 11:19:14,676] [builder.py:824]            [INFO]     | Validation Successful                                                                              |
[2022-10-11 11:19:14,676] [plex_meta_manager.py:561]  [INFO]     |                                                                                                    |
[2022-10-11 11:19:14,676] [plex_meta_manager.py:563]  [INFO]     |================================== Running Mamma Mia! Collection ===================================|
[2022-10-11 11:19:14,677] [plex_meta_manager.py:575]  [INFO]     |                                                                                                    |
[2022-10-11 11:19:14,677] [plex_meta_manager.py:576]  [INFO]     | Sync Mode: append                                                                                  |
[2022-10-11 11:19:14,677] [plex_meta_manager.py:579]  [DEBUG]    |                                                                                                    |
[2022-10-11 11:19:14,677] [plex_meta_manager.py:580]  [DEBUG]    | Builder: tmdb_collection: 458558                                                                   |
[2022-10-11 11:19:14,677] [plex_meta_manager.py:581]  [INFO]     |                                                                                                    |
[2022-10-11 11:19:14,682] [tmdb.py:381]               [INFO]     | Processing TMDb Collection: (458558) Mamma Mia! - Saga (2 Items)                                   |
[2022-10-11 11:19:14,682] [builder.py:1581]           [DEBUG]    |                                                                                                    |
[2022-10-11 11:19:14,682] [builder.py:1582]           [DEBUG]    | 2 IDs Found: [(11631, 'tmdb'), (458423, 'tmdb')]                                                   |
[2022-10-11 11:19:14,682] [builder.py:1583]           [DEBUG]    |                                                                                                    |
[2022-10-11 11:19:14,683] [builder.py:2132]           [INFO]     |                                                                                                    |
[2022-10-11 11:19:14,683] [builder.py:2133]           [INFO]     |================================= Adding to Mamma Mia! Collection ==================================|
[2022-10-11 11:19:14,683] [builder.py:2134]           [INFO]     |                                                                                                    |
[2022-10-11 11:19:14,683] [builder.py:2148]           [INFO]     | 1/2 | Mamma Mia! Collection | = | Mamma Mia! (2008)                                                |
[2022-10-11 11:19:14,683] [builder.py:2148]           [INFO]     | 2/2 | Mamma Mia! Collection | = | Mamma Mia ! Here We Go Again (2018)                              |
[2022-10-11 11:19:14,684] [builder.py:2168]           [INFO]     |                                                                                                    |
[2022-10-11 11:19:14,684] [builder.py:2170]           [INFO]     | 2 Movies Processed 0 Movies Added                                                                  |
[2022-10-11 11:19:14,690] [builder.py:2521]           [INFO]     |                                                                                                    |
[2022-10-11 11:19:14,690] [builder.py:2522]           [INFO]     |============================ Updating Details of Mamma Mia! Collection =============================|
[2022-10-11 11:19:14,691] [builder.py:2523]           [INFO]     |                                                                                                    |
[2022-10-11 11:19:14,699] [builder.py:2589]           [INFO]     | Collection Metadata Edits                                                                          |
[2022-10-11 11:19:14,700] [builder.py:2660]           [WARNING]  | Asset Warning: Unable to find asset folder: 'Mamma Mia!'                                           |
[2022-10-11 11:19:14,700] [util.py:171]               [DEBUG]    | 1 poster found:                                                                                    |
[2022-10-11 11:19:14,700] [util.py:173]               [DEBUG]    | Method: tmdb_collection_details Poster: https://image.tmdb.org/t/p/original/xr7ecwIEgjyg63IvOtpJEnU4y67.jpg |
[2022-10-11 11:19:14,701] [util.py:171]               [DEBUG]    | 1 background found:                                                                                |
[2022-10-11 11:19:14,701] [util.py:173]               [DEBUG]    | Method: tmdb_collection_details Background: https://image.tmdb.org/t/p/original/8lmFjt0Lord5vl6iGx3fRlZrBuN.jpg |
[2022-10-11 11:19:14,702] [library.py:173]            [INFO]     | Detail: poster update not needed                                                                   |
[2022-10-11 11:19:14,702] [library.py:189]            [INFO]     | Detail: background update not needed                                                               |
[2022-10-11 11:19:14,888] [plex_meta_manager.py:708]  [INFO]     |                                                                                                    |
[2022-10-11 11:19:14,888] [plex_meta_manager.py:709]  [INFO]     |====================================================================================================|
[2022-10-11 11:19:14,888] [plex_meta_manager.py:709]  [INFO]     |                                   Finished Mamma Mia! Collection                                   |
[2022-10-11 11:19:14,888] [plex_meta_manager.py:709]  [INFO]     |                                    Collection Run Time: 0:00:00                                    |
[2022-10-11 11:19:14,888] [plex_meta_manager.py:709]  [INFO]     |====================================================================================================|
