[2022-10-08 13:05:10,977] [builder.py:197]            [INFO]     |====================================================================================================|
[2022-10-08 13:05:10,977] [builder.py:197]            [INFO]     |                               The Mesrine Collection in Z. 1 - Films                               |
[2022-10-08 13:05:10,977] [builder.py:197]            [INFO]     |====================================================================================================|
[2022-10-08 13:05:10,977] [builder.py:198]            [INFO]     |                                                                                                    |
[2022-10-08 13:05:10,978] [builder.py:203]            [INFO]     |================================ Building Definition From Templates ================================|
[2022-10-08 13:05:10,978] [builder.py:211]            [DEBUG]    |                                                                                                    |
[2022-10-08 13:05:10,978] [meta.py:128]               [DEBUG]    | Template TMDb Collections                                                                          |
[2022-10-08 13:05:10,978] [meta.py:129]               [DEBUG]    | Call: {'value': ['85945'], 'tmdb_collection': ['85945'], 'key_name': 'The Mesrine', 'key': '85945', 'name': 'TMDb Collections'} |
[2022-10-08 13:05:10,978] [meta.py:304]               [DEBUG]    |                                                                                                    |
[2022-10-08 13:05:10,978] [meta.py:305]               [DEBUG]    | Variables: {'value': ['85945'], 'tmdb_collection': ['85945'], 'key_name': 'The Mesrine', 'key': '85945', 'name': 'TMDb Collections', 'collection_name': 'The Mesrine', 'mapping_name': 'The Mesrine', 'library_type': 'movie', 'library_name': 'Z. 1 - Films', 'value_encoded': '%5B%2785945%27%5D', 'tmdb_collection_encoded': '%5B%2785945%27%5D', 'key_name_encoded': 'The%20Mesrine', 'key_encoded': '85945', 'name_encoded': 'TMDb%20Collections', 'collection_name_encoded': 'The%20Mesrine', 'mapping_name_encoded': 'The%20Mesrine', 'library_type_encoded': 'movie', 'library_name_encoded': 'Z.%201%20-%20Films', 'collection_sort': 'The Mesrine'} |
[2022-10-08 13:05:10,978] [meta.py:306]               [DEBUG]    |                                                                                                    |
[2022-10-08 13:05:10,979] [meta.py:307]               [DEBUG]    | Defaults: {}                                                                                       |
[2022-10-08 13:05:10,979] [meta.py:308]               [DEBUG]    |                                                                                                    |
[2022-10-08 13:05:10,979] [meta.py:309]               [DEBUG]    | Optional: []                                                                                       |
[2022-10-08 13:05:10,979] [meta.py:370]               [DEBUG]    |                                                                                                    |
[2022-10-08 13:05:10,979] [meta.py:371]               [DEBUG]    | Final Template Attributes: {'tmdb_collection_details': ['85945'], 'minimum_items': 2}              |
[2022-10-08 13:05:10,980] [meta.py:372]               [DEBUG]    |                                                                                                    |
[2022-10-08 13:05:10,980] [builder.py:219]            [INFO]     |================================ Validating The Mesrine Attributes =================================|
[2022-10-08 13:05:10,980] [builder.py:627]            [DEBUG]    |                                                                                                    |
[2022-10-08 13:05:10,980] [builder.py:631]            [DEBUG]    | Validating Method: label                                                                           |
[2022-10-08 13:05:10,980] [builder.py:632]            [DEBUG]    | Value: TMDb Collections                                                                            |
[2022-10-08 13:05:10,980] [builder.py:627]            [DEBUG]    |                                                                                                    |
[2022-10-08 13:05:10,980] [builder.py:631]            [DEBUG]    | Validating Method: tmdb_collection_details                                                         |
[2022-10-08 13:05:10,981] [builder.py:632]            [DEBUG]    | Value: ['85945']                                                                                   |
[2022-10-08 13:05:10,996] [builder.py:627]            [DEBUG]    |                                                                                                    |
[2022-10-08 13:05:10,996] [builder.py:631]            [DEBUG]    | Validating Method: minimum_items                                                                   |
[2022-10-08 13:05:10,996] [builder.py:632]            [DEBUG]    | Value: 2                                                                                           |
[2022-10-08 13:05:11,157] [builder.py:797]            [INFO]     |                                                                                                    |
[2022-10-08 13:05:11,157] [builder.py:798]            [INFO]     | Validation Successful                                                                              |
[2022-10-08 13:05:11,157] [plex_meta_manager.py:561]  [INFO]     |                                                                                                    |
[2022-10-08 13:05:11,158] [plex_meta_manager.py:563]  [INFO]     |================================== Running The Mesrine Collection ==================================|
[2022-10-08 13:05:11,158] [plex_meta_manager.py:575]  [INFO]     |                                                                                                    |
[2022-10-08 13:05:11,158] [plex_meta_manager.py:576]  [INFO]     | Sync Mode: append                                                                                  |
[2022-10-08 13:05:11,158] [plex_meta_manager.py:579]  [DEBUG]    |                                                                                                    |
[2022-10-08 13:05:11,158] [plex_meta_manager.py:580]  [DEBUG]    | Builder: tmdb_collection: 85945                                                                    |
[2022-10-08 13:05:11,158] [plex_meta_manager.py:581]  [INFO]     |                                                                                                    |
[2022-10-08 13:05:11,164] [tmdb.py:382]               [INFO]     | Processing TMDb Collection: (85945) The Mesrine Collection (2 Items)                               |
[2022-10-08 13:05:11,164] [builder.py:1540]           [DEBUG]    |                                                                                                    |
[2022-10-08 13:05:11,165] [builder.py:1541]           [DEBUG]    | 2 IDs Found: [(13635, 'tmdb'), (15362, 'tmdb')]                                                    |
[2022-10-08 13:05:11,165] [builder.py:1542]           [DEBUG]    |                                                                                                    |
[2022-10-08 13:05:11,165] [builder.py:2064]           [INFO]     |                                                                                                    |
[2022-10-08 13:05:11,165] [builder.py:2065]           [INFO]     |================================= Adding to The Mesrine Collection =================================|
[2022-10-08 13:05:11,166] [builder.py:2066]           [INFO]     |                                                                                                    |
[2022-10-08 13:05:11,166] [builder.py:2080]           [INFO]     | 1/2 | The Mesrine Collection | = | Mesrine : L'Instinct de mort (2008)                             |
[2022-10-08 13:05:11,166] [builder.py:2080]           [INFO]     | 2/2 | The Mesrine Collection | = | Mesrine : L'Ennemi public n°1 (2008)                            |
[2022-10-08 13:05:11,166] [builder.py:2100]           [INFO]     |                                                                                                    |
[2022-10-08 13:05:11,166] [builder.py:2102]           [INFO]     | 2 Movies Processed 0 Movies Added                                                                  |
[2022-10-08 13:05:11,173] [builder.py:2441]           [INFO]     |                                                                                                    |
[2022-10-08 13:05:11,173] [builder.py:2442]           [INFO]     |============================ Updating Details of The Mesrine Collection ============================|
[2022-10-08 13:05:11,173] [builder.py:2443]           [INFO]     |                                                                                                    |
[2022-10-08 13:05:11,182] [builder.py:2509]           [INFO]     | Collection Metadata Edits                                                                          |
[2022-10-08 13:05:11,183] [builder.py:2580]           [WARNING]  | Asset Warning: Unable to find asset folder: 'The Mesrine'                                          |
[2022-10-08 13:05:11,183] [util.py:150]               [DEBUG]    | 1 poster found:                                                                                    |
[2022-10-08 13:05:11,183] [util.py:152]               [DEBUG]    | Method: tmdb_collection_details Poster: https://image.tmdb.org/t/p/original/kFUC6s54Q8jn1eNBqs6xOGa2jeL.jpg |
[2022-10-08 13:05:11,183] [util.py:150]               [DEBUG]    | 1 background found:                                                                                |
[2022-10-08 13:05:11,183] [util.py:152]               [DEBUG]    | Method: tmdb_collection_details Background: https://image.tmdb.org/t/p/original/3SirYFnkQwYhAec3ugZS8BKpMbk.jpg |
[2022-10-08 13:05:11,184] [library.py:172]            [INFO]     | Detail: poster update not needed                                                                   |
[2022-10-08 13:05:11,185] [library.py:188]            [INFO]     | Detail: background update not needed                                                               |
[2022-10-08 13:05:11,363] [plex_meta_manager.py:708]  [INFO]     |                                                                                                    |
[2022-10-08 13:05:11,363] [plex_meta_manager.py:709]  [INFO]     |====================================================================================================|
[2022-10-08 13:05:11,363] [plex_meta_manager.py:709]  [INFO]     |                                  Finished The Mesrine Collection                                   |
[2022-10-08 13:05:11,364] [plex_meta_manager.py:709]  [INFO]     |                                    Collection Run Time: 0:00:00                                    |
[2022-10-08 13:05:11,364] [plex_meta_manager.py:709]  [INFO]     |====================================================================================================|
