[2022-10-11 09:15:41,802] [builder.py:197]            [INFO]     |====================================================================================================|
[2022-10-11 09:15:41,802] [builder.py:197]            [INFO]     |                              Don't Breathe Collection in Z. 1 - Films                              |
[2022-10-11 09:15:41,802] [builder.py:197]            [INFO]     |====================================================================================================|
[2022-10-11 09:15:41,802] [builder.py:198]            [INFO]     |                                                                                                    |
[2022-10-11 09:15:41,802] [builder.py:203]            [INFO]     |================================ Building Definition From Templates ================================|
[2022-10-11 09:15:41,803] [builder.py:211]            [DEBUG]    |                                                                                                    |
[2022-10-11 09:15:41,803] [meta.py:128]               [DEBUG]    | Template my_template                                                                               |
[2022-10-11 09:15:41,803] [meta.py:129]               [DEBUG]    | Call: {'value': ['748919'], 'tmdb_collection': ['748919'], 'key_name': "Don't Breathe", 'key': '748919', 'name': 'my_template'} |
[2022-10-11 09:15:41,803] [meta.py:304]               [DEBUG]    |                                                                                                    |
[2022-10-11 09:15:41,804] [meta.py:305]               [DEBUG]    | Variables: {'value': ['748919'], 'tmdb_collection': ['748919'], 'key_name': "Don't Breathe", 'key': '748919', 'name': 'my_template', 'collection_name': "Don't Breathe", 'mapping_name': "Don't Breathe", 'library_type': 'movie', 'library_name': 'Z. 1 - Films', 'value_encoded': '%5B%27748919%27%5D', 'tmdb_collection_encoded': '%5B%27748919%27%5D', 'key_name_encoded': 'Don%27t%20Breathe', 'key_encoded': '748919', 'name_encoded': 'my_template', 'collection_name_encoded': 'Don%27t%20Breathe', 'mapping_name_encoded': 'Don%27t%20Breathe', 'library_type_encoded': 'movie', 'library_name_encoded': 'Z.%201%20-%20Films', 'collection_sort': "Don't Breathe"} |
[2022-10-11 09:15:41,804] [meta.py:306]               [DEBUG]    |                                                                                                    |
[2022-10-11 09:15:41,804] [meta.py:307]               [DEBUG]    | Defaults: {}                                                                                       |
[2022-10-11 09:15:41,804] [meta.py:308]               [DEBUG]    |                                                                                                    |
[2022-10-11 09:15:41,804] [meta.py:309]               [DEBUG]    | Optional: ['my_collection_poster', 'my_collection_poster_encoded']                                 |
[2022-10-11 09:15:41,805] [meta.py:370]               [DEBUG]    |                                                                                                    |
[2022-10-11 09:15:41,805] [meta.py:371]               [DEBUG]    | Final Template Attributes: {'tmdb_collection_details': ['748919'], 'collection_order': 'release', 'collection_mode': 'hide_items'} |
[2022-10-11 09:15:41,805] [meta.py:372]               [DEBUG]    |                                                                                                    |
[2022-10-11 09:15:41,806] [builder.py:219]            [INFO]     |=============================== Validating Don't Breathe Attributes ================================|
[2022-10-11 09:15:41,806] [builder.py:609]            [DEBUG]    |                                                                                                    |
[2022-10-11 09:15:41,806] [builder.py:610]            [DEBUG]    | Validating Method: collection_order                                                                |
[2022-10-11 09:15:41,806] [builder.py:611]            [DEBUG]    | Value: release                                                                                     |
[2022-10-11 09:15:41,806] [builder.py:627]            [DEBUG]    |                                                                                                    |
[2022-10-11 09:15:41,807] [builder.py:631]            [DEBUG]    | Validating Method: label                                                                           |
[2022-10-11 09:15:41,807] [builder.py:632]            [DEBUG]    | Value: TMDb Collections                                                                            |
[2022-10-11 09:15:41,807] [builder.py:627]            [DEBUG]    |                                                                                                    |
[2022-10-11 09:15:41,807] [builder.py:631]            [DEBUG]    | Validating Method: tmdb_collection_details                                                         |
[2022-10-11 09:15:41,807] [builder.py:632]            [DEBUG]    | Value: ['748919']                                                                                  |
[2022-10-11 09:15:41,824] [builder.py:627]            [DEBUG]    |                                                                                                    |
[2022-10-11 09:15:41,824] [builder.py:631]            [DEBUG]    | Validating Method: collection_mode                                                                 |
[2022-10-11 09:15:41,825] [builder.py:632]            [DEBUG]    | Value: hide_items                                                                                  |
[2022-10-11 09:15:41,831] [plex.py:790]               [DEBUG]    |                                                                                                    |
[2022-10-11 09:15:41,831] [plex.py:793]               [DEBUG]    | Looking for: Don't Breathe                                                                         |
[2022-10-11 09:15:41,831] [builder.py:797]            [INFO]     |                                                                                                    |
[2022-10-11 09:15:41,832] [builder.py:798]            [INFO]     | Validation Successful                                                                              |
[2022-10-11 09:15:41,832] [plex_meta_manager.py:561]  [INFO]     |                                                                                                    |
[2022-10-11 09:15:41,832] [plex_meta_manager.py:563]  [INFO]     |================================= Running Don't Breathe Collection =================================|
[2022-10-11 09:15:41,832] [plex_meta_manager.py:575]  [INFO]     |                                                                                                    |
[2022-10-11 09:15:41,832] [plex_meta_manager.py:576]  [INFO]     | Sync Mode: append                                                                                  |
[2022-10-11 09:15:41,832] [plex_meta_manager.py:579]  [DEBUG]    |                                                                                                    |
[2022-10-11 09:15:41,832] [plex_meta_manager.py:580]  [DEBUG]    | Builder: tmdb_collection: 748919                                                                   |
[2022-10-11 09:15:41,833] [plex_meta_manager.py:581]  [INFO]     |                                                                                                    |
[2022-10-11 09:15:41,837] [tmdb.py:382]               [INFO]     | Processing TMDb Collection: (748919) Don't Breathe - Saga (2 Items)                                |
[2022-10-11 09:15:41,837] [builder.py:1540]           [DEBUG]    |                                                                                                    |
[2022-10-11 09:15:41,837] [builder.py:1541]           [DEBUG]    | 2 IDs Found: [(300669, 'tmdb'), (482373, 'tmdb')]                                                  |
[2022-10-11 09:15:41,837] [builder.py:1542]           [DEBUG]    |                                                                                                    |
[2022-10-11 09:15:41,837] [builder.py:2064]           [INFO]     |                                                                                                    |
[2022-10-11 09:15:41,838] [builder.py:2065]           [INFO]     |================================ Adding to Don't Breathe Collection ================================|
[2022-10-11 09:15:41,838] [builder.py:2066]           [INFO]     |                                                                                                    |
[2022-10-11 09:15:41,838] [builder.py:2080]           [INFO]     | 1/2 | Don't Breathe Collection | + | Don't Breathe : La Maison des ténèbres (2016)                 |
[2022-10-11 09:15:42,066] [builder.py:2080]           [INFO]     | 2/2 | Don't Breathe Collection | + | Don't Breathe 2 (2021)                                        |
[2022-10-11 09:15:44,746] [builder.py:2100]           [INFO]     |                                                                                                    |
[2022-10-11 09:15:44,746] [builder.py:2102]           [INFO]     | 2 Movies Processed 2 Movies Added                                                                  |
[2022-10-11 09:15:44,754] [builder.py:2441]           [INFO]     |                                                                                                    |
[2022-10-11 09:15:44,754] [builder.py:2442]           [INFO]     |=========================== Updating Details of Don't Breathe Collection ===========================|
[2022-10-11 09:15:44,754] [builder.py:2443]           [INFO]     |                                                                                                    |
[2022-10-11 09:15:44,925] [builder.py:2509]           [INFO]     | Collection Metadata Edits                                                                          |
                                                                 | Summary (tmdb_collection_details) | Une série de films mettant l'accent sur un ex-militaire, reclus, aveugle, au passé tragique et vengeur.
                                                                 | Label | +TMDb Collections, +PMM
[2022-10-11 09:15:45,120] [builder.py:2513]           [INFO]     | Details: have been updated
[2022-10-11 09:15:45,120] [builder.py:2517]           [INFO]     | 
[2022-10-11 09:15:45,299] [builder.py:2529]           [INFO]     | Collection Mode | hideItems
[2022-10-11 09:15:45,300] [builder.py:2580]           [WARNING]  | Asset Warning: Unable to find asset folder: 'Don't Breathe'
[2022-10-11 09:15:45,300] [util.py:150]               [DEBUG]    | 1 poster found:
[2022-10-11 09:15:45,300] [util.py:152]               [DEBUG]    | Method: tmdb_collection_details Poster: https://image.tmdb.org/t/p/original/xRcvCUPamxDGNjjXRpNtRfWDGEu.jpg
[2022-10-11 09:15:45,300] [util.py:150]               [DEBUG]    | 1 background found:
[2022-10-11 09:15:45,300] [util.py:152]               [DEBUG]    | Method: tmdb_collection_details Background: https://image.tmdb.org/t/p/original/dItuxD2MjMyrMykhHkLDHdZR7Ei.jpg
[2022-10-11 09:15:45,323] [library.py:170]            [INFO]     | Detail: tmdb_collection_details updated poster to [URL] https://image.tmdb.org/t/p/original/xRcvCUPamxDGNjjXRpNtRfWDGEu.jpg
[2022-10-11 09:15:45,369] [library.py:186]            [INFO]     | Detail: tmdb_collection_details updated background to [URL] https://image.tmdb.org/t/p/original/dItuxD2MjMyrMykhHkLDHdZR7Ei.jpg
[2022-10-11 09:15:45,738] [plex_meta_manager.py:708]  [INFO]     | 
[2022-10-11 09:15:45,739] [plex_meta_manager.py:709]  [INFO]     |====================================================================================================|
[2022-10-11 09:15:45,739] [plex_meta_manager.py:709]  [INFO]     |                                 Finished Don't Breathe Collection                                  |
[2022-10-11 09:15:45,739] [plex_meta_manager.py:709]  [INFO]     |                                    Collection Run Time: 0:00:03                                    |
[2022-10-11 09:15:45,739] [plex_meta_manager.py:709]  [INFO]     |====================================================================================================|
