[2022-10-11 09:18:28,567] [builder.py:197]            [INFO]     |====================================================================================================|
[2022-10-11 09:18:28,567] [builder.py:197]            [INFO]     |                                Iron Man Collection in Z. 1 - Films                                 |
[2022-10-11 09:18:28,568] [builder.py:197]            [INFO]     |====================================================================================================|
[2022-10-11 09:18:28,568] [builder.py:198]            [INFO]     |                                                                                                    |
[2022-10-11 09:18:28,568] [builder.py:203]            [INFO]     |================================ Building Definition From Templates ================================|
[2022-10-11 09:18:28,568] [builder.py:211]            [DEBUG]    |                                                                                                    |
[2022-10-11 09:18:28,569] [meta.py:128]               [DEBUG]    | Template my_template                                                                               |
[2022-10-11 09:18:28,569] [meta.py:129]               [DEBUG]    | Call: {'value': ['131292'], 'tmdb_collection': ['131292'], 'key_name': 'Iron Man', 'key': '131292', 'name': 'my_template'} |
[2022-10-11 09:18:28,569] [meta.py:304]               [DEBUG]    |                                                                                                    |
[2022-10-11 09:18:28,570] [meta.py:305]               [DEBUG]    | Variables: {'value': ['131292'], 'tmdb_collection': ['131292'], 'key_name': 'Iron Man', 'key': '131292', 'name': 'my_template', 'collection_name': 'Iron Man', 'mapping_name': 'Iron Man', 'library_type': 'movie', 'library_name': 'Z. 1 - Films', 'value_encoded': '%5B%27131292%27%5D', 'tmdb_collection_encoded': '%5B%27131292%27%5D', 'key_name_encoded': 'Iron%20Man', 'key_encoded': '131292', 'name_encoded': 'my_template', 'collection_name_encoded': 'Iron%20Man', 'mapping_name_encoded': 'Iron%20Man', 'library_type_encoded': 'movie', 'library_name_encoded': 'Z.%201%20-%20Films', 'collection_sort': 'Iron Man'} |
[2022-10-11 09:18:28,570] [meta.py:306]               [DEBUG]    |                                                                                                    |
[2022-10-11 09:18:28,570] [meta.py:307]               [DEBUG]    | Defaults: {}                                                                                       |
[2022-10-11 09:18:28,571] [meta.py:308]               [DEBUG]    |                                                                                                    |
[2022-10-11 09:18:28,571] [meta.py:309]               [DEBUG]    | Optional: ['my_collection_poster', 'my_collection_poster_encoded']                                 |
[2022-10-11 09:18:28,572] [meta.py:370]               [DEBUG]    |                                                                                                    |
[2022-10-11 09:18:28,572] [meta.py:371]               [DEBUG]    | Final Template Attributes: {'tmdb_collection_details': ['131292'], 'collection_order': 'release', 'collection_mode': 'hide_items'} |
[2022-10-11 09:18:28,572] [meta.py:372]               [DEBUG]    |                                                                                                    |
[2022-10-11 09:18:28,573] [builder.py:219]            [INFO]     |================================== Validating Iron Man Attributes ==================================|
[2022-10-11 09:18:28,573] [builder.py:609]            [DEBUG]    |                                                                                                    |
[2022-10-11 09:18:28,573] [builder.py:610]            [DEBUG]    | Validating Method: collection_order                                                                |
[2022-10-11 09:18:28,573] [builder.py:611]            [DEBUG]    | Value: release                                                                                     |
[2022-10-11 09:18:28,573] [builder.py:627]            [DEBUG]    |                                                                                                    |
[2022-10-11 09:18:28,574] [builder.py:631]            [DEBUG]    | Validating Method: label                                                                           |
[2022-10-11 09:18:28,574] [builder.py:632]            [DEBUG]    | Value: TMDb Collections                                                                            |
[2022-10-11 09:18:28,574] [builder.py:627]            [DEBUG]    |                                                                                                    |
[2022-10-11 09:18:28,575] [builder.py:631]            [DEBUG]    | Validating Method: tmdb_collection_details                                                         |
[2022-10-11 09:18:28,575] [builder.py:632]            [DEBUG]    | Value: ['131292']                                                                                  |
[2022-10-11 09:18:28,590] [builder.py:627]            [DEBUG]    |                                                                                                    |
[2022-10-11 09:18:28,590] [builder.py:631]            [DEBUG]    | Validating Method: collection_mode                                                                 |
[2022-10-11 09:18:28,590] [builder.py:632]            [DEBUG]    | Value: hide_items                                                                                  |
[2022-10-11 09:18:28,597] [plex.py:790]               [DEBUG]    |                                                                                                    |
[2022-10-11 09:18:28,597] [plex.py:793]               [DEBUG]    | Looking for: Iron Man                                                                              |
[2022-10-11 09:18:28,597] [builder.py:797]            [INFO]     |                                                                                                    |
[2022-10-11 09:18:28,597] [builder.py:798]            [INFO]     | Validation Successful                                                                              |
[2022-10-11 09:18:28,598] [plex_meta_manager.py:561]  [INFO]     |                                                                                                    |
[2022-10-11 09:18:28,598] [plex_meta_manager.py:563]  [INFO]     |=================================== Running Iron Man Collection ====================================|
[2022-10-11 09:18:28,598] [plex_meta_manager.py:575]  [INFO]     |                                                                                                    |
[2022-10-11 09:18:28,598] [plex_meta_manager.py:576]  [INFO]     | Sync Mode: append                                                                                  |
[2022-10-11 09:18:28,598] [plex_meta_manager.py:579]  [DEBUG]    |                                                                                                    |
[2022-10-11 09:18:28,599] [plex_meta_manager.py:580]  [DEBUG]    | Builder: tmdb_collection: 131292                                                                   |
[2022-10-11 09:18:28,599] [plex_meta_manager.py:581]  [INFO]     |                                                                                                    |
[2022-10-11 09:18:28,604] [tmdb.py:382]               [INFO]     | Processing TMDb Collection: (131292) Iron Man - Saga (3 Items)                                     |
[2022-10-11 09:18:28,605] [builder.py:1540]           [DEBUG]    |                                                                                                    |
[2022-10-11 09:18:28,605] [builder.py:1541]           [DEBUG]    | 3 IDs Found: [(1726, 'tmdb'), (10138, 'tmdb'), (68721, 'tmdb')]                                    |
[2022-10-11 09:18:28,605] [builder.py:1542]           [DEBUG]    |                                                                                                    |
[2022-10-11 09:18:28,605] [builder.py:2064]           [INFO]     |                                                                                                    |
[2022-10-11 09:18:28,606] [builder.py:2065]           [INFO]     |================================== Adding to Iron Man Collection ===================================|
[2022-10-11 09:18:28,606] [builder.py:2066]           [INFO]     |                                                                                                    |
[2022-10-11 09:18:28,606] [builder.py:2080]           [INFO]     | 1/3 | Iron Man Collection | + | Iron Man (2008)                                                    |
[2022-10-11 09:18:28,886] [builder.py:2080]           [INFO]     | 2/3 | Iron Man Collection | + | Iron Man 2 (2010)                                                  |
[2022-10-11 09:18:28,925] [builder.py:2080]           [INFO]     | 3/3 | Iron Man Collection | + | Iron Man 3 (2013)                                                  |
[2022-10-11 09:18:31,729] [builder.py:2100]           [INFO]     |                                                                                                    |
[2022-10-11 09:18:31,729] [builder.py:2102]           [INFO]     | 3 Movies Processed 3 Movies Added                                                                  |
[2022-10-11 09:18:31,736] [builder.py:2441]           [INFO]     |                                                                                                    |
[2022-10-11 09:18:31,736] [builder.py:2442]           [INFO]     |============================= Updating Details of Iron Man Collection ==============================|
[2022-10-11 09:18:31,736] [builder.py:2443]           [INFO]     |                                                                                                    |
[2022-10-11 09:18:31,907] [builder.py:2509]           [INFO]     | Collection Metadata Edits                                                                          |
                                                                 | Summary (tmdb_collection_details) | Collection des films Iron Man (littéralement l'Homme de Fer), super-héros de comics créé en 1963 par Stan Lee pour Marvel Comics.
                                                                 | Label | +TMDb Collections, +PMM
[2022-10-11 09:18:32,107] [builder.py:2513]           [INFO]     | Details: have been updated
[2022-10-11 09:18:32,107] [builder.py:2517]           [INFO]     | 
[2022-10-11 09:18:32,283] [builder.py:2529]           [INFO]     | Collection Mode | hideItems
[2022-10-11 09:18:32,283] [builder.py:2580]           [WARNING]  | Asset Warning: Unable to find asset folder: 'Iron Man'
[2022-10-11 09:18:32,283] [util.py:150]               [DEBUG]    | 1 poster found:
[2022-10-11 09:18:32,284] [util.py:152]               [DEBUG]    | Method: tmdb_collection_details Poster: https://image.tmdb.org/t/p/original/eQL1D0lqTDH9phzwE6bD1x3gKCc.jpg
[2022-10-11 09:18:32,284] [util.py:150]               [DEBUG]    | 1 background found:
[2022-10-11 09:18:32,284] [util.py:152]               [DEBUG]    | Method: tmdb_collection_details Background: https://image.tmdb.org/t/p/original/rI8zOWkRQJdlAyQ6WJOSlYK6JxZ.jpg
[2022-10-11 09:18:32,327] [library.py:170]            [INFO]     | Detail: tmdb_collection_details updated poster to [URL] https://image.tmdb.org/t/p/original/eQL1D0lqTDH9phzwE6bD1x3gKCc.jpg
[2022-10-11 09:18:32,351] [library.py:186]            [INFO]     | Detail: tmdb_collection_details updated background to [URL] https://image.tmdb.org/t/p/original/rI8zOWkRQJdlAyQ6WJOSlYK6JxZ.jpg
[2022-10-11 09:18:32,609] [plex_meta_manager.py:708]  [INFO]     | 
[2022-10-11 09:18:32,609] [plex_meta_manager.py:709]  [INFO]     |====================================================================================================|
[2022-10-11 09:18:32,609] [plex_meta_manager.py:709]  [INFO]     |                                    Finished Iron Man Collection                                    |
[2022-10-11 09:18:32,610] [plex_meta_manager.py:709]  [INFO]     |                                    Collection Run Time: 0:00:04                                    |
[2022-10-11 09:18:32,610] [plex_meta_manager.py:709]  [INFO]     |====================================================================================================|
