[2022-10-11 11:00:36,091] [builder.py:197]            [INFO]     |====================================================================================================|
[2022-10-11 11:00:36,092] [builder.py:197]            [INFO]     |                                Deadpool Collection in Z. 1 - Films                                 |
[2022-10-11 11:00:36,092] [builder.py:197]            [INFO]     |====================================================================================================|
[2022-10-11 11:00:36,092] [builder.py:198]            [INFO]     |                                                                                                    |
[2022-10-11 11:00:36,092] [builder.py:203]            [INFO]     |================================ Building Definition From Templates ================================|
[2022-10-11 11:00:36,092] [builder.py:211]            [DEBUG]    |                                                                                                    |
[2022-10-11 11:00:36,093] [meta.py:128]               [DEBUG]    | Template my_template                                                                               |
[2022-10-11 11:00:36,093] [meta.py:129]               [DEBUG]    | Call: {'value': ['448150'], 'tmdb_collection': ['448150'], 'key_name': 'Deadpool', 'key': '448150', 'name': 'my_template'} |
[2022-10-11 11:00:36,093] [meta.py:304]               [DEBUG]    |                                                                                                    |
[2022-10-11 11:00:36,093] [meta.py:305]               [DEBUG]    | Variables: {'value': ['448150'], 'tmdb_collection': ['448150'], 'key_name': 'Deadpool', 'key': '448150', 'name': 'my_template', 'collection_name': 'Deadpool', 'mapping_name': 'Deadpool', 'library_type': 'movie', 'library_name': 'Z. 1 - Films', 'value_encoded': '%5B%27448150%27%5D', 'tmdb_collection_encoded': '%5B%27448150%27%5D', 'key_name_encoded': 'Deadpool', 'key_encoded': '448150', 'name_encoded': 'my_template', 'collection_name_encoded': 'Deadpool', 'mapping_name_encoded': 'Deadpool', 'library_type_encoded': 'movie', 'library_name_encoded': 'Z.%201%20-%20Films', 'collection_sort': 'Deadpool'} |
[2022-10-11 11:00:36,094] [meta.py:306]               [DEBUG]    |                                                                                                    |
[2022-10-11 11:00:36,094] [meta.py:307]               [DEBUG]    | Defaults: {}                                                                                       |
[2022-10-11 11:00:36,094] [meta.py:308]               [DEBUG]    |                                                                                                    |
[2022-10-11 11:00:36,094] [meta.py:309]               [DEBUG]    | Optional: ['my_collection_poster', 'my_collection_poster_encoded']                                 |
[2022-10-11 11:00:36,095] [meta.py:370]               [DEBUG]    |                                                                                                    |
[2022-10-11 11:00:36,096] [meta.py:371]               [DEBUG]    | Final Template Attributes: {'tmdb_collection_details': ['448150'], 'collection_order': 'release', 'collection_mode': 'hide_items', 'sort_title': '+C1_Deadpool'} |
[2022-10-11 11:00:36,096] [meta.py:372]               [DEBUG]    |                                                                                                    |
[2022-10-11 11:00:36,096] [builder.py:219]            [INFO]     |================================== Validating Deadpool Attributes ==================================|
[2022-10-11 11:00:36,096] [builder.py:609]            [DEBUG]    |                                                                                                    |
[2022-10-11 11:00:36,097] [builder.py:610]            [DEBUG]    | Validating Method: collection_order                                                                |
[2022-10-11 11:00:36,097] [builder.py:611]            [DEBUG]    | Value: release                                                                                     |
[2022-10-11 11:00:36,097] [builder.py:627]            [DEBUG]    |                                                                                                    |
[2022-10-11 11:00:36,097] [builder.py:631]            [DEBUG]    | Validating Method: label                                                                           |
[2022-10-11 11:00:36,097] [builder.py:632]            [DEBUG]    | Value: TMDb Collections                                                                            |
[2022-10-11 11:00:36,097] [builder.py:627]            [DEBUG]    |                                                                                                    |
[2022-10-11 11:00:36,098] [builder.py:631]            [DEBUG]    | Validating Method: tmdb_collection_details                                                         |
[2022-10-11 11:00:36,098] [builder.py:632]            [DEBUG]    | Value: ['448150']                                                                                  |
[2022-10-11 11:00:36,114] [builder.py:627]            [DEBUG]    |                                                                                                    |
[2022-10-11 11:00:36,115] [builder.py:631]            [DEBUG]    | Validating Method: collection_mode                                                                 |
[2022-10-11 11:00:36,115] [builder.py:632]            [DEBUG]    | Value: hide_items                                                                                  |
[2022-10-11 11:00:36,115] [builder.py:627]            [DEBUG]    |                                                                                                    |
[2022-10-11 11:00:36,115] [builder.py:631]            [DEBUG]    | Validating Method: sort_title                                                                      |
[2022-10-11 11:00:36,115] [builder.py:632]            [DEBUG]    | Value: +C1_Deadpool                                                                                |
[2022-10-11 11:00:36,318] [builder.py:797]            [INFO]     |                                                                                                    |
[2022-10-11 11:00:36,318] [builder.py:798]            [INFO]     | Validation Successful                                                                              |
[2022-10-11 11:00:36,318] [plex_meta_manager.py:561]  [INFO]     |                                                                                                    |
[2022-10-11 11:00:36,319] [plex_meta_manager.py:563]  [INFO]     |=================================== Running Deadpool Collection ====================================|
[2022-10-11 11:00:36,319] [plex_meta_manager.py:575]  [INFO]     |                                                                                                    |
[2022-10-11 11:00:36,319] [plex_meta_manager.py:576]  [INFO]     | Sync Mode: append                                                                                  |
[2022-10-11 11:00:36,319] [plex_meta_manager.py:579]  [DEBUG]    |                                                                                                    |
[2022-10-11 11:00:36,319] [plex_meta_manager.py:580]  [DEBUG]    | Builder: tmdb_collection: 448150                                                                   |
[2022-10-11 11:00:36,319] [plex_meta_manager.py:581]  [INFO]     |                                                                                                    |
[2022-10-11 11:00:36,324] [tmdb.py:382]               [INFO]     | Processing TMDb Collection: (448150) Deadpool - Saga (3 Items)                                     |
[2022-10-11 11:00:36,324] [builder.py:1540]           [DEBUG]    |                                                                                                    |
[2022-10-11 11:00:36,325] [builder.py:1541]           [DEBUG]    | 3 IDs Found: [(293660, 'tmdb'), (383498, 'tmdb'), (533535, 'tmdb')]                                |
[2022-10-11 11:00:36,325] [builder.py:1542]           [DEBUG]    |                                                                                                    |
[2022-10-11 11:00:36,325] [builder.py:2064]           [INFO]     |                                                                                                    |
[2022-10-11 11:00:36,325] [builder.py:2065]           [INFO]     |================================== Adding to Deadpool Collection ===================================|
[2022-10-11 11:00:36,325] [builder.py:2066]           [INFO]     |                                                                                                    |
[2022-10-11 11:00:36,325] [builder.py:2080]           [INFO]     | 1/2 | Deadpool Collection | = | Deadpool (2016)                                                    |
[2022-10-11 11:00:36,326] [builder.py:2080]           [INFO]     | 2/2 | Deadpool Collection | = | Deadpool 2 (2018)                                                  |
[2022-10-11 11:00:36,326] [builder.py:2100]           [INFO]     |                                                                                                    |
[2022-10-11 11:00:36,326] [builder.py:2102]           [INFO]     | 2 Movies Processed 0 Movies Added                                                                  |
[2022-10-11 11:00:36,326] [builder.py:2228]           [INFO]     |                                                                                                    |
[2022-10-11 11:00:36,326] [builder.py:2229]           [INFO]     |============================ Missing Movies from Library: Z. 1 - Films =============================|
[2022-10-11 11:00:36,326] [builder.py:2230]           [INFO]     |                                                                                                    |
[2022-10-11 11:00:36,337] [builder.py:2243]           [INFO]     | Deadpool Collection | ? | Deadpool 3 (2024) (TMDb: 533535)                                         |
[2022-10-11 11:00:36,337] [builder.py:2248]           [INFO]     |                                                                                                    |
[2022-10-11 11:00:36,337] [builder.py:2249]           [INFO]     | 1 Movie Missing                                                                                    |
[2022-10-11 11:00:36,378] [builder.py:2441]           [INFO]     |                                                                                                    |
[2022-10-11 11:00:36,379] [builder.py:2442]           [INFO]     |============================= Updating Details of Deadpool Collection ==============================|
[2022-10-11 11:00:36,379] [builder.py:2443]           [INFO]     |                                                                                                    |
[2022-10-11 11:00:36,386] [builder.py:2509]           [INFO]     | Collection Metadata Edits                                                                          |
                                                                 | Sort Title | +C1_Deadpool
[2022-10-11 11:00:36,573] [builder.py:2513]           [INFO]     | Details: have been updated
[2022-10-11 11:00:36,574] [builder.py:2517]           [INFO]     | 
[2022-10-11 11:00:36,574] [builder.py:2580]           [WARNING]  | Asset Warning: Unable to find asset folder: 'Deadpool'
[2022-10-11 11:00:36,574] [util.py:150]               [DEBUG]    | 1 poster found:
[2022-10-11 11:00:36,574] [util.py:152]               [DEBUG]    | Method: tmdb_collection_details Poster: https://image.tmdb.org/t/p/original/7TinzqrQnJsvHHGsDkKz6fjow30.jpg
[2022-10-11 11:00:36,575] [util.py:150]               [DEBUG]    | 1 background found:
[2022-10-11 11:00:36,575] [util.py:152]               [DEBUG]    | Method: tmdb_collection_details Background: https://image.tmdb.org/t/p/original/hBQOWY8qWXJVFAc8yLTh1teIu43.jpg
[2022-10-11 11:00:36,576] [library.py:172]            [INFO]     | Detail: poster update not needed
[2022-10-11 11:00:36,576] [library.py:188]            [INFO]     | Detail: background update not needed
[2022-10-11 11:00:36,770] [plex_meta_manager.py:708]  [INFO]     | 
[2022-10-11 11:00:36,771] [plex_meta_manager.py:709]  [INFO]     |====================================================================================================|
[2022-10-11 11:00:36,771] [plex_meta_manager.py:709]  [INFO]     |                                    Finished Deadpool Collection                                    |
[2022-10-11 11:00:36,771] [plex_meta_manager.py:709]  [INFO]     |                                    Collection Run Time: 0:00:00                                    |
[2022-10-11 11:00:36,771] [plex_meta_manager.py:709]  [INFO]     |====================================================================================================|
