[2022-10-11 11:19:06,965] [builder.py:200]            [INFO]     |====================================================================================================|
[2022-10-11 11:19:06,965] [builder.py:200]            [INFO]     |                               Transporter Collection in Z. 1 - Films                               |
[2022-10-11 11:19:06,965] [builder.py:200]            [INFO]     |====================================================================================================|
[2022-10-11 11:19:06,966] [builder.py:201]            [INFO]     |                                                                                                    |
[2022-10-11 11:19:06,966] [builder.py:206]            [INFO]     |================================ Building Definition From Templates ================================|
[2022-10-11 11:19:06,966] [builder.py:222]            [DEBUG]    |                                                                                                    |
[2022-10-11 11:19:06,966] [meta.py:128]               [DEBUG]    | Template my_template                                                                               |
[2022-10-11 11:19:06,966] [meta.py:129]               [DEBUG]    | Call: {'value': ['9518'], 'tmdb_collection': ['9518'], 'key_name': 'Transporter', 'key': '9518', 'name': 'my_template'} |
[2022-10-11 11:19:06,966] [meta.py:304]               [DEBUG]    |                                                                                                    |
[2022-10-11 11:19:06,967] [meta.py:305]               [DEBUG]    | Variables: {'value': ['9518'], 'tmdb_collection': ['9518'], 'key_name': 'Transporter', 'key': '9518', 'name': 'my_template', 'collection_name': 'Transporter', 'mapping_name': 'Transporter', 'library_type': 'movie', 'library_name': 'Z. 1 - Films', 'value_encoded': '%5B%279518%27%5D', 'tmdb_collection_encoded': '%5B%279518%27%5D', 'key_name_encoded': 'Transporter', 'key_encoded': '9518', 'name_encoded': 'my_template', 'collection_name_encoded': 'Transporter', 'mapping_name_encoded': 'Transporter', 'library_type_encoded': 'movie', 'library_name_encoded': 'Z.%201%20-%20Films', 'collection_sort': 'Transporter'} |
[2022-10-11 11:19:06,967] [meta.py:306]               [DEBUG]    |                                                                                                    |
[2022-10-11 11:19:06,967] [meta.py:307]               [DEBUG]    | Defaults: {}                                                                                       |
[2022-10-11 11:19:06,967] [meta.py:308]               [DEBUG]    |                                                                                                    |
[2022-10-11 11:19:06,967] [meta.py:309]               [DEBUG]    | Optional: ['my_collection_poster', 'my_collection_poster_encoded']                                 |
[2022-10-11 11:19:06,968] [meta.py:370]               [DEBUG]    |                                                                                                    |
[2022-10-11 11:19:06,968] [meta.py:371]               [DEBUG]    | Final Template Attributes: {'tmdb_collection_details': ['9518'], 'collection_order': 'release', 'collection_mode': 'hide_items', 'sort_title': '+C1_Transporter'} |
[2022-10-11 11:19:06,968] [meta.py:372]               [DEBUG]    |                                                                                                    |
[2022-10-11 11:19:06,968] [builder.py:230]            [INFO]     |================================ Validating Transporter Attributes =================================|
[2022-10-11 11:19:06,969] [builder.py:620]            [DEBUG]    |                                                                                                    |
[2022-10-11 11:19:06,969] [builder.py:621]            [DEBUG]    | Validating Method: collection_order                                                                |
[2022-10-11 11:19:06,969] [builder.py:622]            [DEBUG]    | Value: release                                                                                     |
[2022-10-11 11:19:06,969] [builder.py:653]            [DEBUG]    |                                                                                                    |
[2022-10-11 11:19:06,969] [builder.py:657]            [DEBUG]    | Validating Method: label                                                                           |
[2022-10-11 11:19:06,969] [builder.py:658]            [DEBUG]    | Value: TMDb Collections                                                                            |
[2022-10-11 11:19:06,969] [builder.py:653]            [DEBUG]    |                                                                                                    |
[2022-10-11 11:19:06,969] [builder.py:657]            [DEBUG]    | Validating Method: tmdb_collection_details                                                         |
[2022-10-11 11:19:06,970] [builder.py:658]            [DEBUG]    | Value: ['9518']                                                                                    |
[2022-10-11 11:19:06,986] [builder.py:653]            [DEBUG]    |                                                                                                    |
[2022-10-11 11:19:06,986] [builder.py:657]            [DEBUG]    | Validating Method: collection_mode                                                                 |
[2022-10-11 11:19:06,986] [builder.py:658]            [DEBUG]    | Value: hide_items                                                                                  |
[2022-10-11 11:19:06,987] [builder.py:653]            [DEBUG]    |                                                                                                    |
[2022-10-11 11:19:06,987] [builder.py:657]            [DEBUG]    | Validating Method: sort_title                                                                      |
[2022-10-11 11:19:06,987] [builder.py:658]            [DEBUG]    | Value: +C1_Transporter                                                                             |
[2022-10-11 11:19:07,199] [builder.py:823]            [INFO]     |                                                                                                    |
[2022-10-11 11:19:07,200] [builder.py:824]            [INFO]     | Validation Successful                                                                              |
[2022-10-11 11:19:07,200] [plex_meta_manager.py:561]  [INFO]     |                                                                                                    |
[2022-10-11 11:19:07,200] [plex_meta_manager.py:563]  [INFO]     |================================== Running Transporter Collection ==================================|
[2022-10-11 11:19:07,200] [plex_meta_manager.py:575]  [INFO]     |                                                                                                    |
[2022-10-11 11:19:07,200] [plex_meta_manager.py:576]  [INFO]     | Sync Mode: append                                                                                  |
[2022-10-11 11:19:07,200] [plex_meta_manager.py:579]  [DEBUG]    |                                                                                                    |
[2022-10-11 11:19:07,201] [plex_meta_manager.py:580]  [DEBUG]    | Builder: tmdb_collection: 9518                                                                     |
[2022-10-11 11:19:07,201] [plex_meta_manager.py:581]  [INFO]     |                                                                                                    |
[2022-10-11 11:19:07,206] [tmdb.py:381]               [INFO]     | Processing TMDb Collection: (9518) Le Transporteur - Saga (4 Items)                                |
[2022-10-11 11:19:07,206] [builder.py:1581]           [DEBUG]    |                                                                                                    |
[2022-10-11 11:19:07,207] [builder.py:1582]           [DEBUG]    | 4 IDs Found: [(4108, 'tmdb'), (13387, 'tmdb'), (9335, 'tmdb'), (287948, 'tmdb')]                   |
[2022-10-11 11:19:07,207] [builder.py:1583]           [DEBUG]    |                                                                                                    |
[2022-10-11 11:19:07,207] [builder.py:2132]           [INFO]     |                                                                                                    |
[2022-10-11 11:19:07,207] [builder.py:2133]           [INFO]     |================================= Adding to Transporter Collection =================================|
[2022-10-11 11:19:07,207] [builder.py:2134]           [INFO]     |                                                                                                    |
[2022-10-11 11:19:07,207] [builder.py:2148]           [INFO]     | 1/4 | Transporter Collection | = | Le Transporteur (2002)                                          |
[2022-10-11 11:19:07,208] [builder.py:2148]           [INFO]     | 2/4 | Transporter Collection | = | Le Transporteur 3 (2008)                                        |
[2022-10-11 11:19:07,208] [builder.py:2148]           [INFO]     | 3/4 | Transporter Collection | = | Le Transporteur 2 (2005)                                        |
[2022-10-11 11:19:07,208] [builder.py:2148]           [INFO]     | 4/4 | Transporter Collection | = | Le Transporteur: Héritage (2015)                                |
[2022-10-11 11:19:07,208] [builder.py:2168]           [INFO]     |                                                                                                    |
[2022-10-11 11:19:07,208] [builder.py:2170]           [INFO]     | 4 Movies Processed 0 Movies Added                                                                  |
[2022-10-11 11:19:07,216] [builder.py:2521]           [INFO]     |                                                                                                    |
[2022-10-11 11:19:07,216] [builder.py:2522]           [INFO]     |============================ Updating Details of Transporter Collection ============================|
[2022-10-11 11:19:07,217] [builder.py:2523]           [INFO]     |                                                                                                    |
[2022-10-11 11:19:07,224] [builder.py:2589]           [INFO]     | Collection Metadata Edits                                                                          |
[2022-10-11 11:19:07,225] [builder.py:2660]           [WARNING]  | Asset Warning: Unable to find asset folder: 'Transporter'                                          |
[2022-10-11 11:19:07,225] [util.py:171]               [DEBUG]    | 1 poster found:                                                                                    |
[2022-10-11 11:19:07,225] [util.py:173]               [DEBUG]    | Method: tmdb_collection_details Poster: https://image.tmdb.org/t/p/original/8hRJlzbK0KYPCEmIPvQoKctIAwc.jpg |
[2022-10-11 11:19:07,225] [util.py:171]               [DEBUG]    | 1 background found:                                                                                |
[2022-10-11 11:19:07,225] [util.py:173]               [DEBUG]    | Method: tmdb_collection_details Background: https://image.tmdb.org/t/p/original/qDuTIGAEbxF3jP9zNILLAoxNLpU.jpg |
[2022-10-11 11:19:07,226] [library.py:173]            [INFO]     | Detail: poster update not needed                                                                   |
[2022-10-11 11:19:07,227] [library.py:189]            [INFO]     | Detail: background update not needed                                                               |
[2022-10-11 11:19:07,425] [plex_meta_manager.py:708]  [INFO]     |                                                                                                    |
[2022-10-11 11:19:07,425] [plex_meta_manager.py:709]  [INFO]     |====================================================================================================|
[2022-10-11 11:19:07,425] [plex_meta_manager.py:709]  [INFO]     |                                  Finished Transporter Collection                                   |
[2022-10-11 11:19:07,425] [plex_meta_manager.py:709]  [INFO]     |                                    Collection Run Time: 0:00:00                                    |
[2022-10-11 11:19:07,425] [plex_meta_manager.py:709]  [INFO]     |====================================================================================================|
