[2022-09-29 22:48:53,160] [builder.py:197]            [INFO]     |====================================================================================================|
[2022-09-29 22:48:53,160] [builder.py:197]            [INFO]     |                                 Popular Collection in Z. 1 - Films                                 |
[2022-09-29 22:48:53,160] [builder.py:197]            [INFO]     |====================================================================================================|
[2022-09-29 22:48:53,160] [builder.py:198]            [INFO]     |                                                                                                    |
[2022-09-29 22:48:53,161] [builder.py:203]            [INFO]     |================================ Building Definition From Templates ================================|
[2022-09-29 22:48:53,161] [builder.py:211]            [DEBUG]    |                                                                                                    |
[2022-09-29 22:48:53,161] [meta.py:128]               [DEBUG]    | Template Chart                                                                                     |
[2022-09-29 22:48:53,161] [meta.py:129]               [DEBUG]    | Call: ordereddict([('name', 'Chart'), ('num', 3)])                                                 |
[2022-09-29 22:48:53,162] [meta.py:304]               [DEBUG]    |                                                                                                    |
[2022-09-29 22:48:53,162] [meta.py:305]               [DEBUG]    | Variables: ordereddict([('name', 'Chart'), ('num', 3), ('collection_name', 'Popular'), ('mapping_name', 'Popular'), ('library_type', 'movie'), ('library_name', 'Z. 1 - Films'), ('name_encoded', 'Chart'), ('num_encoded', '3'), ('collection_name_encoded', 'Popular'), ('mapping_name_encoded', 'Popular'), ('library_type_encoded', 'movie'), ('library_name_encoded', 'Z.%201%20-%20Films'), ('collection_sort', 'Popular')]) |
[2022-09-29 22:48:53,162] [meta.py:306]               [DEBUG]    |                                                                                                    |
[2022-09-29 22:48:53,162] [meta.py:307]               [DEBUG]    | Defaults: {}                                                                                       |
[2022-09-29 22:48:53,162] [meta.py:308]               [DEBUG]    |                                                                                                    |
[2022-09-29 22:48:53,162] [meta.py:309]               [DEBUG]    | Optional: []                                                                                       |
[2022-09-29 22:48:53,163] [meta.py:370]               [DEBUG]    |                                                                                                    |
[2022-09-29 22:48:53,163] [meta.py:371]               [DEBUG]    | Final Template Attributes: {'sort_title': '+1_3Popular', 'sync_mode': 'sync', 'smart_label': 'random'} |
[2022-09-29 22:48:53,163] [meta.py:372]               [DEBUG]    |                                                                                                    |
[2022-09-29 22:48:53,163] [builder.py:219]            [INFO]     |================================== Validating Popular Attributes ===================================|
[2022-09-29 22:48:53,164] [builder.py:488]            [DEBUG]    |                                                                                                    |
[2022-09-29 22:48:53,164] [builder.py:489]            [DEBUG]    | Validating Method: sync_mode                                                                       |
[2022-09-29 22:48:53,164] [builder.py:493]            [DEBUG]    | Value: sync                                                                                        |
[2022-09-29 22:48:53,164] [builder.py:538]            [DEBUG]    |                                                                                                    |
[2022-09-29 22:48:53,164] [builder.py:539]            [DEBUG]    | Validating Method: smart_label                                                                     |
[2022-09-29 22:48:53,164] [builder.py:544]            [DEBUG]    | Value: random                                                                                      |
[2022-09-29 22:48:53,175] [builder.py:627]            [DEBUG]    |                                                                                                    |
[2022-09-29 22:48:53,175] [builder.py:631]            [DEBUG]    | Validating Method: url_poster                                                                      |
[2022-09-29 22:48:53,175] [builder.py:632]            [DEBUG]    | Value: https://raw.githubusercontent.com/MonsieurZed/poster/main/img/TOP_POPULAR_IMDB.png          |
[2022-09-29 22:48:53,180] [builder.py:627]            [DEBUG]    |                                                                                                    |
[2022-09-29 22:48:53,181] [builder.py:631]            [DEBUG]    | Validating Method: tmdb_popular                                                                    |
[2022-09-29 22:48:53,181] [builder.py:632]            [DEBUG]    | Value: 50                                                                                          |
[2022-09-29 22:48:53,181] [builder.py:627]            [DEBUG]    |                                                                                                    |
[2022-09-29 22:48:53,181] [builder.py:631]            [DEBUG]    | Validating Method: imdb_list                                                                       |
[2022-09-29 22:48:53,182] [builder.py:632]            [DEBUG]    | Value: ordereddict([('url', 'https://www.imdb.com/search/title/?title_type=tv_movie'), ('limit', 50)]) |
[2022-09-29 22:48:54,481] [builder.py:627]            [DEBUG]    |                                                                                                    |
[2022-09-29 22:48:54,481] [builder.py:631]            [DEBUG]    | Validating Method: summary                                                                         |
[2022-09-29 22:48:54,481] [builder.py:632]            [DEBUG]    | Value: Popular Movies across the internet                                                          |
[2022-09-29 22:48:54,482] [builder.py:627]            [DEBUG]    |                                                                                                    |
[2022-09-29 22:48:54,482] [builder.py:631]            [DEBUG]    | Validating Method: sort_title                                                                      |
[2022-09-29 22:48:54,482] [builder.py:632]            [DEBUG]    | Value: +1_3Popular                                                                                 |
[2022-09-29 22:48:54,488] [plex.py:790]               [DEBUG]    |                                                                                                    |
[2022-09-29 22:48:54,489] [plex.py:792]               [DEBUG]    | Found: Plex Popular                                                                                |
[2022-09-29 22:48:54,489] [plex.py:793]               [DEBUG]    | Looking for: Popular                                                                               |
[2022-09-29 22:48:54,489] [builder.py:797]            [INFO]     |                                                                                                    |
[2022-09-29 22:48:54,489] [builder.py:798]            [INFO]     | Validation Successful                                                                              |
[2022-09-29 22:48:54,489] [plex_meta_manager.py:561]  [INFO]     |                                                                                                    |
[2022-09-29 22:48:54,490] [plex_meta_manager.py:563]  [INFO]     |==================================== Running Popular Collection ====================================|
[2022-09-29 22:48:54,490] [plex_meta_manager.py:569]  [INFO]     |                                                                                                    |
[2022-09-29 22:48:54,490] [plex_meta_manager.py:570]  [INFO]     | Smart Movie Label                                                                                  |
                                                                 | Sort By: random
                                                                 | Filter:
                                                                 |   Match all of the following:
                                                                 |     Label is Popular
[2022-09-29 22:48:54,490] [plex_meta_manager.py:575]  [INFO]     | 
[2022-09-29 22:48:54,491] [plex_meta_manager.py:576]  [INFO]     | Sync Mode: sync
[2022-09-29 22:48:54,491] [plex_meta_manager.py:579]  [DEBUG]    | 
[2022-09-29 22:48:54,491] [plex_meta_manager.py:580]  [DEBUG]    | Builder: tmdb_popular: 50
[2022-09-29 22:48:54,491] [plex_meta_manager.py:581]  [INFO]     | 
[2022-09-29 22:48:55,058] [tmdb.py:344]               [INFO]     | Processing TMDb Popular: 50 Movies
[2022-09-29 22:48:55,058] [builder.py:1540]           [DEBUG]    | 
[2022-09-29 22:48:55,058] [builder.py:1541]           [DEBUG]    | 50 IDs Found: [(760161, 'tmdb'), (985939, 'tmdb'), (532639, 'tmdb'), (760741, 'tmdb'), (718930, 'tmdb'), (616037, 'tmdb'), (629176, 'tmdb'), (960700, 'tmdb'), (744276, 'tmdb'), (579974, 'tmdb'), (766507, 'tmdb'), (539681, 'tmdb'), (921360, 'tmdb'), (610150, 'tmdb'), (810693, 'tmdb'), (438148, 'tmdb'), (781099, 'tmdb'), (507086, 'tmdb'), (843633, 'tmdb'), (19995, 'tmdb'), (773867, 'tmdb'), (772450, 'tmdb'), (361743, 'tmdb'), (756999, 'tmdb'), (773975, 'tmdb'), (838197, 'tmdb'), (634649, 'tmdb'), (76600, 'tmdb'), (1015602, 'tmdb'), (952374, 'tmdb'), (453395, 'tmdb'), (675353, 'tmdb'), (585511, 'tmdb'), (936897, 'tmdb'), (762504, 'tmdb'), (927341, 'tmdb'), (924482, 'tmdb'), (951368, 'tmdb'), (911129, 'tmdb'), (635302, 'tmdb'), (576925, 'tmdb'), (1006851, 'tmdb'), (829560, 'tmdb'), (445040, 'tmdb'), (508947, 'tmdb'), (718789, 'tmdb'), (1008779, 'tmdb'), (762968, 'tmdb'), (1010818, 'tmdb'), (997120, 'tmdb')]
[2022-09-29 22:48:55,059] [builder.py:1542]           [DEBUG]    | 
[2022-09-29 22:48:55,061] [plex_meta_manager.py:579]  [DEBUG]    | 
[2022-09-29 22:48:55,061] [plex_meta_manager.py:580]  [DEBUG]    | Builder: imdb_list: {'url': 'https://www.imdb.com/search/title/?title_type=tv_movie', 'limit': 50}
[2022-09-29 22:48:55,062] [plex_meta_manager.py:581]  [INFO]     | 
[2022-09-29 22:48:55,062] [imdb.py:184]               [INFO]     | Processing IMDb List: 50 Items at https://www.imdb.com/search/title/?title_type=tv_movie
[2022-09-29 22:48:58,900] [imdb.py:135]               [DEBUG]    | 50 IMDb IDs Found: ['tt0090163', 'tt21663074', 'tt21617068', 'tt0102658', 'tt21435716', 'tt0173886', 'tt2130271', 'tt3440298', 'tt15486810', 'tt0475293', 'tt1447981', 'tt21922002', 'tt0123865', 'tt6253522', 'tt8022928', 'tt0128996', 'tt0079103', 'tt5165398', 'tt6878820', 'tt16578868', 'tt6897772', 'tt16030222', 'tt21653744', 'tt0250934', 'tt14124268', 'tt4262142', 'tt1772373', 'tt0067023', 'tt0077687', 'tt21616920', 'tt0068622', 'tt1570970', 'tt21298322', 'tt2287663', 'tt0073820', 'tt20049600', 'tt18306248', 'tt0108049', 'tt19951082', 'tt2724064', 'tt21292672', 'tt16368004', 'tt13649036', 'tt4823992', 'tt0113196', 'tt5117876', 'tt21617152', 'tt14637290', 'tt0146402', 'tt0414078']
[2022-09-29 22:48:58,901] [builder.py:1540]           [DEBUG]    | 
[2022-09-29 22:48:58,901] [builder.py:1541]           [DEBUG]    | 50 IDs Found: [('tt0090163', 'imdb'), ('tt21663074', 'imdb'), ('tt21617068', 'imdb'), ('tt0102658', 'imdb'), ('tt21435716', 'imdb'), ('tt0173886', 'imdb'), ('tt2130271', 'imdb'), ('tt3440298', 'imdb'), ('tt15486810', 'imdb'), ('tt0475293', 'imdb'), ('tt1447981', 'imdb'), ('tt21922002', 'imdb'), ('tt0123865', 'imdb'), ('tt6253522', 'imdb'), ('tt8022928', 'imdb'), ('tt0128996', 'imdb'), ('tt0079103', 'imdb'), ('tt5165398', 'imdb'), ('tt6878820', 'imdb'), ('tt16578868', 'imdb'), ('tt6897772', 'imdb'), ('tt16030222', 'imdb'), ('tt21653744', 'imdb'), ('tt0250934', 'imdb'), ('tt14124268', 'imdb'), ('tt4262142', 'imdb'), ('tt1772373', 'imdb'), ('tt0067023', 'imdb'), ('tt0077687', 'imdb'), ('tt21616920', 'imdb'), ('tt0068622', 'imdb'), ('tt1570970', 'imdb'), ('tt21298322', 'imdb'), ('tt2287663', 'imdb'), ('tt0073820', 'imdb'), ('tt20049600', 'imdb'), ('tt18306248', 'imdb'), ('tt0108049', 'imdb'), ('tt19951082', 'imdb'), ('tt2724064', 'imdb'), ('tt21292672', 'imdb'), ('tt16368004', 'imdb'), ('tt13649036', 'imdb'), ('tt4823992', 'imdb'), ('tt0113196', 'imdb'), ('tt5117876', 'imdb'), ('tt21617152', 'imdb'), ('tt14637290', 'imdb'), ('tt0146402', 'imdb'), ('tt0414078', 'imdb')]
[2022-09-29 22:48:58,901] [builder.py:1542]           [DEBUG]    | 
[2022-09-29 22:48:58,963] [builder.py:1598]           [WARNING]  | Convert Error: No TMDb ID Found for IMDb ID: tt5165398
[2022-09-29 22:48:58,985] [builder.py:2064]           [INFO]     | 
[2022-09-29 22:48:58,985] [builder.py:2065]           [INFO]     |=================================== Adding to Popular Collection ===================================|
[2022-09-29 22:48:58,985] [builder.py:2066]           [INFO]     |                                                                                                    |
[2022-09-29 22:48:59,143] [builder.py:2080]           [INFO]     |  1/30 | Popular Collection | = | Esther 2 : Les Origines (2022)                                    |
[2022-09-29 22:48:59,143] [builder.py:2080]           [INFO]     |  2/30 | Popular Collection | = | Fall (2022)                                                       |
[2022-09-29 22:48:59,144] [builder.py:2080]           [INFO]     |  3/30 | Popular Collection | = | Pinocchio (2022)                                                  |
[2022-09-29 22:48:59,144] [builder.py:2080]           [INFO]     |  4/30 | Popular Collection | = | Bullet Train (2022)                                               |
[2022-09-29 22:48:59,144] [builder.py:2080]           [INFO]     |  5/30 | Popular Collection | = | Thor : Love and Thunder (2022)                                    |
[2022-09-29 22:48:59,145] [builder.py:2080]           [INFO]     |  6/30 | Popular Collection | = | Le Samaritain (2022)                                              |
[2022-09-29 22:48:59,145] [builder.py:2080]           [INFO]     |  7/30 | Popular Collection | = | Fullmetal Alchemist : La vengeance de Scar (2022)                 |
[2022-09-29 22:48:59,145] [builder.py:2080]           [INFO]     |  8/30 | Popular Collection | = | Prey (2022)                                                       |
[2022-09-29 22:48:59,145] [builder.py:2080]           [INFO]     |  9/30 | Popular Collection | = | Inexorable (2022)                                                 |
[2022-09-29 22:48:59,145] [builder.py:2080]           [INFO]     | 10/30 | Popular Collection | = | Jurassic World : Le Monde d’après (2022)                          |
[2022-09-29 22:48:59,146] [builder.py:2080]           [INFO]     | 11/30 | Popular Collection | = | Avatar (2009)                                                     |
[2022-09-29 22:48:59,146] [builder.py:2080]           [INFO]     | 12/30 | Popular Collection | = | Seoul Vibe (2022)                                                 |
[2022-09-29 22:48:59,146] [builder.py:2080]           [INFO]     | 13/30 | Popular Collection | = | Top Gun: Maverick (2022)                                          |
[2022-09-29 22:48:59,146] [builder.py:2080]           [INFO]     | 14/30 | Popular Collection | = | Black Phone (2022)                                                |
[2022-09-29 22:48:59,147] [builder.py:2080]           [INFO]     | 15/30 | Popular Collection | = | End of the Road (2022)                                            |
[2022-09-29 22:48:59,147] [builder.py:2080]           [INFO]     | 16/30 | Popular Collection | = | Spider-Man: No Way Home (2021)                                    |
[2022-09-29 22:48:59,147] [builder.py:2080]           [INFO]     | 17/30 | Popular Collection | = | The Aviary (2022)                                                 |
[2022-09-29 22:48:59,147] [builder.py:2080]           [INFO]     | 18/30 | Popular Collection | = | Doctor Strange in the Multiverse of Madness (2022)                |
[2022-09-29 22:48:59,147] [builder.py:2080]           [INFO]     | 19/30 | Popular Collection | = | Sonic 2 (2022)                                                    |
[2022-09-29 22:48:59,148] [builder.py:2080]           [INFO]     | 20/30 | Popular Collection | = | Luck (2022)                                                       |
[2022-09-29 22:48:59,148] [builder.py:2080]           [INFO]     | 21/30 | Popular Collection | = | Nope (2022)                                                       |
[2022-09-29 22:48:59,148] [builder.py:2080]           [INFO]     | 22/30 | Popular Collection | = | The Ledge (2022)                                                  |
[2022-09-29 22:48:59,149] [builder.py:2080]           [INFO]     | 23/30 | Popular Collection | = | Office Invasion (2022)                                            |
[2022-09-29 22:48:59,149] [builder.py:2080]           [INFO]     | 24/30 | Popular Collection | = | 365 Jours : l'année d'après (2022)                                |
[2022-09-29 22:48:59,149] [builder.py:2080]           [INFO]     | 25/30 | Popular Collection | = | Sniper : Rogue Mission (2022)                                     |
[2022-09-29 22:48:59,149] [builder.py:2080]           [INFO]     | 26/30 | Popular Collection | = | Threads (1984)                                                    |
[2022-09-29 22:48:59,150] [builder.py:2080]           [INFO]     | 27/30 | Popular Collection | = | Z-O-M-B-I-E-S (2018)                                              |
[2022-09-29 22:48:59,150] [builder.py:2080]           [INFO]     | 28/30 | Popular Collection | = | Ray Donovan (2022)                                                |
[2022-09-29 22:48:59,150] [builder.py:2080]           [INFO]     | 29/30 | Popular Collection | = | Duel (1971)                                                       |
[2022-09-29 22:48:59,150] [builder.py:2080]           [INFO]     | 30/30 | Popular Collection | = | The Privilege (2022)                                              |
[2022-09-29 22:48:59,151] [builder.py:2100]           [INFO]     |                                                                                                    |
[2022-09-29 22:48:59,151] [builder.py:2102]           [INFO]     | 30 Movies Processed 0 Movies Added                                                                 |
[2022-09-29 22:48:59,151] [builder.py:2228]           [INFO]     |                                                                                                    |
[2022-09-29 22:48:59,151] [builder.py:2229]           [INFO]     |============================ Missing Movies from Library: Z. 1 - Films =============================|
[2022-09-29 22:48:59,151] [builder.py:2230]           [INFO]     |                                                                                                    |
[2022-09-29 22:48:59,179] [builder.py:2243]           [INFO]     | Popular Collection | ? | Beast (2022) (TMDb: 760741)                                               |
[2022-09-29 22:48:59,217] [builder.py:2243]           [INFO]     | Popular Collection | ? | After Ever Happy (2022) (TMDb: 744276)                                    |
[2022-09-29 22:48:59,234] [builder.py:2243]           [INFO]     | Popular Collection | ? | RRR (2022) (TMDb: 579974)                                                 |
[2022-09-29 22:48:59,275] [builder.py:2243]           [INFO]     | Popular Collection | ? | DC League of Super-Pets (2022) (TMDb: 539681)                             |
[2022-09-29 22:48:59,292] [builder.py:2243]           [INFO]     | Popular Collection | ? | Wire Room (2022) (TMDb: 921360)                                           |
[2022-09-29 22:48:59,310] [builder.py:2243]           [INFO]     | Popular Collection | ? | Dragon Ball Super: Super Hero (2022) (TMDb: 610150)                       |
[2022-09-29 22:48:59,328] [builder.py:2243]           [INFO]     | Popular Collection | ? | Jujutsu Kaisen 0 (2021) (TMDb: 810693)                                    |
[2022-09-29 22:48:59,351] [builder.py:2243]           [INFO]     | Popular Collection | ? | Minions: The Rise of Gru (2022) (TMDb: 438148)                            |
[2022-09-29 22:48:59,375] [builder.py:2243]           [INFO]     | Popular Collection | ? | White Elephant (2022) (TMDb: 843633)                                      |
[2022-09-29 22:48:59,393] [builder.py:2243]           [INFO]     | Popular Collection | ? | Presences (2022) (TMDb: 772450)                                           |
[2022-09-29 22:48:59,412] [builder.py:2243]           [INFO]     | Popular Collection | ? | Watch Out, We're Mad (2022) (TMDb: 838197)                                |
[2022-09-29 22:48:59,435] [builder.py:2243]           [INFO]     | Popular Collection | ? | Avatar: The Way of Water (2022) (TMDb: 76600)                             |
[2022-09-29 22:48:59,453] [builder.py:2243]           [INFO]     | Popular Collection | ? | Welcome to the Club (2022) (TMDb: 1015602)                                |
[2022-09-29 22:48:59,493] [builder.py:2243]           [INFO]     | Popular Collection | ? | Curious Caterer: Dying for Chocolate (2022) (TMDb: 936897)                |
[2022-09-29 22:48:59,501] [builder.py:2243]           [INFO]     | Popular Collection | ? | Hunting Ava Bravo (2022) (TMDb: 927341)                                   |
[2022-09-29 22:48:59,543] [builder.py:2243]           [INFO]     | Popular Collection | ? | Your Boyfriend Is Mine (2022) (TMDb: 951368)                              |
[2022-09-29 22:48:59,556] [builder.py:2243]           [INFO]     | Popular Collection | ? | No Limit (2022) (TMDb: 911129)                                            |
[2022-09-29 22:48:59,593] [builder.py:2243]           [INFO]     | Popular Collection | ? | Demon Slayer -Kimetsu no Yaiba- The Movie: Mugen Train (2020) (TMDb: 635302) |
[2022-09-29 22:48:59,610] [builder.py:2243]           [INFO]     | Popular Collection | ? | My Sweet Monster (2022) (TMDb: 576925)                                    |
[2022-09-29 22:48:59,651] [builder.py:2243]           [INFO]     | Popular Collection | ? | My Friend Dahmer (2017) (TMDb: 445040)                                    |
[2022-09-29 22:48:59,662] [builder.py:2243]           [INFO]     | Popular Collection | ? | Turning Red (2022) (TMDb: 508947)                                         |
[2022-09-29 22:48:59,693] [builder.py:2243]           [INFO]     | Popular Collection | ? | Lightyear (2022) (TMDb: 718789)                                           |
[2022-09-29 22:49:00,018] [builder.py:2243]           [INFO]     | Popular Collection | ? | The princess (2022) (TMDb: 1008779)                                       |
[2022-09-29 22:49:00,066] [builder.py:2243]           [INFO]     | Popular Collection | ? | Do Revenge (2022) (TMDb: 762968)                                          |
[2022-09-29 22:49:00,084] [builder.py:2243]           [INFO]     | Popular Collection | ? | Groot's First Steps (2022) (TMDb: 1010818)                                |
[2022-09-29 22:49:00,101] [builder.py:2243]           [INFO]     | Popular Collection | ? | Girl in Room 13 (2022) (TMDb: 1012029)                                    |
[2022-09-29 22:49:00,117] [builder.py:2243]           [INFO]     | Popular Collection | ? | The Secrets of Bella Vista (2022) (TMDb: 1006314)                         |
[2022-09-29 22:49:00,134] [builder.py:2243]           [INFO]     | Popular Collection | ? | Perry Mason: The Case of the Fatal Fashion (1991) (TMDb: 226050)          |
[2022-09-29 22:49:00,151] [builder.py:2243]           [INFO]     | Popular Collection | ? | Heathers: The Musical (2022) (TMDb: 941605)                               |
[2022-09-29 22:49:00,176] [builder.py:2243]           [INFO]     | Popular Collection | ? | Halloweentown (1998) (TMDb: 27850)                                        |
[2022-09-29 22:49:00,201] [builder.py:2243]           [INFO]     | Popular Collection | ? | Mockingbird Lane (2012) (TMDb: 467629)                                    |
[2022-09-29 22:49:00,243] [builder.py:2243]           [INFO]     | Popular Collection | ? | Descendants (2015) (TMDb: 277217)                                         |
[2022-09-29 22:49:00,306] [builder.py:2243]           [INFO]     | Popular Collection | ? | Teen Wolf: The Movie (TMDb: 877703)                                       |
[2022-09-29 22:49:00,343] [builder.py:2243]           [INFO]     | Popular Collection | ? | High School Musical (2006) (TMDb: 10947)                                  |
[2022-09-29 22:49:00,360] [builder.py:2243]           [INFO]     | Popular Collection | ? | Monster High: The Movie (2022) (TMDb: 335795)                             |
[2022-09-29 22:49:00,401] [builder.py:2243]           [INFO]     | Popular Collection | ? | Marry Go Round (2022) (TMDb: 1006305)                                     |
[2022-09-29 22:49:00,430] [builder.py:2243]           [INFO]     | Popular Collection | ? | Gia (1998) (TMDb: 14533)                                                  |
[2022-09-29 22:49:00,468] [builder.py:2243]           [INFO]     | Popular Collection | ? | King Charles III (2017) (TMDb: 456187)                                    |
[2022-09-29 22:49:00,485] [builder.py:2243]           [INFO]     | Popular Collection | ? | Descendants 3 (2019) (TMDb: 506574)                                       |
[2022-09-29 22:49:00,518] [builder.py:2243]           [INFO]     | Popular Collection | ? | Cinderella (1997) (TMDb: 42884)                                           |
[2022-09-29 22:49:00,537] [builder.py:2243]           [INFO]     | Popular Collection | ? | Elvis (1979) (TMDb: 40047)                                                |
[2022-09-29 22:49:00,551] [builder.py:2243]           [INFO]     | Popular Collection | ? | Love's Portrait (2022) (TMDb: 1006307)                                    |
[2022-09-29 22:49:00,568] [builder.py:2243]           [INFO]     | Popular Collection | ? | The Little Mermaid Live! (2019) (TMDb: 642271)                            |
[2022-09-29 22:49:00,585] [builder.py:2243]           [INFO]     | Popular Collection | ? | The Bad Seed Returns (2022) (TMDb: 897338)                                |
[2022-09-29 22:49:00,611] [builder.py:2243]           [INFO]     | Popular Collection | ? | Romance In Style (2022) (TMDb: 994052)                                    |
[2022-09-29 22:49:00,652] [builder.py:2243]           [INFO]     | Popular Collection | ? | 61* (2001) (TMDb: 20536)                                                  |
[2022-09-29 22:49:00,694] [builder.py:2243]           [INFO]     | Popular Collection | ? | Cleveland Abduction (2015) (TMDb: 336845)                                 |
[2022-09-29 22:49:00,717] [builder.py:2243]           [INFO]     | Popular Collection | ? | The Craigslist Killer (2011) (TMDb: 55680)                                |
[2022-09-29 22:49:00,752] [builder.py:2243]           [INFO]     | Popular Collection | ? | The Hobbit (1977) (TMDb: 1362)                                            |
[2022-09-29 22:49:00,794] [builder.py:2243]           [INFO]     | Popular Collection | ? | Fly Away With Me (2022) (TMDb: 1006306)                                   |
[2022-09-29 22:49:00,811] [builder.py:2243]           [INFO]     | Popular Collection | ? | Gargoyles (1972) (TMDb: 41025)                                            |
[2022-09-29 22:49:00,852] [builder.py:2243]           [INFO]     | Popular Collection | ? | Student Services (2010) (TMDb: 65496)                                     |
[2022-09-29 22:49:00,869] [builder.py:2243]           [INFO]     | Popular Collection | ? | Big Sky River (2022) (TMDb: 999104)                                       |
[2022-09-29 22:49:00,911] [builder.py:2243]           [INFO]     | Popular Collection | ? | Blue Lagoon: The Awakening (2012) (TMDb: 115290)                          |
[2022-09-29 22:49:00,942] [builder.py:2243]           [INFO]     | Popular Collection | ? | Trilogy of Terror (1975) (TMDb: 38783)                                    |
[2022-09-29 22:49:00,975] [builder.py:2243]           [INFO]     | Popular Collection | ? | The Gabby Petito Story (2022) (TMDb: 1012661)                             |
[2022-09-29 22:49:00,994] [builder.py:2243]           [INFO]     | Popular Collection | ? | The Attraction Test (2022) (TMDb: 942578)                                 |
[2022-09-29 22:49:01,036] [builder.py:2243]           [INFO]     | Popular Collection | ? | Scattered Dreams (1993) (TMDb: 446624)                                    |
[2022-09-29 22:49:01,067] [builder.py:2243]           [INFO]     | Popular Collection | ? | Moriah's Lighthouse (2022) (TMDb: 970907)                                 |
[2022-09-29 22:49:01,100] [builder.py:2243]           [INFO]     | Popular Collection | ? | Sharknado (2013) (TMDb: 205321)                                           |
[2022-09-29 22:49:01,133] [builder.py:2243]           [INFO]     | Popular Collection | ? | Marry Me in Yosemite (2022) (TMDb: 1006267)                               |
[2022-09-29 22:49:01,167] [builder.py:2243]           [INFO]     | Popular Collection | ? | The Presence of Love (2022) (TMDb: 933331)                                |
[2022-09-29 22:49:01,186] [builder.py:2243]           [INFO]     | Popular Collection | ? | Help (2021) (TMDb: 826796)                                                |
[2022-09-29 22:49:01,228] [builder.py:2243]           [INFO]     | Popular Collection | ? | The Bad Seed (2018) (TMDb: 532814)                                        |
[2022-09-29 22:49:01,259] [builder.py:2243]           [INFO]     | Popular Collection | ? | The Good Old Boys (1995) (TMDb: 277388)                                   |
[2022-09-29 22:49:01,292] [builder.py:2243]           [INFO]     | Popular Collection | ? | Descendants 2 (2017) (TMDb: 417320)                                       |
[2022-09-29 22:49:01,293] [builder.py:2243]           [INFO]     | Popular Collection | ? | To Her, With Love (2022) (TMDb: 1006265)                                  |
[2022-09-29 22:49:01,325] [builder.py:2243]           [INFO]     | Popular Collection | ? | Addams Family Reunion (1998) (TMDb: 11508)                                |
[2022-09-29 22:49:01,359] [builder.py:2243]           [INFO]     | Popular Collection | ? | Halloweentown High (2004) (TMDb: 34560)                                   |
[2022-09-29 22:49:01,359] [builder.py:2248]           [INFO]     |                                                                                                    |
[2022-09-29 22:49:01,359] [builder.py:2249]           [INFO]     | 69 Movies Missing                                                                                  |
[2022-09-29 22:49:01,386] [plex.py:711]               [DEBUG]    | Smart Collection Test: ?type=1&sort=random&label=213005                                            |
[2022-09-29 22:49:01,525] [builder.py:2441]           [INFO]     |                                                                                                    |
[2022-09-29 22:49:01,526] [builder.py:2442]           [INFO]     |============================== Updating Details of Popular Collection ==============================|
[2022-09-29 22:49:01,526] [builder.py:2443]           [INFO]     |                                                                                                    |
[2022-09-29 22:49:01,653] [builder.py:2509]           [INFO]     | Collection Metadata Edits                                                                          |
                                                                 | Summary (summary) | Popular Movies across the internet
                                                                 | Sort Title | +1_3Popular
                                                                 | Label | +PMM
[2022-09-29 22:49:01,832] [builder.py:2513]           [INFO]     | Details: have been updated
[2022-09-29 22:49:01,832] [builder.py:2517]           [INFO]     | 
[2022-09-29 22:49:01,832] [builder.py:2580]           [WARNING]  | Asset Warning: Unable to find asset folder: 'Popular'
[2022-09-29 22:49:01,833] [util.py:150]               [DEBUG]    | 1 poster found:
[2022-09-29 22:49:01,833] [util.py:152]               [DEBUG]    | Method: url_poster Poster: https://raw.githubusercontent.com/MonsieurZed/poster/main/img/TOP_POPULAR_IMDB.png
[2022-09-29 22:49:01,854] [library.py:170]            [INFO]     | Detail: url_poster updated poster to [URL] https://raw.githubusercontent.com/MonsieurZed/poster/main/img/TOP_POPULAR_IMDB.png
[2022-09-29 22:49:01,983] [plex_meta_manager.py:708]  [INFO]     | 
[2022-09-29 22:49:01,984] [plex_meta_manager.py:709]  [INFO]     |====================================================================================================|
[2022-09-29 22:49:01,984] [plex_meta_manager.py:709]  [INFO]     |                                    Finished Popular Collection                                     |
[2022-09-29 22:49:01,984] [plex_meta_manager.py:709]  [INFO]     |                                    Collection Run Time: 0:00:08                                    |
[2022-09-29 22:49:01,984] [plex_meta_manager.py:709]  [INFO]     |====================================================================================================|
