[2022-10-11 11:19:16,117] [builder.py:200]            [INFO]     |====================================================================================================|
[2022-10-11 11:19:16,117] [builder.py:200]            [INFO]     |                                 Mesrine Collection in Z. 1 - Films                                 |
[2022-10-11 11:19:16,118] [builder.py:200]            [INFO]     |====================================================================================================|
[2022-10-11 11:19:16,118] [builder.py:201]            [INFO]     |                                                                                                    |
[2022-10-11 11:19:16,118] [builder.py:206]            [INFO]     |================================ Building Definition From Templates ================================|
[2022-10-11 11:19:16,118] [builder.py:222]            [DEBUG]    |                                                                                                    |
[2022-10-11 11:19:16,118] [meta.py:128]               [DEBUG]    | Template my_template                                                                               |
[2022-10-11 11:19:16,118] [meta.py:129]               [DEBUG]    | Call: {'value': ['85945'], 'tmdb_collection': ['85945'], 'key_name': 'Mesrine', 'key': '85945', 'name': 'my_template'} |
[2022-10-11 11:19:16,119] [meta.py:304]               [DEBUG]    |                                                                                                    |
[2022-10-11 11:19:16,119] [meta.py:305]               [DEBUG]    | Variables: {'value': ['85945'], 'tmdb_collection': ['85945'], 'key_name': 'Mesrine', 'key': '85945', 'name': 'my_template', 'collection_name': 'Mesrine', 'mapping_name': 'Mesrine', 'library_type': 'movie', 'library_name': 'Z. 1 - Films', 'value_encoded': '%5B%2785945%27%5D', 'tmdb_collection_encoded': '%5B%2785945%27%5D', 'key_name_encoded': 'Mesrine', 'key_encoded': '85945', 'name_encoded': 'my_template', 'collection_name_encoded': 'Mesrine', 'mapping_name_encoded': 'Mesrine', 'library_type_encoded': 'movie', 'library_name_encoded': 'Z.%201%20-%20Films', 'collection_sort': 'Mesrine'} |
[2022-10-11 11:19:16,119] [meta.py:306]               [DEBUG]    |                                                                                                    |
[2022-10-11 11:19:16,119] [meta.py:307]               [DEBUG]    | Defaults: {}                                                                                       |
[2022-10-11 11:19:16,119] [meta.py:308]               [DEBUG]    |                                                                                                    |
[2022-10-11 11:19:16,119] [meta.py:309]               [DEBUG]    | Optional: ['my_collection_poster', 'my_collection_poster_encoded']                                 |
[2022-10-11 11:19:16,120] [meta.py:370]               [DEBUG]    |                                                                                                    |
[2022-10-11 11:19:16,120] [meta.py:371]               [DEBUG]    | Final Template Attributes: {'tmdb_collection_details': ['85945'], 'collection_order': 'release', 'collection_mode': 'hide_items', 'sort_title': '+C1_Mesrine'} |
[2022-10-11 11:19:16,120] [meta.py:372]               [DEBUG]    |                                                                                                    |
[2022-10-11 11:19:16,121] [builder.py:230]            [INFO]     |================================== Validating Mesrine Attributes ===================================|
[2022-10-11 11:19:16,121] [builder.py:620]            [DEBUG]    |                                                                                                    |
[2022-10-11 11:19:16,121] [builder.py:621]            [DEBUG]    | Validating Method: collection_order                                                                |
[2022-10-11 11:19:16,121] [builder.py:622]            [DEBUG]    | Value: release                                                                                     |
[2022-10-11 11:19:16,121] [builder.py:653]            [DEBUG]    |                                                                                                    |
[2022-10-11 11:19:16,121] [builder.py:657]            [DEBUG]    | Validating Method: label                                                                           |
[2022-10-11 11:19:16,121] [builder.py:658]            [DEBUG]    | Value: TMDb Collections                                                                            |
[2022-10-11 11:19:16,121] [builder.py:653]            [DEBUG]    |                                                                                                    |
[2022-10-11 11:19:16,122] [builder.py:657]            [DEBUG]    | Validating Method: tmdb_collection_details                                                         |
[2022-10-11 11:19:16,122] [builder.py:658]            [DEBUG]    | Value: ['85945']                                                                                   |
[2022-10-11 11:19:16,184] [builder.py:653]            [DEBUG]    |                                                                                                    |
[2022-10-11 11:19:16,185] [builder.py:657]            [DEBUG]    | Validating Method: collection_mode                                                                 |
[2022-10-11 11:19:16,185] [builder.py:658]            [DEBUG]    | Value: hide_items                                                                                  |
[2022-10-11 11:19:16,185] [builder.py:653]            [DEBUG]    |                                                                                                    |
[2022-10-11 11:19:16,185] [builder.py:657]            [DEBUG]    | Validating Method: sort_title                                                                      |
[2022-10-11 11:19:16,185] [builder.py:658]            [DEBUG]    | Value: +C1_Mesrine                                                                                 |
[2022-10-11 11:19:16,383] [builder.py:823]            [INFO]     |                                                                                                    |
[2022-10-11 11:19:16,383] [builder.py:824]            [INFO]     | Validation Successful                                                                              |
[2022-10-11 11:19:16,383] [plex_meta_manager.py:561]  [INFO]     |                                                                                                    |
[2022-10-11 11:19:16,383] [plex_meta_manager.py:563]  [INFO]     |==================================== Running Mesrine Collection ====================================|
[2022-10-11 11:19:16,384] [plex_meta_manager.py:575]  [INFO]     |                                                                                                    |
[2022-10-11 11:19:16,384] [plex_meta_manager.py:576]  [INFO]     | Sync Mode: append                                                                                  |
[2022-10-11 11:19:16,384] [plex_meta_manager.py:579]  [DEBUG]    |                                                                                                    |
[2022-10-11 11:19:16,384] [plex_meta_manager.py:580]  [DEBUG]    | Builder: tmdb_collection: 85945                                                                    |
[2022-10-11 11:19:16,384] [plex_meta_manager.py:581]  [INFO]     |                                                                                                    |
[2022-10-11 11:19:16,390] [tmdb.py:381]               [INFO]     | Processing TMDb Collection: (85945) Mesrine - Saga (2 Items)                                       |
[2022-10-11 11:19:16,390] [builder.py:1581]           [DEBUG]    |                                                                                                    |
[2022-10-11 11:19:16,390] [builder.py:1582]           [DEBUG]    | 2 IDs Found: [(13635, 'tmdb'), (15362, 'tmdb')]                                                    |
[2022-10-11 11:19:16,390] [builder.py:1583]           [DEBUG]    |                                                                                                    |
[2022-10-11 11:19:16,391] [builder.py:2132]           [INFO]     |                                                                                                    |
[2022-10-11 11:19:16,391] [builder.py:2133]           [INFO]     |=================================== Adding to Mesrine Collection ===================================|
[2022-10-11 11:19:16,391] [builder.py:2134]           [INFO]     |                                                                                                    |
[2022-10-11 11:19:16,392] [builder.py:2148]           [INFO]     | 1/2 | Mesrine Collection | = | Mesrine : L'Instinct de mort (2008)                                 |
[2022-10-11 11:19:16,392] [builder.py:2148]           [INFO]     | 2/2 | Mesrine Collection | = | Mesrine : L'Ennemi public n°1 (2008)                                |
[2022-10-11 11:19:16,392] [builder.py:2168]           [INFO]     |                                                                                                    |
[2022-10-11 11:19:16,392] [builder.py:2170]           [INFO]     | 2 Movies Processed 0 Movies Added                                                                  |
[2022-10-11 11:19:16,400] [builder.py:2521]           [INFO]     |                                                                                                    |
[2022-10-11 11:19:16,400] [builder.py:2522]           [INFO]     |============================== Updating Details of Mesrine Collection ==============================|
[2022-10-11 11:19:16,400] [builder.py:2523]           [INFO]     |                                                                                                    |
[2022-10-11 11:19:16,408] [builder.py:2589]           [INFO]     | Collection Metadata Edits                                                                          |
[2022-10-11 11:19:16,409] [builder.py:2660]           [WARNING]  | Asset Warning: Unable to find asset folder: 'Mesrine'                                              |
[2022-10-11 11:19:16,409] [util.py:171]               [DEBUG]    | 1 poster found:                                                                                    |
[2022-10-11 11:19:16,409] [util.py:173]               [DEBUG]    | Method: tmdb_collection_details Poster: https://image.tmdb.org/t/p/original/3yNQjs6TKOrTrcffNlpyG9jrLIB.jpg |
[2022-10-11 11:19:16,409] [util.py:171]               [DEBUG]    | 1 background found:                                                                                |
[2022-10-11 11:19:16,409] [util.py:173]               [DEBUG]    | Method: tmdb_collection_details Background: https://image.tmdb.org/t/p/original/3SirYFnkQwYhAec3ugZS8BKpMbk.jpg |
[2022-10-11 11:19:16,410] [library.py:173]            [INFO]     | Detail: poster update not needed                                                                   |
[2022-10-11 11:19:16,411] [library.py:189]            [INFO]     | Detail: background update not needed                                                               |
[2022-10-11 11:19:16,596] [plex_meta_manager.py:708]  [INFO]     |                                                                                                    |
[2022-10-11 11:19:16,597] [plex_meta_manager.py:709]  [INFO]     |====================================================================================================|
[2022-10-11 11:19:16,597] [plex_meta_manager.py:709]  [INFO]     |                                    Finished Mesrine Collection                                     |
[2022-10-11 11:19:16,597] [plex_meta_manager.py:709]  [INFO]     |                                    Collection Run Time: 0:00:00                                    |
[2022-10-11 11:19:16,597] [plex_meta_manager.py:709]  [INFO]     |====================================================================================================|
