[2022-10-11 11:18:38,149] [builder.py:200]            [INFO]     |====================================================================================================|
[2022-10-11 11:18:38,149] [builder.py:200]            [INFO]     |                                  Cube Collection in Z. 1 - Films                                   |
[2022-10-11 11:18:38,149] [builder.py:200]            [INFO]     |====================================================================================================|
[2022-10-11 11:18:38,149] [builder.py:201]            [INFO]     |                                                                                                    |
[2022-10-11 11:18:38,150] [builder.py:206]            [INFO]     |================================ Building Definition From Templates ================================|
[2022-10-11 11:18:38,150] [builder.py:222]            [DEBUG]    |                                                                                                    |
[2022-10-11 11:18:38,150] [meta.py:128]               [DEBUG]    | Template my_template                                                                               |
[2022-10-11 11:18:38,150] [meta.py:129]               [DEBUG]    | Call: {'value': ['432'], 'tmdb_collection': ['432'], 'key_name': 'Cube', 'key': '432', 'name': 'my_template'} |
[2022-10-11 11:18:38,150] [meta.py:304]               [DEBUG]    |                                                                                                    |
[2022-10-11 11:18:38,150] [meta.py:305]               [DEBUG]    | Variables: {'value': ['432'], 'tmdb_collection': ['432'], 'key_name': 'Cube', 'key': '432', 'name': 'my_template', 'collection_name': 'Cube', 'mapping_name': 'Cube', 'library_type': 'movie', 'library_name': 'Z. 1 - Films', 'value_encoded': '%5B%27432%27%5D', 'tmdb_collection_encoded': '%5B%27432%27%5D', 'key_name_encoded': 'Cube', 'key_encoded': '432', 'name_encoded': 'my_template', 'collection_name_encoded': 'Cube', 'mapping_name_encoded': 'Cube', 'library_type_encoded': 'movie', 'library_name_encoded': 'Z.%201%20-%20Films', 'collection_sort': 'Cube'} |
[2022-10-11 11:18:38,150] [meta.py:306]               [DEBUG]    |                                                                                                    |
[2022-10-11 11:18:38,151] [meta.py:307]               [DEBUG]    | Defaults: {}                                                                                       |
[2022-10-11 11:18:38,151] [meta.py:308]               [DEBUG]    |                                                                                                    |
[2022-10-11 11:18:38,151] [meta.py:309]               [DEBUG]    | Optional: ['my_collection_poster', 'my_collection_poster_encoded']                                 |
[2022-10-11 11:18:38,152] [meta.py:370]               [DEBUG]    |                                                                                                    |
[2022-10-11 11:18:38,152] [meta.py:371]               [DEBUG]    | Final Template Attributes: {'tmdb_collection_details': ['432'], 'collection_order': 'release', 'collection_mode': 'hide_items', 'sort_title': '+C1_Cube'} |
[2022-10-11 11:18:38,152] [meta.py:372]               [DEBUG]    |                                                                                                    |
[2022-10-11 11:18:38,152] [builder.py:230]            [INFO]     |==================================== Validating Cube Attributes ====================================|
[2022-10-11 11:18:38,152] [builder.py:620]            [DEBUG]    |                                                                                                    |
[2022-10-11 11:18:38,153] [builder.py:621]            [DEBUG]    | Validating Method: collection_order                                                                |
[2022-10-11 11:18:38,153] [builder.py:622]            [DEBUG]    | Value: release                                                                                     |
[2022-10-11 11:18:38,153] [builder.py:653]            [DEBUG]    |                                                                                                    |
[2022-10-11 11:18:38,153] [builder.py:657]            [DEBUG]    | Validating Method: label                                                                           |
[2022-10-11 11:18:38,153] [builder.py:658]            [DEBUG]    | Value: TMDb Collections                                                                            |
[2022-10-11 11:18:38,153] [builder.py:653]            [DEBUG]    |                                                                                                    |
[2022-10-11 11:18:38,153] [builder.py:657]            [DEBUG]    | Validating Method: tmdb_collection_details                                                         |
[2022-10-11 11:18:38,153] [builder.py:658]            [DEBUG]    | Value: ['432']                                                                                     |
[2022-10-11 11:18:38,167] [builder.py:653]            [DEBUG]    |                                                                                                    |
[2022-10-11 11:18:38,167] [builder.py:657]            [DEBUG]    | Validating Method: collection_mode                                                                 |
[2022-10-11 11:18:38,167] [builder.py:658]            [DEBUG]    | Value: hide_items                                                                                  |
[2022-10-11 11:18:38,167] [builder.py:653]            [DEBUG]    |                                                                                                    |
[2022-10-11 11:18:38,168] [builder.py:657]            [DEBUG]    | Validating Method: sort_title                                                                      |
[2022-10-11 11:18:38,168] [builder.py:658]            [DEBUG]    | Value: +C1_Cube                                                                                    |
[2022-10-11 11:18:38,174] [plex.py:803]               [DEBUG]    |                                                                                                    |
[2022-10-11 11:18:38,174] [plex.py:806]               [DEBUG]    | Looking for: Cube                                                                                  |
[2022-10-11 11:18:38,174] [builder.py:823]            [INFO]     |                                                                                                    |
[2022-10-11 11:18:38,174] [builder.py:824]            [INFO]     | Validation Successful                                                                              |
[2022-10-11 11:18:38,174] [plex_meta_manager.py:561]  [INFO]     |                                                                                                    |
[2022-10-11 11:18:38,175] [plex_meta_manager.py:563]  [INFO]     |===================================== Running Cube Collection ======================================|
[2022-10-11 11:18:38,175] [plex_meta_manager.py:575]  [INFO]     |                                                                                                    |
[2022-10-11 11:18:38,175] [plex_meta_manager.py:576]  [INFO]     | Sync Mode: append                                                                                  |
[2022-10-11 11:18:38,175] [plex_meta_manager.py:579]  [DEBUG]    |                                                                                                    |
[2022-10-11 11:18:38,175] [plex_meta_manager.py:580]  [DEBUG]    | Builder: tmdb_collection: 432                                                                      |
[2022-10-11 11:18:38,175] [plex_meta_manager.py:581]  [INFO]     |                                                                                                    |
[2022-10-11 11:18:38,180] [tmdb.py:381]               [INFO]     | Processing TMDb Collection: (432) Cube - Saga (3 Items)                                            |
[2022-10-11 11:18:38,180] [builder.py:1581]           [DEBUG]    |                                                                                                    |
[2022-10-11 11:18:38,180] [builder.py:1582]           [DEBUG]    | 3 IDs Found: [(431, 'tmdb'), (437, 'tmdb'), (438, 'tmdb')]                                         |
[2022-10-11 11:18:38,180] [builder.py:1583]           [DEBUG]    |                                                                                                    |
[2022-10-11 11:18:38,181] [builder.py:2300]           [INFO]     |                                                                                                    |
[2022-10-11 11:18:38,181] [builder.py:2301]           [INFO]     |============================ Missing Movies from Library: Z. 1 - Films =============================|
[2022-10-11 11:18:38,181] [builder.py:2302]           [INFO]     |                                                                                                    |
[2022-10-11 11:18:38,192] [builder.py:2315]           [INFO]     | Cube Collection | ? | Cube² : Hypercube (2002) (TMDb: 437)                                         |
[2022-10-11 11:18:38,199] [builder.py:2315]           [INFO]     | Cube Collection | ? | Cube Zero (2004) (TMDb: 438)                                                 |
[2022-10-11 11:18:38,199] [builder.py:2320]           [INFO]     |                                                                                                    |
[2022-10-11 11:18:38,199] [builder.py:2321]           [INFO]     | 2 Movies Missing                                                                                   |
[2022-10-11 11:18:38,225] [plex_meta_manager.py:624]  [INFO]     |                                                                                                    |
[2022-10-11 11:18:38,225] [plex_meta_manager.py:625]  [INFO]     | Collection Minimum: 2 not met for Cube Collection                                                  |
[2022-10-11 11:18:38,225] [plex_meta_manager.py:708]  [INFO]     |                                                                                                    |
[2022-10-11 11:18:38,226] [plex_meta_manager.py:709]  [INFO]     |====================================================================================================|
[2022-10-11 11:18:38,226] [plex_meta_manager.py:709]  [INFO]     |                                      Finished Cube Collection                                      |
[2022-10-11 11:18:38,226] [plex_meta_manager.py:709]  [INFO]     |                                    Collection Run Time: 0:00:00                                    |
[2022-10-11 11:18:38,226] [plex_meta_manager.py:709]  [INFO]     |====================================================================================================|
