[2022-10-11 11:18:51,417] [builder.py:200]            [INFO]     |====================================================================================================|
[2022-10-11 11:18:51,417] [builder.py:200]            [INFO]     |                         Battle at Lake Changjin Collection in Z. 1 - Films                         |
[2022-10-11 11:18:51,417] [builder.py:200]            [INFO]     |====================================================================================================|
[2022-10-11 11:18:51,418] [builder.py:201]            [INFO]     |                                                                                                    |
[2022-10-11 11:18:51,418] [builder.py:206]            [INFO]     |================================ Building Definition From Templates ================================|
[2022-10-11 11:18:51,418] [builder.py:222]            [DEBUG]    |                                                                                                    |
[2022-10-11 11:18:51,418] [meta.py:128]               [DEBUG]    | Template my_template                                                                               |
[2022-10-11 11:18:51,418] [meta.py:129]               [DEBUG]    | Call: {'value': ['930409'], 'tmdb_collection': ['930409'], 'key_name': 'Battle at Lake Changjin', 'key': '930409', 'name': 'my_template'} |
[2022-10-11 11:18:51,419] [meta.py:304]               [DEBUG]    |                                                                                                    |
[2022-10-11 11:18:51,419] [meta.py:305]               [DEBUG]    | Variables: {'value': ['930409'], 'tmdb_collection': ['930409'], 'key_name': 'Battle at Lake Changjin', 'key': '930409', 'name': 'my_template', 'collection_name': 'Battle at Lake Changjin', 'mapping_name': 'Battle at Lake Changjin', 'library_type': 'movie', 'library_name': 'Z. 1 - Films', 'value_encoded': '%5B%27930409%27%5D', 'tmdb_collection_encoded': '%5B%27930409%27%5D', 'key_name_encoded': 'Battle%20at%20Lake%20Changjin', 'key_encoded': '930409', 'name_encoded': 'my_template', 'collection_name_encoded': 'Battle%20at%20Lake%20Changjin', 'mapping_name_encoded': 'Battle%20at%20Lake%20Changjin', 'library_type_encoded': 'movie', 'library_name_encoded': 'Z.%201%20-%20Films', 'collection_sort': 'Battle at Lake Changjin'} |
[2022-10-11 11:18:51,419] [meta.py:306]               [DEBUG]    |                                                                                                    |
[2022-10-11 11:18:51,420] [meta.py:307]               [DEBUG]    | Defaults: {}                                                                                       |
[2022-10-11 11:18:51,420] [meta.py:308]               [DEBUG]    |                                                                                                    |
[2022-10-11 11:18:51,420] [meta.py:309]               [DEBUG]    | Optional: ['my_collection_poster', 'my_collection_poster_encoded']                                 |
[2022-10-11 11:18:51,421] [meta.py:370]               [DEBUG]    |                                                                                                    |
[2022-10-11 11:18:51,422] [meta.py:371]               [DEBUG]    | Final Template Attributes: {'tmdb_collection_details': ['930409'], 'collection_order': 'release', 'collection_mode': 'hide_items', 'sort_title': '+C1_Battle at Lake Changjin'} |
[2022-10-11 11:18:51,422] [meta.py:372]               [DEBUG]    |                                                                                                    |
[2022-10-11 11:18:51,422] [builder.py:230]            [INFO]     |========================== Validating Battle at Lake Changjin Attributes ===========================|
[2022-10-11 11:18:51,422] [builder.py:620]            [DEBUG]    |                                                                                                    |
[2022-10-11 11:18:51,423] [builder.py:621]            [DEBUG]    | Validating Method: collection_order                                                                |
[2022-10-11 11:18:51,423] [builder.py:622]            [DEBUG]    | Value: release                                                                                     |
[2022-10-11 11:18:51,423] [builder.py:653]            [DEBUG]    |                                                                                                    |
[2022-10-11 11:18:51,423] [builder.py:657]            [DEBUG]    | Validating Method: label                                                                           |
[2022-10-11 11:18:51,424] [builder.py:658]            [DEBUG]    | Value: TMDb Collections                                                                            |
[2022-10-11 11:18:51,424] [builder.py:653]            [DEBUG]    |                                                                                                    |
[2022-10-11 11:18:51,424] [builder.py:657]            [DEBUG]    | Validating Method: tmdb_collection_details                                                         |
[2022-10-11 11:18:51,424] [builder.py:658]            [DEBUG]    | Value: ['930409']                                                                                  |
[2022-10-11 11:18:51,440] [builder.py:653]            [DEBUG]    |                                                                                                    |
[2022-10-11 11:18:51,440] [builder.py:657]            [DEBUG]    | Validating Method: collection_mode                                                                 |
[2022-10-11 11:18:51,440] [builder.py:658]            [DEBUG]    | Value: hide_items                                                                                  |
[2022-10-11 11:18:51,441] [builder.py:653]            [DEBUG]    |                                                                                                    |
[2022-10-11 11:18:51,441] [builder.py:657]            [DEBUG]    | Validating Method: sort_title                                                                      |
[2022-10-11 11:18:51,441] [builder.py:658]            [DEBUG]    | Value: +C1_Battle at Lake Changjin                                                                 |
[2022-10-11 11:18:51,450] [plex.py:803]               [DEBUG]    |                                                                                                    |
[2022-10-11 11:18:51,450] [plex.py:806]               [DEBUG]    | Looking for: Battle at Lake Changjin                                                               |
[2022-10-11 11:18:51,451] [builder.py:823]            [INFO]     |                                                                                                    |
[2022-10-11 11:18:51,451] [builder.py:824]            [INFO]     | Validation Successful                                                                              |
[2022-10-11 11:18:51,451] [plex_meta_manager.py:561]  [INFO]     |                                                                                                    |
[2022-10-11 11:18:51,451] [plex_meta_manager.py:563]  [INFO]     |============================ Running Battle at Lake Changjin Collection ============================|
[2022-10-11 11:18:51,451] [plex_meta_manager.py:575]  [INFO]     |                                                                                                    |
[2022-10-11 11:18:51,452] [plex_meta_manager.py:576]  [INFO]     | Sync Mode: append                                                                                  |
[2022-10-11 11:18:51,452] [plex_meta_manager.py:579]  [DEBUG]    |                                                                                                    |
[2022-10-11 11:18:51,452] [plex_meta_manager.py:580]  [DEBUG]    | Builder: tmdb_collection: 930409                                                                   |
[2022-10-11 11:18:51,452] [plex_meta_manager.py:581]  [INFO]     |                                                                                                    |
[2022-10-11 11:18:51,459] [tmdb.py:381]               [INFO]     | Processing TMDb Collection: (930409) 长津湖（系列） (2 Items)                                             |
[2022-10-11 11:18:51,459] [builder.py:1581]           [DEBUG]    |                                                                                                    |
[2022-10-11 11:18:51,459] [builder.py:1582]           [DEBUG]    | 2 IDs Found: [(779029, 'tmdb'), (928123, 'tmdb')]                                                  |
[2022-10-11 11:18:51,459] [builder.py:1583]           [DEBUG]    |                                                                                                    |
[2022-10-11 11:18:51,460] [builder.py:2300]           [INFO]     |                                                                                                    |
[2022-10-11 11:18:51,460] [builder.py:2301]           [INFO]     |============================ Missing Movies from Library: Z. 1 - Films =============================|
[2022-10-11 11:18:51,460] [builder.py:2302]           [INFO]     |                                                                                                    |
[2022-10-11 11:18:51,485] [builder.py:2315]           [INFO]     | Battle at Lake Changjin Collection | ? | Heroes - The Battle at Lake Changjin (2022) (TMDb: 928123) |
[2022-10-11 11:18:51,485] [builder.py:2320]           [INFO]     |                                                                                                    |
[2022-10-11 11:18:51,485] [builder.py:2321]           [INFO]     | 1 Movie Missing                                                                                    |
[2022-10-11 11:18:51,538] [plex_meta_manager.py:624]  [INFO]     |                                                                                                    |
[2022-10-11 11:18:51,538] [plex_meta_manager.py:625]  [INFO]     | Collection Minimum: 2 not met for Battle at Lake Changjin Collection                               |
[2022-10-11 11:18:51,538] [plex_meta_manager.py:708]  [INFO]     |                                                                                                    |
[2022-10-11 11:18:51,538] [plex_meta_manager.py:709]  [INFO]     |====================================================================================================|
[2022-10-11 11:18:51,539] [plex_meta_manager.py:709]  [INFO]     |                            Finished Battle at Lake Changjin Collection                             |
[2022-10-11 11:18:51,539] [plex_meta_manager.py:709]  [INFO]     |                                    Collection Run Time: 0:00:00                                    |
[2022-10-11 11:18:51,539] [plex_meta_manager.py:709]  [INFO]     |====================================================================================================|
