[2022-09-29 20:51:49,103] [builder.py:197]            [INFO]     |====================================================================================================|
[2022-09-29 20:51:49,103] [builder.py:197]            [INFO]     |                          Top Before the 1960s Collection in Z. 1 - Films                           |
[2022-09-29 20:51:49,103] [builder.py:197]            [INFO]     |====================================================================================================|
[2022-09-29 20:51:49,103] [builder.py:198]            [INFO]     |                                                                                                    |
[2022-09-29 20:51:49,104] [builder.py:203]            [INFO]     |================================ Building Definition From Templates ================================|
[2022-09-29 20:51:49,104] [builder.py:211]            [DEBUG]    |                                                                                                    |
[2022-09-29 20:51:49,104] [meta.py:128]               [DEBUG]    | Template Chart                                                                                     |
[2022-09-29 20:51:49,104] [meta.py:129]               [DEBUG]    | Call: ordereddict([('name', 'Chart'), ('num', 8), ('year', 1950)])                                 |
[2022-09-29 20:51:49,105] [meta.py:304]               [DEBUG]    |                                                                                                    |
[2022-09-29 20:51:49,105] [meta.py:305]               [DEBUG]    | Variables: ordereddict([('name', 'Chart'), ('num', 8), ('year', 1950), ('collection_name', 'Top Before the 1960s'), ('mapping_name', 'Top Before the 1960s'), ('library_type', 'movie'), ('library_name', 'Z. 1 - Films'), ('name_encoded', 'Chart'), ('num_encoded', '8'), ('year_encoded', '1950'), ('collection_name_encoded', 'Top%20Before%20the%201960s'), ('mapping_name_encoded', 'Top%20Before%20the%201960s'), ('library_type_encoded', 'movie'), ('library_name_encoded', 'Z.%201%20-%20Films'), ('collection_sort', 'Top Before the 1960s')]) |
[2022-09-29 20:51:49,105] [meta.py:306]               [DEBUG]    |                                                                                                    |
[2022-09-29 20:51:49,105] [meta.py:307]               [DEBUG]    | Defaults: {}                                                                                       |
[2022-09-29 20:51:49,106] [meta.py:308]               [DEBUG]    |                                                                                                    |
[2022-09-29 20:51:49,106] [meta.py:309]               [DEBUG]    | Optional: []                                                                                       |
[2022-09-29 20:51:49,107] [meta.py:370]               [DEBUG]    |                                                                                                    |
[2022-09-29 20:51:49,107] [meta.py:371]               [DEBUG]    | Final Template Attributes: {'sort_title': '+2_8Best of 1950', 'sync_mode': 'sync', 'smart_label': 'audience_rating.desc'} |
[2022-09-29 20:51:49,107] [meta.py:372]               [DEBUG]    |                                                                                                    |
[2022-09-29 20:51:49,108] [builder.py:219]            [INFO]     |============================ Validating Top Before the 1960s Attributes ============================|
[2022-09-29 20:51:49,108] [builder.py:488]            [DEBUG]    |                                                                                                    |
[2022-09-29 20:51:49,108] [builder.py:489]            [DEBUG]    | Validating Method: sync_mode                                                                       |
[2022-09-29 20:51:49,108] [builder.py:493]            [DEBUG]    | Value: sync                                                                                        |
[2022-09-29 20:51:49,109] [builder.py:538]            [DEBUG]    |                                                                                                    |
[2022-09-29 20:51:49,111] [builder.py:539]            [DEBUG]    | Validating Method: smart_label                                                                     |
[2022-09-29 20:51:49,111] [builder.py:544]            [DEBUG]    | Value: audience_rating.desc                                                                        |
[2022-09-29 20:51:49,189] [builder.py:627]            [DEBUG]    |                                                                                                    |
[2022-09-29 20:51:49,190] [builder.py:631]            [DEBUG]    | Validating Method: tmdb_discover                                                                   |
[2022-09-29 20:51:49,190] [builder.py:632]            [DEBUG]    | Value: ordereddict([('primary_release_date.lte', '12/31/1959'), ('with_original_language', 'fr'), ('sort_by', 'popularity.desc'), ('limit', 50)]) |
[2022-09-29 20:51:49,192] [builder.py:627]            [DEBUG]    |                                                                                                    |
[2022-09-29 20:51:49,192] [builder.py:631]            [DEBUG]    | Validating Method: imdb_list                                                                       |
[2022-09-29 20:51:49,192] [builder.py:632]            [DEBUG]    | Value: ['https://www.imdb.com/list/ls026624670/', 'https://www.imdb.com/list/ls000047756/']        |
[2022-09-29 20:51:54,569] [builder.py:627]            [DEBUG]    |                                                                                                    |
[2022-09-29 20:51:54,569] [builder.py:631]            [DEBUG]    | Validating Method: url_poster                                                                      |
[2022-09-29 20:51:54,570] [builder.py:632]            [DEBUG]    | Value: https://raw.githubusercontent.com/MonsieurZed/poster/main/img/BEST_1950.png                 |
[2022-09-29 20:51:54,753] [builder.py:627]            [DEBUG]    |                                                                                                    |
[2022-09-29 20:51:54,754] [builder.py:631]            [DEBUG]    | Validating Method: summary                                                                         |
[2022-09-29 20:51:54,755] [builder.py:632]            [DEBUG]    | Value: Le meilleurs avant les années 1960                                                          |
[2022-09-29 20:51:54,755] [builder.py:627]            [DEBUG]    |                                                                                                    |
[2022-09-29 20:51:54,755] [builder.py:631]            [DEBUG]    | Validating Method: sort_title                                                                      |
[2022-09-29 20:51:54,755] [builder.py:632]            [DEBUG]    | Value: +2_8Best of 1950                                                                            |
[2022-09-29 20:51:54,766] [plex.py:790]               [DEBUG]    |                                                                                                    |
[2022-09-29 20:51:54,766] [plex.py:793]               [DEBUG]    | Looking for: Top Before the 1960s                                                                  |
[2022-09-29 20:51:54,767] [builder.py:797]            [INFO]     |                                                                                                    |
[2022-09-29 20:51:54,767] [builder.py:798]            [INFO]     | Validation Successful                                                                              |
[2022-09-29 20:51:54,767] [plex_meta_manager.py:561]  [INFO]     |                                                                                                    |
[2022-09-29 20:51:54,767] [plex_meta_manager.py:563]  [INFO]     |============================= Running Top Before the 1960s Collection ==============================|
[2022-09-29 20:51:54,767] [plex_meta_manager.py:575]  [INFO]     |                                                                                                    |
[2022-09-29 20:51:54,768] [plex_meta_manager.py:576]  [INFO]     | Sync Mode: sync                                                                                    |
[2022-09-29 20:51:54,768] [plex_meta_manager.py:579]  [DEBUG]    |                                                                                                    |
[2022-09-29 20:51:54,768] [plex_meta_manager.py:580]  [DEBUG]    | Builder: tmdb_discover: {'limit': 50, 'primary_release_date.lte': '12/31/1959', 'with_original_language': 'fr', 'sort_by': 'popularity.desc'} |
[2022-09-29 20:51:54,768] [plex_meta_manager.py:581]  [INFO]     |                                                                                                    |
[2022-09-29 20:51:55,266] [tmdb.py:339]               [INFO]     | Processing TMDb Discover: 50 Movies                                                                |
[2022-09-29 20:51:55,268] [tmdb.py:341]               [INFO]     |            primary_release_date.lte: 1959-12-31                                                    |
[2022-09-29 20:51:55,268] [tmdb.py:341]               [INFO]     |            with_original_language: fr                                                              |
[2022-09-29 20:51:55,269] [tmdb.py:341]               [INFO]     |            sort_by: popularity.desc                                                                |
[2022-09-29 20:51:55,269] [builder.py:1540]           [DEBUG]    |                                                                                                    |
[2022-09-29 20:51:55,269] [builder.py:1541]           [DEBUG]    | 50 IDs Found: [(147, 'tmdb'), (5544, 'tmdb'), (775, 'tmdb'), (934, 'tmdb'), (776, 'tmdb'), (2457, 'tmdb'), (204, 'tmdb'), (427, 'tmdb'), (780, 'tmdb'), (8420, 'tmdb'), (778, 'tmdb'), (648, 'tmdb'), (626, 'tmdb'), (29082, 'tmdb'), (827, 'tmdb'), (5729, 'tmdb'), (5000, 'tmdb'), (15244, 'tmdb'), (43904, 'tmdb'), (777, 'tmdb'), (4595, 'tmdb'), (11594, 'tmdb'), (66540, 'tmdb'), (67446, 'tmdb'), (1093, 'tmdb'), (774, 'tmdb'), (4558, 'tmdb'), (27430, 'tmdb'), (37454, 'tmdb'), (43360, 'tmdb'), (29084, 'tmdb'), (42818, 'tmdb'), (77418, 'tmdb'), (26252, 'tmdb'), (36877, 'tmdb'), (803, 'tmdb'), (4412, 'tmdb'), (104700, 'tmdb'), (68822, 'tmdb'), (19178, 'tmdb'), (71323, 'tmdb'), (26614, 'tmdb'), (2574, 'tmdb'), (82120, 'tmdb'), (58736, 'tmdb'), (46326, 'tmdb'), (15265, 'tmdb'), (42536, 'tmdb'), (48365, 'tmdb'), (29415, 'tmdb')] |
[2022-09-29 20:51:55,270] [builder.py:1542]           [DEBUG]    |                                                                                                    |
[2022-09-29 20:51:55,271] [plex_meta_manager.py:579]  [DEBUG]    |                                                                                                    |
[2022-09-29 20:51:55,272] [plex_meta_manager.py:580]  [DEBUG]    | Builder: imdb_list: {'url': 'https://www.imdb.com/list/ls026624670/', 'limit': 0}                  |
[2022-09-29 20:51:55,272] [plex_meta_manager.py:581]  [INFO]     |                                                                                                    |
[2022-09-29 20:51:55,273] [imdb.py:184]               [INFO]     | Processing IMDb List: https://www.imdb.com/list/ls026624670/                                       |
[2022-09-29 20:52:09,047] [imdb.py:135]               [DEBUG]    | 200 IMDb IDs Found: ['tt0050976', 'tt0053198', 'tt0050986', 'tt0047478', 'tt0052357', 'tt0046438', 'tt0048452', 'tt0050083', 'tt0053291', 'tt0050825', 'tt0043014', 'tt0045152', 'tt0042276', 'tt0044081', 'tt0047296', 'tt0047396', 'tt0050212', 'tt0050783', 'tt0052893', 'tt0042876', 'tt0046478', 'tt0042192', 'tt0046250', 'tt0046912', 'tt0051201', 'tt0045274', 'tt0048473', 'tt0050613', 'tt0049730', 'tt0049902', 'tt0052311', 'tt0044741', 'tt0048728', 'tt0047528', 'tt0044079', 'tt0046511', 'tt0044706', 'tt0051792', 'tt0042593', 'tt0046911', 'tt0048980', 'tt0051036', 'tt0052572', 'tt0053168', 'tt0044060', 'tt0043511', 'tt0046345', 'tt0048028', 'tt0049406', 'tt0048424', 'tt0045112', 'tt0047892', 'tt0051207', 'tt0042804', 'tt0042332', 'tt0043809', 'tt0048545', 'tt0046268', 'tt0052561', 'tt0053125', 'tt0049366', 'tt0048757', 'tt0048641', 'tt0046521', 'tt0047445', 'tt0046874', 'tt0043313', 'tt0042477', 'tt0041931', 'tt0047437', 'tt0051378', 'tt0053146', 'tt0043265', 'tt0052861', 'tt0045814', 'tt0051365', 'tt0042958', 'tt0046451', 'tt0042619', 'tt0052216', 'tt0047821', 'tt0046359', 'tt0052918', 'tt0044811', 'tt0043972', 'tt0043137', 'tt0041719', 'tt0053221', 'tt0045793', 'tt0042208', 'tt0043386', 'tt0046022', 'tt0051808', 'tt0047522', 'tt0049261', 'tt0043278', 'tt0045361', 'tt0043048', 'tt0047469', 'tt0048021', 'tt0047876', 'tt0043338', 'tt0051411', 'tt0046303', 'tt0046183', 'tt0047136', 'tt0050419', 'tt0045537', 'tt0051773', 'tt0050933', 'tt0045810', 'tt0050307', 'tt0051093', 'tt0043924', 'tt0050634', 'tt0043456', 'tt0051459', 'tt0049470', 'tt0042546', 'tt0045061', 'tt0044982', 'tt0044391', 'tt0048281', 'tt0052600', 'tt0049783', 'tt0048261', 'tt0050330', 'tt0048956', 'tt0048933', 'tt0053390', 'tt0048752', 'tt0047034', 'tt0048610', 'tt0048434', 'tt0048820', 'tt0049784', 'tt0048037', 'tt0052080', 'tt0049010', 'tt0051372', 'tt0048280', 'tt0042451', 'tt0122565', 'tt0048308', 'tt0053856', 'tt0044829', 'tt0042832', 'tt0218798', 'tt0047811', 'tt0053114', 'tt0046851', 'tt0047849', 'tt0053134', 'tt0053317', 'tt0050706', 'tt0050987', 'tt0124437', 'tt0052374', 'tt0043411', 'tt0043961', 'tt0046487', 'tt0051994', 'tt0045555', 'tt0047281', 'tt0051720', 'tt0053131', 'tt0049456', 'tt0048979', 'tt0045034', 'tt0042906', 'tt0043332', 'tt0048947', 'tt0048973', 'tt0050458', 'tt0049408', 'tt0053176', 'tt0049419', 'tt0051525', 'tt0044953', 'tt0046816', 'tt0051003', 'tt0048750', 'tt0046313', 'tt0051588', 'tt0049778', 'tt0047030', 'tt0051055', 'tt0051065', 'tt0046187', 'tt0047682', 'tt0045554', 'tt0049653', 'tt0049314', 'tt0044092', 'tt0048380', 'tt0048657', 'tt0053318', 'tt0052037', 'tt0043362', 'tt0044419'] |
[2022-09-29 20:52:09,047] [builder.py:1540]           [DEBUG]    |                                                                                                    |
[2022-09-29 20:52:09,048] [builder.py:1541]           [DEBUG]    | 200 IDs Found: [('tt0050976', 'imdb'), ('tt0053198', 'imdb'), ('tt0050986', 'imdb'), ('tt0047478', 'imdb'), ('tt0052357', 'imdb'), ('tt0046438', 'imdb'), ('tt0048452', 'imdb'), ('tt0050083', 'imdb'), ('tt0053291', 'imdb'), ('tt0050825', 'imdb'), ('tt0043014', 'imdb'), ('tt0045152', 'imdb'), ('tt0042276', 'imdb'), ('tt0044081', 'imdb'), ('tt0047296', 'imdb'), ('tt0047396', 'imdb'), ('tt0050212', 'imdb'), ('tt0050783', 'imdb'), ('tt0052893', 'imdb'), ('tt0042876', 'imdb'), ('tt0046478', 'imdb'), ('tt0042192', 'imdb'), ('tt0046250', 'imdb'), ('tt0046912', 'imdb'), ('tt0051201', 'imdb'), ('tt0045274', 'imdb'), ('tt0048473', 'imdb'), ('tt0050613', 'imdb'), ('tt0049730', 'imdb'), ('tt0049902', 'imdb'), ('tt0052311', 'imdb'), ('tt0044741', 'imdb'), ('tt0048728', 'imdb'), ('tt0047528', 'imdb'), ('tt0044079', 'imdb'), ('tt0046511', 'imdb'), ('tt0044706', 'imdb'), ('tt0051792', 'imdb'), ('tt0042593', 'imdb'), ('tt0046911', 'imdb'), ('tt0048980', 'imdb'), ('tt0051036', 'imdb'), ('tt0052572', 'imdb'), ('tt0053168', 'imdb'), ('tt0044060', 'imdb'), ('tt0043511', 'imdb'), ('tt0046345', 'imdb'), ('tt0048028', 'imdb'), ('tt0049406', 'imdb'), ('tt0048424', 'imdb'), ('tt0045112', 'imdb'), ('tt0047892', 'imdb'), ('tt0051207', 'imdb'), ('tt0042804', 'imdb'), ('tt0042332', 'imdb'), ('tt0043809', 'imdb'), ('tt0048545', 'imdb'), ('tt0046268', 'imdb'), ('tt0052561', 'imdb'), ('tt0053125', 'imdb'), ('tt0049366', 'imdb'), ('tt0048757', 'imdb'), ('tt0048641', 'imdb'), ('tt0046521', 'imdb'), ('tt0047445', 'imdb'), ('tt0046874', 'imdb'), ('tt0043313', 'imdb'), ('tt0042477', 'imdb'), ('tt0041931', 'imdb'), ('tt0047437', 'imdb'), ('tt0051378', 'imdb'), ('tt0053146', 'imdb'), ('tt0043265', 'imdb'), ('tt0052861', 'imdb'), ('tt0045814', 'imdb'), ('tt0051365', 'imdb'), ('tt0042958', 'imdb'), ('tt0046451', 'imdb'), ('tt0042619', 'imdb'), ('tt0052216', 'imdb'), ('tt0047821', 'imdb'), ('tt0046359', 'imdb'), ('tt0052918', 'imdb'), ('tt0044811', 'imdb'), ('tt0043972', 'imdb'), ('tt0043137', 'imdb'), ('tt0041719', 'imdb'), ('tt0053221', 'imdb'), ('tt0045793', 'imdb'), ('tt0042208', 'imdb'), ('tt0043386', 'imdb'), ('tt0046022', 'imdb'), ('tt0051808', 'imdb'), ('tt0047522', 'imdb'), ('tt0049261', 'imdb'), ('tt0043278', 'imdb'), ('tt0045361', 'imdb'), ('tt0043048', 'imdb'), ('tt0047469', 'imdb'), ('tt0048021', 'imdb'), ('tt0047876', 'imdb'), ('tt0043338', 'imdb'), ('tt0051411', 'imdb'), ('tt0046303', 'imdb'), ('tt0046183', 'imdb'), ('tt0047136', 'imdb'), ('tt0050419', 'imdb'), ('tt0045537', 'imdb'), ('tt0051773', 'imdb'), ('tt0050933', 'imdb'), ('tt0045810', 'imdb'), ('tt0050307', 'imdb'), ('tt0051093', 'imdb'), ('tt0043924', 'imdb'), ('tt0050634', 'imdb'), ('tt0043456', 'imdb'), ('tt0051459', 'imdb'), ('tt0049470', 'imdb'), ('tt0042546', 'imdb'), ('tt0045061', 'imdb'), ('tt0044982', 'imdb'), ('tt0044391', 'imdb'), ('tt0048281', 'imdb'), ('tt0052600', 'imdb'), ('tt0049783', 'imdb'), ('tt0048261', 'imdb'), ('tt0050330', 'imdb'), ('tt0048956', 'imdb'), ('tt0048933', 'imdb'), ('tt0053390', 'imdb'), ('tt0048752', 'imdb'), ('tt0047034', 'imdb'), ('tt0048610', 'imdb'), ('tt0048434', 'imdb'), ('tt0048820', 'imdb'), ('tt0049784', 'imdb'), ('tt0048037', 'imdb'), ('tt0052080', 'imdb'), ('tt0049010', 'imdb'), ('tt0051372', 'imdb'), ('tt0048280', 'imdb'), ('tt0042451', 'imdb'), ('tt0122565', 'imdb'), ('tt0048308', 'imdb'), ('tt0053856', 'imdb'), ('tt0044829', 'imdb'), ('tt0042832', 'imdb'), ('tt0218798', 'imdb'), ('tt0047811', 'imdb'), ('tt0053114', 'imdb'), ('tt0046851', 'imdb'), ('tt0047849', 'imdb'), ('tt0053134', 'imdb'), ('tt0053317', 'imdb'), ('tt0050706', 'imdb'), ('tt0050987', 'imdb'), ('tt0124437', 'imdb'), ('tt0052374', 'imdb'), ('tt0043411', 'imdb'), ('tt0043961', 'imdb'), ('tt0046487', 'imdb'), ('tt0051994', 'imdb'), ('tt0045555', 'imdb'), ('tt0047281', 'imdb'), ('tt0051720', 'imdb'), ('tt0053131', 'imdb'), ('tt0049456', 'imdb'), ('tt0048979', 'imdb'), ('tt0045034', 'imdb'), ('tt0042906', 'imdb'), ('tt0043332', 'imdb'), ('tt0048947', 'imdb'), ('tt0048973', 'imdb'), ('tt0050458', 'imdb'), ('tt0049408', 'imdb'), ('tt0053176', 'imdb'), ('tt0049419', 'imdb'), ('tt0051525', 'imdb'), ('tt0044953', 'imdb'), ('tt0046816', 'imdb'), ('tt0051003', 'imdb'), ('tt0048750', 'imdb'), ('tt0046313', 'imdb'), ('tt0051588', 'imdb'), ('tt0049778', 'imdb'), ('tt0047030', 'imdb'), ('tt0051055', 'imdb'), ('tt0051065', 'imdb'), ('tt0046187', 'imdb'), ('tt0047682', 'imdb'), ('tt0045554', 'imdb'), ('tt0049653', 'imdb'), ('tt0049314', 'imdb'), ('tt0044092', 'imdb'), ('tt0048380', 'imdb'), ('tt0048657', 'imdb'), ('tt0053318', 'imdb'), ('tt0052037', 'imdb'), ('tt0043362', 'imdb'), ('tt0044419', 'imdb')] |
[2022-09-29 20:52:09,048] [builder.py:1542]           [DEBUG]    |                                                                                                    |
[2022-09-29 20:52:31,007] [plex_meta_manager.py:579]  [DEBUG]    |                                                                                                    |
[2022-09-29 20:52:31,007] [plex_meta_manager.py:580]  [DEBUG]    | Builder: imdb_list: {'url': 'https://www.imdb.com/list/ls000047756/', 'limit': 0}                  |
[2022-09-29 20:52:31,008] [plex_meta_manager.py:581]  [INFO]     |                                                                                                    |
[2022-09-29 20:52:31,008] [imdb.py:184]               [INFO]     | Processing IMDb List: https://www.imdb.com/list/ls000047756/                                       |
[2022-09-29 20:52:36,047] [imdb.py:135]               [DEBUG]    | 25 IMDb IDs Found: ['tt0033045', 'tt0032553', 'tt0032904', 'tt0032599', 'tt0032910', 'tt0033289', 'tt0032432', 'tt0032455', 'tt0032943', 'tt0032554', 'tt0032484', 'tt0033028', 'tt0032273', 'tt0032981', 'tt0032285', 'tt0032728', 'tt0033238', 'tt0032811', 'tt0032338', 'tt0032842', 'tt0032551', 'tt0033107', 'tt0032651', 'tt0032946', 'tt0032234'] |
[2022-09-29 20:52:36,047] [builder.py:1540]           [DEBUG]    |                                                                                                    |
[2022-09-29 20:52:36,048] [builder.py:1541]           [DEBUG]    | 25 IDs Found: [('tt0033045', 'imdb'), ('tt0032553', 'imdb'), ('tt0032904', 'imdb'), ('tt0032599', 'imdb'), ('tt0032910', 'imdb'), ('tt0033289', 'imdb'), ('tt0032432', 'imdb'), ('tt0032455', 'imdb'), ('tt0032943', 'imdb'), ('tt0032554', 'imdb'), ('tt0032484', 'imdb'), ('tt0033028', 'imdb'), ('tt0032273', 'imdb'), ('tt0032981', 'imdb'), ('tt0032285', 'imdb'), ('tt0032728', 'imdb'), ('tt0033238', 'imdb'), ('tt0032811', 'imdb'), ('tt0032338', 'imdb'), ('tt0032842', 'imdb'), ('tt0032551', 'imdb'), ('tt0033107', 'imdb'), ('tt0032651', 'imdb'), ('tt0032946', 'imdb'), ('tt0032234', 'imdb')] |
[2022-09-29 20:52:36,048] [builder.py:1542]           [DEBUG]    |                                                                                                    |
[2022-09-29 20:52:39,007] [builder.py:2064]           [INFO]     |                                                                                                    |
[2022-09-29 20:52:39,008] [builder.py:2065]           [INFO]     |============================ Adding to Top Before the 1960s Collection =============================|
[2022-09-29 20:52:39,008] [builder.py:2066]           [INFO]     |                                                                                                    |
[2022-09-29 20:52:39,025] [builder.py:2080]           [INFO]     | 1/5 | Top Before the 1960s Collection | + | Le Pont de la rivière Kwaï (1957)                      |
[2022-09-29 20:52:40,096] [builder.py:2080]           [INFO]     | 2/5 | Top Before the 1960s Collection | + | Ève (1950)                                             |
[2022-09-29 20:52:40,939] [builder.py:2080]           [INFO]     | 3/5 | Top Before the 1960s Collection | + | Le violent (1950)                                      |
[2022-09-29 20:52:43,087] [builder.py:2080]           [INFO]     | 4/5 | Top Before the 1960s Collection | + | Tant qu'il y aura des hommes (1953)                    |
[2022-09-29 20:52:44,461] [builder.py:2080]           [INFO]     | 5/5 | Top Before the 1960s Collection | + | Un Américain à Paris (1951)                            |
[2022-09-29 20:52:45,438] [builder.py:2100]           [INFO]     |                                                                                                    |
[2022-09-29 20:52:45,438] [builder.py:2102]           [INFO]     | 5 Movies Processed 5 Movies Added                                                                  |
[2022-09-29 20:52:45,439] [builder.py:2228]           [INFO]     |                                                                                                    |
[2022-09-29 20:52:45,439] [builder.py:2229]           [INFO]     |============================ Missing Movies from Library: Z. 1 - Films =============================|
[2022-09-29 20:52:45,439] [builder.py:2230]           [INFO]     |                                                                                                    |
[2022-09-29 20:52:45,466] [builder.py:2243]           [INFO]     | Top Before the 1960s Collection | ? | The 400 Blows (1959) (TMDb: 147)                             |
[2022-09-29 20:52:45,600] [builder.py:2243]           [INFO]     | Top Before the 1960s Collection | ? | Hiroshima Mon Amour (1959) (TMDb: 5544)                      |
[2022-09-29 20:52:45,616] [builder.py:2243]           [INFO]     | Top Before the 1960s Collection | ? | A Trip to the Moon (1902) (TMDb: 775)                        |
[2022-09-29 20:52:45,697] [builder.py:2243]           [INFO]     | Top Before the 1960s Collection | ? | Rififi (1955) (TMDb: 934)                                    |
[2022-09-29 20:52:45,730] [builder.py:2243]           [INFO]     | Top Before the 1960s Collection | ? | The Rules of the Game (1939) (TMDb: 776)                     |
[2022-09-29 20:52:45,797] [builder.py:2243]           [INFO]     | Top Before the 1960s Collection | ? | Children of Paradise (1945) (TMDb: 2457)                     |
[2022-09-29 20:52:45,855] [builder.py:2243]           [INFO]     | Top Before the 1960s Collection | ? | The Wages of Fear (1953) (TMDb: 204)                         |
[2022-09-29 20:52:45,913] [builder.py:2243]           [INFO]     | Top Before the 1960s Collection | ? | Mon Oncle (1958) (TMDb: 427)                                 |
[2022-09-29 20:52:45,954] [builder.py:2243]           [INFO]     | Top Before the 1960s Collection | ? | The Passion of Joan of Arc (1928) (TMDb: 780)                |
[2022-09-29 20:52:46,006] [builder.py:2243]           [INFO]     | Top Before the 1960s Collection | ? | ...And God Created Woman (1956) (TMDb: 8420)                 |
[2022-09-29 20:52:46,063] [builder.py:2243]           [INFO]     | Top Before the 1960s Collection | ? | Monsieur Hulot's Holiday (1953) (TMDb: 778)                  |
[2022-09-29 20:52:46,105] [builder.py:2243]           [INFO]     | Top Before the 1960s Collection | ? | Beauty and the Beast (1946) (TMDb: 648)                      |
[2022-09-29 20:52:46,130] [builder.py:2243]           [INFO]     | Top Before the 1960s Collection | ? | Un Chien Andalou (1929) (TMDb: 626)                          |
[2022-09-29 20:52:46,205] [builder.py:2243]           [INFO]     | Top Before the 1960s Collection | ? | The Vampires or, The Arch Criminals of Paris (1915) (TMDb: 29082) |
[2022-09-29 20:52:46,223] [builder.py:2243]           [INFO]     | Top Before the 1960s Collection | ? | Diabolique (1955) (TMDb: 827)                                |
[2022-09-29 20:52:46,283] [builder.py:2243]           [INFO]     | Top Before the 1960s Collection | ? | L'Âge d'Or (1930) (TMDb: 5729)                               |
[2022-09-29 20:52:46,321] [builder.py:2243]           [INFO]     | Top Before the 1960s Collection | ? | Forbidden Games (1952) (TMDb: 5000)                          |
[2022-09-29 20:52:46,364] [builder.py:2243]           [INFO]     | Top Before the 1960s Collection | ? | A Man Escaped (1956) (TMDb: 15244)                           |
[2022-09-29 20:52:46,401] [builder.py:2243]           [INFO]     | Top Before the 1960s Collection | ? | L'Atalante (1934) (TMDb: 43904)                              |
[2022-09-29 20:52:46,434] [builder.py:2243]           [INFO]     | Top Before the 1960s Collection | ? | Grand Illusion (1937) (TMDb: 777)                            |
[2022-09-29 20:52:46,456] [builder.py:2243]           [INFO]     | Top Before the 1960s Collection | ? | Jour de fête (1949) (TMDb: 4595)                             |
[2022-09-29 20:52:46,493] [builder.py:2243]           [INFO]     | Top Before the 1960s Collection | ? | The Hunchback of Notre Dame (1956) (TMDb: 11594)             |
[2022-09-29 20:52:46,530] [builder.py:2243]           [INFO]     | Top Before the 1960s Collection | ? | Ali Baba and the Forty Thieves (1954) (TMDb: 66540)          |
[2022-09-29 20:52:46,567] [builder.py:2243]           [INFO]     | Top Before the 1960s Collection | ? | The Three Musketeers (1953) (TMDb: 67446)                    |
[2022-09-29 20:52:46,597] [builder.py:2243]           [INFO]     | Top Before the 1960s Collection | ? | Elevator to the Gallows (1958) (TMDb: 1093)                  |
[2022-09-29 20:52:46,630] [builder.py:2243]           [INFO]     | Top Before the 1960s Collection | ? | Workers Leaving the Lumière Factory (1895) (TMDb: 774)       |
[2022-09-29 20:52:46,639] [builder.py:2243]           [INFO]     | Top Before the 1960s Collection | ? | Orpheus (1950) (TMDb: 4558)                                  |
[2022-09-29 20:52:46,675] [builder.py:2243]           [INFO]     | Top Before the 1960s Collection | ? | Touchez Pas au Grisbi (1954) (TMDb: 27430)                   |
[2022-09-29 20:52:46,696] [builder.py:2243]           [INFO]     | Top Before the 1960s Collection | ? | Maigret Sets a Trap (1958) (TMDb: 37454)                     |
[2022-09-29 20:52:46,722] [builder.py:2243]           [INFO]     | Top Before the 1960s Collection | ? | Le Plaisir (1952) (TMDb: 43360)                              |
[2022-09-29 20:52:46,764] [builder.py:2243]           [INFO]     | Top Before the 1960s Collection | ? | Le Corbeau (1943) (TMDb: 29084)                              |
[2022-09-29 20:52:46,816] [builder.py:2243]           [INFO]     | Top Before the 1960s Collection | ? | Marius (1931) (TMDb: 42818)                                  |
[2022-09-29 20:52:46,872] [builder.py:2243]           [INFO]     | Top Before the 1960s Collection | ? | Michael Strogoff (1956) (TMDb: 77418)                        |
[2022-09-29 20:52:46,897] [builder.py:2243]           [INFO]     | Top Before the 1960s Collection | ? | Pépé le Moko (1937) (TMDb: 26252)                            |
[2022-09-29 20:52:46,955] [builder.py:2243]           [INFO]     | Top Before the 1960s Collection | ? | The Blood of a Poet (1932) (TMDb: 36877)                     |
[2022-09-29 20:52:47,005] [builder.py:2243]           [INFO]     | Top Before the 1960s Collection | ? | Night and Fog (1955) (TMDb: 803)                             |
[2022-09-29 20:52:47,128] [builder.py:2243]           [INFO]     | Top Before the 1960s Collection | ? | Les Misérables (1958) (TMDb: 4412)                           |
[2022-09-29 20:52:47,196] [builder.py:2243]           [INFO]     | Top Before the 1960s Collection | ? | The Astronomer's Dream (1898) (TMDb: 104700)                 |
[2022-09-29 20:52:47,222] [builder.py:2243]           [INFO]     | Top Before the 1960s Collection | ? | Casque d'Or (1952) (TMDb: 68822)                             |
[2022-09-29 20:52:47,280] [builder.py:2243]           [INFO]     | Top Before the 1960s Collection | ? | The Trip Across Paris (1956) (TMDb: 19178)                   |
[2022-09-29 20:52:47,364] [builder.py:2243]           [INFO]     | Top Before the 1960s Collection | ? | 125, rue Montmartre (1959) (TMDb: 71323)                     |
[2022-09-29 20:52:47,389] [builder.py:2243]           [INFO]     | Top Before the 1960s Collection | ? | La Chienne (1931) (TMDb: 26614)                              |
[2022-09-29 20:52:47,417] [builder.py:2243]           [INFO]     | Top Before the 1960s Collection | ? | The Lovers (1958) (TMDb: 2574)                               |
[2022-09-29 20:52:47,438] [builder.py:2243]           [INFO]     | Top Before the 1960s Collection | ? | The Sprinkler Sprinkled (1895) (TMDb: 82120)                 |
[2022-09-29 20:52:47,463] [builder.py:2243]           [INFO]     | Top Before the 1960s Collection | ? | The Cow and I (1959) (TMDb: 58736)                           |
[2022-09-29 20:52:47,506] [builder.py:2243]           [INFO]     | Top Before the 1960s Collection | ? | Port of Shadows (1938) (TMDb: 46326)                         |
[2022-09-29 20:52:47,539] [builder.py:2243]           [INFO]     | Top Before the 1960s Collection | ? | The Red Balloon (1956) (TMDb: 15265)                         |
[2022-09-29 20:52:47,581] [builder.py:2243]           [INFO]     | Top Before the 1960s Collection | ? | Napoleon (1927) (TMDb: 42536)                                |
[2022-09-29 20:52:47,606] [builder.py:2243]           [INFO]     | Top Before the 1960s Collection | ? | Boudu Saved from Drowning (1932) (TMDb: 48365)               |
[2022-09-29 20:52:47,631] [builder.py:2243]           [INFO]     | Top Before the 1960s Collection | ? | La Bête Humaine (1938) (TMDb: 29415)                         |
[2022-09-29 20:52:47,655] [builder.py:2243]           [INFO]     | Top Before the 1960s Collection | ? | The Seventh Seal (1957) (TMDb: 490)                          |
[2022-09-29 20:52:47,681] [builder.py:2243]           [INFO]     | Top Before the 1960s Collection | ? | Wild Strawberries (1957) (TMDb: 614)                         |
[2022-09-29 20:52:47,722] [builder.py:2243]           [INFO]     | Top Before the 1960s Collection | ? | Seven Samurai (1954) (TMDb: 346)                             |
[2022-09-29 20:52:47,740] [builder.py:2243]           [INFO]     | Top Before the 1960s Collection | ? | Vertigo (1958) (TMDb: 426)                                   |
[2022-09-29 20:52:47,837] [builder.py:2243]           [INFO]     | Top Before the 1960s Collection | ? | Tokyo Story (1953) (TMDb: 18148)                             |
[2022-09-29 20:52:48,276] [builder.py:2243]           [INFO]     | Top Before the 1960s Collection | ? | Ordet (1955) (TMDb: 48035)                                   |
[2022-09-29 20:52:48,301] [builder.py:2243]           [INFO]     | Top Before the 1960s Collection | ? | 12 Angry Men (1957) (TMDb: 389)                              |
[2022-09-29 20:52:48,314] [builder.py:2243]           [INFO]     | Top Before the 1960s Collection | ? | Some Like It Hot (1959) (TMDb: 239)                          |
[2022-09-29 20:52:48,364] [builder.py:2243]           [INFO]     | Top Before the 1960s Collection | ? | Paths of Glory (1957) (TMDb: 975)                            |
[2022-09-29 20:52:48,390] [builder.py:2243]           [INFO]     | Top Before the 1960s Collection | ? | Sunset Boulevard (1950) (TMDb: 599)                          |
[2022-09-29 20:52:48,422] [builder.py:2243]           [INFO]     | Top Before the 1960s Collection | ? | Singin' in the Rain (1952) (TMDb: 872)                       |
[2022-09-29 20:52:48,448] [builder.py:2243]           [INFO]     | Top Before the 1960s Collection | ? | Born Yesterday (1950) (TMDb: 24481)                          |
[2022-09-29 20:52:48,480] [builder.py:2243]           [INFO]     | Top Before the 1960s Collection | ? | A Streetcar Named Desire (1951) (TMDb: 702)                  |
[2022-09-29 20:52:48,515] [builder.py:2243]           [INFO]     | Top Before the 1960s Collection | ? | On the Waterfront (1954) (TMDb: 654)                         |
[2022-09-29 20:52:48,527] [builder.py:2243]           [INFO]     | Top Before the 1960s Collection | ? | Rear Window (1954) (TMDb: 567)                               |
[2022-09-29 20:52:48,568] [builder.py:2243]           [INFO]     | Top Before the 1960s Collection | ? | Nights of Cabiria (1957) (TMDb: 19426)                       |
[2022-09-29 20:52:48,585] [builder.py:2243]           [INFO]     | Top Before the 1960s Collection | ? | Rashomon (1950) (TMDb: 548)                                  |
[2022-09-29 20:52:48,640] [builder.py:2243]           [INFO]     | Top Before the 1960s Collection | ? | Ugetsu (1953) (TMDb: 14696)                                  |
[2022-09-29 20:52:48,655] [builder.py:2243]           [INFO]     | Top Before the 1960s Collection | ? | Roman Holiday (1953) (TMDb: 804)                             |
[2022-09-29 20:52:48,713] [builder.py:2243]           [INFO]     | Top Before the 1960s Collection | ? | Dial M for Murder (1954) (TMDb: 521)                         |
[2022-09-29 20:52:48,744] [builder.py:2243]           [INFO]     | Top Before the 1960s Collection | ? | Witness for the Prosecution (1957) (TMDb: 37257)             |
[2022-09-29 20:52:49,275] [builder.py:2243]           [INFO]     | Top Before the 1960s Collection | ? | Umberto D. (1952) (TMDb: 833)                                |
[2022-09-29 20:52:49,307] [builder.py:2243]           [INFO]     | Top Before the 1960s Collection | ? | Pather Panchali (1955) (TMDb: 5801)                          |
[2022-09-29 20:52:49,784] [builder.py:2243]           [INFO]     | Top Before the 1960s Collection | ? | Throne of Blood (1957) (TMDb: 3777)                          |
[2022-09-29 20:52:50,258] [builder.py:2243]           [INFO]     | Top Before the 1960s Collection | ? | The Searchers (1956) (TMDb: 3114)                            |
[2022-09-29 20:52:50,764] [builder.py:2243]           [INFO]     | Top Before the 1960s Collection | ? | Touch of Evil (1958) (TMDb: 1480)                            |
[2022-09-29 20:52:50,804] [builder.py:2243]           [INFO]     | Top Before the 1960s Collection | ? | Ikiru (1952) (TMDb: 3782)                                    |
[2022-09-29 20:52:50,833] [builder.py:2243]           [INFO]     | Top Before the 1960s Collection | ? | To Catch a Thief (1955) (TMDb: 381)                          |
[2022-09-29 20:52:50,854] [builder.py:2243]           [INFO]     | Top Before the 1960s Collection | ? | La Strada (1954) (TMDb: 405)                                 |
[2022-09-29 20:52:51,374] [builder.py:2243]           [INFO]     | Top Before the 1960s Collection | ? | Strangers on a Train (1951) (TMDb: 845)                      |
[2022-09-29 20:52:51,802] [builder.py:2243]           [INFO]     | Top Before the 1960s Collection | ? | Journey to Italy (1954) (TMDb: 2748)                         |
[2022-09-29 20:52:51,815] [builder.py:2243]           [INFO]     | Top Before the 1960s Collection | ? | High Noon (1952) (TMDb: 288)                                 |
[2022-09-29 20:52:52,201] [builder.py:2243]           [INFO]     | Top Before the 1960s Collection | ? | The Music Room (1958) (TMDb: 822)                            |
[2022-09-29 20:52:52,871] [builder.py:2243]           [INFO]     | Top Before the 1960s Collection | ? | Sweet Smell of Success (1957) (TMDb: 976)                    |
[2022-09-29 20:52:53,146] [builder.py:2243]           [INFO]     | Top Before the 1960s Collection | ? | Apur Sansar (1959) (TMDb: 896)                               |
[2022-09-29 20:52:53,277] [builder.py:2243]           [INFO]     | Top Before the 1960s Collection | ? | Pickpocket (1959) (TMDb: 690)                                |
[2022-09-29 20:52:53,675] [builder.py:2243]           [INFO]     | Top Before the 1960s Collection | ? | Summer Interlude (1951) (TMDb: 47473)                        |
[2022-09-29 20:52:54,142] [builder.py:2243]           [INFO]     | Top Before the 1960s Collection | ? | Europe '51 (1952) (TMDb: 41464)                              |
[2022-09-29 20:52:54,597] [builder.py:2243]           [INFO]     | Top Before the 1960s Collection | ? | Summer with Monika (1953) (TMDb: 47735)                      |
[2022-09-29 20:52:54,630] [builder.py:2243]           [INFO]     | Top Before the 1960s Collection | ? | East of Eden (1955) (TMDb: 220)                              |
[2022-09-29 20:52:55,113] [builder.py:2243]           [INFO]     | Top Before the 1960s Collection | ? | The Killing (1956) (TMDb: 247)                               |
[2022-09-29 20:52:55,647] [builder.py:2243]           [INFO]     | Top Before the 1960s Collection | ? | The Night of the Hunter (1955) (TMDb: 3112)                  |
[2022-09-29 20:52:56,114] [builder.py:2243]           [INFO]     | Top Before the 1960s Collection | ? | The Life of Oharu (1952) (TMDb: 43364)                       |
[2022-09-29 20:52:56,147] [builder.py:2243]           [INFO]     | Top Before the 1960s Collection | ? | Bob le Flambeur (1956) (TMDb: 26030)                         |
[2022-09-29 20:52:56,582] [builder.py:2243]           [INFO]     | Top Before the 1960s Collection | ? | The Wrong Man (1956) (TMDb: 22527)                           |
[2022-09-29 20:52:57,065] [builder.py:2243]           [INFO]     | Top Before the 1960s Collection | ? | The Young and the Damned (1950) (TMDb: 800)                  |
[2022-09-29 20:52:57,208] [builder.py:2243]           [INFO]     | Top Before the 1960s Collection | ? | Cinderella (1950) (TMDb: 11224)                              |
[2022-09-29 20:52:57,650] [builder.py:2243]           [INFO]     | Top Before the 1960s Collection | ? | Miracle in Milan (1951) (TMDb: 43379)                        |
[2022-09-29 20:52:58,156] [builder.py:2243]           [INFO]     | Top Before the 1960s Collection | ? | Rebel Without a Cause (1955) (TMDb: 221)                     |
[2022-09-29 20:52:58,648] [builder.py:2243]           [INFO]     | Top Before the 1960s Collection | ? | Anatomy of a Murder (1959) (TMDb: 93)                        |
[2022-09-29 20:52:58,672] [builder.py:2243]           [INFO]     | Top Before the 1960s Collection | ? | North by Northwest (1959) (TMDb: 213)                        |
[2022-09-29 20:52:59,130] [builder.py:2243]           [INFO]     | Top Before the 1960s Collection | ? | Invasion of the Body Snatchers (1956) (TMDb: 11549)          |
[2022-09-29 20:52:59,546] [builder.py:2243]           [INFO]     | Top Before the 1960s Collection | ? | Floating Clouds (1955) (TMDb: 77285)                         |
[2022-09-29 20:53:00,002] [builder.py:2243]           [INFO]     | Top Before the 1960s Collection | ? | Smiles of a Summer Night (1955) (TMDb: 11700)                |
[2022-09-29 20:53:00,555] [builder.py:2243]           [INFO]     | Top Before the 1960s Collection | ? | I Vitelloni (1953) (TMDb: 12548)                             |
[2022-09-29 20:53:00,588] [builder.py:2243]           [INFO]     | Top Before the 1960s Collection | ? | Sansho the Bailiff (1954) (TMDb: 20532)                      |
[2022-09-29 20:53:00,615] [builder.py:2243]           [INFO]     | Top Before the 1960s Collection | ? | The Country Girl (1954) (TMDb: 2438)                         |
[2022-09-29 20:53:01,122] [builder.py:2243]           [INFO]     | Top Before the 1960s Collection | ? | Early Summer (1951) (TMDb: 50247)                            |
[2022-09-29 20:53:01,497] [builder.py:2243]           [INFO]     | Top Before the 1960s Collection | ? | The Flowers of St. Francis (1950) (TMDb: 56518)              |
[2022-09-29 20:53:02,230] [builder.py:2243]           [INFO]     | Top Before the 1960s Collection | ? | Stromboli (1950) (TMDb: 4173)                                |
[2022-09-29 20:53:02,247] [builder.py:2243]           [INFO]     | Top Before the 1960s Collection | ? | Sabrina (1954) (TMDb: 6620)                                  |
[2022-09-29 20:53:02,285] [builder.py:2243]           [INFO]     | Top Before the 1960s Collection | ? | Black Orpheus (1959) (TMDb: 40423)                           |
[2022-09-29 20:53:02,302] [builder.py:2243]           [INFO]     | Top Before the 1960s Collection | ? | The African Queen (1952) (TMDb: 488)                         |
[2022-09-29 20:53:02,345] [builder.py:2243]           [INFO]     | Top Before the 1960s Collection | ? | The Great War (1959) (TMDb: 55823)                           |
[2022-09-29 20:53:03,182] [builder.py:2243]           [INFO]     | Top Before the 1960s Collection | ? | A Geisha (1953) (TMDb: 45991)                                |
[2022-09-29 20:53:03,706] [builder.py:2243]           [INFO]     | Top Before the 1960s Collection | ? | The Magician (1958) (TMDb: 29453)                            |
[2022-09-29 20:53:04,127] [builder.py:2243]           [INFO]     | Top Before the 1960s Collection | ? | Scandal (1950) (TMDb: 32690)                                 |
[2022-09-29 20:53:04,180] [builder.py:2243]           [INFO]     | Top Before the 1960s Collection | ? | Diary of a Country Priest (1951) (TMDb: 43376)               |
[2022-09-29 20:53:04,197] [builder.py:2243]           [INFO]     | Top Before the 1960s Collection | ? | Big Deal on Madonna Street (1958) (TMDb: 24382)              |
[2022-09-29 20:53:04,583] [builder.py:2243]           [INFO]     | Top Before the 1960s Collection | ? | Le Amiche (1955) (TMDb: 46979)                               |
[2022-09-29 20:53:04,618] [builder.py:2243]           [INFO]     | Top Before the 1960s Collection | ? | Stalag 17 (1953) (TMDb: 632)                                 |
[2022-09-29 20:53:05,114] [builder.py:2243]           [INFO]     | Top Before the 1960s Collection | ? | Imitation of Life (1959) (TMDb: 34148)                       |
[2022-09-29 20:53:05,600] [builder.py:2243]           [INFO]     | Top Before the 1960s Collection | ? | Waiting Women (1952) (TMDb: 69544)                           |
[2022-09-29 20:53:06,025] [builder.py:2243]           [INFO]     | Top Before the 1960s Collection | ? | The River (1951) (TMDb: 45218)                               |
[2022-09-29 20:53:06,473] [builder.py:2243]           [INFO]     | Top Before the 1960s Collection | ? | Winchester '73 (1950) (TMDb: 14551)                          |
[2022-09-29 20:53:06,908] [builder.py:2243]           [INFO]     | Top Before the 1960s Collection | ? | Rio Bravo (1959) (TMDb: 301)                                 |
[2022-09-29 20:53:07,399] [builder.py:2243]           [INFO]     | Top Before the 1960s Collection | ? | The Asphalt Jungle (1950) (TMDb: 16958)                      |
[2022-09-29 20:53:07,424] [builder.py:2243]           [INFO]     | Top Before the 1960s Collection | ? | The Earrings of Madame de... (1953) (TMDb: 27030)            |
[2022-09-29 20:53:07,841] [builder.py:2243]           [INFO]     | Top Before the 1960s Collection | ? | The Hidden Fortress (1958) (TMDb: 1059)                      |
[2022-09-29 20:53:08,250] [builder.py:2243]           [INFO]     | Top Before the 1960s Collection | ? | A Star Is Born (1954) (TMDb: 3111)                           |
[2022-09-29 20:53:08,277] [builder.py:2243]           [INFO]     | Top Before the 1960s Collection | ? | Giant (1956) (TMDb: 1712)                                    |
[2022-09-29 20:53:08,762] [builder.py:2243]           [INFO]     | Top Before the 1960s Collection | ? | Él (1953) (TMDb: 43344)                                      |
[2022-09-29 20:53:09,275] [builder.py:2243]           [INFO]     | Top Before the 1960s Collection | ? | To Joy (1950) (TMDb: 39284)                                  |
[2022-09-29 20:53:09,730] [builder.py:2243]           [INFO]     | Top Before the 1960s Collection | ? | Senso (1954) (TMDb: 43195)                                   |
[2022-09-29 20:53:10,393] [builder.py:2243]           [INFO]     | Top Before the 1960s Collection | ? | The Swindle (1955) (TMDb: 36102)                             |
[2022-09-29 20:53:10,887] [builder.py:2243]           [INFO]     | Top Before the 1960s Collection | ? | Ace in the Hole (1951) (TMDb: 25364)                         |
[2022-09-29 20:53:10,913] [builder.py:2243]           [INFO]     | Top Before the 1960s Collection | ? | The Big Country (1958) (TMDb: 12501)                         |
[2022-09-29 20:53:10,959] [builder.py:2243]           [INFO]     | Top Before the 1960s Collection | ? | Shane (1953) (TMDb: 3110)                                    |
[2022-09-29 20:53:11,117] [builder.py:2243]           [INFO]     | Top Before the 1960s Collection | ? | Peter Pan (1953) (TMDb: 10693)                               |
[2022-09-29 20:53:11,577] [builder.py:2243]           [INFO]     | Top Before the 1960s Collection | ? | Johnny Guitar (1954) (TMDb: 26596)                           |
[2022-09-29 20:53:12,386] [builder.py:2243]           [INFO]     | Top Before the 1960s Collection | ? | Funny Face (1957) (TMDb: 13320)                              |
[2022-09-29 20:53:12,879] [builder.py:2243]           [INFO]     | Top Before the 1960s Collection | ? | The Band Wagon (1953) (TMDb: 29376)                          |
[2022-09-29 20:53:13,275] [builder.py:2243]           [INFO]     | Top Before the 1960s Collection | ? | Indiscreet (1958) (TMDb: 22874)                              |
[2022-09-29 20:53:13,313] [builder.py:2243]           [INFO]     | Top Before the 1960s Collection | ? | Sayonara (1957) (TMDb: 40885)                                |
[2022-09-29 20:53:13,803] [builder.py:2243]           [INFO]     | Top Before the 1960s Collection | ? | Gentlemen Prefer Blondes (1953) (TMDb: 759)                  |
[2022-09-29 20:53:14,244] [builder.py:2243]           [INFO]     | Top Before the 1960s Collection | ? | Desk Set (1957) (TMDb: 24203)                                |
[2022-09-29 20:53:14,605] [builder.py:2243]           [INFO]     | Top Before the 1960s Collection | ? | Tokyo Twilight (1957) (TMDb: 55192)                          |
[2022-09-29 20:53:14,622] [builder.py:2243]           [INFO]     | Top Before the 1960s Collection | ? | A Place in the Sun (1951) (TMDb: 25673)                      |
[2022-09-29 20:53:15,013] [builder.py:2243]           [INFO]     | Top Before the 1960s Collection | ? | The Cranes Are Flying (1957) (TMDb: 38360)                   |
[2022-09-29 20:53:15,549] [builder.py:2243]           [INFO]     | Top Before the 1960s Collection | ? | The Day the Earth Stood Still (1951) (TMDb: 828)             |
[2022-09-29 20:53:17,263] [builder.py:2243]           [INFO]     | Top Before the 1960s Collection | ? | Cat on a Hot Tin Roof (1958) (TMDb: 261)                     |
[2022-09-29 20:53:17,296] [builder.py:2243]           [INFO]     | Top Before the 1960s Collection | ? | The Man Who Knew Too Much (1956) (TMDb: 574)                 |
[2022-09-29 20:53:17,313] [builder.py:2243]           [INFO]     | Top Before the 1960s Collection | ? | Harvey (1950) (TMDb: 11787)                                  |
[2022-09-29 20:53:17,354] [builder.py:2243]           [INFO]     | Top Before the 1960s Collection | ? | The Quiet Man (1952) (TMDb: 3109)                            |
[2022-09-29 20:53:17,798] [builder.py:2243]           [INFO]     | Top Before the 1960s Collection | ? | The Flavor of Green Tea Over Rice (1952) (TMDb: 55197)       |
[2022-09-29 20:53:17,813] [builder.py:2243]           [INFO]     | Top Before the 1960s Collection | ? | The Bad and the Beautiful (1952) (TMDb: 32499)               |
[2022-09-29 20:53:18,240] [builder.py:2243]           [INFO]     | Top Before the 1960s Collection | ? | The Ladykillers (1955) (TMDb: 5506)                          |
[2022-09-29 20:53:18,640] [builder.py:2243]           [INFO]     | Top Before the 1960s Collection | ? | Ballad of a Soldier (1959) (TMDb: 46592)                     |
[2022-09-29 20:53:19,087] [builder.py:2243]           [INFO]     | Top Before the 1960s Collection | ? | The Forty-First (1956) (TMDb: 46741)                         |
[2022-09-29 20:53:19,538] [builder.py:2243]           [INFO]     | Top Before the 1960s Collection | ? | Kiss Me Deadly (1955) (TMDb: 18030)                          |
[2022-09-29 20:53:19,991] [builder.py:2243]           [INFO]     | Top Before the 1960s Collection | ? | The Lower Depths (1957) (TMDb: 26893)                        |
[2022-09-29 20:53:20,130] [builder.py:2243]           [INFO]     | Top Before the 1960s Collection | ? | Aparajito (1956) (TMDb: 897)                                 |
[2022-09-29 20:53:20,518] [builder.py:2243]           [INFO]     | Top Before the 1960s Collection | ? | Street of Shame (1956) (TMDb: 43255)                         |
[2022-09-29 20:53:21,023] [builder.py:2243]           [INFO]     | Top Before the 1960s Collection | ? | Floating Weeds (1959) (TMDb: 46918)                          |
[2022-09-29 20:53:21,465] [builder.py:2243]           [INFO]     | Top Before the 1960s Collection | ? | The Unknown Soldier (1955) (TMDb: 36439)                     |
[2022-09-29 20:53:21,648] [builder.py:2243]           [INFO]     | Top Before the 1960s Collection | ? | Godzilla (1954) (TMDb: 1678)                                 |
[2022-09-29 20:53:22,174] [builder.py:2243]           [INFO]     | Top Before the 1960s Collection | ? | Taira Clan Saga (1955) (TMDb: 45987)                         |
[2022-09-29 20:53:22,715] [builder.py:2243]           [INFO]     | Top Before the 1960s Collection | ? | Princess Yang Kwei Fei (1955) (TMDb: 91426)                  |
[2022-09-29 20:53:23,106] [builder.py:2243]           [INFO]     | Top Before the 1960s Collection | ? | Early Spring (1956) (TMDb: 20531)                            |
[2022-09-29 20:53:23,591] [builder.py:2243]           [INFO]     | Top Before the 1960s Collection | ? | The Criminal Life of Archibaldo de la Cruz (1955) (TMDb: 37628) |
[2022-09-29 20:53:24,047] [builder.py:2243]           [INFO]     | Top Before the 1960s Collection | ? | Ashes and Diamonds (1958) (TMDb: 5055)                       |
[2022-09-29 20:53:24,427] [builder.py:2243]           [INFO]     | Top Before the 1960s Collection | ? | Bigger Than Life (1956) (TMDb: 26036)                        |
[2022-09-29 20:53:24,910] [builder.py:2243]           [INFO]     | Top Before the 1960s Collection | ? | Araya (1959) (TMDb: 89688)                                   |
[2022-09-29 20:53:25,067] [builder.py:2243]           [INFO]     | Top Before the 1960s Collection | ? | Lady and the Tramp (1955) (TMDb: 10340)                      |
[2022-09-29 20:53:25,235] [builder.py:2243]           [INFO]     | Top Before the 1960s Collection | ? | Father of the Bride (1950) (TMDb: 20758)                     |
[2022-09-29 20:53:25,759] [builder.py:2243]           [INFO]     | Top Before the 1960s Collection | ? | The Counterfeit Coin (1955) (TMDb: 47713)                    |
[2022-09-29 20:53:25,797] [builder.py:2243]           [INFO]     | Top Before the 1960s Collection | ? | Lola Montès (1955) (TMDb: 35987)                             |
[2022-09-29 20:53:26,273] [builder.py:2243]           [INFO]     | Top Before the 1960s Collection | ? | General Della Rovere (1959) (TMDb: 43100)                    |
[2022-09-29 20:53:26,313] [builder.py:2243]           [INFO]     | Top Before the 1960s Collection | ? | The Lavender Hill Mob (1951) (TMDb: 32961)                   |
[2022-09-29 20:53:26,353] [builder.py:2243]           [INFO]     | Top Before the 1960s Collection | ? | Panic in the Streets (1950) (TMDb: 32078)                    |
[2022-09-29 20:53:26,797] [builder.py:2243]           [INFO]     | Top Before the 1960s Collection | ? | The Twelve Months (1956) (TMDb: 42647)                       |
[2022-09-29 20:53:27,277] [builder.py:2243]           [INFO]     | Top Before the 1960s Collection | ? | All That Heaven Allows (1955) (TMDb: 43316)                  |
[2022-09-29 20:53:27,427] [builder.py:2243]           [INFO]     | Top Before the 1960s Collection | ? | The Human Condition I: No Greater Love (1959) (TMDb: 31217)  |
[2022-09-29 20:53:27,896] [builder.py:2243]           [INFO]     | Top Before the 1960s Collection | ? | The Crucified Lovers (1954) (TMDb: 35861)                    |
[2022-09-29 20:53:28,317] [builder.py:2243]           [INFO]     | Top Before the 1960s Collection | ? | Bad Day at Black Rock (1955) (TMDb: 14554)                   |
[2022-09-29 20:53:28,800] [builder.py:2243]           [INFO]     | Top Before the 1960s Collection | ? | Good Morning (1959) (TMDb: 28276)                            |
[2022-09-29 20:53:29,200] [builder.py:2243]           [INFO]     | Top Before the 1960s Collection | ? | Fate of a Man (1959) (TMDb: 88564)                           |
[2022-09-29 20:53:29,566] [builder.py:2243]           [INFO]     | Top Before the 1960s Collection | ? | The Snow Queen (1957) (TMDb: 72214)                          |
[2022-09-29 20:53:30,185] [builder.py:2243]           [INFO]     | Top Before the 1960s Collection | ? | The Ogre of Athens (1956) (TMDb: 47717)                      |
[2022-09-29 20:53:30,658] [builder.py:2243]           [INFO]     | Top Before the 1960s Collection | ? | Invention for Destruction (1958) (TMDb: 19759)               |
[2022-09-29 20:53:31,118] [builder.py:2243]           [INFO]     | Top Before the 1960s Collection | ? | The Emperor and the Golem (1952) (TMDb: 36918)               |
[2022-09-29 20:53:31,478] [builder.py:2243]           [INFO]     | Top Before the 1960s Collection | ? | The Red Badge of Courage (1951) (TMDb: 59401)                |
[2022-09-29 20:53:32,051] [builder.py:2243]           [INFO]     | Top Before the 1960s Collection | ? | A Night to Remember (1958) (TMDb: 10971)                     |
[2022-09-29 20:53:32,449] [builder.py:2243]           [INFO]     | Top Before the 1960s Collection | ? | The Big Heat (1953) (TMDb: 14580)                            |
[2022-09-29 20:53:32,852] [builder.py:2243]           [INFO]     | Top Before the 1960s Collection | ? | Twenty-Four Eyes (1954) (TMDb: 43339)                        |
[2022-09-29 20:53:33,225] [builder.py:2243]           [INFO]     | Top Before the 1960s Collection | ? | Equinox Flower (1958) (TMDb: 28272)                          |
[2022-09-29 20:53:33,626] [builder.py:2243]           [INFO]     | Top Before the 1960s Collection | ? | The Nun's Story (1959) (TMDb: 27029)                         |
[2022-09-29 20:53:33,664] [builder.py:2243]           [INFO]     | Top Before the 1960s Collection | ? | Lust for Life (1956) (TMDb: 29592)                           |
[2022-09-29 20:53:33,997] [builder.py:2243]           [INFO]     | Top Before the 1960s Collection | ? | Ballerina (1956) (TMDb: 290503)                              |
[2022-09-29 20:53:34,055] [builder.py:2243]           [INFO]     | Top Before the 1960s Collection | ? | La Ronde (1950) (TMDb: 50030)                                |
[2022-09-29 20:53:34,580] [builder.py:2243]           [INFO]     | Top Before the 1960s Collection | ? | Bellissima (1951) (TMDb: 43372)                              |
[2022-09-29 20:53:34,630] [builder.py:2243]           [INFO]     | Top Before the 1960s Collection | ? | Anastasia (1956) (TMDb: 38171)                               |
[2022-09-29 20:53:35,106] [builder.py:2243]           [INFO]     | Top Before the 1960s Collection | ? | Baby Doll (1956) (TMDb: 40478)                               |
[2022-09-29 20:53:35,497] [builder.py:2243]           [INFO]     | Top Before the 1960s Collection | ? | Il Grido (1957) (TMDb: 41054)                                |
[2022-09-29 20:53:35,532] [builder.py:2243]           [INFO]     | Top Before the 1960s Collection | ? | The King and I (1956) (TMDb: 16520)                          |
[2022-09-29 20:53:36,056] [builder.py:2243]           [INFO]     | Top Before the 1960s Collection | ? | Night Train (1959) (TMDb: 38898)                             |
[2022-09-29 20:53:36,480] [builder.py:2243]           [INFO]     | Top Before the 1960s Collection | ? | A Girl in Black (1956) (TMDb: 98184)                         |
[2022-09-29 20:53:36,497] [builder.py:2243]           [INFO]     | Top Before the 1960s Collection | ? | The Defiant Ones (1958) (TMDb: 11414)                        |
[2022-09-29 20:53:36,931] [builder.py:2243]           [INFO]     | Top Before the 1960s Collection | ? | The Naked Spur (1953) (TMDb: 20442)                          |
[2022-09-29 20:53:37,414] [builder.py:2243]           [INFO]     | Top Before the 1960s Collection | ? | The Caine Mutiny (1954) (TMDb: 10178)                        |
[2022-09-29 20:53:37,980] [builder.py:2243]           [INFO]     | Top Before the 1960s Collection | ? | The Spirit of St. Louis (1957) (TMDb: 18776)                 |
[2022-09-29 20:53:38,489] [builder.py:2243]           [INFO]     | Top Before the 1960s Collection | ? | The Trouble with Harry (1955) (TMDb: 11219)                  |
[2022-09-29 20:53:38,901] [builder.py:2243]           [INFO]     | Top Before the 1960s Collection | ? | The Lady Without Camelias (1953) (TMDb: 93863)               |
[2022-09-29 20:53:39,347] [builder.py:2243]           [INFO]     | Top Before the 1960s Collection | ? | It Happened in Broad Daylight (1958) (TMDb: 852)             |
[2022-09-29 20:53:39,405] [builder.py:2243]           [INFO]     | Top Before the 1960s Collection | ? | Somebody Up There Likes Me (1956) (TMDb: 28000)              |
[2022-09-29 20:53:39,422] [builder.py:2243]           [INFO]     | Top Before the 1960s Collection | ? | The Glenn Miller Story (1954) (TMDb: 17729)                  |
[2022-09-29 20:53:40,031] [builder.py:2243]           [INFO]     | Top Before the 1960s Collection | ? | The Tarnished Angels (1957) (TMDb: 38432)                    |
[2022-09-29 20:53:40,564] [builder.py:2243]           [INFO]     | Top Before the 1960s Collection | ? | A Matter of Dignity (1958) (TMDb: 164421)                    |
[2022-09-29 20:53:41,066] [builder.py:2243]           [INFO]     | Top Before the 1960s Collection | ? | Pickup on South Street (1953) (TMDb: 25955)                  |
[2022-09-29 20:53:41,535] [builder.py:2243]           [INFO]     | Top Before the 1960s Collection | ? | Sound of the Mountain (1954) (TMDb: 46492)                   |
[2022-09-29 20:53:41,972] [builder.py:2243]           [INFO]     | Top Before the 1960s Collection | ? | Welcome Mr. Marshall! (1953) (TMDb: 31936)                   |
[2022-09-29 20:53:42,364] [builder.py:2243]           [INFO]     | Top Before the 1960s Collection | ? | The Rainmaker (1956) (TMDb: 43542)                           |
[2022-09-29 20:53:42,830] [builder.py:2243]           [INFO]     | Top Before the 1960s Collection | ? | High Society (1956) (TMDb: 11424)                            |
[2022-09-29 20:53:43,295] [builder.py:2243]           [INFO]     | Top Before the 1960s Collection | ? | Surcos (1951) (TMDb: 103937)                                 |
[2022-09-29 20:53:43,342] [builder.py:2243]           [INFO]     | Top Before the 1960s Collection | ? | Mister Roberts (1955) (TMDb: 37853)                          |
[2022-09-29 20:53:43,789] [builder.py:2243]           [INFO]     | Top Before the 1960s Collection | ? | Stella (1955) (TMDb: 47778)                                  |
[2022-09-29 20:53:44,324] [builder.py:2243]           [INFO]     | Top Before the 1960s Collection | ? | Suddenly, Last Summer (1959) (TMDb: 14698)                   |
[2022-09-29 20:53:44,729] [builder.py:2243]           [INFO]     | Top Before the 1960s Collection | ? | The Last Day of Summer (1958) (TMDb: 227245)                 |
[2022-09-29 20:53:45,181] [builder.py:2243]           [INFO]     | Top Before the 1960s Collection | ? | The Browning Version (1951) (TMDb: 39946)                    |
[2022-09-29 20:53:45,529] [builder.py:2243]           [INFO]     | Top Before the 1960s Collection | ? | The Big Sky (1952) (TMDb: 43367)                             |
[2022-09-29 20:53:45,531] [builder.py:2243]           [INFO]     | Top Before the 1960s Collection | ? | The Shop Around the Corner (1940) (TMDb: 20334)              |
[2022-09-29 20:53:45,539] [builder.py:2243]           [INFO]     | Top Before the 1960s Collection | ? | The Great Dictator (1940) (TMDb: 914)                        |
[2022-09-29 20:53:45,563] [builder.py:2243]           [INFO]     | Top Before the 1960s Collection | ? | The Philadelphia Story (1940) (TMDb: 981)                    |
[2022-09-29 20:53:46,090] [builder.py:2243]           [INFO]     | Top Before the 1960s Collection | ? | His Girl Friday (1940) (TMDb: 3085)                          |
[2022-09-29 20:53:46,139] [builder.py:2243]           [INFO]     | Top Before the 1960s Collection | ? | Pinocchio (1940) (TMDb: 10895)                               |
[2022-09-29 20:53:46,530] [builder.py:2243]           [INFO]     | Top Before the 1960s Collection | ? | Young Tom Edison (1940) (TMDb: 56154)                        |
[2022-09-29 20:53:46,923] [builder.py:2243]           [INFO]     | Top Before the 1960s Collection | ? | Edison, the Man (1940) (TMDb: 43811)                         |
[2022-09-29 20:53:47,058] [builder.py:2243]           [INFO]     | Top Before the 1960s Collection | ? | Fantasia (1940) (TMDb: 756)                                  |
[2022-09-29 20:53:47,097] [builder.py:2243]           [INFO]     | Top Before the 1960s Collection | ? | Pride and Prejudice (1940) (TMDb: 43818)                     |
[2022-09-29 20:53:47,108] [builder.py:2243]           [INFO]     | Top Before the 1960s Collection | ? | The Great McGinty (1940) (TMDb: 36495)                       |
[2022-09-29 20:53:47,626] [builder.py:2243]           [INFO]     | Top Before the 1960s Collection | ? | Foreign Correspondent (1940) (TMDb: 25670)                   |
[2022-09-29 20:53:48,098] [builder.py:2243]           [INFO]     | Top Before the 1960s Collection | ? | The Sea Hawk (1940) (TMDb: 26201)                            |
[2022-09-29 20:53:48,575] [builder.py:2243]           [INFO]     | Top Before the 1960s Collection | ? | Boom Town (1940) (TMDb: 55604)                               |
[2022-09-29 20:53:48,966] [builder.py:2243]           [INFO]     | Top Before the 1960s Collection | ? | Remember the Night (1940) (TMDb: 29617)                      |
[2022-09-29 20:53:49,407] [builder.py:2243]           [INFO]     | Top Before the 1960s Collection | ? | Brother Orchid (1940) (TMDb: 26635)                          |
[2022-09-29 20:53:49,900] [builder.py:2243]           [INFO]     | Top Before the 1960s Collection | ? | The Long Voyage Home (1940) (TMDb: 52859)                    |
[2022-09-29 20:53:50,451] [builder.py:2243]           [INFO]     | Top Before the 1960s Collection | ? | Waterloo Bridge (1940) (TMDb: 43824)                         |
[2022-09-29 20:53:50,978] [builder.py:2243]           [INFO]     | Top Before the 1960s Collection | ? | The Mortal Storm (1940) (TMDb: 989)                          |
[2022-09-29 20:53:51,449] [builder.py:2243]           [INFO]     | Top Before the 1960s Collection | ? | Christmas in July (1940) (TMDb: 34778)                       |
[2022-09-29 20:53:51,866] [builder.py:2243]           [INFO]     | Top Before the 1960s Collection | ? | Night Train to Munich (1940) (TMDb: 41597)                   |
[2022-09-29 20:53:51,892] [builder.py:2243]           [INFO]     | Top Before the 1960s Collection | ? | The Grapes of Wrath (1940) (TMDb: 596)                       |
[2022-09-29 20:53:52,303] [builder.py:2243]           [INFO]     | Top Before the 1960s Collection | ? | Stranger on the Third Floor (1940) (TMDb: 29481)             |
[2022-09-29 20:53:52,773] [builder.py:2243]           [INFO]     | Top Before the 1960s Collection | ? | Johnny Apollo (1940) (TMDb: 66707)                           |
[2022-09-29 20:53:53,174] [builder.py:2243]           [INFO]     | Top Before the 1960s Collection | ? | Primrose Path (1940) (TMDb: 80054)                           |
[2022-09-29 20:53:53,631] [builder.py:2243]           [INFO]     | Top Before the 1960s Collection | ? | The Bank Dick (1940) (TMDb: 911)                             |
[2022-09-29 20:53:53,631] [builder.py:2248]           [INFO]     |                                                                                                    |
[2022-09-29 20:53:53,631] [builder.py:2249]           [INFO]     | 255 Movies Missing                                                                                 |
[2022-09-29 20:53:53,717] [plex.py:711]               [DEBUG]    | Smart Collection Test: ?type=1&sort=audienceRating%3Adesc&label=213496                             |
[2022-09-29 20:53:53,784] [builder.py:2441]           [INFO]     |                                                                                                    |
[2022-09-29 20:53:53,784] [builder.py:2442]           [INFO]     |======================= Updating Details of Top Before the 1960s Collection ========================|
[2022-09-29 20:53:53,784] [builder.py:2443]           [INFO]     |                                                                                                    |
[2022-09-29 20:53:54,023] [builder.py:2509]           [INFO]     | Collection Metadata Edits                                                                          |
                                                                 | Summary (summary) | Le meilleurs avant les années 1960
                                                                 | Sort Title | +2_8Best of 1950
                                                                 | Label | +PMM
[2022-09-29 20:53:54,361] [builder.py:2513]           [INFO]     | Details: have been updated
[2022-09-29 20:53:54,379] [builder.py:2517]           [INFO]     | 
[2022-09-29 20:53:54,380] [builder.py:2580]           [WARNING]  | Asset Warning: Unable to find asset folder: 'Top Before the 1960s'
[2022-09-29 20:53:54,380] [util.py:150]               [DEBUG]    | 1 poster found:
[2022-09-29 20:53:54,380] [util.py:152]               [DEBUG]    | Method: url_poster Poster: https://raw.githubusercontent.com/MonsieurZed/poster/main/img/BEST_1950.png
[2022-09-29 20:53:54,761] [library.py:170]            [INFO]     | Detail: url_poster updated poster to [URL] https://raw.githubusercontent.com/MonsieurZed/poster/main/img/BEST_1950.png
[2022-09-29 20:53:54,802] [plex_meta_manager.py:708]  [INFO]     | 
[2022-09-29 20:53:54,802] [plex_meta_manager.py:709]  [INFO]     |====================================================================================================|
[2022-09-29 20:53:54,803] [plex_meta_manager.py:709]  [INFO]     |                              Finished Top Before the 1960s Collection                              |
[2022-09-29 20:53:54,803] [plex_meta_manager.py:709]  [INFO]     |                                    Collection Run Time: 0:02:05                                    |
[2022-09-29 20:53:54,803] [plex_meta_manager.py:709]  [INFO]     |====================================================================================================|
