[2022-10-11 11:18:17,929] [builder.py:200]            [INFO]     |====================================================================================================|
[2022-10-11 11:18:17,929] [builder.py:200]            [INFO]     |                                365 Days Collection in Z. 1 - Films                                 |
[2022-10-11 11:18:17,930] [builder.py:200]            [INFO]     |====================================================================================================|
[2022-10-11 11:18:17,930] [builder.py:201]            [INFO]     |                                                                                                    |
[2022-10-11 11:18:17,930] [builder.py:206]            [INFO]     |================================ Building Definition From Templates ================================|
[2022-10-11 11:18:17,930] [builder.py:222]            [DEBUG]    |                                                                                                    |
[2022-10-11 11:18:17,930] [meta.py:128]               [DEBUG]    | Template my_template                                                                               |
[2022-10-11 11:18:17,930] [meta.py:129]               [DEBUG]    | Call: {'value': ['829561'], 'tmdb_collection': ['829561'], 'key_name': '365 Days', 'key': '829561', 'name': 'my_template'} |
[2022-10-11 11:18:17,931] [meta.py:304]               [DEBUG]    |                                                                                                    |
[2022-10-11 11:18:17,931] [meta.py:305]               [DEBUG]    | Variables: {'value': ['829561'], 'tmdb_collection': ['829561'], 'key_name': '365 Days', 'key': '829561', 'name': 'my_template', 'collection_name': '365 Days', 'mapping_name': '365 Days', 'library_type': 'movie', 'library_name': 'Z. 1 - Films', 'value_encoded': '%5B%27829561%27%5D', 'tmdb_collection_encoded': '%5B%27829561%27%5D', 'key_name_encoded': '365%20Days', 'key_encoded': '829561', 'name_encoded': 'my_template', 'collection_name_encoded': '365%20Days', 'mapping_name_encoded': '365%20Days', 'library_type_encoded': 'movie', 'library_name_encoded': 'Z.%201%20-%20Films', 'collection_sort': '365 Days'} |
[2022-10-11 11:18:17,931] [meta.py:306]               [DEBUG]    |                                                                                                    |
[2022-10-11 11:18:17,931] [meta.py:307]               [DEBUG]    | Defaults: {}                                                                                       |
[2022-10-11 11:18:17,931] [meta.py:308]               [DEBUG]    |                                                                                                    |
[2022-10-11 11:18:17,931] [meta.py:309]               [DEBUG]    | Optional: ['my_collection_poster', 'my_collection_poster_encoded']                                 |
[2022-10-11 11:18:17,932] [meta.py:370]               [DEBUG]    |                                                                                                    |
[2022-10-11 11:18:17,932] [meta.py:371]               [DEBUG]    | Final Template Attributes: {'tmdb_collection_details': ['829561'], 'collection_order': 'release', 'collection_mode': 'hide_items', 'sort_title': '+C1_365 Days'} |
[2022-10-11 11:18:17,933] [meta.py:372]               [DEBUG]    |                                                                                                    |
[2022-10-11 11:18:17,933] [builder.py:230]            [INFO]     |================================== Validating 365 Days Attributes ==================================|
[2022-10-11 11:18:17,933] [builder.py:620]            [DEBUG]    |                                                                                                    |
[2022-10-11 11:18:17,933] [builder.py:621]            [DEBUG]    | Validating Method: collection_order                                                                |
[2022-10-11 11:18:17,933] [builder.py:622]            [DEBUG]    | Value: release                                                                                     |
[2022-10-11 11:18:17,933] [builder.py:653]            [DEBUG]    |                                                                                                    |
[2022-10-11 11:18:17,933] [builder.py:657]            [DEBUG]    | Validating Method: label                                                                           |
[2022-10-11 11:18:17,933] [builder.py:658]            [DEBUG]    | Value: TMDb Collections                                                                            |
[2022-10-11 11:18:17,934] [builder.py:653]            [DEBUG]    |                                                                                                    |
[2022-10-11 11:18:17,934] [builder.py:657]            [DEBUG]    | Validating Method: tmdb_collection_details                                                         |
[2022-10-11 11:18:17,934] [builder.py:658]            [DEBUG]    | Value: ['829561']                                                                                  |
[2022-10-11 11:18:17,948] [builder.py:653]            [DEBUG]    |                                                                                                    |
[2022-10-11 11:18:17,948] [builder.py:657]            [DEBUG]    | Validating Method: collection_mode                                                                 |
[2022-10-11 11:18:17,948] [builder.py:658]            [DEBUG]    | Value: hide_items                                                                                  |
[2022-10-11 11:18:17,948] [builder.py:653]            [DEBUG]    |                                                                                                    |
[2022-10-11 11:18:17,948] [builder.py:657]            [DEBUG]    | Validating Method: sort_title                                                                      |
[2022-10-11 11:18:17,949] [builder.py:658]            [DEBUG]    | Value: +C1_365 Days                                                                                |
[2022-10-11 11:18:18,144] [builder.py:823]            [INFO]     |                                                                                                    |
[2022-10-11 11:18:18,144] [builder.py:824]            [INFO]     | Validation Successful                                                                              |
[2022-10-11 11:18:18,145] [plex_meta_manager.py:561]  [INFO]     |                                                                                                    |
[2022-10-11 11:18:18,145] [plex_meta_manager.py:563]  [INFO]     |=================================== Running 365 Days Collection ====================================|
[2022-10-11 11:18:18,145] [plex_meta_manager.py:575]  [INFO]     |                                                                                                    |
[2022-10-11 11:18:18,145] [plex_meta_manager.py:576]  [INFO]     | Sync Mode: append                                                                                  |
[2022-10-11 11:18:18,145] [plex_meta_manager.py:579]  [DEBUG]    |                                                                                                    |
[2022-10-11 11:18:18,146] [plex_meta_manager.py:580]  [DEBUG]    | Builder: tmdb_collection: 829561                                                                   |
[2022-10-11 11:18:18,146] [plex_meta_manager.py:581]  [INFO]     |                                                                                                    |
[2022-10-11 11:18:18,150] [tmdb.py:381]               [INFO]     | Processing TMDb Collection: (829561) 365 Jours - Saga (3 Items)                                    |
[2022-10-11 11:18:18,150] [builder.py:1581]           [DEBUG]    |                                                                                                    |
[2022-10-11 11:18:18,150] [builder.py:1582]           [DEBUG]    | 3 IDs Found: [(664413, 'tmdb'), (829557, 'tmdb'), (829560, 'tmdb')]                                |
[2022-10-11 11:18:18,151] [builder.py:1583]           [DEBUG]    |                                                                                                    |
[2022-10-11 11:18:18,151] [builder.py:2132]           [INFO]     |                                                                                                    |
[2022-10-11 11:18:18,151] [builder.py:2133]           [INFO]     |================================== Adding to 365 Days Collection ===================================|
[2022-10-11 11:18:18,151] [builder.py:2134]           [INFO]     |                                                                                                    |
[2022-10-11 11:18:18,151] [builder.py:2148]           [INFO]     | 1/3 | 365 Days Collection | = | 365 Jours (2020)                                                   |
[2022-10-11 11:18:18,152] [builder.py:2148]           [INFO]     | 2/3 | 365 Days Collection | = | 365 Jours : Au lendemain (2022)                                    |
[2022-10-11 11:18:18,152] [builder.py:2148]           [INFO]     | 3/3 | 365 Days Collection | = | 365 Jours : l'année d'après (2022)                                 |
[2022-10-11 11:18:18,152] [builder.py:2168]           [INFO]     |                                                                                                    |
[2022-10-11 11:18:18,152] [builder.py:2170]           [INFO]     | 3 Movies Processed 0 Movies Added                                                                  |
[2022-10-11 11:18:18,159] [builder.py:2521]           [INFO]     |                                                                                                    |
[2022-10-11 11:18:18,159] [builder.py:2522]           [INFO]     |============================= Updating Details of 365 Days Collection ==============================|
[2022-10-11 11:18:18,159] [builder.py:2523]           [INFO]     |                                                                                                    |
[2022-10-11 11:18:18,167] [builder.py:2589]           [INFO]     | Collection Metadata Edits                                                                          |
[2022-10-11 11:18:18,168] [builder.py:2660]           [WARNING]  | Asset Warning: Unable to find asset folder: '365 Days'                                             |
[2022-10-11 11:18:18,168] [util.py:171]               [DEBUG]    | 1 poster found:                                                                                    |
[2022-10-11 11:18:18,168] [util.py:173]               [DEBUG]    | Method: tmdb_collection_details Poster: https://image.tmdb.org/t/p/original/AkYEOw8PSpUxx9w5a6WL60QKSYF.jpg |
[2022-10-11 11:18:18,169] [util.py:171]               [DEBUG]    | 1 background found:                                                                                |
[2022-10-11 11:18:18,169] [util.py:173]               [DEBUG]    | Method: tmdb_collection_details Background: https://image.tmdb.org/t/p/original/yxnx4pBJgUqrmygFmAKwnL4EVI7.jpg |
[2022-10-11 11:18:18,170] [library.py:173]            [INFO]     | Detail: poster update not needed                                                                   |
[2022-10-11 11:18:18,171] [library.py:189]            [INFO]     | Detail: background update not needed                                                               |
[2022-10-11 11:18:18,362] [plex_meta_manager.py:708]  [INFO]     |                                                                                                    |
[2022-10-11 11:18:18,363] [plex_meta_manager.py:709]  [INFO]     |====================================================================================================|
[2022-10-11 11:18:18,363] [plex_meta_manager.py:709]  [INFO]     |                                    Finished 365 Days Collection                                    |
[2022-10-11 11:18:18,363] [plex_meta_manager.py:709]  [INFO]     |                                    Collection Run Time: 0:00:00                                    |
[2022-10-11 11:18:18,364] [plex_meta_manager.py:709]  [INFO]     |====================================================================================================|
