[2022-10-11 11:20:25,676] [builder.py:200]            [INFO]     |====================================================================================================|
[2022-10-11 11:20:25,676] [builder.py:200]            [INFO]     |                                  Taken Collection in Z. 1 - Films                                  |
[2022-10-11 11:20:25,676] [builder.py:200]            [INFO]     |====================================================================================================|
[2022-10-11 11:20:25,677] [builder.py:201]            [INFO]     |                                                                                                    |
[2022-10-11 11:20:25,677] [builder.py:206]            [INFO]     |================================ Building Definition From Templates ================================|
[2022-10-11 11:20:25,677] [builder.py:222]            [DEBUG]    |                                                                                                    |
[2022-10-11 11:20:25,677] [meta.py:128]               [DEBUG]    | Template my_template                                                                               |
[2022-10-11 11:20:25,677] [meta.py:129]               [DEBUG]    | Call: {'value': ['135483'], 'tmdb_collection': ['135483'], 'key_name': 'Taken', 'key': '135483', 'name': 'my_template'} |
[2022-10-11 11:20:25,677] [meta.py:304]               [DEBUG]    |                                                                                                    |
[2022-10-11 11:20:25,677] [meta.py:305]               [DEBUG]    | Variables: {'value': ['135483'], 'tmdb_collection': ['135483'], 'key_name': 'Taken', 'key': '135483', 'name': 'my_template', 'collection_name': 'Taken', 'mapping_name': 'Taken', 'library_type': 'movie', 'library_name': 'Z. 1 - Films', 'value_encoded': '%5B%27135483%27%5D', 'tmdb_collection_encoded': '%5B%27135483%27%5D', 'key_name_encoded': 'Taken', 'key_encoded': '135483', 'name_encoded': 'my_template', 'collection_name_encoded': 'Taken', 'mapping_name_encoded': 'Taken', 'library_type_encoded': 'movie', 'library_name_encoded': 'Z.%201%20-%20Films', 'collection_sort': 'Taken'} |
[2022-10-11 11:20:25,678] [meta.py:306]               [DEBUG]    |                                                                                                    |
[2022-10-11 11:20:25,678] [meta.py:307]               [DEBUG]    | Defaults: {}                                                                                       |
[2022-10-11 11:20:25,678] [meta.py:308]               [DEBUG]    |                                                                                                    |
[2022-10-11 11:20:25,678] [meta.py:309]               [DEBUG]    | Optional: ['my_collection_poster', 'my_collection_poster_encoded']                                 |
[2022-10-11 11:20:25,679] [meta.py:370]               [DEBUG]    |                                                                                                    |
[2022-10-11 11:20:25,679] [meta.py:371]               [DEBUG]    | Final Template Attributes: {'tmdb_collection_details': ['135483'], 'collection_order': 'release', 'collection_mode': 'hide_items', 'sort_title': '+C1_Taken'} |
[2022-10-11 11:20:25,679] [meta.py:372]               [DEBUG]    |                                                                                                    |
[2022-10-11 11:20:25,680] [builder.py:230]            [INFO]     |=================================== Validating Taken Attributes ====================================|
[2022-10-11 11:20:25,680] [builder.py:620]            [DEBUG]    |                                                                                                    |
[2022-10-11 11:20:25,680] [builder.py:621]            [DEBUG]    | Validating Method: collection_order                                                                |
[2022-10-11 11:20:25,680] [builder.py:622]            [DEBUG]    | Value: release                                                                                     |
[2022-10-11 11:20:25,680] [builder.py:653]            [DEBUG]    |                                                                                                    |
[2022-10-11 11:20:25,680] [builder.py:657]            [DEBUG]    | Validating Method: label                                                                           |
[2022-10-11 11:20:25,681] [builder.py:658]            [DEBUG]    | Value: TMDb Collections                                                                            |
[2022-10-11 11:20:25,681] [builder.py:653]            [DEBUG]    |                                                                                                    |
[2022-10-11 11:20:25,681] [builder.py:657]            [DEBUG]    | Validating Method: tmdb_collection_details                                                         |
[2022-10-11 11:20:25,681] [builder.py:658]            [DEBUG]    | Value: ['135483']                                                                                  |
[2022-10-11 11:20:25,694] [builder.py:653]            [DEBUG]    |                                                                                                    |
[2022-10-11 11:20:25,694] [builder.py:657]            [DEBUG]    | Validating Method: collection_mode                                                                 |
[2022-10-11 11:20:25,694] [builder.py:658]            [DEBUG]    | Value: hide_items                                                                                  |
[2022-10-11 11:20:25,695] [builder.py:653]            [DEBUG]    |                                                                                                    |
[2022-10-11 11:20:25,695] [builder.py:657]            [DEBUG]    | Validating Method: sort_title                                                                      |
[2022-10-11 11:20:25,695] [builder.py:658]            [DEBUG]    | Value: +C1_Taken                                                                                   |
[2022-10-11 11:20:25,894] [builder.py:823]            [INFO]     |                                                                                                    |
[2022-10-11 11:20:25,895] [builder.py:824]            [INFO]     | Validation Successful                                                                              |
[2022-10-11 11:20:25,895] [plex_meta_manager.py:561]  [INFO]     |                                                                                                    |
[2022-10-11 11:20:25,895] [plex_meta_manager.py:563]  [INFO]     |===================================== Running Taken Collection =====================================|
[2022-10-11 11:20:25,895] [plex_meta_manager.py:575]  [INFO]     |                                                                                                    |
[2022-10-11 11:20:25,895] [plex_meta_manager.py:576]  [INFO]     | Sync Mode: append                                                                                  |
[2022-10-11 11:20:25,896] [plex_meta_manager.py:579]  [DEBUG]    |                                                                                                    |
[2022-10-11 11:20:25,896] [plex_meta_manager.py:580]  [DEBUG]    | Builder: tmdb_collection: 135483                                                                   |
[2022-10-11 11:20:25,896] [plex_meta_manager.py:581]  [INFO]     |                                                                                                    |
[2022-10-11 11:20:25,902] [tmdb.py:381]               [INFO]     | Processing TMDb Collection: (135483) Taken - Saga (3 Items)                                        |
[2022-10-11 11:20:25,902] [builder.py:1581]           [DEBUG]    |                                                                                                    |
[2022-10-11 11:20:25,902] [builder.py:1582]           [DEBUG]    | 3 IDs Found: [(8681, 'tmdb'), (82675, 'tmdb'), (260346, 'tmdb')]                                   |
[2022-10-11 11:20:25,902] [builder.py:1583]           [DEBUG]    |                                                                                                    |
[2022-10-11 11:20:25,902] [builder.py:2132]           [INFO]     |                                                                                                    |
[2022-10-11 11:20:25,903] [builder.py:2133]           [INFO]     |==================================== Adding to Taken Collection ====================================|
[2022-10-11 11:20:25,903] [builder.py:2134]           [INFO]     |                                                                                                    |
[2022-10-11 11:20:25,903] [builder.py:2148]           [INFO]     | 1/3 | Taken Collection | = | Taken (2008)                                                          |
[2022-10-11 11:20:25,903] [builder.py:2148]           [INFO]     | 2/3 | Taken Collection | = | Taken 2 (2012)                                                        |
[2022-10-11 11:20:25,904] [builder.py:2148]           [INFO]     | 3/3 | Taken Collection | = | Taken 3 (2015)                                                        |
[2022-10-11 11:20:25,904] [builder.py:2168]           [INFO]     |                                                                                                    |
[2022-10-11 11:20:25,904] [builder.py:2170]           [INFO]     | 3 Movies Processed 0 Movies Added                                                                  |
[2022-10-11 11:20:25,910] [builder.py:2521]           [INFO]     |                                                                                                    |
[2022-10-11 11:20:25,911] [builder.py:2522]           [INFO]     |=============================== Updating Details of Taken Collection ===============================|
[2022-10-11 11:20:25,911] [builder.py:2523]           [INFO]     |                                                                                                    |
[2022-10-11 11:20:25,920] [builder.py:2589]           [INFO]     | Collection Metadata Edits                                                                          |
[2022-10-11 11:20:25,921] [builder.py:2660]           [WARNING]  | Asset Warning: Unable to find asset folder: 'Taken'                                                |
[2022-10-11 11:20:25,921] [util.py:171]               [DEBUG]    | 1 poster found:                                                                                    |
[2022-10-11 11:20:25,921] [util.py:173]               [DEBUG]    | Method: tmdb_collection_details Poster: https://image.tmdb.org/t/p/original/dObT7wPx4V4ZZ3hwBJws0EHuDlX.jpg |
[2022-10-11 11:20:25,921] [util.py:171]               [DEBUG]    | 1 background found:                                                                                |
[2022-10-11 11:20:25,922] [util.py:173]               [DEBUG]    | Method: tmdb_collection_details Background: https://image.tmdb.org/t/p/original/hO1R1TI429PjkOjby4dTPBrWFwn.jpg |
[2022-10-11 11:20:25,923] [library.py:173]            [INFO]     | Detail: poster update not needed                                                                   |
[2022-10-11 11:20:25,924] [library.py:189]            [INFO]     | Detail: background update not needed                                                               |
[2022-10-11 11:20:26,120] [plex_meta_manager.py:708]  [INFO]     |                                                                                                    |
[2022-10-11 11:20:26,121] [plex_meta_manager.py:709]  [INFO]     |====================================================================================================|
[2022-10-11 11:20:26,121] [plex_meta_manager.py:709]  [INFO]     |                                     Finished Taken Collection                                      |
[2022-10-11 11:20:26,121] [plex_meta_manager.py:709]  [INFO]     |                                    Collection Run Time: 0:00:00                                    |
[2022-10-11 11:20:26,121] [plex_meta_manager.py:709]  [INFO]     |====================================================================================================|
