[2022-10-11 09:23:13,085] [builder.py:197]            [INFO]     |====================================================================================================|
[2022-10-11 09:23:13,085] [builder.py:197]            [INFO]     |                                 Ocean's Collection in Z. 1 - Films                                 |
[2022-10-11 09:23:13,086] [builder.py:197]            [INFO]     |====================================================================================================|
[2022-10-11 09:23:13,086] [builder.py:198]            [INFO]     |                                                                                                    |
[2022-10-11 09:23:13,086] [builder.py:203]            [INFO]     |================================ Building Definition From Templates ================================|
[2022-10-11 09:23:13,086] [builder.py:211]            [DEBUG]    |                                                                                                    |
[2022-10-11 09:23:13,086] [meta.py:128]               [DEBUG]    | Template my_template                                                                               |
[2022-10-11 09:23:13,086] [meta.py:129]               [DEBUG]    | Call: {'value': ['304'], 'tmdb_collection': ['304'], 'key_name': "Ocean's", 'key': '304', 'name': 'my_template'} |
[2022-10-11 09:23:13,086] [meta.py:304]               [DEBUG]    |                                                                                                    |
[2022-10-11 09:23:13,087] [meta.py:305]               [DEBUG]    | Variables: {'value': ['304'], 'tmdb_collection': ['304'], 'key_name': "Ocean's", 'key': '304', 'name': 'my_template', 'collection_name': "Ocean's", 'mapping_name': "Ocean's", 'library_type': 'movie', 'library_name': 'Z. 1 - Films', 'value_encoded': '%5B%27304%27%5D', 'tmdb_collection_encoded': '%5B%27304%27%5D', 'key_name_encoded': 'Ocean%27s', 'key_encoded': '304', 'name_encoded': 'my_template', 'collection_name_encoded': 'Ocean%27s', 'mapping_name_encoded': 'Ocean%27s', 'library_type_encoded': 'movie', 'library_name_encoded': 'Z.%201%20-%20Films', 'collection_sort': "Ocean's"} |
[2022-10-11 09:23:13,087] [meta.py:306]               [DEBUG]    |                                                                                                    |
[2022-10-11 09:23:13,087] [meta.py:307]               [DEBUG]    | Defaults: {}                                                                                       |
[2022-10-11 09:23:13,087] [meta.py:308]               [DEBUG]    |                                                                                                    |
[2022-10-11 09:23:13,087] [meta.py:309]               [DEBUG]    | Optional: ['my_collection_poster', 'my_collection_poster_encoded']                                 |
[2022-10-11 09:23:13,088] [meta.py:370]               [DEBUG]    |                                                                                                    |
[2022-10-11 09:23:13,088] [meta.py:371]               [DEBUG]    | Final Template Attributes: {'tmdb_collection_details': ['304'], 'collection_order': 'release', 'collection_mode': 'hide_items'} |
[2022-10-11 09:23:13,088] [meta.py:372]               [DEBUG]    |                                                                                                    |
[2022-10-11 09:23:13,088] [builder.py:219]            [INFO]     |================================== Validating Ocean's Attributes ===================================|
[2022-10-11 09:23:13,088] [builder.py:609]            [DEBUG]    |                                                                                                    |
[2022-10-11 09:23:13,089] [builder.py:610]            [DEBUG]    | Validating Method: collection_order                                                                |
[2022-10-11 09:23:13,089] [builder.py:611]            [DEBUG]    | Value: release                                                                                     |
[2022-10-11 09:23:13,089] [builder.py:627]            [DEBUG]    |                                                                                                    |
[2022-10-11 09:23:13,089] [builder.py:631]            [DEBUG]    | Validating Method: label                                                                           |
[2022-10-11 09:23:13,089] [builder.py:632]            [DEBUG]    | Value: TMDb Collections                                                                            |
[2022-10-11 09:23:13,089] [builder.py:627]            [DEBUG]    |                                                                                                    |
[2022-10-11 09:23:13,089] [builder.py:631]            [DEBUG]    | Validating Method: tmdb_collection_details                                                         |
[2022-10-11 09:23:13,089] [builder.py:632]            [DEBUG]    | Value: ['304']                                                                                     |
[2022-10-11 09:23:13,102] [builder.py:627]            [DEBUG]    |                                                                                                    |
[2022-10-11 09:23:13,102] [builder.py:631]            [DEBUG]    | Validating Method: collection_mode                                                                 |
[2022-10-11 09:23:13,102] [builder.py:632]            [DEBUG]    | Value: hide_items                                                                                  |
[2022-10-11 09:23:13,108] [plex.py:790]               [DEBUG]    |                                                                                                    |
[2022-10-11 09:23:13,108] [plex.py:793]               [DEBUG]    | Looking for: Ocean's                                                                               |
[2022-10-11 09:23:13,108] [builder.py:797]            [INFO]     |                                                                                                    |
[2022-10-11 09:23:13,108] [builder.py:798]            [INFO]     | Validation Successful                                                                              |
[2022-10-11 09:23:13,108] [plex_meta_manager.py:561]  [INFO]     |                                                                                                    |
[2022-10-11 09:23:13,108] [plex_meta_manager.py:563]  [INFO]     |==================================== Running Ocean's Collection ====================================|
[2022-10-11 09:23:13,109] [plex_meta_manager.py:575]  [INFO]     |                                                                                                    |
[2022-10-11 09:23:13,109] [plex_meta_manager.py:576]  [INFO]     | Sync Mode: append                                                                                  |
[2022-10-11 09:23:13,109] [plex_meta_manager.py:579]  [DEBUG]    |                                                                                                    |
[2022-10-11 09:23:13,109] [plex_meta_manager.py:580]  [DEBUG]    | Builder: tmdb_collection: 304                                                                      |
[2022-10-11 09:23:13,109] [plex_meta_manager.py:581]  [INFO]     |                                                                                                    |
[2022-10-11 09:23:13,114] [tmdb.py:382]               [INFO]     | Processing TMDb Collection: (304) Ocean's - Saga (3 Items)                                         |
[2022-10-11 09:23:13,114] [builder.py:1540]           [DEBUG]    |                                                                                                    |
[2022-10-11 09:23:13,114] [builder.py:1541]           [DEBUG]    | 3 IDs Found: [(161, 'tmdb'), (163, 'tmdb'), (298, 'tmdb')]                                         |
[2022-10-11 09:23:13,114] [builder.py:1542]           [DEBUG]    |                                                                                                    |
[2022-10-11 09:23:13,114] [builder.py:2064]           [INFO]     |                                                                                                    |
[2022-10-11 09:23:13,115] [builder.py:2065]           [INFO]     |=================================== Adding to Ocean's Collection ===================================|
[2022-10-11 09:23:13,115] [builder.py:2066]           [INFO]     |                                                                                                    |
[2022-10-11 09:23:13,115] [builder.py:2080]           [INFO]     | 1/3 | Ocean's Collection | + | Ocean's 11 (2001)                                                   |
[2022-10-11 09:23:13,447] [builder.py:2080]           [INFO]     | 2/3 | Ocean's Collection | + | Ocean's 12 (2004)                                                   |
[2022-10-11 09:23:13,749] [builder.py:2080]           [INFO]     | 3/3 | Ocean's Collection | + | Ocean's 13 (2007)                                                   |
[2022-10-11 09:23:16,494] [builder.py:2100]           [INFO]     |                                                                                                    |
[2022-10-11 09:23:16,495] [builder.py:2102]           [INFO]     | 3 Movies Processed 3 Movies Added                                                                  |
[2022-10-11 09:23:16,502] [builder.py:2441]           [INFO]     |                                                                                                    |
[2022-10-11 09:23:16,502] [builder.py:2442]           [INFO]     |============================== Updating Details of Ocean's Collection ==============================|
[2022-10-11 09:23:16,502] [builder.py:2443]           [INFO]     |                                                                                                    |
[2022-10-11 09:23:16,665] [builder.py:2509]           [INFO]     | Collection Metadata Edits                                                                          |
                                                                 | Summary (tmdb_collection_details) | Ocean's est une série de films américains. Les trois premiers sont réalisés par Steven Soderbergh, avec en tête d'affiche George Clooney (Danny Ocean), Brad Pitt (Rusty Ryan) et Matt Damon (Linus Caldwell). Le premier film, Ocean's Eleven (2001), est un remake de L'Inconnu de Las Vegas (1960). Il est suivi de Ocean's Twelve en 2004 et Ocean's Thirteen en 2007.  Un quatrième film, Ocean's 8, constitué en majeure partie d'une distribution féminine, sort en 2018. Produit par Steven Soderbergh et George Clooney, il est réalisé par Gary Ross. Ce spin-off met en vedette Sandra Bullock dans le rôle de Debbie Ocean, la sœur de Danny Ocean.
                                                                 | Label | +TMDb Collections, +PMM
[2022-10-11 09:23:16,878] [builder.py:2513]           [INFO]     | Details: have been updated
[2022-10-11 09:23:16,878] [builder.py:2517]           [INFO]     | 
[2022-10-11 09:23:17,119] [builder.py:2529]           [INFO]     | Collection Mode | hideItems
[2022-10-11 09:23:17,120] [builder.py:2580]           [WARNING]  | Asset Warning: Unable to find asset folder: 'Ocean's'
[2022-10-11 09:23:17,120] [util.py:150]               [DEBUG]    | 1 poster found:
[2022-10-11 09:23:17,120] [util.py:152]               [DEBUG]    | Method: tmdb_collection_details Poster: https://image.tmdb.org/t/p/original/1c1r5LViqx9LtqQmNkbu5XdcVEP.jpg
[2022-10-11 09:23:17,120] [util.py:150]               [DEBUG]    | 1 background found:
[2022-10-11 09:23:17,121] [util.py:152]               [DEBUG]    | Method: tmdb_collection_details Background: https://image.tmdb.org/t/p/original/7WUSrq8DqSkVgv1vmhBvav5bPoB.jpg
[2022-10-11 09:23:17,188] [library.py:170]            [INFO]     | Detail: tmdb_collection_details updated poster to [URL] https://image.tmdb.org/t/p/original/1c1r5LViqx9LtqQmNkbu5XdcVEP.jpg
[2022-10-11 09:23:17,234] [library.py:186]            [INFO]     | Detail: tmdb_collection_details updated background to [URL] https://image.tmdb.org/t/p/original/7WUSrq8DqSkVgv1vmhBvav5bPoB.jpg
[2022-10-11 09:23:17,571] [plex_meta_manager.py:708]  [INFO]     | 
[2022-10-11 09:23:17,571] [plex_meta_manager.py:709]  [INFO]     |====================================================================================================|
[2022-10-11 09:23:17,572] [plex_meta_manager.py:709]  [INFO]     |                                    Finished Ocean's Collection                                     |
[2022-10-11 09:23:17,572] [plex_meta_manager.py:709]  [INFO]     |                                    Collection Run Time: 0:00:04                                    |
[2022-10-11 09:23:17,572] [plex_meta_manager.py:709]  [INFO]     |====================================================================================================|
