[2022-10-11 11:18:54,657] [builder.py:200]            [INFO]     |====================================================================================================|
[2022-10-11 11:18:54,657] [builder.py:200]            [INFO]     |                                Iron Man Collection in Z. 1 - Films                                 |
[2022-10-11 11:18:54,657] [builder.py:200]            [INFO]     |====================================================================================================|
[2022-10-11 11:18:54,657] [builder.py:201]            [INFO]     |                                                                                                    |
[2022-10-11 11:18:54,657] [builder.py:206]            [INFO]     |================================ Building Definition From Templates ================================|
[2022-10-11 11:18:54,657] [builder.py:222]            [DEBUG]    |                                                                                                    |
[2022-10-11 11:18:54,657] [meta.py:128]               [DEBUG]    | Template my_template                                                                               |
[2022-10-11 11:18:54,658] [meta.py:129]               [DEBUG]    | Call: {'value': ['131292'], 'tmdb_collection': ['131292'], 'key_name': 'Iron Man', 'key': '131292', 'name': 'my_template'} |
[2022-10-11 11:18:54,658] [meta.py:304]               [DEBUG]    |                                                                                                    |
[2022-10-11 11:18:54,658] [meta.py:305]               [DEBUG]    | Variables: {'value': ['131292'], 'tmdb_collection': ['131292'], 'key_name': 'Iron Man', 'key': '131292', 'name': 'my_template', 'collection_name': 'Iron Man', 'mapping_name': 'Iron Man', 'library_type': 'movie', 'library_name': 'Z. 1 - Films', 'value_encoded': '%5B%27131292%27%5D', 'tmdb_collection_encoded': '%5B%27131292%27%5D', 'key_name_encoded': 'Iron%20Man', 'key_encoded': '131292', 'name_encoded': 'my_template', 'collection_name_encoded': 'Iron%20Man', 'mapping_name_encoded': 'Iron%20Man', 'library_type_encoded': 'movie', 'library_name_encoded': 'Z.%201%20-%20Films', 'collection_sort': 'Iron Man'} |
[2022-10-11 11:18:54,658] [meta.py:306]               [DEBUG]    |                                                                                                    |
[2022-10-11 11:18:54,658] [meta.py:307]               [DEBUG]    | Defaults: {}                                                                                       |
[2022-10-11 11:18:54,658] [meta.py:308]               [DEBUG]    |                                                                                                    |
[2022-10-11 11:18:54,658] [meta.py:309]               [DEBUG]    | Optional: ['my_collection_poster', 'my_collection_poster_encoded']                                 |
[2022-10-11 11:18:54,659] [meta.py:370]               [DEBUG]    |                                                                                                    |
[2022-10-11 11:18:54,660] [meta.py:371]               [DEBUG]    | Final Template Attributes: {'tmdb_collection_details': ['131292'], 'collection_order': 'release', 'collection_mode': 'hide_items', 'sort_title': '+C1_Iron Man'} |
[2022-10-11 11:18:54,660] [meta.py:372]               [DEBUG]    |                                                                                                    |
[2022-10-11 11:18:54,660] [builder.py:230]            [INFO]     |================================== Validating Iron Man Attributes ==================================|
[2022-10-11 11:18:54,660] [builder.py:620]            [DEBUG]    |                                                                                                    |
[2022-10-11 11:18:54,660] [builder.py:621]            [DEBUG]    | Validating Method: collection_order                                                                |
[2022-10-11 11:18:54,660] [builder.py:622]            [DEBUG]    | Value: release                                                                                     |
[2022-10-11 11:18:54,660] [builder.py:653]            [DEBUG]    |                                                                                                    |
[2022-10-11 11:18:54,660] [builder.py:657]            [DEBUG]    | Validating Method: label                                                                           |
[2022-10-11 11:18:54,661] [builder.py:658]            [DEBUG]    | Value: TMDb Collections                                                                            |
[2022-10-11 11:18:54,661] [builder.py:653]            [DEBUG]    |                                                                                                    |
[2022-10-11 11:18:54,661] [builder.py:657]            [DEBUG]    | Validating Method: tmdb_collection_details                                                         |
[2022-10-11 11:18:54,661] [builder.py:658]            [DEBUG]    | Value: ['131292']                                                                                  |
[2022-10-11 11:18:54,674] [builder.py:653]            [DEBUG]    |                                                                                                    |
[2022-10-11 11:18:54,674] [builder.py:657]            [DEBUG]    | Validating Method: collection_mode                                                                 |
[2022-10-11 11:18:54,674] [builder.py:658]            [DEBUG]    | Value: hide_items                                                                                  |
[2022-10-11 11:18:54,674] [builder.py:653]            [DEBUG]    |                                                                                                    |
[2022-10-11 11:18:54,675] [builder.py:657]            [DEBUG]    | Validating Method: sort_title                                                                      |
[2022-10-11 11:18:54,675] [builder.py:658]            [DEBUG]    | Value: +C1_Iron Man                                                                                |
[2022-10-11 11:18:54,876] [builder.py:823]            [INFO]     |                                                                                                    |
[2022-10-11 11:18:54,876] [builder.py:824]            [INFO]     | Validation Successful                                                                              |
[2022-10-11 11:18:54,876] [plex_meta_manager.py:561]  [INFO]     |                                                                                                    |
[2022-10-11 11:18:54,876] [plex_meta_manager.py:563]  [INFO]     |=================================== Running Iron Man Collection ====================================|
[2022-10-11 11:18:54,876] [plex_meta_manager.py:575]  [INFO]     |                                                                                                    |
[2022-10-11 11:18:54,877] [plex_meta_manager.py:576]  [INFO]     | Sync Mode: append                                                                                  |
[2022-10-11 11:18:54,877] [plex_meta_manager.py:579]  [DEBUG]    |                                                                                                    |
[2022-10-11 11:18:54,877] [plex_meta_manager.py:580]  [DEBUG]    | Builder: tmdb_collection: 131292                                                                   |
[2022-10-11 11:18:54,877] [plex_meta_manager.py:581]  [INFO]     |                                                                                                    |
[2022-10-11 11:18:54,882] [tmdb.py:381]               [INFO]     | Processing TMDb Collection: (131292) Iron Man - Saga (3 Items)                                     |
[2022-10-11 11:18:54,883] [builder.py:1581]           [DEBUG]    |                                                                                                    |
[2022-10-11 11:18:54,883] [builder.py:1582]           [DEBUG]    | 3 IDs Found: [(1726, 'tmdb'), (10138, 'tmdb'), (68721, 'tmdb')]                                    |
[2022-10-11 11:18:54,883] [builder.py:1583]           [DEBUG]    |                                                                                                    |
[2022-10-11 11:18:54,883] [builder.py:2132]           [INFO]     |                                                                                                    |
[2022-10-11 11:18:54,883] [builder.py:2133]           [INFO]     |================================== Adding to Iron Man Collection ===================================|
[2022-10-11 11:18:54,884] [builder.py:2134]           [INFO]     |                                                                                                    |
[2022-10-11 11:18:54,884] [builder.py:2148]           [INFO]     | 1/3 | Iron Man Collection | = | Iron Man (2008)                                                    |
[2022-10-11 11:18:54,884] [builder.py:2148]           [INFO]     | 2/3 | Iron Man Collection | = | Iron Man 2 (2010)                                                  |
[2022-10-11 11:18:54,884] [builder.py:2148]           [INFO]     | 3/3 | Iron Man Collection | = | Iron Man 3 (2013)                                                  |
[2022-10-11 11:18:54,884] [builder.py:2168]           [INFO]     |                                                                                                    |
[2022-10-11 11:18:54,884] [builder.py:2170]           [INFO]     | 3 Movies Processed 0 Movies Added                                                                  |
[2022-10-11 11:18:54,891] [builder.py:2521]           [INFO]     |                                                                                                    |
[2022-10-11 11:18:54,892] [builder.py:2522]           [INFO]     |============================= Updating Details of Iron Man Collection ==============================|
[2022-10-11 11:18:54,892] [builder.py:2523]           [INFO]     |                                                                                                    |
[2022-10-11 11:18:54,901] [builder.py:2589]           [INFO]     | Collection Metadata Edits                                                                          |
[2022-10-11 11:18:54,901] [builder.py:2660]           [WARNING]  | Asset Warning: Unable to find asset folder: 'Iron Man'                                             |
[2022-10-11 11:18:54,901] [util.py:171]               [DEBUG]    | 1 poster found:                                                                                    |
[2022-10-11 11:18:54,901] [util.py:173]               [DEBUG]    | Method: tmdb_collection_details Poster: https://image.tmdb.org/t/p/original/eQL1D0lqTDH9phzwE6bD1x3gKCc.jpg |
[2022-10-11 11:18:54,901] [util.py:171]               [DEBUG]    | 1 background found:                                                                                |
[2022-10-11 11:18:54,901] [util.py:173]               [DEBUG]    | Method: tmdb_collection_details Background: https://image.tmdb.org/t/p/original/rI8zOWkRQJdlAyQ6WJOSlYK6JxZ.jpg |
[2022-10-11 11:18:54,902] [library.py:173]            [INFO]     | Detail: poster update not needed                                                                   |
[2022-10-11 11:18:54,903] [library.py:189]            [INFO]     | Detail: background update not needed                                                               |
[2022-10-11 11:18:55,095] [plex_meta_manager.py:708]  [INFO]     |                                                                                                    |
[2022-10-11 11:18:55,095] [plex_meta_manager.py:709]  [INFO]     |====================================================================================================|
[2022-10-11 11:18:55,095] [plex_meta_manager.py:709]  [INFO]     |                                    Finished Iron Man Collection                                    |
[2022-10-11 11:18:55,096] [plex_meta_manager.py:709]  [INFO]     |                                    Collection Run Time: 0:00:00                                    |
[2022-10-11 11:18:55,096] [plex_meta_manager.py:709]  [INFO]     |====================================================================================================|
