[2022-10-11 09:13:24,478] [builder.py:197]            [INFO]     |====================================================================================================|
[2022-10-11 09:13:24,478] [builder.py:197]            [INFO]     |                           Alice in Wonderland Collection in Z. 1 - Films                           |
[2022-10-11 09:13:24,478] [builder.py:197]            [INFO]     |====================================================================================================|
[2022-10-11 09:13:24,478] [builder.py:198]            [INFO]     |                                                                                                    |
[2022-10-11 09:13:24,478] [builder.py:203]            [INFO]     |================================ Building Definition From Templates ================================|
[2022-10-11 09:13:24,479] [builder.py:211]            [DEBUG]    |                                                                                                    |
[2022-10-11 09:13:24,479] [meta.py:128]               [DEBUG]    | Template my_template                                                                               |
[2022-10-11 09:13:24,479] [meta.py:129]               [DEBUG]    | Call: {'value': ['261307'], 'tmdb_collection': ['261307'], 'key_name': 'Alice in Wonderland', 'key': '261307', 'name': 'my_template'} |
[2022-10-11 09:13:24,479] [meta.py:304]               [DEBUG]    |                                                                                                    |
[2022-10-11 09:13:24,479] [meta.py:305]               [DEBUG]    | Variables: {'value': ['261307'], 'tmdb_collection': ['261307'], 'key_name': 'Alice in Wonderland', 'key': '261307', 'name': 'my_template', 'collection_name': 'Alice in Wonderland', 'mapping_name': 'Alice in Wonderland', 'library_type': 'movie', 'library_name': 'Z. 1 - Films', 'value_encoded': '%5B%27261307%27%5D', 'tmdb_collection_encoded': '%5B%27261307%27%5D', 'key_name_encoded': 'Alice%20in%20Wonderland', 'key_encoded': '261307', 'name_encoded': 'my_template', 'collection_name_encoded': 'Alice%20in%20Wonderland', 'mapping_name_encoded': 'Alice%20in%20Wonderland', 'library_type_encoded': 'movie', 'library_name_encoded': 'Z.%201%20-%20Films', 'collection_sort': 'Alice in Wonderland'} |
[2022-10-11 09:13:24,479] [meta.py:306]               [DEBUG]    |                                                                                                    |
[2022-10-11 09:13:24,479] [meta.py:307]               [DEBUG]    | Defaults: {}                                                                                       |
[2022-10-11 09:13:24,479] [meta.py:308]               [DEBUG]    |                                                                                                    |
[2022-10-11 09:13:24,480] [meta.py:309]               [DEBUG]    | Optional: ['my_collection_poster', 'my_collection_poster_encoded']                                 |
[2022-10-11 09:13:24,480] [meta.py:370]               [DEBUG]    |                                                                                                    |
[2022-10-11 09:13:24,480] [meta.py:371]               [DEBUG]    | Final Template Attributes: {'tmdb_collection_details': ['261307'], 'collection_order': 'release', 'collection_mode': 'hide_items'} |
[2022-10-11 09:13:24,480] [meta.py:372]               [DEBUG]    |                                                                                                    |
[2022-10-11 09:13:24,481] [builder.py:219]            [INFO]     |============================ Validating Alice in Wonderland Attributes =============================|
[2022-10-11 09:13:24,481] [builder.py:609]            [DEBUG]    |                                                                                                    |
[2022-10-11 09:13:24,481] [builder.py:610]            [DEBUG]    | Validating Method: collection_order                                                                |
[2022-10-11 09:13:24,481] [builder.py:611]            [DEBUG]    | Value: release                                                                                     |
[2022-10-11 09:13:24,481] [builder.py:627]            [DEBUG]    |                                                                                                    |
[2022-10-11 09:13:24,481] [builder.py:631]            [DEBUG]    | Validating Method: label                                                                           |
[2022-10-11 09:13:24,481] [builder.py:632]            [DEBUG]    | Value: TMDb Collections                                                                            |
[2022-10-11 09:13:24,481] [builder.py:627]            [DEBUG]    |                                                                                                    |
[2022-10-11 09:13:24,482] [builder.py:631]            [DEBUG]    | Validating Method: tmdb_collection_details                                                         |
[2022-10-11 09:13:24,482] [builder.py:632]            [DEBUG]    | Value: ['261307']                                                                                  |
[2022-10-11 09:13:24,503] [builder.py:627]            [DEBUG]    |                                                                                                    |
[2022-10-11 09:13:24,503] [builder.py:631]            [DEBUG]    | Validating Method: collection_mode                                                                 |
[2022-10-11 09:13:24,503] [builder.py:632]            [DEBUG]    | Value: hide_items                                                                                  |
[2022-10-11 09:13:24,696] [builder.py:797]            [INFO]     |                                                                                                    |
[2022-10-11 09:13:24,696] [builder.py:798]            [INFO]     | Validation Successful                                                                              |
[2022-10-11 09:13:24,696] [plex_meta_manager.py:561]  [INFO]     |                                                                                                    |
[2022-10-11 09:13:24,696] [plex_meta_manager.py:563]  [INFO]     |============================== Running Alice in Wonderland Collection ==============================|
[2022-10-11 09:13:24,696] [plex_meta_manager.py:575]  [INFO]     |                                                                                                    |
[2022-10-11 09:13:24,697] [plex_meta_manager.py:576]  [INFO]     | Sync Mode: append                                                                                  |
[2022-10-11 09:13:24,697] [plex_meta_manager.py:579]  [DEBUG]    |                                                                                                    |
[2022-10-11 09:13:24,697] [plex_meta_manager.py:580]  [DEBUG]    | Builder: tmdb_collection: 261307                                                                   |
[2022-10-11 09:13:24,697] [plex_meta_manager.py:581]  [INFO]     |                                                                                                    |
[2022-10-11 09:13:24,702] [tmdb.py:382]               [INFO]     | Processing TMDb Collection: (261307) Alice au Pays des Merveilles - Saga (2 Items)                 |
[2022-10-11 09:13:24,702] [builder.py:1540]           [DEBUG]    |                                                                                                    |
[2022-10-11 09:13:24,702] [builder.py:1541]           [DEBUG]    | 2 IDs Found: [(12155, 'tmdb'), (241259, 'tmdb')]                                                   |
[2022-10-11 09:13:24,703] [builder.py:1542]           [DEBUG]    |                                                                                                    |
[2022-10-11 09:13:24,703] [builder.py:2064]           [INFO]     |                                                                                                    |
[2022-10-11 09:13:24,703] [builder.py:2065]           [INFO]     |============================= Adding to Alice in Wonderland Collection =============================|
[2022-10-11 09:13:24,703] [builder.py:2066]           [INFO]     |                                                                                                    |
[2022-10-11 09:13:24,703] [builder.py:2080]           [INFO]     | 1/2 | Alice in Wonderland Collection | = | Alice au pays des merveilles (2010)                     |
[2022-10-11 09:13:24,703] [builder.py:2080]           [INFO]     | 2/2 | Alice in Wonderland Collection | = | Alice de l'autre côté du miroir (2016)                  |
[2022-10-11 09:13:24,703] [builder.py:2100]           [INFO]     |                                                                                                    |
[2022-10-11 09:13:24,704] [builder.py:2102]           [INFO]     | 2 Movies Processed 0 Movies Added                                                                  |
[2022-10-11 09:13:24,709] [builder.py:2441]           [INFO]     |                                                                                                    |
[2022-10-11 09:13:24,709] [builder.py:2442]           [INFO]     |======================== Updating Details of Alice in Wonderland Collection ========================|
[2022-10-11 09:13:24,709] [builder.py:2443]           [INFO]     |                                                                                                    |
[2022-10-11 09:13:24,718] [builder.py:2509]           [INFO]     | Collection Metadata Edits                                                                          |
[2022-10-11 09:13:24,718] [builder.py:2580]           [WARNING]  | Asset Warning: Unable to find asset folder: 'Alice in Wonderland'                                  |
[2022-10-11 09:13:24,719] [util.py:150]               [DEBUG]    | 1 poster found:                                                                                    |
[2022-10-11 09:13:24,719] [util.py:152]               [DEBUG]    | Method: tmdb_collection_details Poster: https://image.tmdb.org/t/p/original/3ZwL4ZqJdGgFd1E4geCYMVaJxjD.jpg |
[2022-10-11 09:13:24,719] [util.py:150]               [DEBUG]    | 1 background found:                                                                                |
[2022-10-11 09:13:24,719] [util.py:152]               [DEBUG]    | Method: tmdb_collection_details Background: https://image.tmdb.org/t/p/original/mRztlAJ2fe67h6m6UgqVv6zCMmk.jpg |
[2022-10-11 09:13:24,720] [library.py:172]            [INFO]     | Detail: poster update not needed                                                                   |
[2022-10-11 09:13:24,721] [library.py:188]            [INFO]     | Detail: background update not needed                                                               |
[2022-10-11 09:13:24,917] [plex_meta_manager.py:708]  [INFO]     |                                                                                                    |
[2022-10-11 09:13:24,918] [plex_meta_manager.py:709]  [INFO]     |====================================================================================================|
[2022-10-11 09:13:24,918] [plex_meta_manager.py:709]  [INFO]     |                              Finished Alice in Wonderland Collection                               |
[2022-10-11 09:13:24,918] [plex_meta_manager.py:709]  [INFO]     |                                    Collection Run Time: 0:00:00                                    |
[2022-10-11 09:13:24,918] [plex_meta_manager.py:709]  [INFO]     |====================================================================================================|
