[2022-10-11 11:18:55,660] [builder.py:200]            [INFO]     |====================================================================================================|
[2022-10-11 11:18:55,660] [builder.py:200]            [INFO]     |                                 Bourne Collection in Z. 1 - Films                                  |
[2022-10-11 11:18:55,660] [builder.py:200]            [INFO]     |====================================================================================================|
[2022-10-11 11:18:55,660] [builder.py:201]            [INFO]     |                                                                                                    |
[2022-10-11 11:18:55,660] [builder.py:206]            [INFO]     |================================ Building Definition From Templates ================================|
[2022-10-11 11:18:55,660] [builder.py:222]            [DEBUG]    |                                                                                                    |
[2022-10-11 11:18:55,661] [meta.py:128]               [DEBUG]    | Template my_template                                                                               |
[2022-10-11 11:18:55,661] [meta.py:129]               [DEBUG]    | Call: {'value': ['31562'], 'tmdb_collection': ['31562'], 'key_name': 'Bourne', 'key': '31562', 'name': 'my_template'} |
[2022-10-11 11:18:55,661] [meta.py:304]               [DEBUG]    |                                                                                                    |
[2022-10-11 11:18:55,661] [meta.py:305]               [DEBUG]    | Variables: {'value': ['31562'], 'tmdb_collection': ['31562'], 'key_name': 'Bourne', 'key': '31562', 'name': 'my_template', 'collection_name': 'Bourne', 'mapping_name': 'Bourne', 'library_type': 'movie', 'library_name': 'Z. 1 - Films', 'value_encoded': '%5B%2731562%27%5D', 'tmdb_collection_encoded': '%5B%2731562%27%5D', 'key_name_encoded': 'Bourne', 'key_encoded': '31562', 'name_encoded': 'my_template', 'collection_name_encoded': 'Bourne', 'mapping_name_encoded': 'Bourne', 'library_type_encoded': 'movie', 'library_name_encoded': 'Z.%201%20-%20Films', 'collection_sort': 'Bourne'} |
[2022-10-11 11:18:55,661] [meta.py:306]               [DEBUG]    |                                                                                                    |
[2022-10-11 11:18:55,661] [meta.py:307]               [DEBUG]    | Defaults: {}                                                                                       |
[2022-10-11 11:18:55,661] [meta.py:308]               [DEBUG]    |                                                                                                    |
[2022-10-11 11:18:55,662] [meta.py:309]               [DEBUG]    | Optional: ['my_collection_poster', 'my_collection_poster_encoded']                                 |
[2022-10-11 11:18:55,663] [meta.py:370]               [DEBUG]    |                                                                                                    |
[2022-10-11 11:18:55,663] [meta.py:371]               [DEBUG]    | Final Template Attributes: {'tmdb_collection_details': ['31562'], 'collection_order': 'release', 'collection_mode': 'hide_items', 'sort_title': '+C1_Bourne'} |
[2022-10-11 11:18:55,663] [meta.py:372]               [DEBUG]    |                                                                                                    |
[2022-10-11 11:18:55,663] [builder.py:230]            [INFO]     |=================================== Validating Bourne Attributes ===================================|
[2022-10-11 11:18:55,663] [builder.py:620]            [DEBUG]    |                                                                                                    |
[2022-10-11 11:18:55,664] [builder.py:621]            [DEBUG]    | Validating Method: collection_order                                                                |
[2022-10-11 11:18:55,664] [builder.py:622]            [DEBUG]    | Value: release                                                                                     |
[2022-10-11 11:18:55,664] [builder.py:653]            [DEBUG]    |                                                                                                    |
[2022-10-11 11:18:55,664] [builder.py:657]            [DEBUG]    | Validating Method: label                                                                           |
[2022-10-11 11:18:55,664] [builder.py:658]            [DEBUG]    | Value: TMDb Collections                                                                            |
[2022-10-11 11:18:55,664] [builder.py:653]            [DEBUG]    |                                                                                                    |
[2022-10-11 11:18:55,664] [builder.py:657]            [DEBUG]    | Validating Method: tmdb_collection_details                                                         |
[2022-10-11 11:18:55,664] [builder.py:658]            [DEBUG]    | Value: ['31562']                                                                                   |
[2022-10-11 11:18:55,680] [builder.py:653]            [DEBUG]    |                                                                                                    |
[2022-10-11 11:18:55,680] [builder.py:657]            [DEBUG]    | Validating Method: collection_mode                                                                 |
[2022-10-11 11:18:55,681] [builder.py:658]            [DEBUG]    | Value: hide_items                                                                                  |
[2022-10-11 11:18:55,681] [builder.py:653]            [DEBUG]    |                                                                                                    |
[2022-10-11 11:18:55,681] [builder.py:657]            [DEBUG]    | Validating Method: sort_title                                                                      |
[2022-10-11 11:18:55,681] [builder.py:658]            [DEBUG]    | Value: +C1_Bourne                                                                                  |
[2022-10-11 11:18:55,894] [builder.py:823]            [INFO]     |                                                                                                    |
[2022-10-11 11:18:55,895] [builder.py:824]            [INFO]     | Validation Successful                                                                              |
[2022-10-11 11:18:55,895] [plex_meta_manager.py:561]  [INFO]     |                                                                                                    |
[2022-10-11 11:18:55,895] [plex_meta_manager.py:563]  [INFO]     |==================================== Running Bourne Collection =====================================|
[2022-10-11 11:18:55,896] [plex_meta_manager.py:575]  [INFO]     |                                                                                                    |
[2022-10-11 11:18:55,896] [plex_meta_manager.py:576]  [INFO]     | Sync Mode: append                                                                                  |
[2022-10-11 11:18:55,896] [plex_meta_manager.py:579]  [DEBUG]    |                                                                                                    |
[2022-10-11 11:18:55,896] [plex_meta_manager.py:580]  [DEBUG]    | Builder: tmdb_collection: 31562                                                                    |
[2022-10-11 11:18:55,896] [plex_meta_manager.py:581]  [INFO]     |                                                                                                    |
[2022-10-11 11:18:55,901] [tmdb.py:381]               [INFO]     | Processing TMDb Collection: (31562) Jason Bourne - Saga (5 Items)                                  |
[2022-10-11 11:18:55,901] [builder.py:1581]           [DEBUG]    |                                                                                                    |
[2022-10-11 11:18:55,902] [builder.py:1582]           [DEBUG]    | 5 IDs Found: [(2501, 'tmdb'), (2502, 'tmdb'), (2503, 'tmdb'), (49040, 'tmdb'), (324668, 'tmdb')]   |
[2022-10-11 11:18:55,902] [builder.py:1583]           [DEBUG]    |                                                                                                    |
[2022-10-11 11:18:55,902] [builder.py:2132]           [INFO]     |                                                                                                    |
[2022-10-11 11:18:55,902] [builder.py:2133]           [INFO]     |=================================== Adding to Bourne Collection ====================================|
[2022-10-11 11:18:55,903] [builder.py:2134]           [INFO]     |                                                                                                    |
[2022-10-11 11:18:55,903] [builder.py:2148]           [INFO]     | 1/5 | Bourne Collection | = | La Mémoire dans la peau (2002)                                       |
[2022-10-11 11:18:55,903] [builder.py:2148]           [INFO]     | 2/5 | Bourne Collection | = | La Mort dans la peau (2004)                                          |
[2022-10-11 11:18:55,903] [builder.py:2148]           [INFO]     | 3/5 | Bourne Collection | = | La Vengeance dans la peau (2007)                                     |
[2022-10-11 11:18:55,903] [builder.py:2148]           [INFO]     | 4/5 | Bourne Collection | = | Jason Bourne : l’héritage (2012)                                     |
[2022-10-11 11:18:55,903] [builder.py:2148]           [INFO]     | 5/5 | Bourne Collection | = | Jason Bourne (2016)                                                  |
[2022-10-11 11:18:55,904] [builder.py:2168]           [INFO]     |                                                                                                    |
[2022-10-11 11:18:55,904] [builder.py:2170]           [INFO]     | 5 Movies Processed 0 Movies Added                                                                  |
[2022-10-11 11:18:55,912] [builder.py:2521]           [INFO]     |                                                                                                    |
[2022-10-11 11:18:55,912] [builder.py:2522]           [INFO]     |============================== Updating Details of Bourne Collection ===============================|
[2022-10-11 11:18:55,912] [builder.py:2523]           [INFO]     |                                                                                                    |
[2022-10-11 11:18:55,921] [builder.py:2589]           [INFO]     | Collection Metadata Edits                                                                          |
[2022-10-11 11:18:55,921] [builder.py:2660]           [WARNING]  | Asset Warning: Unable to find asset folder: 'Bourne'                                               |
[2022-10-11 11:18:55,921] [util.py:171]               [DEBUG]    | 1 poster found:                                                                                    |
[2022-10-11 11:18:55,921] [util.py:173]               [DEBUG]    | Method: tmdb_collection_details Poster: https://image.tmdb.org/t/p/original/7wBBFK5uFm11IWXyMfUg5WUQFRb.jpg |
[2022-10-11 11:18:55,922] [util.py:171]               [DEBUG]    | 1 background found:                                                                                |
[2022-10-11 11:18:55,922] [util.py:173]               [DEBUG]    | Method: tmdb_collection_details Background: https://image.tmdb.org/t/p/original/vA5xMglyZv7yzDTj1qUTU4OvelV.jpg |
[2022-10-11 11:18:55,923] [library.py:173]            [INFO]     | Detail: poster update not needed                                                                   |
[2022-10-11 11:18:55,924] [library.py:189]            [INFO]     | Detail: background update not needed                                                               |
[2022-10-11 11:18:56,135] [plex_meta_manager.py:708]  [INFO]     |                                                                                                    |
[2022-10-11 11:18:56,135] [plex_meta_manager.py:709]  [INFO]     |====================================================================================================|
[2022-10-11 11:18:56,135] [plex_meta_manager.py:709]  [INFO]     |                                     Finished Bourne Collection                                     |
[2022-10-11 11:18:56,135] [plex_meta_manager.py:709]  [INFO]     |                                    Collection Run Time: 0:00:00                                    |
[2022-10-11 11:18:56,135] [plex_meta_manager.py:709]  [INFO]     |====================================================================================================|
