[2022-10-11 10:27:32,874] [builder.py:197]            [INFO]     |====================================================================================================|
[2022-10-11 10:27:32,874] [builder.py:197]            [INFO]     |                           Trending Collection in Z. 6 - Series Animation                           |
[2022-10-11 10:27:32,874] [builder.py:197]            [INFO]     |====================================================================================================|
[2022-10-11 10:27:32,875] [builder.py:198]            [INFO]     |                                                                                                    |
[2022-10-11 10:27:32,875] [builder.py:203]            [INFO]     |================================ Building Definition From Templates ================================|
[2022-10-11 10:27:32,875] [builder.py:211]            [DEBUG]    |                                                                                                    |
[2022-10-11 10:27:32,875] [meta.py:128]               [DEBUG]    | Template Chart                                                                                     |
[2022-10-11 10:27:32,875] [meta.py:129]               [DEBUG]    | Call: ordereddict([('name', 'Chart'), ('num', 2)])                                                 |
[2022-10-11 10:27:32,876] [meta.py:304]               [DEBUG]    |                                                                                                    |
[2022-10-11 10:27:32,876] [meta.py:305]               [DEBUG]    | Variables: ordereddict([('name', 'Chart'), ('num', 2), ('collection_name', 'Trending'), ('mapping_name', 'Trending'), ('library_type', 'show'), ('library_name', 'Z. 6 - Series Animation'), ('name_encoded', 'Chart'), ('num_encoded', '2'), ('collection_name_encoded', 'Trending'), ('mapping_name_encoded', 'Trending'), ('library_type_encoded', 'show'), ('library_name_encoded', 'Z.%206%20-%20Series%20Animation'), ('collection_sort', 'Trending')]) |
[2022-10-11 10:27:32,876] [meta.py:306]               [DEBUG]    |                                                                                                    |
[2022-10-11 10:27:32,876] [meta.py:307]               [DEBUG]    | Defaults: {}                                                                                       |
[2022-10-11 10:27:32,876] [meta.py:308]               [DEBUG]    |                                                                                                    |
[2022-10-11 10:27:32,876] [meta.py:309]               [DEBUG]    | Optional: []                                                                                       |
[2022-10-11 10:27:32,877] [meta.py:370]               [DEBUG]    |                                                                                                    |
[2022-10-11 10:27:32,877] [meta.py:371]               [DEBUG]    | Final Template Attributes: {'sort_title': '+1_2Trending', 'sync_mode': 'sync', 'smart_label': 'random'} |
[2022-10-11 10:27:32,877] [meta.py:372]               [DEBUG]    |                                                                                                    |
[2022-10-11 10:27:32,877] [builder.py:219]            [INFO]     |================================== Validating Trending Attributes ==================================|
[2022-10-11 10:27:32,878] [builder.py:488]            [DEBUG]    |                                                                                                    |
[2022-10-11 10:27:32,878] [builder.py:489]            [DEBUG]    | Validating Method: sync_mode                                                                       |
[2022-10-11 10:27:32,878] [builder.py:493]            [DEBUG]    | Value: sync                                                                                        |
[2022-10-11 10:27:32,878] [builder.py:538]            [DEBUG]    |                                                                                                    |
[2022-10-11 10:27:32,878] [builder.py:539]            [DEBUG]    | Validating Method: smart_label                                                                     |
[2022-10-11 10:27:32,878] [builder.py:544]            [DEBUG]    | Value: random                                                                                      |
[2022-10-11 10:27:32,894] [plex_meta_manager.py:696]  [DEBUG]    | Traceback (most recent call last):                                                                 |
                                                                 |   File "//plex_meta_manager.py", line 559, in run_collection
                                                                 |     builder = CollectionBuilder(config, metadata, mapping_name, collection_attrs, library=library, extra=output_str)
                                                                 |   File "/modules/builder.py", line 608, in __init__
                                                                 |     raise Failed(f"{self.Type} Error: collection_order does not work with Smart Collections")
                                                                 | modules.util.Failed: Collection Error: collection_order does not work with Smart Collections
                                                                 | 
[2022-10-11 10:27:32,896] [plex_meta_manager.py:697]  [ERROR]    | Collection Error: collection_order does not work with Smart Collections
[2022-10-11 10:27:32,896] [plex_meta_manager.py:708]  [INFO]     | 
[2022-10-11 10:27:32,896] [plex_meta_manager.py:709]  [INFO]     |====================================================================================================|
[2022-10-11 10:27:32,896] [plex_meta_manager.py:709]  [INFO]     |                                    Finished Trending Collection                                    |
[2022-10-11 10:27:32,896] [plex_meta_manager.py:709]  [INFO]     |                                    Collection Run Time: 0:00:00                                    |
[2022-10-11 10:27:32,896] [plex_meta_manager.py:709]  [INFO]     |====================================================================================================|
