[2022-10-11 11:20:20,228] [builder.py:200]            [INFO]     |====================================================================================================|
[2022-10-11 11:20:20,228] [builder.py:200]            [INFO]     |                           Sonic the Hedgehog Collection in Z. 1 - Films                            |
[2022-10-11 11:20:20,228] [builder.py:200]            [INFO]     |====================================================================================================|
[2022-10-11 11:20:20,228] [builder.py:201]            [INFO]     |                                                                                                    |
[2022-10-11 11:20:20,228] [builder.py:206]            [INFO]     |================================ Building Definition From Templates ================================|
[2022-10-11 11:20:20,228] [builder.py:222]            [DEBUG]    |                                                                                                    |
[2022-10-11 11:20:20,228] [meta.py:128]               [DEBUG]    | Template my_template                                                                               |
[2022-10-11 11:20:20,229] [meta.py:129]               [DEBUG]    | Call: {'value': ['720879'], 'tmdb_collection': ['720879'], 'key_name': 'Sonic the Hedgehog', 'key': '720879', 'name': 'my_template'} |
[2022-10-11 11:20:20,229] [meta.py:304]               [DEBUG]    |                                                                                                    |
[2022-10-11 11:20:20,229] [meta.py:305]               [DEBUG]    | Variables: {'value': ['720879'], 'tmdb_collection': ['720879'], 'key_name': 'Sonic the Hedgehog', 'key': '720879', 'name': 'my_template', 'collection_name': 'Sonic the Hedgehog', 'mapping_name': 'Sonic the Hedgehog', 'library_type': 'movie', 'library_name': 'Z. 1 - Films', 'value_encoded': '%5B%27720879%27%5D', 'tmdb_collection_encoded': '%5B%27720879%27%5D', 'key_name_encoded': 'Sonic%20the%20Hedgehog', 'key_encoded': '720879', 'name_encoded': 'my_template', 'collection_name_encoded': 'Sonic%20the%20Hedgehog', 'mapping_name_encoded': 'Sonic%20the%20Hedgehog', 'library_type_encoded': 'movie', 'library_name_encoded': 'Z.%201%20-%20Films', 'collection_sort': 'Sonic the Hedgehog'} |
[2022-10-11 11:20:20,229] [meta.py:306]               [DEBUG]    |                                                                                                    |
[2022-10-11 11:20:20,229] [meta.py:307]               [DEBUG]    | Defaults: {}                                                                                       |
[2022-10-11 11:20:20,229] [meta.py:308]               [DEBUG]    |                                                                                                    |
[2022-10-11 11:20:20,229] [meta.py:309]               [DEBUG]    | Optional: ['my_collection_poster', 'my_collection_poster_encoded']                                 |
[2022-10-11 11:20:20,230] [meta.py:370]               [DEBUG]    |                                                                                                    |
[2022-10-11 11:20:20,230] [meta.py:371]               [DEBUG]    | Final Template Attributes: {'tmdb_collection_details': ['720879'], 'collection_order': 'release', 'collection_mode': 'hide_items', 'sort_title': '+C1_Sonic the Hedgehog'} |
[2022-10-11 11:20:20,231] [meta.py:372]               [DEBUG]    |                                                                                                    |
[2022-10-11 11:20:20,231] [builder.py:230]            [INFO]     |============================= Validating Sonic the Hedgehog Attributes =============================|
[2022-10-11 11:20:20,231] [builder.py:620]            [DEBUG]    |                                                                                                    |
[2022-10-11 11:20:20,231] [builder.py:621]            [DEBUG]    | Validating Method: collection_order                                                                |
[2022-10-11 11:20:20,231] [builder.py:622]            [DEBUG]    | Value: release                                                                                     |
[2022-10-11 11:20:20,231] [builder.py:653]            [DEBUG]    |                                                                                                    |
[2022-10-11 11:20:20,232] [builder.py:657]            [DEBUG]    | Validating Method: label                                                                           |
[2022-10-11 11:20:20,232] [builder.py:658]            [DEBUG]    | Value: TMDb Collections                                                                            |
[2022-10-11 11:20:20,232] [builder.py:653]            [DEBUG]    |                                                                                                    |
[2022-10-11 11:20:20,232] [builder.py:657]            [DEBUG]    | Validating Method: tmdb_collection_details                                                         |
[2022-10-11 11:20:20,232] [builder.py:658]            [DEBUG]    | Value: ['720879']                                                                                  |
[2022-10-11 11:20:20,245] [builder.py:653]            [DEBUG]    |                                                                                                    |
[2022-10-11 11:20:20,246] [builder.py:657]            [DEBUG]    | Validating Method: collection_mode                                                                 |
[2022-10-11 11:20:20,246] [builder.py:658]            [DEBUG]    | Value: hide_items                                                                                  |
[2022-10-11 11:20:20,246] [builder.py:653]            [DEBUG]    |                                                                                                    |
[2022-10-11 11:20:20,246] [builder.py:657]            [DEBUG]    | Validating Method: sort_title                                                                      |
[2022-10-11 11:20:20,246] [builder.py:658]            [DEBUG]    | Value: +C1_Sonic the Hedgehog                                                                      |
[2022-10-11 11:20:20,447] [builder.py:823]            [INFO]     |                                                                                                    |
[2022-10-11 11:20:20,447] [builder.py:824]            [INFO]     | Validation Successful                                                                              |
[2022-10-11 11:20:20,447] [plex_meta_manager.py:561]  [INFO]     |                                                                                                    |
[2022-10-11 11:20:20,448] [plex_meta_manager.py:563]  [INFO]     |============================== Running Sonic the Hedgehog Collection ===============================|
[2022-10-11 11:20:20,448] [plex_meta_manager.py:575]  [INFO]     |                                                                                                    |
[2022-10-11 11:20:20,448] [plex_meta_manager.py:576]  [INFO]     | Sync Mode: append                                                                                  |
[2022-10-11 11:20:20,448] [plex_meta_manager.py:579]  [DEBUG]    |                                                                                                    |
[2022-10-11 11:20:20,448] [plex_meta_manager.py:580]  [DEBUG]    | Builder: tmdb_collection: 720879                                                                   |
[2022-10-11 11:20:20,448] [plex_meta_manager.py:581]  [INFO]     |                                                                                                    |
[2022-10-11 11:20:20,454] [tmdb.py:381]               [INFO]     | Processing TMDb Collection: (720879) Sonic - Saga (3 Items)                                        |
[2022-10-11 11:20:20,454] [builder.py:1581]           [DEBUG]    |                                                                                                    |
[2022-10-11 11:20:20,454] [builder.py:1582]           [DEBUG]    | 3 IDs Found: [(675353, 'tmdb'), (454626, 'tmdb'), (939243, 'tmdb')]                                |
[2022-10-11 11:20:20,454] [builder.py:1583]           [DEBUG]    |                                                                                                    |
[2022-10-11 11:20:20,455] [builder.py:2132]           [INFO]     |                                                                                                    |
[2022-10-11 11:20:20,455] [builder.py:2133]           [INFO]     |============================= Adding to Sonic the Hedgehog Collection ==============================|
[2022-10-11 11:20:20,455] [builder.py:2134]           [INFO]     |                                                                                                    |
[2022-10-11 11:20:20,455] [builder.py:2148]           [INFO]     | 1/2 | Sonic the Hedgehog Collection | = | Sonic 2 (2022)                                           |
[2022-10-11 11:20:20,456] [builder.py:2148]           [INFO]     | 2/2 | Sonic the Hedgehog Collection | = | Sonic, le film (2020)                                    |
[2022-10-11 11:20:20,456] [builder.py:2168]           [INFO]     |                                                                                                    |
[2022-10-11 11:20:20,456] [builder.py:2170]           [INFO]     | 2 Movies Processed 0 Movies Added                                                                  |
[2022-10-11 11:20:20,456] [builder.py:2300]           [INFO]     |                                                                                                    |
[2022-10-11 11:20:20,457] [builder.py:2301]           [INFO]     |============================ Missing Movies from Library: Z. 1 - Films =============================|
[2022-10-11 11:20:20,457] [builder.py:2302]           [INFO]     |                                                                                                    |
[2022-10-11 11:20:20,469] [builder.py:2315]           [INFO]     | Sonic the Hedgehog Collection | ? | Sonic the Hedgehog 3 (2024) (TMDb: 939243)                     |
[2022-10-11 11:20:20,469] [builder.py:2320]           [INFO]     |                                                                                                    |
[2022-10-11 11:20:20,469] [builder.py:2321]           [INFO]     | 1 Movie Missing                                                                                    |
[2022-10-11 11:20:20,546] [builder.py:2521]           [INFO]     |                                                                                                    |
[2022-10-11 11:20:20,546] [builder.py:2522]           [INFO]     |======================== Updating Details of Sonic the Hedgehog Collection =========================|
[2022-10-11 11:20:20,546] [builder.py:2523]           [INFO]     |                                                                                                    |
[2022-10-11 11:20:20,556] [builder.py:2589]           [INFO]     | Collection Metadata Edits                                                                          |
[2022-10-11 11:20:20,556] [builder.py:2660]           [WARNING]  | Asset Warning: Unable to find asset folder: 'Sonic the Hedgehog'                                   |
[2022-10-11 11:20:20,556] [util.py:171]               [DEBUG]    | 1 poster found:                                                                                    |
[2022-10-11 11:20:20,557] [util.py:173]               [DEBUG]    | Method: tmdb_collection_details Poster: https://image.tmdb.org/t/p/original/rEC1pkQ1UbX7USRkVIrt2Nk7hlC.jpg |
[2022-10-11 11:20:20,557] [util.py:171]               [DEBUG]    | 1 background found:                                                                                |
[2022-10-11 11:20:20,557] [util.py:173]               [DEBUG]    | Method: tmdb_collection_details Background: https://image.tmdb.org/t/p/original/8jfHKno4tRZ621Uzw4heEaJPgRM.jpg |
[2022-10-11 11:20:20,558] [library.py:173]            [INFO]     | Detail: poster update not needed                                                                   |
[2022-10-11 11:20:20,558] [library.py:189]            [INFO]     | Detail: background update not needed                                                               |
[2022-10-11 11:20:20,742] [plex_meta_manager.py:708]  [INFO]     |                                                                                                    |
[2022-10-11 11:20:20,742] [plex_meta_manager.py:709]  [INFO]     |====================================================================================================|
[2022-10-11 11:20:20,742] [plex_meta_manager.py:709]  [INFO]     |                               Finished Sonic the Hedgehog Collection                               |
[2022-10-11 11:20:20,742] [plex_meta_manager.py:709]  [INFO]     |                                    Collection Run Time: 0:00:00                                    |
[2022-10-11 11:20:20,743] [plex_meta_manager.py:709]  [INFO]     |====================================================================================================|
