[2022-10-11 10:09:36,398] [builder.py:197]            [INFO]     |====================================================================================================|
[2022-10-11 10:09:36,398] [builder.py:197]            [INFO]     |                           Adaptation Collection in Z. 5 - Film Animation                           |
[2022-10-11 10:09:36,399] [builder.py:197]            [INFO]     |====================================================================================================|
[2022-10-11 10:09:36,399] [builder.py:198]            [INFO]     |                                                                                                    |
[2022-10-11 10:09:36,399] [builder.py:203]            [INFO]     |================================ Building Definition From Templates ================================|
[2022-10-11 10:09:36,399] [builder.py:211]            [DEBUG]    |                                                                                                    |
[2022-10-11 10:09:36,399] [meta.py:128]               [DEBUG]    | Template Genre                                                                                     |
[2022-10-11 10:09:36,400] [meta.py:129]               [DEBUG]    | Call: ordereddict([('name', 'Genre')])                                                             |
[2022-10-11 10:09:36,400] [meta.py:304]               [DEBUG]    |                                                                                                    |
[2022-10-11 10:09:36,400] [meta.py:305]               [DEBUG]    | Variables: ordereddict([('name', 'Genre'), ('collection_name', 'Adaptation'), ('mapping_name', 'Adaptation'), ('library_type', 'movie'), ('library_name', 'Z. 5 - Film Animation'), ('name_encoded', 'Genre'), ('collection_name_encoded', 'Adaptation'), ('mapping_name_encoded', 'Adaptation'), ('library_type_encoded', 'movie'), ('library_name_encoded', 'Z.%205%20-%20Film%20Animation'), ('collection_sort', 'Adaptation')]) |
[2022-10-11 10:09:36,400] [meta.py:306]               [DEBUG]    |                                                                                                    |
[2022-10-11 10:09:36,401] [meta.py:307]               [DEBUG]    | Defaults: {}                                                                                       |
[2022-10-11 10:09:36,401] [meta.py:308]               [DEBUG]    |                                                                                                    |
[2022-10-11 10:09:36,401] [meta.py:309]               [DEBUG]    | Optional: []                                                                                       |
[2022-10-11 10:09:36,402] [meta.py:370]               [DEBUG]    |                                                                                                    |
[2022-10-11 10:09:36,402] [meta.py:371]               [DEBUG]    | Final Template Attributes: {'sort_title': '+3_Adaptation', 'sync_mode': 'sync', 'smart_label': 'audience_rating.desc'} |
[2022-10-11 10:09:36,402] [meta.py:372]               [DEBUG]    |                                                                                                    |
[2022-10-11 10:09:36,403] [builder.py:219]            [INFO]     |================================= Validating Adaptation Attributes =================================|
[2022-10-11 10:09:36,403] [builder.py:488]            [DEBUG]    |                                                                                                    |
[2022-10-11 10:09:36,403] [builder.py:489]            [DEBUG]    | Validating Method: sync_mode                                                                       |
[2022-10-11 10:09:36,403] [builder.py:493]            [DEBUG]    | Value: sync                                                                                        |
[2022-10-11 10:09:36,403] [builder.py:538]            [DEBUG]    |                                                                                                    |
[2022-10-11 10:09:36,404] [builder.py:539]            [DEBUG]    | Validating Method: smart_label                                                                     |
[2022-10-11 10:09:36,404] [builder.py:544]            [DEBUG]    | Value: audience_rating.desc                                                                        |
[2022-10-11 10:09:36,414] [builder.py:627]            [DEBUG]    |                                                                                                    |
[2022-10-11 10:09:36,414] [builder.py:631]            [DEBUG]    | Validating Method: imdb_list                                                                       |
[2022-10-11 10:09:36,414] [builder.py:632]            [DEBUG]    | Value: ['https://www.imdb.com/video-games/highest-rated-video-game-adaptations/ls049543429/']      |
[2022-10-11 10:09:36,415] [plex_meta_manager.py:696]  [DEBUG]    | Traceback (most recent call last):                                                                 |
                                                                 |   File "//plex_meta_manager.py", line 559, in run_collection
                                                                 |     builder = CollectionBuilder(config, metadata, mapping_name, collection_attrs, library=library, extra=output_str)
                                                                 |   File "/modules/builder.py", line 705, in __init__
                                                                 |     self._imdb(method_name, method_data)
                                                                 |   File "/modules/builder.py", line 1135, in _imdb
                                                                 |     for imdb_dict in self.config.IMDb.validate_imdb_lists(self.Type, method_data, self.language):
                                                                 |   File "/modules/imdb.py", line 51, in validate_imdb_lists
                                                                 |     raise Failed(f"IMDb Error: {imdb_url} must begin with either:{fails}")
                                                                 | modules.util.Failed: IMDb Error: https://www.imdb.com/video-games/highest-rated-video-game-adaptations/ls049543429/ must begin with either:https://www.imdb.com/list/ls (For Lists)
                                                                 | https://www.imdb.com/search/title/ (For Searches)
                                                                 | https://www.imdb.com/search/title-text/ (For Title Text Searches)
                                                                 | https://www.imdb.com/search/keyword/ (For Keyword Searches)
                                                                 | https://www.imdb.com/filmosearch/ (For Filmography Searches)
                                                                 | 
[2022-10-11 10:09:36,417] [plex_meta_manager.py:697]  [ERROR]    | IMDb Error: https://www.imdb.com/video-games/highest-rated-video-game-adaptations/ls049543429/ must begin with either:https://www.imdb.com/list/ls (For Lists)
                                                                 | https://www.imdb.com/search/title/ (For Searches)
                                                                 | https://www.imdb.com/search/title-text/ (For Title Text Searches)
                                                                 | https://www.imdb.com/search/keyword/ (For Keyword Searches)
                                                                 | https://www.imdb.com/filmosearch/ (For Filmography Searches)
[2022-10-11 10:09:36,418] [plex_meta_manager.py:708]  [INFO]     | 
[2022-10-11 10:09:36,418] [plex_meta_manager.py:709]  [INFO]     |====================================================================================================|
[2022-10-11 10:09:36,418] [plex_meta_manager.py:709]  [INFO]     |                                   Finished Adaptation Collection                                   |
[2022-10-11 10:09:36,418] [plex_meta_manager.py:709]  [INFO]     |                                    Collection Run Time: 0:00:00                                    |
[2022-10-11 10:09:36,419] [plex_meta_manager.py:709]  [INFO]     |====================================================================================================|
