[2022-10-11 11:18:42,210] [builder.py:200]            [INFO]     |====================================================================================================|
[2022-10-11 11:18:42,210] [builder.py:200]            [INFO]     |                             Hannibal Lecter Collection in Z. 1 - Films                             |
[2022-10-11 11:18:42,210] [builder.py:200]            [INFO]     |====================================================================================================|
[2022-10-11 11:18:42,211] [builder.py:201]            [INFO]     |                                                                                                    |
[2022-10-11 11:18:42,211] [builder.py:206]            [INFO]     |================================ Building Definition From Templates ================================|
[2022-10-11 11:18:42,211] [builder.py:222]            [DEBUG]    |                                                                                                    |
[2022-10-11 11:18:42,211] [meta.py:128]               [DEBUG]    | Template my_template                                                                               |
[2022-10-11 11:18:42,211] [meta.py:129]               [DEBUG]    | Call: {'value': ['9743'], 'tmdb_collection': ['9743'], 'key_name': 'Hannibal Lecter', 'key': '9743', 'name': 'my_template'} |
[2022-10-11 11:18:42,212] [meta.py:304]               [DEBUG]    |                                                                                                    |
[2022-10-11 11:18:42,212] [meta.py:305]               [DEBUG]    | Variables: {'value': ['9743'], 'tmdb_collection': ['9743'], 'key_name': 'Hannibal Lecter', 'key': '9743', 'name': 'my_template', 'collection_name': 'Hannibal Lecter', 'mapping_name': 'Hannibal Lecter', 'library_type': 'movie', 'library_name': 'Z. 1 - Films', 'value_encoded': '%5B%279743%27%5D', 'tmdb_collection_encoded': '%5B%279743%27%5D', 'key_name_encoded': 'Hannibal%20Lecter', 'key_encoded': '9743', 'name_encoded': 'my_template', 'collection_name_encoded': 'Hannibal%20Lecter', 'mapping_name_encoded': 'Hannibal%20Lecter', 'library_type_encoded': 'movie', 'library_name_encoded': 'Z.%201%20-%20Films', 'collection_sort': 'Hannibal Lecter'} |
[2022-10-11 11:18:42,212] [meta.py:306]               [DEBUG]    |                                                                                                    |
[2022-10-11 11:18:42,212] [meta.py:307]               [DEBUG]    | Defaults: {}                                                                                       |
[2022-10-11 11:18:42,212] [meta.py:308]               [DEBUG]    |                                                                                                    |
[2022-10-11 11:18:42,213] [meta.py:309]               [DEBUG]    | Optional: ['my_collection_poster', 'my_collection_poster_encoded']                                 |
[2022-10-11 11:18:42,214] [meta.py:370]               [DEBUG]    |                                                                                                    |
[2022-10-11 11:18:42,214] [meta.py:371]               [DEBUG]    | Final Template Attributes: {'tmdb_collection_details': ['9743'], 'collection_order': 'release', 'collection_mode': 'hide_items', 'sort_title': '+C1_Hannibal Lecter'} |
[2022-10-11 11:18:42,214] [meta.py:372]               [DEBUG]    |                                                                                                    |
[2022-10-11 11:18:42,215] [builder.py:230]            [INFO]     |============================== Validating Hannibal Lecter Attributes ===============================|
[2022-10-11 11:18:42,215] [builder.py:620]            [DEBUG]    |                                                                                                    |
[2022-10-11 11:18:42,215] [builder.py:621]            [DEBUG]    | Validating Method: collection_order                                                                |
[2022-10-11 11:18:42,215] [builder.py:622]            [DEBUG]    | Value: release                                                                                     |
[2022-10-11 11:18:42,216] [builder.py:653]            [DEBUG]    |                                                                                                    |
[2022-10-11 11:18:42,216] [builder.py:657]            [DEBUG]    | Validating Method: label                                                                           |
[2022-10-11 11:18:42,216] [builder.py:658]            [DEBUG]    | Value: TMDb Collections                                                                            |
[2022-10-11 11:18:42,216] [builder.py:653]            [DEBUG]    |                                                                                                    |
[2022-10-11 11:18:42,216] [builder.py:657]            [DEBUG]    | Validating Method: tmdb_collection_details                                                         |
[2022-10-11 11:18:42,217] [builder.py:658]            [DEBUG]    | Value: ['9743']                                                                                    |
[2022-10-11 11:18:42,234] [builder.py:653]            [DEBUG]    |                                                                                                    |
[2022-10-11 11:18:42,235] [builder.py:657]            [DEBUG]    | Validating Method: collection_mode                                                                 |
[2022-10-11 11:18:42,235] [builder.py:658]            [DEBUG]    | Value: hide_items                                                                                  |
[2022-10-11 11:18:42,235] [builder.py:653]            [DEBUG]    |                                                                                                    |
[2022-10-11 11:18:42,235] [builder.py:657]            [DEBUG]    | Validating Method: sort_title                                                                      |
[2022-10-11 11:18:42,236] [builder.py:658]            [DEBUG]    | Value: +C1_Hannibal Lecter                                                                         |
[2022-10-11 11:18:42,570] [builder.py:823]            [INFO]     |                                                                                                    |
[2022-10-11 11:18:42,571] [builder.py:824]            [INFO]     | Validation Successful                                                                              |
[2022-10-11 11:18:42,571] [plex_meta_manager.py:561]  [INFO]     |                                                                                                    |
[2022-10-11 11:18:42,571] [plex_meta_manager.py:563]  [INFO]     |================================ Running Hannibal Lecter Collection ================================|
[2022-10-11 11:18:42,571] [plex_meta_manager.py:575]  [INFO]     |                                                                                                    |
[2022-10-11 11:18:42,571] [plex_meta_manager.py:576]  [INFO]     | Sync Mode: append                                                                                  |
[2022-10-11 11:18:42,572] [plex_meta_manager.py:579]  [DEBUG]    |                                                                                                    |
[2022-10-11 11:18:42,572] [plex_meta_manager.py:580]  [DEBUG]    | Builder: tmdb_collection: 9743                                                                     |
[2022-10-11 11:18:42,572] [plex_meta_manager.py:581]  [INFO]     |                                                                                                    |
[2022-10-11 11:18:42,580] [tmdb.py:381]               [INFO]     | Processing TMDb Collection: (9743) Hannibal Lecter - Saga (4 Items)                                |
[2022-10-11 11:18:42,580] [builder.py:1581]           [DEBUG]    |                                                                                                    |
[2022-10-11 11:18:42,580] [builder.py:1582]           [DEBUG]    | 4 IDs Found: [(274, 'tmdb'), (9533, 'tmdb'), (9740, 'tmdb'), (1248, 'tmdb')]                       |
[2022-10-11 11:18:42,580] [builder.py:1583]           [DEBUG]    |                                                                                                    |
[2022-10-11 11:18:42,581] [builder.py:2132]           [INFO]     |                                                                                                    |
[2022-10-11 11:18:42,581] [builder.py:2133]           [INFO]     |=============================== Adding to Hannibal Lecter Collection ===============================|
[2022-10-11 11:18:42,581] [builder.py:2134]           [INFO]     |                                                                                                    |
[2022-10-11 11:18:42,581] [builder.py:2148]           [INFO]     | 1/4 | Hannibal Lecter Collection | = | Le Silence des agneaux (1991)                               |
[2022-10-11 11:18:42,582] [builder.py:2148]           [INFO]     | 2/4 | Hannibal Lecter Collection | = | Dragon rouge (2002)                                         |
[2022-10-11 11:18:42,582] [builder.py:2148]           [INFO]     | 3/4 | Hannibal Lecter Collection | = | Hannibal (2001)                                             |
[2022-10-11 11:18:42,582] [builder.py:2148]           [INFO]     | 4/4 | Hannibal Lecter Collection | = | Hannibal Lecter : Les Origines du mal (2007)                |
[2022-10-11 11:18:42,582] [builder.py:2168]           [INFO]     |                                                                                                    |
[2022-10-11 11:18:42,582] [builder.py:2170]           [INFO]     | 4 Movies Processed 0 Movies Added                                                                  |
[2022-10-11 11:18:42,589] [builder.py:2521]           [INFO]     |                                                                                                    |
[2022-10-11 11:18:42,590] [builder.py:2522]           [INFO]     |========================== Updating Details of Hannibal Lecter Collection ==========================|
[2022-10-11 11:18:42,590] [builder.py:2523]           [INFO]     |                                                                                                    |
[2022-10-11 11:18:42,603] [builder.py:2589]           [INFO]     | Collection Metadata Edits                                                                          |
[2022-10-11 11:18:42,603] [builder.py:2660]           [WARNING]  | Asset Warning: Unable to find asset folder: 'Hannibal Lecter'                                      |
[2022-10-11 11:18:42,603] [util.py:171]               [DEBUG]    | 1 poster found:                                                                                    |
[2022-10-11 11:18:42,604] [util.py:173]               [DEBUG]    | Method: tmdb_collection_details Poster: https://image.tmdb.org/t/p/original/p6MezjrHnrgP1li5YxomRBFdKnp.jpg |
[2022-10-11 11:18:42,604] [util.py:171]               [DEBUG]    | 1 background found:                                                                                |
[2022-10-11 11:18:42,604] [util.py:173]               [DEBUG]    | Method: tmdb_collection_details Background: https://image.tmdb.org/t/p/original/npCbvak9UhjPsZB9Oa2k2jsqI7E.jpg |
[2022-10-11 11:18:42,605] [library.py:173]            [INFO]     | Detail: poster update not needed                                                                   |
[2022-10-11 11:18:42,607] [library.py:189]            [INFO]     | Detail: background update not needed                                                               |
[2022-10-11 11:18:42,931] [plex_meta_manager.py:708]  [INFO]     |                                                                                                    |
[2022-10-11 11:18:42,931] [plex_meta_manager.py:709]  [INFO]     |====================================================================================================|
[2022-10-11 11:18:42,931] [plex_meta_manager.py:709]  [INFO]     |                                Finished Hannibal Lecter Collection                                 |
[2022-10-11 11:18:42,932] [plex_meta_manager.py:709]  [INFO]     |                                    Collection Run Time: 0:00:00                                    |
[2022-10-11 11:18:42,932] [plex_meta_manager.py:709]  [INFO]     |====================================================================================================|
