[2022-10-11 11:19:06,449] [builder.py:200]            [INFO]     |====================================================================================================|
[2022-10-11 11:19:06,449] [builder.py:200]            [INFO]     |                            Lord of the Rings Collection in Z. 1 - Films                            |
[2022-10-11 11:19:06,449] [builder.py:200]            [INFO]     |====================================================================================================|
[2022-10-11 11:19:06,449] [builder.py:201]            [INFO]     |                                                                                                    |
[2022-10-11 11:19:06,449] [builder.py:206]            [INFO]     |================================ Building Definition From Templates ================================|
[2022-10-11 11:19:06,450] [builder.py:222]            [DEBUG]    |                                                                                                    |
[2022-10-11 11:19:06,450] [meta.py:128]               [DEBUG]    | Template my_template                                                                               |
[2022-10-11 11:19:06,450] [meta.py:129]               [DEBUG]    | Call: {'value': ['119'], 'tmdb_collection': ['119'], 'key_name': 'Lord of the Rings', 'key': '119', 'my_collection_poster': 'https://www.themoviedb.org/t/p/original/oENY593nKRVL2PnxXsMtlh8izb4.jpg', 'name': 'my_template'} |
[2022-10-11 11:19:06,450] [meta.py:304]               [DEBUG]    |                                                                                                    |
[2022-10-11 11:19:06,450] [meta.py:305]               [DEBUG]    | Variables: {'value': ['119'], 'tmdb_collection': ['119'], 'key_name': 'Lord of the Rings', 'key': '119', 'my_collection_poster': 'https://www.themoviedb.org/t/p/original/oENY593nKRVL2PnxXsMtlh8izb4.jpg', 'name': 'my_template', 'collection_name': 'Lord of the Rings', 'mapping_name': 'Lord of the Rings', 'library_type': 'movie', 'library_name': 'Z. 1 - Films', 'value_encoded': '%5B%27119%27%5D', 'tmdb_collection_encoded': '%5B%27119%27%5D', 'key_name_encoded': 'Lord%20of%20the%20Rings', 'key_encoded': '119', 'my_collection_poster_encoded': 'https%3A//www.themoviedb.org/t/p/original/oENY593nKRVL2PnxXsMtlh8izb4.jpg', 'name_encoded': 'my_template', 'collection_name_encoded': 'Lord%20of%20the%20Rings', 'mapping_name_encoded': 'Lord%20of%20the%20Rings', 'library_type_encoded': 'movie', 'library_name_encoded': 'Z.%201%20-%20Films', 'collection_sort': 'Lord of the Rings'} |
[2022-10-11 11:19:06,450] [meta.py:306]               [DEBUG]    |                                                                                                    |
[2022-10-11 11:19:06,451] [meta.py:307]               [DEBUG]    | Defaults: {}                                                                                       |
[2022-10-11 11:19:06,451] [meta.py:308]               [DEBUG]    |                                                                                                    |
[2022-10-11 11:19:06,451] [meta.py:309]               [DEBUG]    | Optional: ['my_collection_poster', 'my_collection_poster_encoded']                                 |
[2022-10-11 11:19:06,452] [meta.py:370]               [DEBUG]    |                                                                                                    |
[2022-10-11 11:19:06,452] [meta.py:371]               [DEBUG]    | Final Template Attributes: {'tmdb_collection_details': ['119'], 'collection_order': 'release', 'url_poster': 'https://www.themoviedb.org/t/p/original/oENY593nKRVL2PnxXsMtlh8izb4.jpg', 'collection_mode': 'hide_items', 'sort_title': '+C1_Lord of the Rings'} |
[2022-10-11 11:19:06,452] [meta.py:372]               [DEBUG]    |                                                                                                    |
[2022-10-11 11:19:06,452] [builder.py:230]            [INFO]     |============================= Validating Lord of the Rings Attributes ==============================|
[2022-10-11 11:19:06,452] [builder.py:620]            [DEBUG]    |                                                                                                    |
[2022-10-11 11:19:06,453] [builder.py:621]            [DEBUG]    | Validating Method: collection_order                                                                |
[2022-10-11 11:19:06,453] [builder.py:622]            [DEBUG]    | Value: release                                                                                     |
[2022-10-11 11:19:06,453] [builder.py:653]            [DEBUG]    |                                                                                                    |
[2022-10-11 11:19:06,453] [builder.py:657]            [DEBUG]    | Validating Method: label                                                                           |
[2022-10-11 11:19:06,453] [builder.py:658]            [DEBUG]    | Value: TMDb Collections                                                                            |
[2022-10-11 11:19:06,453] [builder.py:653]            [DEBUG]    |                                                                                                    |
[2022-10-11 11:19:06,453] [builder.py:657]            [DEBUG]    | Validating Method: tmdb_collection_details                                                         |
[2022-10-11 11:19:06,453] [builder.py:658]            [DEBUG]    | Value: ['119']                                                                                     |
[2022-10-11 11:19:06,467] [builder.py:653]            [DEBUG]    |                                                                                                    |
[2022-10-11 11:19:06,467] [builder.py:657]            [DEBUG]    | Validating Method: url_poster                                                                      |
[2022-10-11 11:19:06,467] [builder.py:658]            [DEBUG]    | Value: https://www.themoviedb.org/t/p/original/oENY593nKRVL2PnxXsMtlh8izb4.jpg                     |
[2022-10-11 11:19:06,519] [builder.py:653]            [DEBUG]    |                                                                                                    |
[2022-10-11 11:19:06,520] [builder.py:657]            [DEBUG]    | Validating Method: collection_mode                                                                 |
[2022-10-11 11:19:06,520] [builder.py:658]            [DEBUG]    | Value: hide_items                                                                                  |
[2022-10-11 11:19:06,520] [builder.py:653]            [DEBUG]    |                                                                                                    |
[2022-10-11 11:19:06,520] [builder.py:657]            [DEBUG]    | Validating Method: sort_title                                                                      |
[2022-10-11 11:19:06,520] [builder.py:658]            [DEBUG]    | Value: +C1_Lord of the Rings                                                                       |
[2022-10-11 11:19:06,725] [builder.py:823]            [INFO]     |                                                                                                    |
[2022-10-11 11:19:06,726] [builder.py:824]            [INFO]     | Validation Successful                                                                              |
[2022-10-11 11:19:06,726] [plex_meta_manager.py:561]  [INFO]     |                                                                                                    |
[2022-10-11 11:19:06,726] [plex_meta_manager.py:563]  [INFO]     |=============================== Running Lord of the Rings Collection ===============================|
[2022-10-11 11:19:06,726] [plex_meta_manager.py:575]  [INFO]     |                                                                                                    |
[2022-10-11 11:19:06,726] [plex_meta_manager.py:576]  [INFO]     | Sync Mode: append                                                                                  |
[2022-10-11 11:19:06,727] [plex_meta_manager.py:579]  [DEBUG]    |                                                                                                    |
[2022-10-11 11:19:06,727] [plex_meta_manager.py:580]  [DEBUG]    | Builder: tmdb_collection: 119                                                                      |
[2022-10-11 11:19:06,727] [plex_meta_manager.py:581]  [INFO]     |                                                                                                    |
[2022-10-11 11:19:06,732] [tmdb.py:381]               [INFO]     | Processing TMDb Collection: (119) Le Seigneur des anneaux - Saga (3 Items)                         |
[2022-10-11 11:19:06,732] [builder.py:1581]           [DEBUG]    |                                                                                                    |
[2022-10-11 11:19:06,733] [builder.py:1582]           [DEBUG]    | 3 IDs Found: [(120, 'tmdb'), (121, 'tmdb'), (122, 'tmdb')]                                         |
[2022-10-11 11:19:06,733] [builder.py:1583]           [DEBUG]    |                                                                                                    |
[2022-10-11 11:19:06,733] [builder.py:2132]           [INFO]     |                                                                                                    |
[2022-10-11 11:19:06,733] [builder.py:2133]           [INFO]     |============================== Adding to Lord of the Rings Collection ==============================|
[2022-10-11 11:19:06,733] [builder.py:2134]           [INFO]     |                                                                                                    |
[2022-10-11 11:19:06,734] [builder.py:2148]           [INFO]     | 1/3 | Lord of the Rings Collection | = | Le Seigneur des anneaux I : La Communaute de l'anneau (2001) |
[2022-10-11 11:19:06,734] [builder.py:2148]           [INFO]     | 2/3 | Lord of the Rings Collection | = | Le Seigneur des anneaux II : Les Deux Tours (2002)        |
[2022-10-11 11:19:06,734] [builder.py:2148]           [INFO]     | 3/3 | Lord of the Rings Collection | = | Le Seigneur des anneaux III : Le Retour du roi (2003)     |
[2022-10-11 11:19:06,734] [builder.py:2168]           [INFO]     |                                                                                                    |
[2022-10-11 11:19:06,734] [builder.py:2170]           [INFO]     | 3 Movies Processed 0 Movies Added                                                                  |
[2022-10-11 11:19:06,741] [builder.py:2521]           [INFO]     |                                                                                                    |
[2022-10-11 11:19:06,742] [builder.py:2522]           [INFO]     |========================= Updating Details of Lord of the Rings Collection =========================|
[2022-10-11 11:19:06,742] [builder.py:2523]           [INFO]     |                                                                                                    |
[2022-10-11 11:19:06,753] [builder.py:2589]           [INFO]     | Collection Metadata Edits                                                                          |
[2022-10-11 11:19:06,753] [builder.py:2660]           [WARNING]  | Asset Warning: Unable to find asset folder: 'Lord of the Rings'                                    |
[2022-10-11 11:19:06,753] [util.py:171]               [DEBUG]    | 2 posters found:                                                                                   |
[2022-10-11 11:19:06,754] [util.py:173]               [DEBUG]    | Method: tmdb_collection_details Poster: https://image.tmdb.org/t/p/original/geSEwZ1hHjI2uv4Vb4dQrD2grnG.jpg |
[2022-10-11 11:19:06,754] [util.py:173]               [DEBUG]    | Method: url_poster Poster: https://www.themoviedb.org/t/p/original/oENY593nKRVL2PnxXsMtlh8izb4.jpg |
[2022-10-11 11:19:06,754] [util.py:171]               [DEBUG]    | 1 background found:                                                                                |
[2022-10-11 11:19:06,754] [util.py:173]               [DEBUG]    | Method: tmdb_collection_details Background: https://image.tmdb.org/t/p/original/bccR2CGTWVVSZAG0yqmy3DIvhTX.jpg |
[2022-10-11 11:19:06,755] [library.py:173]            [INFO]     | Detail: poster update not needed                                                                   |
[2022-10-11 11:19:06,756] [library.py:189]            [INFO]     | Detail: background update not needed                                                               |
[2022-10-11 11:19:06,964] [plex_meta_manager.py:708]  [INFO]     |                                                                                                    |
[2022-10-11 11:19:06,964] [plex_meta_manager.py:709]  [INFO]     |====================================================================================================|
[2022-10-11 11:19:06,964] [plex_meta_manager.py:709]  [INFO]     |                               Finished Lord of the Rings Collection                                |
[2022-10-11 11:19:06,964] [plex_meta_manager.py:709]  [INFO]     |                                    Collection Run Time: 0:00:00                                    |
[2022-10-11 11:19:06,965] [plex_meta_manager.py:709]  [INFO]     |====================================================================================================|
