[2022-10-08 13:05:01,163] [builder.py:197]            [INFO]     |====================================================================================================|
[2022-10-08 13:05:01,164] [builder.py:197]            [INFO]     |                          The Lord of the Rings Collection in Z. 1 - Films                          |
[2022-10-08 13:05:01,164] [builder.py:197]            [INFO]     |====================================================================================================|
[2022-10-08 13:05:01,164] [builder.py:198]            [INFO]     |                                                                                                    |
[2022-10-08 13:05:01,164] [builder.py:203]            [INFO]     |================================ Building Definition From Templates ================================|
[2022-10-08 13:05:01,164] [builder.py:211]            [DEBUG]    |                                                                                                    |
[2022-10-08 13:05:01,164] [meta.py:128]               [DEBUG]    | Template TMDb Collections                                                                          |
[2022-10-08 13:05:01,164] [meta.py:129]               [DEBUG]    | Call: {'value': ['119'], 'tmdb_collection': ['119'], 'key_name': 'The Lord of the Rings', 'key': '119', 'name': 'TMDb Collections'} |
[2022-10-08 13:05:01,165] [meta.py:304]               [DEBUG]    |                                                                                                    |
[2022-10-08 13:05:01,165] [meta.py:305]               [DEBUG]    | Variables: {'value': ['119'], 'tmdb_collection': ['119'], 'key_name': 'The Lord of the Rings', 'key': '119', 'name': 'TMDb Collections', 'collection_name': 'The Lord of the Rings', 'mapping_name': 'The Lord of the Rings', 'library_type': 'movie', 'library_name': 'Z. 1 - Films', 'value_encoded': '%5B%27119%27%5D', 'tmdb_collection_encoded': '%5B%27119%27%5D', 'key_name_encoded': 'The%20Lord%20of%20the%20Rings', 'key_encoded': '119', 'name_encoded': 'TMDb%20Collections', 'collection_name_encoded': 'The%20Lord%20of%20the%20Rings', 'mapping_name_encoded': 'The%20Lord%20of%20the%20Rings', 'library_type_encoded': 'movie', 'library_name_encoded': 'Z.%201%20-%20Films', 'collection_sort': 'The Lord of the Rings'} |
[2022-10-08 13:05:01,165] [meta.py:306]               [DEBUG]    |                                                                                                    |
[2022-10-08 13:05:01,165] [meta.py:307]               [DEBUG]    | Defaults: {}                                                                                       |
[2022-10-08 13:05:01,165] [meta.py:308]               [DEBUG]    |                                                                                                    |
[2022-10-08 13:05:01,165] [meta.py:309]               [DEBUG]    | Optional: []                                                                                       |
[2022-10-08 13:05:01,166] [meta.py:370]               [DEBUG]    |                                                                                                    |
[2022-10-08 13:05:01,166] [meta.py:371]               [DEBUG]    | Final Template Attributes: {'tmdb_collection_details': ['119'], 'minimum_items': 2}                |
[2022-10-08 13:05:01,166] [meta.py:372]               [DEBUG]    |                                                                                                    |
[2022-10-08 13:05:01,166] [builder.py:219]            [INFO]     |=========================== Validating The Lord of the Rings Attributes ============================|
[2022-10-08 13:05:01,166] [builder.py:627]            [DEBUG]    |                                                                                                    |
[2022-10-08 13:05:01,166] [builder.py:631]            [DEBUG]    | Validating Method: label                                                                           |
[2022-10-08 13:05:01,167] [builder.py:632]            [DEBUG]    | Value: TMDb Collections                                                                            |
[2022-10-08 13:05:01,167] [builder.py:627]            [DEBUG]    |                                                                                                    |
[2022-10-08 13:05:01,167] [builder.py:631]            [DEBUG]    | Validating Method: tmdb_collection_details                                                         |
[2022-10-08 13:05:01,167] [builder.py:632]            [DEBUG]    | Value: ['119']                                                                                     |
[2022-10-08 13:05:01,181] [builder.py:627]            [DEBUG]    |                                                                                                    |
[2022-10-08 13:05:01,181] [builder.py:631]            [DEBUG]    | Validating Method: minimum_items                                                                   |
[2022-10-08 13:05:01,182] [builder.py:632]            [DEBUG]    | Value: 2                                                                                           |
[2022-10-08 13:05:01,347] [builder.py:797]            [INFO]     |                                                                                                    |
[2022-10-08 13:05:01,347] [builder.py:798]            [INFO]     | Validation Successful                                                                              |
[2022-10-08 13:05:01,347] [plex_meta_manager.py:561]  [INFO]     |                                                                                                    |
[2022-10-08 13:05:01,347] [plex_meta_manager.py:563]  [INFO]     |============================= Running The Lord of the Rings Collection =============================|
[2022-10-08 13:05:01,347] [plex_meta_manager.py:575]  [INFO]     |                                                                                                    |
[2022-10-08 13:05:01,348] [plex_meta_manager.py:576]  [INFO]     | Sync Mode: append                                                                                  |
[2022-10-08 13:05:01,348] [plex_meta_manager.py:579]  [DEBUG]    |                                                                                                    |
[2022-10-08 13:05:01,348] [plex_meta_manager.py:580]  [DEBUG]    | Builder: tmdb_collection: 119                                                                      |
[2022-10-08 13:05:01,348] [plex_meta_manager.py:581]  [INFO]     |                                                                                                    |
[2022-10-08 13:05:01,353] [tmdb.py:382]               [INFO]     | Processing TMDb Collection: (119) The Lord of the Rings Collection (3 Items)                       |
[2022-10-08 13:05:01,353] [builder.py:1540]           [DEBUG]    |                                                                                                    |
[2022-10-08 13:05:01,353] [builder.py:1541]           [DEBUG]    | 3 IDs Found: [(120, 'tmdb'), (121, 'tmdb'), (122, 'tmdb')]                                         |
[2022-10-08 13:05:01,353] [builder.py:1542]           [DEBUG]    |                                                                                                    |
[2022-10-08 13:05:01,354] [builder.py:2064]           [INFO]     |                                                                                                    |
[2022-10-08 13:05:01,354] [builder.py:2065]           [INFO]     |============================ Adding to The Lord of the Rings Collection ============================|
[2022-10-08 13:05:01,354] [builder.py:2066]           [INFO]     |                                                                                                    |
[2022-10-08 13:05:01,354] [builder.py:2080]           [INFO]     | 1/3 | The Lord of the Rings Collection | = | Le Seigneur des anneaux I : La Communaute de l'anneau (2001) |
[2022-10-08 13:05:01,354] [builder.py:2080]           [INFO]     | 2/3 | The Lord of the Rings Collection | = | Le Seigneur des anneaux II : Les Deux Tours (2002)    |
[2022-10-08 13:05:01,355] [builder.py:2080]           [INFO]     | 3/3 | The Lord of the Rings Collection | = | Le Seigneur des anneaux III : Le Retour du roi (2003) |
[2022-10-08 13:05:01,355] [builder.py:2100]           [INFO]     |                                                                                                    |
[2022-10-08 13:05:01,355] [builder.py:2102]           [INFO]     | 3 Movies Processed 0 Movies Added                                                                  |
[2022-10-08 13:05:01,362] [builder.py:2441]           [INFO]     |                                                                                                    |
[2022-10-08 13:05:01,363] [builder.py:2442]           [INFO]     |======================= Updating Details of The Lord of the Rings Collection =======================|
[2022-10-08 13:05:01,363] [builder.py:2443]           [INFO]     |                                                                                                    |
[2022-10-08 13:05:01,372] [builder.py:2509]           [INFO]     | Collection Metadata Edits                                                                          |
[2022-10-08 13:05:01,372] [builder.py:2580]           [WARNING]  | Asset Warning: Unable to find asset folder: 'The Lord of the Rings'                                |
[2022-10-08 13:05:01,373] [util.py:150]               [DEBUG]    | 1 poster found:                                                                                    |
[2022-10-08 13:05:01,373] [util.py:152]               [DEBUG]    | Method: tmdb_collection_details Poster: https://image.tmdb.org/t/p/original/nSNle6UJNNuEbglNvXt67m1a1Yn.jpg |
[2022-10-08 13:05:01,373] [util.py:150]               [DEBUG]    | 1 background found:                                                                                |
[2022-10-08 13:05:01,373] [util.py:152]               [DEBUG]    | Method: tmdb_collection_details Background: https://image.tmdb.org/t/p/original/bccR2CGTWVVSZAG0yqmy3DIvhTX.jpg |
[2022-10-08 13:05:01,374] [library.py:172]            [INFO]     | Detail: poster update not needed                                                                   |
[2022-10-08 13:05:01,375] [library.py:188]            [INFO]     | Detail: background update not needed                                                               |
[2022-10-08 13:05:01,541] [plex_meta_manager.py:708]  [INFO]     |                                                                                                    |
[2022-10-08 13:05:01,542] [plex_meta_manager.py:709]  [INFO]     |====================================================================================================|
[2022-10-08 13:05:01,542] [plex_meta_manager.py:709]  [INFO]     |                             Finished The Lord of the Rings Collection                              |
[2022-10-08 13:05:01,542] [plex_meta_manager.py:709]  [INFO]     |                                    Collection Run Time: 0:00:00                                    |
[2022-10-08 13:05:01,542] [plex_meta_manager.py:709]  [INFO]     |====================================================================================================|
