[2022-10-11 09:47:47,634] [builder.py:197]            [INFO]     |====================================================================================================|
[2022-10-11 09:47:47,635] [builder.py:197]            [INFO]     |                              Warner Bros. Collection in Z. 2 - Series                              |
[2022-10-11 09:47:47,635] [builder.py:197]            [INFO]     |====================================================================================================|
[2022-10-11 09:47:47,635] [builder.py:198]            [INFO]     |                                                                                                    |
[2022-10-11 09:47:47,635] [builder.py:200]            [INFO]     | Log Folder Name: Warner Bros. is invalid using Warner Bros                                         |
[2022-10-11 09:47:47,635] [builder.py:201]            [INFO]     |                                                                                                    |
[2022-10-11 09:47:47,636] [builder.py:203]            [INFO]     |================================ Building Definition From Templates ================================|
[2022-10-11 09:47:47,636] [builder.py:211]            [DEBUG]    |                                                                                                    |
[2022-10-11 09:47:47,636] [meta.py:128]               [DEBUG]    | Template Studio                                                                                    |
[2022-10-11 09:47:47,636] [meta.py:129]               [DEBUG]    | Call: ordereddict([('name', 'Studio'), ('studio', 'Warner Animation Group, Warner Bros., Warner Bros. Animation, Warner Bros. Pictures, Warner Independent Pictures (WIP)')]) |
[2022-10-11 09:47:47,637] [meta.py:304]               [DEBUG]    |                                                                                                    |
[2022-10-11 09:47:47,637] [meta.py:305]               [DEBUG]    | Variables: ordereddict([('name', 'Studio'), ('studio', 'Warner Animation Group, Warner Bros., Warner Bros. Animation, Warner Bros. Pictures, Warner Independent Pictures (WIP)'), ('collection_name', 'Warner Bros.'), ('mapping_name', 'Warner Bros.'), ('library_type', 'show'), ('library_name', 'Z. 2 - Series'), ('name_encoded', 'Studio'), ('studio_encoded', 'Warner%20Animation%20Group%2C%20Warner%20Bros.%2C%20Warner%20Bros.%20Animation%2C%20Warner%20Bros.%20Pictures%2C%20Warner%20Independent%20Pictures%20%28WIP%29'), ('collection_name_encoded', 'Warner%20Bros.'), ('mapping_name_encoded', 'Warner%20Bros.'), ('library_type_encoded', 'show'), ('library_name_encoded', 'Z.%202%20-%20Series'), ('collection_sort', 'Warner Bros.')]) |
[2022-10-11 09:47:47,637] [meta.py:306]               [DEBUG]    |                                                                                                    |
[2022-10-11 09:47:47,637] [meta.py:307]               [DEBUG]    | Defaults: {}                                                                                       |
[2022-10-11 09:47:47,637] [meta.py:308]               [DEBUG]    |                                                                                                    |
[2022-10-11 09:47:47,638] [meta.py:309]               [DEBUG]    | Optional: []                                                                                       |
[2022-10-11 09:47:47,639] [meta.py:370]               [DEBUG]    |                                                                                                    |
[2022-10-11 09:47:47,639] [meta.py:371]               [DEBUG]    | Final Template Attributes: {'plex_search': {'studio': 'Warner Animation Group, Warner Bros., Warner Bros. Animation, Warner Bros. Pictures, Warner Independent Pictures (WIP)'}, 'sort_title': '+12_Warner Bros.', 'collection_order': 'alpha'} |
[2022-10-11 09:47:47,639] [meta.py:372]               [DEBUG]    |                                                                                                    |
[2022-10-11 09:47:47,640] [builder.py:219]            [INFO]     |================================ Validating Warner Bros. Attributes ================================|
[2022-10-11 09:47:47,640] [builder.py:609]            [DEBUG]    |                                                                                                    |
[2022-10-11 09:47:47,640] [builder.py:610]            [DEBUG]    | Validating Method: collection_order                                                                |
[2022-10-11 09:47:47,640] [builder.py:611]            [DEBUG]    | Value: alpha                                                                                       |
[2022-10-11 09:47:47,641] [builder.py:627]            [DEBUG]    |                                                                                                    |
[2022-10-11 09:47:47,641] [builder.py:631]            [DEBUG]    | Validating Method: url_poster                                                                      |
[2022-10-11 09:47:47,641] [builder.py:632]            [DEBUG]    | Value: https://raw.githubusercontent.com/MonsieurZed/poster/main/img/STUDIO_WARNER.png             |
[2022-10-11 09:47:47,807] [builder.py:828]            [WARNING]  | Collection Warning: No Poster Found at https://raw.githubusercontent.com/MonsieurZed/poster/main/img/STUDIO_WARNER.png |
[2022-10-11 09:47:47,807] [builder.py:627]            [DEBUG]    |                                                                                                    |
[2022-10-11 09:47:47,808] [builder.py:631]            [DEBUG]    | Validating Method: summary                                                                         |
[2022-10-11 09:47:47,808] [builder.py:632]            [DEBUG]    | Value: Warner Bros.is the third-oldest American movie studio in continuous operation, after Paramount Pictures was founded on May 8, 1912 as Famous Players Film Corporation, and Universal Studios founded on June 8, 1912. Warner Bros. incorporated on April 4, 1923. |
[2022-10-11 09:47:47,808] [builder.py:627]            [DEBUG]    |                                                                                                    |
[2022-10-11 09:47:47,808] [builder.py:631]            [DEBUG]    | Validating Method: plex_search                                                                     |
[2022-10-11 09:47:47,808] [builder.py:632]            [DEBUG]    | Value: {'studio': 'Warner Animation Group, Warner Bros., Warner Bros. Animation, Warner Bros. Pictures, Warner Independent Pictures (WIP)'} |
[2022-10-11 09:47:47,809] [builder.py:627]            [DEBUG]    |                                                                                                    |
[2022-10-11 09:47:47,809] [builder.py:631]            [DEBUG]    | Validating Method: sort_title                                                                      |
[2022-10-11 09:47:47,809] [builder.py:632]            [DEBUG]    | Value: +12_Warner Bros.                                                                            |
[2022-10-11 09:47:47,815] [plex.py:790]               [DEBUG]    |                                                                                                    |
[2022-10-11 09:47:47,815] [plex.py:793]               [DEBUG]    | Looking for: Warner Bros.                                                                          |
[2022-10-11 09:47:47,815] [builder.py:797]            [INFO]     |                                                                                                    |
[2022-10-11 09:47:47,815] [builder.py:798]            [INFO]     | Validation Successful                                                                              |
[2022-10-11 09:47:47,815] [plex_meta_manager.py:561]  [INFO]     |                                                                                                    |
[2022-10-11 09:47:47,816] [plex_meta_manager.py:563]  [INFO]     |================================= Running Warner Bros. Collection ==================================|
[2022-10-11 09:47:47,816] [plex_meta_manager.py:575]  [INFO]     |                                                                                                    |
[2022-10-11 09:47:47,816] [plex_meta_manager.py:576]  [INFO]     | Sync Mode: append                                                                                  |
[2022-10-11 09:47:47,816] [plex_meta_manager.py:579]  [DEBUG]    |                                                                                                    |
[2022-10-11 09:47:47,816] [plex_meta_manager.py:580]  [DEBUG]    | Builder: plex_search: (2, 'Plex Show Search\nSort By: title.asc\nFilter:\n  Match all of the following:\n    Match any of the following:\n      Studio contains Warner Animation Group, Warner Bros., Warner Bros. Animation, Warner Bros. Pictures, Warner Independent Pictures (WIP)', '?type=2&sort=titleSort&push=1&show.studio=Warner%20Animation%20Group%2C%20Warner%20Bros.%2C%20Warner%20Bros.%20Animation%2C%20Warner%20Bros.%20Pictures%2C%20Warner%20Independent%20Pictures%20%28WIP%29&pop=1') |
[2022-10-11 09:47:47,817] [plex_meta_manager.py:581]  [INFO]     |                                                                                                    |
[2022-10-11 09:47:47,817] [plex.py:819]               [INFO]     | Processing Plex Show Search                                                                        |
                                                                 | Sort By: title.asc
                                                                 | Filter:
                                                                 |   Match all of the following:
                                                                 |     Match any of the following:
                                                                 |       Studio contains Warner Animation Group, Warner Bros., Warner Bros. Animation, Warner Bros. Pictures, Warner Independent Pictures (WIP)
[2022-10-11 09:47:47,825] [plex_meta_manager.py:696]  [DEBUG]    | Traceback (most recent call last):
                                                                 |   File "//plex_meta_manager.py", line 583, in run_collection
                                                                 |     builder.filter_and_save_items(builder.gather_ids(method, value))
                                                                 |   File "/modules/builder.py", line 1492, in gather_ids
                                                                 |     ids = self.library.get_rating_keys(method, value)
                                                                 |   File "/modules/plex.py", line 862, in get_rating_keys
                                                                 |     raise Failed("Plex Error: No Items found in Plex")
                                                                 | modules.util.Failed: Plex Error: No Items found in Plex
                                                                 | 
[2022-10-11 09:47:47,826] [plex_meta_manager.py:697]  [ERROR]    | Plex Error: No Items found in Plex
[2022-10-11 09:47:47,826] [plex_meta_manager.py:708]  [INFO]     | 
[2022-10-11 09:47:47,826] [plex_meta_manager.py:709]  [INFO]     |====================================================================================================|
[2022-10-11 09:47:47,826] [plex_meta_manager.py:709]  [INFO]     |                                  Finished Warner Bros. Collection                                  |
[2022-10-11 09:47:47,827] [plex_meta_manager.py:709]  [INFO]     |                                    Collection Run Time: 0:00:00                                    |
[2022-10-11 09:47:47,827] [plex_meta_manager.py:709]  [INFO]     |====================================================================================================|
