[2022-10-11 09:13:56,594] [builder.py:197]            [INFO]     |====================================================================================================|
[2022-10-11 09:13:56,595] [builder.py:197]            [INFO]     |                               Dark Knight Collection in Z. 1 - Films                               |
[2022-10-11 09:13:56,595] [builder.py:197]            [INFO]     |====================================================================================================|
[2022-10-11 09:13:56,595] [builder.py:198]            [INFO]     |                                                                                                    |
[2022-10-11 09:13:56,595] [builder.py:203]            [INFO]     |================================ Building Definition From Templates ================================|
[2022-10-11 09:13:56,595] [builder.py:211]            [DEBUG]    |                                                                                                    |
[2022-10-11 09:13:56,596] [meta.py:128]               [DEBUG]    | Template my_template                                                                               |
[2022-10-11 09:13:56,596] [meta.py:129]               [DEBUG]    | Call: {'value': ['263'], 'tmdb_collection': ['263'], 'key_name': 'Dark Knight', 'key': '263', 'name': 'my_template'} |
[2022-10-11 09:13:56,596] [meta.py:304]               [DEBUG]    |                                                                                                    |
[2022-10-11 09:13:56,596] [meta.py:305]               [DEBUG]    | Variables: {'value': ['263'], 'tmdb_collection': ['263'], 'key_name': 'Dark Knight', 'key': '263', 'name': 'my_template', 'collection_name': 'Dark Knight', 'mapping_name': 'Dark Knight', 'library_type': 'movie', 'library_name': 'Z. 1 - Films', 'value_encoded': '%5B%27263%27%5D', 'tmdb_collection_encoded': '%5B%27263%27%5D', 'key_name_encoded': 'Dark%20Knight', 'key_encoded': '263', 'name_encoded': 'my_template', 'collection_name_encoded': 'Dark%20Knight', 'mapping_name_encoded': 'Dark%20Knight', 'library_type_encoded': 'movie', 'library_name_encoded': 'Z.%201%20-%20Films', 'collection_sort': 'Dark Knight'} |
[2022-10-11 09:13:56,596] [meta.py:306]               [DEBUG]    |                                                                                                    |
[2022-10-11 09:13:56,596] [meta.py:307]               [DEBUG]    | Defaults: {}                                                                                       |
[2022-10-11 09:13:56,596] [meta.py:308]               [DEBUG]    |                                                                                                    |
[2022-10-11 09:13:56,597] [meta.py:309]               [DEBUG]    | Optional: ['my_collection_poster', 'my_collection_poster_encoded']                                 |
[2022-10-11 09:13:56,597] [meta.py:370]               [DEBUG]    |                                                                                                    |
[2022-10-11 09:13:56,597] [meta.py:371]               [DEBUG]    | Final Template Attributes: {'tmdb_collection_details': ['263'], 'collection_order': 'release', 'collection_mode': 'hide_items'} |
[2022-10-11 09:13:56,598] [meta.py:372]               [DEBUG]    |                                                                                                    |
[2022-10-11 09:13:56,598] [builder.py:219]            [INFO]     |================================ Validating Dark Knight Attributes =================================|
[2022-10-11 09:13:56,598] [builder.py:609]            [DEBUG]    |                                                                                                    |
[2022-10-11 09:13:56,598] [builder.py:610]            [DEBUG]    | Validating Method: collection_order                                                                |
[2022-10-11 09:13:56,598] [builder.py:611]            [DEBUG]    | Value: release                                                                                     |
[2022-10-11 09:13:56,598] [builder.py:627]            [DEBUG]    |                                                                                                    |
[2022-10-11 09:13:56,598] [builder.py:631]            [DEBUG]    | Validating Method: label                                                                           |
[2022-10-11 09:13:56,598] [builder.py:632]            [DEBUG]    | Value: TMDb Collections                                                                            |
[2022-10-11 09:13:56,599] [builder.py:627]            [DEBUG]    |                                                                                                    |
[2022-10-11 09:13:56,599] [builder.py:631]            [DEBUG]    | Validating Method: tmdb_collection_details                                                         |
[2022-10-11 09:13:56,599] [builder.py:632]            [DEBUG]    | Value: ['263']                                                                                     |
[2022-10-11 09:13:56,610] [builder.py:627]            [DEBUG]    |                                                                                                    |
[2022-10-11 09:13:56,610] [builder.py:631]            [DEBUG]    | Validating Method: collection_mode                                                                 |
[2022-10-11 09:13:56,611] [builder.py:632]            [DEBUG]    | Value: hide_items                                                                                  |
[2022-10-11 09:13:56,824] [builder.py:797]            [INFO]     |                                                                                                    |
[2022-10-11 09:13:56,825] [builder.py:798]            [INFO]     | Validation Successful                                                                              |
[2022-10-11 09:13:56,825] [plex_meta_manager.py:561]  [INFO]     |                                                                                                    |
[2022-10-11 09:13:56,825] [plex_meta_manager.py:563]  [INFO]     |================================== Running Dark Knight Collection ==================================|
[2022-10-11 09:13:56,825] [plex_meta_manager.py:575]  [INFO]     |                                                                                                    |
[2022-10-11 09:13:56,825] [plex_meta_manager.py:576]  [INFO]     | Sync Mode: append                                                                                  |
[2022-10-11 09:13:56,825] [plex_meta_manager.py:579]  [DEBUG]    |                                                                                                    |
[2022-10-11 09:13:56,826] [plex_meta_manager.py:580]  [DEBUG]    | Builder: tmdb_collection: 263                                                                      |
[2022-10-11 09:13:56,826] [plex_meta_manager.py:581]  [INFO]     |                                                                                                    |
[2022-10-11 09:13:56,831] [tmdb.py:382]               [INFO]     | Processing TMDb Collection: (263) The Dark Knight - Saga (3 Items)                                 |
[2022-10-11 09:13:56,831] [builder.py:1540]           [DEBUG]    |                                                                                                    |
[2022-10-11 09:13:56,832] [builder.py:1541]           [DEBUG]    | 3 IDs Found: [(155, 'tmdb'), (49026, 'tmdb'), (272, 'tmdb')]                                       |
[2022-10-11 09:13:56,832] [builder.py:1542]           [DEBUG]    |                                                                                                    |
[2022-10-11 09:13:56,832] [builder.py:2064]           [INFO]     |                                                                                                    |
[2022-10-11 09:13:56,833] [builder.py:2065]           [INFO]     |================================= Adding to Dark Knight Collection =================================|
[2022-10-11 09:13:56,833] [builder.py:2066]           [INFO]     |                                                                                                    |
[2022-10-11 09:13:56,833] [builder.py:2080]           [INFO]     | 1/3 | Dark Knight Collection | = | The Dark Knight : Le Chevalier noir (2008)                      |
[2022-10-11 09:13:56,833] [builder.py:2080]           [INFO]     | 2/3 | Dark Knight Collection | = | The Dark Knight Rises (2012)                                    |
[2022-10-11 09:13:56,834] [builder.py:2080]           [INFO]     | 3/3 | Dark Knight Collection | = | The Dark knight : Batman Begins (2005)                          |
[2022-10-11 09:13:56,834] [builder.py:2100]           [INFO]     |                                                                                                    |
[2022-10-11 09:13:56,834] [builder.py:2102]           [INFO]     | 3 Movies Processed 0 Movies Added                                                                  |
[2022-10-11 09:13:56,841] [builder.py:2441]           [INFO]     |                                                                                                    |
[2022-10-11 09:13:56,841] [builder.py:2442]           [INFO]     |============================ Updating Details of Dark Knight Collection ============================|
[2022-10-11 09:13:56,841] [builder.py:2443]           [INFO]     |                                                                                                    |
[2022-10-11 09:13:56,850] [builder.py:2509]           [INFO]     | Collection Metadata Edits                                                                          |
[2022-10-11 09:13:56,851] [builder.py:2580]           [WARNING]  | Asset Warning: Unable to find asset folder: 'Dark Knight'                                          |
[2022-10-11 09:13:56,851] [util.py:150]               [DEBUG]    | 1 poster found:                                                                                    |
[2022-10-11 09:13:56,851] [util.py:152]               [DEBUG]    | Method: tmdb_collection_details Poster: https://image.tmdb.org/t/p/original/h4wBP8ZzGoRbWNHfPY0C27NT92e.jpg |
[2022-10-11 09:13:56,851] [util.py:150]               [DEBUG]    | 1 background found:                                                                                |
[2022-10-11 09:13:56,851] [util.py:152]               [DEBUG]    | Method: tmdb_collection_details Background: https://image.tmdb.org/t/p/original/xfKot7lqaiW4XpL5TtDlVBA9ei9.jpg |
[2022-10-11 09:13:56,852] [library.py:172]            [INFO]     | Detail: poster update not needed                                                                   |
[2022-10-11 09:13:56,853] [library.py:188]            [INFO]     | Detail: background update not needed                                                               |
[2022-10-11 09:13:57,060] [plex_meta_manager.py:708]  [INFO]     |                                                                                                    |
[2022-10-11 09:13:57,060] [plex_meta_manager.py:709]  [INFO]     |====================================================================================================|
[2022-10-11 09:13:57,061] [plex_meta_manager.py:709]  [INFO]     |                                  Finished Dark Knight Collection                                   |
[2022-10-11 09:13:57,061] [plex_meta_manager.py:709]  [INFO]     |                                    Collection Run Time: 0:00:00                                    |
[2022-10-11 09:13:57,061] [plex_meta_manager.py:709]  [INFO]     |====================================================================================================|
