[2022-10-11 09:47:44,817] [builder.py:197]            [INFO]     |====================================================================================================|
[2022-10-11 09:47:44,817] [builder.py:197]            [INFO]     |                        Sony Pictures Animation Collection in Z. 2 - Series                         |
[2022-10-11 09:47:44,817] [builder.py:197]            [INFO]     |====================================================================================================|
[2022-10-11 09:47:44,817] [builder.py:198]            [INFO]     |                                                                                                    |
[2022-10-11 09:47:44,818] [builder.py:203]            [INFO]     |================================ Building Definition From Templates ================================|
[2022-10-11 09:47:44,818] [builder.py:211]            [DEBUG]    |                                                                                                    |
[2022-10-11 09:47:44,818] [meta.py:128]               [DEBUG]    | Template Studio                                                                                    |
[2022-10-11 09:47:44,818] [meta.py:129]               [DEBUG]    | Call: ordereddict([('name', 'Studio'), ('studio', 'Sony Pictures, Sony Pictures Television')])     |
[2022-10-11 09:47:44,818] [meta.py:304]               [DEBUG]    |                                                                                                    |
[2022-10-11 09:47:44,819] [meta.py:305]               [DEBUG]    | Variables: ordereddict([('name', 'Studio'), ('studio', 'Sony Pictures, Sony Pictures Television'), ('collection_name', 'Sony Pictures Animation'), ('mapping_name', 'Sony Pictures Animation'), ('library_type', 'show'), ('library_name', 'Z. 2 - Series'), ('name_encoded', 'Studio'), ('studio_encoded', 'Sony%20Pictures%2C%20Sony%20Pictures%20Television'), ('collection_name_encoded', 'Sony%20Pictures%20Animation'), ('mapping_name_encoded', 'Sony%20Pictures%20Animation'), ('library_type_encoded', 'show'), ('library_name_encoded', 'Z.%202%20-%20Series'), ('collection_sort', 'Sony Pictures Animation')]) |
[2022-10-11 09:47:44,819] [meta.py:306]               [DEBUG]    |                                                                                                    |
[2022-10-11 09:47:44,819] [meta.py:307]               [DEBUG]    | Defaults: {}                                                                                       |
[2022-10-11 09:47:44,819] [meta.py:308]               [DEBUG]    |                                                                                                    |
[2022-10-11 09:47:44,819] [meta.py:309]               [DEBUG]    | Optional: []                                                                                       |
[2022-10-11 09:47:44,820] [meta.py:370]               [DEBUG]    |                                                                                                    |
[2022-10-11 09:47:44,820] [meta.py:371]               [DEBUG]    | Final Template Attributes: {'plex_search': {'studio': 'Sony Pictures, Sony Pictures Television'}, 'sort_title': '+12_Sony Pictures Animation', 'collection_order': 'alpha'} |
[2022-10-11 09:47:44,820] [meta.py:372]               [DEBUG]    |                                                                                                    |
[2022-10-11 09:47:44,820] [builder.py:219]            [INFO]     |========================== Validating Sony Pictures Animation Attributes ===========================|
[2022-10-11 09:47:44,821] [builder.py:609]            [DEBUG]    |                                                                                                    |
[2022-10-11 09:47:44,821] [builder.py:610]            [DEBUG]    | Validating Method: collection_order                                                                |
[2022-10-11 09:47:44,821] [builder.py:611]            [DEBUG]    | Value: alpha                                                                                       |
[2022-10-11 09:47:44,821] [builder.py:627]            [DEBUG]    |                                                                                                    |
[2022-10-11 09:47:44,821] [builder.py:631]            [DEBUG]    | Validating Method: url_poster                                                                      |
[2022-10-11 09:47:44,821] [builder.py:632]            [DEBUG]    | Value: https://raw.githubusercontent.com/MonsieurZed/poster/main/img/STUDIO_SPA.png                |
[2022-10-11 09:47:44,998] [builder.py:627]            [DEBUG]    |                                                                                                    |
[2022-10-11 09:47:44,999] [builder.py:631]            [DEBUG]    | Validating Method: summary                                                                         |
[2022-10-11 09:47:44,999] [builder.py:632]            [DEBUG]    | Value: Sony Pictures Animation Inc. is an American animation studio owned by Sony Entertainment's Sony Pictures Entertainment through their Motion Picture Group division and founded on May 9, 2002. The studio's films are distributed worldwide by Sony Pictures Releasing under their Columbia Pictures label, while all direct-to-video releases are released by Sony Pictures Home Entertainment. |
[2022-10-11 09:47:44,999] [builder.py:627]            [DEBUG]    |                                                                                                    |
[2022-10-11 09:47:45,000] [builder.py:631]            [DEBUG]    | Validating Method: plex_search                                                                     |
[2022-10-11 09:47:45,000] [builder.py:632]            [DEBUG]    | Value: {'studio': 'Sony Pictures, Sony Pictures Television'}                                       |
[2022-10-11 09:47:45,000] [builder.py:627]            [DEBUG]    |                                                                                                    |
[2022-10-11 09:47:45,000] [builder.py:631]            [DEBUG]    | Validating Method: sort_title                                                                      |
[2022-10-11 09:47:45,001] [builder.py:632]            [DEBUG]    | Value: +12_Sony Pictures Animation                                                                 |
[2022-10-11 09:47:45,006] [plex.py:790]               [DEBUG]    |                                                                                                    |
[2022-10-11 09:47:45,006] [plex.py:793]               [DEBUG]    | Looking for: Sony Pictures Animation                                                               |
[2022-10-11 09:47:45,007] [builder.py:797]            [INFO]     |                                                                                                    |
[2022-10-11 09:47:45,007] [builder.py:798]            [INFO]     | Validation Successful                                                                              |
[2022-10-11 09:47:45,007] [plex_meta_manager.py:561]  [INFO]     |                                                                                                    |
[2022-10-11 09:47:45,007] [plex_meta_manager.py:563]  [INFO]     |============================ Running Sony Pictures Animation Collection ============================|
[2022-10-11 09:47:45,007] [plex_meta_manager.py:575]  [INFO]     |                                                                                                    |
[2022-10-11 09:47:45,008] [plex_meta_manager.py:576]  [INFO]     | Sync Mode: append                                                                                  |
[2022-10-11 09:47:45,008] [plex_meta_manager.py:579]  [DEBUG]    |                                                                                                    |
[2022-10-11 09:47:45,008] [plex_meta_manager.py:580]  [DEBUG]    | Builder: plex_search: (2, 'Plex Show Search\nSort By: title.asc\nFilter:\n  Match all of the following:\n    Match any of the following:\n      Studio contains Sony Pictures, Sony Pictures Television', '?type=2&sort=titleSort&push=1&show.studio=Sony%20Pictures%2C%20Sony%20Pictures%20Television&pop=1') |
[2022-10-11 09:47:45,008] [plex_meta_manager.py:581]  [INFO]     |                                                                                                    |
[2022-10-11 09:47:45,008] [plex.py:819]               [INFO]     | Processing Plex Show Search                                                                        |
                                                                 | Sort By: title.asc
                                                                 | Filter:
                                                                 |   Match all of the following:
                                                                 |     Match any of the following:
                                                                 |       Studio contains Sony Pictures, Sony Pictures Television
[2022-10-11 09:47:45,028] [plex.py:864]               [DEBUG]    | 
[2022-10-11 09:47:45,028] [plex.py:865]               [DEBUG]    | 6 Keys Found: [(32370, 'ratingKey'), (84103, 'ratingKey'), (83861, 'ratingKey'), (83443, 'ratingKey'), (84891, 'ratingKey'), (84257, 'ratingKey')]
[2022-10-11 09:47:45,028] [builder.py:1540]           [DEBUG]    | 
[2022-10-11 09:47:45,029] [builder.py:1541]           [DEBUG]    | 6 IDs Found: [(32370, 'ratingKey'), (84103, 'ratingKey'), (83861, 'ratingKey'), (83443, 'ratingKey'), (84891, 'ratingKey'), (84257, 'ratingKey')]
[2022-10-11 09:47:45,029] [builder.py:1542]           [DEBUG]    | 
[2022-10-11 09:47:45,029] [builder.py:2064]           [INFO]     | 
[2022-10-11 09:47:45,029] [builder.py:2065]           [INFO]     |=========================== Adding to Sony Pictures Animation Collection ===========================|
[2022-10-11 09:47:45,029] [builder.py:2066]           [INFO]     |                                                                                                    |
[2022-10-11 09:47:45,030] [builder.py:2080]           [INFO]     | 1/6 | Sony Pictures Animation Collection | + | Better Call Saul                                    |
[2022-10-11 09:47:45,293] [builder.py:2080]           [INFO]     | 2/6 | Sony Pictures Animation Collection | + | For All Mankind                                     |
[2022-10-11 09:47:45,602] [builder.py:2080]           [INFO]     | 3/6 | Sony Pictures Animation Collection | + | Future Man                                          |
[2022-10-11 09:47:45,765] [builder.py:2080]           [INFO]     | 4/6 | Sony Pictures Animation Collection | + | Justified                                           |
[2022-10-11 09:47:46,078] [builder.py:2080]           [INFO]     | 5/6 | Sony Pictures Animation Collection | + | Les Jeunes Aventuriers                              |
[2022-10-11 09:47:46,202] [builder.py:2080]           [INFO]     | 6/6 | Sony Pictures Animation Collection | + | Them                                                |
[2022-10-11 09:47:46,530] [builder.py:2100]           [INFO]     |                                                                                                    |
[2022-10-11 09:47:46,530] [builder.py:2102]           [INFO]     | 6 Shows Processed 6 Shows Added                                                                    |
[2022-10-11 09:47:46,536] [builder.py:2441]           [INFO]     |                                                                                                    |
[2022-10-11 09:47:46,537] [builder.py:2442]           [INFO]     |====================== Updating Details of Sony Pictures Animation Collection ======================|
[2022-10-11 09:47:46,537] [builder.py:2443]           [INFO]     |                                                                                                    |
[2022-10-11 09:47:46,771] [builder.py:2509]           [INFO]     | Collection Metadata Edits                                                                          |
                                                                 | Summary (summary) | Sony Pictures Animation Inc. is an American animation studio owned by Sony Entertainment's Sony Pictures Entertainment through their Motion Picture Group division and founded on May 9, 2002. The studio's films are distributed worldwide by Sony Pictures Releasing under their Columbia Pictures label, while all direct-to-video releases are released by Sony Pictures Home Entertainment.
                                                                 | Sort Title | +12_Sony Pictures Animation
                                                                 | Label | +PMM
[2022-10-11 09:47:47,020] [builder.py:2513]           [INFO]     | Details: have been updated
[2022-10-11 09:47:47,020] [builder.py:2517]           [INFO]     | 
[2022-10-11 09:47:47,258] [builder.py:2540]           [INFO]     | Collection Order | alpha
[2022-10-11 09:47:47,258] [builder.py:2580]           [WARNING]  | Asset Warning: Unable to find asset folder: 'Sony Pictures Animation'
[2022-10-11 09:47:47,258] [util.py:150]               [DEBUG]    | 1 poster found:
[2022-10-11 09:47:47,259] [util.py:152]               [DEBUG]    | Method: url_poster Poster: https://raw.githubusercontent.com/MonsieurZed/poster/main/img/STUDIO_SPA.png
[2022-10-11 09:47:47,313] [library.py:170]            [INFO]     | Detail: url_poster updated poster to [URL] https://raw.githubusercontent.com/MonsieurZed/poster/main/img/STUDIO_SPA.png
[2022-10-11 09:47:47,407] [plex_meta_manager.py:708]  [INFO]     | 
[2022-10-11 09:47:47,407] [plex_meta_manager.py:709]  [INFO]     |====================================================================================================|
[2022-10-11 09:47:47,407] [plex_meta_manager.py:709]  [INFO]     |                            Finished Sony Pictures Animation Collection                             |
[2022-10-11 09:47:47,408] [plex_meta_manager.py:709]  [INFO]     |                                    Collection Run Time: 0:00:02                                    |
[2022-10-11 09:47:47,408] [plex_meta_manager.py:709]  [INFO]     |====================================================================================================|
