[2022-10-11 11:20:36,564] [builder.py:200]            [INFO]     |====================================================================================================|
[2022-10-11 11:20:36,564] [builder.py:200]            [INFO]     |                              Z-O-M-B-I-E-S Collection in Z. 1 - Films                              |
[2022-10-11 11:20:36,564] [builder.py:200]            [INFO]     |====================================================================================================|
[2022-10-11 11:20:36,564] [builder.py:201]            [INFO]     |                                                                                                    |
[2022-10-11 11:20:36,564] [builder.py:206]            [INFO]     |================================ Building Definition From Templates ================================|
[2022-10-11 11:20:36,564] [builder.py:222]            [DEBUG]    |                                                                                                    |
[2022-10-11 11:20:36,565] [meta.py:128]               [DEBUG]    | Template my_template                                                                               |
[2022-10-11 11:20:36,565] [meta.py:129]               [DEBUG]    | Call: {'value': ['683698'], 'tmdb_collection': ['683698'], 'key_name': 'Z-O-M-B-I-E-S', 'key': '683698', 'name': 'my_template'} |
[2022-10-11 11:20:36,565] [meta.py:304]               [DEBUG]    |                                                                                                    |
[2022-10-11 11:20:36,565] [meta.py:305]               [DEBUG]    | Variables: {'value': ['683698'], 'tmdb_collection': ['683698'], 'key_name': 'Z-O-M-B-I-E-S', 'key': '683698', 'name': 'my_template', 'collection_name': 'Z-O-M-B-I-E-S', 'mapping_name': 'Z-O-M-B-I-E-S', 'library_type': 'movie', 'library_name': 'Z. 1 - Films', 'value_encoded': '%5B%27683698%27%5D', 'tmdb_collection_encoded': '%5B%27683698%27%5D', 'key_name_encoded': 'Z-O-M-B-I-E-S', 'key_encoded': '683698', 'name_encoded': 'my_template', 'collection_name_encoded': 'Z-O-M-B-I-E-S', 'mapping_name_encoded': 'Z-O-M-B-I-E-S', 'library_type_encoded': 'movie', 'library_name_encoded': 'Z.%201%20-%20Films', 'collection_sort': 'Z-O-M-B-I-E-S'} |
[2022-10-11 11:20:36,565] [meta.py:306]               [DEBUG]    |                                                                                                    |
[2022-10-11 11:20:36,565] [meta.py:307]               [DEBUG]    | Defaults: {}                                                                                       |
[2022-10-11 11:20:36,565] [meta.py:308]               [DEBUG]    |                                                                                                    |
[2022-10-11 11:20:36,566] [meta.py:309]               [DEBUG]    | Optional: ['my_collection_poster', 'my_collection_poster_encoded']                                 |
[2022-10-11 11:20:36,567] [meta.py:370]               [DEBUG]    |                                                                                                    |
[2022-10-11 11:20:36,567] [meta.py:371]               [DEBUG]    | Final Template Attributes: {'tmdb_collection_details': ['683698'], 'collection_order': 'release', 'collection_mode': 'hide_items', 'sort_title': '+C1_Z-O-M-B-I-E-S'} |
[2022-10-11 11:20:36,567] [meta.py:372]               [DEBUG]    |                                                                                                    |
[2022-10-11 11:20:36,567] [builder.py:230]            [INFO]     |=============================== Validating Z-O-M-B-I-E-S Attributes ================================|
[2022-10-11 11:20:36,567] [builder.py:620]            [DEBUG]    |                                                                                                    |
[2022-10-11 11:20:36,567] [builder.py:621]            [DEBUG]    | Validating Method: collection_order                                                                |
[2022-10-11 11:20:36,567] [builder.py:622]            [DEBUG]    | Value: release                                                                                     |
[2022-10-11 11:20:36,568] [builder.py:653]            [DEBUG]    |                                                                                                    |
[2022-10-11 11:20:36,568] [builder.py:657]            [DEBUG]    | Validating Method: label                                                                           |
[2022-10-11 11:20:36,568] [builder.py:658]            [DEBUG]    | Value: TMDb Collections                                                                            |
[2022-10-11 11:20:36,568] [builder.py:653]            [DEBUG]    |                                                                                                    |
[2022-10-11 11:20:36,568] [builder.py:657]            [DEBUG]    | Validating Method: tmdb_collection_details                                                         |
[2022-10-11 11:20:36,568] [builder.py:658]            [DEBUG]    | Value: ['683698']                                                                                  |
[2022-10-11 11:20:36,585] [builder.py:653]            [DEBUG]    |                                                                                                    |
[2022-10-11 11:20:36,585] [builder.py:657]            [DEBUG]    | Validating Method: collection_mode                                                                 |
[2022-10-11 11:20:36,585] [builder.py:658]            [DEBUG]    | Value: hide_items                                                                                  |
[2022-10-11 11:20:36,586] [builder.py:653]            [DEBUG]    |                                                                                                    |
[2022-10-11 11:20:36,586] [builder.py:657]            [DEBUG]    | Validating Method: sort_title                                                                      |
[2022-10-11 11:20:36,586] [builder.py:658]            [DEBUG]    | Value: +C1_Z-O-M-B-I-E-S                                                                           |
[2022-10-11 11:20:36,593] [plex.py:803]               [DEBUG]    |                                                                                                    |
[2022-10-11 11:20:36,593] [plex.py:806]               [DEBUG]    | Looking for: Z-O-M-B-I-E-S                                                                         |
[2022-10-11 11:20:36,593] [builder.py:823]            [INFO]     |                                                                                                    |
[2022-10-11 11:20:36,594] [builder.py:824]            [INFO]     | Validation Successful                                                                              |
[2022-10-11 11:20:36,594] [plex_meta_manager.py:561]  [INFO]     |                                                                                                    |
[2022-10-11 11:20:36,594] [plex_meta_manager.py:563]  [INFO]     |================================= Running Z-O-M-B-I-E-S Collection =================================|
[2022-10-11 11:20:36,594] [plex_meta_manager.py:575]  [INFO]     |                                                                                                    |
[2022-10-11 11:20:36,594] [plex_meta_manager.py:576]  [INFO]     | Sync Mode: append                                                                                  |
[2022-10-11 11:20:36,594] [plex_meta_manager.py:579]  [DEBUG]    |                                                                                                    |
[2022-10-11 11:20:36,594] [plex_meta_manager.py:580]  [DEBUG]    | Builder: tmdb_collection: 683698                                                                   |
[2022-10-11 11:20:36,595] [plex_meta_manager.py:581]  [INFO]     |                                                                                                    |
[2022-10-11 11:20:36,600] [tmdb.py:381]               [INFO]     | Processing TMDb Collection: (683698) Z-O-M-B-I-E-S Collection (3 Items)                            |
[2022-10-11 11:20:36,600] [builder.py:1581]           [DEBUG]    |                                                                                                    |
[2022-10-11 11:20:36,600] [builder.py:1582]           [DEBUG]    | 3 IDs Found: [(483980, 'tmdb'), (599521, 'tmdb'), (809107, 'tmdb')]                                |
[2022-10-11 11:20:36,601] [builder.py:1583]           [DEBUG]    |                                                                                                    |
[2022-10-11 11:20:36,601] [builder.py:2300]           [INFO]     |                                                                                                    |
[2022-10-11 11:20:36,601] [builder.py:2301]           [INFO]     |============================ Missing Movies from Library: Z. 1 - Films =============================|
[2022-10-11 11:20:36,601] [builder.py:2302]           [INFO]     |                                                                                                    |
[2022-10-11 11:20:36,615] [builder.py:2315]           [INFO]     | Z-O-M-B-I-E-S Collection | ? | Z-O-M-B-I-E-S 2 (2020) (TMDb: 599521)                               |
[2022-10-11 11:20:36,639] [builder.py:2315]           [INFO]     | Z-O-M-B-I-E-S Collection | ? | Z-O-M-B-I-E-S 3 (2022) (TMDb: 809107)                               |
[2022-10-11 11:20:36,640] [builder.py:2320]           [INFO]     |                                                                                                    |
[2022-10-11 11:20:36,640] [builder.py:2321]           [INFO]     | 2 Movies Missing                                                                                   |
[2022-10-11 11:20:36,720] [plex_meta_manager.py:624]  [INFO]     |                                                                                                    |
[2022-10-11 11:20:36,721] [plex_meta_manager.py:625]  [INFO]     | Collection Minimum: 2 not met for Z-O-M-B-I-E-S Collection                                         |
[2022-10-11 11:20:36,721] [plex_meta_manager.py:708]  [INFO]     |                                                                                                    |
[2022-10-11 11:20:36,721] [plex_meta_manager.py:709]  [INFO]     |====================================================================================================|
[2022-10-11 11:20:36,721] [plex_meta_manager.py:709]  [INFO]     |                                 Finished Z-O-M-B-I-E-S Collection                                  |
[2022-10-11 11:20:36,721] [plex_meta_manager.py:709]  [INFO]     |                                    Collection Run Time: 0:00:00                                    |
[2022-10-11 11:20:36,722] [plex_meta_manager.py:709]  [INFO]     |====================================================================================================|
