[2022-10-11 11:18:21,351] [builder.py:200]            [INFO]     |====================================================================================================|
[2022-10-11 11:18:21,351] [builder.py:200]            [INFO]     |                             Robert Langdon Collection in Z. 1 - Films                              |
[2022-10-11 11:18:21,351] [builder.py:200]            [INFO]     |====================================================================================================|
[2022-10-11 11:18:21,351] [builder.py:201]            [INFO]     |                                                                                                    |
[2022-10-11 11:18:21,351] [builder.py:206]            [INFO]     |================================ Building Definition From Templates ================================|
[2022-10-11 11:18:21,352] [builder.py:222]            [DEBUG]    |                                                                                                    |
[2022-10-11 11:18:21,352] [meta.py:128]               [DEBUG]    | Template my_template                                                                               |
[2022-10-11 11:18:21,352] [meta.py:129]               [DEBUG]    | Call: {'value': ['115776'], 'tmdb_collection': ['115776'], 'key_name': 'Robert Langdon', 'key': '115776', 'name': 'my_template'} |
[2022-10-11 11:18:21,352] [meta.py:304]               [DEBUG]    |                                                                                                    |
[2022-10-11 11:18:21,352] [meta.py:305]               [DEBUG]    | Variables: {'value': ['115776'], 'tmdb_collection': ['115776'], 'key_name': 'Robert Langdon', 'key': '115776', 'name': 'my_template', 'collection_name': 'Robert Langdon', 'mapping_name': 'Robert Langdon', 'library_type': 'movie', 'library_name': 'Z. 1 - Films', 'value_encoded': '%5B%27115776%27%5D', 'tmdb_collection_encoded': '%5B%27115776%27%5D', 'key_name_encoded': 'Robert%20Langdon', 'key_encoded': '115776', 'name_encoded': 'my_template', 'collection_name_encoded': 'Robert%20Langdon', 'mapping_name_encoded': 'Robert%20Langdon', 'library_type_encoded': 'movie', 'library_name_encoded': 'Z.%201%20-%20Films', 'collection_sort': 'Robert Langdon'} |
[2022-10-11 11:18:21,352] [meta.py:306]               [DEBUG]    |                                                                                                    |
[2022-10-11 11:18:21,353] [meta.py:307]               [DEBUG]    | Defaults: {}                                                                                       |
[2022-10-11 11:18:21,353] [meta.py:308]               [DEBUG]    |                                                                                                    |
[2022-10-11 11:18:21,353] [meta.py:309]               [DEBUG]    | Optional: ['my_collection_poster', 'my_collection_poster_encoded']                                 |
[2022-10-11 11:18:21,354] [meta.py:370]               [DEBUG]    |                                                                                                    |
[2022-10-11 11:18:21,354] [meta.py:371]               [DEBUG]    | Final Template Attributes: {'tmdb_collection_details': ['115776'], 'collection_order': 'release', 'collection_mode': 'hide_items', 'sort_title': '+C1_Robert Langdon'} |
[2022-10-11 11:18:21,354] [meta.py:372]               [DEBUG]    |                                                                                                    |
[2022-10-11 11:18:21,354] [builder.py:230]            [INFO]     |=============================== Validating Robert Langdon Attributes ===============================|
[2022-10-11 11:18:21,354] [builder.py:620]            [DEBUG]    |                                                                                                    |
[2022-10-11 11:18:21,354] [builder.py:621]            [DEBUG]    | Validating Method: collection_order                                                                |
[2022-10-11 11:18:21,355] [builder.py:622]            [DEBUG]    | Value: release                                                                                     |
[2022-10-11 11:18:21,355] [builder.py:653]            [DEBUG]    |                                                                                                    |
[2022-10-11 11:18:21,355] [builder.py:657]            [DEBUG]    | Validating Method: label                                                                           |
[2022-10-11 11:18:21,355] [builder.py:658]            [DEBUG]    | Value: TMDb Collections                                                                            |
[2022-10-11 11:18:21,355] [builder.py:653]            [DEBUG]    |                                                                                                    |
[2022-10-11 11:18:21,355] [builder.py:657]            [DEBUG]    | Validating Method: tmdb_collection_details                                                         |
[2022-10-11 11:18:21,356] [builder.py:658]            [DEBUG]    | Value: ['115776']                                                                                  |
[2022-10-11 11:18:21,368] [builder.py:653]            [DEBUG]    |                                                                                                    |
[2022-10-11 11:18:21,369] [builder.py:657]            [DEBUG]    | Validating Method: collection_mode                                                                 |
[2022-10-11 11:18:21,369] [builder.py:658]            [DEBUG]    | Value: hide_items                                                                                  |
[2022-10-11 11:18:21,369] [builder.py:653]            [DEBUG]    |                                                                                                    |
[2022-10-11 11:18:21,369] [builder.py:657]            [DEBUG]    | Validating Method: sort_title                                                                      |
[2022-10-11 11:18:21,369] [builder.py:658]            [DEBUG]    | Value: +C1_Robert Langdon                                                                          |
[2022-10-11 11:18:21,568] [builder.py:823]            [INFO]     |                                                                                                    |
[2022-10-11 11:18:21,568] [builder.py:824]            [INFO]     | Validation Successful                                                                              |
[2022-10-11 11:18:21,569] [plex_meta_manager.py:561]  [INFO]     |                                                                                                    |
[2022-10-11 11:18:21,569] [plex_meta_manager.py:563]  [INFO]     |================================ Running Robert Langdon Collection =================================|
[2022-10-11 11:18:21,569] [plex_meta_manager.py:575]  [INFO]     |                                                                                                    |
[2022-10-11 11:18:21,569] [plex_meta_manager.py:576]  [INFO]     | Sync Mode: append                                                                                  |
[2022-10-11 11:18:21,569] [plex_meta_manager.py:579]  [DEBUG]    |                                                                                                    |
[2022-10-11 11:18:21,570] [plex_meta_manager.py:580]  [DEBUG]    | Builder: tmdb_collection: 115776                                                                   |
[2022-10-11 11:18:21,570] [plex_meta_manager.py:581]  [INFO]     |                                                                                                    |
[2022-10-11 11:18:21,576] [tmdb.py:381]               [INFO]     | Processing TMDb Collection: (115776) Robert Langdon - Saga (3 Items)                               |
[2022-10-11 11:18:21,576] [builder.py:1581]           [DEBUG]    |                                                                                                    |
[2022-10-11 11:18:21,576] [builder.py:1582]           [DEBUG]    | 3 IDs Found: [(591, 'tmdb'), (13448, 'tmdb'), (207932, 'tmdb')]                                    |
[2022-10-11 11:18:21,576] [builder.py:1583]           [DEBUG]    |                                                                                                    |
[2022-10-11 11:18:21,576] [builder.py:2132]           [INFO]     |                                                                                                    |
[2022-10-11 11:18:21,577] [builder.py:2133]           [INFO]     |=============================== Adding to Robert Langdon Collection ================================|
[2022-10-11 11:18:21,577] [builder.py:2134]           [INFO]     |                                                                                                    |
[2022-10-11 11:18:21,577] [builder.py:2148]           [INFO]     | 1/3 | Robert Langdon Collection | = | Da Vinci Code (2006)                                         |
[2022-10-11 11:18:21,578] [builder.py:2148]           [INFO]     | 2/3 | Robert Langdon Collection | = | Anges et Démons (2009)                                       |
[2022-10-11 11:18:21,578] [builder.py:2148]           [INFO]     | 3/3 | Robert Langdon Collection | = | Inferno (2016)                                               |
[2022-10-11 11:18:21,578] [builder.py:2168]           [INFO]     |                                                                                                    |
[2022-10-11 11:18:21,578] [builder.py:2170]           [INFO]     | 3 Movies Processed 0 Movies Added                                                                  |
[2022-10-11 11:18:21,587] [builder.py:2521]           [INFO]     |                                                                                                    |
[2022-10-11 11:18:21,587] [builder.py:2522]           [INFO]     |========================== Updating Details of Robert Langdon Collection ===========================|
[2022-10-11 11:18:21,588] [builder.py:2523]           [INFO]     |                                                                                                    |
[2022-10-11 11:18:21,597] [builder.py:2589]           [INFO]     | Collection Metadata Edits                                                                          |
[2022-10-11 11:18:21,598] [builder.py:2660]           [WARNING]  | Asset Warning: Unable to find asset folder: 'Robert Langdon'                                       |
[2022-10-11 11:18:21,598] [util.py:171]               [DEBUG]    | 1 poster found:                                                                                    |
[2022-10-11 11:18:21,598] [util.py:173]               [DEBUG]    | Method: tmdb_collection_details Poster: https://image.tmdb.org/t/p/original/mZDeXsVhBxnWD3tGOQ69vKS3WYL.jpg |
[2022-10-11 11:18:21,598] [util.py:171]               [DEBUG]    | 1 background found:                                                                                |
[2022-10-11 11:18:21,599] [util.py:173]               [DEBUG]    | Method: tmdb_collection_details Background: https://image.tmdb.org/t/p/original/j1IqpLhCypllamjKe6C2RstjfEQ.jpg |
[2022-10-11 11:18:21,600] [library.py:173]            [INFO]     | Detail: poster update not needed                                                                   |
[2022-10-11 11:18:21,601] [library.py:189]            [INFO]     | Detail: background update not needed                                                               |
[2022-10-11 11:18:21,800] [plex_meta_manager.py:708]  [INFO]     |                                                                                                    |
[2022-10-11 11:18:21,801] [plex_meta_manager.py:709]  [INFO]     |====================================================================================================|
[2022-10-11 11:18:21,801] [plex_meta_manager.py:709]  [INFO]     |                                 Finished Robert Langdon Collection                                 |
[2022-10-11 11:18:21,801] [plex_meta_manager.py:709]  [INFO]     |                                    Collection Run Time: 0:00:00                                    |
[2022-10-11 11:18:21,801] [plex_meta_manager.py:709]  [INFO]     |====================================================================================================|
