[2022-10-11 09:13:31,912] [builder.py:197]            [INFO]     |====================================================================================================|
[2022-10-11 09:13:31,912] [builder.py:197]            [INFO]     |                                 Aquaman Collection in Z. 1 - Films                                 |
[2022-10-11 09:13:31,913] [builder.py:197]            [INFO]     |====================================================================================================|
[2022-10-11 09:13:31,913] [builder.py:198]            [INFO]     |                                                                                                    |
[2022-10-11 09:13:31,913] [builder.py:203]            [INFO]     |================================ Building Definition From Templates ================================|
[2022-10-11 09:13:31,913] [builder.py:211]            [DEBUG]    |                                                                                                    |
[2022-10-11 09:13:31,913] [meta.py:128]               [DEBUG]    | Template my_template                                                                               |
[2022-10-11 09:13:31,913] [meta.py:129]               [DEBUG]    | Call: {'value': ['573693'], 'tmdb_collection': ['573693'], 'key_name': 'Aquaman', 'key': '573693', 'name': 'my_template'} |
[2022-10-11 09:13:31,914] [meta.py:304]               [DEBUG]    |                                                                                                    |
[2022-10-11 09:13:31,914] [meta.py:305]               [DEBUG]    | Variables: {'value': ['573693'], 'tmdb_collection': ['573693'], 'key_name': 'Aquaman', 'key': '573693', 'name': 'my_template', 'collection_name': 'Aquaman', 'mapping_name': 'Aquaman', 'library_type': 'movie', 'library_name': 'Z. 1 - Films', 'value_encoded': '%5B%27573693%27%5D', 'tmdb_collection_encoded': '%5B%27573693%27%5D', 'key_name_encoded': 'Aquaman', 'key_encoded': '573693', 'name_encoded': 'my_template', 'collection_name_encoded': 'Aquaman', 'mapping_name_encoded': 'Aquaman', 'library_type_encoded': 'movie', 'library_name_encoded': 'Z.%201%20-%20Films', 'collection_sort': 'Aquaman'} |
[2022-10-11 09:13:31,914] [meta.py:306]               [DEBUG]    |                                                                                                    |
[2022-10-11 09:13:31,914] [meta.py:307]               [DEBUG]    | Defaults: {}                                                                                       |
[2022-10-11 09:13:31,914] [meta.py:308]               [DEBUG]    |                                                                                                    |
[2022-10-11 09:13:31,915] [meta.py:309]               [DEBUG]    | Optional: ['my_collection_poster', 'my_collection_poster_encoded']                                 |
[2022-10-11 09:13:31,915] [meta.py:370]               [DEBUG]    |                                                                                                    |
[2022-10-11 09:13:31,916] [meta.py:371]               [DEBUG]    | Final Template Attributes: {'tmdb_collection_details': ['573693'], 'collection_order': 'release', 'collection_mode': 'hide_items'} |
[2022-10-11 09:13:31,916] [meta.py:372]               [DEBUG]    |                                                                                                    |
[2022-10-11 09:13:31,916] [builder.py:219]            [INFO]     |================================== Validating Aquaman Attributes ===================================|
[2022-10-11 09:13:31,916] [builder.py:609]            [DEBUG]    |                                                                                                    |
[2022-10-11 09:13:31,916] [builder.py:610]            [DEBUG]    | Validating Method: collection_order                                                                |
[2022-10-11 09:13:31,916] [builder.py:611]            [DEBUG]    | Value: release                                                                                     |
[2022-10-11 09:13:31,916] [builder.py:627]            [DEBUG]    |                                                                                                    |
[2022-10-11 09:13:31,917] [builder.py:631]            [DEBUG]    | Validating Method: label                                                                           |
[2022-10-11 09:13:31,917] [builder.py:632]            [DEBUG]    | Value: TMDb Collections                                                                            |
[2022-10-11 09:13:31,917] [builder.py:627]            [DEBUG]    |                                                                                                    |
[2022-10-11 09:13:31,917] [builder.py:631]            [DEBUG]    | Validating Method: tmdb_collection_details                                                         |
[2022-10-11 09:13:31,917] [builder.py:632]            [DEBUG]    | Value: ['573693']                                                                                  |
[2022-10-11 09:13:31,929] [builder.py:627]            [DEBUG]    |                                                                                                    |
[2022-10-11 09:13:31,929] [builder.py:631]            [DEBUG]    | Validating Method: collection_mode                                                                 |
[2022-10-11 09:13:31,929] [builder.py:632]            [DEBUG]    | Value: hide_items                                                                                  |
[2022-10-11 09:13:31,934] [plex.py:790]               [DEBUG]    |                                                                                                    |
[2022-10-11 09:13:31,934] [plex.py:793]               [DEBUG]    | Looking for: Aquaman                                                                               |
[2022-10-11 09:13:31,934] [builder.py:797]            [INFO]     |                                                                                                    |
[2022-10-11 09:13:31,934] [builder.py:798]            [INFO]     | Validation Successful                                                                              |
[2022-10-11 09:13:31,935] [plex_meta_manager.py:561]  [INFO]     |                                                                                                    |
[2022-10-11 09:13:31,935] [plex_meta_manager.py:563]  [INFO]     |==================================== Running Aquaman Collection ====================================|
[2022-10-11 09:13:31,935] [plex_meta_manager.py:575]  [INFO]     |                                                                                                    |
[2022-10-11 09:13:31,935] [plex_meta_manager.py:576]  [INFO]     | Sync Mode: append                                                                                  |
[2022-10-11 09:13:31,935] [plex_meta_manager.py:579]  [DEBUG]    |                                                                                                    |
[2022-10-11 09:13:31,935] [plex_meta_manager.py:580]  [DEBUG]    | Builder: tmdb_collection: 573693                                                                   |
[2022-10-11 09:13:31,936] [plex_meta_manager.py:581]  [INFO]     |                                                                                                    |
[2022-10-11 09:13:31,958] [tmdb.py:382]               [INFO]     | Processing TMDb Collection: (573693) Aquaman - Saga (2 Items)                                      |
[2022-10-11 09:13:31,958] [builder.py:1540]           [DEBUG]    |                                                                                                    |
[2022-10-11 09:13:31,958] [builder.py:1541]           [DEBUG]    | 2 IDs Found: [(297802, 'tmdb'), (572802, 'tmdb')]                                                  |
[2022-10-11 09:13:31,959] [builder.py:1542]           [DEBUG]    |                                                                                                    |
[2022-10-11 09:13:31,959] [builder.py:2228]           [INFO]     |                                                                                                    |
[2022-10-11 09:13:31,959] [builder.py:2229]           [INFO]     |============================ Missing Movies from Library: Z. 1 - Films =============================|
[2022-10-11 09:13:31,959] [builder.py:2230]           [INFO]     |                                                                                                    |
[2022-10-11 09:13:31,977] [builder.py:2243]           [INFO]     | Aquaman Collection | ? | Aquaman and the Lost Kingdom (2023) (TMDb: 572802)                        |
[2022-10-11 09:13:31,977] [builder.py:2248]           [INFO]     |                                                                                                    |
[2022-10-11 09:13:31,977] [builder.py:2249]           [INFO]     | 1 Movie Missing                                                                                    |
[2022-10-11 09:13:34,350] [plex_meta_manager.py:624]  [INFO]     |                                                                                                    |
[2022-10-11 09:13:34,350] [plex_meta_manager.py:625]  [INFO]     | Collection Minimum: 2 not met for Aquaman Collection                                               |
[2022-10-11 09:13:34,350] [plex_meta_manager.py:708]  [INFO]     |                                                                                                    |
[2022-10-11 09:13:34,351] [plex_meta_manager.py:709]  [INFO]     |====================================================================================================|
[2022-10-11 09:13:34,351] [plex_meta_manager.py:709]  [INFO]     |                                    Finished Aquaman Collection                                     |
[2022-10-11 09:13:34,351] [plex_meta_manager.py:709]  [INFO]     |                                    Collection Run Time: 0:00:02                                    |
[2022-10-11 09:13:34,351] [plex_meta_manager.py:709]  [INFO]     |====================================================================================================|
