[2022-10-11 11:18:56,230] [builder.py:200]            [INFO]     |====================================================================================================|
[2022-10-11 11:18:56,230] [builder.py:200]            [INFO]     |                                John Wick Collection in Z. 1 - Films                                |
[2022-10-11 11:18:56,230] [builder.py:200]            [INFO]     |====================================================================================================|
[2022-10-11 11:18:56,231] [builder.py:201]            [INFO]     |                                                                                                    |
[2022-10-11 11:18:56,231] [builder.py:206]            [INFO]     |================================ Building Definition From Templates ================================|
[2022-10-11 11:18:56,231] [builder.py:222]            [DEBUG]    |                                                                                                    |
[2022-10-11 11:18:56,231] [meta.py:128]               [DEBUG]    | Template my_template                                                                               |
[2022-10-11 11:18:56,231] [meta.py:129]               [DEBUG]    | Call: {'value': ['404609'], 'tmdb_collection': ['404609'], 'key_name': 'John Wick', 'key': '404609', 'name': 'my_template'} |
[2022-10-11 11:18:56,231] [meta.py:304]               [DEBUG]    |                                                                                                    |
[2022-10-11 11:18:56,232] [meta.py:305]               [DEBUG]    | Variables: {'value': ['404609'], 'tmdb_collection': ['404609'], 'key_name': 'John Wick', 'key': '404609', 'name': 'my_template', 'collection_name': 'John Wick', 'mapping_name': 'John Wick', 'library_type': 'movie', 'library_name': 'Z. 1 - Films', 'value_encoded': '%5B%27404609%27%5D', 'tmdb_collection_encoded': '%5B%27404609%27%5D', 'key_name_encoded': 'John%20Wick', 'key_encoded': '404609', 'name_encoded': 'my_template', 'collection_name_encoded': 'John%20Wick', 'mapping_name_encoded': 'John%20Wick', 'library_type_encoded': 'movie', 'library_name_encoded': 'Z.%201%20-%20Films', 'collection_sort': 'John Wick'} |
[2022-10-11 11:18:56,232] [meta.py:306]               [DEBUG]    |                                                                                                    |
[2022-10-11 11:18:56,232] [meta.py:307]               [DEBUG]    | Defaults: {}                                                                                       |
[2022-10-11 11:18:56,232] [meta.py:308]               [DEBUG]    |                                                                                                    |
[2022-10-11 11:18:56,232] [meta.py:309]               [DEBUG]    | Optional: ['my_collection_poster', 'my_collection_poster_encoded']                                 |
[2022-10-11 11:18:56,233] [meta.py:370]               [DEBUG]    |                                                                                                    |
[2022-10-11 11:18:56,233] [meta.py:371]               [DEBUG]    | Final Template Attributes: {'tmdb_collection_details': ['404609'], 'collection_order': 'release', 'collection_mode': 'hide_items', 'sort_title': '+C1_John Wick'} |
[2022-10-11 11:18:56,233] [meta.py:372]               [DEBUG]    |                                                                                                    |
[2022-10-11 11:18:56,233] [builder.py:230]            [INFO]     |================================= Validating John Wick Attributes ==================================|
[2022-10-11 11:18:56,234] [builder.py:620]            [DEBUG]    |                                                                                                    |
[2022-10-11 11:18:56,234] [builder.py:621]            [DEBUG]    | Validating Method: collection_order                                                                |
[2022-10-11 11:18:56,234] [builder.py:622]            [DEBUG]    | Value: release                                                                                     |
[2022-10-11 11:18:56,234] [builder.py:653]            [DEBUG]    |                                                                                                    |
[2022-10-11 11:18:56,234] [builder.py:657]            [DEBUG]    | Validating Method: label                                                                           |
[2022-10-11 11:18:56,234] [builder.py:658]            [DEBUG]    | Value: TMDb Collections                                                                            |
[2022-10-11 11:18:56,234] [builder.py:653]            [DEBUG]    |                                                                                                    |
[2022-10-11 11:18:56,234] [builder.py:657]            [DEBUG]    | Validating Method: tmdb_collection_details                                                         |
[2022-10-11 11:18:56,235] [builder.py:658]            [DEBUG]    | Value: ['404609']                                                                                  |
[2022-10-11 11:18:56,248] [builder.py:653]            [DEBUG]    |                                                                                                    |
[2022-10-11 11:18:56,248] [builder.py:657]            [DEBUG]    | Validating Method: collection_mode                                                                 |
[2022-10-11 11:18:56,248] [builder.py:658]            [DEBUG]    | Value: hide_items                                                                                  |
[2022-10-11 11:18:56,248] [builder.py:653]            [DEBUG]    |                                                                                                    |
[2022-10-11 11:18:56,249] [builder.py:657]            [DEBUG]    | Validating Method: sort_title                                                                      |
[2022-10-11 11:18:56,249] [builder.py:658]            [DEBUG]    | Value: +C1_John Wick                                                                               |
[2022-10-11 11:18:56,447] [builder.py:823]            [INFO]     |                                                                                                    |
[2022-10-11 11:18:56,447] [builder.py:824]            [INFO]     | Validation Successful                                                                              |
[2022-10-11 11:18:56,447] [plex_meta_manager.py:561]  [INFO]     |                                                                                                    |
[2022-10-11 11:18:56,448] [plex_meta_manager.py:563]  [INFO]     |=================================== Running John Wick Collection ===================================|
[2022-10-11 11:18:56,448] [plex_meta_manager.py:575]  [INFO]     |                                                                                                    |
[2022-10-11 11:18:56,448] [plex_meta_manager.py:576]  [INFO]     | Sync Mode: append                                                                                  |
[2022-10-11 11:18:56,448] [plex_meta_manager.py:579]  [DEBUG]    |                                                                                                    |
[2022-10-11 11:18:56,448] [plex_meta_manager.py:580]  [DEBUG]    | Builder: tmdb_collection: 404609                                                                   |
[2022-10-11 11:18:56,448] [plex_meta_manager.py:581]  [INFO]     |                                                                                                    |
[2022-10-11 11:18:56,453] [tmdb.py:381]               [INFO]     | Processing TMDb Collection: (404609) John Wick - Saga (4 Items)                                    |
[2022-10-11 11:18:56,453] [builder.py:1581]           [DEBUG]    |                                                                                                    |
[2022-10-11 11:18:56,453] [builder.py:1582]           [DEBUG]    | 4 IDs Found: [(245891, 'tmdb'), (324552, 'tmdb'), (458156, 'tmdb'), (603692, 'tmdb')]              |
[2022-10-11 11:18:56,454] [builder.py:1583]           [DEBUG]    |                                                                                                    |
[2022-10-11 11:18:56,454] [builder.py:2132]           [INFO]     |                                                                                                    |
[2022-10-11 11:18:56,454] [builder.py:2133]           [INFO]     |================================== Adding to John Wick Collection ==================================|
[2022-10-11 11:18:56,454] [builder.py:2134]           [INFO]     |                                                                                                    |
[2022-10-11 11:18:56,454] [builder.py:2148]           [INFO]     | 1/3 | John Wick Collection | = | John Wick (2014)                                                  |
[2022-10-11 11:18:56,454] [builder.py:2148]           [INFO]     | 2/3 | John Wick Collection | = | John Wick 2 (2017)                                                |
[2022-10-11 11:18:56,455] [builder.py:2148]           [INFO]     | 3/3 | John Wick Collection | = | John Wick 3 : Parabellum (2019)                                   |
[2022-10-11 11:18:56,455] [builder.py:2168]           [INFO]     |                                                                                                    |
[2022-10-11 11:18:56,455] [builder.py:2170]           [INFO]     | 3 Movies Processed 0 Movies Added                                                                  |
[2022-10-11 11:18:56,455] [builder.py:2300]           [INFO]     |                                                                                                    |
[2022-10-11 11:18:56,455] [builder.py:2301]           [INFO]     |============================ Missing Movies from Library: Z. 1 - Films =============================|
[2022-10-11 11:18:56,455] [builder.py:2302]           [INFO]     |                                                                                                    |
[2022-10-11 11:18:56,468] [builder.py:2315]           [INFO]     | John Wick Collection | ? | John Wick: Chapter 4 (2023) (TMDb: 603692)                              |
[2022-10-11 11:18:56,468] [builder.py:2320]           [INFO]     |                                                                                                    |
[2022-10-11 11:18:56,468] [builder.py:2321]           [INFO]     | 1 Movie Missing                                                                                    |
[2022-10-11 11:18:56,515] [builder.py:2521]           [INFO]     |                                                                                                    |
[2022-10-11 11:18:56,516] [builder.py:2522]           [INFO]     |============================= Updating Details of John Wick Collection =============================|
[2022-10-11 11:18:56,516] [builder.py:2523]           [INFO]     |                                                                                                    |
[2022-10-11 11:18:56,524] [builder.py:2589]           [INFO]     | Collection Metadata Edits                                                                          |
[2022-10-11 11:18:56,525] [builder.py:2660]           [WARNING]  | Asset Warning: Unable to find asset folder: 'John Wick'                                            |
[2022-10-11 11:18:56,525] [util.py:171]               [DEBUG]    | 1 poster found:                                                                                    |
[2022-10-11 11:18:56,525] [util.py:173]               [DEBUG]    | Method: tmdb_collection_details Poster: https://image.tmdb.org/t/p/original/jgL4XOWWjZPq9aROVDXdIAEBl3S.jpg |
[2022-10-11 11:18:56,525] [util.py:171]               [DEBUG]    | 1 background found:                                                                                |
[2022-10-11 11:18:56,526] [util.py:173]               [DEBUG]    | Method: tmdb_collection_details Background: https://image.tmdb.org/t/p/original/fSwYa5q2xRkBoOOjueLpkLf3N1m.jpg |
[2022-10-11 11:18:56,527] [library.py:173]            [INFO]     | Detail: poster update not needed                                                                   |
[2022-10-11 11:18:56,528] [library.py:189]            [INFO]     | Detail: background update not needed                                                               |
[2022-10-11 11:18:56,716] [plex_meta_manager.py:708]  [INFO]     |                                                                                                    |
[2022-10-11 11:18:56,716] [plex_meta_manager.py:709]  [INFO]     |====================================================================================================|
[2022-10-11 11:18:56,717] [plex_meta_manager.py:709]  [INFO]     |                                   Finished John Wick Collection                                    |
[2022-10-11 11:18:56,717] [plex_meta_manager.py:709]  [INFO]     |                                    Collection Run Time: 0:00:00                                    |
[2022-10-11 11:18:56,717] [plex_meta_manager.py:709]  [INFO]     |====================================================================================================|
