[2022-10-11 10:09:09,356] [builder.py:197]            [INFO]     |====================================================================================================|
[2022-10-11 10:09:09,356] [builder.py:197]            [INFO]     |                          Video Games Collection in Z. 5 - Film Animation                           |
[2022-10-11 10:09:09,356] [builder.py:197]            [INFO]     |====================================================================================================|
[2022-10-11 10:09:09,356] [builder.py:198]            [INFO]     |                                                                                                    |
[2022-10-11 10:09:09,356] [builder.py:203]            [INFO]     |================================ Building Definition From Templates ================================|
[2022-10-11 10:09:09,357] [builder.py:211]            [DEBUG]    |                                                                                                    |
[2022-10-11 10:09:09,357] [meta.py:128]               [DEBUG]    | Template Genre                                                                                     |
[2022-10-11 10:09:09,357] [meta.py:129]               [DEBUG]    | Call: ordereddict([('name', 'Genre')])                                                             |
[2022-10-11 10:09:09,357] [meta.py:304]               [DEBUG]    |                                                                                                    |
[2022-10-11 10:09:09,357] [meta.py:305]               [DEBUG]    | Variables: ordereddict([('name', 'Genre'), ('collection_name', 'Video Games'), ('mapping_name', 'Video Games'), ('library_type', 'movie'), ('library_name', 'Z. 5 - Film Animation'), ('name_encoded', 'Genre'), ('collection_name_encoded', 'Video%20Games'), ('mapping_name_encoded', 'Video%20Games'), ('library_type_encoded', 'movie'), ('library_name_encoded', 'Z.%205%20-%20Film%20Animation'), ('collection_sort', 'Video Games')]) |
[2022-10-11 10:09:09,357] [meta.py:306]               [DEBUG]    |                                                                                                    |
[2022-10-11 10:09:09,358] [meta.py:307]               [DEBUG]    | Defaults: {}                                                                                       |
[2022-10-11 10:09:09,358] [meta.py:308]               [DEBUG]    |                                                                                                    |
[2022-10-11 10:09:09,358] [meta.py:309]               [DEBUG]    | Optional: []                                                                                       |
[2022-10-11 10:09:09,358] [meta.py:370]               [DEBUG]    |                                                                                                    |
[2022-10-11 10:09:09,359] [meta.py:371]               [DEBUG]    | Final Template Attributes: {'sort_title': '+3_Video Games', 'sync_mode': 'sync', 'smart_label': 'audience_rating.desc'} |
[2022-10-11 10:09:09,359] [meta.py:372]               [DEBUG]    |                                                                                                    |
[2022-10-11 10:09:09,359] [builder.py:219]            [INFO]     |================================ Validating Video Games Attributes =================================|
[2022-10-11 10:09:09,359] [builder.py:488]            [DEBUG]    |                                                                                                    |
[2022-10-11 10:09:09,359] [builder.py:489]            [DEBUG]    | Validating Method: sync_mode                                                                       |
[2022-10-11 10:09:09,359] [builder.py:493]            [DEBUG]    | Value: sync                                                                                        |
[2022-10-11 10:09:09,360] [builder.py:538]            [DEBUG]    |                                                                                                    |
[2022-10-11 10:09:09,360] [builder.py:539]            [DEBUG]    | Validating Method: smart_label                                                                     |
[2022-10-11 10:09:09,360] [builder.py:544]            [DEBUG]    | Value: audience_rating.desc                                                                        |
[2022-10-11 10:09:09,376] [builder.py:627]            [DEBUG]    |                                                                                                    |
[2022-10-11 10:09:09,376] [builder.py:631]            [DEBUG]    | Validating Method: imdb_list                                                                       |
[2022-10-11 10:09:09,376] [builder.py:632]            [DEBUG]    | Value: ['https://www.imdb.com/list/ls055167700/', 'https://www.imdb.com/list/ls056187355/']        |
[2022-10-11 10:09:15,070] [builder.py:627]            [DEBUG]    |                                                                                                    |
[2022-10-11 10:09:15,073] [builder.py:631]            [DEBUG]    | Validating Method: trakt_list                                                                      |
[2022-10-11 10:09:15,074] [builder.py:632]            [DEBUG]    | Value: ['https://trakt.tv/users/29zombies/lists/video-game']                                       |
[2022-10-11 10:09:15,261] [builder.py:627]            [DEBUG]    |                                                                                                    |
[2022-10-11 10:09:15,261] [builder.py:631]            [DEBUG]    | Validating Method: summary                                                                         |
[2022-10-11 10:09:15,261] [builder.py:632]            [DEBUG]    | Value: Movies about hacking                                                                        |
[2022-10-11 10:09:15,261] [builder.py:627]            [DEBUG]    |                                                                                                    |
[2022-10-11 10:09:15,262] [builder.py:631]            [DEBUG]    | Validating Method: url_poster                                                                      |
[2022-10-11 10:09:15,262] [builder.py:632]            [DEBUG]    | Value: https://raw.githubusercontent.com/MonsieurZed/poster/main/img/GENRE_VG.png                  |
[2022-10-11 10:09:15,571] [builder.py:627]            [DEBUG]    |                                                                                                    |
[2022-10-11 10:09:15,571] [builder.py:631]            [DEBUG]    | Validating Method: sort_title                                                                      |
[2022-10-11 10:09:15,571] [builder.py:632]            [DEBUG]    | Value: +3_Video Games                                                                              |
[2022-10-11 10:09:15,577] [plex.py:790]               [DEBUG]    |                                                                                                    |
[2022-10-11 10:09:15,577] [plex.py:793]               [DEBUG]    | Looking for: Video Games                                                                           |
[2022-10-11 10:09:15,577] [builder.py:797]            [INFO]     |                                                                                                    |
[2022-10-11 10:09:15,578] [builder.py:798]            [INFO]     | Validation Successful                                                                              |
[2022-10-11 10:09:15,578] [plex_meta_manager.py:561]  [INFO]     |                                                                                                    |
[2022-10-11 10:09:15,578] [plex_meta_manager.py:563]  [INFO]     |================================== Running Video Games Collection ==================================|
[2022-10-11 10:09:15,578] [plex_meta_manager.py:569]  [INFO]     |                                                                                                    |
[2022-10-11 10:09:15,579] [plex_meta_manager.py:570]  [INFO]     | Smart Movie Label                                                                                  |
                                                                 | Sort By: audience_rating.desc
                                                                 | Filter:
                                                                 |   Match all of the following:
                                                                 |     Label is Video Games
[2022-10-11 10:09:15,579] [plex_meta_manager.py:575]  [INFO]     | 
[2022-10-11 10:09:15,580] [plex_meta_manager.py:576]  [INFO]     | Sync Mode: sync
[2022-10-11 10:09:15,580] [plex_meta_manager.py:579]  [DEBUG]    | 
[2022-10-11 10:09:15,580] [plex_meta_manager.py:580]  [DEBUG]    | Builder: imdb_list: {'url': 'https://www.imdb.com/list/ls055167700/', 'limit': 0}
[2022-10-11 10:09:15,580] [plex_meta_manager.py:581]  [INFO]     | 
[2022-10-11 10:09:15,580] [imdb.py:184]               [INFO]     | Processing IMDb List: https://www.imdb.com/list/ls055167700/
[2022-10-11 10:09:22,522] [imdb.py:135]               [DEBUG]    | 87 IMDb IDs Found: ['tt0086567', 'tt0113243', 'tt0218817', 'tt2090594', 'tt0120907', 'tt0244244', 'tt0104692', 'tt0337978', 'tt0084827', 'tt0159784', 'tt0126765', 'tt0105435', 'tt4135218', 'tt4158110', 'tt2409818', 'tt1769296', 'tt0113957', 'tt0168122', 'tt0309614', 'tt0315417', 'tt1830538', 'tt0308808', 'tt2357453', 'tt0133093', 'tt0880578', 'tt0338087', 'tt1279942', 'tt2177843', 'tt0308449', 'tt1199631', 'tt0808532', 'tt0210090', 'tt1977808', 'tt0807655', 'tt0243069', 'tt0089886', 'tt0356614', 'tt0408345', 'tt1034032', 'tt0151804', 'tt0139809', 'tt0298814', 'tt0114857', 'tt0113189', 'tt0120660', 'tt0317042', 'tt1132620', 'tt0113568', 'tt0227445', 'tt0090305', 'tt0113481', 'tt1433811', 'tt0181689', 'tt0065566', 'tt0109635', 'tt1059786', 'tt1104001', 'tt4044364', 'tt2292707', 'tt1191116', 'tt1824254', 'tt1837703', 'tt0115398', 'tt0159784', 'tt2335921', 'tt3268458', 'tt2608732', 'tt2390367', 'tt2084953', 'tt1942884', 'tt2033981', 'tt1422757', 'tt1422758', 'tt0498329', 'tt2551516', 'tt1684716', 'tt1782451', 'tt0499004', 'tt0144969', 'tt1370889', 'tt0256408', 'tt3293462', 'tt3312868', 'tt3010462', 'tt2073120', 'tt2417174', 'tt4047350']
[2022-10-11 10:09:22,522] [builder.py:1540]           [DEBUG]    | 
[2022-10-11 10:09:22,522] [builder.py:1541]           [DEBUG]    | 87 IDs Found: [('tt0086567', 'imdb'), ('tt0113243', 'imdb'), ('tt0218817', 'imdb'), ('tt2090594', 'imdb'), ('tt0120907', 'imdb'), ('tt0244244', 'imdb'), ('tt0104692', 'imdb'), ('tt0337978', 'imdb'), ('tt0084827', 'imdb'), ('tt0159784', 'imdb'), ('tt0126765', 'imdb'), ('tt0105435', 'imdb'), ('tt4135218', 'imdb'), ('tt4158110', 'imdb'), ('tt2409818', 'imdb'), ('tt1769296', 'imdb'), ('tt0113957', 'imdb'), ('tt0168122', 'imdb'), ('tt0309614', 'imdb'), ('tt0315417', 'imdb'), ('tt1830538', 'imdb'), ('tt0308808', 'imdb'), ('tt2357453', 'imdb'), ('tt0133093', 'imdb'), ('tt0880578', 'imdb'), ('tt0338087', 'imdb'), ('tt1279942', 'imdb'), ('tt2177843', 'imdb'), ('tt0308449', 'imdb'), ('tt1199631', 'imdb'), ('tt0808532', 'imdb'), ('tt0210090', 'imdb'), ('tt1977808', 'imdb'), ('tt0807655', 'imdb'), ('tt0243069', 'imdb'), ('tt0089886', 'imdb'), ('tt0356614', 'imdb'), ('tt0408345', 'imdb'), ('tt1034032', 'imdb'), ('tt0151804', 'imdb'), ('tt0139809', 'imdb'), ('tt0298814', 'imdb'), ('tt0114857', 'imdb'), ('tt0113189', 'imdb'), ('tt0120660', 'imdb'), ('tt0317042', 'imdb'), ('tt1132620', 'imdb'), ('tt0113568', 'imdb'), ('tt0227445', 'imdb'), ('tt0090305', 'imdb'), ('tt0113481', 'imdb'), ('tt1433811', 'imdb'), ('tt0181689', 'imdb'), ('tt0065566', 'imdb'), ('tt0109635', 'imdb'), ('tt1059786', 'imdb'), ('tt1104001', 'imdb'), ('tt4044364', 'imdb'), ('tt2292707', 'imdb'), ('tt1191116', 'imdb'), ('tt1824254', 'imdb'), ('tt1837703', 'imdb'), ('tt0115398', 'imdb'), ('tt0159784', 'imdb'), ('tt2335921', 'imdb'), ('tt3268458', 'imdb'), ('tt2608732', 'imdb'), ('tt2390367', 'imdb'), ('tt2084953', 'imdb'), ('tt1942884', 'imdb'), ('tt2033981', 'imdb'), ('tt1422757', 'imdb'), ('tt1422758', 'imdb'), ('tt0498329', 'imdb'), ('tt2551516', 'imdb'), ('tt1684716', 'imdb'), ('tt1782451', 'imdb'), ('tt0499004', 'imdb'), ('tt0144969', 'imdb'), ('tt1370889', 'imdb'), ('tt0256408', 'imdb'), ('tt3293462', 'imdb'), ('tt3312868', 'imdb'), ('tt3010462', 'imdb'), ('tt2073120', 'imdb'), ('tt2417174', 'imdb'), ('tt4047350', 'imdb')]
[2022-10-11 10:09:22,523] [builder.py:1542]           [DEBUG]    | 
[2022-10-11 10:09:22,641] [builder.py:1598]           [WARNING]  | Convert Error: No TVDb ID Found for TMDb ID: 120330
[2022-10-11 10:09:22,664] [builder.py:1598]           [WARNING]  | Convert Error: No TMDb ID Found for IMDb ID: tt2390367
[2022-10-11 10:09:22,673] [builder.py:1598]           [WARNING]  | Convert Error: No TMDb ID Found for IMDb ID: tt1684716
[2022-10-11 10:09:22,680] [plex_meta_manager.py:579]  [DEBUG]    | 
[2022-10-11 10:09:22,681] [plex_meta_manager.py:580]  [DEBUG]    | Builder: imdb_list: {'url': 'https://www.imdb.com/list/ls056187355/', 'limit': 0}
[2022-10-11 10:09:22,681] [plex_meta_manager.py:581]  [INFO]     | 
[2022-10-11 10:09:22,681] [imdb.py:184]               [INFO]     | Processing IMDb List: https://www.imdb.com/list/ls056187355/
[2022-10-11 10:09:28,340] [imdb.py:135]               [DEBUG]    | 41 IMDb IDs Found: ['tt0113243', 'tt0113957', 'tt0086567', 'tt0133093', 'tt0113481', 'tt0218817', 'tt0139809', 'tt0126765', 'tt0499004', 'tt1285016', 'tt2234155', 'tt1034032', 'tt0084827', 'tt0151804', 'tt1684716', 'tt2209764', 'tt3012184', 'tt1104001', 'tt0487831', 'tt0244244', 'tt0105435', 'tt3042408', 'tt4158110', 'tt2357129', 'tt2543312', 'tt5462886', 'tt3531824', 'tt3173594', 'tt2177843', 'tt4044364', 'tt3774114', 'tt3312868', 'tt1677720', 'tt4501244', 'tt2575988', 'tt0159784', 'tt3715406', 'tt2084970', 'tt1413495', 'tt4287320', 'tt15036416']
[2022-10-11 10:09:28,340] [builder.py:1540]           [DEBUG]    | 
[2022-10-11 10:09:28,340] [builder.py:1541]           [DEBUG]    | 41 IDs Found: [('tt0113243', 'imdb'), ('tt0113957', 'imdb'), ('tt0086567', 'imdb'), ('tt0133093', 'imdb'), ('tt0113481', 'imdb'), ('tt0218817', 'imdb'), ('tt0139809', 'imdb'), ('tt0126765', 'imdb'), ('tt0499004', 'imdb'), ('tt1285016', 'imdb'), ('tt2234155', 'imdb'), ('tt1034032', 'imdb'), ('tt0084827', 'imdb'), ('tt0151804', 'imdb'), ('tt1684716', 'imdb'), ('tt2209764', 'imdb'), ('tt3012184', 'imdb'), ('tt1104001', 'imdb'), ('tt0487831', 'imdb'), ('tt0244244', 'imdb'), ('tt0105435', 'imdb'), ('tt3042408', 'imdb'), ('tt4158110', 'imdb'), ('tt2357129', 'imdb'), ('tt2543312', 'imdb'), ('tt5462886', 'imdb'), ('tt3531824', 'imdb'), ('tt3173594', 'imdb'), ('tt2177843', 'imdb'), ('tt4044364', 'imdb'), ('tt3774114', 'imdb'), ('tt3312868', 'imdb'), ('tt1677720', 'imdb'), ('tt4501244', 'imdb'), ('tt2575988', 'imdb'), ('tt0159784', 'imdb'), ('tt3715406', 'imdb'), ('tt2084970', 'imdb'), ('tt1413495', 'imdb'), ('tt4287320', 'imdb'), ('tt15036416', 'imdb')]
[2022-10-11 10:09:28,341] [builder.py:1542]           [DEBUG]    | 
[2022-10-11 10:09:28,356] [builder.py:1598]           [WARNING]  | Convert Error: No TMDb ID Found for IMDb ID: tt1684716
[2022-10-11 10:09:28,377] [plex_meta_manager.py:579]  [DEBUG]    | 
[2022-10-11 10:09:28,377] [plex_meta_manager.py:580]  [DEBUG]    | Builder: trakt_list: https://trakt.tv/users/29zombies/lists/video-game
[2022-10-11 10:09:28,377] [plex_meta_manager.py:581]  [INFO]     | 
[2022-10-11 10:09:28,377] [trakt.py:487]              [INFO]     | Processing Trakt List: https://trakt.tv/users/29zombies/lists/video-game
[2022-10-11 10:09:28,606] [builder.py:1540]           [DEBUG]    | 
[2022-10-11 10:09:28,611] [builder.py:1541]           [DEBUG]    | 66 IDs Found: [(18501, 'tmdb'), (183, 'tmdb'), (328387, 'tmdb'), (9607, 'tmdb'), (2436, 'tmdb'), (9312, 'tmdb'), (9823, 'tmdb'), (44571, 'tmdb'), (42194, 'tmdb'), (588, 'tmdb'), (1576, 'tmdb'), (1995, 'tmdb'), (427641, 'tmdb'), (338970, 'tmdb'), (173897, 'tmdb'), (121856, 'tmdb'), (68735, 'tmdb'), (153518, 'tmdb'), (249070, 'tmdb'), (257344, 'tmdb'), (293771, 'tmdb'), (136797, 'tmdb'), (82690, 'tmdb'), (61012, 'tmdb'), (71679, 'tmdb'), (12685, 'tmdb'), (35791, 'tmdb'), (9543, 'tmdb'), (15268, 'tmdb'), (7737, 'tmdb'), (1620, 'tmdb'), (13051, 'tmdb'), (168705, 'tmdb'), (8814, 'tmdb'), (1577, 'tmdb'), (11059, 'tmdb'), (1996, 'tmdb'), (2114, 'tmdb'), (10350, 'tmdb'), (11667, 'tmdb'), (12142, 'tmdb'), (9053, 'tmdb'), (447404, 'tmdb'), (454626, 'tmdb'), (97, 'tmdb'), (20526, 'tmdb'), (48677, 'tmdb'), (11884, 'tmdb'), (333339, 'tmdb'), (28790, 'tmdb'), (10163, 'tmdb'), (14237, 'tmdb'), (456750, 'tmdb'), (9900, 'tmdb'), (22538, 'tmdb'), (8844, 'tmdb'), (353486, 'tmdb'), (512200, 'tmdb'), (6499, 'tmdb'), (802217, 'tmdb'), (550988, 'tmdb'), (675353, 'tmdb'), (335787, 'tmdb'), (460458, 'tmdb'), (460465, 'tmdb'), (458576, 'tmdb')]
[2022-10-11 10:09:28,611] [builder.py:1542]           [DEBUG]    | 
[2022-10-11 10:09:28,612] [builder.py:2064]           [INFO]     | 
[2022-10-11 10:09:28,612] [builder.py:2065]           [INFO]     |================================= Adding to Video Games Collection =================================|
[2022-10-11 10:09:28,612] [builder.py:2066]           [INFO]     |                                                                                                    |
[2022-10-11 10:09:28,626] [builder.py:2080]           [INFO]     | 1/2 | Video Games Collection | + | Ghost in the Shell (1995)                                       |
[2022-10-11 10:09:28,647] [builder.py:2080]           [INFO]     | 2/2 | Video Games Collection | + | Les Mondes de Ralph (2012)                                      |
[2022-10-11 10:09:30,071] [builder.py:2100]           [INFO]     |                                                                                                    |
[2022-10-11 10:09:30,071] [builder.py:2102]           [INFO]     | 2 Movies Processed 2 Movies Added                                                                  |
[2022-10-11 10:09:30,071] [builder.py:2228]           [INFO]     |                                                                                                    |
[2022-10-11 10:09:30,071] [builder.py:2229]           [INFO]     |======================== Missing Movies from Library: Z. 5 - Film Animation ========================|
[2022-10-11 10:09:30,072] [builder.py:2230]           [INFO]     |                                                                                                    |
[2022-10-11 10:09:30,148] [builder.py:2243]           [INFO]     | Video Games Collection | ? | WarGames (1983) (TMDb: 860)                                           |
[2022-10-11 10:09:30,175] [builder.py:2243]           [INFO]     | Video Games Collection | ? | Hackers (1995) (TMDb: 10428)                                          |
[2022-10-11 10:09:30,208] [builder.py:2243]           [INFO]     | Video Games Collection | ? | Antitrust (2001) (TMDb: 9989)                                         |
[2022-10-11 10:09:30,234] [builder.py:2243]           [INFO]     | Video Games Collection | ? | Reboot (2012) (TMDb: 143602)                                          |
[2022-10-11 10:09:30,259] [builder.py:2243]           [INFO]     | Video Games Collection | ? | eXistenZ (1999) (TMDb: 1946)                                          |
[2022-10-11 10:09:30,292] [builder.py:2243]           [INFO]     | Video Games Collection | ? | Swordfish (2001) (TMDb: 9705)                                         |
[2022-10-11 10:09:30,308] [builder.py:2243]           [INFO]     | Video Games Collection | ? | Le Cobaye (1992) (TMDb: 10163)                                        |
[2022-10-11 10:09:30,350] [builder.py:2243]           [INFO]     | Video Games Collection | ? | Live Free or Die Hard (2007) (TMDb: 1571)                             |
[2022-10-11 10:09:30,379] [builder.py:2243]           [INFO]     | Video Games Collection | ? | TRON (1982) (TMDb: 97)                                                |
[2022-10-11 10:09:30,400] [builder.py:2243]           [INFO]     | Video Games Collection | ? | Cybertr@que (2000) (TMDb: 10429)                                      |
[2022-10-11 10:09:30,417] [builder.py:2243]           [INFO]     | Video Games Collection | ? | 23 (1998) (TMDb: 1557)                                                |
[2022-10-11 10:09:30,454] [builder.py:2243]           [INFO]     | Video Games Collection | ? | Sneakers (1992) (TMDb: 2322)                                          |
[2022-10-11 10:09:30,467] [builder.py:2243]           [INFO]     | Video Games Collection | ? | Cyberbully (2015) (TMDb: 317144)                                      |
[2022-10-11 10:09:30,517] [builder.py:2243]           [INFO]     | Video Games Collection | ? | Open Windows (2014) (TMDb: 151368)                                    |
[2022-10-11 10:09:30,551] [builder.py:2243]           [INFO]     | Video Games Collection | ? | Hacker (2010) (TMDb: 56416)                                           |
[2022-10-11 10:09:30,592] [builder.py:2243]           [INFO]     | Video Games Collection | ? | Traque sur Internet (1995) (TMDb: 1642)                               |
[2022-10-11 10:09:30,617] [builder.py:2243]           [INFO]     | Video Games Collection | ? | Les Pirates de la Silicon Valley (1999) (TMDb: 3293)                  |
[2022-10-11 10:09:30,667] [builder.py:2243]           [INFO]     | Video Games Collection | ? | Freedom Downtime (2001) (TMDb: 9901)                                  |
[2022-10-11 10:09:30,701] [builder.py:2243]           [INFO]     | Video Games Collection | ? | Nom de code : Linux (2001) (TMDb: 45049)                              |
[2022-10-11 10:09:30,742] [builder.py:2243]           [INFO]     | Video Games Collection | ? | Code 2600 (2011) (TMDb: 97972)                                        |
[2022-10-11 10:09:30,784] [builder.py:2243]           [INFO]     | Video Games Collection | ? | Revolution OS (2001) (TMDb: 19433)                                    |
[2022-10-11 10:09:30,826] [builder.py:2243]           [INFO]     | Video Games Collection | ? | Underground : L'Histoire de Julian Assange (2012) (TMDb: 136698)      |
[2022-10-11 10:09:30,851] [builder.py:2243]           [INFO]     | Video Games Collection | ? | The Matrix (1999) (TMDb: 603)                                         |
[2022-10-11 10:09:30,901] [builder.py:2243]           [INFO]     | Video Games Collection | ? | Intraçable (2008) (TMDb: 8090)                                        |
[2022-10-11 10:09:30,934] [builder.py:2243]           [INFO]     | Video Games Collection | ? | Halbe Miete (2004) (TMDb: 59278)                                      |
[2022-10-11 10:09:30,976] [builder.py:2243]           [INFO]     | Video Games Collection | ? | Hackers Are People Too (2008) (TMDb: 28756)                           |
[2022-10-11 10:09:31,017] [builder.py:2243]           [INFO]     | Video Games Collection | ? | We Are Legion: The Story of the Hacktivists (2012) (TMDb: 97690)      |
[2022-10-11 10:09:31,051] [builder.py:2243]           [INFO]     | Video Games Collection | ? | The KGB, the Computer and Me (1990) (TMDb: 49499)                     |
[2022-10-11 10:09:31,063] [builder.py:2243]           [INFO]     | Video Games Collection | ? | In the Realm of the Hackers (2003) (TMDb: 28556)                      |
[2022-10-11 10:09:31,105] [builder.py:2243]           [INFO]     | Video Games Collection | ? | Hacking Democracy (2006) (TMDb: 32013)                                |
[2022-10-11 10:09:31,122] [builder.py:2243]           [INFO]     | Video Games Collection | ? | Hacks (1997) (TMDb: 251864)                                           |
[2022-10-11 10:09:31,163] [builder.py:2243]           [INFO]     | Video Games Collection | ? | Hackers: Outlaws and Angels (2002) (TMDb: 93633)                      |
[2022-10-11 10:09:31,255] [builder.py:2243]           [INFO]     | Video Games Collection | ? | Profession : Génie (1985) (TMDb: 14370)                               |
[2022-10-11 10:09:31,275] [builder.py:2243]           [INFO]     | Video Games Collection | ? | Foolproof (2003) (TMDb: 14527)                                        |
[2022-10-11 10:09:31,380] [builder.py:2243]           [INFO]     | Video Games Collection | ? | Firewall (2006) (TMDb: 9754)                                          |
[2022-10-11 10:09:31,397] [builder.py:2243]           [INFO]     | Video Games Collection | ? | Ultimate Game (2009) (TMDb: 18501)                                    |
[2022-10-11 10:09:31,414] [builder.py:2243]           [INFO]     | Video Games Collection | ? | Office Space (1999) (TMDb: 1542)                                      |
[2022-10-11 10:09:31,430] [builder.py:2243]           [INFO]     | Video Games Collection | ? | The Thirteenth Floor (1999) (TMDb: 1090)                              |
[2022-10-11 10:09:31,447] [builder.py:2243]           [INFO]     | Video Games Collection | ? | The Core (2003) (TMDb: 9341)                                          |
[2022-10-11 10:09:31,509] [builder.py:2243]           [INFO]     | Video Games Collection | ? | Programmé pour tuer (1995) (TMDb: 9271)                               |
[2022-10-11 10:09:31,521] [builder.py:2243]           [INFO]     | Video Games Collection | ? | GoldenEye (1995) (TMDb: 710)                                          |
[2022-10-11 10:09:31,531] [builder.py:2243]           [INFO]     | Video Games Collection | ? | Enemy of the State (1998) (TMDb: 9798)                                |
[2022-10-11 10:09:31,587] [builder.py:2243]           [INFO]     | Video Games Collection | ? | One Point O (2004) (TMDb: 17110)                                      |
[2022-10-11 10:09:31,598] [builder.py:2243]           [INFO]     | Video Games Collection | ? | The Girl with the Dragon Tattoo (2009) (TMDb: 15472)                  |
[2022-10-11 10:09:31,637] [builder.py:2243]           [INFO]     | Video Games Collection | ? | The Score (2001) (TMDb: 11371)                                        |
[2022-10-11 10:09:31,648] [builder.py:2243]           [INFO]     | Video Games Collection | ? | Une Créature de Rêve (1985) (TMDb: 11814)                             |
[2022-10-11 10:09:31,687] [builder.py:2243]           [INFO]     | Video Games Collection | ? | Johnny Mnemonic (1995) (TMDb: 9886)                                   |
[2022-10-11 10:09:31,698] [builder.py:2243]           [INFO]     | Video Games Collection | ? | Disconnect (2012) (TMDb: 127517)                                      |
[2022-10-11 10:09:31,729] [builder.py:2243]           [INFO]     | Video Games Collection | ? | Minority Report (2002) (TMDb: 180)                                    |
[2022-10-11 10:09:31,739] [builder.py:2243]           [INFO]     | Video Games Collection | ? | L'Ordinateur en folie (1969) (TMDb: 29228)                            |
[2022-10-11 10:09:31,795] [builder.py:2243]           [INFO]     | Video Games Collection | ? | Harcèlement (1994) (TMDb: 8984)                                       |
[2022-10-11 10:09:31,806] [builder.py:2243]           [INFO]     | Video Games Collection | ? | Eagle Eye (2008) (TMDb: 13027)                                        |
[2022-10-11 10:09:31,823] [builder.py:2243]           [INFO]     | Video Games Collection | ? | TRON: Legacy (2010) (TMDb: 20526)                                     |
[2022-10-11 10:09:31,840] [builder.py:2243]           [INFO]     | Video Games Collection | ? | Citizenfour (2014) (TMDb: 293310)                                     |
[2022-10-11 10:09:31,856] [builder.py:2243]           [INFO]     | Video Games Collection | ? | Hackers Wanted (2009) (TMDb: 38229)                                   |
[2022-10-11 10:09:31,884] [builder.py:2243]           [INFO]     | Video Games Collection | ? | Hackers: Wizards of the Electronic Age (1984) (TMDb: 175423)          |
[2022-10-11 10:09:31,907] [builder.py:2243]           [INFO]     | Video Games Collection | ? | We Steal Secrets: The Story of WikiLeaks (2013) (TMDb: 159154)        |
[2022-10-11 10:09:31,923] [builder.py:2243]           [INFO]     | Video Games Collection | ? | The Fifth Estate (2013) (TMDb: 162903)                                |
[2022-10-11 10:09:31,965] [builder.py:2243]           [INFO]     | Video Games Collection | ? | Les cinglés de l'informatique (1996) (TMDb: 15554)                    |
[2022-10-11 10:09:31,997] [builder.py:2243]           [INFO]     | Video Games Collection | ? | L'histoire interdite du piratage informatique (2001) (TMDb: 203659)   |
[2022-10-11 10:09:32,015] [builder.py:2243]           [INFO]     | Video Games Collection | ? | The Internet's Own Boy: L'histoire d'Aaron Swartz (2014) (TMDb: 250658) |
[2022-10-11 10:09:32,057] [builder.py:2243]           [INFO]     | Video Games Collection | ? | TPB AFK: The Pirate Bay - Away from Keyboard (2013) (TMDb: 50275)     |
[2022-10-11 10:09:32,073] [builder.py:2243]           [INFO]     | Video Games Collection | ? | Les Nouveaux Loups du web (2013) (TMDb: 159622)                       |
[2022-10-11 10:09:32,115] [builder.py:2243]           [INFO]     | Video Games Collection | ? | Indie Game : The Movie (2012) (TMDb: 80215)                           |
[2022-10-11 10:09:32,132] [builder.py:2243]           [INFO]     | Video Games Collection | ? | Downloaded (2013) (TMDb: 173210)                                      |
[2022-10-11 10:09:32,173] [builder.py:2243]           [INFO]     | Video Games Collection | ? | Steal This Film (2006) (TMDb: 15324)                                  |
[2022-10-11 10:09:32,190] [builder.py:2243]           [INFO]     | Video Games Collection | ? | Steal This Film II (2007) (TMDb: 15323)                               |
[2022-10-11 10:09:32,251] [builder.py:2243]           [INFO]     | Video Games Collection | ? | We Live in Public (2009) (TMDb: 34015)                                |
[2022-10-11 10:09:32,259] [builder.py:2243]           [INFO]     | Video Games Collection | ? | Google and the World Brain (2013) (TMDb: 157005)                      |
[2022-10-11 10:09:32,290] [builder.py:2243]           [INFO]     | Video Games Collection | ? | Good Copy Bad Copy (2007) (TMDb: 22285)                               |
[2022-10-11 10:09:32,307] [builder.py:2243]           [INFO]     | Video Games Collection | ? | Code Rush (2000) (TMDb: 14091)                                        |
[2022-10-11 10:09:32,324] [builder.py:2243]           [INFO]     | Video Games Collection | ? | Home Page (1998) (TMDb: 159569)                                       |
[2022-10-11 10:09:32,352] [builder.py:2243]           [INFO]     | Video Games Collection | ? | Talhotblond (2009) (TMDb: 39246)                                      |
[2022-10-11 10:09:32,369] [builder.py:2243]           [INFO]     | Video Games Collection | ? | Startup.com (2001) (TMDb: 14268)                                      |
[2022-10-11 10:09:32,410] [builder.py:2243]           [INFO]     | Video Games Collection | ? | Algorithm (2014) (TMDb: 281826)                                       |
[2022-10-11 10:09:32,427] [builder.py:2243]           [INFO]     | Video Games Collection | ? | Deep Web (2015) (TMDb: 321769)                                        |
[2022-10-11 10:09:32,469] [builder.py:2243]           [INFO]     | Video Games Collection | ? | DEFCON: The Documentary (2013) (TMDb: 211830)                         |
[2022-10-11 10:09:32,486] [builder.py:2243]           [INFO]     | Video Games Collection | ? | The Singularity (2012) (TMDb: 431989)                                 |
[2022-10-11 10:09:32,519] [builder.py:2243]           [INFO]     | Video Games Collection | ? | DSKNECTD (2013) (TMDb: 273245)                                        |
[2022-10-11 10:09:32,535] [builder.py:2243]           [INFO]     | Video Games Collection | ? | The Hacker Wars (2014) (TMDb: 296941)                                 |
[2022-10-11 10:09:32,562] [builder.py:2243]           [INFO]     | Video Games Collection | ? | The Social Network (2010) (TMDb: 37799)                               |
[2022-10-11 10:09:32,573] [builder.py:2243]           [INFO]     | Video Games Collection | ? | Les Stagiaires (2013) (TMDb: 116741)                                  |
[2022-10-11 10:09:32,604] [builder.py:2243]           [INFO]     | Video Games Collection | ? | Transcendance (2014) (TMDb: 157353)                                   |
[2022-10-11 10:09:32,615] [builder.py:2243]           [INFO]     | Video Games Collection | ? | Qui suis-je (2014) (TMDb: 284427)                                     |
[2022-10-11 10:09:32,645] [builder.py:2243]           [INFO]     | Video Games Collection | ? | Jobs (2013) (TMDb: 115782)                                            |
[2022-10-11 10:09:32,656] [builder.py:2243]           [INFO]     | Video Games Collection | ? | Halt and Catch Fire (TMDb: 1007168)                                   |
[2022-10-11 10:09:32,687] [builder.py:2243]           [INFO]     | Video Games Collection | ? | Nerve (2016) (TMDb: 328387)                                           |
[2022-10-11 10:09:32,696] [builder.py:2243]           [INFO]     | Video Games Collection | ? | Hacker (2016) (TMDb: 413052)                                          |
[2022-10-11 10:09:32,711] [builder.py:2243]           [INFO]     | Video Games Collection | ? | Snowden (2016) (TMDb: 302401)                                         |
[2022-10-11 10:09:32,746] [builder.py:2243]           [INFO]     | Video Games Collection | ? | Ready Player One (2018) (TMDb: 333339)                                |
[2022-10-11 10:09:32,758] [builder.py:2243]           [INFO]     | Video Games Collection | ? | The Boyfriend : Pourquoi lui ? (2016) (TMDb: 356305)                  |
[2022-10-11 10:09:32,779] [builder.py:2243]           [INFO]     | Video Games Collection | ? | Atari: Game Over (2014) (TMDb: 284470)                                |
[2022-10-11 10:09:32,787] [builder.py:2243]           [INFO]     | Video Games Collection | ? | Imitation Game (2014) (TMDb: 205596)                                  |
[2022-10-11 10:09:32,789] [builder.py:2243]           [INFO]     | Video Games Collection | ? | Paranoïa (2013) (TMDb: 115348)                                        |
[2022-10-11 10:09:32,803] [builder.py:2243]           [INFO]     | Video Games Collection | ? | The Circle (2017) (TMDb: 339988)                                      |
[2022-10-11 10:09:32,829] [builder.py:2243]           [INFO]     | Video Games Collection | ? | Shiny_Flakes : Le petit baron du darknet (2021) (TMDb: 850329)        |
[2022-10-11 10:09:32,839] [builder.py:2243]           [INFO]     | Video Games Collection | ? | Videokid (1989) (TMDb: 183)                                           |
[2022-10-11 10:09:32,853] [builder.py:2243]           [INFO]     | Video Games Collection | ? | Super Mario Bros. (1993) (TMDb: 9607)                                 |
[2022-10-11 10:09:32,870] [builder.py:2243]           [INFO]     | Video Games Collection | ? | Double Dragon (1994) (TMDb: 2436)                                     |
[2022-10-11 10:09:32,887] [builder.py:2243]           [INFO]     | Video Games Collection | ? | Mortal Kombat (1995) (TMDb: 9312)                                     |
[2022-10-11 10:09:32,903] [builder.py:2243]           [INFO]     | Video Games Collection | ? | Mortal Kombat: Annihilation (1997) (TMDb: 9823)                       |
[2022-10-11 10:09:32,920] [builder.py:2243]           [INFO]     | Video Games Collection | ? | The King of Fighters (2010) (TMDb: 44571)                             |
[2022-10-11 10:09:32,937] [builder.py:2243]           [INFO]     | Video Games Collection | ? | Tekken (2010) (TMDb: 42194)                                           |
[2022-10-11 10:09:32,953] [builder.py:2243]           [INFO]     | Video Games Collection | ? | Silent Hill (2006) (TMDb: 588)                                        |
[2022-10-11 10:09:32,970] [builder.py:2243]           [INFO]     | Video Games Collection | ? | Resident Evil (2002) (TMDb: 1576)                                     |
[2022-10-11 10:09:32,992] [builder.py:2243]           [INFO]     | Video Games Collection | ? | Lara Croft: Tomb Raider (2001) (TMDb: 1995)                           |
[2022-10-11 10:09:33,004] [builder.py:2243]           [INFO]     | Video Games Collection | ? | Rampage (2018) (TMDb: 427641)                                         |
[2022-10-11 10:09:33,054] [builder.py:2243]           [INFO]     | Video Games Collection | ? | Tomb Raider (2018) (TMDb: 338970)                                     |
[2022-10-11 10:09:33,071] [builder.py:2243]           [INFO]     | Video Games Collection | ? | Resident Evil : Chapitre Final (2016) (TMDb: 173897)                  |
[2022-10-11 10:09:33,113] [builder.py:2243]           [INFO]     | Video Games Collection | ? | Assassin's Creed (2016) (TMDb: 121856)                                |
[2022-10-11 10:09:33,129] [builder.py:2243]           [INFO]     | Video Games Collection | ? | Warcraft (2016) (TMDb: 68735)                                         |
[2022-10-11 10:09:33,170] [builder.py:2243]           [INFO]     | Video Games Collection | ? | Angry Birds: Le film (2016) (TMDb: 153518)                            |
[2022-10-11 10:09:33,187] [builder.py:2243]           [INFO]     | Video Games Collection | ? | Hitman: Agent 47 (2015) (TMDb: 249070)                                |
[2022-10-11 10:09:33,229] [builder.py:2243]           [INFO]     | Video Games Collection | ? | Pixels (2015) (TMDb: 257344)                                          |
[2022-10-11 10:09:33,246] [builder.py:2243]           [INFO]     | Video Games Collection | ? | Dead rising: Watchtower (2015) (TMDb: 293771)                         |
[2022-10-11 10:09:33,259] [builder.py:2243]           [INFO]     | Video Games Collection | ? | Need for Speed (2014) (TMDb: 136797)                                  |
[2022-10-11 10:09:33,310] [builder.py:2243]           [INFO]     | Video Games Collection | ? | Silent Hill : Revelation 3D (2012) (TMDb: 61012)                      |
[2022-10-11 10:09:33,337] [builder.py:2243]           [INFO]     | Video Games Collection | ? | Resident Evil: Retribution (2012) (TMDb: 71679)                       |
[2022-10-11 10:09:33,362] [builder.py:2243]           [INFO]     | Video Games Collection | ? | Blood Reich (2010) (TMDb: 12685)                                      |
[2022-10-11 10:09:33,387] [builder.py:2243]           [INFO]     | Video Games Collection | ? | Resident Evil: Afterlife (2010) (TMDb: 35791)                         |
[2022-10-11 10:09:33,412] [builder.py:2243]           [INFO]     | Video Games Collection | ? | Prince of Persia: The Sands of Time (2010) (TMDb: 9543)               |
[2022-10-11 10:09:33,437] [builder.py:2243]           [INFO]     | Video Games Collection | ? | Street Fighter : La Légende de Chun-Li (2009) (TMDb: 15268)           |
[2022-10-11 10:09:33,462] [builder.py:2243]           [INFO]     | Video Games Collection | ? | Resident Evil : Extinction (2007) (TMDb: 7737)                        |
[2022-10-11 10:09:33,487] [builder.py:2243]           [INFO]     | Video Games Collection | ? | Hitman (2007) (TMDb: 1620)                                            |
[2022-10-11 10:09:33,512] [builder.py:2243]           [INFO]     | Video Games Collection | ? | Max Payne (2008) (TMDb: 13051)                                        |
[2022-10-11 10:09:33,537] [builder.py:2243]           [INFO]     | Video Games Collection | ? | BloodRayne (2005) (TMDb: 168705)                                      |
[2022-10-11 10:09:33,562] [builder.py:2243]           [INFO]     | Video Games Collection | ? | Doom (2005) (TMDb: 8814)                                              |
[2022-10-11 10:09:33,587] [builder.py:2243]           [INFO]     | Video Games Collection | ? | Resident Evil: Apocalypse (2004) (TMDb: 1577)                         |
[2022-10-11 10:09:33,612] [builder.py:2243]           [INFO]     | Video Games Collection | ? | House of the Dead (2003) (TMDb: 11059)                                |
[2022-10-11 10:09:33,637] [builder.py:2243]           [INFO]     | Video Games Collection | ? | Lara Croft: Tomb Raider - The Cradle of Life (2003) (TMDb: 1996)      |
[2022-10-11 10:09:33,671] [builder.py:2243]           [INFO]     | Video Games Collection | ? | Final Fantasy : Les Créatures de l’Esprit (2001) (TMDb: 2114)         |
[2022-10-11 10:09:33,696] [builder.py:2243]           [INFO]     | Video Games Collection | ? | Wing Commander (1999) (TMDb: 10350)                                   |
[2022-10-11 10:09:33,721] [builder.py:2243]           [INFO]     | Video Games Collection | ? | Street Fighter : L'Ultime combat (1994) (TMDb: 11667)                 |
[2022-10-11 10:09:33,737] [builder.py:2243]           [INFO]     | Video Games Collection | ? | Alone in the Dark (2005) (TMDb: 12142)                                |
[2022-10-11 10:09:33,779] [builder.py:2243]           [INFO]     | Video Games Collection | ? | DOA: Dead or alive (2006) (TMDb: 9053)                                |
[2022-10-11 10:09:33,804] [builder.py:2243]           [INFO]     | Video Games Collection | ? | Pokémon Detective Pikachu (2019) (TMDb: 447404)                       |
[2022-10-11 10:09:33,829] [builder.py:2243]           [INFO]     | Video Games Collection | ? | Sonic the Hedgehog (2020) (TMDb: 454626)                              |
[2022-10-11 10:09:33,854] [builder.py:2243]           [INFO]     | Video Games Collection | ? | Cloak & Dagger (1984) (TMDb: 48677)                                   |
[2022-10-11 10:09:33,879] [builder.py:2243]           [INFO]     | Video Games Collection | ? | Starfighter (1984) (TMDb: 11884)                                      |
[2022-10-11 10:09:33,921] [builder.py:2243]           [INFO]     | Video Games Collection | ? | Arcade (1993) (TMDb: 28790)                                           |
[2022-10-11 10:09:33,971] [builder.py:2243]           [INFO]     | Video Games Collection | ? | Brainscan (1994) (TMDb: 14237)                                        |
[2022-10-11 10:09:33,996] [builder.py:2243]           [INFO]     | Video Games Collection | ? | Game Over, Man! (2018) (TMDb: 456750)                                 |
[2022-10-11 10:09:34,021] [builder.py:2243]           [INFO]     | Video Games Collection | ? | Crazy Party (2006) (TMDb: 9900)                                       |
[2022-10-11 10:09:34,046] [builder.py:2243]           [INFO]     | Video Games Collection | ? | Scott Pilgrim vs. the World (2010) (TMDb: 22538)                      |
[2022-10-11 10:09:34,071] [builder.py:2243]           [INFO]     | Video Games Collection | ? | Jumanji (1995) (TMDb: 8844)                                           |
[2022-10-11 10:09:34,096] [builder.py:2243]           [INFO]     | Video Games Collection | ? | Jumanji: Welcome to the Jungle (2017) (TMDb: 353486)                  |
[2022-10-11 10:09:34,121] [builder.py:2243]           [INFO]     | Video Games Collection | ? | Jumanji: The Next Level (2019) (TMDb: 512200)                         |
[2022-10-11 10:09:34,122] [builder.py:2243]           [INFO]     | Video Games Collection | ? | Turbo Power Rangers (1997) (TMDb: 6499)                               |
[2022-10-11 10:09:34,146] [builder.py:2243]           [INFO]     | Video Games Collection | ? | 8-Bit Christmas (2021) (TMDb: 802217)                                 |
[2022-10-11 10:09:34,171] [builder.py:2243]           [INFO]     | Video Games Collection | ? | Free Guy (2021) (TMDb: 550988)                                        |
[2022-10-11 10:09:34,196] [builder.py:2243]           [INFO]     | Video Games Collection | ? | Sonic the Hedgehog 2 (2022) (TMDb: 675353)                            |
[2022-10-11 10:09:34,221] [builder.py:2243]           [INFO]     | Video Games Collection | ? | Uncharted (2022) (TMDb: 335787)                                       |
[2022-10-11 10:09:34,246] [builder.py:2243]           [INFO]     | Video Games Collection | ? | Resident Evil : Bienvenue à Raccoon City (2021) (TMDb: 460458)        |
[2022-10-11 10:09:34,271] [builder.py:2243]           [INFO]     | Video Games Collection | ? | Mortal Kombat (2021) (TMDb: 460465)                                   |
[2022-10-11 10:09:34,296] [builder.py:2243]           [INFO]     | Video Games Collection | ? | Monster Hunter (2020) (TMDb: 458576)                                  |
[2022-10-11 10:09:34,296] [builder.py:2248]           [INFO]     |                                                                                                    |
[2022-10-11 10:09:34,296] [builder.py:2249]           [INFO]     | 155 Movies Missing                                                                                 |
[2022-10-11 10:09:35,754] [plex.py:711]               [DEBUG]    | Smart Collection Test: ?type=1&sort=audienceRating%3Adesc&label=226507                             |
[2022-10-11 10:09:35,788] [builder.py:2441]           [INFO]     |                                                                                                    |
[2022-10-11 10:09:35,789] [builder.py:2442]           [INFO]     |============================ Updating Details of Video Games Collection ============================|
[2022-10-11 10:09:35,789] [builder.py:2443]           [INFO]     |                                                                                                    |
[2022-10-11 10:09:36,054] [builder.py:2509]           [INFO]     | Collection Metadata Edits                                                                          |
                                                                 | Summary (summary) | Movies about hacking     
                                                                 | Sort Title | +3_Video Games
                                                                 | Label | +PMM
[2022-10-11 10:09:36,339] [builder.py:2513]           [INFO]     | Details: have been updated
[2022-10-11 10:09:36,339] [builder.py:2517]           [INFO]     | 
[2022-10-11 10:09:36,340] [builder.py:2580]           [WARNING]  | Asset Warning: Unable to find asset folder: 'Video Games'
[2022-10-11 10:09:36,340] [util.py:150]               [DEBUG]    | 1 poster found:
[2022-10-11 10:09:36,340] [util.py:152]               [DEBUG]    | Method: url_poster Poster: https://raw.githubusercontent.com/MonsieurZed/poster/main/img/GENRE_VG.png
[2022-10-11 10:09:36,370] [library.py:170]            [INFO]     | Detail: url_poster updated poster to [URL] https://raw.githubusercontent.com/MonsieurZed/poster/main/img/GENRE_VG.png
[2022-10-11 10:09:36,396] [plex_meta_manager.py:708]  [INFO]     | 
[2022-10-11 10:09:36,397] [plex_meta_manager.py:709]  [INFO]     |====================================================================================================|
[2022-10-11 10:09:36,397] [plex_meta_manager.py:709]  [INFO]     |                                  Finished Video Games Collection                                   |
[2022-10-11 10:09:36,397] [plex_meta_manager.py:709]  [INFO]     |                                    Collection Run Time: 0:00:27                                    |
[2022-10-11 10:09:36,397] [plex_meta_manager.py:709]  [INFO]     |====================================================================================================|
