[2022-10-11 11:01:21,544] [builder.py:197]            [INFO]     |====================================================================================================|
[2022-10-11 11:01:21,544] [builder.py:197]            [INFO]     |                             Les Randonneurs Collection in Z. 1 - Films                             |
[2022-10-11 11:01:21,544] [builder.py:197]            [INFO]     |====================================================================================================|
[2022-10-11 11:01:21,545] [builder.py:198]            [INFO]     |                                                                                                    |
[2022-10-11 11:01:21,545] [builder.py:203]            [INFO]     |================================ Building Definition From Templates ================================|
[2022-10-11 11:01:21,545] [builder.py:211]            [DEBUG]    |                                                                                                    |
[2022-10-11 11:01:21,545] [meta.py:128]               [DEBUG]    | Template my_template                                                                               |
[2022-10-11 11:01:21,546] [meta.py:129]               [DEBUG]    | Call: {'value': ['52094'], 'tmdb_collection': ['52094'], 'key_name': 'Les Randonneurs', 'key': '52094', 'name': 'my_template'} |
[2022-10-11 11:01:21,546] [meta.py:304]               [DEBUG]    |                                                                                                    |
[2022-10-11 11:01:21,546] [meta.py:305]               [DEBUG]    | Variables: {'value': ['52094'], 'tmdb_collection': ['52094'], 'key_name': 'Les Randonneurs', 'key': '52094', 'name': 'my_template', 'collection_name': 'Les Randonneurs', 'mapping_name': 'Les Randonneurs', 'library_type': 'movie', 'library_name': 'Z. 1 - Films', 'value_encoded': '%5B%2752094%27%5D', 'tmdb_collection_encoded': '%5B%2752094%27%5D', 'key_name_encoded': 'Les%20Randonneurs', 'key_encoded': '52094', 'name_encoded': 'my_template', 'collection_name_encoded': 'Les%20Randonneurs', 'mapping_name_encoded': 'Les%20Randonneurs', 'library_type_encoded': 'movie', 'library_name_encoded': 'Z.%201%20-%20Films', 'collection_sort': 'Les Randonneurs'} |
[2022-10-11 11:01:21,546] [meta.py:306]               [DEBUG]    |                                                                                                    |
[2022-10-11 11:01:21,546] [meta.py:307]               [DEBUG]    | Defaults: {}                                                                                       |
[2022-10-11 11:01:21,547] [meta.py:308]               [DEBUG]    |                                                                                                    |
[2022-10-11 11:01:21,547] [meta.py:309]               [DEBUG]    | Optional: ['my_collection_poster', 'my_collection_poster_encoded']                                 |
[2022-10-11 11:01:21,548] [meta.py:370]               [DEBUG]    |                                                                                                    |
[2022-10-11 11:01:21,548] [meta.py:371]               [DEBUG]    | Final Template Attributes: {'tmdb_collection_details': ['52094'], 'collection_order': 'release', 'collection_mode': 'hide_items', 'sort_title': '+C1_Les Randonneurs'} |
[2022-10-11 11:01:21,548] [meta.py:372]               [DEBUG]    |                                                                                                    |
[2022-10-11 11:01:21,548] [builder.py:219]            [INFO]     |============================== Validating Les Randonneurs Attributes ===============================|
[2022-10-11 11:01:21,548] [builder.py:609]            [DEBUG]    |                                                                                                    |
[2022-10-11 11:01:21,548] [builder.py:610]            [DEBUG]    | Validating Method: collection_order                                                                |
[2022-10-11 11:01:21,549] [builder.py:611]            [DEBUG]    | Value: release                                                                                     |
[2022-10-11 11:01:21,549] [builder.py:627]            [DEBUG]    |                                                                                                    |
[2022-10-11 11:01:21,549] [builder.py:631]            [DEBUG]    | Validating Method: label                                                                           |
[2022-10-11 11:01:21,549] [builder.py:632]            [DEBUG]    | Value: TMDb Collections                                                                            |
[2022-10-11 11:01:21,549] [builder.py:627]            [DEBUG]    |                                                                                                    |
[2022-10-11 11:01:21,549] [builder.py:631]            [DEBUG]    | Validating Method: tmdb_collection_details                                                         |
[2022-10-11 11:01:21,549] [builder.py:632]            [DEBUG]    | Value: ['52094']                                                                                   |
[2022-10-11 11:01:21,561] [builder.py:627]            [DEBUG]    |                                                                                                    |
[2022-10-11 11:01:21,561] [builder.py:631]            [DEBUG]    | Validating Method: collection_mode                                                                 |
[2022-10-11 11:01:21,562] [builder.py:632]            [DEBUG]    | Value: hide_items                                                                                  |
[2022-10-11 11:01:21,562] [builder.py:627]            [DEBUG]    |                                                                                                    |
[2022-10-11 11:01:21,562] [builder.py:631]            [DEBUG]    | Validating Method: sort_title                                                                      |
[2022-10-11 11:01:21,562] [builder.py:632]            [DEBUG]    | Value: +C1_Les Randonneurs                                                                         |
[2022-10-11 11:01:21,748] [builder.py:797]            [INFO]     |                                                                                                    |
[2022-10-11 11:01:21,748] [builder.py:798]            [INFO]     | Validation Successful                                                                              |
[2022-10-11 11:01:21,748] [plex_meta_manager.py:561]  [INFO]     |                                                                                                    |
[2022-10-11 11:01:21,748] [plex_meta_manager.py:563]  [INFO]     |================================ Running Les Randonneurs Collection ================================|
[2022-10-11 11:01:21,749] [plex_meta_manager.py:575]  [INFO]     |                                                                                                    |
[2022-10-11 11:01:21,749] [plex_meta_manager.py:576]  [INFO]     | Sync Mode: append                                                                                  |
[2022-10-11 11:01:21,749] [plex_meta_manager.py:579]  [DEBUG]    |                                                                                                    |
[2022-10-11 11:01:21,749] [plex_meta_manager.py:580]  [DEBUG]    | Builder: tmdb_collection: 52094                                                                    |
[2022-10-11 11:01:21,749] [plex_meta_manager.py:581]  [INFO]     |                                                                                                    |
[2022-10-11 11:01:21,753] [tmdb.py:382]               [INFO]     | Processing TMDb Collection: (52094) Les Randonneurs - Saga (2 Items)                               |
[2022-10-11 11:01:21,753] [builder.py:1540]           [DEBUG]    |                                                                                                    |
[2022-10-11 11:01:21,753] [builder.py:1541]           [DEBUG]    | 2 IDs Found: [(40413, 'tmdb'), (13735, 'tmdb')]                                                    |
[2022-10-11 11:01:21,753] [builder.py:1542]           [DEBUG]    |                                                                                                    |
[2022-10-11 11:01:21,754] [builder.py:2064]           [INFO]     |                                                                                                    |
[2022-10-11 11:01:21,754] [builder.py:2065]           [INFO]     |=============================== Adding to Les Randonneurs Collection ===============================|
[2022-10-11 11:01:21,754] [builder.py:2066]           [INFO]     |                                                                                                    |
[2022-10-11 11:01:21,754] [builder.py:2080]           [INFO]     | 1/2 | Les Randonneurs Collection | = | Les randonneurs (1997)                                      |
[2022-10-11 11:01:21,754] [builder.py:2080]           [INFO]     | 2/2 | Les Randonneurs Collection | = | Les Randonneurs à Saint-Tropez (2008)                       |
[2022-10-11 11:01:21,755] [builder.py:2100]           [INFO]     |                                                                                                    |
[2022-10-11 11:01:21,755] [builder.py:2102]           [INFO]     | 2 Movies Processed 0 Movies Added                                                                  |
[2022-10-11 11:01:21,762] [builder.py:2441]           [INFO]     |                                                                                                    |
[2022-10-11 11:01:21,763] [builder.py:2442]           [INFO]     |========================== Updating Details of Les Randonneurs Collection ==========================|
[2022-10-11 11:01:21,763] [builder.py:2443]           [INFO]     |                                                                                                    |
[2022-10-11 11:01:21,772] [builder.py:2509]           [INFO]     | Collection Metadata Edits                                                                          |
                                                                 | Sort Title | +C1_Les Randonneurs
[2022-10-11 11:01:21,938] [builder.py:2513]           [INFO]     | Details: have been updated
[2022-10-11 11:01:21,938] [builder.py:2517]           [INFO]     | 
[2022-10-11 11:01:21,939] [builder.py:2580]           [WARNING]  | Asset Warning: Unable to find asset folder: 'Les Randonneurs'
[2022-10-11 11:01:21,939] [util.py:150]               [DEBUG]    | 1 poster found:
[2022-10-11 11:01:21,939] [util.py:152]               [DEBUG]    | Method: tmdb_collection_details Poster: https://image.tmdb.org/t/p/original/gcgDdfGARIc1GosuMxyJKkwaOxo.jpg
[2022-10-11 11:01:21,940] [util.py:150]               [DEBUG]    | 1 background found:
[2022-10-11 11:01:21,940] [util.py:152]               [DEBUG]    | Method: tmdb_collection_details Background: https://image.tmdb.org/t/p/original/k15ilnayGfGlfyIuqHpnri2JgAT.jpg
[2022-10-11 11:01:21,941] [library.py:172]            [INFO]     | Detail: poster update not needed
[2022-10-11 11:01:21,942] [library.py:188]            [INFO]     | Detail: background update not needed
[2022-10-11 11:01:22,126] [plex_meta_manager.py:708]  [INFO]     | 
[2022-10-11 11:01:22,127] [plex_meta_manager.py:709]  [INFO]     |====================================================================================================|
[2022-10-11 11:01:22,127] [plex_meta_manager.py:709]  [INFO]     |                                Finished Les Randonneurs Collection                                 |
[2022-10-11 11:01:22,127] [plex_meta_manager.py:709]  [INFO]     |                                    Collection Run Time: 0:00:00                                    |
[2022-10-11 11:01:22,127] [plex_meta_manager.py:709]  [INFO]     |====================================================================================================|
