[2022-10-11 09:53:38,191] [builder.py:197]            [INFO]     |====================================================================================================|
[2022-10-11 09:53:38,191] [builder.py:197]            [INFO]     |                            Trending Collection in Z. 5 - Film Animation                            |
[2022-10-11 09:53:38,191] [builder.py:197]            [INFO]     |====================================================================================================|
[2022-10-11 09:53:38,191] [builder.py:198]            [INFO]     |                                                                                                    |
[2022-10-11 09:53:38,191] [builder.py:203]            [INFO]     |================================ Building Definition From Templates ================================|
[2022-10-11 09:53:38,192] [builder.py:211]            [DEBUG]    |                                                                                                    |
[2022-10-11 09:53:38,192] [meta.py:128]               [DEBUG]    | Template Chart                                                                                     |
[2022-10-11 09:53:38,192] [meta.py:129]               [DEBUG]    | Call: ordereddict([('name', 'Chart'), ('num', 2)])                                                 |
[2022-10-11 09:53:38,192] [meta.py:304]               [DEBUG]    |                                                                                                    |
[2022-10-11 09:53:38,192] [meta.py:305]               [DEBUG]    | Variables: ordereddict([('name', 'Chart'), ('num', 2), ('collection_name', 'Trending'), ('mapping_name', 'Trending'), ('library_type', 'movie'), ('library_name', 'Z. 5 - Film Animation'), ('name_encoded', 'Chart'), ('num_encoded', '2'), ('collection_name_encoded', 'Trending'), ('mapping_name_encoded', 'Trending'), ('library_type_encoded', 'movie'), ('library_name_encoded', 'Z.%205%20-%20Film%20Animation'), ('collection_sort', 'Trending')]) |
[2022-10-11 09:53:38,192] [meta.py:306]               [DEBUG]    |                                                                                                    |
[2022-10-11 09:53:38,192] [meta.py:307]               [DEBUG]    | Defaults: {}                                                                                       |
[2022-10-11 09:53:38,193] [meta.py:308]               [DEBUG]    |                                                                                                    |
[2022-10-11 09:53:38,193] [meta.py:309]               [DEBUG]    | Optional: []                                                                                       |
[2022-10-11 09:53:38,195] [meta.py:370]               [DEBUG]    |                                                                                                    |
[2022-10-11 09:53:38,195] [meta.py:371]               [DEBUG]    | Final Template Attributes: {'sort_title': '+1_2Trending', 'sync_mode': 'sync'}                     |
[2022-10-11 09:53:38,196] [meta.py:372]               [DEBUG]    |                                                                                                    |
[2022-10-11 09:53:38,196] [builder.py:219]            [INFO]     |================================== Validating Trending Attributes ==================================|
[2022-10-11 09:53:38,196] [builder.py:488]            [DEBUG]    |                                                                                                    |
[2022-10-11 09:53:38,196] [builder.py:489]            [DEBUG]    | Validating Method: sync_mode                                                                       |
[2022-10-11 09:53:38,196] [builder.py:493]            [DEBUG]    | Value: sync                                                                                        |
[2022-10-11 09:53:38,196] [builder.py:627]            [DEBUG]    |                                                                                                    |
[2022-10-11 09:53:38,196] [builder.py:631]            [DEBUG]    | Validating Method: url_poster                                                                      |
[2022-10-11 09:53:38,197] [builder.py:632]            [DEBUG]    | Value: https://raw.githubusercontent.com/MonsieurZed/poster/main/img/TOP_TRENDING.png              |
[2022-10-11 09:53:38,389] [builder.py:627]            [DEBUG]    |                                                                                                    |
[2022-10-11 09:53:38,389] [builder.py:631]            [DEBUG]    | Validating Method: trakt_trending                                                                  |
[2022-10-11 09:53:38,389] [builder.py:632]            [DEBUG]    | Value: 30                                                                                          |
[2022-10-11 09:53:38,390] [builder.py:1432]           [WARNING]  | Collection Warning: trakt_trending will run as trakt_chart                                         |
[2022-10-11 09:53:38,390] [builder.py:627]            [DEBUG]    |                                                                                                    |
[2022-10-11 09:53:38,390] [builder.py:631]            [DEBUG]    | Validating Method: tmdb_trending_daily                                                             |
[2022-10-11 09:53:38,390] [builder.py:632]            [DEBUG]    | Value: 30                                                                                          |
[2022-10-11 09:53:38,390] [builder.py:627]            [DEBUG]    |                                                                                                    |
[2022-10-11 09:53:38,390] [builder.py:631]            [DEBUG]    | Validating Method: tmdb_trending_weekly                                                            |
[2022-10-11 09:53:38,391] [builder.py:632]            [DEBUG]    | Value: 30                                                                                          |
[2022-10-11 09:53:38,391] [builder.py:627]            [DEBUG]    |                                                                                                    |
[2022-10-11 09:53:38,391] [builder.py:631]            [DEBUG]    | Validating Method: imdb_list                                                                       |
[2022-10-11 09:53:38,391] [builder.py:632]            [DEBUG]    | Value: ordereddict([('url', 'https://www.imdb.com/search/title/?title_type=tv_movie'), ('limit', 50)]) |
[2022-10-11 09:53:39,470] [builder.py:627]            [DEBUG]    |                                                                                                    |
[2022-10-11 09:53:39,471] [builder.py:631]            [DEBUG]    | Validating Method: summary                                                                         |
[2022-10-11 09:53:39,471] [builder.py:632]            [DEBUG]    | Value: Movies Trending across the internet                                                         |
[2022-10-11 09:53:39,472] [builder.py:627]            [DEBUG]    |                                                                                                    |
[2022-10-11 09:53:39,472] [builder.py:631]            [DEBUG]    | Validating Method: sort_title                                                                      |
[2022-10-11 09:53:39,472] [builder.py:632]            [DEBUG]    | Value: +1_2Trending                                                                                |
[2022-10-11 09:53:39,477] [plex.py:790]               [DEBUG]    |                                                                                                    |
[2022-10-11 09:53:39,477] [plex.py:793]               [DEBUG]    | Looking for: Trending                                                                              |
[2022-10-11 09:53:39,477] [builder.py:797]            [INFO]     |                                                                                                    |
[2022-10-11 09:53:39,478] [builder.py:798]            [INFO]     | Validation Successful                                                                              |
[2022-10-11 09:53:39,478] [plex_meta_manager.py:561]  [INFO]     |                                                                                                    |
[2022-10-11 09:53:39,478] [plex_meta_manager.py:563]  [INFO]     |=================================== Running Trending Collection ====================================|
[2022-10-11 09:53:39,478] [plex_meta_manager.py:575]  [INFO]     |                                                                                                    |
[2022-10-11 09:53:39,478] [plex_meta_manager.py:576]  [INFO]     | Sync Mode: sync                                                                                    |
[2022-10-11 09:53:39,478] [plex_meta_manager.py:579]  [DEBUG]    |                                                                                                    |
[2022-10-11 09:53:39,479] [plex_meta_manager.py:580]  [DEBUG]    | Builder: trakt_chart: {'chart': 'trending', 'limit': 30, 'time_period': None}                      |
[2022-10-11 09:53:39,479] [plex_meta_manager.py:581]  [INFO]     |                                                                                                    |
[2022-10-11 09:53:39,479] [trakt.py:495]              [INFO]     | Processing Trakt Chart: 30 Trending Movies                                                         |
[2022-10-11 09:53:39,638] [builder.py:1540]           [DEBUG]    |                                                                                                    |
[2022-10-11 09:53:39,638] [builder.py:1541]           [DEBUG]    | 30 IDs Found: [(718930, 'tmdb'), (338947, 'tmdb'), (597922, 'tmdb'), (675, 'tmdb'), (10191, 'tmdb'), (361743, 'tmdb'), (451048, 'tmdb'), (507086, 'tmdb'), (894205, 'tmdb'), (366672, 'tmdb'), (799546, 'tmdb'), (24428, 'tmdb'), (49051, 'tmdb'), (324857, 'tmdb'), (453395, 'tmdb'), (791373, 'tmdb'), (616037, 'tmdb'), (766507, 'tmdb'), (614934, 'tmdb'), (629176, 'tmdb'), (539681, 'tmdb'), (9064, 'tmdb'), (760741, 'tmdb'), (429473, 'tmdb'), (882598, 'tmdb'), (335795, 'tmdb'), (1024530, 'tmdb'), (157336, 'tmdb'), (671, 'tmdb'), (177572, 'tmdb')] |
[2022-10-11 09:53:39,639] [builder.py:1542]           [DEBUG]    |                                                                                                    |
[2022-10-11 09:53:39,639] [plex_meta_manager.py:579]  [DEBUG]    |                                                                                                    |
[2022-10-11 09:53:39,639] [plex_meta_manager.py:580]  [DEBUG]    | Builder: tmdb_trending_daily: 30                                                                   |
[2022-10-11 09:53:39,640] [plex_meta_manager.py:581]  [INFO]     |                                                                                                    |
[2022-10-11 09:53:39,662] [tmdb.py:344]               [INFO]     | Processing TMDb Trending Daily: 30 Movies                                                          |
[2022-10-11 09:53:39,663] [builder.py:1540]           [DEBUG]    |                                                                                                    |
[2022-10-11 09:53:39,663] [builder.py:1541]           [DEBUG]    | 30 IDs Found: [(894205, 'tmdb'), (1024530, 'tmdb'), (799546, 'tmdb'), (338947, 'tmdb'), (718930, 'tmdb'), (723419, 'tmdb'), (886396, 'tmdb'), (999722, 'tmdb'), (795109, 'tmdb'), (901385, 'tmdb'), (616037, 'tmdb'), (642885, 'tmdb'), (882598, 'tmdb'), (717728, 'tmdb'), (335795, 'tmdb'), (616820, 'tmdb'), (361743, 'tmdb'), (505642, 'tmdb'), (664469, 'tmdb'), (436270, 'tmdb'), (1018648, 'tmdb'), (301502, 'tmdb'), (597922, 'tmdb'), (366672, 'tmdb'), (1023086, 'tmdb'), (507086, 'tmdb'), (881487, 'tmdb'), (801803, 'tmdb'), (438148, 'tmdb'), (760741, 'tmdb')] |
[2022-10-11 09:53:39,663] [builder.py:1542]           [DEBUG]    |                                                                                                    |
[2022-10-11 09:53:39,663] [plex_meta_manager.py:579]  [DEBUG]    |                                                                                                    |
[2022-10-11 09:53:39,663] [plex_meta_manager.py:580]  [DEBUG]    | Builder: tmdb_trending_weekly: 30                                                                  |
[2022-10-11 09:53:39,664] [plex_meta_manager.py:581]  [INFO]     |                                                                                                    |
[2022-10-11 09:53:39,688] [tmdb.py:344]               [INFO]     | Processing TMDb Trending Weekly: 30 Movies                                                         |
[2022-10-11 09:53:39,688] [builder.py:1540]           [DEBUG]    |                                                                                                    |
[2022-10-11 09:53:39,688] [builder.py:1541]           [DEBUG]    | 30 IDs Found: [(718930, 'tmdb'), (894205, 'tmdb'), (642885, 'tmdb'), (616037, 'tmdb'), (301502, 'tmdb'), (799546, 'tmdb'), (338947, 'tmdb'), (723419, 'tmdb'), (597922, 'tmdb'), (361743, 'tmdb'), (717728, 'tmdb'), (976720, 'tmdb'), (882598, 'tmdb'), (744276, 'tmdb'), (505642, 'tmdb'), (429473, 'tmdb'), (760741, 'tmdb'), (985939, 'tmdb'), (438148, 'tmdb'), (810693, 'tmdb'), (830788, 'tmdb'), (795109, 'tmdb'), (852046, 'tmdb'), (507086, 'tmdb'), (532639, 'tmdb'), (999722, 'tmdb'), (634649, 'tmdb'), (539681, 'tmdb'), (436270, 'tmdb'), (19995, 'tmdb')] |
[2022-10-11 09:53:39,688] [builder.py:1542]           [DEBUG]    |                                                                                                    |
[2022-10-11 09:53:39,689] [plex_meta_manager.py:579]  [DEBUG]    |                                                                                                    |
[2022-10-11 09:53:39,689] [plex_meta_manager.py:580]  [DEBUG]    | Builder: imdb_list: {'url': 'https://www.imdb.com/search/title/?title_type=tv_movie', 'limit': 50} |
[2022-10-11 09:53:39,689] [plex_meta_manager.py:581]  [INFO]     |                                                                                                    |
[2022-10-11 09:53:39,689] [imdb.py:184]               [INFO]     | Processing IMDb List: 50 Items at https://www.imdb.com/search/title/?title_type=tv_movie           |
[2022-10-11 09:53:43,719] [imdb.py:135]               [DEBUG]    | 50 IMDb IDs Found: ['tt1447981', 'tt0173886', 'tt0073820', 'tt20049600', 'tt21969174', 'tt13649036', 'tt0274761', 'tt18070050', 'tt15486810', 'tt6079304', 'tt0105126', 'tt21969154', 'tt0414078', 'tt3440298', 'tt0128801', 'tt0816520', 'tt9159182', 'tt20101986', 'tt0090163', 'tt21532904', 'tt22179486', 'tt13464350', 'tt0475293', 'tt6878820', 'tt0853153', 'tt0085404', 'tt21616920', 'tt12881516', 'tt0467421', 'tt0123865', 'tt0082235', 'tt8022928', 'tt0473389', 'tt3660850', 'tt8318648', 'tt0092239', 'tt12194000', 'tt0104930', 'tt1258157', 'tt1618435', 'tt0250934', 'tt0250593', 'tt0113296', 'tt15208950', 'tt1267299', 'tt0146402', 'tt10388558', 'tt21617068', 'tt21283490', 'tt16030222'] |
[2022-10-11 09:53:43,720] [builder.py:1540]           [DEBUG]    |                                                                                                    |
[2022-10-11 09:53:43,720] [builder.py:1541]           [DEBUG]    | 50 IDs Found: [('tt1447981', 'imdb'), ('tt0173886', 'imdb'), ('tt0073820', 'imdb'), ('tt20049600', 'imdb'), ('tt21969174', 'imdb'), ('tt13649036', 'imdb'), ('tt0274761', 'imdb'), ('tt18070050', 'imdb'), ('tt15486810', 'imdb'), ('tt6079304', 'imdb'), ('tt0105126', 'imdb'), ('tt21969154', 'imdb'), ('tt0414078', 'imdb'), ('tt3440298', 'imdb'), ('tt0128801', 'imdb'), ('tt0816520', 'imdb'), ('tt9159182', 'imdb'), ('tt20101986', 'imdb'), ('tt0090163', 'imdb'), ('tt21532904', 'imdb'), ('tt22179486', 'imdb'), ('tt13464350', 'imdb'), ('tt0475293', 'imdb'), ('tt6878820', 'imdb'), ('tt0853153', 'imdb'), ('tt0085404', 'imdb'), ('tt21616920', 'imdb'), ('tt12881516', 'imdb'), ('tt0467421', 'imdb'), ('tt0123865', 'imdb'), ('tt0082235', 'imdb'), ('tt8022928', 'imdb'), ('tt0473389', 'imdb'), ('tt3660850', 'imdb'), ('tt8318648', 'imdb'), ('tt0092239', 'imdb'), ('tt12194000', 'imdb'), ('tt0104930', 'imdb'), ('tt1258157', 'imdb'), ('tt1618435', 'imdb'), ('tt0250934', 'imdb'), ('tt0250593', 'imdb'), ('tt0113296', 'imdb'), ('tt15208950', 'imdb'), ('tt1267299', 'imdb'), ('tt0146402', 'imdb'), ('tt10388558', 'imdb'), ('tt21617068', 'imdb'), ('tt21283490', 'imdb'), ('tt16030222', 'imdb')] |
[2022-10-11 09:53:43,720] [builder.py:1542]           [DEBUG]    |                                                                                                    |
[2022-10-11 09:53:43,755] [builder.py:2064]           [INFO]     |                                                                                                    |
[2022-10-11 09:53:43,756] [builder.py:2065]           [INFO]     |================================== Adding to Trending Collection ===================================|
[2022-10-11 09:53:43,757] [builder.py:2066]           [INFO]     |                                                                                                    |
[2022-10-11 09:53:43,757] [builder.py:2080]           [INFO]     | 1/6 | Trending Collection | + | Dragons (2010)                                                     |
[2022-10-11 09:53:44,236] [builder.py:2080]           [INFO]     | 2/6 | Trending Collection | + | Samouraï Academy (2022)                                            |
[2022-10-11 09:53:44,556] [builder.py:2080]           [INFO]     | 3/6 | Trending Collection | + | Spider-Man : New Generation (2018)                                 |
[2022-10-11 09:53:45,552] [builder.py:2080]           [INFO]     | 4/6 | Trending Collection | + | Krypto et les Super-Animaux (2022)                                 |
[2022-10-11 09:53:46,433] [builder.py:2080]           [INFO]     | 5/6 | Trending Collection | + | Les Nouveaux Héros (2014)                                          |
[2022-10-11 09:53:47,553] [builder.py:2080]           [INFO]     | 6/6 | Trending Collection | + | Jujutsu Kaisen 0 (2021)                                            |
[2022-10-11 09:53:48,182] [builder.py:2100]           [INFO]     |                                                                                                    |
[2022-10-11 09:53:48,182] [builder.py:2102]           [INFO]     | 6 Movies Processed 6 Movies Added                                                                  |
[2022-10-11 09:53:48,183] [builder.py:2228]           [INFO]     |                                                                                                    |
[2022-10-11 09:53:48,183] [builder.py:2229]           [INFO]     |======================== Missing Movies from Library: Z. 5 - Film Animation ========================|
[2022-10-11 09:53:48,183] [builder.py:2230]           [INFO]     |                                                                                                    |
[2022-10-11 09:53:48,224] [builder.py:2243]           [INFO]     | Trending Collection | ? | Bullet Train (2022) (TMDb: 718930)                                       |
[2022-10-11 09:53:48,264] [builder.py:2243]           [INFO]     | Trending Collection | ? | Hellraiser (2022) (TMDb: 338947)                                         |
[2022-10-11 09:53:48,307] [builder.py:2243]           [INFO]     | Trending Collection | ? | The Greatest Beer Run Ever (2022) (TMDb: 597922)                         |
[2022-10-11 09:53:48,349] [builder.py:2243]           [INFO]     | Trending Collection | ? | Harry Potter and the Order of the Phoenix (2007) (TMDb: 675)             |
[2022-10-11 09:53:48,375] [builder.py:2243]           [INFO]     | Trending Collection | ? | Top Gun: Maverick (2022) (TMDb: 361743)                                  |
[2022-10-11 09:53:48,434] [builder.py:2243]           [INFO]     | Trending Collection | ? | Jungle Cruise (2021) (TMDb: 451048)                                      |
[2022-10-11 09:53:48,505] [builder.py:2243]           [INFO]     | Trending Collection | ? | Jurassic World Dominion (2022) (TMDb: 507086)                            |
[2022-10-11 09:53:48,555] [builder.py:2243]           [INFO]     | Trending Collection | ? | Werewolf by Night (2022) (TMDb: 894205)                                  |
[2022-10-11 09:53:48,584] [builder.py:2243]           [INFO]     | Trending Collection | ? | Luckiest Girl Alive (2022) (TMDb: 799546)                                |
[2022-10-11 09:53:48,626] [builder.py:2243]           [INFO]     | Trending Collection | ? | The Avengers (2012) (TMDb: 24428)                                        |
[2022-10-11 09:53:48,693] [builder.py:2243]           [INFO]     | Trending Collection | ? | The Hobbit: An Unexpected Journey (2012) (TMDb: 49051)                   |
[2022-10-11 09:53:48,726] [builder.py:2243]           [INFO]     | Trending Collection | ? | Doctor Strange in the Multiverse of Madness (2022) (TMDb: 453395)        |
[2022-10-11 09:53:48,772] [builder.py:2243]           [INFO]     | Trending Collection | ? | Zack Snyder's Justice League (2021) (TMDb: 791373)                       |
[2022-10-11 09:53:48,817] [builder.py:2243]           [INFO]     | Trending Collection | ? | Thor: Love and Thunder (2022) (TMDb: 616037)                             |
[2022-10-11 09:53:48,859] [builder.py:2243]           [INFO]     | Trending Collection | ? | Prey (2022) (TMDb: 766507)                                               |
[2022-10-11 09:53:48,884] [builder.py:2243]           [INFO]     | Trending Collection | ? | Elvis (2022) (TMDb: 614934)                                              |
[2022-10-11 09:53:48,926] [builder.py:2243]           [INFO]     | Trending Collection | ? | Le Samaritain (2022) (TMDb: 629176)                                      |
[2022-10-11 09:53:48,952] [builder.py:2243]           [INFO]     | Trending Collection | ? | Hellraiser 2 : Les Écorchés (1988) (TMDb: 9064)                          |
[2022-10-11 09:53:49,010] [builder.py:2243]           [INFO]     | Trending Collection | ? | Beast (2022) (TMDb: 760741)                                              |
[2022-10-11 09:53:49,029] [builder.py:2243]           [INFO]     | Trending Collection | ? | Lou (2022) (TMDb: 429473)                                                |
[2022-10-11 09:53:49,071] [builder.py:2243]           [INFO]     | Trending Collection | ? | Smile (2022) (TMDb: 882598)                                              |
[2022-10-11 09:53:49,096] [builder.py:2243]           [INFO]     | Trending Collection | ? | Monster High: The Movie (2022) (TMDb: 335795)                            |
[2022-10-11 09:53:49,121] [builder.py:2243]           [INFO]     | Trending Collection | ? | Grimcutty (2022) (TMDb: 1024530)                                         |
[2022-10-11 09:53:49,155] [builder.py:2243]           [INFO]     | Trending Collection | ? | Interstellar (2014) (TMDb: 157336)                                       |
[2022-10-11 09:53:49,250] [builder.py:2243]           [INFO]     | Trending Collection | ? | Harry Potter and the Philosopher's Stone (2001) (TMDb: 671)              |
[2022-10-11 09:53:49,280] [builder.py:2243]           [INFO]     | Trending Collection | ? | Mr. Harrigan's Phone (2022) (TMDb: 723419)                               |
[2022-10-11 09:53:49,322] [builder.py:2243]           [INFO]     | Trending Collection | ? | Batman and Superman: Battle of the Super Sons (2022) (TMDb: 886396)      |
[2022-10-11 09:53:49,347] [builder.py:2243]           [INFO]     | Trending Collection | ? | Old People (2022) (TMDb: 999722)                                         |
[2022-10-11 09:53:49,380] [builder.py:2243]           [INFO]     | Trending Collection | ? | Catherine Called Birdy (2022) (TMDb: 795109)                             |
[2022-10-11 09:53:49,404] [builder.py:2243]           [INFO]     | Trending Collection | ? | Significant Other (2022) (TMDb: 901385)                                  |
[2022-10-11 09:53:49,438] [builder.py:2243]           [INFO]     | Trending Collection | ? | Hocus Pocus 2 (2022) (TMDb: 642885)                                      |
[2022-10-11 09:53:49,464] [builder.py:2243]           [INFO]     | Trending Collection | ? | Jeepers Creepers: Reborn (2022) (TMDb: 717728)                           |
[2022-10-11 09:53:49,480] [builder.py:2243]           [INFO]     | Trending Collection | ? | Halloween Ends (2022) (TMDb: 616820)                                     |
[2022-10-11 09:53:49,505] [builder.py:2243]           [INFO]     | Trending Collection | ? | Black Panther: Wakanda Forever (2022) (TMDb: 505642)                     |
[2022-10-11 09:53:49,514] [builder.py:2243]           [INFO]     | Trending Collection | ? | Amsterdam (2022) (TMDb: 664469)                                          |
[2022-10-11 09:53:49,530] [builder.py:2243]           [INFO]     | Trending Collection | ? | Black Adam (2022) (TMDb: 436270)                                         |
[2022-10-11 09:53:49,564] [builder.py:2243]           [INFO]     | Trending Collection | ? | The Redeem Team (2022) (TMDb: 1018648)                                   |
[2022-10-11 09:53:49,594] [builder.py:2243]           [INFO]     | Trending Collection | ? | Blonde (2022) (TMDb: 301502)                                             |
[2022-10-11 09:53:49,613] [builder.py:2243]           [INFO]     | Trending Collection | ? | Devil's Workshop (2022) (TMDb: 1023086)                                  |
[2022-10-11 09:53:49,631] [builder.py:2243]           [INFO]     | Trending Collection | ? | The Visitor (2022) (TMDb: 881487)                                        |
[2022-10-11 09:53:49,647] [builder.py:2243]           [INFO]     | Trending Collection | ? | 独行月球 (2022) (TMDb: 801803)                                               |
[2022-10-11 09:53:49,672] [builder.py:2243]           [INFO]     | Trending Collection | ? | Minions: The Rise of Gru (2022) (TMDb: 438148)                           |
[2022-10-11 09:53:49,705] [builder.py:2243]           [INFO]     | Trending Collection | ? | Vesper (2022) (TMDb: 976720)                                             |
[2022-10-11 09:53:49,714] [builder.py:2243]           [INFO]     | Trending Collection | ? | After Ever Happy (2022) (TMDb: 744276)                                   |
[2022-10-11 09:53:49,763] [builder.py:2243]           [INFO]     | Trending Collection | ? | Fall (2022) (TMDb: 985939)                                               |
[2022-10-11 09:53:49,774] [builder.py:2243]           [INFO]     | Trending Collection | ? | The Invitation (2022) (TMDb: 830788)                                     |
[2022-10-11 09:53:49,813] [builder.py:2243]           [INFO]     | Trending Collection | ? | Athena (2022) (TMDb: 852046)                                             |
[2022-10-11 09:53:49,824] [builder.py:2243]           [INFO]     | Trending Collection | ? | Pinocchio (2022) (TMDb: 532639)                                          |
[2022-10-11 09:53:49,855] [builder.py:2243]           [INFO]     | Trending Collection | ? | Spider-Man: No Way Home (2021) (TMDb: 634649)                            |
[2022-10-11 09:53:49,881] [builder.py:2243]           [INFO]     | Trending Collection | ? | Avatar (2009) (TMDb: 19995)                                              |
[2022-10-11 09:53:49,905] [builder.py:2243]           [INFO]     | Trending Collection | ? | Halloweentown (1998) (TMDb: 27850)                                       |
[2022-10-11 09:53:49,931] [builder.py:2243]           [INFO]     | Trending Collection | ? | Trilogy of Terror (1975) (TMDb: 38783)                                   |
[2022-10-11 09:53:49,972] [builder.py:2243]           [INFO]     | Trending Collection | ? | The Gabby Petito Story (2022) (TMDb: 1012661)                            |
[2022-10-11 09:53:49,999] [builder.py:2243]           [INFO]     | Trending Collection | ? | Nikki & Nora: Sister Sleuths (2022) (TMDb: 1020532)                      |
[2022-10-11 09:53:50,031] [builder.py:2243]           [INFO]     | Trending Collection | ? | Help (2021) (TMDb: 826796)                                               |
[2022-10-11 09:53:50,073] [builder.py:2243]           [INFO]     | Trending Collection | ? | Halloweentown II: Kalabar's Revenge (2001) (TMDb: 34205)                 |
[2022-10-11 09:53:50,156] [builder.py:2243]           [INFO]     | Trending Collection | ? | Under Wraps 2 (2022) (TMDb: 936061)                                      |
[2022-10-11 09:53:50,173] [builder.py:2243]           [INFO]     | Trending Collection | ? | Teen Wolf: The Movie (TMDb: 877703)                                      |
[2022-10-11 09:53:50,214] [builder.py:2243]           [INFO]     | Trending Collection | ? | Amish Witches: The True Story of Holmes County (2016) (TMDb: 424996)     |
[2022-10-11 09:53:50,231] [builder.py:2243]           [INFO]     | Trending Collection | ? | Perry Mason : La Robe rouge (1992) (TMDb: 95400)                         |
[2022-10-11 09:53:50,273] [builder.py:2243]           [INFO]     | Trending Collection | ? | Girlfriendship (2022) (TMDb: 983242)                                     |
[2022-10-11 09:53:50,290] [builder.py:2243]           [INFO]     | Trending Collection | ? | Halloweentown High (2004) (TMDb: 34560)                                  |
[2022-10-11 09:53:50,305] [builder.py:2243]           [INFO]     | Trending Collection | ? | Descendants (2015) (TMDb: 277217)                                        |
[2022-10-11 09:53:50,345] [builder.py:2243]           [INFO]     | Trending Collection | ? | Under Wraps (1997) (TMDb: 76212)                                         |
[2022-10-11 09:53:50,376] [builder.py:2243]           [INFO]     | Trending Collection | ? | Return to Halloweentown (2006) (TMDb: 34204)                             |
[2022-10-11 09:53:50,393] [builder.py:2243]           [INFO]     | Trending Collection | ? | Hocus Pocus 25th Anniversary Halloween Bash (2022) (TMDb: 555032)        |
[2022-10-11 09:53:50,443] [builder.py:2243]           [INFO]     | Trending Collection | ? | Bring It On: Cheer or Die (2022) (TMDb: 831410)                          |
[2022-10-11 09:53:50,467] [builder.py:2243]           [INFO]     | Trending Collection | ? | Threads (1984) (TMDb: 17835)                                             |
[2022-10-11 09:53:50,493] [builder.py:2243]           [INFO]     | Trending Collection | ? | Francesca Quinn, PI (2022) (TMDb: 1006315)                               |
[2022-10-11 09:53:50,507] [builder.py:2243]           [INFO]     | Trending Collection | ? | Cursed Friends (2022) (TMDb: 1031206)                                    |
[2022-10-11 09:53:50,509] [builder.py:2243]           [INFO]     | Trending Collection | ? | Le Secret de la momie (2021) (TMDb: 763873)                              |
[2022-10-11 09:53:50,521] [builder.py:2243]           [INFO]     | Trending Collection | ? | High School Musical (2006) (TMDb: 10947)                                 |
[2022-10-11 09:53:50,535] [builder.py:2243]           [INFO]     | Trending Collection | ? | Z-O-M-B-I-E-S (2018) (TMDb: 483980)                                      |
[2022-10-11 09:53:50,551] [builder.py:2243]           [INFO]     | Trending Collection | ? | Stuart, une vie à l'envers (2007) (TMDb: 50032)                          |
[2022-10-11 09:53:50,568] [builder.py:2243]           [INFO]     | Trending Collection | ? | Le Jour d'après (1983) (TMDb: 7012)                                      |
[2022-10-11 09:53:50,585] [builder.py:2243]           [INFO]     | Trending Collection | ? | Fly Away With Me (2022) (TMDb: 1006306)                                  |
[2022-10-11 09:53:50,602] [builder.py:2243]           [INFO]     | Trending Collection | ? | Black Island (2021) (TMDb: 847981)                                       |
[2022-10-11 09:53:50,618] [builder.py:2243]           [INFO]     | Trending Collection | ? | Des amours de sœurcières (2005) (TMDb: 21481)                            |
[2022-10-11 09:53:50,646] [builder.py:2243]           [INFO]     | Trending Collection | ? | Gia (1998) (TMDb: 14533)                                                 |
[2022-10-11 09:53:50,657] [builder.py:2243]           [INFO]     | Trending Collection | ? | Les Fleurs de sang (1983) (TMDb: 30931)                                  |
[2022-10-11 09:53:50,697] [builder.py:2243]           [INFO]     | Trending Collection | ? | Descendants 3 (2019) (TMDb: 506574)                                      |
[2022-10-11 09:53:50,713] [builder.py:2243]           [INFO]     | Trending Collection | ? | The Ron Clark Story (2006) (TMDb: 25527)                                 |
[2022-10-11 09:53:50,755] [builder.py:2243]           [INFO]     | Trending Collection | ? | The Assault (2014) (TMDb: 295237)                                        |
[2022-10-11 09:53:50,772] [builder.py:2243]           [INFO]     | Trending Collection | ? | Escaping the Madhouse: The Nellie Bly Story (2019) (TMDb: 522892)        |
[2022-10-11 09:53:50,813] [builder.py:2243]           [INFO]     | Trending Collection | ? | The Worst Witch (1986) (TMDb: 24054)                                     |
[2022-10-11 09:53:50,824] [builder.py:2243]           [INFO]     | Trending Collection | ? | Out of Office (2022) (TMDb: 1015172)                                     |
[2022-10-11 09:53:50,863] [builder.py:2243]           [INFO]     | Trending Collection | ? | Mrs. 'Arris Goes to Paris (1992) (TMDb: 96767)                           |
[2022-10-11 09:53:50,884] [builder.py:2243]           [INFO]     | Trending Collection | ? | Scooby-Doo! The Mystery Begins (2009) (TMDb: 22620)                      |
[2022-10-11 09:53:50,894] [builder.py:2243]           [INFO]     | Trending Collection | ? | Scooby-Doo ! et le monstre du lac (2010) (TMDb: 47533)                   |
[2022-10-11 09:53:50,910] [builder.py:2243]           [INFO]     | Trending Collection | ? | 61* (2001) (TMDb: 20536)                                                 |
[2022-10-11 09:53:50,924] [builder.py:2243]           [INFO]     | Trending Collection | ? | Mom's Got a Date with a Vampire (2000) (TMDb: 92208)                     |
[2022-10-11 09:53:50,944] [builder.py:2243]           [INFO]     | Trending Collection | ? | Here Come the Munsters (1995) (TMDb: 249391)                             |
[2022-10-11 09:53:50,961] [builder.py:2243]           [INFO]     | Trending Collection | ? | Un été à Channing (2021) (TMDb: 858918)                                  |
[2022-10-11 09:53:50,977] [builder.py:2243]           [INFO]     | Trending Collection | ? | The Rocky Horror Picture Show: Let's Do the Time Warp Again (2016) (TMDb: 377448) |
[2022-10-11 09:53:50,994] [builder.py:2243]           [INFO]     | Trending Collection | ? | Addams Family Reunion (1998) (TMDb: 11508)                               |
[2022-10-11 09:53:51,011] [builder.py:2243]           [INFO]     | Trending Collection | ? | La récolte des amoureux (2019) (TMDb: 641564)                            |
[2022-10-11 09:53:51,024] [builder.py:2243]           [INFO]     | Trending Collection | ? | The Secrets of Bella Vista (2022) (TMDb: 1006314)                        |
[2022-10-11 09:53:51,061] [builder.py:2243]           [INFO]     | Trending Collection | ? | Wedding of a Lifetime (2022) (TMDb: 999825)                              |
[2022-10-11 09:53:51,078] [builder.py:2243]           [INFO]     | Trending Collection | ? | The Bad Seed Returns (2022) (TMDb: 897338)                               |
[2022-10-11 09:53:51,078] [builder.py:2248]           [INFO]     |                                                                                                    |
[2022-10-11 09:53:51,078] [builder.py:2249]           [INFO]     | 99 Movies Missing                                                                                  |
[2022-10-11 09:53:51,106] [builder.py:2441]           [INFO]     |                                                                                                    |
[2022-10-11 09:53:51,106] [builder.py:2442]           [INFO]     |============================= Updating Details of Trending Collection ==============================|
[2022-10-11 09:53:51,106] [builder.py:2443]           [INFO]     |                                                                                                    |
[2022-10-11 09:53:51,373] [builder.py:2509]           [INFO]     | Collection Metadata Edits                                                                          |
                                                                 | Summary (summary) | Movies Trending across the internet
                                                                 | Sort Title | +1_2Trending
                                                                 | Label | +PMM
[2022-10-11 09:53:51,660] [builder.py:2513]           [INFO]     | Details: have been updated
[2022-10-11 09:53:51,660] [builder.py:2517]           [INFO]     | 
[2022-10-11 09:53:51,661] [builder.py:2580]           [WARNING]  | Asset Warning: Unable to find asset folder: 'Trending'
[2022-10-11 09:53:51,661] [util.py:150]               [DEBUG]    | 1 poster found:
[2022-10-11 09:53:51,661] [util.py:152]               [DEBUG]    | Method: url_poster Poster: https://raw.githubusercontent.com/MonsieurZed/poster/main/img/TOP_TRENDING.png
[2022-10-11 09:53:51,702] [library.py:170]            [INFO]     | Detail: url_poster updated poster to [URL] https://raw.githubusercontent.com/MonsieurZed/poster/main/img/TOP_TRENDING.png
[2022-10-11 09:53:51,806] [plex_meta_manager.py:708]  [INFO]     | 
[2022-10-11 09:53:51,806] [plex_meta_manager.py:709]  [INFO]     |====================================================================================================|
[2022-10-11 09:53:51,806] [plex_meta_manager.py:709]  [INFO]     |                                    Finished Trending Collection                                    |
[2022-10-11 09:53:51,806] [plex_meta_manager.py:709]  [INFO]     |                                    Collection Run Time: 0:00:13                                    |
[2022-10-11 09:53:51,806] [plex_meta_manager.py:709]  [INFO]     |====================================================================================================|
