[2022-10-11 11:01:59,818] [builder.py:197]            [INFO]     |====================================================================================================|
[2022-10-11 11:01:59,818] [builder.py:197]            [INFO]     |                                Tall Girl Collection in Z. 1 - Films                                |
[2022-10-11 11:01:59,818] [builder.py:197]            [INFO]     |====================================================================================================|
[2022-10-11 11:01:59,819] [builder.py:198]            [INFO]     |                                                                                                    |
[2022-10-11 11:01:59,819] [builder.py:203]            [INFO]     |================================ Building Definition From Templates ================================|
[2022-10-11 11:01:59,819] [builder.py:211]            [DEBUG]    |                                                                                                    |
[2022-10-11 11:01:59,819] [meta.py:128]               [DEBUG]    | Template my_template                                                                               |
[2022-10-11 11:01:59,819] [meta.py:129]               [DEBUG]    | Call: {'value': ['928789'], 'tmdb_collection': ['928789'], 'key_name': 'Tall Girl', 'key': '928789', 'name': 'my_template'} |
[2022-10-11 11:01:59,820] [meta.py:304]               [DEBUG]    |                                                                                                    |
[2022-10-11 11:01:59,820] [meta.py:305]               [DEBUG]    | Variables: {'value': ['928789'], 'tmdb_collection': ['928789'], 'key_name': 'Tall Girl', 'key': '928789', 'name': 'my_template', 'collection_name': 'Tall Girl', 'mapping_name': 'Tall Girl', 'library_type': 'movie', 'library_name': 'Z. 1 - Films', 'value_encoded': '%5B%27928789%27%5D', 'tmdb_collection_encoded': '%5B%27928789%27%5D', 'key_name_encoded': 'Tall%20Girl', 'key_encoded': '928789', 'name_encoded': 'my_template', 'collection_name_encoded': 'Tall%20Girl', 'mapping_name_encoded': 'Tall%20Girl', 'library_type_encoded': 'movie', 'library_name_encoded': 'Z.%201%20-%20Films', 'collection_sort': 'Tall Girl'} |
[2022-10-11 11:01:59,820] [meta.py:306]               [DEBUG]    |                                                                                                    |
[2022-10-11 11:01:59,820] [meta.py:307]               [DEBUG]    | Defaults: {}                                                                                       |
[2022-10-11 11:01:59,820] [meta.py:308]               [DEBUG]    |                                                                                                    |
[2022-10-11 11:01:59,820] [meta.py:309]               [DEBUG]    | Optional: ['my_collection_poster', 'my_collection_poster_encoded']                                 |
[2022-10-11 11:01:59,821] [meta.py:370]               [DEBUG]    |                                                                                                    |
[2022-10-11 11:01:59,821] [meta.py:371]               [DEBUG]    | Final Template Attributes: {'tmdb_collection_details': ['928789'], 'collection_order': 'release', 'collection_mode': 'hide_items', 'sort_title': '+C1_Tall Girl'} |
[2022-10-11 11:01:59,821] [meta.py:372]               [DEBUG]    |                                                                                                    |
[2022-10-11 11:01:59,821] [builder.py:219]            [INFO]     |================================= Validating Tall Girl Attributes ==================================|
[2022-10-11 11:01:59,822] [builder.py:609]            [DEBUG]    |                                                                                                    |
[2022-10-11 11:01:59,822] [builder.py:610]            [DEBUG]    | Validating Method: collection_order                                                                |
[2022-10-11 11:01:59,822] [builder.py:611]            [DEBUG]    | Value: release                                                                                     |
[2022-10-11 11:01:59,822] [builder.py:627]            [DEBUG]    |                                                                                                    |
[2022-10-11 11:01:59,822] [builder.py:631]            [DEBUG]    | Validating Method: label                                                                           |
[2022-10-11 11:01:59,822] [builder.py:632]            [DEBUG]    | Value: TMDb Collections                                                                            |
[2022-10-11 11:01:59,822] [builder.py:627]            [DEBUG]    |                                                                                                    |
[2022-10-11 11:01:59,823] [builder.py:631]            [DEBUG]    | Validating Method: tmdb_collection_details                                                         |
[2022-10-11 11:01:59,823] [builder.py:632]            [DEBUG]    | Value: ['928789']                                                                                  |
[2022-10-11 11:01:59,841] [builder.py:627]            [DEBUG]    |                                                                                                    |
[2022-10-11 11:01:59,842] [builder.py:631]            [DEBUG]    | Validating Method: collection_mode                                                                 |
[2022-10-11 11:01:59,842] [builder.py:632]            [DEBUG]    | Value: hide_items                                                                                  |
[2022-10-11 11:01:59,842] [builder.py:627]            [DEBUG]    |                                                                                                    |
[2022-10-11 11:01:59,842] [builder.py:631]            [DEBUG]    | Validating Method: sort_title                                                                      |
[2022-10-11 11:01:59,842] [builder.py:632]            [DEBUG]    | Value: +C1_Tall Girl                                                                               |
[2022-10-11 11:02:00,030] [builder.py:797]            [INFO]     |                                                                                                    |
[2022-10-11 11:02:00,031] [builder.py:798]            [INFO]     | Validation Successful                                                                              |
[2022-10-11 11:02:00,031] [plex_meta_manager.py:561]  [INFO]     |                                                                                                    |
[2022-10-11 11:02:00,031] [plex_meta_manager.py:563]  [INFO]     |=================================== Running Tall Girl Collection ===================================|
[2022-10-11 11:02:00,031] [plex_meta_manager.py:575]  [INFO]     |                                                                                                    |
[2022-10-11 11:02:00,032] [plex_meta_manager.py:576]  [INFO]     | Sync Mode: append                                                                                  |
[2022-10-11 11:02:00,032] [plex_meta_manager.py:579]  [DEBUG]    |                                                                                                    |
[2022-10-11 11:02:00,032] [plex_meta_manager.py:580]  [DEBUG]    | Builder: tmdb_collection: 928789                                                                   |
[2022-10-11 11:02:00,032] [plex_meta_manager.py:581]  [INFO]     |                                                                                                    |
[2022-10-11 11:02:00,036] [tmdb.py:382]               [INFO]     | Processing TMDb Collection: (928789) Tall Girl Collection (2 Items)                                |
[2022-10-11 11:02:00,036] [builder.py:1540]           [DEBUG]    |                                                                                                    |
[2022-10-11 11:02:00,036] [builder.py:1541]           [DEBUG]    | 2 IDs Found: [(625450, 'tmdb'), (772272, 'tmdb')]                                                  |
[2022-10-11 11:02:00,037] [builder.py:1542]           [DEBUG]    |                                                                                                    |
[2022-10-11 11:02:00,037] [builder.py:2064]           [INFO]     |                                                                                                    |
[2022-10-11 11:02:00,037] [builder.py:2065]           [INFO]     |================================== Adding to Tall Girl Collection ==================================|
[2022-10-11 11:02:00,037] [builder.py:2066]           [INFO]     |                                                                                                    |
[2022-10-11 11:02:00,037] [builder.py:2080]           [INFO]     | 1/2 | Tall Girl Collection | = | Tall Girl (2019)                                                  |
[2022-10-11 11:02:00,038] [builder.py:2080]           [INFO]     | 2/2 | Tall Girl Collection | = | Tall Girl 2 (2022)                                                |
[2022-10-11 11:02:00,038] [builder.py:2100]           [INFO]     |                                                                                                    |
[2022-10-11 11:02:00,038] [builder.py:2102]           [INFO]     | 2 Movies Processed 0 Movies Added                                                                  |
[2022-10-11 11:02:00,045] [builder.py:2441]           [INFO]     |                                                                                                    |
[2022-10-11 11:02:00,046] [builder.py:2442]           [INFO]     |============================= Updating Details of Tall Girl Collection =============================|
[2022-10-11 11:02:00,046] [builder.py:2443]           [INFO]     |                                                                                                    |
[2022-10-11 11:02:00,055] [builder.py:2509]           [INFO]     | Collection Metadata Edits                                                                          |
                                                                 | Sort Title | +C1_Tall Girl
[2022-10-11 11:02:00,233] [builder.py:2513]           [INFO]     | Details: have been updated
[2022-10-11 11:02:00,233] [builder.py:2517]           [INFO]     | 
[2022-10-11 11:02:00,233] [builder.py:2580]           [WARNING]  | Asset Warning: Unable to find asset folder: 'Tall Girl'
[2022-10-11 11:02:00,233] [util.py:150]               [DEBUG]    | 1 poster found:
[2022-10-11 11:02:00,234] [util.py:152]               [DEBUG]    | Method: tmdb_collection_details Poster: https://image.tmdb.org/t/p/original/1d1Q6hrnd1SYCpyWQKxPwwGcU4u.jpg
[2022-10-11 11:02:00,235] [library.py:172]            [INFO]     | Detail: poster update not needed
[2022-10-11 11:02:00,419] [plex_meta_manager.py:708]  [INFO]     | 
[2022-10-11 11:02:00,420] [plex_meta_manager.py:709]  [INFO]     |====================================================================================================|
[2022-10-11 11:02:00,420] [plex_meta_manager.py:709]  [INFO]     |                                   Finished Tall Girl Collection                                    |
[2022-10-11 11:02:00,420] [plex_meta_manager.py:709]  [INFO]     |                                    Collection Run Time: 0:00:00                                    |
[2022-10-11 11:02:00,420] [plex_meta_manager.py:709]  [INFO]     |====================================================================================================|
