[2022-10-11 11:18:53,155] [builder.py:200]            [INFO]     |====================================================================================================|
[2022-10-11 11:18:53,155] [builder.py:200]            [INFO]     |                              Indiana Jones Collection in Z. 1 - Films                              |
[2022-10-11 11:18:53,156] [builder.py:200]            [INFO]     |====================================================================================================|
[2022-10-11 11:18:53,156] [builder.py:201]            [INFO]     |                                                                                                    |
[2022-10-11 11:18:53,156] [builder.py:206]            [INFO]     |================================ Building Definition From Templates ================================|
[2022-10-11 11:18:53,156] [builder.py:222]            [DEBUG]    |                                                                                                    |
[2022-10-11 11:18:53,156] [meta.py:128]               [DEBUG]    | Template my_template                                                                               |
[2022-10-11 11:18:53,157] [meta.py:129]               [DEBUG]    | Call: {'value': ['84'], 'tmdb_collection': ['84'], 'key_name': 'Indiana Jones', 'key': '84', 'name': 'my_template'} |
[2022-10-11 11:18:53,157] [meta.py:304]               [DEBUG]    |                                                                                                    |
[2022-10-11 11:18:53,157] [meta.py:305]               [DEBUG]    | Variables: {'value': ['84'], 'tmdb_collection': ['84'], 'key_name': 'Indiana Jones', 'key': '84', 'name': 'my_template', 'collection_name': 'Indiana Jones', 'mapping_name': 'Indiana Jones', 'library_type': 'movie', 'library_name': 'Z. 1 - Films', 'value_encoded': '%5B%2784%27%5D', 'tmdb_collection_encoded': '%5B%2784%27%5D', 'key_name_encoded': 'Indiana%20Jones', 'key_encoded': '84', 'name_encoded': 'my_template', 'collection_name_encoded': 'Indiana%20Jones', 'mapping_name_encoded': 'Indiana%20Jones', 'library_type_encoded': 'movie', 'library_name_encoded': 'Z.%201%20-%20Films', 'collection_sort': 'Indiana Jones'} |
[2022-10-11 11:18:53,157] [meta.py:306]               [DEBUG]    |                                                                                                    |
[2022-10-11 11:18:53,158] [meta.py:307]               [DEBUG]    | Defaults: {}                                                                                       |
[2022-10-11 11:18:53,158] [meta.py:308]               [DEBUG]    |                                                                                                    |
[2022-10-11 11:18:53,158] [meta.py:309]               [DEBUG]    | Optional: ['my_collection_poster', 'my_collection_poster_encoded']                                 |
[2022-10-11 11:18:53,159] [meta.py:370]               [DEBUG]    |                                                                                                    |
[2022-10-11 11:18:53,159] [meta.py:371]               [DEBUG]    | Final Template Attributes: {'tmdb_collection_details': ['84'], 'collection_order': 'release', 'collection_mode': 'hide_items', 'sort_title': '+C1_Indiana Jones'} |
[2022-10-11 11:18:53,159] [meta.py:372]               [DEBUG]    |                                                                                                    |
[2022-10-11 11:18:53,160] [builder.py:230]            [INFO]     |=============================== Validating Indiana Jones Attributes ================================|
[2022-10-11 11:18:53,160] [builder.py:620]            [DEBUG]    |                                                                                                    |
[2022-10-11 11:18:53,160] [builder.py:621]            [DEBUG]    | Validating Method: collection_order                                                                |
[2022-10-11 11:18:53,160] [builder.py:622]            [DEBUG]    | Value: release                                                                                     |
[2022-10-11 11:18:53,160] [builder.py:653]            [DEBUG]    |                                                                                                    |
[2022-10-11 11:18:53,160] [builder.py:657]            [DEBUG]    | Validating Method: label                                                                           |
[2022-10-11 11:18:53,160] [builder.py:658]            [DEBUG]    | Value: TMDb Collections                                                                            |
[2022-10-11 11:18:53,161] [builder.py:653]            [DEBUG]    |                                                                                                    |
[2022-10-11 11:18:53,161] [builder.py:657]            [DEBUG]    | Validating Method: tmdb_collection_details                                                         |
[2022-10-11 11:18:53,161] [builder.py:658]            [DEBUG]    | Value: ['84']                                                                                      |
[2022-10-11 11:18:53,173] [builder.py:653]            [DEBUG]    |                                                                                                    |
[2022-10-11 11:18:53,173] [builder.py:657]            [DEBUG]    | Validating Method: collection_mode                                                                 |
[2022-10-11 11:18:53,173] [builder.py:658]            [DEBUG]    | Value: hide_items                                                                                  |
[2022-10-11 11:18:53,173] [builder.py:653]            [DEBUG]    |                                                                                                    |
[2022-10-11 11:18:53,174] [builder.py:657]            [DEBUG]    | Validating Method: sort_title                                                                      |
[2022-10-11 11:18:53,174] [builder.py:658]            [DEBUG]    | Value: +C1_Indiana Jones                                                                           |
[2022-10-11 11:18:53,383] [builder.py:823]            [INFO]     |                                                                                                    |
[2022-10-11 11:18:53,383] [builder.py:824]            [INFO]     | Validation Successful                                                                              |
[2022-10-11 11:18:53,383] [plex_meta_manager.py:561]  [INFO]     |                                                                                                    |
[2022-10-11 11:18:53,383] [plex_meta_manager.py:563]  [INFO]     |================================= Running Indiana Jones Collection =================================|
[2022-10-11 11:18:53,384] [plex_meta_manager.py:575]  [INFO]     |                                                                                                    |
[2022-10-11 11:18:53,384] [plex_meta_manager.py:576]  [INFO]     | Sync Mode: append                                                                                  |
[2022-10-11 11:18:53,384] [plex_meta_manager.py:579]  [DEBUG]    |                                                                                                    |
[2022-10-11 11:18:53,384] [plex_meta_manager.py:580]  [DEBUG]    | Builder: tmdb_collection: 84                                                                       |
[2022-10-11 11:18:53,384] [plex_meta_manager.py:581]  [INFO]     |                                                                                                    |
[2022-10-11 11:18:53,389] [tmdb.py:381]               [INFO]     | Processing TMDb Collection: (84) Indiana Jones - Saga (5 Items)                                    |
[2022-10-11 11:18:53,389] [builder.py:1581]           [DEBUG]    |                                                                                                    |
[2022-10-11 11:18:53,390] [builder.py:1582]           [DEBUG]    | 5 IDs Found: [(85, 'tmdb'), (87, 'tmdb'), (89, 'tmdb'), (217, 'tmdb'), (335977, 'tmdb')]           |
[2022-10-11 11:18:53,390] [builder.py:1583]           [DEBUG]    |                                                                                                    |
[2022-10-11 11:18:53,390] [builder.py:2132]           [INFO]     |                                                                                                    |
[2022-10-11 11:18:53,390] [builder.py:2133]           [INFO]     |================================ Adding to Indiana Jones Collection ================================|
[2022-10-11 11:18:53,391] [builder.py:2134]           [INFO]     |                                                                                                    |
[2022-10-11 11:18:53,391] [builder.py:2148]           [INFO]     | 1/4 | Indiana Jones Collection | = | Les Aventuriers de l'arche perdue (1981)                      |
[2022-10-11 11:18:53,391] [builder.py:2148]           [INFO]     | 2/4 | Indiana Jones Collection | = | Indiana Jones et le Temple maudit (1984)                      |
[2022-10-11 11:18:53,391] [builder.py:2148]           [INFO]     | 3/4 | Indiana Jones Collection | = | Indiana Jones et la dernière croisade (1989)                  |
[2022-10-11 11:18:53,391] [builder.py:2148]           [INFO]     | 4/4 | Indiana Jones Collection | = | Indiana Jones et le royaume du crâne de cristal (2008)        |
[2022-10-11 11:18:53,391] [builder.py:2168]           [INFO]     |                                                                                                    |
[2022-10-11 11:18:53,392] [builder.py:2170]           [INFO]     | 4 Movies Processed 0 Movies Added                                                                  |
[2022-10-11 11:18:53,392] [builder.py:2300]           [INFO]     |                                                                                                    |
[2022-10-11 11:18:53,392] [builder.py:2301]           [INFO]     |============================ Missing Movies from Library: Z. 1 - Films =============================|
[2022-10-11 11:18:53,392] [builder.py:2302]           [INFO]     |                                                                                                    |
[2022-10-11 11:18:53,417] [builder.py:2315]           [INFO]     | Indiana Jones Collection | ? | Untitled Indiana Jones Project (2023) (TMDb: 335977)                |
[2022-10-11 11:18:53,417] [builder.py:2320]           [INFO]     |                                                                                                    |
[2022-10-11 11:18:53,417] [builder.py:2321]           [INFO]     | 1 Movie Missing                                                                                    |
[2022-10-11 11:18:53,459] [builder.py:2521]           [INFO]     |                                                                                                    |
[2022-10-11 11:18:53,460] [builder.py:2522]           [INFO]     |=========================== Updating Details of Indiana Jones Collection ===========================|
[2022-10-11 11:18:53,460] [builder.py:2523]           [INFO]     |                                                                                                    |
[2022-10-11 11:18:53,469] [builder.py:2589]           [INFO]     | Collection Metadata Edits                                                                          |
[2022-10-11 11:18:53,470] [builder.py:2660]           [WARNING]  | Asset Warning: Unable to find asset folder: 'Indiana Jones'                                        |
[2022-10-11 11:18:53,470] [util.py:171]               [DEBUG]    | 1 poster found:                                                                                    |
[2022-10-11 11:18:53,470] [util.py:173]               [DEBUG]    | Method: tmdb_collection_details Poster: https://image.tmdb.org/t/p/original/8qPcalWqeQsJiLFSr2rdjCw6jNc.jpg |
[2022-10-11 11:18:53,471] [util.py:171]               [DEBUG]    | 1 background found:                                                                                |
[2022-10-11 11:18:53,471] [util.py:173]               [DEBUG]    | Method: tmdb_collection_details Background: https://image.tmdb.org/t/p/original/6kh59mZizZsttZPR0HAdXk6Ve2n.jpg |
[2022-10-11 11:18:53,472] [library.py:173]            [INFO]     | Detail: poster update not needed                                                                   |
[2022-10-11 11:18:53,473] [library.py:189]            [INFO]     | Detail: background update not needed                                                               |
[2022-10-11 11:18:53,668] [plex_meta_manager.py:708]  [INFO]     |                                                                                                    |
[2022-10-11 11:18:53,668] [plex_meta_manager.py:709]  [INFO]     |====================================================================================================|
[2022-10-11 11:18:53,668] [plex_meta_manager.py:709]  [INFO]     |                                 Finished Indiana Jones Collection                                  |
[2022-10-11 11:18:53,668] [plex_meta_manager.py:709]  [INFO]     |                                    Collection Run Time: 0:00:00                                    |
[2022-10-11 11:18:53,668] [plex_meta_manager.py:709]  [INFO]     |====================================================================================================|
