[2022-10-09 05:03:03,050] [builder.py:197]            [INFO]     |====================================================================================================|
[2022-10-09 05:03:03,050] [builder.py:197]            [INFO]     |                          Resident Evil - Saga Collection in Z. 1 - Films                           |
[2022-10-09 05:03:03,051] [builder.py:197]            [INFO]     |====================================================================================================|
[2022-10-09 05:03:03,051] [builder.py:198]            [INFO]     |                                                                                                    |
[2022-10-09 05:03:03,051] [builder.py:203]            [INFO]     |================================ Building Definition From Templates ================================|
[2022-10-09 05:03:03,051] [builder.py:211]            [DEBUG]    |                                                                                                    |
[2022-10-09 05:03:03,051] [meta.py:128]               [DEBUG]    | Template my_template                                                                               |
[2022-10-09 05:03:03,051] [meta.py:129]               [DEBUG]    | Call: {'value': ['17255'], 'tmdb_collection': ['17255'], 'key_name': 'Resident Evil - Saga', 'key': '17255', 'name': 'my_template'} |
[2022-10-09 05:03:03,052] [meta.py:304]               [DEBUG]    |                                                                                                    |
[2022-10-09 05:03:03,052] [meta.py:305]               [DEBUG]    | Variables: {'value': ['17255'], 'tmdb_collection': ['17255'], 'key_name': 'Resident Evil - Saga', 'key': '17255', 'name': 'my_template', 'collection_name': 'Resident Evil - Saga', 'mapping_name': 'Resident Evil - Saga', 'library_type': 'movie', 'library_name': 'Z. 1 - Films', 'value_encoded': '%5B%2717255%27%5D', 'tmdb_collection_encoded': '%5B%2717255%27%5D', 'key_name_encoded': 'Resident%20Evil%20-%20Saga', 'key_encoded': '17255', 'name_encoded': 'my_template', 'collection_name_encoded': 'Resident%20Evil%20-%20Saga', 'mapping_name_encoded': 'Resident%20Evil%20-%20Saga', 'library_type_encoded': 'movie', 'library_name_encoded': 'Z.%201%20-%20Films', 'collection_sort': 'Resident Evil - Saga'} |
[2022-10-09 05:03:03,052] [meta.py:306]               [DEBUG]    |                                                                                                    |
[2022-10-09 05:03:03,052] [meta.py:307]               [DEBUG]    | Defaults: {}                                                                                       |
[2022-10-09 05:03:03,052] [meta.py:308]               [DEBUG]    |                                                                                                    |
[2022-10-09 05:03:03,052] [meta.py:309]               [DEBUG]    | Optional: ['my_collection_poster', 'my_collection_poster_encoded']                                 |
[2022-10-09 05:03:03,053] [meta.py:370]               [DEBUG]    |                                                                                                    |
[2022-10-09 05:03:03,053] [meta.py:371]               [DEBUG]    | Final Template Attributes: {'tmdb_collection_details': ['17255'], 'collection_order': 'release', 'collection_mode': 'hide_items'} |
[2022-10-09 05:03:03,053] [meta.py:372]               [DEBUG]    |                                                                                                    |
[2022-10-09 05:03:03,053] [builder.py:219]            [INFO]     |============================ Validating Resident Evil - Saga Attributes ============================|
[2022-10-09 05:03:03,053] [builder.py:609]            [DEBUG]    |                                                                                                    |
[2022-10-09 05:03:03,054] [builder.py:610]            [DEBUG]    | Validating Method: collection_order                                                                |
[2022-10-09 05:03:03,054] [builder.py:611]            [DEBUG]    | Value: release                                                                                     |
[2022-10-09 05:03:03,054] [builder.py:627]            [DEBUG]    |                                                                                                    |
[2022-10-09 05:03:03,054] [builder.py:631]            [DEBUG]    | Validating Method: label                                                                           |
[2022-10-09 05:03:03,054] [builder.py:632]            [DEBUG]    | Value: TMDb Collections                                                                            |
[2022-10-09 05:03:03,054] [builder.py:627]            [DEBUG]    |                                                                                                    |
[2022-10-09 05:03:03,054] [builder.py:631]            [DEBUG]    | Validating Method: tmdb_collection_details                                                         |
[2022-10-09 05:03:03,055] [builder.py:632]            [DEBUG]    | Value: ['17255']                                                                                   |
[2022-10-09 05:03:03,186] [builder.py:627]            [DEBUG]    |                                                                                                    |
[2022-10-09 05:03:03,186] [builder.py:631]            [DEBUG]    | Validating Method: collection_mode                                                                 |
[2022-10-09 05:03:03,186] [builder.py:632]            [DEBUG]    | Value: hide_items                                                                                  |
[2022-10-09 05:03:03,193] [plex.py:790]               [DEBUG]    |                                                                                                    |
[2022-10-09 05:03:03,194] [plex.py:793]               [DEBUG]    | Looking for: Resident Evil - Saga                                                                  |
[2022-10-09 05:03:03,194] [builder.py:797]            [INFO]     |                                                                                                    |
[2022-10-09 05:03:03,194] [builder.py:798]            [INFO]     | Validation Successful                                                                              |
[2022-10-09 05:03:03,194] [plex_meta_manager.py:561]  [INFO]     |                                                                                                    |
[2022-10-09 05:03:03,194] [plex_meta_manager.py:563]  [INFO]     |============================= Running Resident Evil - Saga Collection ==============================|
[2022-10-09 05:03:03,195] [plex_meta_manager.py:575]  [INFO]     |                                                                                                    |
[2022-10-09 05:03:03,195] [plex_meta_manager.py:576]  [INFO]     | Sync Mode: append                                                                                  |
[2022-10-09 05:03:03,195] [plex_meta_manager.py:579]  [DEBUG]    |                                                                                                    |
[2022-10-09 05:03:03,195] [plex_meta_manager.py:580]  [DEBUG]    | Builder: tmdb_collection: 17255                                                                    |
[2022-10-09 05:03:03,195] [plex_meta_manager.py:581]  [INFO]     |                                                                                                    |
[2022-10-09 05:03:03,200] [tmdb.py:382]               [INFO]     | Processing TMDb Collection: (17255) Resident Evil - Saga (6 Items)                                 |
[2022-10-09 05:03:03,200] [builder.py:1540]           [DEBUG]    |                                                                                                    |
[2022-10-09 05:03:03,200] [builder.py:1541]           [DEBUG]    | 6 IDs Found: [(71679, 'tmdb'), (35791, 'tmdb'), (1576, 'tmdb'), (1577, 'tmdb'), (7737, 'tmdb'), (173897, 'tmdb')] |
[2022-10-09 05:03:03,201] [builder.py:1542]           [DEBUG]    |                                                                                                    |
[2022-10-09 05:03:03,201] [builder.py:2064]           [INFO]     |                                                                                                    |
[2022-10-09 05:03:03,201] [builder.py:2065]           [INFO]     |============================ Adding to Resident Evil - Saga Collection =============================|
[2022-10-09 05:03:03,201] [builder.py:2066]           [INFO]     |                                                                                                    |
[2022-10-09 05:03:03,201] [builder.py:2080]           [INFO]     | 1/6 | Resident Evil - Saga Collection | + | Resident Evil V : Retribution (2012)                   |
[2022-10-09 05:03:03,784] [builder.py:2080]           [INFO]     | 2/6 | Resident Evil - Saga Collection | + | Resident Evil IV : Afterlife (2010)                    |
[2022-10-09 05:03:04,280] [builder.py:2080]           [INFO]     | 3/6 | Resident Evil - Saga Collection | + | Resident Evil I (2002)                                 |
[2022-10-09 05:03:04,836] [builder.py:2080]           [INFO]     | 4/6 | Resident Evil - Saga Collection | + | Resident Evil II : Apocalypse (2004)                   |
[2022-10-09 05:03:05,363] [builder.py:2080]           [INFO]     | 5/6 | Resident Evil - Saga Collection | + | Resident Evil III : Extinction (2007)                  |
[2022-10-09 05:03:05,848] [builder.py:2080]           [INFO]     | 6/6 | Resident Evil - Saga Collection | + | Resident Evil VI : Chapitre Final (2016)               |
[2022-10-09 05:03:06,448] [builder.py:2100]           [INFO]     |                                                                                                    |
[2022-10-09 05:03:06,448] [builder.py:2102]           [INFO]     | 6 Movies Processed 6 Movies Added                                                                  |
[2022-10-09 05:03:06,455] [builder.py:2441]           [INFO]     |                                                                                                    |
[2022-10-09 05:03:06,455] [builder.py:2442]           [INFO]     |======================= Updating Details of Resident Evil - Saga Collection ========================|
[2022-10-09 05:03:06,455] [builder.py:2443]           [INFO]     |                                                                                                    |
[2022-10-09 05:03:06,617] [builder.py:2509]           [INFO]     | Collection Metadata Edits                                                                          |
                                                                 | Summary (tmdb_collection_details) | Alice mène une lutte sans merci contre la toute-puissante Umbrella Corporation et le virus mortel qui transforme les humains en zombies.
                                                                 | Label | +TMDb Collections, +PMM
[2022-10-09 05:03:06,848] [builder.py:2513]           [INFO]     | Details: have been updated
[2022-10-09 05:03:06,848] [builder.py:2517]           [INFO]     | 
[2022-10-09 05:03:07,020] [builder.py:2529]           [INFO]     | Collection Mode | hideItems
[2022-10-09 05:03:07,020] [builder.py:2580]           [WARNING]  | Asset Warning: Unable to find asset folder: 'Resident Evil - Saga'
[2022-10-09 05:03:07,020] [util.py:150]               [DEBUG]    | 1 poster found:
[2022-10-09 05:03:07,020] [util.py:152]               [DEBUG]    | Method: tmdb_collection_details Poster: https://image.tmdb.org/t/p/original/iDy0AuvxWta6G3p3rQlDHoSp0FK.jpg
[2022-10-09 05:03:07,021] [util.py:150]               [DEBUG]    | 1 background found:
[2022-10-09 05:03:07,021] [util.py:152]               [DEBUG]    | Method: tmdb_collection_details Background: https://image.tmdb.org/t/p/original/8utTJ9WoQeYcZ0Ztciv6auqwLXl.jpg
[2022-10-09 05:03:07,045] [library.py:170]            [INFO]     | Detail: tmdb_collection_details updated poster to [URL] https://image.tmdb.org/t/p/original/iDy0AuvxWta6G3p3rQlDHoSp0FK.jpg
[2022-10-09 05:03:07,079] [library.py:186]            [INFO]     | Detail: tmdb_collection_details updated background to [URL] https://image.tmdb.org/t/p/original/8utTJ9WoQeYcZ0Ztciv6auqwLXl.jpg
[2022-10-09 05:03:07,301] [plex_meta_manager.py:708]  [INFO]     | 
[2022-10-09 05:03:07,301] [plex_meta_manager.py:709]  [INFO]     |====================================================================================================|
[2022-10-09 05:03:07,301] [plex_meta_manager.py:709]  [INFO]     |                              Finished Resident Evil - Saga Collection                              |
[2022-10-09 05:03:07,302] [plex_meta_manager.py:709]  [INFO]     |                                    Collection Run Time: 0:00:04                                    |
[2022-10-09 05:03:07,302] [plex_meta_manager.py:709]  [INFO]     |====================================================================================================|
