[2022-10-11 10:02:07,438] [builder.py:197]            [INFO]     |====================================================================================================|
[2022-10-11 10:02:07,439] [builder.py:197]            [INFO]     |                             Family Collection in Z. 5 - Film Animation                             |
[2022-10-11 10:02:07,439] [builder.py:197]            [INFO]     |====================================================================================================|
[2022-10-11 10:02:07,439] [builder.py:198]            [INFO]     |                                                                                                    |
[2022-10-11 10:02:07,439] [builder.py:203]            [INFO]     |================================ Building Definition From Templates ================================|
[2022-10-11 10:02:07,439] [builder.py:211]            [DEBUG]    |                                                                                                    |
[2022-10-11 10:02:07,439] [meta.py:128]               [DEBUG]    | Template Genre                                                                                     |
[2022-10-11 10:02:07,440] [meta.py:129]               [DEBUG]    | Call: ordereddict([('name', 'Genre')])                                                             |
[2022-10-11 10:02:07,440] [meta.py:304]               [DEBUG]    |                                                                                                    |
[2022-10-11 10:02:07,440] [meta.py:305]               [DEBUG]    | Variables: ordereddict([('name', 'Genre'), ('collection_name', 'Family'), ('mapping_name', 'Family'), ('library_type', 'movie'), ('library_name', 'Z. 5 - Film Animation'), ('name_encoded', 'Genre'), ('collection_name_encoded', 'Family'), ('mapping_name_encoded', 'Family'), ('library_type_encoded', 'movie'), ('library_name_encoded', 'Z.%205%20-%20Film%20Animation'), ('collection_sort', 'Family')]) |
[2022-10-11 10:02:07,440] [meta.py:306]               [DEBUG]    |                                                                                                    |
[2022-10-11 10:02:07,440] [meta.py:307]               [DEBUG]    | Defaults: {}                                                                                       |
[2022-10-11 10:02:07,440] [meta.py:308]               [DEBUG]    |                                                                                                    |
[2022-10-11 10:02:07,440] [meta.py:309]               [DEBUG]    | Optional: []                                                                                       |
[2022-10-11 10:02:07,441] [meta.py:370]               [DEBUG]    |                                                                                                    |
[2022-10-11 10:02:07,441] [meta.py:371]               [DEBUG]    | Final Template Attributes: {'sort_title': '+3_Family', 'sync_mode': 'sync', 'smart_label': 'audience_rating.desc'} |
[2022-10-11 10:02:07,441] [meta.py:372]               [DEBUG]    |                                                                                                    |
[2022-10-11 10:02:07,441] [builder.py:219]            [INFO]     |=================================== Validating Family Attributes ===================================|
[2022-10-11 10:02:07,441] [builder.py:488]            [DEBUG]    |                                                                                                    |
[2022-10-11 10:02:07,442] [builder.py:489]            [DEBUG]    | Validating Method: sync_mode                                                                       |
[2022-10-11 10:02:07,442] [builder.py:493]            [DEBUG]    | Value: sync                                                                                        |
[2022-10-11 10:02:07,442] [builder.py:538]            [DEBUG]    |                                                                                                    |
[2022-10-11 10:02:07,442] [builder.py:539]            [DEBUG]    | Validating Method: smart_label                                                                     |
[2022-10-11 10:02:07,442] [builder.py:544]            [DEBUG]    | Value: audience_rating.desc                                                                        |
[2022-10-11 10:02:07,458] [builder.py:627]            [DEBUG]    |                                                                                                    |
[2022-10-11 10:02:07,458] [builder.py:631]            [DEBUG]    | Validating Method: url_poster                                                                      |
[2022-10-11 10:02:07,458] [builder.py:632]            [DEBUG]    | Value: https://raw.githubusercontent.com/MonsieurZed/poster/main/img/GENRE_FAMILY.png              |
[2022-10-11 10:02:07,691] [builder.py:627]            [DEBUG]    |                                                                                                    |
[2022-10-11 10:02:07,692] [builder.py:631]            [DEBUG]    | Validating Method: summary                                                                         |
[2022-10-11 10:02:07,692] [builder.py:632]            [DEBUG]    | Value: Fantasy film is a genre that incorporates imaginative and fantastic themes. These themes usually involve magic, supernatural events, or fantasy worlds. Although it is its own distinct genre, these films can overlap into the horror and science fiction genres. Unlike science fiction, a fantasy film does not need to be rooted in fact. This element allows the audience to be transported into a new and unique world. Often, these films center on an ordinary hero in an extraordinary situation. |
[2022-10-11 10:02:07,692] [builder.py:627]            [DEBUG]    |                                                                                                    |
[2022-10-11 10:02:07,693] [builder.py:631]            [DEBUG]    | Validating Method: imdb_list                                                                       |
[2022-10-11 10:02:07,693] [builder.py:632]            [DEBUG]    | Value: [ordereddict([('url', 'https://www.imdb.com/search/title/?title_type=feature&release_date=1990-01-01,&user_rating=5.0,10.0&num_votes=100000,&genres=Family'), ('limit', 200)]), ordereddict([('url', 'https://www.imdb.com/search/title/?title_type=feature&release_date=1990-01-01,&user_rating=5.0,10.0&num_votes=100000,&genres=Family&sort=user_rating,desc'), ('limit', 200)])] |
[2022-10-11 10:02:10,109] [builder.py:627]            [DEBUG]    |                                                                                                    |
[2022-10-11 10:02:10,110] [builder.py:631]            [DEBUG]    | Validating Method: sort_title                                                                      |
[2022-10-11 10:02:10,110] [builder.py:632]            [DEBUG]    | Value: +3_Family                                                                                   |
[2022-10-11 10:02:10,116] [plex.py:790]               [DEBUG]    |                                                                                                    |
[2022-10-11 10:02:10,116] [plex.py:793]               [DEBUG]    | Looking for: Family                                                                                |
[2022-10-11 10:02:10,116] [builder.py:797]            [INFO]     |                                                                                                    |
[2022-10-11 10:02:10,116] [builder.py:798]            [INFO]     | Validation Successful                                                                              |
[2022-10-11 10:02:10,116] [plex_meta_manager.py:561]  [INFO]     |                                                                                                    |
[2022-10-11 10:02:10,116] [plex_meta_manager.py:563]  [INFO]     |==================================== Running Family Collection =====================================|
[2022-10-11 10:02:10,117] [plex_meta_manager.py:569]  [INFO]     |                                                                                                    |
[2022-10-11 10:02:10,117] [plex_meta_manager.py:570]  [INFO]     | Smart Movie Label                                                                                  |
                                                                 | Sort By: audience_rating.desc
                                                                 | Filter:
                                                                 |   Match all of the following:
                                                                 |     Label is Family
[2022-10-11 10:02:10,117] [plex_meta_manager.py:575]  [INFO]     | 
[2022-10-11 10:02:10,118] [plex_meta_manager.py:576]  [INFO]     | Sync Mode: sync
[2022-10-11 10:02:10,118] [plex_meta_manager.py:579]  [DEBUG]    | 
[2022-10-11 10:02:10,118] [plex_meta_manager.py:580]  [DEBUG]    | Builder: imdb_list: {'url': 'https://www.imdb.com/search/title/?title_type=feature&release_date=1990-01-01,&user_rating=5.0,10.0&num_votes=100000,&genres=Family', 'limit': 200}
[2022-10-11 10:02:10,118] [plex_meta_manager.py:581]  [INFO]     | 
[2022-10-11 10:02:10,118] [imdb.py:184]               [INFO]     | Processing IMDb List: 200 Items at https://www.imdb.com/search/title/?title_type=feature&release_date=1990-01-01,&user_rating=5.0,10.0&num_votes=100000,&genres=Family
[2022-10-11 10:02:14,730] [imdb.py:135]               [DEBUG]    | 200 IMDb IDs Found: ['tt0107120', 'tt0107688', 'tt0241527', 'tt0112642', 'tt0267913', 'tt4123432', 'tt2953050', 'tt0486655', 'tt0327597', 'tt0837562', 'tt3470600', 'tt4633694', 'tt0110357', 'tt0121164', 'tt1201607', 'tt2771200', 'tt0330373', 'tt0295297', 'tt0245429', 'tt0317219', 'tt0099785', 'tt0117008', 'tt0304141', 'tt2380307', 'tt0363771', 'tt0385880', 'tt1014759', 'tt0373889', 'tt0926084', 'tt0367594', 'tt0382932', 'tt8097030', 'tt0120783', 'tt3521164', 'tt0114709', 'tt2294629', 'tt6105098', 'tt2096673', 'tt0102057', 'tt2948356', 'tt0417741', 'tt0126029', 'tt1587310', 'tt0461770', 'tt1935859', 'tt0347149', 'tt6139732', 'tt0198781', 'tt2543472', 'tt0317705', 'tt0266543', 'tt0119282', 'tt1323594', 'tt0910970', 'tt1661199', 'tt0113497', 'tt0814255', 'tt3794354', 'tt1001526', 'tt0247638', 'tt0398286', 'tt1049413', 'tt0441773', 'tt0268380', 'tt3183660', 'tt4123430', 'tt2948372', 'tt1142977', 'tt0120623', 'tt1979376', 'tt2293640', 'tt0432283', 'tt12801262', 'tt0103639', 'tt0892769', 'tt0101414', 'tt0435761', 'tt5109280', 'tt0339291', 'tt1109624', 'tt0120794', 'tt0398808', 'tt0351283', 'tt0129167', 'tt1155076', 'tt0780521', 'tt4520988', 'tt4777008', 'tt1192628', 'tt0477347', 'tt0120762', 'tt2510894', 'tt0120917', 'tt0230011', 'tt1490017', 'tt0133240', 'tt0227538', 'tt1453405', 'tt0170016', 'tt0298148', 'tt3040964', 'tt3606756', 'tt2245084', 'tt0319343', 'tt1772341', 'tt1217209', 'tt0120855', 'tt0358082', 'tt0118617', 'tt1690953', 'tt0275847', 'tt1623288', 'tt2267968', 'tt1216475', 'tt7979580', 'tt5884052', 'tt0120363', 'tt1964418', 'tt7146812', 'tt0322330', 'tt0114148', 'tt0349205', 'tt0385752', 'tt1028532', 'tt1623205', 'tt0307453', 'tt2709768', 'tt0116583', 'tt0104431', 'tt0499448', 'tt0970179', 'tt2567026', 'tt0892782', 'tt0338348', 'tt3469046', 'tt0844471', 'tt2277860', 'tt2692250', 'tt1436562', 'tt4116284', 'tt0983193', 'tt0373051', 'tt0120630', 'tt2386490', 'tt0111070', 'tt5848272', 'tt1078912', 'tt3874544', 'tt0876563', 'tt1854564', 'tt0115433', 'tt0386117', 'tt0413267', 'tt0389790', 'tt0164912', 'tt1397514', 'tt0397892', 'tt4729430', 'tt0117705', 'tt1482459', 'tt0892791', 'tt0481499', 'tt0366548', 'tt1302011', 'tt0449010', 'tt0980970', 'tt1667889', 'tt0396555', 'tt1389137', 'tt0406375', 'tt1646971', 'tt0448694', 'tt2224026', 'tt1446192', 'tt0312004', 'tt0986264', 'tt0106611', 'tt0308644', 'tt0451079', 'tt1979388', 'tt0963966', 'tt0848537', 'tt0328880', 'tt0120587', 'tt0453451', 'tt0424095', 'tt0112431', 'tt0327084', 'tt1080016', 'tt0116705', 'tt1114740', 'tt0438097', 'tt1528854', 'tt0413099', 'tt1067106', 'tt0822832', 'tt1985966', 'tt0479952', 'tt4302938', 'tt1277953']
[2022-10-11 10:02:14,731] [builder.py:1540]           [DEBUG]    | 
[2022-10-11 10:02:14,731] [builder.py:1541]           [DEBUG]    | 200 IDs Found: [('tt0107120', 'imdb'), ('tt0107688', 'imdb'), ('tt0241527', 'imdb'), ('tt0112642', 'imdb'), ('tt0267913', 'imdb'), ('tt4123432', 'imdb'), ('tt2953050', 'imdb'), ('tt0486655', 'imdb'), ('tt0327597', 'imdb'), ('tt0837562', 'imdb'), ('tt3470600', 'imdb'), ('tt4633694', 'imdb'), ('tt0110357', 'imdb'), ('tt0121164', 'imdb'), ('tt1201607', 'imdb'), ('tt2771200', 'imdb'), ('tt0330373', 'imdb'), ('tt0295297', 'imdb'), ('tt0245429', 'imdb'), ('tt0317219', 'imdb'), ('tt0099785', 'imdb'), ('tt0117008', 'imdb'), ('tt0304141', 'imdb'), ('tt2380307', 'imdb'), ('tt0363771', 'imdb'), ('tt0385880', 'imdb'), ('tt1014759', 'imdb'), ('tt0373889', 'imdb'), ('tt0926084', 'imdb'), ('tt0367594', 'imdb'), ('tt0382932', 'imdb'), ('tt8097030', 'imdb'), ('tt0120783', 'imdb'), ('tt3521164', 'imdb'), ('tt0114709', 'imdb'), ('tt2294629', 'imdb'), ('tt6105098', 'imdb'), ('tt2096673', 'imdb'), ('tt0102057', 'imdb'), ('tt2948356', 'imdb'), ('tt0417741', 'imdb'), ('tt0126029', 'imdb'), ('tt1587310', 'imdb'), ('tt0461770', 'imdb'), ('tt1935859', 'imdb'), ('tt0347149', 'imdb'), ('tt6139732', 'imdb'), ('tt0198781', 'imdb'), ('tt2543472', 'imdb'), ('tt0317705', 'imdb'), ('tt0266543', 'imdb'), ('tt0119282', 'imdb'), ('tt1323594', 'imdb'), ('tt0910970', 'imdb'), ('tt1661199', 'imdb'), ('tt0113497', 'imdb'), ('tt0814255', 'imdb'), ('tt3794354', 'imdb'), ('tt1001526', 'imdb'), ('tt0247638', 'imdb'), ('tt0398286', 'imdb'), ('tt1049413', 'imdb'), ('tt0441773', 'imdb'), ('tt0268380', 'imdb'), ('tt3183660', 'imdb'), ('tt4123430', 'imdb'), ('tt2948372', 'imdb'), ('tt1142977', 'imdb'), ('tt0120623', 'imdb'), ('tt1979376', 'imdb'), ('tt2293640', 'imdb'), ('tt0432283', 'imdb'), ('tt12801262', 'imdb'), ('tt0103639', 'imdb'), ('tt0892769', 'imdb'), ('tt0101414', 'imdb'), ('tt0435761', 'imdb'), ('tt5109280', 'imdb'), ('tt0339291', 'imdb'), ('tt1109624', 'imdb'), ('tt0120794', 'imdb'), ('tt0398808', 'imdb'), ('tt0351283', 'imdb'), ('tt0129167', 'imdb'), ('tt1155076', 'imdb'), ('tt0780521', 'imdb'), ('tt4520988', 'imdb'), ('tt4777008', 'imdb'), ('tt1192628', 'imdb'), ('tt0477347', 'imdb'), ('tt0120762', 'imdb'), ('tt2510894', 'imdb'), ('tt0120917', 'imdb'), ('tt0230011', 'imdb'), ('tt1490017', 'imdb'), ('tt0133240', 'imdb'), ('tt0227538', 'imdb'), ('tt1453405', 'imdb'), ('tt0170016', 'imdb'), ('tt0298148', 'imdb'), ('tt3040964', 'imdb'), ('tt3606756', 'imdb'), ('tt2245084', 'imdb'), ('tt0319343', 'imdb'), ('tt1772341', 'imdb'), ('tt1217209', 'imdb'), ('tt0120855', 'imdb'), ('tt0358082', 'imdb'), ('tt0118617', 'imdb'), ('tt1690953', 'imdb'), ('tt0275847', 'imdb'), ('tt1623288', 'imdb'), ('tt2267968', 'imdb'), ('tt1216475', 'imdb'), ('tt7979580', 'imdb'), ('tt5884052', 'imdb'), ('tt0120363', 'imdb'), ('tt1964418', 'imdb'), ('tt7146812', 'imdb'), ('tt0322330', 'imdb'), ('tt0114148', 'imdb'), ('tt0349205', 'imdb'), ('tt0385752', 'imdb'), ('tt1028532', 'imdb'), ('tt1623205', 'imdb'), ('tt0307453', 'imdb'), ('tt2709768', 'imdb'), ('tt0116583', 'imdb'), ('tt0104431', 'imdb'), ('tt0499448', 'imdb'), ('tt0970179', 'imdb'), ('tt2567026', 'imdb'), ('tt0892782', 'imdb'), ('tt0338348', 'imdb'), ('tt3469046', 'imdb'), ('tt0844471', 'imdb'), ('tt2277860', 'imdb'), ('tt2692250', 'imdb'), ('tt1436562', 'imdb'), ('tt4116284', 'imdb'), ('tt0983193', 'imdb'), ('tt0373051', 'imdb'), ('tt0120630', 'imdb'), ('tt2386490', 'imdb'), ('tt0111070', 'imdb'), ('tt5848272', 'imdb'), ('tt1078912', 'imdb'), ('tt3874544', 'imdb'), ('tt0876563', 'imdb'), ('tt1854564', 'imdb'), ('tt0115433', 'imdb'), ('tt0386117', 'imdb'), ('tt0413267', 'imdb'), ('tt0389790', 'imdb'), ('tt0164912', 'imdb'), ('tt1397514', 'imdb'), ('tt0397892', 'imdb'), ('tt4729430', 'imdb'), ('tt0117705', 'imdb'), ('tt1482459', 'imdb'), ('tt0892791', 'imdb'), ('tt0481499', 'imdb'), ('tt0366548', 'imdb'), ('tt1302011', 'imdb'), ('tt0449010', 'imdb'), ('tt0980970', 'imdb'), ('tt1667889', 'imdb'), ('tt0396555', 'imdb'), ('tt1389137', 'imdb'), ('tt0406375', 'imdb'), ('tt1646971', 'imdb'), ('tt0448694', 'imdb'), ('tt2224026', 'imdb'), ('tt1446192', 'imdb'), ('tt0312004', 'imdb'), ('tt0986264', 'imdb'), ('tt0106611', 'imdb'), ('tt0308644', 'imdb'), ('tt0451079', 'imdb'), ('tt1979388', 'imdb'), ('tt0963966', 'imdb'), ('tt0848537', 'imdb'), ('tt0328880', 'imdb'), ('tt0120587', 'imdb'), ('tt0453451', 'imdb'), ('tt0424095', 'imdb'), ('tt0112431', 'imdb'), ('tt0327084', 'imdb'), ('tt1080016', 'imdb'), ('tt0116705', 'imdb'), ('tt1114740', 'imdb'), ('tt0438097', 'imdb'), ('tt1528854', 'imdb'), ('tt0413099', 'imdb'), ('tt1067106', 'imdb'), ('tt0822832', 'imdb'), ('tt1985966', 'imdb'), ('tt0479952', 'imdb'), ('tt4302938', 'imdb'), ('tt1277953', 'imdb')]
[2022-10-11 10:02:14,732] [builder.py:1542]           [DEBUG]    | 
[2022-10-11 10:02:16,286] [plex_meta_manager.py:579]  [DEBUG]    | 
[2022-10-11 10:02:16,288] [plex_meta_manager.py:580]  [DEBUG]    | Builder: imdb_list: {'url': 'https://www.imdb.com/search/title/?title_type=feature&release_date=1990-01-01,&user_rating=5.0,10.0&num_votes=100000,&genres=Family&sort=user_rating,desc', 'limit': 200}
[2022-10-11 10:02:16,290] [plex_meta_manager.py:581]  [INFO]     | 
[2022-10-11 10:02:16,290] [imdb.py:184]               [INFO]     | Processing IMDb List: 200 Items at https://www.imdb.com/search/title/?title_type=feature&release_date=1990-01-01,&user_rating=5.0,10.0&num_votes=100000,&genres=Family&sort=user_rating,desc
[2022-10-11 10:02:20,707] [imdb.py:135]               [DEBUG]    | 200 IMDb IDs Found: ['tt0245429', 'tt0110357', 'tt4633694', 'tt2380307', 'tt0910970', 'tt1049413', 'tt0986264', 'tt0435761', 'tt0114709', 'tt2096673', 'tt0347149', 'tt0266543', 'tt4729430', 'tt1201607', 'tt1028532', 'tt0892769', 'tt0382932', 'tt0198781', 'tt0129167', 'tt2948372', 'tt2948356', 'tt0317705', 'tt0103639', 'tt0101414', 'tt2543472', 'tt0432283', 'tt0304141', 'tt0126029', 'tt0120363', 'tt0107688', 'tt2245084', 'tt1646971', 'tt4302938', 'tt1979376', 'tt1772341', 'tt1490017', 'tt0926084', 'tt0398286', 'tt0330373', 'tt0327597', 'tt0308644', 'tt0099785', 'tt7979580', 'tt3606756', 'tt3521164', 'tt1323594', 'tt0876563', 'tt0486655', 'tt0441773', 'tt0417741', 'tt0241527', 'tt0120762', 'tt0970179', 'tt0373889', 'tt0312004', 'tt0268380', 'tt7146812', 'tt3040964', 'tt2386490', 'tt2294629', 'tt12801262', 'tt0295297', 'tt0120917', 'tt5109280', 'tt4116284', 'tt2277860', 'tt1690953', 'tt1453405', 'tt1109624', 'tt1001526', 'tt0983193', 'tt0298148', 'tt0275847', 'tt0121164', 'tt0120855', 'tt0119282', 'tt3183660', 'tt2953050', 'tt1446192', 'tt1302011', 'tt1192628', 'tt0481499', 'tt0398808', 'tt0317219', 'tt0120623', 'tt3470600', 'tt2771200', 'tt2267968', 'tt1389137', 'tt1217209', 'tt0780521', 'tt0461770', 'tt0133240', 'tt0120794', 'tt0120630', 'tt0118617', 'tt8097030', 'tt5848272', 'tt1623288', 'tt0837562', 'tt0822832', 'tt0319343', 'tt0116583', 'tt0113497', 'tt0106611', 'tt6139732', 'tt1661199', 'tt1587310', 'tt1436562', 'tt1142977', 'tt1080016', 'tt0844471', 'tt0363771', 'tt0351283', 'tt0230011', 'tt0117008', 'tt0112431', 'tt0107120', 'tt6105098', 'tt4520988', 'tt1277953', 'tt1067106', 'tt0451079', 'tt0438097', 'tt0397892', 'tt0396555', 'tt0339291', 'tt0328880', 'tt0104431', 'tt0102057', 'tt1979388', 'tt1935859', 'tt0386117', 'tt0367594', 'tt0327084', 'tt0114148', 'tt4777008', 'tt2510894', 'tt2224026', 'tt0848537', 'tt0479952', 'tt0448694', 'tt0424095', 'tt0385880', 'tt0338348', 'tt0120783', 'tt0120587', 'tt5884052', 'tt4123430', 'tt3794354', 'tt2709768', 'tt1667889', 'tt0499448', 'tt0118689', 'tt0117705', 'tt0111070', 'tt2293640', 'tt1964418', 'tt1482459', 'tt1014759', 'tt0892782', 'tt0477347', 'tt0453451', 'tt0366548', 'tt0358082', 'tt3874544', 'tt1985966', 'tt1623205', 'tt0980970', 'tt0892791', 'tt0322330', 'tt0247638', 'tt4123432', 'tt3469046', 'tt2692250', 'tt2567026', 'tt1216475', 'tt1155076', 'tt0406375', 'tt0170016', 'tt1528854', 'tt0963966', 'tt0413267', 'tt0389790', 'tt0385752', 'tt0112642', 'tt1078912', 'tt0307453', 'tt0164912', 'tt0349205', 'tt0814255', 'tt0373051', 'tt1854564', 'tt1397514', 'tt0116705', 'tt0115433', 'tt0227538', 'tt0413099', 'tt1114740', 'tt0267913']
[2022-10-11 10:02:20,708] [builder.py:1540]           [DEBUG]    | 
[2022-10-11 10:02:20,708] [builder.py:1541]           [DEBUG]    | 200 IDs Found: [('tt0245429', 'imdb'), ('tt0110357', 'imdb'), ('tt4633694', 'imdb'), ('tt2380307', 'imdb'), ('tt0910970', 'imdb'), ('tt1049413', 'imdb'), ('tt0986264', 'imdb'), ('tt0435761', 'imdb'), ('tt0114709', 'imdb'), ('tt2096673', 'imdb'), ('tt0347149', 'imdb'), ('tt0266543', 'imdb'), ('tt4729430', 'imdb'), ('tt1201607', 'imdb'), ('tt1028532', 'imdb'), ('tt0892769', 'imdb'), ('tt0382932', 'imdb'), ('tt0198781', 'imdb'), ('tt0129167', 'imdb'), ('tt2948372', 'imdb'), ('tt2948356', 'imdb'), ('tt0317705', 'imdb'), ('tt0103639', 'imdb'), ('tt0101414', 'imdb'), ('tt2543472', 'imdb'), ('tt0432283', 'imdb'), ('tt0304141', 'imdb'), ('tt0126029', 'imdb'), ('tt0120363', 'imdb'), ('tt0107688', 'imdb'), ('tt2245084', 'imdb'), ('tt1646971', 'imdb'), ('tt4302938', 'imdb'), ('tt1979376', 'imdb'), ('tt1772341', 'imdb'), ('tt1490017', 'imdb'), ('tt0926084', 'imdb'), ('tt0398286', 'imdb'), ('tt0330373', 'imdb'), ('tt0327597', 'imdb'), ('tt0308644', 'imdb'), ('tt0099785', 'imdb'), ('tt7979580', 'imdb'), ('tt3606756', 'imdb'), ('tt3521164', 'imdb'), ('tt1323594', 'imdb'), ('tt0876563', 'imdb'), ('tt0486655', 'imdb'), ('tt0441773', 'imdb'), ('tt0417741', 'imdb'), ('tt0241527', 'imdb'), ('tt0120762', 'imdb'), ('tt0970179', 'imdb'), ('tt0373889', 'imdb'), ('tt0312004', 'imdb'), ('tt0268380', 'imdb'), ('tt7146812', 'imdb'), ('tt3040964', 'imdb'), ('tt2386490', 'imdb'), ('tt2294629', 'imdb'), ('tt12801262', 'imdb'), ('tt0295297', 'imdb'), ('tt0120917', 'imdb'), ('tt5109280', 'imdb'), ('tt4116284', 'imdb'), ('tt2277860', 'imdb'), ('tt1690953', 'imdb'), ('tt1453405', 'imdb'), ('tt1109624', 'imdb'), ('tt1001526', 'imdb'), ('tt0983193', 'imdb'), ('tt0298148', 'imdb'), ('tt0275847', 'imdb'), ('tt0121164', 'imdb'), ('tt0120855', 'imdb'), ('tt0119282', 'imdb'), ('tt3183660', 'imdb'), ('tt2953050', 'imdb'), ('tt1446192', 'imdb'), ('tt1302011', 'imdb'), ('tt1192628', 'imdb'), ('tt0481499', 'imdb'), ('tt0398808', 'imdb'), ('tt0317219', 'imdb'), ('tt0120623', 'imdb'), ('tt3470600', 'imdb'), ('tt2771200', 'imdb'), ('tt2267968', 'imdb'), ('tt1389137', 'imdb'), ('tt1217209', 'imdb'), ('tt0780521', 'imdb'), ('tt0461770', 'imdb'), ('tt0133240', 'imdb'), ('tt0120794', 'imdb'), ('tt0120630', 'imdb'), ('tt0118617', 'imdb'), ('tt8097030', 'imdb'), ('tt5848272', 'imdb'), ('tt1623288', 'imdb'), ('tt0837562', 'imdb'), ('tt0822832', 'imdb'), ('tt0319343', 'imdb'), ('tt0116583', 'imdb'), ('tt0113497', 'imdb'), ('tt0106611', 'imdb'), ('tt6139732', 'imdb'), ('tt1661199', 'imdb'), ('tt1587310', 'imdb'), ('tt1436562', 'imdb'), ('tt1142977', 'imdb'), ('tt1080016', 'imdb'), ('tt0844471', 'imdb'), ('tt0363771', 'imdb'), ('tt0351283', 'imdb'), ('tt0230011', 'imdb'), ('tt0117008', 'imdb'), ('tt0112431', 'imdb'), ('tt0107120', 'imdb'), ('tt6105098', 'imdb'), ('tt4520988', 'imdb'), ('tt1277953', 'imdb'), ('tt1067106', 'imdb'), ('tt0451079', 'imdb'), ('tt0438097', 'imdb'), ('tt0397892', 'imdb'), ('tt0396555', 'imdb'), ('tt0339291', 'imdb'), ('tt0328880', 'imdb'), ('tt0104431', 'imdb'), ('tt0102057', 'imdb'), ('tt1979388', 'imdb'), ('tt1935859', 'imdb'), ('tt0386117', 'imdb'), ('tt0367594', 'imdb'), ('tt0327084', 'imdb'), ('tt0114148', 'imdb'), ('tt4777008', 'imdb'), ('tt2510894', 'imdb'), ('tt2224026', 'imdb'), ('tt0848537', 'imdb'), ('tt0479952', 'imdb'), ('tt0448694', 'imdb'), ('tt0424095', 'imdb'), ('tt0385880', 'imdb'), ('tt0338348', 'imdb'), ('tt0120783', 'imdb'), ('tt0120587', 'imdb'), ('tt5884052', 'imdb'), ('tt4123430', 'imdb'), ('tt3794354', 'imdb'), ('tt2709768', 'imdb'), ('tt1667889', 'imdb'), ('tt0499448', 'imdb'), ('tt0118689', 'imdb'), ('tt0117705', 'imdb'), ('tt0111070', 'imdb'), ('tt2293640', 'imdb'), ('tt1964418', 'imdb'), ('tt1482459', 'imdb'), ('tt1014759', 'imdb'), ('tt0892782', 'imdb'), ('tt0477347', 'imdb'), ('tt0453451', 'imdb'), ('tt0366548', 'imdb'), ('tt0358082', 'imdb'), ('tt3874544', 'imdb'), ('tt1985966', 'imdb'), ('tt1623205', 'imdb'), ('tt0980970', 'imdb'), ('tt0892791', 'imdb'), ('tt0322330', 'imdb'), ('tt0247638', 'imdb'), ('tt4123432', 'imdb'), ('tt3469046', 'imdb'), ('tt2692250', 'imdb'), ('tt2567026', 'imdb'), ('tt1216475', 'imdb'), ('tt1155076', 'imdb'), ('tt0406375', 'imdb'), ('tt0170016', 'imdb'), ('tt1528854', 'imdb'), ('tt0963966', 'imdb'), ('tt0413267', 'imdb'), ('tt0389790', 'imdb'), ('tt0385752', 'imdb'), ('tt0112642', 'imdb'), ('tt1078912', 'imdb'), ('tt0307453', 'imdb'), ('tt0164912', 'imdb'), ('tt0349205', 'imdb'), ('tt0814255', 'imdb'), ('tt0373051', 'imdb'), ('tt1854564', 'imdb'), ('tt1397514', 'imdb'), ('tt0116705', 'imdb'), ('tt0115433', 'imdb'), ('tt0227538', 'imdb'), ('tt0413099', 'imdb'), ('tt1114740', 'imdb'), ('tt0267913', 'imdb')]
[2022-10-11 10:02:20,708] [builder.py:1542]           [DEBUG]    | 
[2022-10-11 10:02:20,955] [builder.py:2064]           [INFO]     | 
[2022-10-11 10:02:20,959] [builder.py:2065]           [INFO]     |=================================== Adding to Family Collection ====================================|
[2022-10-11 10:02:20,960] [builder.py:2066]           [INFO]     |                                                                                                    |
[2022-10-11 10:02:20,973] [builder.py:2080]           [INFO]     |  1/73 | Family Collection | + | Encanto, la fantastique famille Madrigal (2021)                    |
[2022-10-11 10:02:20,995] [builder.py:2080]           [INFO]     |  2/73 | Family Collection | + | Hôtel Transylvanie (2012)                                          |
[2022-10-11 10:02:21,012] [builder.py:2080]           [INFO]     |  3/73 | Family Collection | + | Tous en scène (2016)                                               |
[2022-10-11 10:02:21,690] [builder.py:2080]           [INFO]     |  4/73 | Family Collection | + | Spider-Man : New Generation (2018)                                 |
[2022-10-11 10:02:21,708] [builder.py:2080]           [INFO]     |  5/73 | Family Collection | + | Le Roi lion (1994)                                                 |
[2022-10-11 10:02:21,725] [builder.py:2080]           [INFO]     |  6/73 | Family Collection | + | Le Voyage de Chihiro (2001)                                        |
[2022-10-11 10:02:21,743] [builder.py:2080]           [INFO]     |  7/73 | Family Collection | + | Cars : Quatre roues (2006)                                         |
[2022-10-11 10:02:21,761] [builder.py:2080]           [INFO]     |  8/73 | Family Collection | + | Alice au pays des merveilles (2010)                                |
[2022-10-11 10:02:21,778] [builder.py:2080]           [INFO]     |  9/73 | Family Collection | + | Ratatouille (2007)                                                 |
[2022-10-11 10:02:21,795] [builder.py:2080]           [INFO]     | 10/73 | Family Collection | + | Toy Story (1995)                                                   |
[2022-10-11 10:02:21,814] [builder.py:2080]           [INFO]     | 11/73 | Family Collection | + | La reine des neiges (2013)                                         |
[2022-10-11 10:02:21,831] [builder.py:2080]           [INFO]     | 12/73 | Family Collection | + | Le Roi Lion (2019)                                                 |
[2022-10-11 10:02:21,849] [builder.py:2080]           [INFO]     | 13/73 | Family Collection | + | Vice-versa (2015)                                                  |
[2022-10-11 10:02:21,935] [builder.py:2080]           [INFO]     | 14/73 | Family Collection | + | Shrek (2001)                                                       |
[2022-10-11 10:02:21,956] [builder.py:2080]           [INFO]     | 15/73 | Family Collection | + | Le Château ambulant (2004)                                         |
[2022-10-11 10:02:21,973] [builder.py:2080]           [INFO]     | 16/73 | Family Collection | + | Monstres & Cie (2001)                                              |
[2022-10-11 10:02:21,992] [builder.py:2080]           [INFO]     | 17/73 | Family Collection | + | Les Indestructibles (2004)                                         |
[2022-10-11 10:02:22,014] [builder.py:2080]           [INFO]     | 18/73 | Family Collection | + | Le Monde de Nemo (2003)                                            |
[2022-10-11 10:02:22,030] [builder.py:2080]           [INFO]     | 19/73 | Family Collection | + | Hercule (1997)                                                     |
[2022-10-11 10:02:22,047] [builder.py:2080]           [INFO]     | 20/73 | Family Collection | + | Moi, moche et méchant (2010)                                       |
[2022-10-11 10:02:22,065] [builder.py:2080]           [INFO]     | 21/73 | Family Collection | + | WALL·E (2008)                                                      |
[2022-10-11 10:02:22,082] [builder.py:2080]           [INFO]     | 22/73 | Family Collection | + | Cendrillon (2015)                                                  |
[2022-10-11 10:02:22,100] [builder.py:2080]           [INFO]     | 23/73 | Family Collection | + | Raiponce (2010)                                                    |
[2022-10-11 10:02:22,117] [builder.py:2080]           [INFO]     | 24/73 | Family Collection | + | Là-haut (2009)                                                     |
[2022-10-11 10:02:22,134] [builder.py:2080]           [INFO]     | 25/73 | Family Collection | + | Kung Fu Panda (2008)                                               |
[2022-10-11 10:02:22,152] [builder.py:2080]           [INFO]     | 26/73 | Family Collection | + | Soul (2020)                                                        |
[2022-10-11 10:02:22,170] [builder.py:2080]           [INFO]     | 27/73 | Family Collection | + | Frankenweenie (2012)                                               |
[2022-10-11 10:02:22,188] [builder.py:2080]           [INFO]     | 28/73 | Family Collection | + | 1001 Pattes (1998)                                                 |
[2022-10-11 10:02:22,208] [builder.py:2080]           [INFO]     | 29/73 | Family Collection | + | Toy Story 4 (2019)                                                 |
[2022-10-11 10:02:22,225] [builder.py:2080]           [INFO]     | 30/73 | Family Collection | + | Les Minions (2015)                                                 |
[2022-10-11 10:02:22,245] [builder.py:2080]           [INFO]     | 31/73 | Family Collection | + | Luca (2021)                                                        |
[2022-10-11 10:02:22,263] [builder.py:2080]           [INFO]     | 32/73 | Family Collection | + | Aladdin (1992)                                                     |
[2022-10-11 10:02:22,282] [builder.py:2080]           [INFO]     | 33/73 | Family Collection | + | Dragons (2010)                                                     |
[2022-10-11 10:02:22,299] [builder.py:2080]           [INFO]     | 34/73 | Family Collection | + | La Belle et la Bête (1991)                                         |
[2022-10-11 10:02:22,317] [builder.py:2080]           [INFO]     | 35/73 | Family Collection | + | Toy Story 3 (2010)                                                 |
[2022-10-11 10:02:22,405] [builder.py:2080]           [INFO]     | 36/73 | Family Collection | + | Raya et le Dernier Dragon (2021)                                   |
[2022-10-11 10:02:22,424] [builder.py:2080]           [INFO]     | 37/73 | Family Collection | + | Madagascar (2005)                                                  |
[2022-10-11 10:02:22,442] [builder.py:2080]           [INFO]     | 38/73 | Family Collection | + | La Princesse et la grenouille (2009)                               |
[2022-10-11 10:02:22,460] [builder.py:2080]           [INFO]     | 39/73 | Family Collection | + | La Reine des neiges II (2019)                                      |
[2022-10-11 10:02:22,479] [builder.py:2080]           [INFO]     | 40/73 | Family Collection | + | Mulan (1998)                                                       |
[2022-10-11 10:02:22,496] [builder.py:2080]           [INFO]     | 41/73 | Family Collection | + | Hôtel Transylvanie 2 (2015)                                        |
[2022-10-11 10:02:22,514] [builder.py:2080]           [INFO]     | 42/73 | Family Collection | + | Kuzco, l'empereur mégalo (2000)                                    |
[2022-10-11 10:02:22,530] [builder.py:2080]           [INFO]     | 43/73 | Family Collection | + | Atlantide, l'empire perdu (2001)                                   |
[2022-10-11 10:02:22,548] [builder.py:2080]           [INFO]     | 44/73 | Family Collection | + | La Grande Aventure LEGO (2014)                                     |
[2022-10-11 10:02:22,565] [builder.py:2080]           [INFO]     | 45/73 | Family Collection | + | La Planète au Trésor : Un nouvel univers (2002)                    |
[2022-10-11 10:02:22,581] [builder.py:2080]           [INFO]     | 46/73 | Family Collection | + | Monstres Academy (2013)                                            |
[2022-10-11 10:02:22,600] [builder.py:2080]           [INFO]     | 47/73 | Family Collection | + | Shrek 2 (2004)                                                     |
[2022-10-11 10:02:22,618] [builder.py:2080]           [INFO]     | 48/73 | Family Collection | + | Les Nouveaux Héros (2014)                                          |
[2022-10-11 10:02:22,635] [builder.py:2080]           [INFO]     | 49/73 | Family Collection | + | Les Mondes de Ralph (2012)                                         |
[2022-10-11 10:02:22,651] [builder.py:2080]           [INFO]     | 50/73 | Family Collection | + | Rebelle (2012)                                                     |
[2022-10-11 10:02:22,669] [builder.py:2080]           [INFO]     | 51/73 | Family Collection | + | Tarzan (1999)                                                      |
[2022-10-11 10:02:22,687] [builder.py:2080]           [INFO]     | 52/73 | Family Collection | + | Moi, moche et méchant 2 (2013)                                     |
[2022-10-11 10:02:22,706] [builder.py:2080]           [INFO]     | 53/73 | Family Collection | + | Lilo et Stitch (2002)                                              |
[2022-10-11 10:02:22,725] [builder.py:2080]           [INFO]     | 54/73 | Family Collection | + | Kung Fu Panda 3 (2016)                                             |
[2022-10-11 10:02:22,743] [builder.py:2080]           [INFO]     | 55/73 | Family Collection | + | Cars 2 (2011)                                                      |
[2022-10-11 10:02:22,761] [builder.py:2080]           [INFO]     | 56/73 | Family Collection | + | Les Mitchell contre les Machines (2021)                            |
[2022-10-11 10:02:22,780] [builder.py:2080]           [INFO]     | 57/73 | Family Collection | + | Toy Story 2 (1999)                                                 |
[2022-10-11 10:02:22,867] [builder.py:2080]           [INFO]     | 58/73 | Family Collection | + | Pocahontas : Une légende indienne (1995)                           |
[2022-10-11 10:02:22,886] [builder.py:2080]           [INFO]     | 59/73 | Family Collection | + | Moi, moche et méchant 3 (2017)                                     |
[2022-10-11 10:02:22,904] [builder.py:2080]           [INFO]     | 60/73 | Family Collection | + | Rio (2011)                                                         |
[2022-10-11 10:02:22,922] [builder.py:2080]           [INFO]     | 61/73 | Family Collection | + | Dragons 3 : Le monde caché (2019)                                  |
[2022-10-11 10:02:22,937] [builder.py:2080]           [INFO]     | 62/73 | Family Collection | + | Baby Boss (2017)                                                   |
[2022-10-11 10:02:22,956] [builder.py:2080]           [INFO]     | 63/73 | Family Collection | + | Ponyo sur la falaise (2008)                                        |
[2022-10-11 10:02:22,975] [builder.py:2080]           [INFO]     | 64/73 | Family Collection | + | Shrek le troisième (2007)                                          |
[2022-10-11 10:02:22,990] [builder.py:2080]           [INFO]     | 65/73 | Family Collection | + | Volt, star malgré lui (2008)                                       |
[2022-10-11 10:02:23,007] [builder.py:2080]           [INFO]     | 66/73 | Family Collection | + | Shrek 4, il était une fin (2010)                                   |
[2022-10-11 10:02:23,024] [builder.py:2080]           [INFO]     | 67/73 | Family Collection | + | Kung Fu Panda 2 (2011)                                             |
[2022-10-11 10:02:23,041] [builder.py:2080]           [INFO]     | 68/73 | Family Collection | + | Bienvenue chez les Robinson (2007)                                 |
[2022-10-11 10:02:23,056] [builder.py:2080]           [INFO]     | 69/73 | Family Collection | + | Dragons 2 (2014)                                                   |
[2022-10-11 10:02:23,074] [builder.py:2080]           [INFO]     | 70/73 | Family Collection | + | Le Voyage d’Arlo (2015)                                            |
[2022-10-11 10:02:23,090] [builder.py:2080]           [INFO]     | 71/73 | Family Collection | + | Frère des ours (2003)                                              |
[2022-10-11 10:02:23,107] [builder.py:2080]           [INFO]     | 72/73 | Family Collection | + | Madagascar 2 (2008)                                                |
[2022-10-11 10:02:23,125] [builder.py:2080]           [INFO]     | 73/73 | Family Collection | + | Madagascar 3 : Bons baisers d'Europe (2012)                        |
[2022-10-11 10:02:23,831] [builder.py:2100]           [INFO]     |                                                                                                    |
[2022-10-11 10:02:23,831] [builder.py:2102]           [INFO]     | 73 Movies Processed 73 Movies Added                                                                |
[2022-10-11 10:02:23,831] [builder.py:2228]           [INFO]     |                                                                                                    |
[2022-10-11 10:02:23,832] [builder.py:2229]           [INFO]     |======================== Missing Movies from Library: Z. 5 - Film Animation ========================|
[2022-10-11 10:02:23,832] [builder.py:2230]           [INFO]     |                                                                                                    |
[2022-10-11 10:02:23,847] [builder.py:2243]           [INFO]     | Family Collection | ? | Hocus Pocus (1993) (TMDb: 10439)                                           |
[2022-10-11 10:02:23,863] [builder.py:2243]           [INFO]     | Family Collection | ? | The Nightmare Before Christmas (1993) (TMDb: 9479)                         |
[2022-10-11 10:02:23,892] [builder.py:2243]           [INFO]     | Family Collection | ? | Harry Potter and the Philosopher's Stone (2001) (TMDb: 671)                |
[2022-10-11 10:02:23,917] [builder.py:2243]           [INFO]     | Family Collection | ? | Casper (1995) (TMDb: 8839)                                                 |
[2022-10-11 10:02:23,958] [builder.py:2243]           [INFO]     | Family Collection | ? | Scooby-Doo (2002) (TMDb: 9637)                                             |
[2022-10-11 10:02:23,983] [builder.py:2243]           [INFO]     | Family Collection | ? | Fantastic Beasts: The Secrets of Dumbledore (2022) (TMDb: 338953)          |
[2022-10-11 10:02:24,009] [builder.py:2243]           [INFO]     | Family Collection | ? | Stardust (2007) (TMDb: 2270)                                               |
[2022-10-11 10:02:24,044] [builder.py:2243]           [INFO]     | Family Collection | ? | Coraline (2009) (TMDb: 14836)                                              |
[2022-10-11 10:02:24,075] [builder.py:2243]           [INFO]     | Family Collection | ? | Corpse Bride (2005) (TMDb: 3933)                                           |
[2022-10-11 10:02:24,101] [builder.py:2243]           [INFO]     | Family Collection | ? | Harry Potter and the Deathly Hallows: Part 2 (2011) (TMDb: 12445)          |
[2022-10-11 10:02:24,113] [builder.py:2243]           [INFO]     | Family Collection | ? | Beauty and the Beast (2017) (TMDb: 321612)                                 |
[2022-10-11 10:02:24,150] [builder.py:2243]           [INFO]     | Family Collection | ? | Harry Potter and the Goblet of Fire (2005) (TMDb: 674)                     |
[2022-10-11 10:02:24,175] [builder.py:2243]           [INFO]     | Family Collection | ? | Harry Potter et la Chambre des secrets (2002) (TMDb: 672)                  |
[2022-10-11 10:02:24,225] [builder.py:2243]           [INFO]     | Family Collection | ? | Home Alone (1990) (TMDb: 771)                                              |
[2022-10-11 10:02:24,250] [builder.py:2243]           [INFO]     | Family Collection | ? | Matilda (1996) (TMDb: 10830)                                               |
[2022-10-11 10:02:24,276] [builder.py:2243]           [INFO]     | Family Collection | ? | Harry Potter and the Prisoner of Azkaban (2004) (TMDb: 673)                |
[2022-10-11 10:02:24,326] [builder.py:2243]           [INFO]     | Family Collection | ? | Coco (2017) (TMDb: 354912)                                                 |
[2022-10-11 10:02:24,367] [builder.py:2243]           [INFO]     | Family Collection | ? | The Chronicles of Narnia: The Lion, the Witch and the Wardrobe (2005) (TMDb: 411) |
[2022-10-11 10:02:24,392] [builder.py:2243]           [INFO]     | Family Collection | ? | Monster House (2006) (TMDb: 9297)                                          |
[2022-10-11 10:02:24,438] [builder.py:2243]           [INFO]     | Family Collection | ? | Harry Potter and the Order of the Phoenix (2007) (TMDb: 675)               |
[2022-10-11 10:02:24,496] [builder.py:2243]           [INFO]     | Family Collection | ? | Harry Potter and the Deathly Hallows: Part 1 (2010) (TMDb: 12444)          |
[2022-10-11 10:02:24,515] [builder.py:2243]           [INFO]     | Family Collection | ? | Charlie and the Chocolate Factory (2005) (TMDb: 118)                       |
[2022-10-11 10:02:24,532] [builder.py:2243]           [INFO]     | Family Collection | ? | Turning Red (2022) (TMDb: 508947)                                          |
[2022-10-11 10:02:24,562] [builder.py:2243]           [INFO]     | Family Collection | ? | The Parent Trap (1998) (TMDb: 9820)                                        |
[2022-10-11 10:02:24,574] [builder.py:2243]           [INFO]     | Family Collection | ? | Moana (2016) (TMDb: 277834)                                                |
[2022-10-11 10:02:24,616] [builder.py:2243]           [INFO]     | Family Collection | ? | Hook (1991) (TMDb: 879)                                                    |
[2022-10-11 10:02:24,632] [builder.py:2243]           [INFO]     | Family Collection | ? | Zootopia (2016) (TMDb: 269149)                                             |
[2022-10-11 10:02:24,663] [builder.py:2243]           [INFO]     | Family Collection | ? | Harry Potter and the Half-Blood Prince (2009) (TMDb: 767)                  |
[2022-10-11 10:02:24,675] [builder.py:2243]           [INFO]     | Family Collection | ? | Maleficent (2014) (TMDb: 102651)                                           |
[2022-10-11 10:02:24,716] [builder.py:2243]           [INFO]     | Family Collection | ? | Il était une fois (2007) (TMDb: 4523)                                      |
[2022-10-11 10:02:24,733] [builder.py:2243]           [INFO]     | Family Collection | ? | Miss Peregrine's Home for Peculiar Children (2016) (TMDb: 283366)          |
[2022-10-11 10:02:24,775] [builder.py:2243]           [INFO]     | Family Collection | ? | Aladdin (2019) (TMDb: 420817)                                              |
[2022-10-11 10:02:24,791] [builder.py:2243]           [INFO]     | Family Collection | ? | Wonder (2017) (TMDb: 406997)                                               |
[2022-10-11 10:02:24,813] [builder.py:2243]           [INFO]     | Family Collection | ? | Jumanji (1995) (TMDb: 8844)                                                |
[2022-10-11 10:02:24,833] [builder.py:2243]           [INFO]     | Family Collection | ? | Percy Jackson & the Olympians: The Lightning Thief (2010) (TMDb: 32657)    |
[2022-10-11 10:02:24,863] [builder.py:2243]           [INFO]     | Family Collection | ? | Sonic the Hedgehog (2020) (TMDb: 454626)                                   |
[2022-10-11 10:02:24,874] [builder.py:2243]           [INFO]     | Family Collection | ? | Megamind (2010) (TMDb: 38055)                                              |
[2022-10-11 10:02:24,896] [builder.py:2243]           [INFO]     | Family Collection | ? | The Princess Diaries (2001) (TMDb: 9880)                                   |
[2022-10-11 10:02:24,926] [builder.py:2243]           [INFO]     | Family Collection | ? | L'Âge de glace (2002) (TMDb: 425)                                          |
[2022-10-11 10:02:24,946] [builder.py:2243]           [INFO]     | Family Collection | ? | Fantastic Beasts and Where to Find Them (2016) (TMDb: 259316)              |
[2022-10-11 10:02:24,960] [builder.py:2243]           [INFO]     | Family Collection | ? | Fantastic Beasts: The Crimes of Grindelwald (2018) (TMDb: 338952)          |
[2022-10-11 10:02:24,988] [builder.py:2243]           [INFO]     | Family Collection | ? | Fantastic Mr. Fox (2009) (TMDb: 10315)                                     |
[2022-10-11 10:02:24,996] [builder.py:2243]           [INFO]     | Family Collection | ? | Lemony Snicket's A Series of Unfortunate Events (2004) (TMDb: 11774)       |
[2022-10-11 10:02:25,010] [builder.py:2243]           [INFO]     | Family Collection | ? | Paddington (2014) (TMDb: 116149)                                           |
[2022-10-11 10:02:25,026] [builder.py:2243]           [INFO]     | Family Collection | ? | The Prince of Egypt (1998) (TMDb: 9837)                                    |
[2022-10-11 10:02:25,060] [builder.py:2243]           [INFO]     | Family Collection | ? | Bridge to Terabithia (2007) (TMDb: 1265)                                   |
[2022-10-11 10:02:25,077] [builder.py:2243]           [INFO]     | Family Collection | ? | The Iron Giant (1999) (TMDb: 10386)                                        |
[2022-10-11 10:02:25,096] [builder.py:2243]           [INFO]     | Family Collection | ? | The Karate Kid (2010) (TMDb: 38575)                                        |
[2022-10-11 10:02:25,110] [builder.py:2243]           [INFO]     | Family Collection | ? | Maleficent: Mistress of Evil (2019) (TMDb: 420809)                         |
[2022-10-11 10:02:25,138] [builder.py:2243]           [INFO]     | Family Collection | ? | Rango (2011) (TMDb: 44896)                                                 |
[2022-10-11 10:02:25,161] [builder.py:2243]           [INFO]     | Family Collection | ? | Night at the Museum (2006) (TMDb: 1593)                                    |
[2022-10-11 10:02:25,177] [builder.py:2243]           [INFO]     | Family Collection | ? | Spy Kids (2001) (TMDb: 10054)                                              |
[2022-10-11 10:02:25,204] [builder.py:2243]           [INFO]     | Family Collection | ? | How the Grinch Stole Christmas (1999) (TMDb: 8871)                         |
[2022-10-11 10:02:25,227] [builder.py:2243]           [INFO]     | Family Collection | ? | The Jungle Book (2016) (TMDb: 278927)                                      |
[2022-10-11 10:02:25,238] [builder.py:2243]           [INFO]     | Family Collection | ? | Incredibles 2 (2018) (TMDb: 260513)                                        |
[2022-10-11 10:02:25,279] [builder.py:2243]           [INFO]     | Family Collection | ? | Elf (2003) (TMDb: 10719)                                                   |
[2022-10-11 10:02:25,290] [builder.py:2243]           [INFO]     | Family Collection | ? | Robots (2005) (TMDb: 9928)                                                 |
[2022-10-11 10:02:25,321] [builder.py:2243]           [INFO]     | Family Collection | ? | Anastasia (1997) (TMDb: 9444)                                              |
[2022-10-11 10:02:25,332] [builder.py:2243]           [INFO]     | Family Collection | ? | ParaNorman (2012) (TMDb: 77174)                                            |
[2022-10-11 10:02:25,371] [builder.py:2243]           [INFO]     | Family Collection | ? | Pokémon Detective Pikachu (2019) (TMDb: 447404)                            |
[2022-10-11 10:02:25,386] [builder.py:2243]           [INFO]     | Family Collection | ? | Tomorrowland (2015) (TMDb: 158852)                                         |
[2022-10-11 10:02:25,444] [builder.py:2243]           [INFO]     | Family Collection | ? | Onward (2020) (TMDb: 508439)                                               |
[2022-10-11 10:02:25,461] [builder.py:2243]           [INFO]     | Family Collection | ? | Freaky Friday (2003) (TMDb: 10330)                                         |
[2022-10-11 10:02:25,511] [builder.py:2243]           [INFO]     | Family Collection | ? | Cheaper by the Dozen (2003) (TMDb: 11007)                                  |
[2022-10-11 10:02:25,528] [builder.py:2243]           [INFO]     | Family Collection | ? | The Golden Compass (2007) (TMDb: 2268)                                     |
[2022-10-11 10:02:25,570] [builder.py:2243]           [INFO]     | Family Collection | ? | Hachi: A Dog's Tale (2009) (TMDb: 28178)                                   |
[2022-10-11 10:02:25,586] [builder.py:2243]           [INFO]     | Family Collection | ? | Oz the Great and Powerful (2013) (TMDb: 68728)                             |
[2022-10-11 10:02:25,612] [builder.py:2243]           [INFO]     | Family Collection | ? | Shark Tale (2004) (TMDb: 10555)                                            |
[2022-10-11 10:02:25,629] [builder.py:2243]           [INFO]     | Family Collection | ? | The Secret Life of Pets (2016) (TMDb: 328111)                              |
[2022-10-11 10:02:25,646] [builder.py:2243]           [INFO]     | Family Collection | ? | The Hunchback of Notre Dame (1996) (TMDb: 10545)                           |
[2022-10-11 10:02:25,687] [builder.py:2243]           [INFO]     | Family Collection | ? | Home Alone 2: Lost in New York (1992) (TMDb: 772)                          |
[2022-10-11 10:02:25,705] [builder.py:2243]           [INFO]     | Family Collection | ? | The Chronicles of Narnia: Prince Caspian (2008) (TMDb: 2454)               |
[2022-10-11 10:02:25,746] [builder.py:2243]           [INFO]     | Family Collection | ? | Hugo (2011) (TMDb: 44826)                                                  |
[2022-10-11 10:02:25,763] [builder.py:2243]           [INFO]     | Family Collection | ? | Alice Through the Looking Glass (2016) (TMDb: 241259)                      |
[2022-10-11 10:02:25,804] [builder.py:2243]           [INFO]     | Family Collection | ? | Monsters vs Aliens (2009) (TMDb: 15512)                                    |
[2022-10-11 10:02:25,829] [builder.py:2243]           [INFO]     | Family Collection | ? | The Polar Express (2004) (TMDb: 5255)                                      |
[2022-10-11 10:02:25,871] [builder.py:2243]           [INFO]     | Family Collection | ? | Cloudy with a Chance of Meatballs (2009) (TMDb: 22794)                     |
[2022-10-11 10:02:25,888] [builder.py:2243]           [INFO]     | Family Collection | ? | Finding Dory (2016) (TMDb: 127380)                                         |
[2022-10-11 10:02:25,929] [builder.py:2243]           [INFO]     | Family Collection | ? | Night at the Museum: Secret of the Tomb (2014) (TMDb: 181533)              |
[2022-10-11 10:02:25,946] [builder.py:2243]           [INFO]     | Family Collection | ? | The Lego Batman Movie (2017) (TMDb: 324849)                                |
[2022-10-11 10:02:25,963] [builder.py:2243]           [INFO]     | Family Collection | ? | The Adventures of Tintin (2011) (TMDb: 17578)                              |
[2022-10-11 10:02:25,980] [builder.py:2243]           [INFO]     | Family Collection | ? | Journey to the Center of the Earth (2008) (TMDb: 88751)                    |
[2022-10-11 10:02:25,996] [builder.py:2243]           [INFO]     | Family Collection | ? | Chicken Run (2000) (TMDb: 7443)                                            |
[2022-10-11 10:02:26,013] [builder.py:2243]           [INFO]     | Family Collection | ? | The Santa Clause (1994) (TMDb: 11395)                                      |
[2022-10-11 10:02:26,030] [builder.py:2243]           [INFO]     | Family Collection | ? | Ralph Breaks the Internet (2018) (TMDb: 404368)                            |
[2022-10-11 10:02:26,046] [builder.py:2243]           [INFO]     | Family Collection | ? | Night at the Museum: Battle of the Smithsonian (2009) (TMDb: 18360)        |
[2022-10-11 10:02:26,055] [builder.py:2243]           [INFO]     | Family Collection | ? | Percy Jackson: Sea of Monsters (2013) (TMDb: 76285)                        |
[2022-10-11 10:02:26,072] [builder.py:2243]           [INFO]     | Family Collection | ? | 101 Dalmatians (1996) (TMDb: 11674)                                        |
[2022-10-11 10:02:26,104] [builder.py:2243]           [INFO]     | Family Collection | ? | Where the Wild Things Are (2009) (TMDb: 16523)                             |
[2022-10-11 10:02:26,115] [builder.py:2243]           [INFO]     | Family Collection | ? | Bee Movie (2007) (TMDb: 5559)                                              |
[2022-10-11 10:02:26,154] [builder.py:2243]           [INFO]     | Family Collection | ? | Stuart Little (1999) (TMDb: 10137)                                         |
[2022-10-11 10:02:26,188] [builder.py:2243]           [INFO]     | Family Collection | ? | Journey 2: The Mysterious Island (2012) (TMDb: 72545)                      |
[2022-10-11 10:02:26,221] [builder.py:2243]           [INFO]     | Family Collection | ? | Klaus (2019) (TMDb: 508965)                                                |
[2022-10-11 10:02:26,232] [builder.py:2243]           [INFO]     | Family Collection | ? | Space Jam (1996) (TMDb: 2300)                                              |
[2022-10-11 10:02:26,271] [builder.py:2243]           [INFO]     | Family Collection | ? | The Lorax (2012) (TMDb: 73723)                                             |
[2022-10-11 10:02:26,282] [builder.py:2243]           [INFO]     | Family Collection | ? | The Croods (2013) (TMDb: 49519)                                            |
[2022-10-11 10:02:26,304] [builder.py:2243]           [INFO]     | Family Collection | ? | Happy Feet (2006) (TMDb: 9836)                                             |
[2022-10-11 10:02:26,316] [builder.py:2243]           [INFO]     | Family Collection | ? | Eragon (2006) (TMDb: 2486)                                                 |
[2022-10-11 10:02:26,330] [builder.py:2243]           [INFO]     | Family Collection | ? | The Chronicles of Narnia: The Voyage of the Dawn Treader (2010) (TMDb: 10140) |
[2022-10-11 10:02:26,347] [builder.py:2243]           [INFO]     | Family Collection | ? | Ice Age: Continental Drift (2012) (TMDb: 57800)                            |
[2022-10-11 10:02:26,378] [builder.py:2243]           [INFO]     | Family Collection | ? | Nouveau Départ (2011) (TMDb: 74465)                                        |
[2022-10-11 10:02:26,406] [builder.py:2243]           [INFO]     | Family Collection | ? | Zathura: A Space Adventure (2005) (TMDb: 6795)                             |
[2022-10-11 10:02:26,423] [builder.py:2243]           [INFO]     | Family Collection | ? | Puss in Boots (2011) (TMDb: 417859)                                        |
[2022-10-11 10:02:26,439] [builder.py:2243]           [INFO]     | Family Collection | ? | Home (2015) (TMDb: 228161)                                                 |
[2022-10-11 10:02:26,481] [builder.py:2243]           [INFO]     | Family Collection | ? | Rise of the Guardians (2012) (TMDb: 81188)                                 |
[2022-10-11 10:02:26,498] [builder.py:2243]           [INFO]     | Family Collection | ? | Wallace & Gromit: The Curse of the Were-Rabbit (2005) (TMDb: 533)          |
[2022-10-11 10:02:26,539] [builder.py:2243]           [INFO]     | Family Collection | ? | Like Stars on Earth (2007) (TMDb: 7508)                                    |
[2022-10-11 10:02:26,563] [builder.py:2243]           [INFO]     | Family Collection | ? | Cool Runnings (1993) (TMDb: 864)                                           |
[2022-10-11 10:02:26,581] [builder.py:2243]           [INFO]     | Family Collection | ? | Finding Neverland (2004) (TMDb: 866)                                       |
[2022-10-11 10:02:26,623] [builder.py:2243]           [INFO]     | Family Collection | ? | Horton Hears a Who! (2008) (TMDb: 12222)                                   |
[2022-10-11 10:02:26,642] [builder.py:2243]           [INFO]     | Family Collection | ? | L'Apprenti sorcier (2010) (TMDb: 27022)                                    |
[2022-10-11 10:02:26,659] [builder.py:2243]           [INFO]     | Family Collection | ? | Epic (2013) (TMDb: 116711)                                                 |
[2022-10-11 10:02:26,685] [builder.py:2243]           [INFO]     | Family Collection | ? | Antz (1998) (TMDb: 8916)                                                   |
[2022-10-11 10:02:26,718] [builder.py:2243]           [INFO]     | Family Collection | ? | Mr. Bean's Holiday (2007) (TMDb: 1268)                                     |
[2022-10-11 10:02:26,734] [builder.py:2243]           [INFO]     | Family Collection | ? | Flushed Away (2006) (TMDb: 11619)                                          |
[2022-10-11 10:02:26,776] [builder.py:2243]           [INFO]     | Family Collection | ? | Babe (1995) (TMDb: 9598)                                                   |
[2022-10-11 10:02:26,793] [builder.py:2243]           [INFO]     | Family Collection | ? | Over the Hedge (2006) (TMDb: 7518)                                         |
[2022-10-11 10:02:26,826] [builder.py:2243]           [INFO]     | Family Collection | ? | Ice Age: Dawn of the Dinosaurs (2009) (TMDb: 8355)                         |
[2022-10-11 10:02:26,843] [builder.py:2243]           [INFO]     | Family Collection | ? | Jingle All the Way (1996) (TMDb: 9279)                                     |
[2022-10-11 10:02:26,863] [builder.py:2243]           [INFO]     | Family Collection | ? | Paul Blart: Mall Cop (2009) (TMDb: 14560)                                  |
[2022-10-11 10:02:26,893] [builder.py:2243]           [INFO]     | Family Collection | ? | Ice Age: The Meltdown (2006) (TMDb: 950)                                   |
[2022-10-11 10:02:26,910] [builder.py:2243]           [INFO]     | Family Collection | ? | Daddy's Home (2015) (TMDb: 274167)                                         |
[2022-10-11 10:02:26,943] [builder.py:2243]           [INFO]     | Family Collection | ? | Evan Almighty (2007) (TMDb: 2698)                                          |
[2022-10-11 10:02:26,962] [builder.py:2243]           [INFO]     | Family Collection | ? | A Christmas Carol (2009) (TMDb: 17979)                                     |
[2022-10-11 10:02:26,985] [builder.py:2243]           [INFO]     | Family Collection | ? | Marley & Me (2008) (TMDb: 14306)                                           |
[2022-10-11 10:02:27,021] [builder.py:2243]           [INFO]     | Family Collection | ? | Cloudy with a Chance of Meatballs 2 (2013) (TMDb: 109451)                  |
[2022-10-11 10:02:27,032] [builder.py:2243]           [INFO]     | Family Collection | ? | Kubo and the Two Strings (2016) (TMDb: 313297)                             |
[2022-10-11 10:02:27,071] [builder.py:2243]           [INFO]     | Family Collection | ? | Bean (1997) (TMDb: 1281)                                                   |
[2022-10-11 10:02:27,071] [builder.py:2248]           [INFO]     |                                                                                                    |
[2022-10-11 10:02:27,071] [builder.py:2249]           [INFO]     | 128 Movies Missing                                                                                 |
[2022-10-11 10:02:27,785] [plex.py:711]               [DEBUG]    | Smart Collection Test: ?type=1&sort=audienceRating%3Adesc&label=213024                             |
[2022-10-11 10:02:28,086] [builder.py:2441]           [INFO]     |                                                                                                    |
[2022-10-11 10:02:28,087] [builder.py:2442]           [INFO]     |============================== Updating Details of Family Collection ===============================|
[2022-10-11 10:02:28,087] [builder.py:2443]           [INFO]     |                                                                                                    |
[2022-10-11 10:02:28,351] [builder.py:2509]           [INFO]     | Collection Metadata Edits                                                                          |
                                                                 | Summary (summary) | Fantasy film is a genre that incorporates imaginative and fantastic themes. These themes usually involve magic, supernatural events, or fantasy worlds. Although it is its own distinct genre, these films can overlap into the horror and science fiction genres. Unlike science fiction, a fantasy film does not need to be rooted in fact. This element allows the audience to be transported into a new and unique world. Often, these films center on an ordinary hero in an extraordinary situation.
                                                                 | Sort Title | +3_Family
                                                                 | Label | +PMM
[2022-10-11 10:02:28,638] [builder.py:2513]           [INFO]     | Details: have been updated
[2022-10-11 10:02:28,638] [builder.py:2517]           [INFO]     | 
[2022-10-11 10:02:28,639] [builder.py:2580]           [WARNING]  | Asset Warning: Unable to find asset folder: 'Family'
[2022-10-11 10:02:28,639] [util.py:150]               [DEBUG]    | 1 poster found:
[2022-10-11 10:02:28,639] [util.py:152]               [DEBUG]    | Method: url_poster Poster: https://raw.githubusercontent.com/MonsieurZed/poster/main/img/GENRE_FAMILY.png
[2022-10-11 10:02:28,681] [library.py:170]            [INFO]     | Detail: url_poster updated poster to [URL] https://raw.githubusercontent.com/MonsieurZed/poster/main/img/GENRE_FAMILY.png
[2022-10-11 10:02:28,977] [plex_meta_manager.py:708]  [INFO]     | 
[2022-10-11 10:02:28,978] [plex_meta_manager.py:709]  [INFO]     |====================================================================================================|
[2022-10-11 10:02:28,978] [plex_meta_manager.py:709]  [INFO]     |                                     Finished Family Collection                                     |
[2022-10-11 10:02:28,978] [plex_meta_manager.py:709]  [INFO]     |                                    Collection Run Time: 0:00:21                                    |
[2022-10-11 10:02:28,978] [plex_meta_manager.py:709]  [INFO]     |====================================================================================================|
