[2022-10-11 09:13:13,604] [builder.py:197]            [INFO]     |====================================================================================================|
[2022-10-11 09:13:13,604] [builder.py:197]            [INFO]     |                               Knives Out Collection in Z. 1 - Films                                |
[2022-10-11 09:13:13,604] [builder.py:197]            [INFO]     |====================================================================================================|
[2022-10-11 09:13:13,605] [builder.py:198]            [INFO]     |                                                                                                    |
[2022-10-11 09:13:13,605] [builder.py:203]            [INFO]     |================================ Building Definition From Templates ================================|
[2022-10-11 09:13:13,605] [builder.py:211]            [DEBUG]    |                                                                                                    |
[2022-10-11 09:13:13,605] [meta.py:128]               [DEBUG]    | Template my_template                                                                               |
[2022-10-11 09:13:13,605] [meta.py:129]               [DEBUG]    | Call: {'value': ['722971'], 'tmdb_collection': ['722971'], 'key_name': 'Knives Out', 'key': '722971', 'name': 'my_template'} |
[2022-10-11 09:13:13,605] [meta.py:304]               [DEBUG]    |                                                                                                    |
[2022-10-11 09:13:13,606] [meta.py:305]               [DEBUG]    | Variables: {'value': ['722971'], 'tmdb_collection': ['722971'], 'key_name': 'Knives Out', 'key': '722971', 'name': 'my_template', 'collection_name': 'Knives Out', 'mapping_name': 'Knives Out', 'library_type': 'movie', 'library_name': 'Z. 1 - Films', 'value_encoded': '%5B%27722971%27%5D', 'tmdb_collection_encoded': '%5B%27722971%27%5D', 'key_name_encoded': 'Knives%20Out', 'key_encoded': '722971', 'name_encoded': 'my_template', 'collection_name_encoded': 'Knives%20Out', 'mapping_name_encoded': 'Knives%20Out', 'library_type_encoded': 'movie', 'library_name_encoded': 'Z.%201%20-%20Films', 'collection_sort': 'Knives Out'} |
[2022-10-11 09:13:13,606] [meta.py:306]               [DEBUG]    |                                                                                                    |
[2022-10-11 09:13:13,606] [meta.py:307]               [DEBUG]    | Defaults: {}                                                                                       |
[2022-10-11 09:13:13,606] [meta.py:308]               [DEBUG]    |                                                                                                    |
[2022-10-11 09:13:13,606] [meta.py:309]               [DEBUG]    | Optional: ['my_collection_poster', 'my_collection_poster_encoded']                                 |
[2022-10-11 09:13:13,607] [meta.py:370]               [DEBUG]    |                                                                                                    |
[2022-10-11 09:13:13,608] [meta.py:371]               [DEBUG]    | Final Template Attributes: {'tmdb_collection_details': ['722971'], 'collection_order': 'release', 'collection_mode': 'hide_items'} |
[2022-10-11 09:13:13,608] [meta.py:372]               [DEBUG]    |                                                                                                    |
[2022-10-11 09:13:13,608] [builder.py:219]            [INFO]     |================================= Validating Knives Out Attributes =================================|
[2022-10-11 09:13:13,608] [builder.py:609]            [DEBUG]    |                                                                                                    |
[2022-10-11 09:13:13,608] [builder.py:610]            [DEBUG]    | Validating Method: collection_order                                                                |
[2022-10-11 09:13:13,609] [builder.py:611]            [DEBUG]    | Value: release                                                                                     |
[2022-10-11 09:13:13,609] [builder.py:627]            [DEBUG]    |                                                                                                    |
[2022-10-11 09:13:13,609] [builder.py:631]            [DEBUG]    | Validating Method: label                                                                           |
[2022-10-11 09:13:13,609] [builder.py:632]            [DEBUG]    | Value: TMDb Collections                                                                            |
[2022-10-11 09:13:13,609] [builder.py:627]            [DEBUG]    |                                                                                                    |
[2022-10-11 09:13:13,609] [builder.py:631]            [DEBUG]    | Validating Method: tmdb_collection_details                                                         |
[2022-10-11 09:13:13,610] [builder.py:632]            [DEBUG]    | Value: ['722971']                                                                                  |
[2022-10-11 09:13:13,623] [builder.py:627]            [DEBUG]    |                                                                                                    |
[2022-10-11 09:13:13,624] [builder.py:631]            [DEBUG]    | Validating Method: collection_mode                                                                 |
[2022-10-11 09:13:13,624] [builder.py:632]            [DEBUG]    | Value: hide_items                                                                                  |
[2022-10-11 09:13:13,629] [plex.py:790]               [DEBUG]    |                                                                                                    |
[2022-10-11 09:13:13,629] [plex.py:793]               [DEBUG]    | Looking for: Knives Out                                                                            |
[2022-10-11 09:13:13,630] [builder.py:797]            [INFO]     |                                                                                                    |
[2022-10-11 09:13:13,630] [builder.py:798]            [INFO]     | Validation Successful                                                                              |
[2022-10-11 09:13:13,630] [plex_meta_manager.py:561]  [INFO]     |                                                                                                    |
[2022-10-11 09:13:13,630] [plex_meta_manager.py:563]  [INFO]     |================================== Running Knives Out Collection ===================================|
[2022-10-11 09:13:13,630] [plex_meta_manager.py:575]  [INFO]     |                                                                                                    |
[2022-10-11 09:13:13,631] [plex_meta_manager.py:576]  [INFO]     | Sync Mode: append                                                                                  |
[2022-10-11 09:13:13,631] [plex_meta_manager.py:579]  [DEBUG]    |                                                                                                    |
[2022-10-11 09:13:13,631] [plex_meta_manager.py:580]  [DEBUG]    | Builder: tmdb_collection: 722971                                                                   |
[2022-10-11 09:13:13,631] [plex_meta_manager.py:581]  [INFO]     |                                                                                                    |
[2022-10-11 09:13:13,636] [tmdb.py:382]               [INFO]     | Processing TMDb Collection: (722971) À couteaux tirés - Saga (3 Items)                             |
[2022-10-11 09:13:13,637] [builder.py:1540]           [DEBUG]    |                                                                                                    |
[2022-10-11 09:13:13,637] [builder.py:1541]           [DEBUG]    | 3 IDs Found: [(546554, 'tmdb'), (661374, 'tmdb'), (812583, 'tmdb')]                                |
[2022-10-11 09:13:13,637] [builder.py:1542]           [DEBUG]    |                                                                                                    |
[2022-10-11 09:13:13,637] [builder.py:2228]           [INFO]     |                                                                                                    |
[2022-10-11 09:13:13,638] [builder.py:2229]           [INFO]     |============================ Missing Movies from Library: Z. 1 - Films =============================|
[2022-10-11 09:13:13,638] [builder.py:2230]           [INFO]     |                                                                                                    |
[2022-10-11 09:13:13,666] [builder.py:2243]           [INFO]     | Knives Out Collection | ? | Glass Onion: A Knives Out Mystery (2022) (TMDb: 661374)                |
[2022-10-11 09:13:13,684] [builder.py:2243]           [INFO]     | Knives Out Collection | ? | Knives Out 3 (TMDb: 812583)                                            |
[2022-10-11 09:13:13,684] [builder.py:2248]           [INFO]     |                                                                                                    |
[2022-10-11 09:13:13,684] [builder.py:2249]           [INFO]     | 2 Movies Missing                                                                                   |
[2022-10-11 09:13:16,361] [plex_meta_manager.py:624]  [INFO]     |                                                                                                    |
[2022-10-11 09:13:16,362] [plex_meta_manager.py:625]  [INFO]     | Collection Minimum: 2 not met for Knives Out Collection                                            |
[2022-10-11 09:13:16,362] [plex_meta_manager.py:708]  [INFO]     |                                                                                                    |
[2022-10-11 09:13:16,362] [plex_meta_manager.py:709]  [INFO]     |====================================================================================================|
[2022-10-11 09:13:16,362] [plex_meta_manager.py:709]  [INFO]     |                                   Finished Knives Out Collection                                   |
[2022-10-11 09:13:16,363] [plex_meta_manager.py:709]  [INFO]     |                                    Collection Run Time: 0:00:02                                    |
[2022-10-11 09:13:16,363] [plex_meta_manager.py:709]  [INFO]     |====================================================================================================|
