[2022-10-11 11:18:22,341] [builder.py:200]            [INFO]     |====================================================================================================|
[2022-10-11 11:18:22,341] [builder.py:200]            [INFO]     |                            Army of the Dead Collection in Z. 1 - Films                             |
[2022-10-11 11:18:22,342] [builder.py:200]            [INFO]     |====================================================================================================|
[2022-10-11 11:18:22,342] [builder.py:201]            [INFO]     |                                                                                                    |
[2022-10-11 11:18:22,342] [builder.py:206]            [INFO]     |================================ Building Definition From Templates ================================|
[2022-10-11 11:18:22,342] [builder.py:222]            [DEBUG]    |                                                                                                    |
[2022-10-11 11:18:22,342] [meta.py:128]               [DEBUG]    | Template my_template                                                                               |
[2022-10-11 11:18:22,342] [meta.py:129]               [DEBUG]    | Call: {'value': ['809185'], 'tmdb_collection': ['809185'], 'key_name': 'Army of the Dead', 'key': '809185', 'name': 'my_template'} |
[2022-10-11 11:18:22,342] [meta.py:304]               [DEBUG]    |                                                                                                    |
[2022-10-11 11:18:22,343] [meta.py:305]               [DEBUG]    | Variables: {'value': ['809185'], 'tmdb_collection': ['809185'], 'key_name': 'Army of the Dead', 'key': '809185', 'name': 'my_template', 'collection_name': 'Army of the Dead', 'mapping_name': 'Army of the Dead', 'library_type': 'movie', 'library_name': 'Z. 1 - Films', 'value_encoded': '%5B%27809185%27%5D', 'tmdb_collection_encoded': '%5B%27809185%27%5D', 'key_name_encoded': 'Army%20of%20the%20Dead', 'key_encoded': '809185', 'name_encoded': 'my_template', 'collection_name_encoded': 'Army%20of%20the%20Dead', 'mapping_name_encoded': 'Army%20of%20the%20Dead', 'library_type_encoded': 'movie', 'library_name_encoded': 'Z.%201%20-%20Films', 'collection_sort': 'Army of the Dead'} |
[2022-10-11 11:18:22,343] [meta.py:306]               [DEBUG]    |                                                                                                    |
[2022-10-11 11:18:22,343] [meta.py:307]               [DEBUG]    | Defaults: {}                                                                                       |
[2022-10-11 11:18:22,343] [meta.py:308]               [DEBUG]    |                                                                                                    |
[2022-10-11 11:18:22,343] [meta.py:309]               [DEBUG]    | Optional: ['my_collection_poster', 'my_collection_poster_encoded']                                 |
[2022-10-11 11:18:22,344] [meta.py:370]               [DEBUG]    |                                                                                                    |
[2022-10-11 11:18:22,344] [meta.py:371]               [DEBUG]    | Final Template Attributes: {'tmdb_collection_details': ['809185'], 'collection_order': 'release', 'collection_mode': 'hide_items', 'sort_title': '+C1_Army of the Dead'} |
[2022-10-11 11:18:22,344] [meta.py:372]               [DEBUG]    |                                                                                                    |
[2022-10-11 11:18:22,344] [builder.py:230]            [INFO]     |============================== Validating Army of the Dead Attributes ==============================|
[2022-10-11 11:18:22,345] [builder.py:620]            [DEBUG]    |                                                                                                    |
[2022-10-11 11:18:22,345] [builder.py:621]            [DEBUG]    | Validating Method: collection_order                                                                |
[2022-10-11 11:18:22,345] [builder.py:622]            [DEBUG]    | Value: release                                                                                     |
[2022-10-11 11:18:22,345] [builder.py:653]            [DEBUG]    |                                                                                                    |
[2022-10-11 11:18:22,345] [builder.py:657]            [DEBUG]    | Validating Method: label                                                                           |
[2022-10-11 11:18:22,345] [builder.py:658]            [DEBUG]    | Value: TMDb Collections                                                                            |
[2022-10-11 11:18:22,345] [builder.py:653]            [DEBUG]    |                                                                                                    |
[2022-10-11 11:18:22,346] [builder.py:657]            [DEBUG]    | Validating Method: tmdb_collection_details                                                         |
[2022-10-11 11:18:22,346] [builder.py:658]            [DEBUG]    | Value: ['809185']                                                                                  |
[2022-10-11 11:18:22,358] [builder.py:653]            [DEBUG]    |                                                                                                    |
[2022-10-11 11:18:22,358] [builder.py:657]            [DEBUG]    | Validating Method: collection_mode                                                                 |
[2022-10-11 11:18:22,359] [builder.py:658]            [DEBUG]    | Value: hide_items                                                                                  |
[2022-10-11 11:18:22,359] [builder.py:653]            [DEBUG]    |                                                                                                    |
[2022-10-11 11:18:22,359] [builder.py:657]            [DEBUG]    | Validating Method: sort_title                                                                      |
[2022-10-11 11:18:22,359] [builder.py:658]            [DEBUG]    | Value: +C1_Army of the Dead                                                                        |
[2022-10-11 11:18:22,555] [builder.py:823]            [INFO]     |                                                                                                    |
[2022-10-11 11:18:22,555] [builder.py:824]            [INFO]     | Validation Successful                                                                              |
[2022-10-11 11:18:22,556] [plex_meta_manager.py:561]  [INFO]     |                                                                                                    |
[2022-10-11 11:18:22,556] [plex_meta_manager.py:563]  [INFO]     |=============================== Running Army of the Dead Collection ================================|
[2022-10-11 11:18:22,556] [plex_meta_manager.py:575]  [INFO]     |                                                                                                    |
[2022-10-11 11:18:22,556] [plex_meta_manager.py:576]  [INFO]     | Sync Mode: append                                                                                  |
[2022-10-11 11:18:22,557] [plex_meta_manager.py:579]  [DEBUG]    |                                                                                                    |
[2022-10-11 11:18:22,557] [plex_meta_manager.py:580]  [DEBUG]    | Builder: tmdb_collection: 809185                                                                   |
[2022-10-11 11:18:22,557] [plex_meta_manager.py:581]  [INFO]     |                                                                                                    |
[2022-10-11 11:18:22,563] [tmdb.py:381]               [INFO]     | Processing TMDb Collection: (809185) Army of the Dead - Saga (3 Items)                             |
[2022-10-11 11:18:22,563] [builder.py:1581]           [DEBUG]    |                                                                                                    |
[2022-10-11 11:18:22,563] [builder.py:1582]           [DEBUG]    | 3 IDs Found: [(503736, 'tmdb'), (796499, 'tmdb'), (852779, 'tmdb')]                                |
[2022-10-11 11:18:22,563] [builder.py:1583]           [DEBUG]    |                                                                                                    |
[2022-10-11 11:18:22,564] [builder.py:2132]           [INFO]     |                                                                                                    |
[2022-10-11 11:18:22,564] [builder.py:2133]           [INFO]     |============================== Adding to Army of the Dead Collection ===============================|
[2022-10-11 11:18:22,564] [builder.py:2134]           [INFO]     |                                                                                                    |
[2022-10-11 11:18:22,564] [builder.py:2148]           [INFO]     | 1/2 | Army of the Dead Collection | = | Army of the Dead (2021)                                    |
[2022-10-11 11:18:22,565] [builder.py:2148]           [INFO]     | 2/2 | Army of the Dead Collection | = | Army of Thieves (2021)                                     |
[2022-10-11 11:18:22,565] [builder.py:2168]           [INFO]     |                                                                                                    |
[2022-10-11 11:18:22,565] [builder.py:2170]           [INFO]     | 2 Movies Processed 0 Movies Added                                                                  |
[2022-10-11 11:18:22,565] [builder.py:2300]           [INFO]     |                                                                                                    |
[2022-10-11 11:18:22,565] [builder.py:2301]           [INFO]     |============================ Missing Movies from Library: Z. 1 - Films =============================|
[2022-10-11 11:18:22,566] [builder.py:2302]           [INFO]     |                                                                                                    |
[2022-10-11 11:18:22,585] [builder.py:2315]           [INFO]     | Army of the Dead Collection | ? | Planet of the Dead (TMDb: 852779)                                |
[2022-10-11 11:18:22,585] [builder.py:2320]           [INFO]     |                                                                                                    |
[2022-10-11 11:18:22,586] [builder.py:2321]           [INFO]     | 1 Movie Missing                                                                                    |
[2022-10-11 11:18:22,610] [builder.py:2521]           [INFO]     |                                                                                                    |
[2022-10-11 11:18:22,610] [builder.py:2522]           [INFO]     |========================= Updating Details of Army of the Dead Collection ==========================|
[2022-10-11 11:18:22,611] [builder.py:2523]           [INFO]     |                                                                                                    |
[2022-10-11 11:18:22,619] [builder.py:2589]           [INFO]     | Collection Metadata Edits                                                                          |
[2022-10-11 11:18:22,619] [builder.py:2660]           [WARNING]  | Asset Warning: Unable to find asset folder: 'Army of the Dead'                                     |
[2022-10-11 11:18:22,620] [util.py:171]               [DEBUG]    | 1 poster found:                                                                                    |
[2022-10-11 11:18:22,620] [util.py:173]               [DEBUG]    | Method: tmdb_collection_details Poster: https://image.tmdb.org/t/p/original/rKQXOoXo9vskIHdE3E3HOzCGCEr.jpg |
[2022-10-11 11:18:22,620] [util.py:171]               [DEBUG]    | 1 background found:                                                                                |
[2022-10-11 11:18:22,620] [util.py:173]               [DEBUG]    | Method: tmdb_collection_details Background: https://image.tmdb.org/t/p/original/hxSLPKaOO86KRG6qllqBylaoYYW.jpg |
[2022-10-11 11:18:22,621] [library.py:173]            [INFO]     | Detail: poster update not needed                                                                   |
[2022-10-11 11:18:22,622] [library.py:189]            [INFO]     | Detail: background update not needed                                                               |
[2022-10-11 11:18:22,803] [plex_meta_manager.py:708]  [INFO]     |                                                                                                    |
[2022-10-11 11:18:22,803] [plex_meta_manager.py:709]  [INFO]     |====================================================================================================|
[2022-10-11 11:18:22,804] [plex_meta_manager.py:709]  [INFO]     |                                Finished Army of the Dead Collection                                |
[2022-10-11 11:18:22,804] [plex_meta_manager.py:709]  [INFO]     |                                    Collection Run Time: 0:00:00                                    |
[2022-10-11 11:18:22,804] [plex_meta_manager.py:709]  [INFO]     |====================================================================================================|
