[2022-10-11 11:18:30,469] [builder.py:200]            [INFO]     |====================================================================================================|
[2022-10-11 11:18:30,469] [builder.py:200]            [INFO]     |                                Before... Collection in Z. 1 - Films                                |
[2022-10-11 11:18:30,470] [builder.py:200]            [INFO]     |====================================================================================================|
[2022-10-11 11:18:30,470] [builder.py:201]            [INFO]     |                                                                                                    |
[2022-10-11 11:18:30,470] [builder.py:203]            [INFO]     | Log Folder Name: Before... is invalid using Before                                                 |
[2022-10-11 11:18:30,470] [builder.py:204]            [INFO]     |                                                                                                    |
[2022-10-11 11:18:30,470] [builder.py:206]            [INFO]     |================================ Building Definition From Templates ================================|
[2022-10-11 11:18:30,470] [builder.py:222]            [DEBUG]    |                                                                                                    |
[2022-10-11 11:18:30,471] [meta.py:128]               [DEBUG]    | Template my_template                                                                               |
[2022-10-11 11:18:30,471] [meta.py:129]               [DEBUG]    | Call: {'value': ['123800'], 'tmdb_collection': ['123800'], 'key_name': 'Before...', 'key': '123800', 'name': 'my_template'} |
[2022-10-11 11:18:30,471] [meta.py:304]               [DEBUG]    |                                                                                                    |
[2022-10-11 11:18:30,471] [meta.py:305]               [DEBUG]    | Variables: {'value': ['123800'], 'tmdb_collection': ['123800'], 'key_name': 'Before...', 'key': '123800', 'name': 'my_template', 'collection_name': 'Before...', 'mapping_name': 'Before...', 'library_type': 'movie', 'library_name': 'Z. 1 - Films', 'value_encoded': '%5B%27123800%27%5D', 'tmdb_collection_encoded': '%5B%27123800%27%5D', 'key_name_encoded': 'Before...', 'key_encoded': '123800', 'name_encoded': 'my_template', 'collection_name_encoded': 'Before...', 'mapping_name_encoded': 'Before...', 'library_type_encoded': 'movie', 'library_name_encoded': 'Z.%201%20-%20Films', 'collection_sort': 'Before...'} |
[2022-10-11 11:18:30,471] [meta.py:306]               [DEBUG]    |                                                                                                    |
[2022-10-11 11:18:30,471] [meta.py:307]               [DEBUG]    | Defaults: {}                                                                                       |
[2022-10-11 11:18:30,472] [meta.py:308]               [DEBUG]    |                                                                                                    |
[2022-10-11 11:18:30,472] [meta.py:309]               [DEBUG]    | Optional: ['my_collection_poster', 'my_collection_poster_encoded']                                 |
[2022-10-11 11:18:30,473] [meta.py:370]               [DEBUG]    |                                                                                                    |
[2022-10-11 11:18:30,473] [meta.py:371]               [DEBUG]    | Final Template Attributes: {'tmdb_collection_details': ['123800'], 'collection_order': 'release', 'collection_mode': 'hide_items', 'sort_title': '+C1_Before...'} |
[2022-10-11 11:18:30,473] [meta.py:372]               [DEBUG]    |                                                                                                    |
[2022-10-11 11:18:30,473] [builder.py:230]            [INFO]     |================================= Validating Before... Attributes ==================================|
[2022-10-11 11:18:30,473] [builder.py:620]            [DEBUG]    |                                                                                                    |
[2022-10-11 11:18:30,474] [builder.py:621]            [DEBUG]    | Validating Method: collection_order                                                                |
[2022-10-11 11:18:30,474] [builder.py:622]            [DEBUG]    | Value: release                                                                                     |
[2022-10-11 11:18:30,474] [builder.py:653]            [DEBUG]    |                                                                                                    |
[2022-10-11 11:18:30,474] [builder.py:657]            [DEBUG]    | Validating Method: label                                                                           |
[2022-10-11 11:18:30,474] [builder.py:658]            [DEBUG]    | Value: TMDb Collections                                                                            |
[2022-10-11 11:18:30,474] [builder.py:653]            [DEBUG]    |                                                                                                    |
[2022-10-11 11:18:30,474] [builder.py:657]            [DEBUG]    | Validating Method: tmdb_collection_details                                                         |
[2022-10-11 11:18:30,475] [builder.py:658]            [DEBUG]    | Value: ['123800']                                                                                  |
[2022-10-11 11:18:30,486] [builder.py:653]            [DEBUG]    |                                                                                                    |
[2022-10-11 11:18:30,486] [builder.py:657]            [DEBUG]    | Validating Method: collection_mode                                                                 |
[2022-10-11 11:18:30,487] [builder.py:658]            [DEBUG]    | Value: hide_items                                                                                  |
[2022-10-11 11:18:30,487] [builder.py:653]            [DEBUG]    |                                                                                                    |
[2022-10-11 11:18:30,487] [builder.py:657]            [DEBUG]    | Validating Method: sort_title                                                                      |
[2022-10-11 11:18:30,487] [builder.py:658]            [DEBUG]    | Value: +C1_Before...                                                                               |
[2022-10-11 11:18:30,688] [builder.py:823]            [INFO]     |                                                                                                    |
[2022-10-11 11:18:30,688] [builder.py:824]            [INFO]     | Validation Successful                                                                              |
[2022-10-11 11:18:30,688] [plex_meta_manager.py:561]  [INFO]     |                                                                                                    |
[2022-10-11 11:18:30,688] [plex_meta_manager.py:563]  [INFO]     |=================================== Running Before... Collection ===================================|
[2022-10-11 11:18:30,688] [plex_meta_manager.py:575]  [INFO]     |                                                                                                    |
[2022-10-11 11:18:30,688] [plex_meta_manager.py:576]  [INFO]     | Sync Mode: append                                                                                  |
[2022-10-11 11:18:30,689] [plex_meta_manager.py:579]  [DEBUG]    |                                                                                                    |
[2022-10-11 11:18:30,689] [plex_meta_manager.py:580]  [DEBUG]    | Builder: tmdb_collection: 123800                                                                   |
[2022-10-11 11:18:30,689] [plex_meta_manager.py:581]  [INFO]     |                                                                                                    |
[2022-10-11 11:18:30,694] [tmdb.py:381]               [INFO]     | Processing TMDb Collection: (123800) Before... - Saga (3 Items)                                    |
[2022-10-11 11:18:30,694] [builder.py:1581]           [DEBUG]    |                                                                                                    |
[2022-10-11 11:18:30,694] [builder.py:1582]           [DEBUG]    | 3 IDs Found: [(76, 'tmdb'), (80, 'tmdb'), (132344, 'tmdb')]                                        |
[2022-10-11 11:18:30,694] [builder.py:1583]           [DEBUG]    |                                                                                                    |
[2022-10-11 11:18:30,694] [builder.py:2132]           [INFO]     |                                                                                                    |
[2022-10-11 11:18:30,694] [builder.py:2133]           [INFO]     |================================== Adding to Before... Collection ==================================|
[2022-10-11 11:18:30,695] [builder.py:2134]           [INFO]     |                                                                                                    |
[2022-10-11 11:18:30,695] [builder.py:2148]           [INFO]     | 1/3 | Before... Collection | = | Before Sunrise (1995)                                             |
[2022-10-11 11:18:30,695] [builder.py:2148]           [INFO]     | 2/3 | Before... Collection | = | Before Sunset (2004)                                              |
[2022-10-11 11:18:30,695] [builder.py:2148]           [INFO]     | 3/3 | Before... Collection | = | Before Midnight (2013)                                            |
[2022-10-11 11:18:30,695] [builder.py:2168]           [INFO]     |                                                                                                    |
[2022-10-11 11:18:30,695] [builder.py:2170]           [INFO]     | 3 Movies Processed 0 Movies Added                                                                  |
[2022-10-11 11:18:30,702] [builder.py:2521]           [INFO]     |                                                                                                    |
[2022-10-11 11:18:30,703] [builder.py:2522]           [INFO]     |============================= Updating Details of Before... Collection =============================|
[2022-10-11 11:18:30,703] [builder.py:2523]           [INFO]     |                                                                                                    |
[2022-10-11 11:18:30,711] [builder.py:2589]           [INFO]     | Collection Metadata Edits                                                                          |
[2022-10-11 11:18:30,712] [builder.py:2660]           [WARNING]  | Asset Warning: Unable to find asset folder: 'Before'                                               |
[2022-10-11 11:18:30,712] [util.py:171]               [DEBUG]    | 1 poster found:                                                                                    |
[2022-10-11 11:18:30,712] [util.py:173]               [DEBUG]    | Method: tmdb_collection_details Poster: https://image.tmdb.org/t/p/original/bBS1CfspKXq5RBok85hYvtW9ZwE.jpg |
[2022-10-11 11:18:30,712] [util.py:171]               [DEBUG]    | 1 background found:                                                                                |
[2022-10-11 11:18:30,712] [util.py:173]               [DEBUG]    | Method: tmdb_collection_details Background: https://image.tmdb.org/t/p/original/to3l6Gwzd7FGWa9Spc708IP1K7l.jpg |
[2022-10-11 11:18:30,713] [library.py:173]            [INFO]     | Detail: poster update not needed                                                                   |
[2022-10-11 11:18:30,714] [library.py:189]            [INFO]     | Detail: background update not needed                                                               |
[2022-10-11 11:18:30,906] [plex_meta_manager.py:708]  [INFO]     |                                                                                                    |
[2022-10-11 11:18:30,907] [plex_meta_manager.py:709]  [INFO]     |====================================================================================================|
[2022-10-11 11:18:30,907] [plex_meta_manager.py:709]  [INFO]     |                                   Finished Before... Collection                                    |
[2022-10-11 11:18:30,907] [plex_meta_manager.py:709]  [INFO]     |                                    Collection Run Time: 0:00:00                                    |
[2022-10-11 11:18:30,907] [plex_meta_manager.py:709]  [INFO]     |====================================================================================================|
