[2022-10-11 10:29:14,962] [builder.py:197]            [INFO]     |====================================================================================================|
[2022-10-11 10:29:14,962] [builder.py:197]            [INFO]     |                        Studio Ghibli Collection in Z. 6 - Series Animation                         |
[2022-10-11 10:29:14,962] [builder.py:197]            [INFO]     |====================================================================================================|
[2022-10-11 10:29:14,962] [builder.py:198]            [INFO]     |                                                                                                    |
[2022-10-11 10:29:14,962] [builder.py:203]            [INFO]     |================================ Building Definition From Templates ================================|
[2022-10-11 10:29:14,963] [builder.py:211]            [DEBUG]    |                                                                                                    |
[2022-10-11 10:29:14,963] [meta.py:128]               [DEBUG]    | Template Studio                                                                                    |
[2022-10-11 10:29:14,963] [meta.py:129]               [DEBUG]    | Call: ordereddict([('name', 'Studio'), ('studio', 'Studio Ghibli')])                               |
[2022-10-11 10:29:14,963] [meta.py:304]               [DEBUG]    |                                                                                                    |
[2022-10-11 10:29:14,963] [meta.py:305]               [DEBUG]    | Variables: ordereddict([('name', 'Studio'), ('studio', 'Studio Ghibli'), ('collection_name', 'Studio Ghibli'), ('mapping_name', 'Studio Ghibli'), ('library_type', 'show'), ('library_name', 'Z. 6 - Series Animation'), ('name_encoded', 'Studio'), ('studio_encoded', 'Studio%20Ghibli'), ('collection_name_encoded', 'Studio%20Ghibli'), ('mapping_name_encoded', 'Studio%20Ghibli'), ('library_type_encoded', 'show'), ('library_name_encoded', 'Z.%206%20-%20Series%20Animation'), ('collection_sort', 'Studio Ghibli')]) |
[2022-10-11 10:29:14,963] [meta.py:306]               [DEBUG]    |                                                                                                    |
[2022-10-11 10:29:14,963] [meta.py:307]               [DEBUG]    | Defaults: {}                                                                                       |
[2022-10-11 10:29:14,964] [meta.py:308]               [DEBUG]    |                                                                                                    |
[2022-10-11 10:29:14,964] [meta.py:309]               [DEBUG]    | Optional: []                                                                                       |
[2022-10-11 10:29:14,964] [meta.py:370]               [DEBUG]    |                                                                                                    |
[2022-10-11 10:29:14,965] [meta.py:371]               [DEBUG]    | Final Template Attributes: {'plex_search': {'studio': 'Studio Ghibli'}, 'sort_title': '+12_Studio Ghibli', 'collection_order': 'alpha'} |
[2022-10-11 10:29:14,965] [meta.py:372]               [DEBUG]    |                                                                                                    |
[2022-10-11 10:29:14,965] [builder.py:219]            [INFO]     |=============================== Validating Studio Ghibli Attributes ================================|
[2022-10-11 10:29:14,965] [builder.py:609]            [DEBUG]    |                                                                                                    |
[2022-10-11 10:29:14,965] [builder.py:610]            [DEBUG]    | Validating Method: collection_order                                                                |
[2022-10-11 10:29:14,965] [builder.py:611]            [DEBUG]    | Value: alpha                                                                                       |
[2022-10-11 10:29:14,966] [builder.py:627]            [DEBUG]    |                                                                                                    |
[2022-10-11 10:29:14,966] [builder.py:631]            [DEBUG]    | Validating Method: url_poster                                                                      |
[2022-10-11 10:29:14,966] [builder.py:632]            [DEBUG]    | Value: https://raw.githubusercontent.com/MonsieurZed/poster/main/img/STUDIO_GHIBLI.png             |
[2022-10-11 10:29:15,174] [builder.py:627]            [DEBUG]    |                                                                                                    |
[2022-10-11 10:29:15,175] [builder.py:631]            [DEBUG]    | Validating Method: summary                                                                         |
[2022-10-11 10:29:15,175] [builder.py:632]            [DEBUG]    | Value: Studio Ghibli Inc. is a Japanese animation film studio headquartered in Koganei, Tokyo. The studio is best known for its animated feature films, and has also produced several short films, television commercials, and one television film. The studio’s mascot and most recognizable symbol is the character, Totoro, a giant cat-like spirit from the 1988 classic, My Neighbor Totoro. |
[2022-10-11 10:29:15,175] [builder.py:627]            [DEBUG]    |                                                                                                    |
[2022-10-11 10:29:15,176] [builder.py:631]            [DEBUG]    | Validating Method: plex_search                                                                     |
[2022-10-11 10:29:15,176] [builder.py:632]            [DEBUG]    | Value: {'studio': 'Studio Ghibli'}                                                                 |
[2022-10-11 10:29:15,176] [builder.py:627]            [DEBUG]    |                                                                                                    |
[2022-10-11 10:29:15,177] [builder.py:631]            [DEBUG]    | Validating Method: sort_title                                                                      |
[2022-10-11 10:29:15,177] [builder.py:632]            [DEBUG]    | Value: +12_Studio Ghibli                                                                           |
[2022-10-11 10:29:15,182] [plex.py:790]               [DEBUG]    |                                                                                                    |
[2022-10-11 10:29:15,183] [plex.py:793]               [DEBUG]    | Looking for: Studio Ghibli                                                                         |
[2022-10-11 10:29:15,183] [builder.py:797]            [INFO]     |                                                                                                    |
[2022-10-11 10:29:15,183] [builder.py:798]            [INFO]     | Validation Successful                                                                              |
[2022-10-11 10:29:15,183] [plex_meta_manager.py:561]  [INFO]     |                                                                                                    |
[2022-10-11 10:29:15,183] [plex_meta_manager.py:563]  [INFO]     |================================= Running Studio Ghibli Collection =================================|
[2022-10-11 10:29:15,184] [plex_meta_manager.py:575]  [INFO]     |                                                                                                    |
[2022-10-11 10:29:15,184] [plex_meta_manager.py:576]  [INFO]     | Sync Mode: append                                                                                  |
[2022-10-11 10:29:15,184] [plex_meta_manager.py:579]  [DEBUG]    |                                                                                                    |
[2022-10-11 10:29:15,184] [plex_meta_manager.py:580]  [DEBUG]    | Builder: plex_search: (2, 'Plex Show Search\nSort By: title.asc\nFilter:\n  Match all of the following:\n    Match any of the following:\n      Studio contains Studio Ghibli', '?type=2&sort=titleSort&push=1&show.studio=Studio%20Ghibli&pop=1') |
[2022-10-11 10:29:15,184] [plex_meta_manager.py:581]  [INFO]     |                                                                                                    |
[2022-10-11 10:29:15,184] [plex.py:819]               [INFO]     | Processing Plex Show Search                                                                        |
                                                                 | Sort By: title.asc
                                                                 | Filter:
                                                                 |   Match all of the following:
                                                                 |     Match any of the following:
                                                                 |       Studio contains Studio Ghibli
[2022-10-11 10:29:15,190] [plex_meta_manager.py:696]  [DEBUG]    | Traceback (most recent call last):
                                                                 |   File "//plex_meta_manager.py", line 583, in run_collection
                                                                 |     builder.filter_and_save_items(builder.gather_ids(method, value))
                                                                 |   File "/modules/builder.py", line 1492, in gather_ids
                                                                 |     ids = self.library.get_rating_keys(method, value)
                                                                 |   File "/modules/plex.py", line 862, in get_rating_keys
                                                                 |     raise Failed("Plex Error: No Items found in Plex")
                                                                 | modules.util.Failed: Plex Error: No Items found in Plex
                                                                 | 
[2022-10-11 10:29:15,191] [plex_meta_manager.py:697]  [ERROR]    | Plex Error: No Items found in Plex
[2022-10-11 10:29:15,191] [plex_meta_manager.py:708]  [INFO]     | 
[2022-10-11 10:29:15,192] [plex_meta_manager.py:709]  [INFO]     |====================================================================================================|
[2022-10-11 10:29:15,192] [plex_meta_manager.py:709]  [INFO]     |                                 Finished Studio Ghibli Collection                                  |
[2022-10-11 10:29:15,192] [plex_meta_manager.py:709]  [INFO]     |                                    Collection Run Time: 0:00:00                                    |
[2022-10-11 10:29:15,192] [plex_meta_manager.py:709]  [INFO]     |====================================================================================================|
