[2022-10-11 09:18:23,578] [builder.py:197]            [INFO]     |====================================================================================================|
[2022-10-11 09:18:23,578] [builder.py:197]            [INFO]     |                                 Ip Man Collection in Z. 1 - Films                                  |
[2022-10-11 09:18:23,578] [builder.py:197]            [INFO]     |====================================================================================================|
[2022-10-11 09:18:23,579] [builder.py:198]            [INFO]     |                                                                                                    |
[2022-10-11 09:18:23,579] [builder.py:203]            [INFO]     |================================ Building Definition From Templates ================================|
[2022-10-11 09:18:23,579] [builder.py:211]            [DEBUG]    |                                                                                                    |
[2022-10-11 09:18:23,579] [meta.py:128]               [DEBUG]    | Template my_template                                                                               |
[2022-10-11 09:18:23,579] [meta.py:129]               [DEBUG]    | Call: {'value': ['70068'], 'tmdb_collection': ['70068'], 'key_name': 'Ip Man', 'key': '70068', 'name': 'my_template'} |
[2022-10-11 09:18:23,580] [meta.py:304]               [DEBUG]    |                                                                                                    |
[2022-10-11 09:18:23,580] [meta.py:305]               [DEBUG]    | Variables: {'value': ['70068'], 'tmdb_collection': ['70068'], 'key_name': 'Ip Man', 'key': '70068', 'name': 'my_template', 'collection_name': 'Ip Man', 'mapping_name': 'Ip Man', 'library_type': 'movie', 'library_name': 'Z. 1 - Films', 'value_encoded': '%5B%2770068%27%5D', 'tmdb_collection_encoded': '%5B%2770068%27%5D', 'key_name_encoded': 'Ip%20Man', 'key_encoded': '70068', 'name_encoded': 'my_template', 'collection_name_encoded': 'Ip%20Man', 'mapping_name_encoded': 'Ip%20Man', 'library_type_encoded': 'movie', 'library_name_encoded': 'Z.%201%20-%20Films', 'collection_sort': 'Ip Man'} |
[2022-10-11 09:18:23,580] [meta.py:306]               [DEBUG]    |                                                                                                    |
[2022-10-11 09:18:23,580] [meta.py:307]               [DEBUG]    | Defaults: {}                                                                                       |
[2022-10-11 09:18:23,580] [meta.py:308]               [DEBUG]    |                                                                                                    |
[2022-10-11 09:18:23,580] [meta.py:309]               [DEBUG]    | Optional: ['my_collection_poster', 'my_collection_poster_encoded']                                 |
[2022-10-11 09:18:23,581] [meta.py:370]               [DEBUG]    |                                                                                                    |
[2022-10-11 09:18:23,581] [meta.py:371]               [DEBUG]    | Final Template Attributes: {'tmdb_collection_details': ['70068'], 'collection_order': 'release', 'collection_mode': 'hide_items'} |
[2022-10-11 09:18:23,582] [meta.py:372]               [DEBUG]    |                                                                                                    |
[2022-10-11 09:18:23,582] [builder.py:219]            [INFO]     |=================================== Validating Ip Man Attributes ===================================|
[2022-10-11 09:18:23,582] [builder.py:609]            [DEBUG]    |                                                                                                    |
[2022-10-11 09:18:23,582] [builder.py:610]            [DEBUG]    | Validating Method: collection_order                                                                |
[2022-10-11 09:18:23,582] [builder.py:611]            [DEBUG]    | Value: release                                                                                     |
[2022-10-11 09:18:23,582] [builder.py:627]            [DEBUG]    |                                                                                                    |
[2022-10-11 09:18:23,583] [builder.py:631]            [DEBUG]    | Validating Method: label                                                                           |
[2022-10-11 09:18:23,583] [builder.py:632]            [DEBUG]    | Value: TMDb Collections                                                                            |
[2022-10-11 09:18:23,583] [builder.py:627]            [DEBUG]    |                                                                                                    |
[2022-10-11 09:18:23,583] [builder.py:631]            [DEBUG]    | Validating Method: tmdb_collection_details                                                         |
[2022-10-11 09:18:23,583] [builder.py:632]            [DEBUG]    | Value: ['70068']                                                                                   |
[2022-10-11 09:18:23,598] [builder.py:627]            [DEBUG]    |                                                                                                    |
[2022-10-11 09:18:23,599] [builder.py:631]            [DEBUG]    | Validating Method: collection_mode                                                                 |
[2022-10-11 09:18:23,599] [builder.py:632]            [DEBUG]    | Value: hide_items                                                                                  |
[2022-10-11 09:18:23,605] [plex.py:790]               [DEBUG]    |                                                                                                    |
[2022-10-11 09:18:23,605] [plex.py:793]               [DEBUG]    | Looking for: Ip Man                                                                                |
[2022-10-11 09:18:23,605] [builder.py:797]            [INFO]     |                                                                                                    |
[2022-10-11 09:18:23,606] [builder.py:798]            [INFO]     | Validation Successful                                                                              |
[2022-10-11 09:18:23,606] [plex_meta_manager.py:561]  [INFO]     |                                                                                                    |
[2022-10-11 09:18:23,606] [plex_meta_manager.py:563]  [INFO]     |==================================== Running Ip Man Collection =====================================|
[2022-10-11 09:18:23,606] [plex_meta_manager.py:575]  [INFO]     |                                                                                                    |
[2022-10-11 09:18:23,607] [plex_meta_manager.py:576]  [INFO]     | Sync Mode: append                                                                                  |
[2022-10-11 09:18:23,607] [plex_meta_manager.py:579]  [DEBUG]    |                                                                                                    |
[2022-10-11 09:18:23,607] [plex_meta_manager.py:580]  [DEBUG]    | Builder: tmdb_collection: 70068                                                                    |
[2022-10-11 09:18:23,607] [plex_meta_manager.py:581]  [INFO]     |                                                                                                    |
[2022-10-11 09:18:23,613] [tmdb.py:382]               [INFO]     | Processing TMDb Collection: (70068) Ip Man - Saga (4 Items)                                        |
[2022-10-11 09:18:23,613] [builder.py:1540]           [DEBUG]    |                                                                                                    |
[2022-10-11 09:18:23,613] [builder.py:1541]           [DEBUG]    | 4 IDs Found: [(14756, 'tmdb'), (37472, 'tmdb'), (365222, 'tmdb'), (449924, 'tmdb')]                |
[2022-10-11 09:18:23,614] [builder.py:1542]           [DEBUG]    |                                                                                                    |
[2022-10-11 09:18:23,614] [builder.py:2064]           [INFO]     |                                                                                                    |
[2022-10-11 09:18:23,614] [builder.py:2065]           [INFO]     |=================================== Adding to Ip Man Collection ====================================|
[2022-10-11 09:18:23,614] [builder.py:2066]           [INFO]     |                                                                                                    |
[2022-10-11 09:18:23,614] [builder.py:2080]           [INFO]     | 1/4 | Ip Man Collection | + | Ip Man (2008)                                                        |
[2022-10-11 09:18:23,859] [builder.py:2080]           [INFO]     | 2/4 | Ip Man Collection | + | Ip Man 2 (2010)                                                      |
[2022-10-11 09:18:24,118] [builder.py:2080]           [INFO]     | 3/4 | Ip Man Collection | + | Ip Man 3 (2015)                                                      |
[2022-10-11 09:18:24,352] [builder.py:2080]           [INFO]     | 4/4 | Ip Man Collection | + | Ip Man 4 : Le Dernier Combat (2019)                                  |
[2022-10-11 09:18:27,590] [builder.py:2100]           [INFO]     |                                                                                                    |
[2022-10-11 09:18:27,590] [builder.py:2102]           [INFO]     | 4 Movies Processed 4 Movies Added                                                                  |
[2022-10-11 09:18:27,597] [builder.py:2441]           [INFO]     |                                                                                                    |
[2022-10-11 09:18:27,597] [builder.py:2442]           [INFO]     |============================== Updating Details of Ip Man Collection ===============================|
[2022-10-11 09:18:27,597] [builder.py:2443]           [INFO]     |                                                                                                    |
[2022-10-11 09:18:27,765] [builder.py:2509]           [INFO]     | Collection Metadata Edits                                                                          |
                                                                 | Summary (tmdb_collection_details) | Ip-Man est une série de films réalisé par le Hongkongais Wilson Yip mettant en scène Donnie Yen. Ce dernier interprète le célèbre maître chinois de wing chun "Yip Man" qui a notamment été le maître du mythique Bruce Lee !  Avec un premier film sorti en 2008 Ip Man avait tout simplement relancé le film d'art Martiaux made in Hongkong. Produit pour un peu moins de 12 millions de dollars le premier films avait tout simplement fait trembler les chiffres du Box Office. En 2019 la sortie de Ip Man 4 est attendu par les fans du monde entier et réunit plus de 180 millions de dollars de recette mondiale ! Pour ma part les deux premiers films sortent vraiment du lot. Malgré la présence de Mike Tyson Ip Man 3 manque, au final, un peu d'originalité scénaristique... Coté critique, Ip Man 4 a, apparemment, mis tout le monde d'accord....
                                                                 | Label | +TMDb Collections, +PMM
[2022-10-11 09:18:28,018] [builder.py:2513]           [INFO]     | Details: have been updated
[2022-10-11 09:18:28,019] [builder.py:2517]           [INFO]     | 
[2022-10-11 09:18:28,197] [builder.py:2529]           [INFO]     | Collection Mode | hideItems
[2022-10-11 09:18:28,197] [builder.py:2580]           [WARNING]  | Asset Warning: Unable to find asset folder: 'Ip Man'
[2022-10-11 09:18:28,198] [util.py:150]               [DEBUG]    | 1 poster found:
[2022-10-11 09:18:28,198] [util.py:152]               [DEBUG]    | Method: tmdb_collection_details Poster: https://image.tmdb.org/t/p/original/pNcvlvn3IKcpOCGbDY4ReMobSgj.jpg
[2022-10-11 09:18:28,198] [util.py:150]               [DEBUG]    | 1 background found:
[2022-10-11 09:18:28,198] [util.py:152]               [DEBUG]    | Method: tmdb_collection_details Background: https://image.tmdb.org/t/p/original/vhOkY4CXyt3Yc1U7SuiwI6zKWPh.jpg
[2022-10-11 09:18:28,266] [library.py:170]            [INFO]     | Detail: tmdb_collection_details updated poster to [URL] https://image.tmdb.org/t/p/original/pNcvlvn3IKcpOCGbDY4ReMobSgj.jpg
[2022-10-11 09:18:28,319] [library.py:186]            [INFO]     | Detail: tmdb_collection_details updated background to [URL] https://image.tmdb.org/t/p/original/vhOkY4CXyt3Yc1U7SuiwI6zKWPh.jpg
[2022-10-11 09:18:28,565] [plex_meta_manager.py:708]  [INFO]     | 
[2022-10-11 09:18:28,566] [plex_meta_manager.py:709]  [INFO]     |====================================================================================================|
[2022-10-11 09:18:28,566] [plex_meta_manager.py:709]  [INFO]     |                                     Finished Ip Man Collection                                     |
[2022-10-11 09:18:28,566] [plex_meta_manager.py:709]  [INFO]     |                                    Collection Run Time: 0:00:04                                    |
[2022-10-11 09:18:28,566] [plex_meta_manager.py:709]  [INFO]     |====================================================================================================|
