[2022-10-09 05:02:24,842] [builder.py:197]            [INFO]     |====================================================================================================|
[2022-10-09 05:02:24,843] [builder.py:197]            [INFO]     |                        Le Cœur des Hommes - Saga Collection in Z. 1 - Films                        |
[2022-10-09 05:02:24,843] [builder.py:197]            [INFO]     |====================================================================================================|
[2022-10-09 05:02:24,843] [builder.py:198]            [INFO]     |                                                                                                    |
[2022-10-09 05:02:24,843] [builder.py:203]            [INFO]     |================================ Building Definition From Templates ================================|
[2022-10-09 05:02:24,844] [builder.py:211]            [DEBUG]    |                                                                                                    |
[2022-10-09 05:02:24,844] [meta.py:128]               [DEBUG]    | Template my_template                                                                               |
[2022-10-09 05:02:24,844] [meta.py:129]               [DEBUG]    | Call: {'value': ['260586'], 'tmdb_collection': ['260586'], 'key_name': 'Le Cœur des Hommes - Saga', 'key': '260586', 'name': 'my_template'} |
[2022-10-09 05:02:24,844] [meta.py:304]               [DEBUG]    |                                                                                                    |
[2022-10-09 05:02:24,845] [meta.py:305]               [DEBUG]    | Variables: {'value': ['260586'], 'tmdb_collection': ['260586'], 'key_name': 'Le Cœur des Hommes - Saga', 'key': '260586', 'name': 'my_template', 'collection_name': 'Le Cœur des Hommes - Saga', 'mapping_name': 'Le Cœur des Hommes - Saga', 'library_type': 'movie', 'library_name': 'Z. 1 - Films', 'value_encoded': '%5B%27260586%27%5D', 'tmdb_collection_encoded': '%5B%27260586%27%5D', 'key_name_encoded': 'Le%20C%C5%93ur%20des%20Hommes%20-%20Saga', 'key_encoded': '260586', 'name_encoded': 'my_template', 'collection_name_encoded': 'Le%20C%C5%93ur%20des%20Hommes%20-%20Saga', 'mapping_name_encoded': 'Le%20C%C5%93ur%20des%20Hommes%20-%20Saga', 'library_type_encoded': 'movie', 'library_name_encoded': 'Z.%201%20-%20Films', 'collection_sort': 'Le Cœur des Hommes - Saga'} |
[2022-10-09 05:02:24,845] [meta.py:306]               [DEBUG]    |                                                                                                    |
[2022-10-09 05:02:24,845] [meta.py:307]               [DEBUG]    | Defaults: {}                                                                                       |
[2022-10-09 05:02:24,845] [meta.py:308]               [DEBUG]    |                                                                                                    |
[2022-10-09 05:02:24,845] [meta.py:309]               [DEBUG]    | Optional: ['my_collection_poster', 'my_collection_poster_encoded']                                 |
[2022-10-09 05:02:24,846] [meta.py:370]               [DEBUG]    |                                                                                                    |
[2022-10-09 05:02:24,846] [meta.py:371]               [DEBUG]    | Final Template Attributes: {'tmdb_collection_details': ['260586'], 'collection_order': 'release', 'collection_mode': 'hide_items'} |
[2022-10-09 05:02:24,846] [meta.py:372]               [DEBUG]    |                                                                                                    |
[2022-10-09 05:02:24,847] [builder.py:219]            [INFO]     |========================= Validating Le Cœur des Hommes - Saga Attributes ==========================|
[2022-10-09 05:02:24,847] [builder.py:609]            [DEBUG]    |                                                                                                    |
[2022-10-09 05:02:24,847] [builder.py:610]            [DEBUG]    | Validating Method: collection_order                                                                |
[2022-10-09 05:02:24,847] [builder.py:611]            [DEBUG]    | Value: release                                                                                     |
[2022-10-09 05:02:24,847] [builder.py:627]            [DEBUG]    |                                                                                                    |
[2022-10-09 05:02:24,848] [builder.py:631]            [DEBUG]    | Validating Method: label                                                                           |
[2022-10-09 05:02:24,848] [builder.py:632]            [DEBUG]    | Value: TMDb Collections                                                                            |
[2022-10-09 05:02:24,848] [builder.py:627]            [DEBUG]    |                                                                                                    |
[2022-10-09 05:02:24,848] [builder.py:631]            [DEBUG]    | Validating Method: tmdb_collection_details                                                         |
[2022-10-09 05:02:24,848] [builder.py:632]            [DEBUG]    | Value: ['260586']                                                                                  |
[2022-10-09 05:02:24,987] [builder.py:627]            [DEBUG]    |                                                                                                    |
[2022-10-09 05:02:24,987] [builder.py:631]            [DEBUG]    | Validating Method: collection_mode                                                                 |
[2022-10-09 05:02:24,987] [builder.py:632]            [DEBUG]    | Value: hide_items                                                                                  |
[2022-10-09 05:02:24,994] [plex.py:790]               [DEBUG]    |                                                                                                    |
[2022-10-09 05:02:24,995] [plex.py:793]               [DEBUG]    | Looking for: Le Cœur des Hommes - Saga                                                             |
[2022-10-09 05:02:24,995] [builder.py:797]            [INFO]     |                                                                                                    |
[2022-10-09 05:02:24,995] [builder.py:798]            [INFO]     | Validation Successful                                                                              |
[2022-10-09 05:02:24,995] [plex_meta_manager.py:561]  [INFO]     |                                                                                                    |
[2022-10-09 05:02:24,995] [plex_meta_manager.py:563]  [INFO]     |=========================== Running Le Cœur des Hommes - Saga Collection ===========================|
[2022-10-09 05:02:24,995] [plex_meta_manager.py:575]  [INFO]     |                                                                                                    |
[2022-10-09 05:02:24,995] [plex_meta_manager.py:576]  [INFO]     | Sync Mode: append                                                                                  |
[2022-10-09 05:02:24,995] [plex_meta_manager.py:579]  [DEBUG]    |                                                                                                    |
[2022-10-09 05:02:24,996] [plex_meta_manager.py:580]  [DEBUG]    | Builder: tmdb_collection: 260586                                                                   |
[2022-10-09 05:02:24,996] [plex_meta_manager.py:581]  [INFO]     |                                                                                                    |
[2022-10-09 05:02:25,000] [tmdb.py:382]               [INFO]     | Processing TMDb Collection: (260586) Le Cœur des Hommes - Saga (3 Items)                           |
[2022-10-09 05:02:25,001] [builder.py:1540]           [DEBUG]    |                                                                                                    |
[2022-10-09 05:02:25,001] [builder.py:1541]           [DEBUG]    | 3 IDs Found: [(215303, 'tmdb'), (19099, 'tmdb'), (13734, 'tmdb')]                                  |
[2022-10-09 05:02:25,001] [builder.py:1542]           [DEBUG]    |                                                                                                    |
[2022-10-09 05:02:25,001] [builder.py:2064]           [INFO]     |                                                                                                    |
[2022-10-09 05:02:25,002] [builder.py:2065]           [INFO]     |========================== Adding to Le Cœur des Hommes - Saga Collection ==========================|
[2022-10-09 05:02:25,002] [builder.py:2066]           [INFO]     |                                                                                                    |
[2022-10-09 05:02:25,002] [builder.py:2080]           [INFO]     | 1/3 | Le Cœur des Hommes - Saga Collection | + | Le coeur des hommes 3 (2013)                      |
[2022-10-09 05:02:25,443] [builder.py:2080]           [INFO]     | 2/3 | Le Cœur des Hommes - Saga Collection | + | Le coeur des hommes (2003)                        |
[2022-10-09 05:02:25,892] [builder.py:2080]           [INFO]     | 3/3 | Le Cœur des Hommes - Saga Collection | + | Le coeur des hommes 2 (2007)                      |
[2022-10-09 05:02:26,364] [builder.py:2100]           [INFO]     |                                                                                                    |
[2022-10-09 05:02:26,364] [builder.py:2102]           [INFO]     | 3 Movies Processed 3 Movies Added                                                                  |
[2022-10-09 05:02:26,371] [builder.py:2441]           [INFO]     |                                                                                                    |
[2022-10-09 05:02:26,371] [builder.py:2442]           [INFO]     |===================== Updating Details of Le Cœur des Hommes - Saga Collection =====================|
[2022-10-09 05:02:26,372] [builder.py:2443]           [INFO]     |                                                                                                    |
[2022-10-09 05:02:26,530] [builder.py:2509]           [INFO]     | Collection Metadata Edits                                                                          |
                                                                 | Summary (tmdb_collection_details) | Le Cœur des Hommes       
                                                                 | Label | +TMDb Collections, +PMM
[2022-10-09 05:02:26,767] [builder.py:2513]           [INFO]     | Details: have been updated
[2022-10-09 05:02:26,767] [builder.py:2517]           [INFO]     | 
[2022-10-09 05:02:26,942] [builder.py:2529]           [INFO]     | Collection Mode | hideItems
[2022-10-09 05:02:26,942] [builder.py:2580]           [WARNING]  | Asset Warning: Unable to find asset folder: 'Le Cœur des Hommes - Saga'
[2022-10-09 05:02:26,943] [util.py:150]               [DEBUG]    | 1 poster found:
[2022-10-09 05:02:26,943] [util.py:152]               [DEBUG]    | Method: tmdb_collection_details Poster: https://image.tmdb.org/t/p/original/qsVnXNgjiVEtPhfVR4AHfaZ5cbH.jpg
[2022-10-09 05:02:26,943] [util.py:150]               [DEBUG]    | 1 background found:
[2022-10-09 05:02:26,943] [util.py:152]               [DEBUG]    | Method: tmdb_collection_details Background: https://image.tmdb.org/t/p/original/fNWH0gUaSKQ4ONsFfZTArR14KXc.jpg
[2022-10-09 05:02:27,019] [library.py:170]            [INFO]     | Detail: tmdb_collection_details updated poster to [URL] https://image.tmdb.org/t/p/original/qsVnXNgjiVEtPhfVR4AHfaZ5cbH.jpg
[2022-10-09 05:02:27,070] [library.py:186]            [INFO]     | Detail: tmdb_collection_details updated background to [URL] https://image.tmdb.org/t/p/original/fNWH0gUaSKQ4ONsFfZTArR14KXc.jpg
[2022-10-09 05:02:27,281] [plex_meta_manager.py:708]  [INFO]     | 
[2022-10-09 05:02:27,281] [plex_meta_manager.py:709]  [INFO]     |====================================================================================================|
[2022-10-09 05:02:27,281] [plex_meta_manager.py:709]  [INFO]     |                           Finished Le Cœur des Hommes - Saga Collection                            |
[2022-10-09 05:02:27,282] [plex_meta_manager.py:709]  [INFO]     |                                    Collection Run Time: 0:00:02                                    |
[2022-10-09 05:02:27,282] [plex_meta_manager.py:709]  [INFO]     |====================================================================================================|
