[2022-10-11 11:20:34,673] [builder.py:200]            [INFO]     |====================================================================================================|
[2022-10-11 11:20:34,673] [builder.py:200]            [INFO]     |                                Wyrmwood Collection in Z. 1 - Films                                 |
[2022-10-11 11:20:34,673] [builder.py:200]            [INFO]     |====================================================================================================|
[2022-10-11 11:20:34,673] [builder.py:201]            [INFO]     |                                                                                                    |
[2022-10-11 11:20:34,673] [builder.py:206]            [INFO]     |================================ Building Definition From Templates ================================|
[2022-10-11 11:20:34,673] [builder.py:222]            [DEBUG]    |                                                                                                    |
[2022-10-11 11:20:34,674] [meta.py:128]               [DEBUG]    | Template my_template                                                                               |
[2022-10-11 11:20:34,674] [meta.py:129]               [DEBUG]    | Call: {'value': ['927812'], 'tmdb_collection': ['927812'], 'key_name': 'Wyrmwood', 'key': '927812', 'name': 'my_template'} |
[2022-10-11 11:20:34,674] [meta.py:304]               [DEBUG]    |                                                                                                    |
[2022-10-11 11:20:34,674] [meta.py:305]               [DEBUG]    | Variables: {'value': ['927812'], 'tmdb_collection': ['927812'], 'key_name': 'Wyrmwood', 'key': '927812', 'name': 'my_template', 'collection_name': 'Wyrmwood', 'mapping_name': 'Wyrmwood', 'library_type': 'movie', 'library_name': 'Z. 1 - Films', 'value_encoded': '%5B%27927812%27%5D', 'tmdb_collection_encoded': '%5B%27927812%27%5D', 'key_name_encoded': 'Wyrmwood', 'key_encoded': '927812', 'name_encoded': 'my_template', 'collection_name_encoded': 'Wyrmwood', 'mapping_name_encoded': 'Wyrmwood', 'library_type_encoded': 'movie', 'library_name_encoded': 'Z.%201%20-%20Films', 'collection_sort': 'Wyrmwood'} |
[2022-10-11 11:20:34,674] [meta.py:306]               [DEBUG]    |                                                                                                    |
[2022-10-11 11:20:34,675] [meta.py:307]               [DEBUG]    | Defaults: {}                                                                                       |
[2022-10-11 11:20:34,675] [meta.py:308]               [DEBUG]    |                                                                                                    |
[2022-10-11 11:20:34,675] [meta.py:309]               [DEBUG]    | Optional: ['my_collection_poster', 'my_collection_poster_encoded']                                 |
[2022-10-11 11:20:34,676] [meta.py:370]               [DEBUG]    |                                                                                                    |
[2022-10-11 11:20:34,676] [meta.py:371]               [DEBUG]    | Final Template Attributes: {'tmdb_collection_details': ['927812'], 'collection_order': 'release', 'collection_mode': 'hide_items', 'sort_title': '+C1_Wyrmwood'} |
[2022-10-11 11:20:34,676] [meta.py:372]               [DEBUG]    |                                                                                                    |
[2022-10-11 11:20:34,676] [builder.py:230]            [INFO]     |================================== Validating Wyrmwood Attributes ==================================|
[2022-10-11 11:20:34,677] [builder.py:620]            [DEBUG]    |                                                                                                    |
[2022-10-11 11:20:34,677] [builder.py:621]            [DEBUG]    | Validating Method: collection_order                                                                |
[2022-10-11 11:20:34,677] [builder.py:622]            [DEBUG]    | Value: release                                                                                     |
[2022-10-11 11:20:34,677] [builder.py:653]            [DEBUG]    |                                                                                                    |
[2022-10-11 11:20:34,677] [builder.py:657]            [DEBUG]    | Validating Method: label                                                                           |
[2022-10-11 11:20:34,677] [builder.py:658]            [DEBUG]    | Value: TMDb Collections                                                                            |
[2022-10-11 11:20:34,677] [builder.py:653]            [DEBUG]    |                                                                                                    |
[2022-10-11 11:20:34,678] [builder.py:657]            [DEBUG]    | Validating Method: tmdb_collection_details                                                         |
[2022-10-11 11:20:34,678] [builder.py:658]            [DEBUG]    | Value: ['927812']                                                                                  |
[2022-10-11 11:20:34,689] [builder.py:653]            [DEBUG]    |                                                                                                    |
[2022-10-11 11:20:34,689] [builder.py:657]            [DEBUG]    | Validating Method: collection_mode                                                                 |
[2022-10-11 11:20:34,689] [builder.py:658]            [DEBUG]    | Value: hide_items                                                                                  |
[2022-10-11 11:20:34,689] [builder.py:653]            [DEBUG]    |                                                                                                    |
[2022-10-11 11:20:34,689] [builder.py:657]            [DEBUG]    | Validating Method: sort_title                                                                      |
[2022-10-11 11:20:34,690] [builder.py:658]            [DEBUG]    | Value: +C1_Wyrmwood                                                                                |
[2022-10-11 11:20:34,887] [builder.py:823]            [INFO]     |                                                                                                    |
[2022-10-11 11:20:34,887] [builder.py:824]            [INFO]     | Validation Successful                                                                              |
[2022-10-11 11:20:34,888] [plex_meta_manager.py:561]  [INFO]     |                                                                                                    |
[2022-10-11 11:20:34,888] [plex_meta_manager.py:563]  [INFO]     |=================================== Running Wyrmwood Collection ====================================|
[2022-10-11 11:20:34,888] [plex_meta_manager.py:575]  [INFO]     |                                                                                                    |
[2022-10-11 11:20:34,888] [plex_meta_manager.py:576]  [INFO]     | Sync Mode: append                                                                                  |
[2022-10-11 11:20:34,888] [plex_meta_manager.py:579]  [DEBUG]    |                                                                                                    |
[2022-10-11 11:20:34,889] [plex_meta_manager.py:580]  [DEBUG]    | Builder: tmdb_collection: 927812                                                                   |
[2022-10-11 11:20:34,889] [plex_meta_manager.py:581]  [INFO]     |                                                                                                    |
[2022-10-11 11:20:34,894] [tmdb.py:381]               [INFO]     | Processing TMDb Collection: (927812) Wyrmwood Collection (2 Items)                                 |
[2022-10-11 11:20:34,894] [builder.py:1581]           [DEBUG]    |                                                                                                    |
[2022-10-11 11:20:34,894] [builder.py:1582]           [DEBUG]    | 2 IDs Found: [(290999, 'tmdb'), (879957, 'tmdb')]                                                  |
[2022-10-11 11:20:34,894] [builder.py:1583]           [DEBUG]    |                                                                                                    |
[2022-10-11 11:20:34,894] [builder.py:2132]           [INFO]     |                                                                                                    |
[2022-10-11 11:20:34,895] [builder.py:2133]           [INFO]     |================================== Adding to Wyrmwood Collection ===================================|
[2022-10-11 11:20:34,895] [builder.py:2134]           [INFO]     |                                                                                                    |
[2022-10-11 11:20:34,895] [builder.py:2148]           [INFO]     | 1/2 | Wyrmwood Collection | = | Wyrmwood: Road of the Dead (2014)                                  |
[2022-10-11 11:20:34,895] [builder.py:2148]           [INFO]     | 2/2 | Wyrmwood Collection | = | Wyrmwood: Apocalypse (2022)                                        |
[2022-10-11 11:20:34,896] [builder.py:2168]           [INFO]     |                                                                                                    |
[2022-10-11 11:20:34,896] [builder.py:2170]           [INFO]     | 2 Movies Processed 0 Movies Added                                                                  |
[2022-10-11 11:20:34,903] [builder.py:2521]           [INFO]     |                                                                                                    |
[2022-10-11 11:20:34,904] [builder.py:2522]           [INFO]     |============================= Updating Details of Wyrmwood Collection ==============================|
[2022-10-11 11:20:34,904] [builder.py:2523]           [INFO]     |                                                                                                    |
[2022-10-11 11:20:34,912] [builder.py:2589]           [INFO]     | Collection Metadata Edits                                                                          |
[2022-10-11 11:20:34,913] [builder.py:2660]           [WARNING]  | Asset Warning: Unable to find asset folder: 'Wyrmwood'                                             |
[2022-10-11 11:20:34,913] [util.py:171]               [DEBUG]    | 1 poster found:                                                                                    |
[2022-10-11 11:20:34,913] [util.py:173]               [DEBUG]    | Method: tmdb_collection_details Poster: https://image.tmdb.org/t/p/original/tRSNW8dte5P9L8vZPaCFFkjAOnI.jpg |
[2022-10-11 11:20:34,913] [util.py:171]               [DEBUG]    | 1 background found:                                                                                |
[2022-10-11 11:20:34,914] [util.py:173]               [DEBUG]    | Method: tmdb_collection_details Background: https://image.tmdb.org/t/p/original/drstxfAEQ8tR1qf9Axzg6ZnhGxn.jpg |
[2022-10-11 11:20:34,915] [library.py:173]            [INFO]     | Detail: poster update not needed                                                                   |
[2022-10-11 11:20:34,916] [library.py:189]            [INFO]     | Detail: background update not needed                                                               |
[2022-10-11 11:20:35,106] [plex_meta_manager.py:708]  [INFO]     |                                                                                                    |
[2022-10-11 11:20:35,107] [plex_meta_manager.py:709]  [INFO]     |====================================================================================================|
[2022-10-11 11:20:35,107] [plex_meta_manager.py:709]  [INFO]     |                                    Finished Wyrmwood Collection                                    |
[2022-10-11 11:20:35,107] [plex_meta_manager.py:709]  [INFO]     |                                    Collection Run Time: 0:00:00                                    |
[2022-10-11 11:20:35,107] [plex_meta_manager.py:709]  [INFO]     |====================================================================================================|
