[2022-10-11 11:20:35,108] [builder.py:200]            [INFO]     |====================================================================================================|
[2022-10-11 11:20:35,108] [builder.py:200]            [INFO]     |                                    X Collection in Z. 1 - Films                                    |
[2022-10-11 11:20:35,108] [builder.py:200]            [INFO]     |====================================================================================================|
[2022-10-11 11:20:35,108] [builder.py:201]            [INFO]     |                                                                                                    |
[2022-10-11 11:20:35,109] [builder.py:206]            [INFO]     |================================ Building Definition From Templates ================================|
[2022-10-11 11:20:35,109] [builder.py:222]            [DEBUG]    |                                                                                                    |
[2022-10-11 11:20:35,109] [meta.py:128]               [DEBUG]    | Template my_template                                                                               |
[2022-10-11 11:20:35,109] [meta.py:129]               [DEBUG]    | Call: {'value': ['950289'], 'tmdb_collection': ['950289'], 'key_name': 'X', 'key': '950289', 'name': 'my_template'} |
[2022-10-11 11:20:35,109] [meta.py:304]               [DEBUG]    |                                                                                                    |
[2022-10-11 11:20:35,110] [meta.py:305]               [DEBUG]    | Variables: {'value': ['950289'], 'tmdb_collection': ['950289'], 'key_name': 'X', 'key': '950289', 'name': 'my_template', 'collection_name': 'X', 'mapping_name': 'X', 'library_type': 'movie', 'library_name': 'Z. 1 - Films', 'value_encoded': '%5B%27950289%27%5D', 'tmdb_collection_encoded': '%5B%27950289%27%5D', 'key_name_encoded': 'X', 'key_encoded': '950289', 'name_encoded': 'my_template', 'collection_name_encoded': 'X', 'mapping_name_encoded': 'X', 'library_type_encoded': 'movie', 'library_name_encoded': 'Z.%201%20-%20Films', 'collection_sort': 'X'} |
[2022-10-11 11:20:35,110] [meta.py:306]               [DEBUG]    |                                                                                                    |
[2022-10-11 11:20:35,110] [meta.py:307]               [DEBUG]    | Defaults: {}                                                                                       |
[2022-10-11 11:20:35,110] [meta.py:308]               [DEBUG]    |                                                                                                    |
[2022-10-11 11:20:35,110] [meta.py:309]               [DEBUG]    | Optional: ['my_collection_poster', 'my_collection_poster_encoded']                                 |
[2022-10-11 11:20:35,111] [meta.py:370]               [DEBUG]    |                                                                                                    |
[2022-10-11 11:20:35,111] [meta.py:371]               [DEBUG]    | Final Template Attributes: {'tmdb_collection_details': ['950289'], 'collection_order': 'release', 'collection_mode': 'hide_items', 'sort_title': '+C1_X'} |
[2022-10-11 11:20:35,112] [meta.py:372]               [DEBUG]    |                                                                                                    |
[2022-10-11 11:20:35,112] [builder.py:230]            [INFO]     |===================================== Validating X Attributes ======================================|
[2022-10-11 11:20:35,112] [builder.py:620]            [DEBUG]    |                                                                                                    |
[2022-10-11 11:20:35,112] [builder.py:621]            [DEBUG]    | Validating Method: collection_order                                                                |
[2022-10-11 11:20:35,112] [builder.py:622]            [DEBUG]    | Value: release                                                                                     |
[2022-10-11 11:20:35,112] [builder.py:653]            [DEBUG]    |                                                                                                    |
[2022-10-11 11:20:35,113] [builder.py:657]            [DEBUG]    | Validating Method: label                                                                           |
[2022-10-11 11:20:35,113] [builder.py:658]            [DEBUG]    | Value: TMDb Collections                                                                            |
[2022-10-11 11:20:35,113] [builder.py:653]            [DEBUG]    |                                                                                                    |
[2022-10-11 11:20:35,113] [builder.py:657]            [DEBUG]    | Validating Method: tmdb_collection_details                                                         |
[2022-10-11 11:20:35,113] [builder.py:658]            [DEBUG]    | Value: ['950289']                                                                                  |
[2022-10-11 11:20:35,125] [builder.py:653]            [DEBUG]    |                                                                                                    |
[2022-10-11 11:20:35,125] [builder.py:657]            [DEBUG]    | Validating Method: collection_mode                                                                 |
[2022-10-11 11:20:35,125] [builder.py:658]            [DEBUG]    | Value: hide_items                                                                                  |
[2022-10-11 11:20:35,125] [builder.py:653]            [DEBUG]    |                                                                                                    |
[2022-10-11 11:20:35,125] [builder.py:657]            [DEBUG]    | Validating Method: sort_title                                                                      |
[2022-10-11 11:20:35,126] [builder.py:658]            [DEBUG]    | Value: +C1_X                                                                                       |
[2022-10-11 11:20:35,134] [plex.py:803]               [DEBUG]    |                                                                                                    |
[2022-10-11 11:20:35,134] [plex.py:805]               [DEBUG]    | Found: X-Men                                                                                       |
[2022-10-11 11:20:35,134] [plex.py:805]               [DEBUG]    | Found: xXx                                                                                         |
[2022-10-11 11:20:35,134] [plex.py:806]               [DEBUG]    | Looking for: X                                                                                     |
[2022-10-11 11:20:35,135] [builder.py:823]            [INFO]     |                                                                                                    |
[2022-10-11 11:20:35,135] [builder.py:824]            [INFO]     | Validation Successful                                                                              |
[2022-10-11 11:20:35,135] [plex_meta_manager.py:561]  [INFO]     |                                                                                                    |
[2022-10-11 11:20:35,135] [plex_meta_manager.py:563]  [INFO]     |======================================= Running X Collection =======================================|
[2022-10-11 11:20:35,136] [plex_meta_manager.py:575]  [INFO]     |                                                                                                    |
[2022-10-11 11:20:35,136] [plex_meta_manager.py:576]  [INFO]     | Sync Mode: append                                                                                  |
[2022-10-11 11:20:35,136] [plex_meta_manager.py:579]  [DEBUG]    |                                                                                                    |
[2022-10-11 11:20:35,136] [plex_meta_manager.py:580]  [DEBUG]    | Builder: tmdb_collection: 950289                                                                   |
[2022-10-11 11:20:35,136] [plex_meta_manager.py:581]  [INFO]     |                                                                                                    |
[2022-10-11 11:20:35,142] [tmdb.py:381]               [INFO]     | Processing TMDb Collection: (950289) X - Saga (3 Items)                                            |
[2022-10-11 11:20:35,142] [builder.py:1581]           [DEBUG]    |                                                                                                    |
[2022-10-11 11:20:35,143] [builder.py:1582]           [DEBUG]    | 3 IDs Found: [(760104, 'tmdb'), (949423, 'tmdb'), (1023922, 'tmdb')]                               |
[2022-10-11 11:20:35,143] [builder.py:1583]           [DEBUG]    |                                                                                                    |
[2022-10-11 11:20:35,143] [builder.py:2300]           [INFO]     |                                                                                                    |
[2022-10-11 11:20:35,143] [builder.py:2301]           [INFO]     |============================ Missing Movies from Library: Z. 1 - Films =============================|
[2022-10-11 11:20:35,144] [builder.py:2302]           [INFO]     |                                                                                                    |
[2022-10-11 11:20:35,164] [builder.py:2315]           [INFO]     | X Collection | ? | Pearl (2022) (TMDb: 949423)                                                     |
[2022-10-11 11:20:35,181] [builder.py:2315]           [INFO]     | X Collection | ? | MaXXXine (TMDb: 1023922)                                                        |
[2022-10-11 11:20:35,181] [builder.py:2320]           [INFO]     |                                                                                                    |
[2022-10-11 11:20:35,181] [builder.py:2321]           [INFO]     | 2 Movies Missing                                                                                   |
[2022-10-11 11:20:35,259] [plex_meta_manager.py:624]  [INFO]     |                                                                                                    |
[2022-10-11 11:20:35,259] [plex_meta_manager.py:625]  [INFO]     | Collection Minimum: 2 not met for X Collection                                                     |
[2022-10-11 11:20:35,260] [plex_meta_manager.py:708]  [INFO]     |                                                                                                    |
[2022-10-11 11:20:35,260] [plex_meta_manager.py:709]  [INFO]     |====================================================================================================|
[2022-10-11 11:20:35,260] [plex_meta_manager.py:709]  [INFO]     |                                       Finished X Collection                                        |
[2022-10-11 11:20:35,260] [plex_meta_manager.py:709]  [INFO]     |                                    Collection Run Time: 0:00:00                                    |
[2022-10-11 11:20:35,260] [plex_meta_manager.py:709]  [INFO]     |====================================================================================================|
