[2022-09-29 22:01:50,877] [builder.py:197]            [INFO]     |====================================================================================================|
[2022-09-29 22:01:50,878] [builder.py:197]            [INFO]     |                       Apple Originals 2021-2025 Collection in Z. 2 - Series                        |
[2022-09-29 22:01:50,878] [builder.py:197]            [INFO]     |====================================================================================================|
[2022-09-29 22:01:50,878] [builder.py:198]            [INFO]     |                                                                                                    |
[2022-09-29 22:01:50,878] [builder.py:203]            [INFO]     |================================ Building Definition From Templates ================================|
[2022-09-29 22:01:50,878] [builder.py:219]            [INFO]     |========================= Validating Apple Originals 2021-2025 Attributes ==========================|
[2022-09-29 22:01:50,879] [builder.py:488]            [DEBUG]    |                                                                                                    |
[2022-09-29 22:01:50,879] [builder.py:489]            [DEBUG]    | Validating Method: sync_mode                                                                       |
[2022-09-29 22:01:50,879] [builder.py:493]            [DEBUG]    | Value: sync                                                                                        |
[2022-09-29 22:01:50,879] [builder.py:538]            [DEBUG]    |                                                                                                    |
[2022-09-29 22:01:50,880] [builder.py:539]            [DEBUG]    | Validating Method: smart_label                                                                     |
[2022-09-29 22:01:50,880] [builder.py:544]            [DEBUG]    | Value: originally_available.desc                                                                   |
[2022-09-29 22:01:50,945] [builder.py:627]            [DEBUG]    |                                                                                                    |
[2022-09-29 22:01:50,946] [builder.py:631]            [DEBUG]    | Validating Method: sort_title                                                                      |
[2022-09-29 22:01:50,946] [builder.py:632]            [DEBUG]    | Value: +4_APPLE                                                                                    |
[2022-09-29 22:01:50,946] [builder.py:627]            [DEBUG]    |                                                                                                    |
[2022-09-29 22:01:50,946] [builder.py:631]            [DEBUG]    | Validating Method: imdb_list                                                                       |
[2022-09-29 22:01:50,947] [builder.py:632]            [DEBUG]    | Value: ordereddict([('url', 'https://www.imdb.com/search/title/?title_type=feature,tv_movie,tv_series,tv_special,tv_miniseries,documentary,video,tv_short&release_date=2021-01-01,2025-12-31&genres=!animation&countries=us&languages=en&sort=release_date,desc&count=250&companies=co0546168')]) |
[2022-09-29 22:01:52,478] [builder.py:627]            [DEBUG]    |                                                                                                    |
[2022-09-29 22:01:52,479] [builder.py:631]            [DEBUG]    | Validating Method: summary                                                                         |
[2022-09-29 22:01:52,479] [builder.py:632]            [DEBUG]    | Value: All Apple TV Originals From 2021-2025                                                       |
[2022-09-29 22:01:52,480] [builder.py:627]            [DEBUG]    |                                                                                                    |
[2022-09-29 22:01:52,480] [builder.py:631]            [DEBUG]    | Validating Method: url_poster                                                                      |
[2022-09-29 22:01:52,481] [builder.py:632]            [DEBUG]    | Value: https://i.imgur.com/O9iWork.png                                                             |
[2022-09-29 22:01:52,498] [builder.py:627]            [DEBUG]    |                                                                                                    |
[2022-09-29 22:01:52,499] [builder.py:631]            [DEBUG]    | Validating Method: url_background                                                                  |
[2022-09-29 22:01:52,499] [builder.py:632]            [DEBUG]    | Value: https://wallpaper-house.com/data/out/8/wallpaper2you_228774.png                             |
[2022-09-29 22:01:52,635] [plex.py:790]               [DEBUG]    |                                                                                                    |
[2022-09-29 22:01:52,635] [plex.py:793]               [DEBUG]    | Looking for: Apple Originals 2021-2025                                                             |
[2022-09-29 22:01:52,636] [builder.py:797]            [INFO]     |                                                                                                    |
[2022-09-29 22:01:52,636] [builder.py:798]            [INFO]     | Validation Successful                                                                              |
[2022-09-29 22:01:52,636] [plex_meta_manager.py:561]  [INFO]     |                                                                                                    |
[2022-09-29 22:01:52,636] [plex_meta_manager.py:563]  [INFO]     |=========================== Running Apple Originals 2021-2025 Collection ===========================|
[2022-09-29 22:01:52,637] [plex_meta_manager.py:569]  [INFO]     |                                                                                                    |
[2022-09-29 22:01:52,637] [plex_meta_manager.py:570]  [INFO]     | Smart Show Label                                                                                   |
                                                                 | Sort By: originally_available.desc
                                                                 | Filter:
                                                                 |   Match all of the following:
                                                                 |     Label is Apple Originals 2021-2025
[2022-09-29 22:01:52,638] [plex_meta_manager.py:575]  [INFO]     | 
[2022-09-29 22:01:52,638] [plex_meta_manager.py:576]  [INFO]     | Sync Mode: sync
[2022-09-29 22:01:52,638] [plex_meta_manager.py:579]  [DEBUG]    | 
[2022-09-29 22:01:52,639] [plex_meta_manager.py:580]  [DEBUG]    | Builder: imdb_list: {'url': 'https://www.imdb.com/search/title/?title_type=feature,tv_movie,tv_series,tv_special,tv_miniseries,documentary,video,tv_short&release_date=2021-01-01,2025-12-31&genres=!animation&countries=us&languages=en&sort=release_date,desc&count=250&companies=co0546168', 'limit': 0}
[2022-09-29 22:01:52,639] [plex_meta_manager.py:581]  [INFO]     | 
[2022-09-29 22:01:52,639] [imdb.py:184]               [INFO]     | Processing IMDb List: https://www.imdb.com/search/title/?title_type=feature,tv_movie,tv_series,tv_special,tv_miniseries,documentary,video,tv_short&release_date=2021-01-01,2025-12-31&genres=!animation&countries=us&languages=en&sort=release_date,desc&count=250&companies=co0546168
[2022-09-29 22:01:56,679] [imdb.py:135]               [DEBUG]    | 84 IMDb IDs Found: ['tt18257378', 'tt21622048', 'tt21088136', 'tt17543896', 'tt12573454', 'tt12530246', 'tt5537002', 'tt15677150', 'tt14964772', 'tt14417718', 'tt13745850', 'tt12758060', 'tt10999120', 'tt0429087', 'tt14447458', 'tt10268488', 'tt15334032', 'tt16977750', 'tt10192406', 'tt20230770', 'tt15469618', 'tt3283594', 'tt21481106', 'tt13694702', 'tt20414738', 'tt4301160', 'tt14271498', 'tt14509156', 'tt19896142', 'tt13773908', 'tt14588348', 'tt19357122', 'tt14161704', 'tt19298532', 'tt14153448', 'tt5875444', 'tt8888462', 'tt18265020', 'tt2953250', 'tt17736322', 'tt12005128', 'tt13820498', 'tt19888862', 'tt17043406', 'tt11280740', 'tt2201261', 'tt12026710', 'tt12614214', 'tt19719870', 'tt14376344', 'tt12397680', 'tt15829598', 'tt13432848', 'tt20056754', 'tt15353214', 'tt14475988', 'tt13207508', 'tt11947248', 'tt3420504', 'tt8005626', 'tt9737326', 'tt15389998', 'tt13567344', 'tt15084142', 'tt10095582', 'tt0804484', 'tt7638556', 'tt15010478', 'tt10971064', 'tt11808942', 'tt7230750', 'tt11828492', 'tt13622130', 'tt3319460', 'tt14584186', 'tt11041132', 'tt14482570', 'tt21193624', 'tt22186400', 'tt9130508', 'tt11459366', 'tt14207226', 'tt6857376', 'tt10366460']
[2022-09-29 22:01:56,680] [builder.py:1540]           [DEBUG]    | 
[2022-09-29 22:01:56,680] [builder.py:1541]           [DEBUG]    | 84 IDs Found: [('tt18257378', 'imdb'), ('tt21622048', 'imdb'), ('tt21088136', 'imdb'), ('tt17543896', 'imdb'), ('tt12573454', 'imdb'), ('tt12530246', 'imdb'), ('tt5537002', 'imdb'), ('tt15677150', 'imdb'), ('tt14964772', 'imdb'), ('tt14417718', 'imdb'), ('tt13745850', 'imdb'), ('tt12758060', 'imdb'), ('tt10999120', 'imdb'), ('tt0429087', 'imdb'), ('tt14447458', 'imdb'), ('tt10268488', 'imdb'), ('tt15334032', 'imdb'), ('tt16977750', 'imdb'), ('tt10192406', 'imdb'), ('tt20230770', 'imdb'), ('tt15469618', 'imdb'), ('tt3283594', 'imdb'), ('tt21481106', 'imdb'), ('tt13694702', 'imdb'), ('tt20414738', 'imdb'), ('tt4301160', 'imdb'), ('tt14271498', 'imdb'), ('tt14509156', 'imdb'), ('tt19896142', 'imdb'), ('tt13773908', 'imdb'), ('tt14588348', 'imdb'), ('tt19357122', 'imdb'), ('tt14161704', 'imdb'), ('tt19298532', 'imdb'), ('tt14153448', 'imdb'), ('tt5875444', 'imdb'), ('tt8888462', 'imdb'), ('tt18265020', 'imdb'), ('tt2953250', 'imdb'), ('tt17736322', 'imdb'), ('tt12005128', 'imdb'), ('tt13820498', 'imdb'), ('tt19888862', 'imdb'), ('tt17043406', 'imdb'), ('tt11280740', 'imdb'), ('tt2201261', 'imdb'), ('tt12026710', 'imdb'), ('tt12614214', 'imdb'), ('tt19719870', 'imdb'), ('tt14376344', 'imdb'), ('tt12397680', 'imdb'), ('tt15829598', 'imdb'), ('tt13432848', 'imdb'), ('tt20056754', 'imdb'), ('tt15353214', 'imdb'), ('tt14475988', 'imdb'), ('tt13207508', 'imdb'), ('tt11947248', 'imdb'), ('tt3420504', 'imdb'), ('tt8005626', 'imdb'), ('tt9737326', 'imdb'), ('tt15389998', 'imdb'), ('tt13567344', 'imdb'), ('tt15084142', 'imdb'), ('tt10095582', 'imdb'), ('tt0804484', 'imdb'), ('tt7638556', 'imdb'), ('tt15010478', 'imdb'), ('tt10971064', 'imdb'), ('tt11808942', 'imdb'), ('tt7230750', 'imdb'), ('tt11828492', 'imdb'), ('tt13622130', 'imdb'), ('tt3319460', 'imdb'), ('tt14584186', 'imdb'), ('tt11041132', 'imdb'), ('tt14482570', 'imdb'), ('tt21193624', 'imdb'), ('tt22186400', 'imdb'), ('tt9130508', 'imdb'), ('tt11459366', 'imdb'), ('tt14207226', 'imdb'), ('tt6857376', 'imdb'), ('tt10366460', 'imdb')]
[2022-09-29 22:01:56,680] [builder.py:1542]           [DEBUG]    | 
[2022-09-29 22:01:56,730] [builder.py:1598]           [WARNING]  | Convert Error: No TMDb ID Found for IMDb ID: tt18257378
[2022-09-29 22:01:56,748] [builder.py:1598]           [WARNING]  | Convert Error: No TMDb ID Found for IMDb ID: tt21622048
[2022-09-29 22:01:56,801] [builder.py:1598]           [WARNING]  | Convert Error: No TVDb ID Found for TMDb ID: 201289
[2022-09-29 22:01:56,826] [builder.py:1598]           [WARNING]  | Convert Error: No TMDb ID Found for IMDb ID: tt16977750
[2022-09-29 22:01:56,839] [builder.py:1598]           [WARNING]  | Convert Error: No TMDb ID Found for IMDb ID: tt21481106
[2022-09-29 22:01:56,860] [builder.py:1598]           [WARNING]  | Convert Error: No TMDb ID Found for IMDb ID: tt19896142
[2022-09-29 22:01:56,879] [builder.py:1598]           [WARNING]  | Convert Error: No TMDb ID Found for IMDb ID: tt14588348
[2022-09-29 22:01:56,898] [builder.py:1598]           [WARNING]  | Convert Error: No TMDb ID Found for IMDb ID: tt19298532
[2022-09-29 22:01:57,004] [builder.py:1598]           [WARNING]  | Convert Error: No TMDb ID Found for IMDb ID: tt19888862
[2022-09-29 22:01:57,028] [builder.py:1598]           [WARNING]  | Convert Error: No TMDb ID Found for IMDb ID: tt19719870
[2022-09-29 22:01:57,054] [builder.py:1598]           [WARNING]  | Convert Error: No TMDb ID Found for IMDb ID: tt13432848
[2022-09-29 22:01:57,071] [builder.py:1598]           [WARNING]  | Convert Error: No TMDb ID Found for IMDb ID: tt20056754
[2022-09-29 22:01:58,300] [builder.py:1598]           [WARNING]  | Convert Error: No TMDb ID Found for IMDb ID: tt21193624
[2022-09-29 22:01:58,328] [builder.py:1598]           [WARNING]  | Convert Error: No TMDb ID Found for IMDb ID: tt22186400
[2022-09-29 22:01:58,594] [builder.py:2064]           [INFO]     | 
[2022-09-29 22:01:58,595] [builder.py:2065]           [INFO]     |========================== Adding to Apple Originals 2021-2025 Collection ==========================|
[2022-09-29 22:01:58,595] [builder.py:2066]           [INFO]     |                                                                                                    |
[2022-09-29 22:01:58,612] [builder.py:2080]           [INFO]     |  1/14 | Apple Originals 2021-2025 Collection | + | Bad Sisters                                     |
[2022-09-29 22:01:58,932] [builder.py:2080]           [INFO]     |  2/14 | Apple Originals 2021-2025 Collection | + | Five Days at Memorial                           |
[2022-09-29 22:01:59,131] [builder.py:2080]           [INFO]     |  3/14 | Apple Originals 2021-2025 Collection | + | Surface                                         |
[2022-09-29 22:01:59,360] [builder.py:2080]           [INFO]     |  4/14 | Apple Originals 2021-2025 Collection | + | Black Bird                                      |
[2022-09-29 22:01:59,608] [builder.py:2080]           [INFO]     |  5/14 | Apple Originals 2021-2025 Collection | + | Loot                                            |
[2022-09-29 22:01:59,825] [builder.py:2080]           [INFO]     |  6/14 | Apple Originals 2021-2025 Collection | + | Roar                                            |
[2022-09-29 22:02:00,064] [builder.py:2080]           [INFO]     |  7/14 | Apple Originals 2021-2025 Collection | + | Slow Horses                                     |
[2022-09-29 22:02:00,282] [builder.py:2080]           [INFO]     |  8/14 | Apple Originals 2021-2025 Collection | + | Shining Girls                                   |
[2022-09-29 22:02:00,530] [builder.py:2080]           [INFO]     |  9/14 | Apple Originals 2021-2025 Collection | + | WeCrashed                                       |
[2022-09-29 22:02:00,741] [builder.py:2080]           [INFO]     | 10/14 | Apple Originals 2021-2025 Collection | + | Les derniers jours de Ptolemy Grey              |
[2022-09-29 22:02:00,923] [builder.py:2080]           [INFO]     | 11/14 | Apple Originals 2021-2025 Collection | + | Suspicion                                       |
[2022-09-29 22:02:01,099] [builder.py:2080]           [INFO]     | 12/14 | Apple Originals 2021-2025 Collection | + | The Afterparty                                  |
[2022-09-29 22:02:01,459] [builder.py:2080]           [INFO]     | 13/14 | Apple Originals 2021-2025 Collection | + | Invasion (2021)                                 |
[2022-09-29 22:02:01,859] [builder.py:2080]           [INFO]     | 14/14 | Apple Originals 2021-2025 Collection | + | Foundation                                      |
[2022-09-29 22:02:02,122] [builder.py:2100]           [INFO]     |                                                                                                    |
[2022-09-29 22:02:02,123] [builder.py:2102]           [INFO]     | 14 Shows Processed 14 Shows Added                                                                  |
[2022-09-29 22:02:02,123] [builder.py:2228]           [INFO]     |                                                                                                    |
[2022-09-29 22:02:02,123] [builder.py:2229]           [INFO]     |============================ Missing Movies from Library: Z. 2 - Series ============================|
[2022-09-29 22:02:02,124] [builder.py:2230]           [INFO]     |                                                                                                    |
[2022-09-29 22:02:02,168] [builder.py:2243]           [INFO]     | Apple Originals 2021-2025 Collection | ? | Sharper (TMDb: 717980)                                  |
[2022-09-29 22:02:02,190] [builder.py:2243]           [INFO]     | Apple Originals 2021-2025 Collection | ? | Emancipation (TMDb: 715931)                             |
[2022-09-29 22:02:02,231] [builder.py:2243]           [INFO]     | Apple Originals 2021-2025 Collection | ? | Killers of the Flower Moon (TMDb: 466420)               |
[2022-09-29 22:02:02,248] [builder.py:2243]           [INFO]     | Apple Originals 2021-2025 Collection | ? | Tetris (TMDb: 726759)                                   |
[2022-09-29 22:02:02,298] [builder.py:2243]           [INFO]     | Apple Originals 2021-2025 Collection | ? | Spirited (2022) (TMDb: 632856)                          |
[2022-09-29 22:02:02,323] [builder.py:2243]           [INFO]     | Apple Originals 2021-2025 Collection | ? | Louis Armstrong's Black & Blues (2022) (TMDb: 1014890)  |
[2022-09-29 22:02:02,348] [builder.py:2243]           [INFO]     | Apple Originals 2021-2025 Collection | ? | The Greatest Beer Run Ever (2022) (TMDb: 597922)        |
[2022-09-29 22:02:02,373] [builder.py:2243]           [INFO]     | Apple Originals 2021-2025 Collection | ? | Raymond & Ray (2022) (TMDb: 869025)                     |
[2022-09-29 22:02:02,399] [builder.py:2243]           [INFO]     | Apple Originals 2021-2025 Collection | ? | Causeway (2022) (TMDb: 595586)                          |
[2022-09-29 22:02:02,419] [builder.py:2243]           [INFO]     | Apple Originals 2021-2025 Collection | ? | Kaepernick & America (2022) (TMDb: 960583)              |
[2022-09-29 22:02:02,439] [builder.py:2243]           [INFO]     | Apple Originals 2021-2025 Collection | ? | ¡Viva Maestro! (2022) (TMDb: 801690)                    |
[2022-09-29 22:02:02,453] [builder.py:2243]           [INFO]     | Apple Originals 2021-2025 Collection | ? | The Sky Is Everywhere (2022) (TMDb: 640265)             |
[2022-09-29 22:02:02,462] [builder.py:2243]           [INFO]     | Apple Originals 2021-2025 Collection | ? | Cha Cha Real Smooth (2022) (TMDb: 814340)               |
[2022-09-29 22:02:02,479] [builder.py:2243]           [INFO]     | Apple Originals 2021-2025 Collection | ? | Mariah's Christmas: The Magic Continues (2021) (TMDb: 893702) |
[2022-09-29 22:02:02,515] [builder.py:2243]           [INFO]     | Apple Originals 2021-2025 Collection | ? | 'Twas the Fight Before Christmas (2021) (TMDb: 888652)  |
[2022-09-29 22:02:02,904] [builder.py:2243]           [INFO]     | Apple Originals 2021-2025 Collection | ? | Swan Song (2021) (TMDb: 765245)                         |
[2022-09-29 22:02:03,378] [builder.py:2243]           [INFO]     | Apple Originals 2021-2025 Collection | ? | Finch (2021) (TMDb: 522402)                             |
[2022-09-29 22:02:03,872] [builder.py:2243]           [INFO]     | Apple Originals 2021-2025 Collection | ? | The Tragedy of Macbeth (2021) (TMDb: 591538)            |
[2022-09-29 22:02:03,885] [builder.py:2243]           [INFO]     | Apple Originals 2021-2025 Collection | ? | Come from Away (2021) (TMDb: 727333)                    |
[2022-09-29 22:02:03,901] [builder.py:2243]           [INFO]     | Apple Originals 2021-2025 Collection | ? | 9/11: Inside the President's War Room (2021) (TMDb: 848981) |
[2022-09-29 22:02:03,918] [builder.py:2243]           [INFO]     | Apple Originals 2021-2025 Collection | ? | The Velvet Underground (2021) (TMDb: 543836)            |
[2022-09-29 22:02:03,921] [builder.py:2243]           [INFO]     | Apple Originals 2021-2025 Collection | ? | Fathom (2021) (TMDb: 819024)                            |
[2022-09-29 22:02:04,534] [builder.py:2243]           [INFO]     | Apple Originals 2021-2025 Collection | ? | Cherry (2021) (TMDb: 544401)                            |
[2022-09-29 22:02:04,710] [builder.py:2243]           [INFO]     | Apple Originals 2021-2025 Collection | ? | Billie Eilish: The World's a Little Blurry (2021) (TMDb: 654754) |
[2022-09-29 22:02:04,727] [builder.py:2243]           [INFO]     | Apple Originals 2021-2025 Collection | ? | Billie Eilish: "The World’s A Little Blurry" Live Premiere Event (2021) (TMDb: 1000703) |
[2022-09-29 22:02:04,743] [builder.py:2243]           [INFO]     | Apple Originals 2021-2025 Collection | ? | Palmer (2021) (TMDb: 458220)                            |
[2022-09-29 22:02:05,490] [builder.py:2243]           [INFO]     | Apple Originals 2021-2025 Collection | ? | CODA (2021) (TMDb: 776503)                              |
[2022-09-29 22:02:05,491] [builder.py:2248]           [INFO]     |                                                                                                    |
[2022-09-29 22:02:05,491] [builder.py:2249]           [INFO]     | 27 Movies Missing                                                                                  |
[2022-09-29 22:02:05,501] [builder.py:2274]           [INFO]     |                                                                                                    |
[2022-09-29 22:02:05,502] [builder.py:2275]           [INFO]     |====================== Missing Shows from Library: Apple Originals 2021-2025 =======================|
[2022-09-29 22:02:05,502] [builder.py:2276]           [INFO]     |                                                                                                    |
[2022-09-29 22:02:06,247] [builder.py:2288]           [INFO]     | Apple Originals 2021-2025 Collection | ? | Criminal Record (TVDb: 421495)                          |
[2022-09-29 22:02:06,898] [builder.py:2288]           [INFO]     | Apple Originals 2021-2025 Collection | ? | Dear Edward (TVDb: 415585)                              |
[2022-09-29 22:02:07,542] [builder.py:2288]           [INFO]     | Apple Originals 2021-2025 Collection | ? | Shrinking (TVDb: 411364)                                |
[2022-09-29 22:02:08,224] [builder.py:2288]           [INFO]     | Apple Originals 2021-2025 Collection | ? | City on Fire (TVDb: 405848)                             |
[2022-09-29 22:02:08,877] [builder.py:2288]           [INFO]     | Apple Originals 2021-2025 Collection | ? | The Crowded Room (TVDb: 400723)                         |
[2022-09-29 22:02:09,578] [builder.py:2288]           [INFO]     | Apple Originals 2021-2025 Collection | ? | Shantaram (TVDb: 416581)                                |
[2022-09-29 22:02:10,279] [builder.py:2288]           [INFO]     | Apple Originals 2021-2025 Collection | ? | Life by Ella (TVDb: 423138)                             |
[2022-09-29 22:02:11,069] [builder.py:2288]           [INFO]     | Apple Originals 2021-2025 Collection | ? | Best Foot Forward (TVDb: 420906)                        |
[2022-09-29 22:02:11,798] [builder.py:2288]           [INFO]     | Apple Originals 2021-2025 Collection | ? | Now & Then (TVDb: 401411)                               |
[2022-09-29 22:02:12,449] [builder.py:2288]           [INFO]     | Apple Originals 2021-2025 Collection | ? | Make or Break (TVDb: 418943)                            |
[2022-09-29 22:02:13,175] [builder.py:2288]           [INFO]     | Apple Originals 2021-2025 Collection | ? | 파친코 (TVDb: 368124)                                      |
[2022-09-29 22:02:13,821] [builder.py:2288]           [INFO]     | Apple Originals 2021-2025 Collection | ? | The Big Conn (TVDb: 416610)                             |
[2022-09-29 22:02:14,480] [builder.py:2288]           [INFO]     | Apple Originals 2021-2025 Collection | ? | They Call Me Magic (TVDb: 415810)                       |
[2022-09-29 22:02:15,161] [builder.py:2288]           [INFO]     | Apple Originals 2021-2025 Collection | ? | Lincoln's Dilemma (TVDb: 414706)                        |
[2022-09-29 22:02:15,198] [builder.py:2288]           [INFO]     | Apple Originals 2021-2025 Collection | ? | Severance (TVDb: 371980)                                |
[2022-09-29 22:02:16,171] [builder.py:2288]           [INFO]     | Apple Originals 2021-2025 Collection | ? | Fraggle Rock: Back to the Rock (TVDb: 412536)           |
[2022-09-29 22:02:16,832] [builder.py:2288]           [INFO]     | Apple Originals 2021-2025 Collection | ? | The Line (TVDb: 402178)                                 |
[2022-09-29 22:02:17,635] [builder.py:2288]           [INFO]     | Apple Originals 2021-2025 Collection | ? | The Shrink Next Door (TVDb: 381206)                     |
[2022-09-29 22:02:18,347] [builder.py:2288]           [INFO]     | Apple Originals 2021-2025 Collection | ? | Swagger (TVDb: 365914)                                  |
[2022-09-29 22:02:19,038] [builder.py:2288]           [INFO]     | Apple Originals 2021-2025 Collection | ? | Puppy Place (TVDb: 409863)                              |
[2022-09-29 22:02:19,937] [builder.py:2288]           [INFO]     | Apple Originals 2021-2025 Collection | ? | Acapulco (2021) (TVDb: 393155)                          |
[2022-09-29 22:02:20,783] [builder.py:2288]           [INFO]     | Apple Originals 2021-2025 Collection | ? | The Problem With Jon Stewart (TVDb: 400756)             |
[2022-09-29 22:02:21,449] [builder.py:2288]           [INFO]     | Apple Originals 2021-2025 Collection | ? | Mr. Corman (TVDb: 393156)                               |
[2022-09-29 22:02:21,474] [builder.py:2288]           [INFO]     | Apple Originals 2021-2025 Collection | ? | Schmigadoon! (TVDb: 393154)                             |
[2022-09-29 22:02:22,425] [builder.py:2288]           [INFO]     | Apple Originals 2021-2025 Collection | ? | Physical (TVDb: 396346)                                 |
[2022-09-29 22:02:23,141] [builder.py:2288]           [INFO]     | Apple Originals 2021-2025 Collection | ? | Lisey's Story (TVDb: 366527)                            |
[2022-09-29 22:02:23,937] [builder.py:2288]           [INFO]     | Apple Originals 2021-2025 Collection | ? | The Me You Can't See (TVDb: 402511)                     |
[2022-09-29 22:02:24,616] [builder.py:2288]           [INFO]     | Apple Originals 2021-2025 Collection | ? | The Mosquito Coast (TVDb: 370360)                       |
[2022-09-29 22:02:25,242] [builder.py:2288]           [INFO]     | Apple Originals 2021-2025 Collection | ? | Watch the Sound with Mark Ronson (TVDb: 401054)         |
[2022-09-29 22:02:25,243] [builder.py:2293]           [INFO]     |                                                                                                    |
[2022-09-29 22:02:25,244] [builder.py:2294]           [INFO]     | 29 Shows Missing                                                                                   |
[2022-09-29 22:02:25,291] [plex.py:711]               [DEBUG]    | Smart Collection Test: ?type=2&sort=originallyAvailableAt%3Adesc&show.label=213506                 |
[2022-09-29 22:02:25,422] [builder.py:2441]           [INFO]     |                                                                                                    |
[2022-09-29 22:02:25,422] [builder.py:2442]           [INFO]     |===================== Updating Details of Apple Originals 2021-2025 Collection =====================|
[2022-09-29 22:02:25,422] [builder.py:2443]           [INFO]     |                                                                                                    |
[2022-09-29 22:02:25,962] [builder.py:2509]           [INFO]     | Collection Metadata Edits                                                                          |
                                                                 | Summary (summary) | All Apple TV Originals From 2021-2025
                                                                 | Sort Title | +4_APPLE
                                                                 | Label | +PMM
[2022-09-29 22:02:26,508] [builder.py:2513]           [INFO]     | Details: have been updated
[2022-09-29 22:02:26,509] [builder.py:2517]           [INFO]     | 
[2022-09-29 22:02:26,509] [builder.py:2580]           [WARNING]  | Asset Warning: Unable to find asset folder: 'Apple Originals 2021-2025'
[2022-09-29 22:02:26,509] [util.py:150]               [DEBUG]    | 1 poster found:
[2022-09-29 22:02:26,510] [util.py:152]               [DEBUG]    | Method: url_poster Poster: https://i.imgur.com/O9iWork.png
[2022-09-29 22:02:26,510] [util.py:150]               [DEBUG]    | 1 background found:
[2022-09-29 22:02:26,510] [util.py:152]               [DEBUG]    | Method: url_background Background: https://wallpaper-house.com/data/out/8/wallpaper2you_228774.png
[2022-09-29 22:02:26,750] [library.py:170]            [INFO]     | Detail: url_poster updated poster to [URL] https://i.imgur.com/O9iWork.png
[2022-09-29 22:02:26,924] [library.py:186]            [INFO]     | Detail: url_background updated background to [URL] https://wallpaper-house.com/data/out/8/wallpaper2you_228774.png
[2022-09-29 22:02:27,058] [plex_meta_manager.py:708]  [INFO]     | 
[2022-09-29 22:02:27,058] [plex_meta_manager.py:709]  [INFO]     |====================================================================================================|
[2022-09-29 22:02:27,059] [plex_meta_manager.py:709]  [INFO]     |                           Finished Apple Originals 2021-2025 Collection                            |
[2022-09-29 22:02:27,059] [plex_meta_manager.py:709]  [INFO]     |                                    Collection Run Time: 0:00:36                                    |
[2022-09-29 22:02:27,060] [plex_meta_manager.py:709]  [INFO]     |====================================================================================================|
