[2022-10-11 09:26:44,091] [builder.py:197]            [INFO]     |====================================================================================================|
[2022-10-11 09:26:44,092] [builder.py:197]            [INFO]     |                                  Thor Collection in Z. 1 - Films                                   |
[2022-10-11 09:26:44,092] [builder.py:197]            [INFO]     |====================================================================================================|
[2022-10-11 09:26:44,092] [builder.py:198]            [INFO]     |                                                                                                    |
[2022-10-11 09:26:44,092] [builder.py:203]            [INFO]     |================================ Building Definition From Templates ================================|
[2022-10-11 09:26:44,092] [builder.py:211]            [DEBUG]    |                                                                                                    |
[2022-10-11 09:26:44,093] [meta.py:128]               [DEBUG]    | Template my_template                                                                               |
[2022-10-11 09:26:44,093] [meta.py:129]               [DEBUG]    | Call: {'value': ['131296'], 'tmdb_collection': ['131296'], 'key_name': 'Thor', 'key': '131296', 'name': 'my_template'} |
[2022-10-11 09:26:44,093] [meta.py:304]               [DEBUG]    |                                                                                                    |
[2022-10-11 09:26:44,093] [meta.py:305]               [DEBUG]    | Variables: {'value': ['131296'], 'tmdb_collection': ['131296'], 'key_name': 'Thor', 'key': '131296', 'name': 'my_template', 'collection_name': 'Thor', 'mapping_name': 'Thor', 'library_type': 'movie', 'library_name': 'Z. 1 - Films', 'value_encoded': '%5B%27131296%27%5D', 'tmdb_collection_encoded': '%5B%27131296%27%5D', 'key_name_encoded': 'Thor', 'key_encoded': '131296', 'name_encoded': 'my_template', 'collection_name_encoded': 'Thor', 'mapping_name_encoded': 'Thor', 'library_type_encoded': 'movie', 'library_name_encoded': 'Z.%201%20-%20Films', 'collection_sort': 'Thor'} |
[2022-10-11 09:26:44,094] [meta.py:306]               [DEBUG]    |                                                                                                    |
[2022-10-11 09:26:44,094] [meta.py:307]               [DEBUG]    | Defaults: {}                                                                                       |
[2022-10-11 09:26:44,094] [meta.py:308]               [DEBUG]    |                                                                                                    |
[2022-10-11 09:26:44,094] [meta.py:309]               [DEBUG]    | Optional: ['my_collection_poster', 'my_collection_poster_encoded']                                 |
[2022-10-11 09:26:44,095] [meta.py:370]               [DEBUG]    |                                                                                                    |
[2022-10-11 09:26:44,095] [meta.py:371]               [DEBUG]    | Final Template Attributes: {'tmdb_collection_details': ['131296'], 'collection_order': 'release', 'collection_mode': 'hide_items'} |
[2022-10-11 09:26:44,096] [meta.py:372]               [DEBUG]    |                                                                                                    |
[2022-10-11 09:26:44,096] [builder.py:219]            [INFO]     |==================================== Validating Thor Attributes ====================================|
[2022-10-11 09:26:44,096] [builder.py:609]            [DEBUG]    |                                                                                                    |
[2022-10-11 09:26:44,096] [builder.py:610]            [DEBUG]    | Validating Method: collection_order                                                                |
[2022-10-11 09:26:44,097] [builder.py:611]            [DEBUG]    | Value: release                                                                                     |
[2022-10-11 09:26:44,097] [builder.py:627]            [DEBUG]    |                                                                                                    |
[2022-10-11 09:26:44,097] [builder.py:631]            [DEBUG]    | Validating Method: label                                                                           |
[2022-10-11 09:26:44,097] [builder.py:632]            [DEBUG]    | Value: TMDb Collections                                                                            |
[2022-10-11 09:26:44,098] [builder.py:627]            [DEBUG]    |                                                                                                    |
[2022-10-11 09:26:44,098] [builder.py:631]            [DEBUG]    | Validating Method: tmdb_collection_details                                                         |
[2022-10-11 09:26:44,098] [builder.py:632]            [DEBUG]    | Value: ['131296']                                                                                  |
[2022-10-11 09:26:44,115] [builder.py:627]            [DEBUG]    |                                                                                                    |
[2022-10-11 09:26:44,116] [builder.py:631]            [DEBUG]    | Validating Method: collection_mode                                                                 |
[2022-10-11 09:26:44,116] [builder.py:632]            [DEBUG]    | Value: hide_items                                                                                  |
[2022-10-11 09:26:44,122] [plex.py:790]               [DEBUG]    |                                                                                                    |
[2022-10-11 09:26:44,122] [plex.py:793]               [DEBUG]    | Looking for: Thor                                                                                  |
[2022-10-11 09:26:44,122] [builder.py:797]            [INFO]     |                                                                                                    |
[2022-10-11 09:26:44,122] [builder.py:798]            [INFO]     | Validation Successful                                                                              |
[2022-10-11 09:26:44,122] [plex_meta_manager.py:561]  [INFO]     |                                                                                                    |
[2022-10-11 09:26:44,123] [plex_meta_manager.py:563]  [INFO]     |===================================== Running Thor Collection ======================================|
[2022-10-11 09:26:44,123] [plex_meta_manager.py:575]  [INFO]     |                                                                                                    |
[2022-10-11 09:26:44,123] [plex_meta_manager.py:576]  [INFO]     | Sync Mode: append                                                                                  |
[2022-10-11 09:26:44,123] [plex_meta_manager.py:579]  [DEBUG]    |                                                                                                    |
[2022-10-11 09:26:44,123] [plex_meta_manager.py:580]  [DEBUG]    | Builder: tmdb_collection: 131296                                                                   |
[2022-10-11 09:26:44,123] [plex_meta_manager.py:581]  [INFO]     |                                                                                                    |
[2022-10-11 09:26:44,128] [tmdb.py:382]               [INFO]     | Processing TMDb Collection: (131296) Thor - Saga (4 Items)                                         |
[2022-10-11 09:26:44,128] [builder.py:1540]           [DEBUG]    |                                                                                                    |
[2022-10-11 09:26:44,129] [builder.py:1541]           [DEBUG]    | 4 IDs Found: [(10195, 'tmdb'), (76338, 'tmdb'), (284053, 'tmdb'), (616037, 'tmdb')]                |
[2022-10-11 09:26:44,129] [builder.py:1542]           [DEBUG]    |                                                                                                    |
[2022-10-11 09:26:44,129] [builder.py:2064]           [INFO]     |                                                                                                    |
[2022-10-11 09:26:44,129] [builder.py:2065]           [INFO]     |==================================== Adding to Thor Collection =====================================|
[2022-10-11 09:26:44,129] [builder.py:2066]           [INFO]     |                                                                                                    |
[2022-10-11 09:26:44,130] [builder.py:2080]           [INFO]     | 1/4 | Thor Collection | + | Thor (2011)                                                            |
[2022-10-11 09:26:44,419] [builder.py:2080]           [INFO]     | 2/4 | Thor Collection | + | Thor : Le Monde des ténèbres (2013)                                    |
[2022-10-11 09:26:44,706] [builder.py:2080]           [INFO]     | 3/4 | Thor Collection | + | Thor : Ragnarok (2017)                                                 |
[2022-10-11 09:26:44,988] [builder.py:2080]           [INFO]     | 4/4 | Thor Collection | + | Thor : Love and Thunder (2022)                                         |
[2022-10-11 09:26:47,545] [builder.py:2100]           [INFO]     |                                                                                                    |
[2022-10-11 09:26:47,546] [builder.py:2102]           [INFO]     | 4 Movies Processed 4 Movies Added                                                                  |
[2022-10-11 09:26:47,553] [builder.py:2441]           [INFO]     |                                                                                                    |
[2022-10-11 09:26:47,554] [builder.py:2442]           [INFO]     |=============================== Updating Details of Thor Collection ================================|
[2022-10-11 09:26:47,554] [builder.py:2443]           [INFO]     |                                                                                                    |
[2022-10-11 09:26:47,720] [builder.py:2509]           [INFO]     | Collection Metadata Edits                                                                          |
                                                                 | Summary (tmdb_collection_details) | Une série de films basée sur Thor, le personnage de bande dessinée publié par Marvel Comics.
                                                                 | Label | +TMDb Collections, +PMM
[2022-10-11 09:26:47,940] [builder.py:2513]           [INFO]     | Details: have been updated
[2022-10-11 09:26:47,940] [builder.py:2517]           [INFO]     | 
[2022-10-11 09:26:48,192] [builder.py:2529]           [INFO]     | Collection Mode | hideItems
[2022-10-11 09:26:48,193] [builder.py:2580]           [WARNING]  | Asset Warning: Unable to find asset folder: 'Thor'
[2022-10-11 09:26:48,193] [util.py:150]               [DEBUG]    | 1 poster found:
[2022-10-11 09:26:48,193] [util.py:152]               [DEBUG]    | Method: tmdb_collection_details Poster: https://image.tmdb.org/t/p/original/5ilTY9c4NhdZKrVElwTw50fN0FP.jpg
[2022-10-11 09:26:48,194] [util.py:150]               [DEBUG]    | 1 background found:
[2022-10-11 09:26:48,194] [util.py:152]               [DEBUG]    | Method: tmdb_collection_details Background: https://image.tmdb.org/t/p/original/3KL8UNKFWgIKXzLHjwY0uwgjzYl.jpg
[2022-10-11 09:26:48,229] [library.py:170]            [INFO]     | Detail: tmdb_collection_details updated poster to [URL] https://image.tmdb.org/t/p/original/5ilTY9c4NhdZKrVElwTw50fN0FP.jpg
[2022-10-11 09:26:48,304] [library.py:186]            [INFO]     | Detail: tmdb_collection_details updated background to [URL] https://image.tmdb.org/t/p/original/3KL8UNKFWgIKXzLHjwY0uwgjzYl.jpg
[2022-10-11 09:26:48,804] [plex_meta_manager.py:708]  [INFO]     | 
[2022-10-11 09:26:48,805] [plex_meta_manager.py:709]  [INFO]     |====================================================================================================|
[2022-10-11 09:26:48,805] [plex_meta_manager.py:709]  [INFO]     |                                      Finished Thor Collection                                      |
[2022-10-11 09:26:48,805] [plex_meta_manager.py:709]  [INFO]     |                                    Collection Run Time: 0:00:04                                    |
[2022-10-11 09:26:48,805] [plex_meta_manager.py:709]  [INFO]     |====================================================================================================|
