[2022-10-11 11:19:23,518] [builder.py:200]            [INFO]     |====================================================================================================|
[2022-10-11 11:19:23,518] [builder.py:200]            [INFO]     |                          Serial (Bad) Weddings Collection in Z. 1 - Films                          |
[2022-10-11 11:19:23,518] [builder.py:200]            [INFO]     |====================================================================================================|
[2022-10-11 11:19:23,518] [builder.py:201]            [INFO]     |                                                                                                    |
[2022-10-11 11:19:23,518] [builder.py:206]            [INFO]     |================================ Building Definition From Templates ================================|
[2022-10-11 11:19:23,519] [builder.py:222]            [DEBUG]    |                                                                                                    |
[2022-10-11 11:19:23,519] [meta.py:128]               [DEBUG]    | Template my_template                                                                               |
[2022-10-11 11:19:23,519] [meta.py:129]               [DEBUG]    | Call: {'value': ['579870'], 'tmdb_collection': ['579870'], 'key_name': 'Serial (Bad) Weddings', 'key': '579870', 'name': 'my_template'} |
[2022-10-11 11:19:23,519] [meta.py:304]               [DEBUG]    |                                                                                                    |
[2022-10-11 11:19:23,519] [meta.py:305]               [DEBUG]    | Variables: {'value': ['579870'], 'tmdb_collection': ['579870'], 'key_name': 'Serial (Bad) Weddings', 'key': '579870', 'name': 'my_template', 'collection_name': 'Serial (Bad) Weddings', 'mapping_name': 'Serial (Bad) Weddings', 'library_type': 'movie', 'library_name': 'Z. 1 - Films', 'value_encoded': '%5B%27579870%27%5D', 'tmdb_collection_encoded': '%5B%27579870%27%5D', 'key_name_encoded': 'Serial%20%28Bad%29%20Weddings', 'key_encoded': '579870', 'name_encoded': 'my_template', 'collection_name_encoded': 'Serial%20%28Bad%29%20Weddings', 'mapping_name_encoded': 'Serial%20%28Bad%29%20Weddings', 'library_type_encoded': 'movie', 'library_name_encoded': 'Z.%201%20-%20Films', 'collection_sort': 'Serial (Bad) Weddings'} |
[2022-10-11 11:19:23,520] [meta.py:306]               [DEBUG]    |                                                                                                    |
[2022-10-11 11:19:23,520] [meta.py:307]               [DEBUG]    | Defaults: {}                                                                                       |
[2022-10-11 11:19:23,520] [meta.py:308]               [DEBUG]    |                                                                                                    |
[2022-10-11 11:19:23,520] [meta.py:309]               [DEBUG]    | Optional: ['my_collection_poster', 'my_collection_poster_encoded']                                 |
[2022-10-11 11:19:23,521] [meta.py:370]               [DEBUG]    |                                                                                                    |
[2022-10-11 11:19:23,521] [meta.py:371]               [DEBUG]    | Final Template Attributes: {'tmdb_collection_details': ['579870'], 'collection_order': 'release', 'collection_mode': 'hide_items', 'sort_title': '+C1_Serial (Bad) Weddings'} |
[2022-10-11 11:19:23,521] [meta.py:372]               [DEBUG]    |                                                                                                    |
[2022-10-11 11:19:23,521] [builder.py:230]            [INFO]     |=========================== Validating Serial (Bad) Weddings Attributes ============================|
[2022-10-11 11:19:23,521] [builder.py:620]            [DEBUG]    |                                                                                                    |
[2022-10-11 11:19:23,522] [builder.py:621]            [DEBUG]    | Validating Method: collection_order                                                                |
[2022-10-11 11:19:23,522] [builder.py:622]            [DEBUG]    | Value: release                                                                                     |
[2022-10-11 11:19:23,522] [builder.py:653]            [DEBUG]    |                                                                                                    |
[2022-10-11 11:19:23,522] [builder.py:657]            [DEBUG]    | Validating Method: label                                                                           |
[2022-10-11 11:19:23,522] [builder.py:658]            [DEBUG]    | Value: TMDb Collections                                                                            |
[2022-10-11 11:19:23,522] [builder.py:653]            [DEBUG]    |                                                                                                    |
[2022-10-11 11:19:23,522] [builder.py:657]            [DEBUG]    | Validating Method: tmdb_collection_details                                                         |
[2022-10-11 11:19:23,522] [builder.py:658]            [DEBUG]    | Value: ['579870']                                                                                  |
[2022-10-11 11:19:23,535] [builder.py:653]            [DEBUG]    |                                                                                                    |
[2022-10-11 11:19:23,536] [builder.py:657]            [DEBUG]    | Validating Method: collection_mode                                                                 |
[2022-10-11 11:19:23,536] [builder.py:658]            [DEBUG]    | Value: hide_items                                                                                  |
[2022-10-11 11:19:23,536] [builder.py:653]            [DEBUG]    |                                                                                                    |
[2022-10-11 11:19:23,536] [builder.py:657]            [DEBUG]    | Validating Method: sort_title                                                                      |
[2022-10-11 11:19:23,536] [builder.py:658]            [DEBUG]    | Value: +C1_Serial (Bad) Weddings                                                                   |
[2022-10-11 11:19:23,542] [plex.py:803]               [DEBUG]    |                                                                                                    |
[2022-10-11 11:19:23,542] [plex.py:806]               [DEBUG]    | Looking for: Serial (Bad) Weddings                                                                 |
[2022-10-11 11:19:23,542] [builder.py:823]            [INFO]     |                                                                                                    |
[2022-10-11 11:19:23,542] [builder.py:824]            [INFO]     | Validation Successful                                                                              |
[2022-10-11 11:19:23,543] [plex_meta_manager.py:561]  [INFO]     |                                                                                                    |
[2022-10-11 11:19:23,543] [plex_meta_manager.py:563]  [INFO]     |============================= Running Serial (Bad) Weddings Collection =============================|
[2022-10-11 11:19:23,543] [plex_meta_manager.py:575]  [INFO]     |                                                                                                    |
[2022-10-11 11:19:23,543] [plex_meta_manager.py:576]  [INFO]     | Sync Mode: append                                                                                  |
[2022-10-11 11:19:23,544] [plex_meta_manager.py:579]  [DEBUG]    |                                                                                                    |
[2022-10-11 11:19:23,544] [plex_meta_manager.py:580]  [DEBUG]    | Builder: tmdb_collection: 579870                                                                   |
[2022-10-11 11:19:23,544] [plex_meta_manager.py:581]  [INFO]     |                                                                                                    |
[2022-10-11 11:19:23,549] [tmdb.py:381]               [INFO]     | Processing TMDb Collection: (579870) Qu'est-ce qu'on a fait au Bon Dieu ? - Saga (3 Items)         |
[2022-10-11 11:19:23,549] [builder.py:1581]           [DEBUG]    |                                                                                                    |
[2022-10-11 11:19:23,549] [builder.py:1582]           [DEBUG]    | 3 IDs Found: [(262391, 'tmdb'), (505436, 'tmdb'), (714869, 'tmdb')]                                |
[2022-10-11 11:19:23,550] [builder.py:1583]           [DEBUG]    |                                                                                                    |
[2022-10-11 11:19:23,550] [builder.py:2300]           [INFO]     |                                                                                                    |
[2022-10-11 11:19:23,550] [builder.py:2301]           [INFO]     |============================ Missing Movies from Library: Z. 1 - Films =============================|
[2022-10-11 11:19:23,550] [builder.py:2302]           [INFO]     |                                                                                                    |
[2022-10-11 11:19:23,566] [builder.py:2315]           [INFO]     | Serial (Bad) Weddings Collection | ? | Serial (Bad) Weddings (2014) (TMDb: 262391)                 |
[2022-10-11 11:19:23,591] [builder.py:2315]           [INFO]     | Serial (Bad) Weddings Collection | ? | Serial (Bad) Weddings 3 (2022) (TMDb: 714869)               |
[2022-10-11 11:19:23,591] [builder.py:2320]           [INFO]     |                                                                                                    |
[2022-10-11 11:19:23,592] [builder.py:2321]           [INFO]     | 2 Movies Missing                                                                                   |
[2022-10-11 11:19:23,652] [plex_meta_manager.py:624]  [INFO]     |                                                                                                    |
[2022-10-11 11:19:23,652] [plex_meta_manager.py:625]  [INFO]     | Collection Minimum: 2 not met for Serial (Bad) Weddings Collection                                 |
[2022-10-11 11:19:23,652] [plex_meta_manager.py:708]  [INFO]     |                                                                                                    |
[2022-10-11 11:19:23,652] [plex_meta_manager.py:709]  [INFO]     |====================================================================================================|
[2022-10-11 11:19:23,652] [plex_meta_manager.py:709]  [INFO]     |                             Finished Serial (Bad) Weddings Collection                              |
[2022-10-11 11:19:23,653] [plex_meta_manager.py:709]  [INFO]     |                                    Collection Run Time: 0:00:00                                    |
[2022-10-11 11:19:23,653] [plex_meta_manager.py:709]  [INFO]     |====================================================================================================|
