[2022-10-11 09:26:02,427] [builder.py:197]            [INFO]     |====================================================================================================|
[2022-10-11 09:26:02,427] [builder.py:197]            [INFO]     |                     Star Trek: The Original Series Collection in Z. 1 - Films                      |
[2022-10-11 09:26:02,428] [builder.py:197]            [INFO]     |====================================================================================================|
[2022-10-11 09:26:02,428] [builder.py:198]            [INFO]     |                                                                                                    |
[2022-10-11 09:26:02,428] [builder.py:200]            [INFO]     | Log Folder Name: Star Trek: The Original Series is invalid using Star Trek The Original Series     |
[2022-10-11 09:26:02,428] [builder.py:201]            [INFO]     |                                                                                                    |
[2022-10-11 09:26:02,428] [builder.py:203]            [INFO]     |================================ Building Definition From Templates ================================|
[2022-10-11 09:26:02,428] [builder.py:211]            [DEBUG]    |                                                                                                    |
[2022-10-11 09:26:02,429] [meta.py:128]               [DEBUG]    | Template my_template                                                                               |
[2022-10-11 09:26:02,429] [meta.py:129]               [DEBUG]    | Call: {'value': ['151'], 'tmdb_collection': ['151'], 'key_name': 'Star Trek: The Original Series', 'key': '151', 'name': 'my_template'} |
[2022-10-11 09:26:02,429] [meta.py:304]               [DEBUG]    |                                                                                                    |
[2022-10-11 09:26:02,429] [meta.py:305]               [DEBUG]    | Variables: {'value': ['151'], 'tmdb_collection': ['151'], 'key_name': 'Star Trek: The Original Series', 'key': '151', 'name': 'my_template', 'collection_name': 'Star Trek: The Original Series', 'mapping_name': 'Star Trek: The Original Series', 'library_type': 'movie', 'library_name': 'Z. 1 - Films', 'value_encoded': '%5B%27151%27%5D', 'tmdb_collection_encoded': '%5B%27151%27%5D', 'key_name_encoded': 'Star%20Trek%3A%20The%20Original%20Series', 'key_encoded': '151', 'name_encoded': 'my_template', 'collection_name_encoded': 'Star%20Trek%3A%20The%20Original%20Series', 'mapping_name_encoded': 'Star%20Trek%3A%20The%20Original%20Series', 'library_type_encoded': 'movie', 'library_name_encoded': 'Z.%201%20-%20Films', 'collection_sort': 'Star Trek: The Original Series'} |
[2022-10-11 09:26:02,430] [meta.py:306]               [DEBUG]    |                                                                                                    |
[2022-10-11 09:26:02,430] [meta.py:307]               [DEBUG]    | Defaults: {}                                                                                       |
[2022-10-11 09:26:02,430] [meta.py:308]               [DEBUG]    |                                                                                                    |
[2022-10-11 09:26:02,430] [meta.py:309]               [DEBUG]    | Optional: ['my_collection_poster', 'my_collection_poster_encoded']                                 |
[2022-10-11 09:26:02,431] [meta.py:370]               [DEBUG]    |                                                                                                    |
[2022-10-11 09:26:02,431] [meta.py:371]               [DEBUG]    | Final Template Attributes: {'tmdb_collection_details': ['151'], 'collection_order': 'release', 'collection_mode': 'hide_items'} |
[2022-10-11 09:26:02,432] [meta.py:372]               [DEBUG]    |                                                                                                    |
[2022-10-11 09:26:02,432] [builder.py:219]            [INFO]     |======================= Validating Star Trek: The Original Series Attributes =======================|
[2022-10-11 09:26:02,432] [builder.py:609]            [DEBUG]    |                                                                                                    |
[2022-10-11 09:26:02,432] [builder.py:610]            [DEBUG]    | Validating Method: collection_order                                                                |
[2022-10-11 09:26:02,433] [builder.py:611]            [DEBUG]    | Value: release                                                                                     |
[2022-10-11 09:26:02,433] [builder.py:627]            [DEBUG]    |                                                                                                    |
[2022-10-11 09:26:02,433] [builder.py:631]            [DEBUG]    | Validating Method: label                                                                           |
[2022-10-11 09:26:02,433] [builder.py:632]            [DEBUG]    | Value: TMDb Collections                                                                            |
[2022-10-11 09:26:02,434] [builder.py:627]            [DEBUG]    |                                                                                                    |
[2022-10-11 09:26:02,434] [builder.py:631]            [DEBUG]    | Validating Method: tmdb_collection_details                                                         |
[2022-10-11 09:26:02,434] [builder.py:632]            [DEBUG]    | Value: ['151']                                                                                     |
[2022-10-11 09:26:02,450] [builder.py:627]            [DEBUG]    |                                                                                                    |
[2022-10-11 09:26:02,450] [builder.py:631]            [DEBUG]    | Validating Method: collection_mode                                                                 |
[2022-10-11 09:26:02,450] [builder.py:632]            [DEBUG]    | Value: hide_items                                                                                  |
[2022-10-11 09:26:02,457] [plex.py:790]               [DEBUG]    |                                                                                                    |
[2022-10-11 09:26:02,457] [plex.py:793]               [DEBUG]    | Looking for: Star Trek: The Original Series                                                        |
[2022-10-11 09:26:02,458] [builder.py:797]            [INFO]     |                                                                                                    |
[2022-10-11 09:26:02,458] [builder.py:798]            [INFO]     | Validation Successful                                                                              |
[2022-10-11 09:26:02,458] [plex_meta_manager.py:561]  [INFO]     |                                                                                                    |
[2022-10-11 09:26:02,458] [plex_meta_manager.py:563]  [INFO]     |======================== Running Star Trek: The Original Series Collection =========================|
[2022-10-11 09:26:02,458] [plex_meta_manager.py:575]  [INFO]     |                                                                                                    |
[2022-10-11 09:26:02,458] [plex_meta_manager.py:576]  [INFO]     | Sync Mode: append                                                                                  |
[2022-10-11 09:26:02,459] [plex_meta_manager.py:579]  [DEBUG]    |                                                                                                    |
[2022-10-11 09:26:02,459] [plex_meta_manager.py:580]  [DEBUG]    | Builder: tmdb_collection: 151                                                                      |
[2022-10-11 09:26:02,459] [plex_meta_manager.py:581]  [INFO]     |                                                                                                    |
[2022-10-11 09:26:02,465] [tmdb.py:382]               [INFO]     | Processing TMDb Collection: (151) Star Trek : La série originale - Saga (6 Items)                 |
[2022-10-11 09:26:02,465] [builder.py:1540]           [DEBUG]    |                                                                                                    |
[2022-10-11 09:26:02,465] [builder.py:1541]           [DEBUG]    | 6 IDs Found: [(152, 'tmdb'), (154, 'tmdb'), (157, 'tmdb'), (168, 'tmdb'), (172, 'tmdb'), (174, 'tmdb')] |
[2022-10-11 09:26:02,465] [builder.py:1542]           [DEBUG]    |                                                                                                    |
[2022-10-11 09:26:02,466] [builder.py:2064]           [INFO]     |                                                                                                    |
[2022-10-11 09:26:02,466] [builder.py:2065]           [INFO]     |======================= Adding to Star Trek: The Original Series Collection ========================|
[2022-10-11 09:26:02,466] [builder.py:2066]           [INFO]     |                                                                                                    |
[2022-10-11 09:26:02,466] [builder.py:2080]           [INFO]     | 1/6 | Star Trek: The Original Series Collection | + | Star Trek : Le Film (1979)                   |
[2022-10-11 09:26:02,837] [builder.py:2080]           [INFO]     | 2/6 | Star Trek: The Original Series Collection | + | Star Trek II : La Colère de Khan (1982)      |
[2022-10-11 09:26:03,124] [builder.py:2080]           [INFO]     | 3/6 | Star Trek: The Original Series Collection | + | Star Trek III : À la recherche de Spock (1984) |
[2022-10-11 09:26:03,414] [builder.py:2080]           [INFO]     | 4/6 | Star Trek: The Original Series Collection | + | Star Trek IV : Retour sur Terre (1986)       |
[2022-10-11 09:26:03,684] [builder.py:2080]           [INFO]     | 5/6 | Star Trek: The Original Series Collection | + | Star Trek V : L'Ultime Frontière (1989)      |
[2022-10-11 09:26:03,944] [builder.py:2080]           [INFO]     | 6/6 | Star Trek: The Original Series Collection | + | Star Trek VI : Terre inconnue (1991)         |
[2022-10-11 09:26:06,762] [builder.py:2100]           [INFO]     |                                                                                                    |
[2022-10-11 09:26:06,762] [builder.py:2102]           [INFO]     | 6 Movies Processed 6 Movies Added                                                                  |
[2022-10-11 09:26:06,770] [builder.py:2441]           [INFO]     |                                                                                                    |
[2022-10-11 09:26:06,770] [builder.py:2442]           [INFO]     |================== Updating Details of Star Trek: The Original Series Collection ===================|
[2022-10-11 09:26:06,770] [builder.py:2443]           [INFO]     |                                                                                                    |
[2022-10-11 09:26:06,938] [builder.py:2509]           [INFO]     | Collection Metadata Edits                                                                          |
                                                                 | Summary (tmdb_collection_details) | Star Trek : La série originale - Saga contient les six premiers films de la série originale mettant en vedette l' USS Enterprise et l'équipe de la série des années 60 du même nom.
                                                                 | Label | +TMDb Collections, +PMM
[2022-10-11 09:26:07,168] [builder.py:2513]           [INFO]     | Details: have been updated
[2022-10-11 09:26:07,168] [builder.py:2517]           [INFO]     | 
[2022-10-11 09:26:07,350] [builder.py:2529]           [INFO]     | Collection Mode | hideItems
[2022-10-11 09:26:07,351] [builder.py:2580]           [WARNING]  | Asset Warning: Unable to find asset folder: 'Star Trek The Original Series'
[2022-10-11 09:26:07,351] [util.py:150]               [DEBUG]    | 1 poster found:
[2022-10-11 09:26:07,351] [util.py:152]               [DEBUG]    | Method: tmdb_collection_details Poster: https://image.tmdb.org/t/p/original/eqWD7QHfw0JKO6FWI0mEtjzwluz.jpg
[2022-10-11 09:26:07,351] [util.py:150]               [DEBUG]    | 1 background found:
[2022-10-11 09:26:07,352] [util.py:152]               [DEBUG]    | Method: tmdb_collection_details Background: https://image.tmdb.org/t/p/original/9BQj9hq0aK6yM9Tm2NJ28jg572y.jpg
[2022-10-11 09:26:07,810] [library.py:170]            [INFO]     | Detail: tmdb_collection_details updated poster to [URL] https://image.tmdb.org/t/p/original/eqWD7QHfw0JKO6FWI0mEtjzwluz.jpg
[2022-10-11 09:26:07,850] [library.py:186]            [INFO]     | Detail: tmdb_collection_details updated background to [URL] https://image.tmdb.org/t/p/original/9BQj9hq0aK6yM9Tm2NJ28jg572y.jpg
[2022-10-11 09:26:08,081] [plex_meta_manager.py:708]  [INFO]     | 
[2022-10-11 09:26:08,081] [plex_meta_manager.py:709]  [INFO]     |====================================================================================================|
[2022-10-11 09:26:08,082] [plex_meta_manager.py:709]  [INFO]     |                         Finished Star Trek: The Original Series Collection                         |
[2022-10-11 09:26:08,082] [plex_meta_manager.py:709]  [INFO]     |                                    Collection Run Time: 0:00:05                                    |
[2022-10-11 09:26:08,082] [plex_meta_manager.py:709]  [INFO]     |====================================================================================================|
