[2022-10-11 09:20:49,099] [builder.py:197]            [INFO]     |====================================================================================================|
[2022-10-11 09:20:49,099] [builder.py:197]            [INFO]     |                               Transporter Collection in Z. 1 - Films                               |
[2022-10-11 09:20:49,100] [builder.py:197]            [INFO]     |====================================================================================================|
[2022-10-11 09:20:49,100] [builder.py:198]            [INFO]     |                                                                                                    |
[2022-10-11 09:20:49,100] [builder.py:203]            [INFO]     |================================ Building Definition From Templates ================================|
[2022-10-11 09:20:49,100] [builder.py:211]            [DEBUG]    |                                                                                                    |
[2022-10-11 09:20:49,101] [meta.py:128]               [DEBUG]    | Template my_template                                                                               |
[2022-10-11 09:20:49,101] [meta.py:129]               [DEBUG]    | Call: {'value': ['9518'], 'tmdb_collection': ['9518'], 'key_name': 'Transporter', 'key': '9518', 'name': 'my_template'} |
[2022-10-11 09:20:49,101] [meta.py:304]               [DEBUG]    |                                                                                                    |
[2022-10-11 09:20:49,101] [meta.py:305]               [DEBUG]    | Variables: {'value': ['9518'], 'tmdb_collection': ['9518'], 'key_name': 'Transporter', 'key': '9518', 'name': 'my_template', 'collection_name': 'Transporter', 'mapping_name': 'Transporter', 'library_type': 'movie', 'library_name': 'Z. 1 - Films', 'value_encoded': '%5B%279518%27%5D', 'tmdb_collection_encoded': '%5B%279518%27%5D', 'key_name_encoded': 'Transporter', 'key_encoded': '9518', 'name_encoded': 'my_template', 'collection_name_encoded': 'Transporter', 'mapping_name_encoded': 'Transporter', 'library_type_encoded': 'movie', 'library_name_encoded': 'Z.%201%20-%20Films', 'collection_sort': 'Transporter'} |
[2022-10-11 09:20:49,102] [meta.py:306]               [DEBUG]    |                                                                                                    |
[2022-10-11 09:20:49,102] [meta.py:307]               [DEBUG]    | Defaults: {}                                                                                       |
[2022-10-11 09:20:49,102] [meta.py:308]               [DEBUG]    |                                                                                                    |
[2022-10-11 09:20:49,102] [meta.py:309]               [DEBUG]    | Optional: ['my_collection_poster', 'my_collection_poster_encoded']                                 |
[2022-10-11 09:20:49,103] [meta.py:370]               [DEBUG]    |                                                                                                    |
[2022-10-11 09:20:49,103] [meta.py:371]               [DEBUG]    | Final Template Attributes: {'tmdb_collection_details': ['9518'], 'collection_order': 'release', 'collection_mode': 'hide_items'} |
[2022-10-11 09:20:49,104] [meta.py:372]               [DEBUG]    |                                                                                                    |
[2022-10-11 09:20:49,104] [builder.py:219]            [INFO]     |================================ Validating Transporter Attributes =================================|
[2022-10-11 09:20:49,104] [builder.py:609]            [DEBUG]    |                                                                                                    |
[2022-10-11 09:20:49,104] [builder.py:610]            [DEBUG]    | Validating Method: collection_order                                                                |
[2022-10-11 09:20:49,105] [builder.py:611]            [DEBUG]    | Value: release                                                                                     |
[2022-10-11 09:20:49,105] [builder.py:627]            [DEBUG]    |                                                                                                    |
[2022-10-11 09:20:49,105] [builder.py:631]            [DEBUG]    | Validating Method: label                                                                           |
[2022-10-11 09:20:49,105] [builder.py:632]            [DEBUG]    | Value: TMDb Collections                                                                            |
[2022-10-11 09:20:49,105] [builder.py:627]            [DEBUG]    |                                                                                                    |
[2022-10-11 09:20:49,106] [builder.py:631]            [DEBUG]    | Validating Method: tmdb_collection_details                                                         |
[2022-10-11 09:20:49,106] [builder.py:632]            [DEBUG]    | Value: ['9518']                                                                                    |
[2022-10-11 09:20:49,120] [builder.py:627]            [DEBUG]    |                                                                                                    |
[2022-10-11 09:20:49,120] [builder.py:631]            [DEBUG]    | Validating Method: collection_mode                                                                 |
[2022-10-11 09:20:49,121] [builder.py:632]            [DEBUG]    | Value: hide_items                                                                                  |
[2022-10-11 09:20:49,127] [plex.py:790]               [DEBUG]    |                                                                                                    |
[2022-10-11 09:20:49,127] [plex.py:793]               [DEBUG]    | Looking for: Transporter                                                                           |
[2022-10-11 09:20:49,128] [builder.py:797]            [INFO]     |                                                                                                    |
[2022-10-11 09:20:49,128] [builder.py:798]            [INFO]     | Validation Successful                                                                              |
[2022-10-11 09:20:49,128] [plex_meta_manager.py:561]  [INFO]     |                                                                                                    |
[2022-10-11 09:20:49,128] [plex_meta_manager.py:563]  [INFO]     |================================== Running Transporter Collection ==================================|
[2022-10-11 09:20:49,128] [plex_meta_manager.py:575]  [INFO]     |                                                                                                    |
[2022-10-11 09:20:49,128] [plex_meta_manager.py:576]  [INFO]     | Sync Mode: append                                                                                  |
[2022-10-11 09:20:49,129] [plex_meta_manager.py:579]  [DEBUG]    |                                                                                                    |
[2022-10-11 09:20:49,129] [plex_meta_manager.py:580]  [DEBUG]    | Builder: tmdb_collection: 9518                                                                     |
[2022-10-11 09:20:49,129] [plex_meta_manager.py:581]  [INFO]     |                                                                                                    |
[2022-10-11 09:20:49,134] [tmdb.py:382]               [INFO]     | Processing TMDb Collection: (9518) Le Transporteur - Saga (4 Items)                                |
[2022-10-11 09:20:49,134] [builder.py:1540]           [DEBUG]    |                                                                                                    |
[2022-10-11 09:20:49,134] [builder.py:1541]           [DEBUG]    | 4 IDs Found: [(4108, 'tmdb'), (13387, 'tmdb'), (9335, 'tmdb'), (287948, 'tmdb')]                   |
[2022-10-11 09:20:49,134] [builder.py:1542]           [DEBUG]    |                                                                                                    |
[2022-10-11 09:20:49,134] [builder.py:2064]           [INFO]     |                                                                                                    |
[2022-10-11 09:20:49,135] [builder.py:2065]           [INFO]     |================================= Adding to Transporter Collection =================================|
[2022-10-11 09:20:49,135] [builder.py:2066]           [INFO]     |                                                                                                    |
[2022-10-11 09:20:49,135] [builder.py:2080]           [INFO]     | 1/4 | Transporter Collection | + | Le Transporteur (2002)                                          |
[2022-10-11 09:20:49,186] [builder.py:2080]           [INFO]     | 2/4 | Transporter Collection | + | Le Transporteur 3 (2008)                                        |
[2022-10-11 09:20:49,439] [builder.py:2080]           [INFO]     | 3/4 | Transporter Collection | + | Le Transporteur 2 (2005)                                        |
[2022-10-11 09:20:49,721] [builder.py:2080]           [INFO]     | 4/4 | Transporter Collection | + | Le Transporteur: Héritage (2015)                                |
[2022-10-11 09:20:52,426] [builder.py:2100]           [INFO]     |                                                                                                    |
[2022-10-11 09:20:52,426] [builder.py:2102]           [INFO]     | 4 Movies Processed 4 Movies Added                                                                  |
[2022-10-11 09:20:52,432] [builder.py:2441]           [INFO]     |                                                                                                    |
[2022-10-11 09:20:52,432] [builder.py:2442]           [INFO]     |============================ Updating Details of Transporter Collection ============================|
[2022-10-11 09:20:52,433] [builder.py:2443]           [INFO]     |                                                                                                    |
[2022-10-11 09:20:52,606] [builder.py:2509]           [INFO]     | Collection Metadata Edits                                                                          |
                                                                 | Summary (tmdb_collection_details) | Suivez les exploits de Frank Martin, un coursier freelance professionnel qui livre des colis sans poser de questions.
                                                                 | Label | +TMDb Collections, +PMM
[2022-10-11 09:20:52,813] [builder.py:2513]           [INFO]     | Details: have been updated
[2022-10-11 09:20:52,813] [builder.py:2517]           [INFO]     | 
[2022-10-11 09:20:52,991] [builder.py:2529]           [INFO]     | Collection Mode | hideItems
[2022-10-11 09:20:52,992] [builder.py:2580]           [WARNING]  | Asset Warning: Unable to find asset folder: 'Transporter'
[2022-10-11 09:20:52,992] [util.py:150]               [DEBUG]    | 1 poster found:
[2022-10-11 09:20:52,992] [util.py:152]               [DEBUG]    | Method: tmdb_collection_details Poster: https://image.tmdb.org/t/p/original/8hRJlzbK0KYPCEmIPvQoKctIAwc.jpg
[2022-10-11 09:20:52,992] [util.py:150]               [DEBUG]    | 1 background found:
[2022-10-11 09:20:52,993] [util.py:152]               [DEBUG]    | Method: tmdb_collection_details Background: https://image.tmdb.org/t/p/original/qDuTIGAEbxF3jP9zNILLAoxNLpU.jpg
[2022-10-11 09:20:53,018] [library.py:170]            [INFO]     | Detail: tmdb_collection_details updated poster to [URL] https://image.tmdb.org/t/p/original/8hRJlzbK0KYPCEmIPvQoKctIAwc.jpg
[2022-10-11 09:20:53,042] [library.py:186]            [INFO]     | Detail: tmdb_collection_details updated background to [URL] https://image.tmdb.org/t/p/original/qDuTIGAEbxF3jP9zNILLAoxNLpU.jpg
[2022-10-11 09:20:53,280] [plex_meta_manager.py:708]  [INFO]     | 
[2022-10-11 09:20:53,280] [plex_meta_manager.py:709]  [INFO]     |====================================================================================================|
[2022-10-11 09:20:53,281] [plex_meta_manager.py:709]  [INFO]     |                                  Finished Transporter Collection                                   |
[2022-10-11 09:20:53,281] [plex_meta_manager.py:709]  [INFO]     |                                    Collection Run Time: 0:00:04                                    |
[2022-10-11 09:20:53,281] [plex_meta_manager.py:709]  [INFO]     |====================================================================================================|
