[2022-10-11 09:26:38,966] [builder.py:197]            [INFO]     |====================================================================================================|
[2022-10-11 09:26:38,966] [builder.py:197]            [INFO]     |                               Terminator Collection in Z. 1 - Films                                |
[2022-10-11 09:26:38,966] [builder.py:197]            [INFO]     |====================================================================================================|
[2022-10-11 09:26:38,967] [builder.py:198]            [INFO]     |                                                                                                    |
[2022-10-11 09:26:38,967] [builder.py:203]            [INFO]     |================================ Building Definition From Templates ================================|
[2022-10-11 09:26:38,967] [builder.py:211]            [DEBUG]    |                                                                                                    |
[2022-10-11 09:26:38,967] [meta.py:128]               [DEBUG]    | Template my_template                                                                               |
[2022-10-11 09:26:38,967] [meta.py:129]               [DEBUG]    | Call: {'value': ['528'], 'tmdb_collection': ['528'], 'key_name': 'Terminator', 'key': '528', 'name': 'my_template'} |
[2022-10-11 09:26:38,968] [meta.py:304]               [DEBUG]    |                                                                                                    |
[2022-10-11 09:26:38,968] [meta.py:305]               [DEBUG]    | Variables: {'value': ['528'], 'tmdb_collection': ['528'], 'key_name': 'Terminator', 'key': '528', 'name': 'my_template', 'collection_name': 'Terminator', 'mapping_name': 'Terminator', 'library_type': 'movie', 'library_name': 'Z. 1 - Films', 'value_encoded': '%5B%27528%27%5D', 'tmdb_collection_encoded': '%5B%27528%27%5D', 'key_name_encoded': 'Terminator', 'key_encoded': '528', 'name_encoded': 'my_template', 'collection_name_encoded': 'Terminator', 'mapping_name_encoded': 'Terminator', 'library_type_encoded': 'movie', 'library_name_encoded': 'Z.%201%20-%20Films', 'collection_sort': 'Terminator'} |
[2022-10-11 09:26:38,968] [meta.py:306]               [DEBUG]    |                                                                                                    |
[2022-10-11 09:26:38,968] [meta.py:307]               [DEBUG]    | Defaults: {}                                                                                       |
[2022-10-11 09:26:38,968] [meta.py:308]               [DEBUG]    |                                                                                                    |
[2022-10-11 09:26:38,968] [meta.py:309]               [DEBUG]    | Optional: ['my_collection_poster', 'my_collection_poster_encoded']                                 |
[2022-10-11 09:26:38,969] [meta.py:370]               [DEBUG]    |                                                                                                    |
[2022-10-11 09:26:38,969] [meta.py:371]               [DEBUG]    | Final Template Attributes: {'tmdb_collection_details': ['528'], 'collection_order': 'release', 'collection_mode': 'hide_items'} |
[2022-10-11 09:26:38,969] [meta.py:372]               [DEBUG]    |                                                                                                    |
[2022-10-11 09:26:38,969] [builder.py:219]            [INFO]     |================================= Validating Terminator Attributes =================================|
[2022-10-11 09:26:38,970] [builder.py:609]            [DEBUG]    |                                                                                                    |
[2022-10-11 09:26:38,970] [builder.py:610]            [DEBUG]    | Validating Method: collection_order                                                                |
[2022-10-11 09:26:38,970] [builder.py:611]            [DEBUG]    | Value: release                                                                                     |
[2022-10-11 09:26:38,970] [builder.py:627]            [DEBUG]    |                                                                                                    |
[2022-10-11 09:26:38,970] [builder.py:631]            [DEBUG]    | Validating Method: label                                                                           |
[2022-10-11 09:26:38,970] [builder.py:632]            [DEBUG]    | Value: TMDb Collections                                                                            |
[2022-10-11 09:26:38,970] [builder.py:627]            [DEBUG]    |                                                                                                    |
[2022-10-11 09:26:38,970] [builder.py:631]            [DEBUG]    | Validating Method: tmdb_collection_details                                                         |
[2022-10-11 09:26:38,971] [builder.py:632]            [DEBUG]    | Value: ['528']                                                                                     |
[2022-10-11 09:26:38,985] [builder.py:627]            [DEBUG]    |                                                                                                    |
[2022-10-11 09:26:38,985] [builder.py:631]            [DEBUG]    | Validating Method: collection_mode                                                                 |
[2022-10-11 09:26:38,986] [builder.py:632]            [DEBUG]    | Value: hide_items                                                                                  |
[2022-10-11 09:26:38,991] [plex.py:790]               [DEBUG]    |                                                                                                    |
[2022-10-11 09:26:38,991] [plex.py:793]               [DEBUG]    | Looking for: Terminator                                                                            |
[2022-10-11 09:26:38,991] [builder.py:797]            [INFO]     |                                                                                                    |
[2022-10-11 09:26:38,992] [builder.py:798]            [INFO]     | Validation Successful                                                                              |
[2022-10-11 09:26:38,992] [plex_meta_manager.py:561]  [INFO]     |                                                                                                    |
[2022-10-11 09:26:38,992] [plex_meta_manager.py:563]  [INFO]     |================================== Running Terminator Collection ===================================|
[2022-10-11 09:26:38,992] [plex_meta_manager.py:575]  [INFO]     |                                                                                                    |
[2022-10-11 09:26:38,993] [plex_meta_manager.py:576]  [INFO]     | Sync Mode: append                                                                                  |
[2022-10-11 09:26:38,993] [plex_meta_manager.py:579]  [DEBUG]    |                                                                                                    |
[2022-10-11 09:26:38,993] [plex_meta_manager.py:580]  [DEBUG]    | Builder: tmdb_collection: 528                                                                      |
[2022-10-11 09:26:38,993] [plex_meta_manager.py:581]  [INFO]     |                                                                                                    |
[2022-10-11 09:26:39,000] [tmdb.py:382]               [INFO]     | Processing TMDb Collection: (528) Terminator - Saga (6 Items)                                      |
[2022-10-11 09:26:39,000] [builder.py:1540]           [DEBUG]    |                                                                                                    |
[2022-10-11 09:26:39,000] [builder.py:1541]           [DEBUG]    | 6 IDs Found: [(218, 'tmdb'), (280, 'tmdb'), (296, 'tmdb'), (534, 'tmdb'), (87101, 'tmdb'), (290859, 'tmdb')] |
[2022-10-11 09:26:39,001] [builder.py:1542]           [DEBUG]    |                                                                                                    |
[2022-10-11 09:26:39,001] [builder.py:2064]           [INFO]     |                                                                                                    |
[2022-10-11 09:26:39,001] [builder.py:2065]           [INFO]     |================================= Adding to Terminator Collection ==================================|
[2022-10-11 09:26:39,001] [builder.py:2066]           [INFO]     |                                                                                                    |
[2022-10-11 09:26:39,002] [builder.py:2080]           [INFO]     | 1/6 | Terminator Collection | + | Terminator (1984)                                                |
[2022-10-11 09:26:39,064] [builder.py:2080]           [INFO]     | 2/6 | Terminator Collection | + | Terminator 2 : Le Jugement dernier (1991)                        |
[2022-10-11 09:26:39,373] [builder.py:2080]           [INFO]     | 3/6 | Terminator Collection | + | Terminator 3 : Le Soulèvement des machines (2003)                |
[2022-10-11 09:26:39,685] [builder.py:2080]           [INFO]     | 4/6 | Terminator Collection | + | Terminator Renaissance (2009)                                    |
[2022-10-11 09:26:40,017] [builder.py:2080]           [INFO]     | 5/6 | Terminator Collection | + | Terminator Genisys (2015)                                        |
[2022-10-11 09:26:40,301] [builder.py:2080]           [INFO]     | 6/6 | Terminator Collection | + | Terminator : Dark Fate (2019)                                    |
[2022-10-11 09:26:43,131] [builder.py:2100]           [INFO]     |                                                                                                    |
[2022-10-11 09:26:43,132] [builder.py:2102]           [INFO]     | 6 Movies Processed 6 Movies Added                                                                  |
[2022-10-11 09:26:43,138] [builder.py:2441]           [INFO]     |                                                                                                    |
[2022-10-11 09:26:43,139] [builder.py:2442]           [INFO]     |============================ Updating Details of Terminator Collection =============================|
[2022-10-11 09:26:43,139] [builder.py:2443]           [INFO]     |                                                                                                    |
[2022-10-11 09:26:43,304] [builder.py:2509]           [INFO]     | Collection Metadata Edits                                                                          |
                                                                 | Summary (tmdb_collection_details) | La saga des films Terminator.
                                                                 | Label | +TMDb Collections, +PMM
[2022-10-11 09:26:43,523] [builder.py:2513]           [INFO]     | Details: have been updated
[2022-10-11 09:26:43,524] [builder.py:2517]           [INFO]     | 
[2022-10-11 09:26:43,704] [builder.py:2529]           [INFO]     | Collection Mode | hideItems
[2022-10-11 09:26:43,704] [builder.py:2580]           [WARNING]  | Asset Warning: Unable to find asset folder: 'Terminator'
[2022-10-11 09:26:43,705] [util.py:150]               [DEBUG]    | 1 poster found:
[2022-10-11 09:26:43,705] [util.py:152]               [DEBUG]    | Method: tmdb_collection_details Poster: https://image.tmdb.org/t/p/original/kpZxdNsAV7qTdTLwKM5NLqa7GEo.jpg
[2022-10-11 09:26:43,705] [util.py:150]               [DEBUG]    | 1 background found:
[2022-10-11 09:26:43,705] [util.py:152]               [DEBUG]    | Method: tmdb_collection_details Background: https://image.tmdb.org/t/p/original/cpmbkwSxZnKO69V82A9a34tvk2E.jpg
[2022-10-11 09:26:43,794] [library.py:170]            [INFO]     | Detail: tmdb_collection_details updated poster to [URL] https://image.tmdb.org/t/p/original/kpZxdNsAV7qTdTLwKM5NLqa7GEo.jpg
[2022-10-11 09:26:43,815] [library.py:186]            [INFO]     | Detail: tmdb_collection_details updated background to [URL] https://image.tmdb.org/t/p/original/cpmbkwSxZnKO69V82A9a34tvk2E.jpg
[2022-10-11 09:26:44,079] [plex_meta_manager.py:708]  [INFO]     | 
[2022-10-11 09:26:44,079] [plex_meta_manager.py:709]  [INFO]     |====================================================================================================|
[2022-10-11 09:26:44,079] [plex_meta_manager.py:709]  [INFO]     |                                   Finished Terminator Collection                                   |
[2022-10-11 09:26:44,079] [plex_meta_manager.py:709]  [INFO]     |                                    Collection Run Time: 0:00:05                                    |
[2022-10-11 09:26:44,080] [plex_meta_manager.py:709]  [INFO]     |====================================================================================================|
