[2022-10-11 11:00:12,891] [builder.py:197]            [INFO]     |====================================================================================================|
[2022-10-11 11:00:12,891] [builder.py:197]            [INFO]     |                                  Alien Collection in Z. 1 - Films                                  |
[2022-10-11 11:00:12,891] [builder.py:197]            [INFO]     |====================================================================================================|
[2022-10-11 11:00:12,891] [builder.py:198]            [INFO]     |                                                                                                    |
[2022-10-11 11:00:12,892] [builder.py:203]            [INFO]     |================================ Building Definition From Templates ================================|
[2022-10-11 11:00:12,892] [builder.py:211]            [DEBUG]    |                                                                                                    |
[2022-10-11 11:00:12,892] [meta.py:128]               [DEBUG]    | Template my_template                                                                               |
[2022-10-11 11:00:12,892] [meta.py:129]               [DEBUG]    | Call: {'value': ['8091'], 'tmdb_collection': ['8091'], 'key_name': 'Alien', 'key': '8091', 'name': 'my_template'} |
[2022-10-11 11:00:12,892] [meta.py:304]               [DEBUG]    |                                                                                                    |
[2022-10-11 11:00:12,893] [meta.py:305]               [DEBUG]    | Variables: {'value': ['8091'], 'tmdb_collection': ['8091'], 'key_name': 'Alien', 'key': '8091', 'name': 'my_template', 'collection_name': 'Alien', 'mapping_name': 'Alien', 'library_type': 'movie', 'library_name': 'Z. 1 - Films', 'value_encoded': '%5B%278091%27%5D', 'tmdb_collection_encoded': '%5B%278091%27%5D', 'key_name_encoded': 'Alien', 'key_encoded': '8091', 'name_encoded': 'my_template', 'collection_name_encoded': 'Alien', 'mapping_name_encoded': 'Alien', 'library_type_encoded': 'movie', 'library_name_encoded': 'Z.%201%20-%20Films', 'collection_sort': 'Alien'} |
[2022-10-11 11:00:12,893] [meta.py:306]               [DEBUG]    |                                                                                                    |
[2022-10-11 11:00:12,893] [meta.py:307]               [DEBUG]    | Defaults: {}                                                                                       |
[2022-10-11 11:00:12,893] [meta.py:308]               [DEBUG]    |                                                                                                    |
[2022-10-11 11:00:12,893] [meta.py:309]               [DEBUG]    | Optional: ['my_collection_poster', 'my_collection_poster_encoded']                                 |
[2022-10-11 11:00:12,894] [meta.py:370]               [DEBUG]    |                                                                                                    |
[2022-10-11 11:00:12,894] [meta.py:371]               [DEBUG]    | Final Template Attributes: {'tmdb_collection_details': ['8091'], 'collection_order': 'release', 'collection_mode': 'hide_items', 'sort_title': '+C1_Alien'} |
[2022-10-11 11:00:12,894] [meta.py:372]               [DEBUG]    |                                                                                                    |
[2022-10-11 11:00:12,895] [builder.py:219]            [INFO]     |=================================== Validating Alien Attributes ====================================|
[2022-10-11 11:00:12,895] [builder.py:609]            [DEBUG]    |                                                                                                    |
[2022-10-11 11:00:12,895] [builder.py:610]            [DEBUG]    | Validating Method: collection_order                                                                |
[2022-10-11 11:00:12,895] [builder.py:611]            [DEBUG]    | Value: release                                                                                     |
[2022-10-11 11:00:12,895] [builder.py:627]            [DEBUG]    |                                                                                                    |
[2022-10-11 11:00:12,895] [builder.py:631]            [DEBUG]    | Validating Method: label                                                                           |
[2022-10-11 11:00:12,896] [builder.py:632]            [DEBUG]    | Value: TMDb Collections                                                                            |
[2022-10-11 11:00:12,896] [builder.py:627]            [DEBUG]    |                                                                                                    |
[2022-10-11 11:00:12,896] [builder.py:631]            [DEBUG]    | Validating Method: tmdb_collection_details                                                         |
[2022-10-11 11:00:12,896] [builder.py:632]            [DEBUG]    | Value: ['8091']                                                                                    |
[2022-10-11 11:00:12,920] [builder.py:627]            [DEBUG]    |                                                                                                    |
[2022-10-11 11:00:12,920] [builder.py:631]            [DEBUG]    | Validating Method: collection_mode                                                                 |
[2022-10-11 11:00:12,921] [builder.py:632]            [DEBUG]    | Value: hide_items                                                                                  |
[2022-10-11 11:00:12,921] [builder.py:627]            [DEBUG]    |                                                                                                    |
[2022-10-11 11:00:12,921] [builder.py:631]            [DEBUG]    | Validating Method: sort_title                                                                      |
[2022-10-11 11:00:12,921] [builder.py:632]            [DEBUG]    | Value: +C1_Alien                                                                                   |
[2022-10-11 11:00:13,122] [builder.py:797]            [INFO]     |                                                                                                    |
[2022-10-11 11:00:13,123] [builder.py:798]            [INFO]     | Validation Successful                                                                              |
[2022-10-11 11:00:13,123] [plex_meta_manager.py:561]  [INFO]     |                                                                                                    |
[2022-10-11 11:00:13,123] [plex_meta_manager.py:563]  [INFO]     |===================================== Running Alien Collection =====================================|
[2022-10-11 11:00:13,123] [plex_meta_manager.py:575]  [INFO]     |                                                                                                    |
[2022-10-11 11:00:13,124] [plex_meta_manager.py:576]  [INFO]     | Sync Mode: append                                                                                  |
[2022-10-11 11:00:13,124] [plex_meta_manager.py:579]  [DEBUG]    |                                                                                                    |
[2022-10-11 11:00:13,124] [plex_meta_manager.py:580]  [DEBUG]    | Builder: tmdb_collection: 8091                                                                     |
[2022-10-11 11:00:13,124] [plex_meta_manager.py:581]  [INFO]     |                                                                                                    |
[2022-10-11 11:00:13,129] [tmdb.py:382]               [INFO]     | Processing TMDb Collection: (8091) Alien - Saga (4 Items)                                          |
[2022-10-11 11:00:13,130] [builder.py:1540]           [DEBUG]    |                                                                                                    |
[2022-10-11 11:00:13,130] [builder.py:1541]           [DEBUG]    | 4 IDs Found: [(348, 'tmdb'), (679, 'tmdb'), (8077, 'tmdb'), (8078, 'tmdb')]                        |
[2022-10-11 11:00:13,130] [builder.py:1542]           [DEBUG]    |                                                                                                    |
[2022-10-11 11:00:13,130] [builder.py:2064]           [INFO]     |                                                                                                    |
[2022-10-11 11:00:13,131] [builder.py:2065]           [INFO]     |==================================== Adding to Alien Collection ====================================|
[2022-10-11 11:00:13,131] [builder.py:2066]           [INFO]     |                                                                                                    |
[2022-10-11 11:00:13,131] [builder.py:2080]           [INFO]     | 1/4 | Alien Collection | = | Alien I : Le huitième passager (1979)                                 |
[2022-10-11 11:00:13,131] [builder.py:2080]           [INFO]     | 2/4 | Alien Collection | = | Alien II : Le retour (1986)                                           |
[2022-10-11 11:00:13,132] [builder.py:2080]           [INFO]     | 3/4 | Alien Collection | = | Alien III (1992)                                                      |
[2022-10-11 11:00:13,132] [builder.py:2080]           [INFO]     | 4/4 | Alien Collection | = | Alien: La résurrection (1997)                                         |
[2022-10-11 11:00:13,132] [builder.py:2100]           [INFO]     |                                                                                                    |
[2022-10-11 11:00:13,132] [builder.py:2102]           [INFO]     | 4 Movies Processed 0 Movies Added                                                                  |
[2022-10-11 11:00:13,139] [builder.py:2441]           [INFO]     |                                                                                                    |
[2022-10-11 11:00:13,140] [builder.py:2442]           [INFO]     |=============================== Updating Details of Alien Collection ===============================|
[2022-10-11 11:00:13,140] [builder.py:2443]           [INFO]     |                                                                                                    |
[2022-10-11 11:00:13,148] [builder.py:2509]           [INFO]     | Collection Metadata Edits                                                                          |
                                                                 | Sort Title | +C1_Alien
[2022-10-11 11:00:13,316] [builder.py:2513]           [INFO]     | Details: have been updated
[2022-10-11 11:00:13,317] [builder.py:2517]           [INFO]     | 
[2022-10-11 11:00:13,317] [builder.py:2580]           [WARNING]  | Asset Warning: Unable to find asset folder: 'Alien'
[2022-10-11 11:00:13,317] [util.py:150]               [DEBUG]    | 1 poster found:
[2022-10-11 11:00:13,318] [util.py:152]               [DEBUG]    | Method: tmdb_collection_details Poster: https://image.tmdb.org/t/p/original/vLMHLOPDQqxRCrpwbs4I731SFQ0.jpg
[2022-10-11 11:00:13,318] [util.py:150]               [DEBUG]    | 1 background found:
[2022-10-11 11:00:13,318] [util.py:152]               [DEBUG]    | Method: tmdb_collection_details Background: https://image.tmdb.org/t/p/original/kB0Y3uGe9ohJa59Lk8UO9cUOxGM.jpg
[2022-10-11 11:00:13,319] [library.py:172]            [INFO]     | Detail: poster update not needed
[2022-10-11 11:00:13,320] [library.py:188]            [INFO]     | Detail: background update not needed
[2022-10-11 11:00:13,519] [plex_meta_manager.py:708]  [INFO]     | 
[2022-10-11 11:00:13,519] [plex_meta_manager.py:709]  [INFO]     |====================================================================================================|
[2022-10-11 11:00:13,520] [plex_meta_manager.py:709]  [INFO]     |                                     Finished Alien Collection                                      |
[2022-10-11 11:00:13,520] [plex_meta_manager.py:709]  [INFO]     |                                    Collection Run Time: 0:00:00                                    |
[2022-10-11 11:00:13,520] [plex_meta_manager.py:709]  [INFO]     |====================================================================================================|
