[2022-10-11 11:18:36,510] [builder.py:200]            [INFO]     |====================================================================================================|
[2022-10-11 11:18:36,510] [builder.py:200]            [INFO]     |                                Conjuring Collection in Z. 1 - Films                                |
[2022-10-11 11:18:36,510] [builder.py:200]            [INFO]     |====================================================================================================|
[2022-10-11 11:18:36,511] [builder.py:201]            [INFO]     |                                                                                                    |
[2022-10-11 11:18:36,511] [builder.py:206]            [INFO]     |================================ Building Definition From Templates ================================|
[2022-10-11 11:18:36,511] [builder.py:222]            [DEBUG]    |                                                                                                    |
[2022-10-11 11:18:36,511] [meta.py:128]               [DEBUG]    | Template my_template                                                                               |
[2022-10-11 11:18:36,511] [meta.py:129]               [DEBUG]    | Call: {'value': ['313086'], 'tmdb_collection': ['313086'], 'key_name': 'Conjuring', 'key': '313086', 'name': 'my_template'} |
[2022-10-11 11:18:36,511] [meta.py:304]               [DEBUG]    |                                                                                                    |
[2022-10-11 11:18:36,512] [meta.py:305]               [DEBUG]    | Variables: {'value': ['313086'], 'tmdb_collection': ['313086'], 'key_name': 'Conjuring', 'key': '313086', 'name': 'my_template', 'collection_name': 'Conjuring', 'mapping_name': 'Conjuring', 'library_type': 'movie', 'library_name': 'Z. 1 - Films', 'value_encoded': '%5B%27313086%27%5D', 'tmdb_collection_encoded': '%5B%27313086%27%5D', 'key_name_encoded': 'Conjuring', 'key_encoded': '313086', 'name_encoded': 'my_template', 'collection_name_encoded': 'Conjuring', 'mapping_name_encoded': 'Conjuring', 'library_type_encoded': 'movie', 'library_name_encoded': 'Z.%201%20-%20Films', 'collection_sort': 'Conjuring'} |
[2022-10-11 11:18:36,512] [meta.py:306]               [DEBUG]    |                                                                                                    |
[2022-10-11 11:18:36,512] [meta.py:307]               [DEBUG]    | Defaults: {}                                                                                       |
[2022-10-11 11:18:36,512] [meta.py:308]               [DEBUG]    |                                                                                                    |
[2022-10-11 11:18:36,512] [meta.py:309]               [DEBUG]    | Optional: ['my_collection_poster', 'my_collection_poster_encoded']                                 |
[2022-10-11 11:18:36,513] [meta.py:370]               [DEBUG]    |                                                                                                    |
[2022-10-11 11:18:36,513] [meta.py:371]               [DEBUG]    | Final Template Attributes: {'tmdb_collection_details': ['313086'], 'collection_order': 'release', 'collection_mode': 'hide_items', 'sort_title': '+C1_Conjuring'} |
[2022-10-11 11:18:36,513] [meta.py:372]               [DEBUG]    |                                                                                                    |
[2022-10-11 11:18:36,513] [builder.py:230]            [INFO]     |================================= Validating Conjuring Attributes ==================================|
[2022-10-11 11:18:36,514] [builder.py:620]            [DEBUG]    |                                                                                                    |
[2022-10-11 11:18:36,514] [builder.py:621]            [DEBUG]    | Validating Method: collection_order                                                                |
[2022-10-11 11:18:36,514] [builder.py:622]            [DEBUG]    | Value: release                                                                                     |
[2022-10-11 11:18:36,514] [builder.py:653]            [DEBUG]    |                                                                                                    |
[2022-10-11 11:18:36,514] [builder.py:657]            [DEBUG]    | Validating Method: label                                                                           |
[2022-10-11 11:18:36,514] [builder.py:658]            [DEBUG]    | Value: TMDb Collections                                                                            |
[2022-10-11 11:18:36,514] [builder.py:653]            [DEBUG]    |                                                                                                    |
[2022-10-11 11:18:36,514] [builder.py:657]            [DEBUG]    | Validating Method: tmdb_collection_details                                                         |
[2022-10-11 11:18:36,515] [builder.py:658]            [DEBUG]    | Value: ['313086']                                                                                  |
[2022-10-11 11:18:36,526] [builder.py:653]            [DEBUG]    |                                                                                                    |
[2022-10-11 11:18:36,527] [builder.py:657]            [DEBUG]    | Validating Method: collection_mode                                                                 |
[2022-10-11 11:18:36,527] [builder.py:658]            [DEBUG]    | Value: hide_items                                                                                  |
[2022-10-11 11:18:36,527] [builder.py:653]            [DEBUG]    |                                                                                                    |
[2022-10-11 11:18:36,527] [builder.py:657]            [DEBUG]    | Validating Method: sort_title                                                                      |
[2022-10-11 11:18:36,527] [builder.py:658]            [DEBUG]    | Value: +C1_Conjuring                                                                               |
[2022-10-11 11:18:36,728] [builder.py:823]            [INFO]     |                                                                                                    |
[2022-10-11 11:18:36,728] [builder.py:824]            [INFO]     | Validation Successful                                                                              |
[2022-10-11 11:18:36,728] [plex_meta_manager.py:561]  [INFO]     |                                                                                                    |
[2022-10-11 11:18:36,729] [plex_meta_manager.py:563]  [INFO]     |=================================== Running Conjuring Collection ===================================|
[2022-10-11 11:18:36,729] [plex_meta_manager.py:575]  [INFO]     |                                                                                                    |
[2022-10-11 11:18:36,729] [plex_meta_manager.py:576]  [INFO]     | Sync Mode: append                                                                                  |
[2022-10-11 11:18:36,729] [plex_meta_manager.py:579]  [DEBUG]    |                                                                                                    |
[2022-10-11 11:18:36,729] [plex_meta_manager.py:580]  [DEBUG]    | Builder: tmdb_collection: 313086                                                                   |
[2022-10-11 11:18:36,729] [plex_meta_manager.py:581]  [INFO]     |                                                                                                    |
[2022-10-11 11:18:36,734] [tmdb.py:381]               [INFO]     | Processing TMDb Collection: (313086) Conjuring - Saga (3 Items)                                    |
[2022-10-11 11:18:36,735] [builder.py:1581]           [DEBUG]    |                                                                                                    |
[2022-10-11 11:18:36,735] [builder.py:1582]           [DEBUG]    | 3 IDs Found: [(138843, 'tmdb'), (259693, 'tmdb'), (423108, 'tmdb')]                                |
[2022-10-11 11:18:36,735] [builder.py:1583]           [DEBUG]    |                                                                                                    |
[2022-10-11 11:18:36,735] [builder.py:2132]           [INFO]     |                                                                                                    |
[2022-10-11 11:18:36,736] [builder.py:2133]           [INFO]     |================================== Adding to Conjuring Collection ==================================|
[2022-10-11 11:18:36,736] [builder.py:2134]           [INFO]     |                                                                                                    |
[2022-10-11 11:18:36,736] [builder.py:2148]           [INFO]     | 1/3 | Conjuring Collection | = | Conjuring : Les dossiers Warren (2013)                            |
[2022-10-11 11:18:36,736] [builder.py:2148]           [INFO]     | 2/3 | Conjuring Collection | = | Conjuring 2 : Le cas Enfield (2016)                               |
[2022-10-11 11:18:36,736] [builder.py:2148]           [INFO]     | 3/3 | Conjuring Collection | = | Conjuring : Sous l'emprise du Diable (2021)                       |
[2022-10-11 11:18:36,737] [builder.py:2168]           [INFO]     |                                                                                                    |
[2022-10-11 11:18:36,737] [builder.py:2170]           [INFO]     | 3 Movies Processed 0 Movies Added                                                                  |
[2022-10-11 11:18:36,745] [builder.py:2521]           [INFO]     |                                                                                                    |
[2022-10-11 11:18:36,745] [builder.py:2522]           [INFO]     |============================= Updating Details of Conjuring Collection =============================|
[2022-10-11 11:18:36,745] [builder.py:2523]           [INFO]     |                                                                                                    |
[2022-10-11 11:18:36,754] [builder.py:2589]           [INFO]     | Collection Metadata Edits                                                                          |
[2022-10-11 11:18:36,754] [builder.py:2660]           [WARNING]  | Asset Warning: Unable to find asset folder: 'Conjuring'                                            |
[2022-10-11 11:18:36,754] [util.py:171]               [DEBUG]    | 1 poster found:                                                                                    |
[2022-10-11 11:18:36,755] [util.py:173]               [DEBUG]    | Method: tmdb_collection_details Poster: https://image.tmdb.org/t/p/original/dzJBU59Hh58W4Z7rshnZjr83hGh.jpg |
[2022-10-11 11:18:36,755] [util.py:171]               [DEBUG]    | 1 background found:                                                                                |
[2022-10-11 11:18:36,755] [util.py:173]               [DEBUG]    | Method: tmdb_collection_details Background: https://image.tmdb.org/t/p/original/kHZaX0vuhZdbuq0WKU3BpA9WIQ0.jpg |
[2022-10-11 11:18:36,756] [library.py:173]            [INFO]     | Detail: poster update not needed                                                                   |
[2022-10-11 11:18:36,756] [library.py:189]            [INFO]     | Detail: background update not needed                                                               |
[2022-10-11 11:18:36,960] [plex_meta_manager.py:708]  [INFO]     |                                                                                                    |
[2022-10-11 11:18:36,960] [plex_meta_manager.py:709]  [INFO]     |====================================================================================================|
[2022-10-11 11:18:36,960] [plex_meta_manager.py:709]  [INFO]     |                                   Finished Conjuring Collection                                    |
[2022-10-11 11:18:36,960] [plex_meta_manager.py:709]  [INFO]     |                                    Collection Run Time: 0:00:00                                    |
[2022-10-11 11:18:36,961] [plex_meta_manager.py:709]  [INFO]     |====================================================================================================|
