[2022-10-08 13:05:15,623] [builder.py:197]            [INFO]     |====================================================================================================|
[2022-10-08 13:05:15,623] [builder.py:197]            [INFO]     |                               The Pirates Collection in Z. 1 - Films                               |
[2022-10-08 13:05:15,623] [builder.py:197]            [INFO]     |====================================================================================================|
[2022-10-08 13:05:15,623] [builder.py:198]            [INFO]     |                                                                                                    |
[2022-10-08 13:05:15,623] [builder.py:203]            [INFO]     |================================ Building Definition From Templates ================================|
[2022-10-08 13:05:15,623] [builder.py:211]            [DEBUG]    |                                                                                                    |
[2022-10-08 13:05:15,624] [meta.py:128]               [DEBUG]    | Template TMDb Collections                                                                          |
[2022-10-08 13:05:15,624] [meta.py:129]               [DEBUG]    | Call: {'value': ['591122'], 'tmdb_collection': ['591122'], 'key_name': 'The Pirates', 'key': '591122', 'name': 'TMDb Collections'} |
[2022-10-08 13:05:15,624] [meta.py:304]               [DEBUG]    |                                                                                                    |
[2022-10-08 13:05:15,624] [meta.py:305]               [DEBUG]    | Variables: {'value': ['591122'], 'tmdb_collection': ['591122'], 'key_name': 'The Pirates', 'key': '591122', 'name': 'TMDb Collections', 'collection_name': 'The Pirates', 'mapping_name': 'The Pirates', 'library_type': 'movie', 'library_name': 'Z. 1 - Films', 'value_encoded': '%5B%27591122%27%5D', 'tmdb_collection_encoded': '%5B%27591122%27%5D', 'key_name_encoded': 'The%20Pirates', 'key_encoded': '591122', 'name_encoded': 'TMDb%20Collections', 'collection_name_encoded': 'The%20Pirates', 'mapping_name_encoded': 'The%20Pirates', 'library_type_encoded': 'movie', 'library_name_encoded': 'Z.%201%20-%20Films', 'collection_sort': 'The Pirates'} |
[2022-10-08 13:05:15,625] [meta.py:306]               [DEBUG]    |                                                                                                    |
[2022-10-08 13:05:15,625] [meta.py:307]               [DEBUG]    | Defaults: {}                                                                                       |
[2022-10-08 13:05:15,625] [meta.py:308]               [DEBUG]    |                                                                                                    |
[2022-10-08 13:05:15,625] [meta.py:309]               [DEBUG]    | Optional: []                                                                                       |
[2022-10-08 13:05:15,626] [meta.py:370]               [DEBUG]    |                                                                                                    |
[2022-10-08 13:05:15,626] [meta.py:371]               [DEBUG]    | Final Template Attributes: {'tmdb_collection_details': ['591122'], 'minimum_items': 2}             |
[2022-10-08 13:05:15,626] [meta.py:372]               [DEBUG]    |                                                                                                    |
[2022-10-08 13:05:15,626] [builder.py:219]            [INFO]     |================================ Validating The Pirates Attributes =================================|
[2022-10-08 13:05:15,627] [builder.py:627]            [DEBUG]    |                                                                                                    |
[2022-10-08 13:05:15,627] [builder.py:631]            [DEBUG]    | Validating Method: label                                                                           |
[2022-10-08 13:05:15,627] [builder.py:632]            [DEBUG]    | Value: TMDb Collections                                                                            |
[2022-10-08 13:05:15,627] [builder.py:627]            [DEBUG]    |                                                                                                    |
[2022-10-08 13:05:15,627] [builder.py:631]            [DEBUG]    | Validating Method: tmdb_collection_details                                                         |
[2022-10-08 13:05:15,628] [builder.py:632]            [DEBUG]    | Value: ['591122']                                                                                  |
[2022-10-08 13:05:15,641] [builder.py:627]            [DEBUG]    |                                                                                                    |
[2022-10-08 13:05:15,641] [builder.py:631]            [DEBUG]    | Validating Method: minimum_items                                                                   |
[2022-10-08 13:05:15,641] [builder.py:632]            [DEBUG]    | Value: 2                                                                                           |
[2022-10-08 13:05:15,648] [plex.py:790]               [DEBUG]    |                                                                                                    |
[2022-10-08 13:05:15,648] [plex.py:793]               [DEBUG]    | Looking for: The Pirates                                                                           |
[2022-10-08 13:05:15,648] [builder.py:797]            [INFO]     |                                                                                                    |
[2022-10-08 13:05:15,648] [builder.py:798]            [INFO]     | Validation Successful                                                                              |
[2022-10-08 13:05:15,649] [plex_meta_manager.py:561]  [INFO]     |                                                                                                    |
[2022-10-08 13:05:15,649] [plex_meta_manager.py:563]  [INFO]     |================================== Running The Pirates Collection ==================================|
[2022-10-08 13:05:15,649] [plex_meta_manager.py:575]  [INFO]     |                                                                                                    |
[2022-10-08 13:05:15,649] [plex_meta_manager.py:576]  [INFO]     | Sync Mode: append                                                                                  |
[2022-10-08 13:05:15,649] [plex_meta_manager.py:579]  [DEBUG]    |                                                                                                    |
[2022-10-08 13:05:15,649] [plex_meta_manager.py:580]  [DEBUG]    | Builder: tmdb_collection: 591122                                                                   |
[2022-10-08 13:05:15,650] [plex_meta_manager.py:581]  [INFO]     |                                                                                                    |
[2022-10-08 13:05:15,687] [tmdb.py:382]               [INFO]     | Processing TMDb Collection: (591122) The Pirates Collection (2 Items)                              |
[2022-10-08 13:05:15,687] [builder.py:1540]           [DEBUG]    |                                                                                                    |
[2022-10-08 13:05:15,688] [builder.py:1541]           [DEBUG]    | 2 IDs Found: [(591120, 'tmdb'), (285213, 'tmdb')]                                                  |
[2022-10-08 13:05:15,688] [builder.py:1542]           [DEBUG]    |                                                                                                    |
[2022-10-08 13:05:15,688] [builder.py:2228]           [INFO]     |                                                                                                    |
[2022-10-08 13:05:15,688] [builder.py:2229]           [INFO]     |============================ Missing Movies from Library: Z. 1 - Films =============================|
[2022-10-08 13:05:15,688] [builder.py:2230]           [INFO]     |                                                                                                    |
[2022-10-08 13:05:15,706] [builder.py:2243]           [INFO]     | The Pirates Collection | ? | The Pirates (2014) (TMDb: 285213)                                     |
[2022-10-08 13:05:15,706] [builder.py:2248]           [INFO]     |                                                                                                    |
[2022-10-08 13:05:15,706] [builder.py:2249]           [INFO]     | 1 Movie Missing                                                                                    |
[2022-10-08 13:05:15,763] [plex_meta_manager.py:624]  [INFO]     |                                                                                                    |
[2022-10-08 13:05:15,764] [plex_meta_manager.py:625]  [INFO]     | Collection Minimum: 2 not met for The Pirates Collection                                           |
[2022-10-08 13:05:15,764] [plex_meta_manager.py:708]  [INFO]     |                                                                                                    |
[2022-10-08 13:05:15,764] [plex_meta_manager.py:709]  [INFO]     |====================================================================================================|
[2022-10-08 13:05:15,764] [plex_meta_manager.py:709]  [INFO]     |                                  Finished The Pirates Collection                                   |
[2022-10-08 13:05:15,764] [plex_meta_manager.py:709]  [INFO]     |                                    Collection Run Time: 0:00:00                                    |
[2022-10-08 13:05:15,765] [plex_meta_manager.py:709]  [INFO]     |====================================================================================================|
