[2022-10-11 11:18:55,096] [builder.py:200]            [INFO]     |====================================================================================================|
[2022-10-11 11:18:55,097] [builder.py:200]            [INFO]     |                                 Jackass Collection in Z. 1 - Films                                 |
[2022-10-11 11:18:55,097] [builder.py:200]            [INFO]     |====================================================================================================|
[2022-10-11 11:18:55,097] [builder.py:201]            [INFO]     |                                                                                                    |
[2022-10-11 11:18:55,097] [builder.py:206]            [INFO]     |================================ Building Definition From Templates ================================|
[2022-10-11 11:18:55,097] [builder.py:222]            [DEBUG]    |                                                                                                    |
[2022-10-11 11:18:55,097] [meta.py:128]               [DEBUG]    | Template my_template                                                                               |
[2022-10-11 11:18:55,098] [meta.py:129]               [DEBUG]    | Call: {'value': ['17178'], 'tmdb_collection': ['17178'], 'key_name': 'Jackass', 'key': '17178', 'name': 'my_template'} |
[2022-10-11 11:18:55,098] [meta.py:304]               [DEBUG]    |                                                                                                    |
[2022-10-11 11:18:55,098] [meta.py:305]               [DEBUG]    | Variables: {'value': ['17178'], 'tmdb_collection': ['17178'], 'key_name': 'Jackass', 'key': '17178', 'name': 'my_template', 'collection_name': 'Jackass', 'mapping_name': 'Jackass', 'library_type': 'movie', 'library_name': 'Z. 1 - Films', 'value_encoded': '%5B%2717178%27%5D', 'tmdb_collection_encoded': '%5B%2717178%27%5D', 'key_name_encoded': 'Jackass', 'key_encoded': '17178', 'name_encoded': 'my_template', 'collection_name_encoded': 'Jackass', 'mapping_name_encoded': 'Jackass', 'library_type_encoded': 'movie', 'library_name_encoded': 'Z.%201%20-%20Films', 'collection_sort': 'Jackass'} |
[2022-10-11 11:18:55,098] [meta.py:306]               [DEBUG]    |                                                                                                    |
[2022-10-11 11:18:55,098] [meta.py:307]               [DEBUG]    | Defaults: {}                                                                                       |
[2022-10-11 11:18:55,098] [meta.py:308]               [DEBUG]    |                                                                                                    |
[2022-10-11 11:18:55,098] [meta.py:309]               [DEBUG]    | Optional: ['my_collection_poster', 'my_collection_poster_encoded']                                 |
[2022-10-11 11:18:55,099] [meta.py:370]               [DEBUG]    |                                                                                                    |
[2022-10-11 11:18:55,099] [meta.py:371]               [DEBUG]    | Final Template Attributes: {'tmdb_collection_details': ['17178'], 'collection_order': 'release', 'collection_mode': 'hide_items', 'sort_title': '+C1_Jackass'} |
[2022-10-11 11:18:55,100] [meta.py:372]               [DEBUG]    |                                                                                                    |
[2022-10-11 11:18:55,100] [builder.py:230]            [INFO]     |================================== Validating Jackass Attributes ===================================|
[2022-10-11 11:18:55,100] [builder.py:620]            [DEBUG]    |                                                                                                    |
[2022-10-11 11:18:55,100] [builder.py:621]            [DEBUG]    | Validating Method: collection_order                                                                |
[2022-10-11 11:18:55,100] [builder.py:622]            [DEBUG]    | Value: release                                                                                     |
[2022-10-11 11:18:55,100] [builder.py:653]            [DEBUG]    |                                                                                                    |
[2022-10-11 11:18:55,100] [builder.py:657]            [DEBUG]    | Validating Method: label                                                                           |
[2022-10-11 11:18:55,101] [builder.py:658]            [DEBUG]    | Value: TMDb Collections                                                                            |
[2022-10-11 11:18:55,101] [builder.py:653]            [DEBUG]    |                                                                                                    |
[2022-10-11 11:18:55,101] [builder.py:657]            [DEBUG]    | Validating Method: tmdb_collection_details                                                         |
[2022-10-11 11:18:55,101] [builder.py:658]            [DEBUG]    | Value: ['17178']                                                                                   |
[2022-10-11 11:18:55,116] [builder.py:653]            [DEBUG]    |                                                                                                    |
[2022-10-11 11:18:55,116] [builder.py:657]            [DEBUG]    | Validating Method: collection_mode                                                                 |
[2022-10-11 11:18:55,116] [builder.py:658]            [DEBUG]    | Value: hide_items                                                                                  |
[2022-10-11 11:18:55,117] [builder.py:653]            [DEBUG]    |                                                                                                    |
[2022-10-11 11:18:55,117] [builder.py:657]            [DEBUG]    | Validating Method: sort_title                                                                      |
[2022-10-11 11:18:55,117] [builder.py:658]            [DEBUG]    | Value: +C1_Jackass                                                                                 |
[2022-10-11 11:18:55,324] [builder.py:823]            [INFO]     |                                                                                                    |
[2022-10-11 11:18:55,324] [builder.py:824]            [INFO]     | Validation Successful                                                                              |
[2022-10-11 11:18:55,325] [plex_meta_manager.py:561]  [INFO]     |                                                                                                    |
[2022-10-11 11:18:55,325] [plex_meta_manager.py:563]  [INFO]     |==================================== Running Jackass Collection ====================================|
[2022-10-11 11:18:55,325] [plex_meta_manager.py:575]  [INFO]     |                                                                                                    |
[2022-10-11 11:18:55,325] [plex_meta_manager.py:576]  [INFO]     | Sync Mode: append                                                                                  |
[2022-10-11 11:18:55,325] [plex_meta_manager.py:579]  [DEBUG]    |                                                                                                    |
[2022-10-11 11:18:55,325] [plex_meta_manager.py:580]  [DEBUG]    | Builder: tmdb_collection: 17178                                                                    |
[2022-10-11 11:18:55,325] [plex_meta_manager.py:581]  [INFO]     |                                                                                                    |
[2022-10-11 11:18:55,331] [tmdb.py:381]               [INFO]     | Processing TMDb Collection: (17178) Jackass - Saga (7 Items)                                       |
[2022-10-11 11:18:55,331] [builder.py:1581]           [DEBUG]    |                                                                                                    |
[2022-10-11 11:18:55,331] [builder.py:1582]           [DEBUG]    | 7 IDs Found: [(9012, 'tmdb'), (12094, 'tmdb'), (16290, 'tmdb'), (65851, 'tmdb'), (14158, 'tmdb'), (656663, 'tmdb'), (828853, 'tmdb')] |
[2022-10-11 11:18:55,331] [builder.py:1583]           [DEBUG]    |                                                                                                    |
[2022-10-11 11:18:55,332] [builder.py:2132]           [INFO]     |                                                                                                    |
[2022-10-11 11:18:55,332] [builder.py:2133]           [INFO]     |=================================== Adding to Jackass Collection ===================================|
[2022-10-11 11:18:55,332] [builder.py:2134]           [INFO]     |                                                                                                    |
[2022-10-11 11:18:55,332] [builder.py:2148]           [INFO]     | 1/5 | Jackass Collection | = | Jackass, le film (2002)                                             |
[2022-10-11 11:18:55,332] [builder.py:2148]           [INFO]     | 2/5 | Jackass Collection | = | Jackass 3D (2010)                                                   |
[2022-10-11 11:18:55,333] [builder.py:2148]           [INFO]     | 3/5 | Jackass Collection | = | Jackass 3.5 (2011)                                                  |
[2022-10-11 11:18:55,333] [builder.py:2148]           [INFO]     | 4/5 | Jackass Collection | = | Jackass 2.5 (2007)                                                  |
[2022-10-11 11:18:55,333] [builder.py:2148]           [INFO]     | 5/5 | Jackass Collection | = | Jackass Forever (2022)                                              |
[2022-10-11 11:18:55,333] [builder.py:2168]           [INFO]     |                                                                                                    |
[2022-10-11 11:18:55,333] [builder.py:2170]           [INFO]     | 5 Movies Processed 0 Movies Added                                                                  |
[2022-10-11 11:18:55,333] [builder.py:2300]           [INFO]     |                                                                                                    |
[2022-10-11 11:18:55,333] [builder.py:2301]           [INFO]     |============================ Missing Movies from Library: Z. 1 - Films =============================|
[2022-10-11 11:18:55,334] [builder.py:2302]           [INFO]     |                                                                                                    |
[2022-10-11 11:18:55,355] [builder.py:2315]           [INFO]     | Jackass Collection | ? | Jackass deux, le film (2006) (TMDb: 12094)                                |
[2022-10-11 11:18:55,389] [builder.py:2315]           [INFO]     | Jackass Collection | ? | Jackass 4.5 (2022) (TMDb: 828853)                                         |
[2022-10-11 11:18:55,389] [builder.py:2320]           [INFO]     |                                                                                                    |
[2022-10-11 11:18:55,390] [builder.py:2321]           [INFO]     | 2 Movies Missing                                                                                   |
[2022-10-11 11:18:55,434] [builder.py:2521]           [INFO]     |                                                                                                    |
[2022-10-11 11:18:55,434] [builder.py:2522]           [INFO]     |============================== Updating Details of Jackass Collection ==============================|
[2022-10-11 11:18:55,434] [builder.py:2523]           [INFO]     |                                                                                                    |
[2022-10-11 11:18:55,443] [builder.py:2589]           [INFO]     | Collection Metadata Edits                                                                          |
[2022-10-11 11:18:55,444] [builder.py:2660]           [WARNING]  | Asset Warning: Unable to find asset folder: 'Jackass'                                              |
[2022-10-11 11:18:55,444] [util.py:171]               [DEBUG]    | 1 poster found:                                                                                    |
[2022-10-11 11:18:55,444] [util.py:173]               [DEBUG]    | Method: tmdb_collection_details Poster: https://image.tmdb.org/t/p/original/tLga6buvaRSBcFJT03WgSBZ1wAa.jpg |
[2022-10-11 11:18:55,444] [util.py:171]               [DEBUG]    | 1 background found:                                                                                |
[2022-10-11 11:18:55,444] [util.py:173]               [DEBUG]    | Method: tmdb_collection_details Background: https://image.tmdb.org/t/p/original/lidPLbyE1JCUacEDOzkTCncCPBL.jpg |
[2022-10-11 11:18:55,445] [library.py:173]            [INFO]     | Detail: poster update not needed                                                                   |
[2022-10-11 11:18:55,446] [library.py:189]            [INFO]     | Detail: background update not needed                                                               |
[2022-10-11 11:18:55,658] [plex_meta_manager.py:708]  [INFO]     |                                                                                                    |
[2022-10-11 11:18:55,659] [plex_meta_manager.py:709]  [INFO]     |====================================================================================================|
[2022-10-11 11:18:55,659] [plex_meta_manager.py:709]  [INFO]     |                                    Finished Jackass Collection                                     |
[2022-10-11 11:18:55,659] [plex_meta_manager.py:709]  [INFO]     |                                    Collection Run Time: 0:00:00                                    |
[2022-10-11 11:18:55,659] [plex_meta_manager.py:709]  [INFO]     |====================================================================================================|
