[2022-10-11 11:18:29,620] [builder.py:200]            [INFO]     |====================================================================================================|
[2022-10-11 11:18:29,620] [builder.py:200]            [INFO]     |                              Battle Royale Collection in Z. 1 - Films                              |
[2022-10-11 11:18:29,620] [builder.py:200]            [INFO]     |====================================================================================================|
[2022-10-11 11:18:29,620] [builder.py:201]            [INFO]     |                                                                                                    |
[2022-10-11 11:18:29,620] [builder.py:206]            [INFO]     |================================ Building Definition From Templates ================================|
[2022-10-11 11:18:29,620] [builder.py:222]            [DEBUG]    |                                                                                                    |
[2022-10-11 11:18:29,621] [meta.py:128]               [DEBUG]    | Template my_template                                                                               |
[2022-10-11 11:18:29,621] [meta.py:129]               [DEBUG]    | Call: {'value': ['16302'], 'tmdb_collection': ['16302'], 'key_name': 'Battle Royale', 'key': '16302', 'name': 'my_template'} |
[2022-10-11 11:18:29,621] [meta.py:304]               [DEBUG]    |                                                                                                    |
[2022-10-11 11:18:29,621] [meta.py:305]               [DEBUG]    | Variables: {'value': ['16302'], 'tmdb_collection': ['16302'], 'key_name': 'Battle Royale', 'key': '16302', 'name': 'my_template', 'collection_name': 'Battle Royale', 'mapping_name': 'Battle Royale', 'library_type': 'movie', 'library_name': 'Z. 1 - Films', 'value_encoded': '%5B%2716302%27%5D', 'tmdb_collection_encoded': '%5B%2716302%27%5D', 'key_name_encoded': 'Battle%20Royale', 'key_encoded': '16302', 'name_encoded': 'my_template', 'collection_name_encoded': 'Battle%20Royale', 'mapping_name_encoded': 'Battle%20Royale', 'library_type_encoded': 'movie', 'library_name_encoded': 'Z.%201%20-%20Films', 'collection_sort': 'Battle Royale'} |
[2022-10-11 11:18:29,621] [meta.py:306]               [DEBUG]    |                                                                                                    |
[2022-10-11 11:18:29,621] [meta.py:307]               [DEBUG]    | Defaults: {}                                                                                       |
[2022-10-11 11:18:29,621] [meta.py:308]               [DEBUG]    |                                                                                                    |
[2022-10-11 11:18:29,621] [meta.py:309]               [DEBUG]    | Optional: ['my_collection_poster', 'my_collection_poster_encoded']                                 |
[2022-10-11 11:18:29,622] [meta.py:370]               [DEBUG]    |                                                                                                    |
[2022-10-11 11:18:29,623] [meta.py:371]               [DEBUG]    | Final Template Attributes: {'tmdb_collection_details': ['16302'], 'collection_order': 'release', 'collection_mode': 'hide_items', 'sort_title': '+C1_Battle Royale'} |
[2022-10-11 11:18:29,623] [meta.py:372]               [DEBUG]    |                                                                                                    |
[2022-10-11 11:18:29,623] [builder.py:230]            [INFO]     |=============================== Validating Battle Royale Attributes ================================|
[2022-10-11 11:18:29,623] [builder.py:620]            [DEBUG]    |                                                                                                    |
[2022-10-11 11:18:29,623] [builder.py:621]            [DEBUG]    | Validating Method: collection_order                                                                |
[2022-10-11 11:18:29,623] [builder.py:622]            [DEBUG]    | Value: release                                                                                     |
[2022-10-11 11:18:29,623] [builder.py:653]            [DEBUG]    |                                                                                                    |
[2022-10-11 11:18:29,624] [builder.py:657]            [DEBUG]    | Validating Method: label                                                                           |
[2022-10-11 11:18:29,624] [builder.py:658]            [DEBUG]    | Value: TMDb Collections                                                                            |
[2022-10-11 11:18:29,624] [builder.py:653]            [DEBUG]    |                                                                                                    |
[2022-10-11 11:18:29,624] [builder.py:657]            [DEBUG]    | Validating Method: tmdb_collection_details                                                         |
[2022-10-11 11:18:29,624] [builder.py:658]            [DEBUG]    | Value: ['16302']                                                                                   |
[2022-10-11 11:18:29,635] [builder.py:653]            [DEBUG]    |                                                                                                    |
[2022-10-11 11:18:29,635] [builder.py:657]            [DEBUG]    | Validating Method: collection_mode                                                                 |
[2022-10-11 11:18:29,635] [builder.py:658]            [DEBUG]    | Value: hide_items                                                                                  |
[2022-10-11 11:18:29,636] [builder.py:653]            [DEBUG]    |                                                                                                    |
[2022-10-11 11:18:29,636] [builder.py:657]            [DEBUG]    | Validating Method: sort_title                                                                      |
[2022-10-11 11:18:29,636] [builder.py:658]            [DEBUG]    | Value: +C1_Battle Royale                                                                           |
[2022-10-11 11:18:29,830] [builder.py:823]            [INFO]     |                                                                                                    |
[2022-10-11 11:18:29,830] [builder.py:824]            [INFO]     | Validation Successful                                                                              |
[2022-10-11 11:18:29,831] [plex_meta_manager.py:561]  [INFO]     |                                                                                                    |
[2022-10-11 11:18:29,831] [plex_meta_manager.py:563]  [INFO]     |================================= Running Battle Royale Collection =================================|
[2022-10-11 11:18:29,831] [plex_meta_manager.py:575]  [INFO]     |                                                                                                    |
[2022-10-11 11:18:29,831] [plex_meta_manager.py:576]  [INFO]     | Sync Mode: append                                                                                  |
[2022-10-11 11:18:29,831] [plex_meta_manager.py:579]  [DEBUG]    |                                                                                                    |
[2022-10-11 11:18:29,832] [plex_meta_manager.py:580]  [DEBUG]    | Builder: tmdb_collection: 16302                                                                    |
[2022-10-11 11:18:29,832] [plex_meta_manager.py:581]  [INFO]     |                                                                                                    |
[2022-10-11 11:18:29,836] [tmdb.py:381]               [INFO]     | Processing TMDb Collection: (16302) Battle Royale - Saga (2 Items)                                 |
[2022-10-11 11:18:29,836] [builder.py:1581]           [DEBUG]    |                                                                                                    |
[2022-10-11 11:18:29,837] [builder.py:1582]           [DEBUG]    | 2 IDs Found: [(3176, 'tmdb'), (3177, 'tmdb')]                                                      |
[2022-10-11 11:18:29,837] [builder.py:1583]           [DEBUG]    |                                                                                                    |
[2022-10-11 11:18:29,837] [builder.py:2132]           [INFO]     |                                                                                                    |
[2022-10-11 11:18:29,837] [builder.py:2133]           [INFO]     |================================ Adding to Battle Royale Collection ================================|
[2022-10-11 11:18:29,837] [builder.py:2134]           [INFO]     |                                                                                                    |
[2022-10-11 11:18:29,838] [builder.py:2148]           [INFO]     | 1/2 | Battle Royale Collection | = | Battle Royale (2000)                                          |
[2022-10-11 11:18:29,838] [builder.py:2148]           [INFO]     | 2/2 | Battle Royale Collection | = | Battle Royale II : Requiem (2003)                             |
[2022-10-11 11:18:29,838] [builder.py:2168]           [INFO]     |                                                                                                    |
[2022-10-11 11:18:29,838] [builder.py:2170]           [INFO]     | 2 Movies Processed 0 Movies Added                                                                  |
[2022-10-11 11:18:29,846] [builder.py:2521]           [INFO]     |                                                                                                    |
[2022-10-11 11:18:29,846] [builder.py:2522]           [INFO]     |=========================== Updating Details of Battle Royale Collection ===========================|
[2022-10-11 11:18:29,846] [builder.py:2523]           [INFO]     |                                                                                                    |
[2022-10-11 11:18:29,854] [builder.py:2589]           [INFO]     | Collection Metadata Edits                                                                          |
[2022-10-11 11:18:29,855] [builder.py:2660]           [WARNING]  | Asset Warning: Unable to find asset folder: 'Battle Royale'                                        |
[2022-10-11 11:18:29,855] [util.py:171]               [DEBUG]    | 1 poster found:                                                                                    |
[2022-10-11 11:18:29,855] [util.py:173]               [DEBUG]    | Method: tmdb_collection_details Poster: https://image.tmdb.org/t/p/original/rKlCCB5PXnrZmL0KkmpfhWcx0kB.jpg |
[2022-10-11 11:18:29,855] [util.py:171]               [DEBUG]    | 1 background found:                                                                                |
[2022-10-11 11:18:29,856] [util.py:173]               [DEBUG]    | Method: tmdb_collection_details Background: https://image.tmdb.org/t/p/original/gKpdj5aKtxrAoAbJJ3EtBZHcsyP.jpg |
[2022-10-11 11:18:29,856] [library.py:173]            [INFO]     | Detail: poster update not needed                                                                   |
[2022-10-11 11:18:29,857] [library.py:189]            [INFO]     | Detail: background update not needed                                                               |
[2022-10-11 11:18:30,046] [plex_meta_manager.py:708]  [INFO]     |                                                                                                    |
[2022-10-11 11:18:30,047] [plex_meta_manager.py:709]  [INFO]     |====================================================================================================|
[2022-10-11 11:18:30,047] [plex_meta_manager.py:709]  [INFO]     |                                 Finished Battle Royale Collection                                  |
[2022-10-11 11:18:30,047] [plex_meta_manager.py:709]  [INFO]     |                                    Collection Run Time: 0:00:00                                    |
[2022-10-11 11:18:30,047] [plex_meta_manager.py:709]  [INFO]     |====================================================================================================|
