[2022-10-11 10:02:28,979] [builder.py:197]            [INFO]     |====================================================================================================|
[2022-10-11 10:02:28,979] [builder.py:197]            [INFO]     |                            Fantasy Collection in Z. 5 - Film Animation                             |
[2022-10-11 10:02:28,979] [builder.py:197]            [INFO]     |====================================================================================================|
[2022-10-11 10:02:28,979] [builder.py:198]            [INFO]     |                                                                                                    |
[2022-10-11 10:02:28,979] [builder.py:203]            [INFO]     |================================ Building Definition From Templates ================================|
[2022-10-11 10:02:28,979] [builder.py:211]            [DEBUG]    |                                                                                                    |
[2022-10-11 10:02:28,980] [meta.py:128]               [DEBUG]    | Template Genre                                                                                     |
[2022-10-11 10:02:28,980] [meta.py:129]               [DEBUG]    | Call: ordereddict([('name', 'Genre')])                                                             |
[2022-10-11 10:02:28,980] [meta.py:304]               [DEBUG]    |                                                                                                    |
[2022-10-11 10:02:28,980] [meta.py:305]               [DEBUG]    | Variables: ordereddict([('name', 'Genre'), ('collection_name', 'Fantasy'), ('mapping_name', 'Fantasy'), ('library_type', 'movie'), ('library_name', 'Z. 5 - Film Animation'), ('name_encoded', 'Genre'), ('collection_name_encoded', 'Fantasy'), ('mapping_name_encoded', 'Fantasy'), ('library_type_encoded', 'movie'), ('library_name_encoded', 'Z.%205%20-%20Film%20Animation'), ('collection_sort', 'Fantasy')]) |
[2022-10-11 10:02:28,980] [meta.py:306]               [DEBUG]    |                                                                                                    |
[2022-10-11 10:02:28,980] [meta.py:307]               [DEBUG]    | Defaults: {}                                                                                       |
[2022-10-11 10:02:28,981] [meta.py:308]               [DEBUG]    |                                                                                                    |
[2022-10-11 10:02:28,981] [meta.py:309]               [DEBUG]    | Optional: []                                                                                       |
[2022-10-11 10:02:28,981] [meta.py:370]               [DEBUG]    |                                                                                                    |
[2022-10-11 10:02:28,981] [meta.py:371]               [DEBUG]    | Final Template Attributes: {'sort_title': '+3_Fantasy', 'sync_mode': 'sync', 'smart_label': 'audience_rating.desc'} |
[2022-10-11 10:02:28,981] [meta.py:372]               [DEBUG]    |                                                                                                    |
[2022-10-11 10:02:28,982] [builder.py:219]            [INFO]     |================================== Validating Fantasy Attributes ===================================|
[2022-10-11 10:02:28,982] [builder.py:488]            [DEBUG]    |                                                                                                    |
[2022-10-11 10:02:28,982] [builder.py:489]            [DEBUG]    | Validating Method: sync_mode                                                                       |
[2022-10-11 10:02:28,982] [builder.py:493]            [DEBUG]    | Value: sync                                                                                        |
[2022-10-11 10:02:28,982] [builder.py:538]            [DEBUG]    |                                                                                                    |
[2022-10-11 10:02:28,982] [builder.py:539]            [DEBUG]    | Validating Method: smart_label                                                                     |
[2022-10-11 10:02:28,983] [builder.py:544]            [DEBUG]    | Value: audience_rating.desc                                                                        |
[2022-10-11 10:02:28,998] [builder.py:627]            [DEBUG]    |                                                                                                    |
[2022-10-11 10:02:28,999] [builder.py:631]            [DEBUG]    | Validating Method: plex_search                                                                     |
[2022-10-11 10:02:28,999] [builder.py:632]            [DEBUG]    | Value: ordereddict([('genre', 'Fantastique')])                                                     |
[2022-10-11 10:02:29,051] [builder.py:627]            [DEBUG]    |                                                                                                    |
[2022-10-11 10:02:29,051] [builder.py:631]            [DEBUG]    | Validating Method: url_poster                                                                      |
[2022-10-11 10:02:29,052] [builder.py:632]            [DEBUG]    | Value: https://raw.githubusercontent.com/MonsieurZed/poster/main/img/GENRE_FANTASY.png             |
[2022-10-11 10:02:29,260] [builder.py:627]            [DEBUG]    |                                                                                                    |
[2022-10-11 10:02:29,261] [builder.py:631]            [DEBUG]    | Validating Method: imdb_list                                                                       |
[2022-10-11 10:02:29,261] [builder.py:632]            [DEBUG]    | Value: [ordereddict([('url', 'https://www.imdb.com/search/title/?title_type=feature&release_date=1990-01-01,&user_rating=5.0,10.0&num_votes=100000,&genres=fantasy'), ('limit', 100)]), ordereddict([('url', 'https://www.imdb.com/search/title/?title_type=feature&release_date=1990-01-01,&user_rating=5.0,10.0&num_votes=100000,&genres=fantasy&sort=user_rating,desc'), ('limit', 100)])] |
[2022-10-11 10:02:30,881] [builder.py:627]            [DEBUG]    |                                                                                                    |
[2022-10-11 10:02:30,882] [builder.py:631]            [DEBUG]    | Validating Method: summary                                                                         |
[2022-10-11 10:02:30,882] [builder.py:632]            [DEBUG]    | Value: Fantasy film is a genre that incorporates imaginative and fantastic themes. These themes usually involve magic, supernatural events, or fantasy worlds. Although it is its own distinct genre, these films can overlap into the horror and science fiction genres. Unlike science fiction, a fantasy film does not need to be rooted in fact. This element allows the audience to be transported into a new and unique world. Often, these films center on an ordinary hero in an extraordinary situation. |
[2022-10-11 10:02:30,882] [builder.py:627]            [DEBUG]    |                                                                                                    |
[2022-10-11 10:02:30,882] [builder.py:631]            [DEBUG]    | Validating Method: sort_title                                                                      |
[2022-10-11 10:02:30,883] [builder.py:632]            [DEBUG]    | Value: +3_Fantasy                                                                                  |
[2022-10-11 10:02:30,888] [plex.py:790]               [DEBUG]    |                                                                                                    |
[2022-10-11 10:02:30,888] [plex.py:793]               [DEBUG]    | Looking for: Fantasy                                                                               |
[2022-10-11 10:02:30,888] [builder.py:797]            [INFO]     |                                                                                                    |
[2022-10-11 10:02:30,888] [builder.py:798]            [INFO]     | Validation Successful                                                                              |
[2022-10-11 10:02:30,889] [plex_meta_manager.py:561]  [INFO]     |                                                                                                    |
[2022-10-11 10:02:30,889] [plex_meta_manager.py:563]  [INFO]     |==================================== Running Fantasy Collection ====================================|
[2022-10-11 10:02:30,889] [plex_meta_manager.py:569]  [INFO]     |                                                                                                    |
[2022-10-11 10:02:30,889] [plex_meta_manager.py:570]  [INFO]     | Smart Movie Label                                                                                  |
                                                                 | Sort By: audience_rating.desc
                                                                 | Filter:
                                                                 |   Match all of the following:
                                                                 |     Label is Fantasy
[2022-10-11 10:02:30,890] [plex_meta_manager.py:575]  [INFO]     | 
[2022-10-11 10:02:30,890] [plex_meta_manager.py:576]  [INFO]     | Sync Mode: sync
[2022-10-11 10:02:30,890] [plex_meta_manager.py:579]  [DEBUG]    | 
[2022-10-11 10:02:30,890] [plex_meta_manager.py:580]  [DEBUG]    | Builder: plex_search: (1, 'Plex Movie Search\nSort By: title.asc\nFilter:\n  Match all of the following:\n    Match any of the following:\n      Genre is Fantastique', '?type=1&sort=titleSort&push=1&genre=28402&pop=1')
[2022-10-11 10:02:30,890] [plex_meta_manager.py:581]  [INFO]     | 
[2022-10-11 10:02:30,891] [plex.py:819]               [INFO]     | Processing Plex Movie Search
                                                                 | Sort By: title.asc
                                                                 | Filter:
                                                                 |   Match all of the following:
                                                                 |     Match any of the following:
                                                                 |       Genre is Fantastique
[2022-10-11 10:02:31,550] [plex.py:864]               [DEBUG]    | 
[2022-10-11 10:02:31,551] [plex.py:865]               [DEBUG]    | 172 Keys Found: [(22024, 'ratingKey'), (19810, 'ratingKey'), (21642, 'ratingKey'), (21631, 'ratingKey'), (21574, 'ratingKey'), (7420, 'ratingKey'), (13637, 'ratingKey'), (21643, 'ratingKey'), (22472, 'ratingKey'), (22465, 'ratingKey'), (22451, 'ratingKey'), (88581, 'ratingKey'), (88594, 'ratingKey'), (88856, 'ratingKey'), (88843, 'ratingKey'), (89287, 'ratingKey'), (88838, 'ratingKey'), (88780, 'ratingKey'), (88839, 'ratingKey'), (21575, 'ratingKey'), (21638, 'ratingKey'), (21591, 'ratingKey'), (88712, 'ratingKey'), (19793, 'ratingKey'), (21602, 'ratingKey'), (21743, 'ratingKey'), (22293, 'ratingKey'), (22399, 'ratingKey'), (22426, 'ratingKey'), (22433, 'ratingKey'), (21049, 'ratingKey'), (21756, 'ratingKey'), (88536, 'ratingKey'), (22571, 'ratingKey'), (22574, 'ratingKey'), (22570, 'ratingKey'), (22575, 'ratingKey'), (13680, 'ratingKey'), (13665, 'ratingKey'), (88693, 'ratingKey'), (88644, 'ratingKey'), (21632, 'ratingKey'), (21593, 'ratingKey'), (88598, 'ratingKey'), (88597, 'ratingKey'), (88664, 'ratingKey'), (88600, 'ratingKey'), (88606, 'ratingKey'), (21633, 'ratingKey'), (13650, 'ratingKey'), (13649, 'ratingKey'), (13639, 'ratingKey'), (13646, 'ratingKey'), (88540, 'ratingKey'), (88808, 'ratingKey'), (88523, 'ratingKey'), (88949, 'ratingKey'), (88613, 'ratingKey'), (88619, 'ratingKey'), (88635, 'ratingKey'), (88809, 'ratingKey'), (7406, 'ratingKey'), (88794, 'ratingKey'), (22482, 'ratingKey'), (22580, 'ratingKey'), (22485, 'ratingKey'), (21645, 'ratingKey'), (7466, 'ratingKey'), (7422, 'ratingKey'), (7436, 'ratingKey'), (88738, 'ratingKey'), (88857, 'ratingKey'), (21650, 'ratingKey'), (19796, 'ratingKey'), (88901, 'ratingKey'), (88662, 'ratingKey'), (7423, 'ratingKey'), (7476, 'ratingKey'), (33322, 'ratingKey'), (21599, 'ratingKey'), (7469, 'ratingKey'), (88875, 'ratingKey'), (22400, 'ratingKey'), (88796, 'ratingKey'), (88616, 'ratingKey'), (88628, 'ratingKey'), (88626, 'ratingKey'), (88632, 'ratingKey'), (88614, 'ratingKey'), (88633, 'ratingKey'), (88634, 'ratingKey'), (21740, 'ratingKey'), (13681, 'ratingKey'), (21628, 'ratingKey'), (88526, 'ratingKey'), (7414, 'ratingKey'), (88654, 'ratingKey'), (21981, 'ratingKey'), (21651, 'ratingKey'), (88755, 'ratingKey'), (88707, 'ratingKey'), (88656, 'ratingKey'), (88655, 'ratingKey'), (21760, 'ratingKey'), (7471, 'ratingKey'), (88559, 'ratingKey'), (19803, 'ratingKey'), (21734, 'ratingKey'), (22450, 'ratingKey'), (21592, 'ratingKey'), (13690, 'ratingKey'), (88561, 'ratingKey'), (83125, 'ratingKey'), (13688, 'ratingKey'), (21578, 'ratingKey'), (88909, 'ratingKey'), (88907, 'ratingKey'), (88564, 'ratingKey'), (88904, 'ratingKey'), (88908, 'ratingKey'), (88913, 'ratingKey'), (88902, 'ratingKey'), (88897, 'ratingKey'), (88871, 'ratingKey'), (88872, 'ratingKey'), (88903, 'ratingKey'), (88899, 'ratingKey'), (88870, 'ratingKey'), (88869, 'ratingKey'), (88773, 'ratingKey'), (88563, 'ratingKey'), (88772, 'ratingKey'), (88562, 'ratingKey'), (88771, 'ratingKey'), (88774, 'ratingKey'), (7481, 'ratingKey'), (7482, 'ratingKey'), (7407, 'ratingKey'), (88840, 'ratingKey'), (21725, 'ratingKey'), (7457, 'ratingKey'), (21772, 'ratingKey'), (21911, 'ratingKey'), (19764, 'ratingKey'), (22291, 'ratingKey'), (22419, 'ratingKey'), (22454, 'ratingKey'), (21691, 'ratingKey'), (22586, 'ratingKey'), (22587, 'ratingKey'), (22591, 'ratingKey'), (19782, 'ratingKey'), (29071, 'ratingKey'), (34562, 'ratingKey'), (22395, 'ratingKey'), (88535, 'ratingKey'), (88677, 'ratingKey'), (88682, 'ratingKey'), (88688, 'ratingKey'), (88689, 'ratingKey'), (88685, 'ratingKey'), (88833, 'ratingKey'), (21910, 'ratingKey'), (21971, 'ratingKey'), (21932, 'ratingKey'), (83040, 'ratingKey'), (88646, 'ratingKey'), (22362, 'ratingKey'), (22417, 'ratingKey'), (88731, 'ratingKey'), (88739, 'ratingKey'), (21697, 'ratingKey')]
[2022-10-11 10:02:31,552] [builder.py:1540]           [DEBUG]    | 
[2022-10-11 10:02:31,553] [builder.py:1541]           [DEBUG]    | 172 IDs Found: [(22024, 'ratingKey'), (19810, 'ratingKey'), (21642, 'ratingKey'), (21631, 'ratingKey'), (21574, 'ratingKey'), (7420, 'ratingKey'), (13637, 'ratingKey'), (21643, 'ratingKey'), (22472, 'ratingKey'), (22465, 'ratingKey'), (22451, 'ratingKey'), (88581, 'ratingKey'), (88594, 'ratingKey'), (88856, 'ratingKey'), (88843, 'ratingKey'), (89287, 'ratingKey'), (88838, 'ratingKey'), (88780, 'ratingKey'), (88839, 'ratingKey'), (21575, 'ratingKey'), (21638, 'ratingKey'), (21591, 'ratingKey'), (88712, 'ratingKey'), (19793, 'ratingKey'), (21602, 'ratingKey'), (21743, 'ratingKey'), (22293, 'ratingKey'), (22399, 'ratingKey'), (22426, 'ratingKey'), (22433, 'ratingKey'), (21049, 'ratingKey'), (21756, 'ratingKey'), (88536, 'ratingKey'), (22571, 'ratingKey'), (22574, 'ratingKey'), (22570, 'ratingKey'), (22575, 'ratingKey'), (13680, 'ratingKey'), (13665, 'ratingKey'), (88693, 'ratingKey'), (88644, 'ratingKey'), (21632, 'ratingKey'), (21593, 'ratingKey'), (88598, 'ratingKey'), (88597, 'ratingKey'), (88664, 'ratingKey'), (88600, 'ratingKey'), (88606, 'ratingKey'), (21633, 'ratingKey'), (13650, 'ratingKey'), (13649, 'ratingKey'), (13639, 'ratingKey'), (13646, 'ratingKey'), (88540, 'ratingKey'), (88808, 'ratingKey'), (88523, 'ratingKey'), (88949, 'ratingKey'), (88613, 'ratingKey'), (88619, 'ratingKey'), (88635, 'ratingKey'), (88809, 'ratingKey'), (7406, 'ratingKey'), (88794, 'ratingKey'), (22482, 'ratingKey'), (22580, 'ratingKey'), (22485, 'ratingKey'), (21645, 'ratingKey'), (7466, 'ratingKey'), (7422, 'ratingKey'), (7436, 'ratingKey'), (88738, 'ratingKey'), (88857, 'ratingKey'), (21650, 'ratingKey'), (19796, 'ratingKey'), (88901, 'ratingKey'), (88662, 'ratingKey'), (7423, 'ratingKey'), (7476, 'ratingKey'), (33322, 'ratingKey'), (21599, 'ratingKey'), (7469, 'ratingKey'), (88875, 'ratingKey'), (22400, 'ratingKey'), (88796, 'ratingKey'), (88616, 'ratingKey'), (88628, 'ratingKey'), (88626, 'ratingKey'), (88632, 'ratingKey'), (88614, 'ratingKey'), (88633, 'ratingKey'), (88634, 'ratingKey'), (21740, 'ratingKey'), (13681, 'ratingKey'), (21628, 'ratingKey'), (88526, 'ratingKey'), (7414, 'ratingKey'), (88654, 'ratingKey'), (21981, 'ratingKey'), (21651, 'ratingKey'), (88755, 'ratingKey'), (88707, 'ratingKey'), (88656, 'ratingKey'), (88655, 'ratingKey'), (21760, 'ratingKey'), (7471, 'ratingKey'), (88559, 'ratingKey'), (19803, 'ratingKey'), (21734, 'ratingKey'), (22450, 'ratingKey'), (21592, 'ratingKey'), (13690, 'ratingKey'), (88561, 'ratingKey'), (83125, 'ratingKey'), (13688, 'ratingKey'), (21578, 'ratingKey'), (88909, 'ratingKey'), (88907, 'ratingKey'), (88564, 'ratingKey'), (88904, 'ratingKey'), (88908, 'ratingKey'), (88913, 'ratingKey'), (88902, 'ratingKey'), (88897, 'ratingKey'), (88871, 'ratingKey'), (88872, 'ratingKey'), (88903, 'ratingKey'), (88899, 'ratingKey'), (88870, 'ratingKey'), (88869, 'ratingKey'), (88773, 'ratingKey'), (88563, 'ratingKey'), (88772, 'ratingKey'), (88562, 'ratingKey'), (88771, 'ratingKey'), (88774, 'ratingKey'), (7481, 'ratingKey'), (7482, 'ratingKey'), (7407, 'ratingKey'), (88840, 'ratingKey'), (21725, 'ratingKey'), (7457, 'ratingKey'), (21772, 'ratingKey'), (21911, 'ratingKey'), (19764, 'ratingKey'), (22291, 'ratingKey'), (22419, 'ratingKey'), (22454, 'ratingKey'), (21691, 'ratingKey'), (22586, 'ratingKey'), (22587, 'ratingKey'), (22591, 'ratingKey'), (19782, 'ratingKey'), (29071, 'ratingKey'), (34562, 'ratingKey'), (22395, 'ratingKey'), (88535, 'ratingKey'), (88677, 'ratingKey'), (88682, 'ratingKey'), (88688, 'ratingKey'), (88689, 'ratingKey'), (88685, 'ratingKey'), (88833, 'ratingKey'), (21910, 'ratingKey'), (21971, 'ratingKey'), (21932, 'ratingKey'), (83040, 'ratingKey'), (88646, 'ratingKey'), (22362, 'ratingKey'), (22417, 'ratingKey'), (88731, 'ratingKey'), (88739, 'ratingKey'), (21697, 'ratingKey')]
[2022-10-11 10:02:31,553] [builder.py:1542]           [DEBUG]    | 
[2022-10-11 10:02:31,599] [plex_meta_manager.py:579]  [DEBUG]    | 
[2022-10-11 10:02:31,599] [plex_meta_manager.py:580]  [DEBUG]    | Builder: imdb_list: {'url': 'https://www.imdb.com/search/title/?title_type=feature&release_date=1990-01-01,&user_rating=5.0,10.0&num_votes=100000,&genres=fantasy', 'limit': 100}
[2022-10-11 10:02:31,600] [plex_meta_manager.py:581]  [INFO]     | 
[2022-10-11 10:02:31,600] [imdb.py:184]               [INFO]     | Processing IMDb List: 100 Items at https://www.imdb.com/search/title/?title_type=feature&release_date=1990-01-01,&user_rating=5.0,10.0&num_votes=100000,&genres=fantasy
[2022-10-11 10:02:35,432] [imdb.py:135]               [DEBUG]    | 100 IMDb IDs Found: ['tt0107120', 'tt10648342', 'tt0499549', 'tt6710474', 'tt0120737', 'tt0110148', 'tt11138512', 'tt10872600', 'tt0107688', 'tt4263482', 'tt0167260', 'tt0241527', 'tt9419884', 'tt4513678', 'tt0167261', 'tt0099487', 'tt0162661', 'tt0101272', 'tt0112642', 'tt0267913', 'tt0103874', 'tt9032400', 'tt5606664', 'tt0903624', 'tt0360486', 'tt6264654', 'tt4123432', 'tt2953050', 'tt0104070', 'tt0486655', 'tt0120616', 'tt2527338', 'tt7349950', 'tt0120689', 'tt1099212', 'tt0327597', 'tt0325980', 'tt1170358', 'tt0837562', 'tt5580390', 'tt4633694', 'tt1538403', 'tt3501632', 'tt0457430', 'tt1655441', 'tt2194499', 'tt0121164', 'tt1386697', 'tt1201607', 'tt2771200', 'tt2527336', 'tt0330373', 'tt12361974', 'tt0295297', 'tt0245429', 'tt7984734', 'tt1245492', 'tt0478304', 'tt0117008', 'tt7975244', 'tt0304141', 'tt2380307', 'tt0363771', 'tt0109506', 'tt2310332', 'tt0800369', 'tt9376612', 'tt0119643', 'tt0385880', 'tt1389072', 'tt1014759', 'tt0451279', 'tt0120915', 'tt0974661', 'tt0373889', 'tt0926084', 'tt0367594', 'tt0382932', 'tt0338526', 'tt8097030', 'tt2283362', 'tt1211837', 'tt3521164', 'tt1139797', 'tt0114709', 'tt2294629', 'tt0293429', 'tt1253864', 'tt1289401', 'tt2345759', 'tt2096673', 'tt0102057', 'tt0450385', 'tt7126948', 'tt0417741', 'tt0446029', 'tt0126029', 'tt1587310', 'tt0461770', 'tt1790809']
[2022-10-11 10:02:35,433] [builder.py:1540]           [DEBUG]    | 
[2022-10-11 10:02:35,433] [builder.py:1541]           [DEBUG]    | 100 IDs Found: [('tt0107120', 'imdb'), ('tt10648342', 'imdb'), ('tt0499549', 'imdb'), ('tt6710474', 'imdb'), ('tt0120737', 'imdb'), ('tt0110148', 'imdb'), ('tt11138512', 'imdb'), ('tt10872600', 'imdb'), ('tt0107688', 'imdb'), ('tt4263482', 'imdb'), ('tt0167260', 'imdb'), ('tt0241527', 'imdb'), ('tt9419884', 'imdb'), ('tt4513678', 'imdb'), ('tt0167261', 'imdb'), ('tt0099487', 'imdb'), ('tt0162661', 'imdb'), ('tt0101272', 'imdb'), ('tt0112642', 'imdb'), ('tt0267913', 'imdb'), ('tt0103874', 'imdb'), ('tt9032400', 'imdb'), ('tt5606664', 'imdb'), ('tt0903624', 'imdb'), ('tt0360486', 'imdb'), ('tt6264654', 'imdb'), ('tt4123432', 'imdb'), ('tt2953050', 'imdb'), ('tt0104070', 'imdb'), ('tt0486655', 'imdb'), ('tt0120616', 'imdb'), ('tt2527338', 'imdb'), ('tt7349950', 'imdb'), ('tt0120689', 'imdb'), ('tt1099212', 'imdb'), ('tt0327597', 'imdb'), ('tt0325980', 'imdb'), ('tt1170358', 'imdb'), ('tt0837562', 'imdb'), ('tt5580390', 'imdb'), ('tt4633694', 'imdb'), ('tt1538403', 'imdb'), ('tt3501632', 'imdb'), ('tt0457430', 'imdb'), ('tt1655441', 'imdb'), ('tt2194499', 'imdb'), ('tt0121164', 'imdb'), ('tt1386697', 'imdb'), ('tt1201607', 'imdb'), ('tt2771200', 'imdb'), ('tt2527336', 'imdb'), ('tt0330373', 'imdb'), ('tt12361974', 'imdb'), ('tt0295297', 'imdb'), ('tt0245429', 'imdb'), ('tt7984734', 'imdb'), ('tt1245492', 'imdb'), ('tt0478304', 'imdb'), ('tt0117008', 'imdb'), ('tt7975244', 'imdb'), ('tt0304141', 'imdb'), ('tt2380307', 'imdb'), ('tt0363771', 'imdb'), ('tt0109506', 'imdb'), ('tt2310332', 'imdb'), ('tt0800369', 'imdb'), ('tt9376612', 'imdb'), ('tt0119643', 'imdb'), ('tt0385880', 'imdb'), ('tt1389072', 'imdb'), ('tt1014759', 'imdb'), ('tt0451279', 'imdb'), ('tt0120915', 'imdb'), ('tt0974661', 'imdb'), ('tt0373889', 'imdb'), ('tt0926084', 'imdb'), ('tt0367594', 'imdb'), ('tt0382932', 'imdb'), ('tt0338526', 'imdb'), ('tt8097030', 'imdb'), ('tt2283362', 'imdb'), ('tt1211837', 'imdb'), ('tt3521164', 'imdb'), ('tt1139797', 'imdb'), ('tt0114709', 'imdb'), ('tt2294629', 'imdb'), ('tt0293429', 'imdb'), ('tt1253864', 'imdb'), ('tt1289401', 'imdb'), ('tt2345759', 'imdb'), ('tt2096673', 'imdb'), ('tt0102057', 'imdb'), ('tt0450385', 'imdb'), ('tt7126948', 'imdb'), ('tt0417741', 'imdb'), ('tt0446029', 'imdb'), ('tt0126029', 'imdb'), ('tt1587310', 'imdb'), ('tt0461770', 'imdb'), ('tt1790809', 'imdb')]
[2022-10-11 10:02:35,433] [builder.py:1542]           [DEBUG]    | 
[2022-10-11 10:02:37,543] [plex_meta_manager.py:579]  [DEBUG]    | 
[2022-10-11 10:02:37,545] [plex_meta_manager.py:580]  [DEBUG]    | Builder: imdb_list: {'url': 'https://www.imdb.com/search/title/?title_type=feature&release_date=1990-01-01,&user_rating=5.0,10.0&num_votes=100000,&genres=fantasy&sort=user_rating,desc', 'limit': 100}
[2022-10-11 10:02:37,546] [plex_meta_manager.py:581]  [INFO]     | 
[2022-10-11 10:02:37,546] [imdb.py:184]               [INFO]     | Processing IMDb List: 100 Items at https://www.imdb.com/search/title/?title_type=feature&release_date=1990-01-01,&user_rating=5.0,10.0&num_votes=100000,&genres=fantasy&sort=user_rating,desc
[2022-10-11 10:02:41,554] [imdb.py:135]               [DEBUG]    | 100 IMDb IDs Found: ['tt0167260', 'tt0167261', 'tt0120737', 'tt0245429', 'tt0120689', 'tt5311514', 'tt4633694', 'tt2380307', 'tt0119698', 'tt10872600', 'tt0435761', 'tt0114709', 'tt2096673', 'tt0457430', 'tt0347149', 'tt6710474', 'tt4729430', 'tt1201607', 'tt0892769', 'tt0382932', 'tt0325980', 'tt0198781', 'tt0107048', 'tt2948372', 'tt12361974', 'tt0319061', 'tt0103639', 'tt0101414', 'tt3501632', 'tt1139797', 'tt0756683', 'tt0454876', 'tt0304141', 'tt0126029', 'tt0120363', 'tt0107688', 'tt0099487', 'tt2194499', 'tt1646971', 'tt1170358', 'tt0903624', 'tt0499549', 'tt0485947', 'tt0460791', 'tt0421715', 'tt0120601', 'tt4302938', 'tt1979376', 'tt1772341', 'tt1605783', 'tt1490017', 'tt0926084', 'tt0398286', 'tt0373074', 'tt0330373', 'tt0327597', 'tt0158983', 'tt3521164', 'tt0876563', 'tt0486655', 'tt0443543', 'tt0441773', 'tt0420223', 'tt0417741', 'tt0241527', 'tt0121766', 'tt0120762', 'tt0118929', 'tt1211837', 'tt0970179', 'tt0446029', 'tt0396171', 'tt0373889', 'tt0312004', 'tt0120789', 'tt0110148', 'tt0109506', 'tt9484998', 'tt9376612', 'tt7984734', 'tt7146812', 'tt3040964', 'tt2386490', 'tt2310332', 'tt2294629', 'tt12801262', 'tt0451279', 'tt0295297', 'tt0120917', 'tt0103874', 'tt5606664', 'tt5580390', 'tt5109280', 'tt4116284', 'tt1453405', 'tt1109624', 'tt0445922', 'tt0383574', 'tt0359950', 'tt0298148']
[2022-10-11 10:02:41,554] [builder.py:1540]           [DEBUG]    | 
[2022-10-11 10:02:41,555] [builder.py:1541]           [DEBUG]    | 100 IDs Found: [('tt0167260', 'imdb'), ('tt0167261', 'imdb'), ('tt0120737', 'imdb'), ('tt0245429', 'imdb'), ('tt0120689', 'imdb'), ('tt5311514', 'imdb'), ('tt4633694', 'imdb'), ('tt2380307', 'imdb'), ('tt0119698', 'imdb'), ('tt10872600', 'imdb'), ('tt0435761', 'imdb'), ('tt0114709', 'imdb'), ('tt2096673', 'imdb'), ('tt0457430', 'imdb'), ('tt0347149', 'imdb'), ('tt6710474', 'imdb'), ('tt4729430', 'imdb'), ('tt1201607', 'imdb'), ('tt0892769', 'imdb'), ('tt0382932', 'imdb'), ('tt0325980', 'imdb'), ('tt0198781', 'imdb'), ('tt0107048', 'imdb'), ('tt2948372', 'imdb'), ('tt12361974', 'imdb'), ('tt0319061', 'imdb'), ('tt0103639', 'imdb'), ('tt0101414', 'imdb'), ('tt3501632', 'imdb'), ('tt1139797', 'imdb'), ('tt0756683', 'imdb'), ('tt0454876', 'imdb'), ('tt0304141', 'imdb'), ('tt0126029', 'imdb'), ('tt0120363', 'imdb'), ('tt0107688', 'imdb'), ('tt0099487', 'imdb'), ('tt2194499', 'imdb'), ('tt1646971', 'imdb'), ('tt1170358', 'imdb'), ('tt0903624', 'imdb'), ('tt0499549', 'imdb'), ('tt0485947', 'imdb'), ('tt0460791', 'imdb'), ('tt0421715', 'imdb'), ('tt0120601', 'imdb'), ('tt4302938', 'imdb'), ('tt1979376', 'imdb'), ('tt1772341', 'imdb'), ('tt1605783', 'imdb'), ('tt1490017', 'imdb'), ('tt0926084', 'imdb'), ('tt0398286', 'imdb'), ('tt0373074', 'imdb'), ('tt0330373', 'imdb'), ('tt0327597', 'imdb'), ('tt0158983', 'imdb'), ('tt3521164', 'imdb'), ('tt0876563', 'imdb'), ('tt0486655', 'imdb'), ('tt0443543', 'imdb'), ('tt0441773', 'imdb'), ('tt0420223', 'imdb'), ('tt0417741', 'imdb'), ('tt0241527', 'imdb'), ('tt0121766', 'imdb'), ('tt0120762', 'imdb'), ('tt0118929', 'imdb'), ('tt1211837', 'imdb'), ('tt0970179', 'imdb'), ('tt0446029', 'imdb'), ('tt0396171', 'imdb'), ('tt0373889', 'imdb'), ('tt0312004', 'imdb'), ('tt0120789', 'imdb'), ('tt0110148', 'imdb'), ('tt0109506', 'imdb'), ('tt9484998', 'imdb'), ('tt9376612', 'imdb'), ('tt7984734', 'imdb'), ('tt7146812', 'imdb'), ('tt3040964', 'imdb'), ('tt2386490', 'imdb'), ('tt2310332', 'imdb'), ('tt2294629', 'imdb'), ('tt12801262', 'imdb'), ('tt0451279', 'imdb'), ('tt0295297', 'imdb'), ('tt0120917', 'imdb'), ('tt0103874', 'imdb'), ('tt5606664', 'imdb'), ('tt5580390', 'imdb'), ('tt5109280', 'imdb'), ('tt4116284', 'imdb'), ('tt1453405', 'imdb'), ('tt1109624', 'imdb'), ('tt0445922', 'imdb'), ('tt0383574', 'imdb'), ('tt0359950', 'imdb'), ('tt0298148', 'imdb')]
[2022-10-11 10:02:41,555] [builder.py:1542]           [DEBUG]    | 
[2022-10-11 10:02:41,616] [builder.py:2064]           [INFO]     | 
[2022-10-11 10:02:41,618] [builder.py:2065]           [INFO]     |=================================== Adding to Fantasy Collection ===================================|
[2022-10-11 10:02:41,618] [builder.py:2066]           [INFO]     |                                                                                                    |
[2022-10-11 10:02:41,632] [builder.py:2080]           [INFO]     |   1/172 | Fantasy Collection | + | 1001 Pattes (1998)                                              |
[2022-10-11 10:02:41,725] [builder.py:2080]           [INFO]     |   2/172 | Fantasy Collection | + | Ainbo, princesse d'Amazonie (2021)                              |
[2022-10-11 10:02:41,745] [builder.py:2080]           [INFO]     |   3/172 | Fantasy Collection | + | Akira (1988)                                                    |
[2022-10-11 10:02:41,763] [builder.py:2080]           [INFO]     |   4/172 | Fantasy Collection | + | Aladdin (1992)                                                  |
[2022-10-11 10:02:41,780] [builder.py:2080]           [INFO]     |   5/172 | Fantasy Collection | + | Alice au pays des merveilles (2010)                             |
[2022-10-11 10:02:41,798] [builder.py:2080]           [INFO]     |   6/172 | Fantasy Collection | + | Arrietty, le petit monde des chapardeurs (2010)                 |
[2022-10-11 10:02:41,815] [builder.py:2080]           [INFO]     |   7/172 | Fantasy Collection | + | Astérix - Le Secret de la Potion Magique (2018)                 |
[2022-10-11 10:02:41,830] [builder.py:2080]           [INFO]     |   8/172 | Fantasy Collection | + | Atlantide, l'empire perdu (2001)                                |
[2022-10-11 10:02:41,847] [builder.py:2080]           [INFO]     |   9/172 | Fantasy Collection | + | Baby Boss (2017)                                                |
[2022-10-11 10:02:41,863] [builder.py:2080]           [INFO]     |  10/172 | Fantasy Collection | + | Baby Boss 2 : Une affaire de famille (2021)                     |
[2022-10-11 10:02:41,879] [builder.py:2080]           [INFO]     |  11/172 | Fantasy Collection | + | Bambi 2 (2006)                                                  |
[2022-10-11 10:02:41,896] [builder.py:2080]           [INFO]     |  12/172 | Fantasy Collection | + | Batman : Un deuil dans la famille (2020)                        |
[2022-10-11 10:02:41,919] [builder.py:2080]           [INFO]     |  13/172 | Fantasy Collection | + | Batman et Harley Quinn (2017)                                   |
[2022-10-11 10:02:41,935] [builder.py:2080]           [INFO]     |  14/172 | Fantasy Collection | + | Batman vs. Robin (2015)                                         |
[2022-10-11 10:02:41,951] [builder.py:2080]           [INFO]     |  15/172 | Fantasy Collection | + | Batman, Assaut sur Arkham (2014)                                |
[2022-10-11 10:02:41,967] [builder.py:2080]           [INFO]     |  16/172 | Fantasy Collection | + | Batman: Gotham by Gaslight (2018)                               |
[2022-10-11 10:02:41,987] [builder.py:2080]           [INFO]     |  17/172 | Fantasy Collection | + | Batman: La Mystérieuse Batwoman (2003)                          |
[2022-10-11 10:02:42,011] [builder.py:2080]           [INFO]     |  18/172 | Fantasy Collection | + | Batman: Soul of the Dragon (2021)                               |
[2022-10-11 10:02:42,030] [builder.py:2080]           [INFO]     |  19/172 | Fantasy Collection | + | Belle (2021)                                                    |
[2022-10-11 10:02:42,046] [builder.py:2080]           [INFO]     |  20/172 | Fantasy Collection | + | La Belle au bois dormant (1959)                                 |
[2022-10-11 10:02:42,063] [builder.py:2080]           [INFO]     |  21/172 | Fantasy Collection | + | La Belle et la Bête (1991)                                      |
[2022-10-11 10:02:42,078] [builder.py:2080]           [INFO]     |  22/172 | Fantasy Collection | + | Bernard et Bianca au Pays des Kangourous (1990)                 |
[2022-10-11 10:02:42,101] [builder.py:2080]           [INFO]     |  23/172 | Fantasy Collection | + | Bienvenue chez les Loud : Le film (2021)                        |
[2022-10-11 10:02:42,224] [builder.py:2080]           [INFO]     |  24/172 | Fantasy Collection | + | Blanche Neige, les souliers rouges et les sept nains (2019)     |
[2022-10-11 10:02:42,241] [builder.py:2080]           [INFO]     |  25/172 | Fantasy Collection | + | Cendrillon (2015)                                               |
[2022-10-11 10:02:42,256] [builder.py:2080]           [INFO]     |  26/172 | Fantasy Collection | + | Chicken Little (2005)                                           |
[2022-10-11 10:02:42,271] [builder.py:2080]           [INFO]     |  27/172 | Fantasy Collection | + | Clochette et l’Expédition Féerique (2010)                       |
[2022-10-11 10:02:42,286] [builder.py:2080]           [INFO]     |  28/172 | Fantasy Collection | + | Clochette et la Créature Légendaire (2014)                      |
[2022-10-11 10:02:42,302] [builder.py:2080]           [INFO]     |  29/172 | Fantasy Collection | + | Clochette et la fée pirate (2014)                               |
[2022-10-11 10:02:42,317] [builder.py:2080]           [INFO]     |  30/172 | Fantasy Collection | + | Clochette et le secret des fées (2012)                          |
[2022-10-11 10:02:42,332] [builder.py:2080]           [INFO]     |  31/172 | Fantasy Collection | + | Demon Slayer : Kimetsu no Yaiba - Le film : Le train de l'Infini (2020) |
[2022-10-11 10:02:42,347] [builder.py:2080]           [INFO]     |  32/172 | Fantasy Collection | + | Dinosaure (2000)                                                |
[2022-10-11 10:02:42,362] [builder.py:2080]           [INFO]     |  33/172 | Fantasy Collection | + | Docteur Strange Le Sorcier Supreme (2007)                       |
[2022-10-11 10:02:42,377] [builder.py:2080]           [INFO]     |  34/172 | Fantasy Collection | + | Dragons (2010)                                                  |
[2022-10-11 10:02:42,393] [builder.py:2080]           [INFO]     |  35/172 | Fantasy Collection | + | Dragons : Le cadeau du Furie Nocturne (2011)                    |
[2022-10-11 10:02:42,408] [builder.py:2080]           [INFO]     |  36/172 | Fantasy Collection | + | Dragons 2 (2014)                                                |
[2022-10-11 10:02:42,423] [builder.py:2080]           [INFO]     |  37/172 | Fantasy Collection | + | Dragons 3 : Le monde caché (2019)                               |
[2022-10-11 10:02:42,438] [builder.py:2080]           [INFO]     |  38/172 | Fantasy Collection | + | Dumbo (2019)                                                    |
[2022-10-11 10:02:42,452] [builder.py:2080]           [INFO]     |  39/172 | Fantasy Collection | + | Encanto, la fantastique famille Madrigal (2021)                 |
[2022-10-11 10:02:42,468] [builder.py:2080]           [INFO]     |  40/172 | Fantasy Collection | + | La Famille Addams (2019)                                        |
[2022-10-11 10:02:43,102] [builder.py:2080]           [INFO]     |  41/172 | Fantasy Collection | + | La Famille Addams 2 : Une virée d'enfer (2021)                  |
[2022-10-11 10:02:43,117] [builder.py:2080]           [INFO]     |  42/172 | Fantasy Collection | + | Fantasia 2000 (1999)                                            |
[2022-10-11 10:02:43,568] [builder.py:2080]           [INFO]     |  43/172 | Fantasy Collection | + | Frère des ours (2003)                                           |
[2022-10-11 10:02:43,587] [builder.py:2080]           [INFO]     |  44/172 | Fantasy Collection | + | Green Lantern: Le Complot (2009)                                |
[2022-10-11 10:02:43,603] [builder.py:2080]           [INFO]     |  45/172 | Fantasy Collection | + | Green Lantern: Les Chevaliers De L'Emeraude (2011)              |
[2022-10-11 10:02:43,684] [builder.py:2080]           [INFO]     |  46/172 | Fantasy Collection | + | Hansel & Gretel : Agents secrets (2021)                         |
[2022-10-11 10:02:43,703] [builder.py:2080]           [INFO]     |  47/172 | Fantasy Collection | + | Hellboy Animated : De sang et de fer (2007)                     |
[2022-10-11 10:02:43,722] [builder.py:2080]           [INFO]     |  48/172 | Fantasy Collection | + | Hellboy Animated : Le Sabre des Tempêtes (2006)                 |
[2022-10-11 10:02:43,739] [builder.py:2080]           [INFO]     |  49/172 | Fantasy Collection | + | Hercule (1997)                                                  |
[2022-10-11 10:02:43,758] [builder.py:2080]           [INFO]     |  50/172 | Fantasy Collection | + | Hôtel Transylvanie (2012)                                       |
[2022-10-11 10:02:43,776] [builder.py:2080]           [INFO]     |  51/172 | Fantasy Collection | + | Hôtel Transylvanie 2 (2015)                                     |
[2022-10-11 10:02:43,792] [builder.py:2080]           [INFO]     |  52/172 | Fantasy Collection | + | Hôtel Transylvanie 3 : Des vacances monstrueuses (2018)         |
[2022-10-11 10:02:43,809] [builder.py:2080]           [INFO]     |  53/172 | Fantasy Collection | + | Hôtel Transylvanie : Changements monstres (2022)                |
[2022-10-11 10:02:43,828] [builder.py:2080]           [INFO]     |  54/172 | Fantasy Collection | + | Hulk vs. Thor et Wolverine (2009)                               |
[2022-10-11 10:02:43,846] [builder.py:2080]           [INFO]     |  55/172 | Fantasy Collection | + | Icare (2022)                                                    |
[2022-10-11 10:02:43,864] [builder.py:2080]           [INFO]     |  56/172 | Fantasy Collection | + | Injustice (2021)                                                |
[2022-10-11 10:02:43,880] [builder.py:2080]           [INFO]     |  57/172 | Fantasy Collection | + | Jujutsu Kaisen 0 (2021)                                         |
[2022-10-11 10:02:43,899] [builder.py:2080]           [INFO]     |  58/172 | Fantasy Collection | + | Justice League Dark (2017)                                      |
[2022-10-11 10:02:43,917] [builder.py:2080]           [INFO]     |  59/172 | Fantasy Collection | + | Justice League Dark: Apokolips War (2020)                       |
[2022-10-11 10:02:43,934] [builder.py:2080]           [INFO]     |  60/172 | Fantasy Collection | + | Justice League vs. the Fatal Five (2019)                        |
[2022-10-11 10:02:43,950] [builder.py:2080]           [INFO]     |  61/172 | Fantasy Collection | + | Justice Society : World War II (2021)                           |
[2022-10-11 10:02:43,968] [builder.py:2080]           [INFO]     |  62/172 | Fantasy Collection | + | Kiki la petite sorcière (1989)                                  |
[2022-10-11 10:02:43,983] [builder.py:2080]           [INFO]     |  63/172 | Fantasy Collection | + | Krypto et les Super-Animaux (2022)                              |
[2022-10-11 10:02:44,002] [builder.py:2080]           [INFO]     |  64/172 | Fantasy Collection | + | Kung Fu Panda (2008)                                            |
[2022-10-11 10:02:44,020] [builder.py:2080]           [INFO]     |  65/172 | Fantasy Collection | + | Kung Fu Panda 2 (2011)                                          |
[2022-10-11 10:02:44,039] [builder.py:2080]           [INFO]     |  66/172 | Fantasy Collection | + | Kung Fu Panda 3 (2016)                                          |
[2022-10-11 10:02:44,055] [builder.py:2080]           [INFO]     |  67/172 | Fantasy Collection | + | Kuzco, l'empereur mégalo (2000)                                 |
[2022-10-11 10:02:44,142] [builder.py:2080]           [INFO]     |  68/172 | Fantasy Collection | + | Le Château ambulant (2004)                                      |
[2022-10-11 10:02:44,246] [builder.py:2080]           [INFO]     |  69/172 | Fantasy Collection | + | Le Château dans le ciel (1986)                                  |
[2022-10-11 10:02:44,270] [builder.py:2080]           [INFO]     |  70/172 | Fantasy Collection | + | Le Conte de la princesse Kaguya (2013)                          |
[2022-10-11 10:02:44,290] [builder.py:2080]           [INFO]     |  71/172 | Fantasy Collection | + | Le Dragon-Génie (2021)                                          |
[2022-10-11 10:02:44,305] [builder.py:2080]           [INFO]     |  72/172 | Fantasy Collection | + | Le fils de Batman (2014)                                        |
[2022-10-11 10:02:44,324] [builder.py:2080]           [INFO]     |  73/172 | Fantasy Collection | + | Le Monde de Nemo (2003)                                         |
[2022-10-11 10:02:44,341] [builder.py:2080]           [INFO]     |  74/172 | Fantasy Collection | + | Le peuple loup (2020)                                           |
[2022-10-11 10:02:44,357] [builder.py:2080]           [INFO]     |  75/172 | Fantasy Collection | + | Le Retour de Mewtwo (2000)                                      |
[2022-10-11 10:02:44,375] [builder.py:2080]           [INFO]     |  76/172 | Fantasy Collection | + | Le Royaume de Terracotta (2021)                                 |
[2022-10-11 10:02:44,391] [builder.py:2080]           [INFO]     |  77/172 | Fantasy Collection | + | Le Royaume des chats (2002)                                     |
[2022-10-11 10:02:44,407] [builder.py:2080]           [INFO]     |  78/172 | Fantasy Collection | + | Le Voyage de Chihiro (2001)                                     |
[2022-10-11 10:02:44,426] [builder.py:2080]           [INFO]     |  79/172 | Fantasy Collection | + | La Grande Aventure LEGO (2014)                                  |
[2022-10-11 10:02:44,444] [builder.py:2080]           [INFO]     |  80/172 | Fantasy Collection | + | Les Aventures de Bernard et Bianca (1977)                       |
[2022-10-11 10:02:44,461] [builder.py:2080]           [INFO]     |  81/172 | Fantasy Collection | + | Les Contes de Terremer (2006)                                   |
[2022-10-11 10:02:44,479] [builder.py:2080]           [INFO]     |  82/172 | Fantasy Collection | + | Les Héros Pokémon (2002)                                        |
[2022-10-11 10:02:44,496] [builder.py:2080]           [INFO]     |  83/172 | Fantasy Collection | + | Les Mondes de Ralph (2012)                                      |
[2022-10-11 10:02:44,512] [builder.py:2080]           [INFO]     |  84/172 | Fantasy Collection | + | Les Murs vagabonds (2022)                                       |
[2022-10-11 10:02:44,531] [builder.py:2080]           [INFO]     |  85/172 | Fantasy Collection | + | La Ligue des Justiciers : Crise sur deux terres (2010)          |
[2022-10-11 10:02:44,549] [builder.py:2080]           [INFO]     |  86/172 | Fantasy Collection | + | La Ligue des Justiciers : Dieux et Monstres (2015)              |
[2022-10-11 10:02:44,565] [builder.py:2080]           [INFO]     |  87/172 | Fantasy Collection | + | La Ligue des Justiciers : Échec (2012)                          |
[2022-10-11 10:02:44,585] [builder.py:2080]           [INFO]     |  88/172 | Fantasy Collection | + | La Ligue des Justiciers : Le Paradoxe Flashpoint (2013)         |
[2022-10-11 10:02:44,603] [builder.py:2080]           [INFO]     |  89/172 | Fantasy Collection | + | La Ligue des Justiciers : Le Trône de l'Atlantide (2015)        |
[2022-10-11 10:02:44,683] [builder.py:2080]           [INFO]     |  90/172 | Fantasy Collection | + | La Ligue des justiciers : Nouvelle frontière (2008)             |
[2022-10-11 10:02:44,702] [builder.py:2080]           [INFO]     |  91/172 | Fantasy Collection | + | La Ligue des justiciers vs les Teen Titans (2016)               |
[2022-10-11 10:02:44,719] [builder.py:2080]           [INFO]     |  92/172 | Fantasy Collection | + | Lilo et Stitch (2002)                                           |
[2022-10-11 10:02:44,734] [builder.py:2080]           [INFO]     |  93/172 | Fantasy Collection | + | Luca (2021)                                                     |
[2022-10-11 10:02:44,753] [builder.py:2080]           [INFO]     |  94/172 | Fantasy Collection | + | Merlin l'enchanteur (1963)                                      |
[2022-10-11 10:02:44,769] [builder.py:2080]           [INFO]     |  95/172 | Fantasy Collection | + | Mon ninja et moi (2018)                                         |
[2022-10-11 10:02:44,786] [builder.py:2080]           [INFO]     |  96/172 | Fantasy Collection | + | Mon voisin Totoro (1988)                                        |
[2022-10-11 10:02:44,807] [builder.py:2080]           [INFO]     |  97/172 | Fantasy Collection | + | Monster Hunter: Legends of the Guild (2021)                     |
[2022-10-11 10:02:44,824] [builder.py:2080]           [INFO]     |  98/172 | Fantasy Collection | + | Monstres & Cie (2001)                                           |
[2022-10-11 10:02:44,843] [builder.py:2080]           [INFO]     |  99/172 | Fantasy Collection | + | Monstres Academy (2013)                                         |
[2022-10-11 10:02:44,862] [builder.py:2080]           [INFO]     | 100/172 | Fantasy Collection | + | La Mort de Superman (2018)                                      |
[2022-10-11 10:02:44,877] [builder.py:2080]           [INFO]     | 101/172 | Fantasy Collection | + | La Mort et le Retour de Superman (2019)                         |
[2022-10-11 10:02:44,893] [builder.py:2080]           [INFO]     | 102/172 | Fantasy Collection | + | Mortal Kombat Legends : Scorpion's Revenge (2020)               |
[2022-10-11 10:02:44,911] [builder.py:2080]           [INFO]     | 103/172 | Fantasy Collection | + | Mortal Kombat Legends: Battle of the Realms (2021)              |
[2022-10-11 10:02:44,927] [builder.py:2080]           [INFO]     | 104/172 | Fantasy Collection | + | Mulan (1998)                                                    |
[2022-10-11 10:02:44,944] [builder.py:2080]           [INFO]     | 105/172 | Fantasy Collection | + | Nausicaä de la vallée du vent (1984)                            |
[2022-10-11 10:02:44,962] [builder.py:2080]           [INFO]     | 106/172 | Fantasy Collection | + | Next Avengers (2008)                                            |
[2022-10-11 10:02:44,978] [builder.py:2080]           [INFO]     | 107/172 | Fantasy Collection | + | La Pat' Patrouille : Le Film (2021)                             |
[2022-10-11 10:02:44,995] [builder.py:2080]           [INFO]     | 108/172 | Fantasy Collection | + | Peter Pan (1953)                                                |
[2022-10-11 10:02:45,011] [builder.py:2080]           [INFO]     | 109/172 | Fantasy Collection | + | Peter Pan 2 : Retour au Pays imaginaire (2002)                  |
[2022-10-11 10:02:45,029] [builder.py:2080]           [INFO]     | 110/172 | Fantasy Collection | + | La Petite Sirène (1989)                                         |
[2022-10-11 10:02:45,048] [builder.py:2080]           [INFO]     | 111/172 | Fantasy Collection | + | Pierre Lapin (2018)                                             |
[2022-10-11 10:02:45,132] [builder.py:2080]           [INFO]     | 112/172 | Fantasy Collection | + | Pikachu à la rescousse (1999)                                   |
[2022-10-11 10:02:45,162] [builder.py:2080]           [INFO]     | 113/172 | Fantasy Collection | + | Pil (2021)                                                      |
[2022-10-11 10:02:45,178] [builder.py:2080]           [INFO]     | 114/172 | Fantasy Collection | + | Pinocchio (2019)                                                |
[2022-10-11 10:02:45,195] [builder.py:2080]           [INFO]     | 115/172 | Fantasy Collection | + | La Planète au Trésor : Un nouvel univers (2002)                 |
[2022-10-11 10:02:45,210] [builder.py:2080]           [INFO]     | 116/172 | Fantasy Collection | + | Pokémon : Arceus et le Joyau de Vie (2009)                      |
[2022-10-11 10:02:45,227] [builder.py:2080]           [INFO]     | 117/172 | Fantasy Collection | + | Pokémon : Giratina et le Gardien du Ciel (2008)                 |
[2022-10-11 10:02:45,244] [builder.py:2080]           [INFO]     | 118/172 | Fantasy Collection | + | Pokémon : Jirachi, le génie des vœux (2003)                     |
[2022-10-11 10:02:45,260] [builder.py:2080]           [INFO]     | 119/172 | Fantasy Collection | + | Pokémon : L'ascension de Darkrai (2007)                         |
[2022-10-11 10:02:45,276] [builder.py:2080]           [INFO]     | 120/172 | Fantasy Collection | + | Pokémon : La destinée de Deoxys (2004)                          |
[2022-10-11 10:02:45,292] [builder.py:2080]           [INFO]     | 121/172 | Fantasy Collection | + | Pokémon : Lucario et le Mystère de Mew (2005)                   |
[2022-10-11 10:02:45,310] [builder.py:2080]           [INFO]     | 122/172 | Fantasy Collection | + | Pokémon : Zoroark, le Maître des Illusions (2010)               |
[2022-10-11 10:02:45,327] [builder.py:2080]           [INFO]     | 123/172 | Fantasy Collection | + | Pokémon 2 : Le pouvoir est en toi (1999)                        |
[2022-10-11 10:02:45,346] [builder.py:2080]           [INFO]     | 124/172 | Fantasy Collection | + | Pokémon 3 : Le Sort des Zarbi (2000)                            |
[2022-10-11 10:02:45,364] [builder.py:2080]           [INFO]     | 125/172 | Fantasy Collection | + | Pokémon 4Ever : Célébi, la voix de la forêt (2001)              |
[2022-10-11 10:02:45,380] [builder.py:2080]           [INFO]     | 126/172 | Fantasy Collection | + | Pokémon Ranger et le Temple des Mers (2006)                     |
[2022-10-11 10:02:45,398] [builder.py:2080]           [INFO]     | 127/172 | Fantasy Collection | + | Pokémon, le film : Blanc - Victini et Zekrom (2011)             |
[2022-10-11 10:02:45,415] [builder.py:2080]           [INFO]     | 128/172 | Fantasy Collection | + | Pokémon, le film : Diancie et le cocon de l'annihilation (2014) |
[2022-10-11 10:02:45,432] [builder.py:2080]           [INFO]     | 129/172 | Fantasy Collection | + | Pokémon, le film : Genesect et l’éveil de la légende (2013)     |
[2022-10-11 10:02:45,450] [builder.py:2080]           [INFO]     | 130/172 | Fantasy Collection | + | Pokémon, le film : Hoopa et le choc des légendes (2015)         |
[2022-10-11 10:02:45,466] [builder.py:2080]           [INFO]     | 131/172 | Fantasy Collection | + | Pokémon, le film : Je te choisis ! (2017)                       |
[2022-10-11 10:02:45,485] [builder.py:2080]           [INFO]     | 132/172 | Fantasy Collection | + | Pokémon, le film : Kyurem VS la Lame de la Justice (2012)       |
[2022-10-11 10:02:45,502] [builder.py:2080]           [INFO]     | 133/172 | Fantasy Collection | + | Pokémon, le film : Mewtwo contre Mew (1998)                     |
[2022-10-11 10:02:45,591] [builder.py:2080]           [INFO]     | 134/172 | Fantasy Collection | + | Pokémon, le film : Noir - Victini et Reshiram (2011)            |
[2022-10-11 10:02:45,611] [builder.py:2080]           [INFO]     | 135/172 | Fantasy Collection | + | Pokémon, le film : Volcanion et la merveille mécanique (2016)   |
[2022-10-11 10:02:45,630] [builder.py:2080]           [INFO]     | 136/172 | Fantasy Collection | + | Pompoko (1994)                                                  |
[2022-10-11 10:02:45,645] [builder.py:2080]           [INFO]     | 137/172 | Fantasy Collection | + | Ponyo sur la falaise (2008)                                     |
[2022-10-11 10:02:45,663] [builder.py:2080]           [INFO]     | 138/172 | Fantasy Collection | + | Porco Rosso (1992)                                              |
[2022-10-11 10:02:45,681] [builder.py:2080]           [INFO]     | 139/172 | Fantasy Collection | + | Pretty Guardian Sailor Moon Eternal : Le film - Partie 1 (2021) |
[2022-10-11 10:02:45,699] [builder.py:2080]           [INFO]     | 140/172 | Fantasy Collection | + | La Princesse et la grenouille (2009)                            |
[2022-10-11 10:02:45,716] [builder.py:2080]           [INFO]     | 141/172 | Fantasy Collection | + | Princesse Mononoké (1997)                                       |
[2022-10-11 10:02:45,733] [builder.py:2080]           [INFO]     | 142/172 | Fantasy Collection | + | Raiponce (2010)                                                 |
[2022-10-11 10:02:45,749] [builder.py:2080]           [INFO]     | 143/172 | Fantasy Collection | + | Ratatouille (2007)                                              |
[2022-10-11 10:02:45,766] [builder.py:2080]           [INFO]     | 144/172 | Fantasy Collection | + | Raya et le Dernier Dragon (2021)                                |
[2022-10-11 10:02:45,784] [builder.py:2080]           [INFO]     | 145/172 | Fantasy Collection | + | Rebelle (2012)                                                  |
[2022-10-11 10:02:45,800] [builder.py:2080]           [INFO]     | 146/172 | Fantasy Collection | + | La reine des neiges (2013)                                      |
[2022-10-11 10:02:45,817] [builder.py:2080]           [INFO]     | 147/172 | Fantasy Collection | + | La Reine des neiges II (2019)                                   |
[2022-10-11 10:02:45,833] [builder.py:2080]           [INFO]     | 148/172 | Fantasy Collection | + | Shrek (2001)                                                    |
[2022-10-11 10:02:45,848] [builder.py:2080]           [INFO]     | 149/172 | Fantasy Collection | + | Shrek 2 (2004)                                                  |
[2022-10-11 10:02:45,864] [builder.py:2080]           [INFO]     | 150/172 | Fantasy Collection | + | Shrek le troisième (2007)                                       |
[2022-10-11 10:02:45,880] [builder.py:2080]           [INFO]     | 151/172 | Fantasy Collection | + | Shrek 4, il était une fin (2010)                                |
[2022-10-11 10:02:45,896] [builder.py:2080]           [INFO]     | 152/172 | Fantasy Collection | + | Soul (2020)                                                     |
[2022-10-11 10:02:45,914] [builder.py:2080]           [INFO]     | 153/172 | Fantasy Collection | + | Spider-Man : New Generation (2018)                              |
[2022-10-11 10:02:46,476] [builder.py:2080]           [INFO]     | 154/172 | Fantasy Collection | + | Star Wars : The Clone Wars (2008)                               |
[2022-10-11 10:02:46,496] [builder.py:2080]           [INFO]     | 155/172 | Fantasy Collection | + | Strange Magic (2015)                                            |
[2022-10-11 10:02:46,514] [builder.py:2080]           [INFO]     | 156/172 | Fantasy Collection | + | Suicide Squad: Le Prix de l'Enfer (2018)                        |
[2022-10-11 10:02:46,533] [builder.py:2080]           [INFO]     | 157/172 | Fantasy Collection | + | SuperMan/Batman: Ennemis publics (2009)                         |
[2022-10-11 10:02:46,551] [builder.py:2080]           [INFO]     | 158/172 | Fantasy Collection | + | Superman/Shazam - Le retour de Black Adam (2010)                |
[2022-10-11 10:02:46,568] [builder.py:2080]           [INFO]     | 159/172 | Fantasy Collection | + | Teen Titans Go! Vs. Teen Titans (2019)                          |
[2022-10-11 10:02:46,586] [builder.py:2080]           [INFO]     | 160/172 | Fantasy Collection | + | Teen Titans Le contrat Judas (2017)                             |
[2022-10-11 10:02:46,602] [builder.py:2080]           [INFO]     | 161/172 | Fantasy Collection | + | TMNT: les tortues ninja (2007)                                  |
[2022-10-11 10:02:46,619] [builder.py:2080]           [INFO]     | 162/172 | Fantasy Collection | + | Tom et Jerry : L’Anneau magique (2001)                          |
[2022-10-11 10:02:46,637] [builder.py:2080]           [INFO]     | 163/172 | Fantasy Collection | + | Toy Story (1995)                                                |
[2022-10-11 10:02:46,653] [builder.py:2080]           [INFO]     | 164/172 | Fantasy Collection | + | Toy Story 2 (1999)                                              |
[2022-10-11 10:02:46,672] [builder.py:2080]           [INFO]     | 165/172 | Fantasy Collection | + | Toy Story 3 (2010)                                              |
[2022-10-11 10:02:46,691] [builder.py:2080]           [INFO]     | 166/172 | Fantasy Collection | + | Toy Story 4 (2019)                                              |
[2022-10-11 10:02:46,707] [builder.py:2080]           [INFO]     | 167/172 | Fantasy Collection | + | La Traversée du temps (2006)                                    |
[2022-10-11 10:02:46,724] [builder.py:2080]           [INFO]     | 168/172 | Fantasy Collection | + | Vice-versa (2015)                                               |
[2022-10-11 10:02:46,742] [builder.py:2080]           [INFO]     | 169/172 | Fantasy Collection | + | Winnie l'Ourson : Bonne année (2002)                            |
[2022-10-11 10:02:46,758] [builder.py:2080]           [INFO]     | 170/172 | Fantasy Collection | + | The Witcher : le cauchemar du Loup (2021)                       |
[2022-10-11 10:02:46,776] [builder.py:2080]           [INFO]     | 171/172 | Fantasy Collection | + | Wonder Woman (2009)                                             |
[2022-10-11 10:02:46,793] [builder.py:2080]           [INFO]     | 172/172 | Fantasy Collection | + | Your Name. (2016)                                               |
[2022-10-11 10:02:47,536] [builder.py:2100]           [INFO]     |                                                                                                    |
[2022-10-11 10:02:47,536] [builder.py:2102]           [INFO]     | 172 Movies Processed 172 Movies Added                                                              |
[2022-10-11 10:02:47,537] [builder.py:2228]           [INFO]     |                                                                                                    |
[2022-10-11 10:02:47,537] [builder.py:2229]           [INFO]     |======================== Missing Movies from Library: Z. 5 - Film Animation ========================|
[2022-10-11 10:02:47,537] [builder.py:2230]           [INFO]     |                                                                                                    |
[2022-10-11 10:02:47,561] [builder.py:2243]           [INFO]     | Fantasy Collection | ? | Hocus Pocus (1993) (TMDb: 10439)                                          |
[2022-10-11 10:02:47,580] [builder.py:2243]           [INFO]     | Fantasy Collection | ? | Thor: Love and Thunder (2022) (TMDb: 616037)                              |
[2022-10-11 10:02:47,629] [builder.py:2243]           [INFO]     | Fantasy Collection | ? | Avatar (2009) (TMDb: 19995)                                               |
[2022-10-11 10:02:47,640] [builder.py:2243]           [INFO]     | Fantasy Collection | ? | Everything Everywhere All at Once (2022) (TMDb: 545611)                   |
[2022-10-11 10:02:47,671] [builder.py:2243]           [INFO]     | Fantasy Collection | ? | The Lord of the Rings: The Fellowship of the Ring (2001) (TMDb: 120)      |
[2022-10-11 10:02:47,672] [builder.py:2243]           [INFO]     | Fantasy Collection | ? | Interview with the Vampire (1994) (TMDb: 628)                             |
[2022-10-11 10:02:47,686] [builder.py:2243]           [INFO]     | Fantasy Collection | ? | The Northman (2022) (TMDb: 639933)                                        |
[2022-10-11 10:02:47,713] [builder.py:2243]           [INFO]     | Fantasy Collection | ? | Spider-Man: No Way Home (2021) (TMDb: 634649)                             |
[2022-10-11 10:02:47,723] [builder.py:2243]           [INFO]     | Fantasy Collection | ? | The Nightmare Before Christmas (1993) (TMDb: 9479)                        |
[2022-10-11 10:02:47,754] [builder.py:2243]           [INFO]     | Fantasy Collection | ? | The Witch (2015) (TMDb: 310131)                                           |
[2022-10-11 10:02:47,763] [builder.py:2243]           [INFO]     | Fantasy Collection | ? | The Lord of the Rings: The Return of the King (2003) (TMDb: 122)          |
[2022-10-11 10:02:47,778] [builder.py:2243]           [INFO]     | Fantasy Collection | ? | Harry Potter and the Philosopher's Stone (2001) (TMDb: 671)               |
[2022-10-11 10:02:47,811] [builder.py:2243]           [INFO]     | Fantasy Collection | ? | Doctor Strange in the Multiverse of Madness (2022) (TMDb: 453395)         |
[2022-10-11 10:02:47,831] [builder.py:2243]           [INFO]     | Fantasy Collection | ? | Ghostbusters: Afterlife (2021) (TMDb: 425909)                             |
[2022-10-11 10:02:47,845] [builder.py:2243]           [INFO]     | Fantasy Collection | ? | The Lord of the Rings: The Two Towers (2002) (TMDb: 121)                  |
[2022-10-11 10:02:47,862] [builder.py:2243]           [INFO]     | Fantasy Collection | ? | Edward Scissorhands (1990) (TMDb: 162)                                    |
[2022-10-11 10:02:47,895] [builder.py:2243]           [INFO]     | Fantasy Collection | ? | Sleepy Hollow (1999) (TMDb: 2668)                                         |
[2022-10-11 10:02:47,912] [builder.py:2243]           [INFO]     | Fantasy Collection | ? | The Addams Family (1991) (TMDb: 2907)                                     |
[2022-10-11 10:02:47,932] [builder.py:2243]           [INFO]     | Fantasy Collection | ? | Casper (1995) (TMDb: 8839)                                                |
[2022-10-11 10:02:47,957] [builder.py:2243]           [INFO]     | Fantasy Collection | ? | Scooby-Doo (2002) (TMDb: 9637)                                            |
[2022-10-11 10:02:47,988] [builder.py:2243]           [INFO]     | Fantasy Collection | ? | Bram Stoker's Dracula (1992) (TMDb: 6114)                                 |
[2022-10-11 10:02:48,007] [builder.py:2243]           [INFO]     | Fantasy Collection | ? | Eternals (2021) (TMDb: 524434)                                            |
[2022-10-11 10:02:48,032] [builder.py:2243]           [INFO]     | Fantasy Collection | ? | Doctor Sleep (2019) (TMDb: 501170)                                        |
[2022-10-11 10:02:48,057] [builder.py:2243]           [INFO]     | Fantasy Collection | ? | The Hobbit: An Unexpected Journey (2012) (TMDb: 49051)                    |
[2022-10-11 10:02:48,125] [builder.py:2243]           [INFO]     | Fantasy Collection | ? | Constantine (2005) (TMDb: 561)                                            |
[2022-10-11 10:02:48,149] [builder.py:2243]           [INFO]     | Fantasy Collection | ? | Free Guy (2021) (TMDb: 550988)                                            |
[2022-10-11 10:02:48,174] [builder.py:2243]           [INFO]     | Fantasy Collection | ? | Fantastic Beasts: The Secrets of Dumbledore (2022) (TMDb: 338953)         |
[2022-10-11 10:02:48,199] [builder.py:2243]           [INFO]     | Fantasy Collection | ? | Death Becomes Her (1992) (TMDb: 9374)                                     |
[2022-10-11 10:02:48,224] [builder.py:2243]           [INFO]     | Fantasy Collection | ? | Stardust (2007) (TMDb: 2270)                                              |
[2022-10-11 10:02:48,249] [builder.py:2243]           [INFO]     | Fantasy Collection | ? | The Mummy (1999) (TMDb: 564)                                              |
[2022-10-11 10:02:48,279] [builder.py:2243]           [INFO]     | Fantasy Collection | ? | Star Wars: The Rise of Skywalker (2019) (TMDb: 181812)                    |
[2022-10-11 10:02:48,299] [builder.py:2243]           [INFO]     | Fantasy Collection | ? | It Chapter Two (2019) (TMDb: 474350)                                      |
[2022-10-11 10:02:48,324] [builder.py:2243]           [INFO]     | Fantasy Collection | ? | The Green Mile (1999) (TMDb: 497)                                         |
[2022-10-11 10:02:48,366] [builder.py:2243]           [INFO]     | Fantasy Collection | ? | Twilight, chapitre 1 : Fascination (2008) (TMDb: 8966)                    |
[2022-10-11 10:02:48,391] [builder.py:2243]           [INFO]     | Fantasy Collection | ? | Coraline (2009) (TMDb: 14836)                                             |
[2022-10-11 10:02:48,416] [builder.py:2243]           [INFO]     | Fantasy Collection | ? | Pirates of the Caribbean: The Curse of the Black Pearl (2003) (TMDb: 22)  |
[2022-10-11 10:02:48,441] [builder.py:2243]           [INFO]     | Fantasy Collection | ? | The Hobbit: The Desolation of Smaug (2013) (TMDb: 57158)                  |
[2022-10-11 10:02:48,492] [builder.py:2243]           [INFO]     | Fantasy Collection | ? | La Forme de l'eau (2017) (TMDb: 399055)                                   |
[2022-10-11 10:02:48,549] [builder.py:2243]           [INFO]     | Fantasy Collection | ? | The Mortal Instruments: City of Bones (2013) (TMDb: 123553)               |
[2022-10-11 10:02:48,600] [builder.py:2243]           [INFO]     | Fantasy Collection | ? | Thor: Ragnarok (2017) (TMDb: 284053)                                      |
[2022-10-11 10:02:48,633] [builder.py:2243]           [INFO]     | Fantasy Collection | ? | Pan's Labyrinth (2006) (TMDb: 1417)                                       |
[2022-10-11 10:02:48,691] [builder.py:2243]           [INFO]     | Fantasy Collection | ? | The Age of Adaline (2015) (TMDb: 293863)                                  |
[2022-10-11 10:02:48,733] [builder.py:2243]           [INFO]     | Fantasy Collection | ? | About Time (2013) (TMDb: 122906)                                          |
[2022-10-11 10:02:48,758] [builder.py:2243]           [INFO]     | Fantasy Collection | ? | Corpse Bride (2005) (TMDb: 3933)                                          |
[2022-10-11 10:02:48,788] [builder.py:2243]           [INFO]     | Fantasy Collection | ? | Suicide Squad (2016) (TMDb: 297761)                                       |
[2022-10-11 10:02:48,808] [builder.py:2243]           [INFO]     | Fantasy Collection | ? | Harry Potter and the Deathly Hallows: Part 2 (2011) (TMDb: 12445)         |
[2022-10-11 10:02:48,858] [builder.py:2243]           [INFO]     | Fantasy Collection | ? | Beauty and the Beast (2017) (TMDb: 321612)                                |
[2022-10-11 10:02:48,883] [builder.py:2243]           [INFO]     | Fantasy Collection | ? | Star Wars: The Last Jedi (2017) (TMDb: 181808)                            |
[2022-10-11 10:02:48,909] [builder.py:2243]           [INFO]     | Fantasy Collection | ? | Harry Potter and the Goblet of Fire (2005) (TMDb: 674)                    |
[2022-10-11 10:02:48,933] [builder.py:2243]           [INFO]     | Fantasy Collection | ? | Zack Snyder's Justice League (2021) (TMDb: 791373)                        |
[2022-10-11 10:02:48,975] [builder.py:2243]           [INFO]     | Fantasy Collection | ? | Harry Potter et la Chambre des secrets (2002) (TMDb: 672)                 |
[2022-10-11 10:02:49,000] [builder.py:2243]           [INFO]     | Fantasy Collection | ? | The Lighthouse (2019) (TMDb: 503919)                                      |
[2022-10-11 10:02:49,042] [builder.py:2243]           [INFO]     | Fantasy Collection | ? | This Is the End (2013) (TMDb: 109414)                                     |
[2022-10-11 10:02:49,060] [builder.py:2243]           [INFO]     | Fantasy Collection | ? | The Tree of Life (2011) (TMDb: 8967)                                      |
[2022-10-11 10:02:49,088] [builder.py:2243]           [INFO]     | Fantasy Collection | ? | Matilda (1996) (TMDb: 10830)                                              |
[2022-10-11 10:02:49,113] [builder.py:2243]           [INFO]     | Fantasy Collection | ? | Jumanji: The Next Level (2019) (TMDb: 512200)                             |
[2022-10-11 10:02:49,138] [builder.py:2243]           [INFO]     | Fantasy Collection | ? | Harry Potter and the Prisoner of Azkaban (2004) (TMDb: 673)               |
[2022-10-11 10:02:49,163] [builder.py:2243]           [INFO]     | Fantasy Collection | ? | Coco (2017) (TMDb: 354912)                                                |
[2022-10-11 10:02:49,188] [builder.py:2243]           [INFO]     | Fantasy Collection | ? | The Chronicles of Narnia: The Lion, the Witch and the Wardrobe (2005) (TMDb: 411) |
[2022-10-11 10:02:49,213] [builder.py:2243]           [INFO]     | Fantasy Collection | ? | The Crow (1994) (TMDb: 9495)                                              |
[2022-10-11 10:02:49,238] [builder.py:2243]           [INFO]     | Fantasy Collection | ? | The Hobbit: The Battle of the Five Armies (2014) (TMDb: 122917)           |
[2022-10-11 10:02:49,263] [builder.py:2243]           [INFO]     | Fantasy Collection | ? | Thor (2011) (TMDb: 10195)                                                 |
[2022-10-11 10:02:49,288] [builder.py:2243]           [INFO]     | Fantasy Collection | ? | Shang-Chi and the Legend of the Ten Rings (2021) (TMDb: 566525)           |
[2022-10-11 10:02:49,312] [builder.py:2243]           [INFO]     | Fantasy Collection | ? | Meet Joe Black (1998) (TMDb: 297)                                         |
[2022-10-11 10:02:49,346] [builder.py:2243]           [INFO]     | Fantasy Collection | ? | Monster House (2006) (TMDb: 9297)                                         |
[2022-10-11 10:02:49,355] [builder.py:2243]           [INFO]     | Fantasy Collection | ? | Downsizing (2017) (TMDb: 301337)                                          |
[2022-10-11 10:02:49,370] [builder.py:2243]           [INFO]     | Fantasy Collection | ? | Wonder Woman (2017) (TMDb: 297762)                                        |
[2022-10-11 10:02:49,388] [builder.py:2243]           [INFO]     | Fantasy Collection | ? | Star Wars: Episode I - The Phantom Menace (1999) (TMDb: 1893)             |
[2022-10-11 10:02:49,404] [builder.py:2243]           [INFO]     | Fantasy Collection | ? | 17 Again (2009) (TMDb: 16996)                                             |
[2022-10-11 10:02:49,406] [builder.py:2243]           [INFO]     | Fantasy Collection | ? | Harry Potter and the Order of the Phoenix (2007) (TMDb: 675)              |
[2022-10-11 10:02:49,438] [builder.py:2243]           [INFO]     | Fantasy Collection | ? | Harry Potter and the Deathly Hallows: Part 1 (2010) (TMDb: 12444)         |
[2022-10-11 10:02:49,463] [builder.py:2243]           [INFO]     | Fantasy Collection | ? | Charlie and the Chocolate Factory (2005) (TMDb: 118)                      |
[2022-10-11 10:02:49,496] [builder.py:2243]           [INFO]     | Fantasy Collection | ? | Van Helsing (2004) (TMDb: 7131)                                           |
[2022-10-11 10:02:49,507] [builder.py:2243]           [INFO]     | Fantasy Collection | ? | Turning Red (2022) (TMDb: 508947)                                         |
[2022-10-11 10:02:49,546] [builder.py:2243]           [INFO]     | Fantasy Collection | ? | Jumanji: Welcome to the Jungle (2017) (TMDb: 353486)                      |
[2022-10-11 10:02:49,557] [builder.py:2243]           [INFO]     | Fantasy Collection | ? | Doctor Strange (2016) (TMDb: 284052)                                      |
[2022-10-11 10:02:49,588] [builder.py:2243]           [INFO]     | Fantasy Collection | ? | Moana (2016) (TMDb: 277834)                                               |
[2022-10-11 10:02:49,599] [builder.py:2243]           [INFO]     | Fantasy Collection | ? | Let the Right One In (2008) (TMDb: 13310)                                 |
[2022-10-11 10:02:49,629] [builder.py:2243]           [INFO]     | Fantasy Collection | ? | Mortal Kombat (2021) (TMDb: 460465)                                       |
[2022-10-11 10:02:49,640] [builder.py:2243]           [INFO]     | Fantasy Collection | ? | Immortals (2011) (TMDb: 37958)                                            |
[2022-10-11 10:02:49,688] [builder.py:2243]           [INFO]     | Fantasy Collection | ? | Ghostbusters (2016) (TMDb: 43074)                                         |
[2022-10-11 10:02:49,690] [builder.py:2243]           [INFO]     | Fantasy Collection | ? | The Mummy (2017) (TMDb: 282035)                                           |
[2022-10-11 10:02:49,705] [builder.py:2243]           [INFO]     | Fantasy Collection | ? | Hook (1991) (TMDb: 879)                                                   |
[2022-10-11 10:02:49,755] [builder.py:2243]           [INFO]     | Fantasy Collection | ? | 1408 (2007) (TMDb: 3021)                                                  |
[2022-10-11 10:02:49,772] [builder.py:2243]           [INFO]     | Fantasy Collection | ? | Wonder Woman 1984 (2020) (TMDb: 464052)                                   |
[2022-10-11 10:02:49,821] [builder.py:2243]           [INFO]     | Fantasy Collection | ? | Harry Potter and the Half-Blood Prince (2009) (TMDb: 767)                 |
[2022-10-11 10:02:49,838] [builder.py:2243]           [INFO]     | Fantasy Collection | ? | Scott Pilgrim vs. the World (2010) (TMDb: 22538)                          |
[2022-10-11 10:02:49,897] [builder.py:2243]           [INFO]     | Fantasy Collection | ? | Maleficent (2014) (TMDb: 102651)                                          |
[2022-10-11 10:02:49,913] [builder.py:2243]           [INFO]     | Fantasy Collection | ? | Il était une fois (2007) (TMDb: 4523)                                     |
[2022-10-11 10:02:49,965] [builder.py:2243]           [INFO]     | Fantasy Collection | ? | Pirates of the Caribbean: Dead Men Tell No Tales (2017) (TMDb: 166426)    |
[2022-10-11 10:02:49,988] [builder.py:2243]           [INFO]     | Fantasy Collection | ? | Klaus (2019) (TMDb: 508965)                                               |
[2022-10-11 10:02:50,039] [builder.py:2243]           [INFO]     | Fantasy Collection | ? | Groundhog Day (1993) (TMDb: 137)                                          |
[2022-10-11 10:02:50,058] [builder.py:2243]           [INFO]     | Fantasy Collection | ? | Big Fish (2003) (TMDb: 587)                                               |
[2022-10-11 10:02:50,089] [builder.py:2243]           [INFO]     | Fantasy Collection | ? | The Man from Earth (2007) (TMDb: 13363)                                   |
[2022-10-11 10:02:50,105] [builder.py:2243]           [INFO]     | Fantasy Collection | ? | Life of Pi (2012) (TMDb: 87827)                                           |
[2022-10-11 10:02:50,135] [builder.py:2243]           [INFO]     | Fantasy Collection | ? | Mr. Nobody (2009) (TMDb: 31011)                                           |
[2022-10-11 10:02:50,147] [builder.py:2243]           [INFO]     | Fantasy Collection | ? | The Fall (2006) (TMDb: 14784)                                             |
[2022-10-11 10:02:50,171] [builder.py:2243]           [INFO]     | Fantasy Collection | ? | L'étrange histoire de Benjamin Button (2008) (TMDb: 4922)                 |
[2022-10-11 10:02:50,196] [builder.py:2243]           [INFO]     | Fantasy Collection | ? | Being John Malkovich (1999) (TMDb: 492)                                   |
[2022-10-11 10:02:50,207] [builder.py:2243]           [INFO]     | Fantasy Collection | ? | Kubo and the Two Strings (2016) (TMDb: 313297)                            |
[2022-10-11 10:02:50,222] [builder.py:2243]           [INFO]     | Fantasy Collection | ? | Midnight in Paris (2011) (TMDb: 59436)                                    |
[2022-10-11 10:02:50,238] [builder.py:2243]           [INFO]     | Fantasy Collection | ? | Kung Fu Hustle (2004) (TMDb: 9470)                                        |
[2022-10-11 10:02:50,262] [builder.py:2243]           [INFO]     | Fantasy Collection | ? | South Park: Bigger, Longer & Uncut (1999) (TMDb: 9473)                    |
[2022-10-11 10:02:50,273] [builder.py:2243]           [INFO]     | Fantasy Collection | ? | The Illusionist (2006) (TMDb: 1491)                                       |
[2022-10-11 10:02:50,297] [builder.py:2243]           [INFO]     | Fantasy Collection | ? | L'Incroyable Destin de Harold Crick (2006) (TMDb: 1262)                   |
[2022-10-11 10:02:50,330] [builder.py:2243]           [INFO]     | Fantasy Collection | ? | Star Wars: Episode III - Revenge of the Sith (2005) (TMDb: 1895)          |
[2022-10-11 10:02:50,356] [builder.py:2243]           [INFO]     | Fantasy Collection | ? | Dark City (1998) (TMDb: 2666)                                             |
[2022-10-11 10:02:50,380] [builder.py:2243]           [INFO]     | Fantasy Collection | ? | Hugo (2011) (TMDb: 44826)                                                 |
[2022-10-11 10:02:50,413] [builder.py:2243]           [INFO]     | Fantasy Collection | ? | Perfume: The Story of a Murderer (2006) (TMDb: 1427)                      |
[2022-10-11 10:02:50,462] [builder.py:2243]           [INFO]     | Fantasy Collection | ? | Wallace & Gromit: The Curse of the Were-Rabbit (2005) (TMDb: 533)         |
[2022-10-11 10:02:50,473] [builder.py:2243]           [INFO]     | Fantasy Collection | ? | Pleasantville (1998) (TMDb: 2657)                                         |
[2022-10-11 10:02:50,521] [builder.py:2243]           [INFO]     | Fantasy Collection | ? | Palm Springs (2020) (TMDb: 587792)                                        |
[2022-10-11 10:02:50,532] [builder.py:2243]           [INFO]     | Fantasy Collection | ? | Onward (2020) (TMDb: 508439)                                              |
[2022-10-11 10:02:50,571] [builder.py:2243]           [INFO]     | Fantasy Collection | ? | The Jungle Book (2016) (TMDb: 278927)                                     |
[2022-10-11 10:02:50,581] [builder.py:2243]           [INFO]     | Fantasy Collection | ? | The Lego Batman Movie (2017) (TMDb: 324849)                               |
[2022-10-11 10:02:50,613] [builder.py:2243]           [INFO]     | Fantasy Collection | ? | Paddington (2014) (TMDb: 116149)                                          |
[2022-10-11 10:02:50,622] [builder.py:2243]           [INFO]     | Fantasy Collection | ? | Across the Universe (2007) (TMDb: 4688)                                   |
[2022-10-11 10:02:50,638] [builder.py:2243]           [INFO]     | Fantasy Collection | ? | Pirates of the Caribbean: Dead Man's Chest (2006) (TMDb: 58)              |
[2022-10-11 10:02:50,663] [builder.py:2243]           [INFO]     | Fantasy Collection | ? | The Secret Life of Walter Mitty (2013) (TMDb: 116745)                     |
[2022-10-11 10:02:50,663] [builder.py:2248]           [INFO]     |                                                                                                    |
[2022-10-11 10:02:50,664] [builder.py:2249]           [INFO]     | 119 Movies Missing                                                                                 |
[2022-10-11 10:02:51,420] [plex.py:711]               [DEBUG]    | Smart Collection Test: ?type=1&sort=audienceRating%3Adesc&label=213026                             |
[2022-10-11 10:02:52,073] [builder.py:2441]           [INFO]     |                                                                                                    |
[2022-10-11 10:02:52,074] [builder.py:2442]           [INFO]     |============================== Updating Details of Fantasy Collection ==============================|
[2022-10-11 10:02:52,074] [builder.py:2443]           [INFO]     |                                                                                                    |
[2022-10-11 10:02:52,392] [builder.py:2509]           [INFO]     | Collection Metadata Edits                                                                          |
                                                                 | Summary (summary) | Fantasy film is a genre that incorporates imaginative and fantastic themes. These themes usually involve magic, supernatural events, or fantasy worlds. Although it is its own distinct genre, these films can overlap into the horror and science fiction genres. Unlike science fiction, a fantasy film does not need to be rooted in fact. This element allows the audience to be transported into a new and unique world. Often, these films center on an ordinary hero in an extraordinary situation.
                                                                 | Sort Title | +3_Fantasy
                                                                 | Label | +PMM
[2022-10-11 10:02:52,681] [builder.py:2513]           [INFO]     | Details: have been updated
[2022-10-11 10:02:52,681] [builder.py:2517]           [INFO]     | 
[2022-10-11 10:02:52,682] [builder.py:2580]           [WARNING]  | Asset Warning: Unable to find asset folder: 'Fantasy'
[2022-10-11 10:02:52,682] [util.py:150]               [DEBUG]    | 1 poster found:
[2022-10-11 10:02:52,682] [util.py:152]               [DEBUG]    | Method: url_poster Poster: https://raw.githubusercontent.com/MonsieurZed/poster/main/img/GENRE_FANTASY.png
[2022-10-11 10:02:52,716] [library.py:170]            [INFO]     | Detail: url_poster updated poster to [URL] https://raw.githubusercontent.com/MonsieurZed/poster/main/img/GENRE_FANTASY.png
[2022-10-11 10:02:53,348] [plex_meta_manager.py:708]  [INFO]     | 
[2022-10-11 10:02:53,348] [plex_meta_manager.py:709]  [INFO]     |====================================================================================================|
[2022-10-11 10:02:53,348] [plex_meta_manager.py:709]  [INFO]     |                                    Finished Fantasy Collection                                     |
[2022-10-11 10:02:53,348] [plex_meta_manager.py:709]  [INFO]     |                                    Collection Run Time: 0:00:24                                    |
[2022-10-11 10:02:53,348] [plex_meta_manager.py:709]  [INFO]     |====================================================================================================|
