[2022-10-11 10:10:18,303] [builder.py:197]            [INFO]     |====================================================================================================|
[2022-10-11 10:10:18,303] [builder.py:197]            [INFO]     |                            Religion Collection in Z. 5 - Film Animation                            |
[2022-10-11 10:10:18,303] [builder.py:197]            [INFO]     |====================================================================================================|
[2022-10-11 10:10:18,304] [builder.py:198]            [INFO]     |                                                                                                    |
[2022-10-11 10:10:18,304] [builder.py:203]            [INFO]     |================================ Building Definition From Templates ================================|
[2022-10-11 10:10:18,304] [builder.py:211]            [DEBUG]    |                                                                                                    |
[2022-10-11 10:10:18,304] [meta.py:128]               [DEBUG]    | Template Genre                                                                                     |
[2022-10-11 10:10:18,304] [meta.py:129]               [DEBUG]    | Call: ordereddict([('name', 'Genre')])                                                             |
[2022-10-11 10:10:18,304] [meta.py:304]               [DEBUG]    |                                                                                                    |
[2022-10-11 10:10:18,305] [meta.py:305]               [DEBUG]    | Variables: ordereddict([('name', 'Genre'), ('collection_name', 'Religion'), ('mapping_name', 'Religion'), ('library_type', 'movie'), ('library_name', 'Z. 5 - Film Animation'), ('name_encoded', 'Genre'), ('collection_name_encoded', 'Religion'), ('mapping_name_encoded', 'Religion'), ('library_type_encoded', 'movie'), ('library_name_encoded', 'Z.%205%20-%20Film%20Animation'), ('collection_sort', 'Religion')]) |
[2022-10-11 10:10:18,305] [meta.py:306]               [DEBUG]    |                                                                                                    |
[2022-10-11 10:10:18,305] [meta.py:307]               [DEBUG]    | Defaults: {}                                                                                       |
[2022-10-11 10:10:18,305] [meta.py:308]               [DEBUG]    |                                                                                                    |
[2022-10-11 10:10:18,305] [meta.py:309]               [DEBUG]    | Optional: []                                                                                       |
[2022-10-11 10:10:18,306] [meta.py:370]               [DEBUG]    |                                                                                                    |
[2022-10-11 10:10:18,306] [meta.py:371]               [DEBUG]    | Final Template Attributes: {'sort_title': '+3_Religion', 'sync_mode': 'sync', 'smart_label': 'audience_rating.desc'} |
[2022-10-11 10:10:18,306] [meta.py:372]               [DEBUG]    |                                                                                                    |
[2022-10-11 10:10:18,306] [builder.py:219]            [INFO]     |================================== Validating Religion Attributes ==================================|
[2022-10-11 10:10:18,306] [builder.py:488]            [DEBUG]    |                                                                                                    |
[2022-10-11 10:10:18,306] [builder.py:489]            [DEBUG]    | Validating Method: sync_mode                                                                       |
[2022-10-11 10:10:18,306] [builder.py:493]            [DEBUG]    | Value: sync                                                                                        |
[2022-10-11 10:10:18,306] [builder.py:538]            [DEBUG]    |                                                                                                    |
[2022-10-11 10:10:18,307] [builder.py:539]            [DEBUG]    | Validating Method: smart_label                                                                     |
[2022-10-11 10:10:18,307] [builder.py:544]            [DEBUG]    | Value: audience_rating.desc                                                                        |
[2022-10-11 10:10:18,322] [builder.py:627]            [DEBUG]    |                                                                                                    |
[2022-10-11 10:10:18,322] [builder.py:631]            [DEBUG]    | Validating Method: imdb_list                                                                       |
[2022-10-11 10:10:18,323] [builder.py:632]            [DEBUG]    | Value: ['https://www.imdb.com/list/ls052114558/']                                                  |
[2022-10-11 10:10:20,068] [builder.py:627]            [DEBUG]    |                                                                                                    |
[2022-10-11 10:10:20,070] [builder.py:631]            [DEBUG]    | Validating Method: trakt_list                                                                      |
[2022-10-11 10:10:20,070] [builder.py:632]            [DEBUG]    | Value: ['https://trakt.tv/users/y0dase/lists/religion', 'https://trakt.tv/users/michaeldibben/lists/religion', 'https://trakt.tv/users/shedman214/lists/religion'] |
[2022-10-11 10:10:20,491] [builder.py:627]            [DEBUG]    |                                                                                                    |
[2022-10-11 10:10:20,491] [builder.py:631]            [DEBUG]    | Validating Method: summary                                                                         |
[2022-10-11 10:10:20,492] [builder.py:632]            [DEBUG]    | Value: Movies about religion                                                                       |
[2022-10-11 10:10:20,492] [builder.py:627]            [DEBUG]    |                                                                                                    |
[2022-10-11 10:10:20,492] [builder.py:631]            [DEBUG]    | Validating Method: url_poster                                                                      |
[2022-10-11 10:10:20,492] [builder.py:632]            [DEBUG]    | Value: https://raw.githubusercontent.com/MonsieurZed/poster/main/img/GENRE_RELIGION.png            |
[2022-10-11 10:10:20,700] [builder.py:627]            [DEBUG]    |                                                                                                    |
[2022-10-11 10:10:20,700] [builder.py:631]            [DEBUG]    | Validating Method: sort_title                                                                      |
[2022-10-11 10:10:20,700] [builder.py:632]            [DEBUG]    | Value: +3_Religion                                                                                 |
[2022-10-11 10:10:20,705] [plex.py:790]               [DEBUG]    |                                                                                                    |
[2022-10-11 10:10:20,705] [plex.py:793]               [DEBUG]    | Looking for: Religion                                                                              |
[2022-10-11 10:10:20,705] [builder.py:797]            [INFO]     |                                                                                                    |
[2022-10-11 10:10:20,705] [builder.py:798]            [INFO]     | Validation Successful                                                                              |
[2022-10-11 10:10:20,705] [plex_meta_manager.py:561]  [INFO]     |                                                                                                    |
[2022-10-11 10:10:20,705] [plex_meta_manager.py:563]  [INFO]     |=================================== Running Religion Collection ====================================|
[2022-10-11 10:10:20,706] [plex_meta_manager.py:569]  [INFO]     |                                                                                                    |
[2022-10-11 10:10:20,706] [plex_meta_manager.py:570]  [INFO]     | Smart Movie Label                                                                                  |
                                                                 | Sort By: audience_rating.desc
                                                                 | Filter:
                                                                 |   Match all of the following:
                                                                 |     Label is Religion
[2022-10-11 10:10:20,706] [plex_meta_manager.py:575]  [INFO]     | 
[2022-10-11 10:10:20,706] [plex_meta_manager.py:576]  [INFO]     | Sync Mode: sync
[2022-10-11 10:10:20,706] [plex_meta_manager.py:579]  [DEBUG]    | 
[2022-10-11 10:10:20,707] [plex_meta_manager.py:580]  [DEBUG]    | Builder: imdb_list: {'url': 'https://www.imdb.com/list/ls052114558/', 'limit': 0}
[2022-10-11 10:10:20,707] [plex_meta_manager.py:581]  [INFO]     | 
[2022-10-11 10:10:20,707] [imdb.py:184]               [INFO]     | Processing IMDb List: https://www.imdb.com/list/ls052114558/
[2022-10-11 10:10:25,951] [imdb.py:135]               [DEBUG]    | 22 IMDb IDs Found: ['tt0770802', 'tt0815241', 'tt1166827', 'tt0734544', 'tt1959490', 'tt0486358', 'tt0335345', 'tt0309820', 'tt0120794', 'tt0095497', 'tt0070239', 'tt0052618', 'tt0391202', 'tt0090015', 'tt0778905', 'tt1581333', 'tt0067866', 'tt0101920', 'tt2219514', 'tt0049833', 'tt0036377', 'tt1766189']
[2022-10-11 10:10:25,951] [builder.py:1540]           [DEBUG]    | 
[2022-10-11 10:10:25,952] [builder.py:1541]           [DEBUG]    | 22 IDs Found: [('tt0770802', 'imdb'), ('tt0815241', 'imdb'), ('tt1166827', 'imdb'), ('tt0734544', 'imdb'), ('tt1959490', 'imdb'), ('tt0486358', 'imdb'), ('tt0335345', 'imdb'), ('tt0309820', 'imdb'), ('tt0120794', 'imdb'), ('tt0095497', 'imdb'), ('tt0070239', 'imdb'), ('tt0052618', 'imdb'), ('tt0391202', 'imdb'), ('tt0090015', 'imdb'), ('tt0778905', 'imdb'), ('tt1581333', 'imdb'), ('tt0067866', 'imdb'), ('tt0101920', 'imdb'), ('tt2219514', 'imdb'), ('tt0049833', 'imdb'), ('tt0036377', 'imdb'), ('tt1766189', 'imdb')]
[2022-10-11 10:10:25,952] [builder.py:1542]           [DEBUG]    | 
[2022-10-11 10:10:25,968] [builder.py:1598]           [WARNING]  | Convert Error: No TMDb ID Found for IMDb ID: tt0391202
[2022-10-11 10:10:25,976] [builder.py:1598]           [WARNING]  | Convert Error: No TMDb ID Found for IMDb ID: tt1581333
[2022-10-11 10:10:25,982] [plex_meta_manager.py:579]  [DEBUG]    | 
[2022-10-11 10:10:25,983] [plex_meta_manager.py:580]  [DEBUG]    | Builder: trakt_list: https://trakt.tv/users/y0dase/lists/religion
[2022-10-11 10:10:25,983] [plex_meta_manager.py:581]  [INFO]     | 
[2022-10-11 10:10:25,983] [trakt.py:487]              [INFO]     | Processing Trakt List: https://trakt.tv/users/y0dase/lists/religion
[2022-10-11 10:10:26,127] [builder.py:1540]           [DEBUG]    | 
[2022-10-11 10:10:26,128] [builder.py:1541]           [DEBUG]    | 49 IDs Found: [(9687, 'tmdb'), (25943, 'tmdb'), (336445, 'tmdb'), (582306, 'tmdb'), (310, 'tmdb'), (2005, 'tmdb'), (44040, 'tmdb'), (18823, 'tmdb'), (561, 'tmdb'), (37958, 'tmdb'), (6844, 'tmdb'), (56831, 'tmdb'), (2928, 'tmdb'), (11416, 'tmdb'), (551332, 'tmdb'), (6279, 'tmdb'), (318224, 'tmdb'), (359871, 'tmdb'), (45610, 'tmdb'), (188207, 'tmdb'), (22894, 'tmdb'), (68722, 'tmdb'), (68730, 'tmdb'), (15163, 'tmdb'), (2698, 'tmdb'), (9033, 'tmdb'), (794, 'tmdb'), (806, 'tmdb'), (11026, 'tmdb'), (11587, 'tmdb'), (10336, 'tmdb'), (10766, 'tmdb'), (8643, 'tmdb'), (836225, 'tmdb'), (9552, 'tmdb'), (11586, 'tmdb'), (11051, 'tmdb'), (86834, 'tmdb'), (439079, 'tmdb'), (615, 'tmdb'), (5227, 'tmdb'), (9713, 'tmdb'), (1832, 'tmdb'), (16300, 'tmdb'), (10307, 'tmdb'), (9011, 'tmdb'), (37529, 'tmdb'), (19564, 'tmdb'), (147441, 'tmdb')]
[2022-10-11 10:10:26,128] [builder.py:1542]           [DEBUG]    | 
[2022-10-11 10:10:26,128] [plex_meta_manager.py:579]  [DEBUG]    | 
[2022-10-11 10:10:26,129] [plex_meta_manager.py:580]  [DEBUG]    | Builder: trakt_list: https://trakt.tv/users/michaeldibben/lists/religion
[2022-10-11 10:10:26,129] [plex_meta_manager.py:581]  [INFO]     | 
[2022-10-11 10:10:26,129] [trakt.py:487]              [INFO]     | Processing Trakt List: https://trakt.tv/users/michaeldibben/lists/religion
[2022-10-11 10:10:26,279] [builder.py:1540]           [DEBUG]    | 
[2022-10-11 10:10:26,279] [builder.py:1541]           [DEBUG]    | 18 IDs Found: [(3010, 'tmdb'), (220731, 'tmdb'), (474569, 'tmdb'), (473309, 'tmdb'), (159649, 'tmdb'), (83455, 'tmdb'), (137044, 'tmdb'), (369679, 'tvdb'), (264717, 'tvdb'), (206739, 'tmdb'), (363955, 'tvdb'), (213761, 'tvdb'), (551332, 'tmdb'), (345200, 'tvdb'), (343220, 'tvdb'), (522373, 'tmdb'), (82877, 'tmdb'), (601818, 'tmdb')]
[2022-10-11 10:10:26,279] [builder.py:1542]           [DEBUG]    | 
[2022-10-11 10:10:26,280] [plex_meta_manager.py:579]  [DEBUG]    | 
[2022-10-11 10:10:26,280] [plex_meta_manager.py:580]  [DEBUG]    | Builder: trakt_list: https://trakt.tv/users/shedman214/lists/religion
[2022-10-11 10:10:26,280] [plex_meta_manager.py:581]  [INFO]     | 
[2022-10-11 10:10:26,280] [trakt.py:487]              [INFO]     | Processing Trakt List: https://trakt.tv/users/shedman214/lists/religion
[2022-10-11 10:10:26,421] [builder.py:1540]           [DEBUG]    | 
[2022-10-11 10:10:26,421] [builder.py:1541]           [DEBUG]    | 25 IDs Found: [(235260, 'tmdb'), (83110, 'tmdb'), (69305, 'tmdb'), (236751, 'tmdb'), (249660, 'tmdb'), (347126, 'tmdb'), (343795, 'tmdb'), (615, 'tmdb'), (310, 'tmdb'), (2698, 'tmdb'), (20504, 'tmdb'), (14438, 'tmdb'), (9837, 'tmdb'), (218043, 'tmdb'), (37302, 'tmdb'), (29229, 'tmdb'), (38828, 'tmdb'), (339984, 'tmdb'), (380534, 'tmdb'), (276913, 'tmdb'), (107768, 'tmdb'), (144128, 'tmdb'), (400014, 'tmdb'), (323272, 'tmdb'), (11831, 'tmdb')]
[2022-10-11 10:10:26,422] [builder.py:1542]           [DEBUG]    | 
[2022-10-11 10:10:26,422] [builder.py:2228]           [INFO]     | 
[2022-10-11 10:10:26,422] [builder.py:2229]           [INFO]     |======================== Missing Movies from Library: Z. 5 - Film Animation ========================|
[2022-10-11 10:10:26,423] [builder.py:2230]           [INFO]     |                                                                                                    |
[2022-10-11 10:10:26,446] [builder.py:2243]           [INFO]     | Religion Collection | ? | Samsara (2011) (TMDb: 89708)                                             |
[2022-10-11 10:10:26,488] [builder.py:2243]           [INFO]     | Religion Collection | ? | Religolo (2008) (TMDb: 13007)                                            |
[2022-10-11 10:10:26,524] [builder.py:2243]           [INFO]     | Religion Collection | ? | Zeitgeist (2007) (TMDb: 13016)                                           |
[2022-10-11 10:10:26,575] [builder.py:2243]           [INFO]     | Religion Collection | ? | Noah (2014) (TMDb: 86834)                                                |
[2022-10-11 10:10:26,616] [builder.py:2243]           [INFO]     | Religion Collection | ? | Jesus Camp (2006) (TMDb: 1776)                                           |
[2022-10-11 10:10:26,675] [builder.py:2243]           [INFO]     | Religion Collection | ? | La Passion du Christ (2004) (TMDb: 615)                                  |
[2022-10-11 10:10:26,750] [builder.py:2243]           [INFO]     | Religion Collection | ? | Luther (2003) (TMDb: 5653)                                               |
[2022-10-11 10:10:26,875] [builder.py:2243]           [INFO]     | Religion Collection | ? | The Prince of Egypt (1998) (TMDb: 9837)                                  |
[2022-10-11 10:10:27,000] [builder.py:2243]           [INFO]     | Religion Collection | ? | La Dernière Tentation du Christ (1988) (TMDb: 11051)                     |
[2022-10-11 10:10:27,175] [builder.py:2243]           [INFO]     | Religion Collection | ? | Jesus Christ Superstar (1973) (TMDb: 12545)                              |
[2022-10-11 10:10:27,189] [builder.py:2243]           [INFO]     | Religion Collection | ? | Ben-Hur (1959) (TMDb: 665)                                               |
[2022-10-11 10:10:27,191] [builder.py:2243]           [INFO]     | Religion Collection | ? | Shoah (1985) (TMDb: 42044)                                               |
[2022-10-11 10:10:27,246] [builder.py:2243]           [INFO]     | Religion Collection | ? | Zorros Bar Mizwa (2006) (TMDb: 508665)                                   |
[2022-10-11 10:10:27,258] [builder.py:2243]           [INFO]     | Religion Collection | ? | El Topo (1970) (TMDb: 13041)                                             |
[2022-10-11 10:10:27,449] [builder.py:2243]           [INFO]     | Religion Collection | ? | Freud flyttar hemifrån (1991) (TMDb: 141523)                             |
[2022-10-11 10:10:27,475] [builder.py:2243]           [INFO]     | Religion Collection | ? | Le Cœur a ses raisons (2012) (TMDb: 122088)                              |
[2022-10-11 10:10:27,476] [builder.py:2243]           [INFO]     | Religion Collection | ? | The Ten Commandments (1956) (TMDb: 6844)                                 |
[2022-10-11 10:10:27,491] [builder.py:2243]           [INFO]     | Religion Collection | ? | The Song of Bernadette (1943) (TMDb: 43516)                              |
[2022-10-11 10:10:27,534] [builder.py:2243]           [INFO]     | Religion Collection | ? | Koran by Heart (2011) (TMDb: 82326)                                      |
[2022-10-11 10:10:27,599] [builder.py:2243]           [INFO]     | Religion Collection | ? | Secrets de famille (2005) (TMDb: 9687)                                   |
[2022-10-11 10:10:27,625] [builder.py:2243]           [INFO]     | Religion Collection | ? | Un Ange... ou presque (1990) (TMDb: 25943)                               |
[2022-10-11 10:10:27,658] [builder.py:2243]           [INFO]     | Religion Collection | ? | Army of One (2016) (TMDb: 336445)                                        |
[2022-10-11 10:10:27,676] [builder.py:2243]           [INFO]     | Religion Collection | ? | Assassin 33 A.D. (2020) (TMDb: 582306)                                   |
[2022-10-11 10:10:27,934] [builder.py:2243]           [INFO]     | Religion Collection | ? | Bruce Almighty (2003) (TMDb: 310)                                        |
[2022-10-11 10:10:27,954] [builder.py:2243]           [INFO]     | Religion Collection | ? | Sister Act (1992) (TMDb: 2005)                                           |
[2022-10-11 10:10:27,987] [builder.py:2243]           [INFO]     | Religion Collection | ? | Devil (2010) (TMDb: 44040)                                               |
[2022-10-11 10:10:28,006] [builder.py:2243]           [INFO]     | Religion Collection | ? | Clash of the Titans (2010) (TMDb: 18823)                                 |
[2022-10-11 10:10:28,046] [builder.py:2243]           [INFO]     | Religion Collection | ? | Constantine (2005) (TMDb: 561)                                           |
[2022-10-11 10:10:28,062] [builder.py:2243]           [INFO]     | Religion Collection | ? | Immortals (2011) (TMDb: 37958)                                           |
[2022-10-11 10:10:28,095] [builder.py:2243]           [INFO]     | Religion Collection | ? | The Sunset Limited (2011) (TMDb: 56831)                                  |
[2022-10-11 10:10:28,109] [builder.py:2243]           [INFO]     | Religion Collection | ? | Michael (1996) (TMDb: 2928)                                              |
[2022-10-11 10:10:28,129] [builder.py:2243]           [INFO]     | Religion Collection | ? | The Mission (1986) (TMDb: 11416)                                         |
[2022-10-11 10:10:28,159] [builder.py:2243]           [INFO]     | Religion Collection | ? | The Two Popes (2019) (TMDb: 551332)                                      |
[2022-10-11 10:10:28,173] [builder.py:2243]           [INFO]     | Religion Collection | ? | Sister Act : Acte 2 (1993) (TMDb: 6279)                                  |
[2022-10-11 10:10:28,190] [builder.py:2243]           [INFO]     | Religion Collection | ? | Going Clear: Scientology and the Prison of Belief (2015) (TMDb: 318224)  |
[2022-10-11 10:10:28,217] [builder.py:2243]           [INFO]     | Religion Collection | ? | Ma Scientologie Film (2016) (TMDb: 359871)                               |
[2022-10-11 10:10:28,234] [builder.py:2243]           [INFO]     | Religion Collection | ? | Machine Gun (2011) (TMDb: 45610)                                         |
[2022-10-11 10:10:28,267] [builder.py:2243]           [INFO]     | Religion Collection | ? | The Legend of Hercules (2014) (TMDb: 188207)                             |
[2022-10-11 10:10:28,284] [builder.py:2243]           [INFO]     | Religion Collection | ? | Legion (2010) (TMDb: 22894)                                              |
[2022-10-11 10:10:28,295] [builder.py:2243]           [INFO]     | Religion Collection | ? | The Master (2012) (TMDb: 68722)                                          |
[2022-10-11 10:10:28,305] [builder.py:2243]           [INFO]     | Religion Collection | ? | Silence (2016) (TMDb: 68730)                                             |
[2022-10-11 10:10:28,322] [builder.py:2243]           [INFO]     | Religion Collection | ? | Amazing Grace (2006) (TMDb: 15163)                                       |
[2022-10-11 10:10:28,339] [builder.py:2243]           [INFO]     | Religion Collection | ? | Evan Almighty (2007) (TMDb: 2698)                                        |
[2022-10-11 10:10:28,366] [builder.py:2243]           [INFO]     | Religion Collection | ? | The Prophecy II (1998) (TMDb: 9033)                                      |
[2022-10-11 10:10:28,372] [builder.py:2243]           [INFO]     | Religion Collection | ? | The Omen (1976) (TMDb: 794)                                              |
[2022-10-11 10:10:28,389] [builder.py:2243]           [INFO]     | Religion Collection | ? | 666, La Malédiction (2006) (TMDb: 806)                                  |
[2022-10-11 10:10:28,422] [builder.py:2243]           [INFO]     | Religion Collection | ? | L'Exorciste : Au commencement (2004) (TMDb: 11026)                       |
[2022-10-11 10:10:28,440] [builder.py:2243]           [INFO]     | Religion Collection | ? | L’Exorciste, la suite (1990) (TMDb: 11587)                               |
[2022-10-11 10:10:28,454] [builder.py:2243]           [INFO]     | Religion Collection | ? | Spawn (1997) (TMDb: 10336)                                               |
[2022-10-11 10:10:28,489] [builder.py:2243]           [INFO]     | Religion Collection | ? | La Malédiction II (1978) (TMDb: 10766)                                   |
[2022-10-11 10:10:28,507] [builder.py:2243]           [INFO]     | Religion Collection | ? | The Exorcism of Emily Rose (2005) (TMDb: 8643)                           |
[2022-10-11 10:10:28,548] [builder.py:2243]           [INFO]     | Religion Collection | ? | The Exorcism of God (2022) (TMDb: 836225)                                |
[2022-10-11 10:10:28,571] [builder.py:2243]           [INFO]     | Religion Collection | ? | The Exorcist (1973) (TMDb: 9552)                                         |
[2022-10-11 10:10:28,606] [builder.py:2243]           [INFO]     | Religion Collection | ? | L’Exorciste 2 : L’Hérétique (1977) (TMDb: 11586)                         |
[2022-10-11 10:10:28,624] [builder.py:2243]           [INFO]     | Religion Collection | ? | The Nun (2018) (TMDb: 439079)                                            |
[2022-10-11 10:10:28,666] [builder.py:2243]           [INFO]     | Religion Collection | ? | Hercules à New York (1970) (TMDb: 5227)                                  |
[2022-10-11 10:10:28,706] [builder.py:2243]           [INFO]     | Religion Collection | ? | Mister G. (1998) (TMDb: 9713)                                            |
[2022-10-11 10:10:28,723] [builder.py:2243]           [INFO]     | Religion Collection | ? | Dogma (1999) (TMDb: 1832)                                                |
[2022-10-11 10:10:28,754] [builder.py:2243]           [INFO]     | Religion Collection | ? | Les Pieds sur terre (2001) (TMDb: 16300)                                 |
[2022-10-11 10:10:28,773] [builder.py:2243]           [INFO]     | Religion Collection | ? | Stigmata (1999) (TMDb: 10307)                                            |
[2022-10-11 10:10:28,804] [builder.py:2243]           [INFO]     | Religion Collection | ? | The Prophecy 3: The Ascent (2000) (TMDb: 9011)                           |
[2022-10-11 10:10:28,823] [builder.py:2243]           [INFO]     | Religion Collection | ? | The Prophecy V: Forsaken (2005) (TMDb: 37529)                            |
[2022-10-11 10:10:28,840] [builder.py:2243]           [INFO]     | Religion Collection | ? | The Prophecy: Uprising (2005) (TMDb: 19564)                              |
[2022-10-11 10:10:28,881] [builder.py:2243]           [INFO]     | Religion Collection | ? | Exodus: Gods and Kings (2014) (TMDb: 147441)                             |
[2022-10-11 10:10:28,898] [builder.py:2243]           [INFO]     | Religion Collection | ? | Le Cardinal (1963) (TMDb: 3010)                                          |
[2022-10-11 10:10:28,920] [builder.py:2243]           [INFO]     | Religion Collection | ? | Le métis de Dieu (2013) (TMDb: 220731)                                   |
[2022-10-11 10:10:28,932] [builder.py:2243]           [INFO]     | Religion Collection | ? | One of Us (2017) (TMDb: 474569)                                          |
[2022-10-11 10:10:28,948] [builder.py:2243]           [INFO]     | Religion Collection | ? | Apostasy (2017) (TMDb: 473309)                                           |
[2022-10-11 10:10:28,965] [builder.py:2243]           [INFO]     | Religion Collection | ? | Doctrine & Covenants and Church History: Visual Resources (1983) (TMDb: 159649) |
[2022-10-11 10:10:28,999] [builder.py:2243]           [INFO]     | Religion Collection | ? | Only a Stonecutter (2008) (TMDb: 83455)                                  |
[2022-10-11 10:10:29,032] [builder.py:2243]           [INFO]     | Religion Collection | ? | Salome (1971) (TMDb: 137044)                                             |
[2022-10-11 10:10:29,041] [builder.py:2243]           [INFO]     | Religion Collection | ? | National Geographic : Les Coulisses du Vatican (2001) (TMDb: 206739)     |
[2022-10-11 10:10:29,057] [builder.py:2243]           [INFO]     | Religion Collection | ? | Le jeune Ahmed (2019) (TMDb: 522373)                                     |
[2022-10-11 10:10:29,074] [builder.py:2243]           [INFO]     | Religion Collection | ? | National Geographic : L'Évangile selon Judas (2006) (TMDb: 82877)        |
[2022-10-11 10:10:29,091] [builder.py:2243]           [INFO]     | Religion Collection | ? | Tylko nie mów nikomu (2019) (TMDb: 601818)                               |
[2022-10-11 10:10:29,107] [builder.py:2243]           [INFO]     | Religion Collection | ? | Son of God (2014) (TMDb: 235260)                                         |
[2022-10-11 10:10:29,124] [builder.py:2243]           [INFO]     | Religion Collection | ? | Jesus, The Son of God (1995) (TMDb: 83110)                               |
[2022-10-11 10:10:29,141] [builder.py:2243]           [INFO]     | Religion Collection | ? | The Prodigal Son (1988) (TMDb: 69305)                                    |
[2022-10-11 10:10:29,158] [builder.py:2243]           [INFO]     | Religion Collection | ? | Heaven Is for Real (2014) (TMDb: 236751)                                 |
[2022-10-11 10:10:29,174] [builder.py:2243]           [INFO]     | Religion Collection | ? | God's Not Dead (2014) (TMDb: 249660)                                     |
[2022-10-11 10:10:29,195] [builder.py:2243]           [INFO]     | Religion Collection | ? | Dieu n’est pas mort 2 (2016) (TMDb: 347126)                              |
[2022-10-11 10:10:29,224] [builder.py:2243]           [INFO]     | Religion Collection | ? | 90 Minutes au Paradis (2015) (TMDb: 343795)                              |
[2022-10-11 10:10:29,240] [builder.py:2243]           [INFO]     | Religion Collection | ? | Le Livre d'Éli (2010) (TMDb: 20504)                                      |
[2022-10-11 10:10:29,279] [builder.py:2243]           [INFO]     | Religion Collection | ? | Fireproof (2008) (TMDb: 14438)                                           |
[2022-10-11 10:10:29,324] [builder.py:2243]           [INFO]     | Religion Collection | ? | Le Chaos (2014) (TMDb: 218043)                                           |
[2022-10-11 10:10:29,347] [builder.py:2243]           [INFO]     | Religion Collection | ? | Left Behind: The Movie (2000) (TMDb: 37302)                              |
[2022-10-11 10:10:29,366] [builder.py:2243]           [INFO]     | Religion Collection | ? | Left Behind II: Tribulation Force (2002) (TMDb: 29229)                   |
[2022-10-11 10:10:29,391] [builder.py:2243]           [INFO]     | Religion Collection | ? | Left Behind: World at War (2005) (TMDb: 38828)                           |
[2022-10-11 10:10:29,416] [builder.py:2243]           [INFO]     | Religion Collection | ? | Miracles from Heaven (2016) (TMDb: 339984)                               |
[2022-10-11 10:10:29,441] [builder.py:2243]           [INFO]     | Religion Collection | ? | Hidden Colors 4: The Religion of White Supremacy (2016) (TMDb: 380534)   |
[2022-10-11 10:10:29,470] [builder.py:2243]           [INFO]     | Religion Collection | ? | Hidden Colors 3: The Rules of Racism (2014) (TMDb: 276913)               |
[2022-10-11 10:10:29,499] [builder.py:2243]           [INFO]     | Religion Collection | ? | Hidden Colors (2011) (TMDb: 107768)                                      |
[2022-10-11 10:10:29,516] [builder.py:2243]           [INFO]     | Religion Collection | ? | Hidden Colors 2: The Triumph of Melanin (2012) (TMDb: 144128)            |
[2022-10-11 10:10:29,562] [builder.py:2243]           [INFO]     | Religion Collection | ? | God's Compass (2016) (TMDb: 400014)                                      |
[2022-10-11 10:10:29,583] [builder.py:2243]           [INFO]     | Religion Collection | ? | War Room (2015) (TMDb: 323272)                                           |
[2022-10-11 10:10:29,633] [builder.py:2243]           [INFO]     | Religion Collection | ? | Amistad (1997) (TMDb: 11831)                                             |
[2022-10-11 10:10:29,633] [builder.py:2248]           [INFO]     |                                                                                                    |
[2022-10-11 10:10:29,633] [builder.py:2249]           [INFO]     | 96 Movies Missing                                                                                  |
[2022-10-11 10:10:31,171] [plex_meta_manager.py:624]  [INFO]     |                                                                                                    |
[2022-10-11 10:10:31,172] [plex_meta_manager.py:625]  [INFO]     | Collection Minimum: 2 not met for Religion Collection                                              |
[2022-10-11 10:10:31,172] [plex_meta_manager.py:708]  [INFO]     |                                                                                                    |
[2022-10-11 10:10:31,172] [plex_meta_manager.py:709]  [INFO]     |====================================================================================================|
[2022-10-11 10:10:31,172] [plex_meta_manager.py:709]  [INFO]     |                                    Finished Religion Collection                                    |
[2022-10-11 10:10:31,173] [plex_meta_manager.py:709]  [INFO]     |                                    Collection Run Time: 0:00:12                                    |
[2022-10-11 10:10:31,173] [plex_meta_manager.py:709]  [INFO]     |====================================================================================================|
