[2022-10-11 09:16:36,643] [builder.py:197]            [INFO]     |====================================================================================================|
[2022-10-11 09:16:36,644] [builder.py:197]            [INFO]     |                          Fast and the Furious Collection in Z. 1 - Films                           |
[2022-10-11 09:16:36,644] [builder.py:197]            [INFO]     |====================================================================================================|
[2022-10-11 09:16:36,644] [builder.py:198]            [INFO]     |                                                                                                    |
[2022-10-11 09:16:36,644] [builder.py:203]            [INFO]     |================================ Building Definition From Templates ================================|
[2022-10-11 09:16:36,644] [builder.py:211]            [DEBUG]    |                                                                                                    |
[2022-10-11 09:16:36,644] [meta.py:128]               [DEBUG]    | Template my_template                                                                               |
[2022-10-11 09:16:36,645] [meta.py:129]               [DEBUG]    | Call: {'value': ['9485'], 'tmdb_collection': ['9485'], 'key_name': 'Fast and the Furious', 'key': '9485', 'name': 'my_template'} |
[2022-10-11 09:16:36,645] [meta.py:304]               [DEBUG]    |                                                                                                    |
[2022-10-11 09:16:36,645] [meta.py:305]               [DEBUG]    | Variables: {'value': ['9485'], 'tmdb_collection': ['9485'], 'key_name': 'Fast and the Furious', 'key': '9485', 'name': 'my_template', 'collection_name': 'Fast and the Furious', 'mapping_name': 'Fast and the Furious', 'library_type': 'movie', 'library_name': 'Z. 1 - Films', 'value_encoded': '%5B%279485%27%5D', 'tmdb_collection_encoded': '%5B%279485%27%5D', 'key_name_encoded': 'Fast%20and%20the%20Furious', 'key_encoded': '9485', 'name_encoded': 'my_template', 'collection_name_encoded': 'Fast%20and%20the%20Furious', 'mapping_name_encoded': 'Fast%20and%20the%20Furious', 'library_type_encoded': 'movie', 'library_name_encoded': 'Z.%201%20-%20Films', 'collection_sort': 'Fast and the Furious'} |
[2022-10-11 09:16:36,645] [meta.py:306]               [DEBUG]    |                                                                                                    |
[2022-10-11 09:16:36,645] [meta.py:307]               [DEBUG]    | Defaults: {}                                                                                       |
[2022-10-11 09:16:36,645] [meta.py:308]               [DEBUG]    |                                                                                                    |
[2022-10-11 09:16:36,645] [meta.py:309]               [DEBUG]    | Optional: ['my_collection_poster', 'my_collection_poster_encoded']                                 |
[2022-10-11 09:16:36,646] [meta.py:370]               [DEBUG]    |                                                                                                    |
[2022-10-11 09:16:36,646] [meta.py:371]               [DEBUG]    | Final Template Attributes: {'tmdb_collection_details': ['9485'], 'collection_order': 'release', 'collection_mode': 'hide_items'} |
[2022-10-11 09:16:36,646] [meta.py:372]               [DEBUG]    |                                                                                                    |
[2022-10-11 09:16:36,646] [builder.py:219]            [INFO]     |============================ Validating Fast and the Furious Attributes ============================|
[2022-10-11 09:16:36,647] [builder.py:609]            [DEBUG]    |                                                                                                    |
[2022-10-11 09:16:36,647] [builder.py:610]            [DEBUG]    | Validating Method: collection_order                                                                |
[2022-10-11 09:16:36,647] [builder.py:611]            [DEBUG]    | Value: release                                                                                     |
[2022-10-11 09:16:36,647] [builder.py:627]            [DEBUG]    |                                                                                                    |
[2022-10-11 09:16:36,647] [builder.py:631]            [DEBUG]    | Validating Method: label                                                                           |
[2022-10-11 09:16:36,647] [builder.py:632]            [DEBUG]    | Value: TMDb Collections                                                                            |
[2022-10-11 09:16:36,647] [builder.py:627]            [DEBUG]    |                                                                                                    |
[2022-10-11 09:16:36,648] [builder.py:631]            [DEBUG]    | Validating Method: tmdb_collection_details                                                         |
[2022-10-11 09:16:36,648] [builder.py:632]            [DEBUG]    | Value: ['9485']                                                                                    |
[2022-10-11 09:16:36,664] [builder.py:627]            [DEBUG]    |                                                                                                    |
[2022-10-11 09:16:36,664] [builder.py:631]            [DEBUG]    | Validating Method: collection_mode                                                                 |
[2022-10-11 09:16:36,664] [builder.py:632]            [DEBUG]    | Value: hide_items                                                                                  |
[2022-10-11 09:16:36,670] [plex.py:790]               [DEBUG]    |                                                                                                    |
[2022-10-11 09:16:36,670] [plex.py:793]               [DEBUG]    | Looking for: Fast and the Furious                                                                  |
[2022-10-11 09:16:36,670] [builder.py:797]            [INFO]     |                                                                                                    |
[2022-10-11 09:16:36,670] [builder.py:798]            [INFO]     | Validation Successful                                                                              |
[2022-10-11 09:16:36,670] [plex_meta_manager.py:561]  [INFO]     |                                                                                                    |
[2022-10-11 09:16:36,671] [plex_meta_manager.py:563]  [INFO]     |============================= Running Fast and the Furious Collection ==============================|
[2022-10-11 09:16:36,671] [plex_meta_manager.py:575]  [INFO]     |                                                                                                    |
[2022-10-11 09:16:36,671] [plex_meta_manager.py:576]  [INFO]     | Sync Mode: append                                                                                  |
[2022-10-11 09:16:36,671] [plex_meta_manager.py:579]  [DEBUG]    |                                                                                                    |
[2022-10-11 09:16:36,671] [plex_meta_manager.py:580]  [DEBUG]    | Builder: tmdb_collection: 9485                                                                     |
[2022-10-11 09:16:36,671] [plex_meta_manager.py:581]  [INFO]     |                                                                                                    |
[2022-10-11 09:16:36,678] [tmdb.py:382]               [INFO]     | Processing TMDb Collection: (9485) Fast & Furious - Saga (10 Items)                                |
[2022-10-11 09:16:36,678] [builder.py:1540]           [DEBUG]    |                                                                                                    |
[2022-10-11 09:16:36,678] [builder.py:1541]           [DEBUG]    | 10 IDs Found: [(584, 'tmdb'), (9615, 'tmdb'), (9799, 'tmdb'), (51497, 'tmdb'), (82992, 'tmdb'), (168259, 'tmdb'), (13804, 'tmdb'), (337339, 'tmdb'), (385687, 'tmdb'), (385128, 'tmdb')] |
[2022-10-11 09:16:36,679] [builder.py:1542]           [DEBUG]    |                                                                                                    |
[2022-10-11 09:16:36,679] [builder.py:2064]           [INFO]     |                                                                                                    |
[2022-10-11 09:16:36,679] [builder.py:2065]           [INFO]     |============================ Adding to Fast and the Furious Collection =============================|
[2022-10-11 09:16:36,680] [builder.py:2066]           [INFO]     |                                                                                                    |
[2022-10-11 09:16:36,680] [builder.py:2080]           [INFO]     | 1/9 | Fast and the Furious Collection | + | Fast & Furious 2 : 2 Fast 2 Furious (2003)             |
[2022-10-11 09:16:36,929] [builder.py:2080]           [INFO]     | 2/9 | Fast and the Furious Collection | + | Fast & Furious 3 : Tokyo drift (2006)                  |
[2022-10-11 09:16:37,224] [builder.py:2080]           [INFO]     | 3/9 | Fast and the Furious Collection | + | Fast & Furious (2001)                                  |
[2022-10-11 09:16:37,471] [builder.py:2080]           [INFO]     | 4/9 | Fast and the Furious Collection | + | Fast & Furious 5 (2011)                                |
[2022-10-11 09:16:37,773] [builder.py:2080]           [INFO]     | 5/9 | Fast and the Furious Collection | + | Fast & Furious 6 (2013)                                |
[2022-10-11 09:16:38,040] [builder.py:2080]           [INFO]     | 6/9 | Fast and the Furious Collection | + | Fast & Furious 7 (2015)                                |
[2022-10-11 09:16:38,416] [builder.py:2080]           [INFO]     | 7/9 | Fast and the Furious Collection | + | Fast & Furious 4 (2009)                                |
[2022-10-11 09:16:38,714] [builder.py:2080]           [INFO]     | 8/9 | Fast and the Furious Collection | + | Fast & Furious 8 (2017)                                |
[2022-10-11 09:16:38,987] [builder.py:2080]           [INFO]     | 9/9 | Fast and the Furious Collection | + | Fast & Furious 9 (2021)                                |
[2022-10-11 09:16:41,791] [builder.py:2100]           [INFO]     |                                                                                                    |
[2022-10-11 09:16:41,791] [builder.py:2102]           [INFO]     | 9 Movies Processed 9 Movies Added                                                                  |
[2022-10-11 09:16:41,791] [builder.py:2228]           [INFO]     |                                                                                                    |
[2022-10-11 09:16:41,792] [builder.py:2229]           [INFO]     |============================ Missing Movies from Library: Z. 1 - Films =============================|
[2022-10-11 09:16:41,792] [builder.py:2230]           [INFO]     |                                                                                                    |
[2022-10-11 09:16:41,813] [builder.py:2243]           [INFO]     | Fast and the Furious Collection | ? | Fast X (2023) (TMDb: 385687)                                 |
[2022-10-11 09:16:41,813] [builder.py:2248]           [INFO]     |                                                                                                    |
[2022-10-11 09:16:41,813] [builder.py:2249]           [INFO]     | 1 Movie Missing                                                                                    |
[2022-10-11 09:16:44,313] [builder.py:2441]           [INFO]     |                                                                                                    |
[2022-10-11 09:16:44,313] [builder.py:2442]           [INFO]     |======================= Updating Details of Fast and the Furious Collection ========================|
[2022-10-11 09:16:44,313] [builder.py:2443]           [INFO]     |                                                                                                    |
[2022-10-11 09:16:44,481] [builder.py:2509]           [INFO]     | Collection Metadata Edits                                                                          |
                                                                 | Summary (tmdb_collection_details) | Fast and Furious est une série de films d'action avec comme toile de fond les courses de rue illégales et des braquages.
                                                                 | Label | +TMDb Collections, +PMM
[2022-10-11 09:16:44,678] [builder.py:2513]           [INFO]     | Details: have been updated
[2022-10-11 09:16:44,678] [builder.py:2517]           [INFO]     | 
[2022-10-11 09:16:44,865] [builder.py:2529]           [INFO]     | Collection Mode | hideItems
[2022-10-11 09:16:44,866] [builder.py:2580]           [WARNING]  | Asset Warning: Unable to find asset folder: 'Fast and the Furious'
[2022-10-11 09:16:44,866] [util.py:150]               [DEBUG]    | 1 poster found:
[2022-10-11 09:16:44,866] [util.py:152]               [DEBUG]    | Method: tmdb_collection_details Poster: https://image.tmdb.org/t/p/original/pbaRxkvGXtC0GFTYxMgEyFGw9RP.jpg
[2022-10-11 09:16:44,867] [util.py:150]               [DEBUG]    | 1 background found:
[2022-10-11 09:16:44,867] [util.py:152]               [DEBUG]    | Method: tmdb_collection_details Background: https://image.tmdb.org/t/p/original/gC9BUFiROWtaMsluGYziZ6lR4OJ.jpg
[2022-10-11 09:16:45,097] [library.py:170]            [INFO]     | Detail: tmdb_collection_details updated poster to [URL] https://image.tmdb.org/t/p/original/pbaRxkvGXtC0GFTYxMgEyFGw9RP.jpg
[2022-10-11 09:16:45,169] [library.py:186]            [INFO]     | Detail: tmdb_collection_details updated background to [URL] https://image.tmdb.org/t/p/original/gC9BUFiROWtaMsluGYziZ6lR4OJ.jpg
[2022-10-11 09:16:45,428] [plex_meta_manager.py:708]  [INFO]     | 
[2022-10-11 09:16:45,428] [plex_meta_manager.py:709]  [INFO]     |====================================================================================================|
[2022-10-11 09:16:45,429] [plex_meta_manager.py:709]  [INFO]     |                              Finished Fast and the Furious Collection                              |
[2022-10-11 09:16:45,429] [plex_meta_manager.py:709]  [INFO]     |                                    Collection Run Time: 0:00:08                                    |
[2022-10-11 09:16:45,429] [plex_meta_manager.py:709]  [INFO]     |====================================================================================================|
