[2022-10-08 13:05:13,793] [builder.py:197]            [INFO]     |====================================================================================================|
[2022-10-08 13:05:13,793] [builder.py:197]            [INFO]     |                              The Old Guard Collection in Z. 1 - Films                              |
[2022-10-08 13:05:13,793] [builder.py:197]            [INFO]     |====================================================================================================|
[2022-10-08 13:05:13,794] [builder.py:198]            [INFO]     |                                                                                                    |
[2022-10-08 13:05:13,794] [builder.py:203]            [INFO]     |================================ Building Definition From Templates ================================|
[2022-10-08 13:05:13,794] [builder.py:211]            [DEBUG]    |                                                                                                    |
[2022-10-08 13:05:13,794] [meta.py:128]               [DEBUG]    | Template TMDb Collections                                                                          |
[2022-10-08 13:05:13,794] [meta.py:129]               [DEBUG]    | Call: {'value': ['847029'], 'tmdb_collection': ['847029'], 'key_name': 'The Old Guard', 'key': '847029', 'name': 'TMDb Collections'} |
[2022-10-08 13:05:13,794] [meta.py:304]               [DEBUG]    |                                                                                                    |
[2022-10-08 13:05:13,795] [meta.py:305]               [DEBUG]    | Variables: {'value': ['847029'], 'tmdb_collection': ['847029'], 'key_name': 'The Old Guard', 'key': '847029', 'name': 'TMDb Collections', 'collection_name': 'The Old Guard', 'mapping_name': 'The Old Guard', 'library_type': 'movie', 'library_name': 'Z. 1 - Films', 'value_encoded': '%5B%27847029%27%5D', 'tmdb_collection_encoded': '%5B%27847029%27%5D', 'key_name_encoded': 'The%20Old%20Guard', 'key_encoded': '847029', 'name_encoded': 'TMDb%20Collections', 'collection_name_encoded': 'The%20Old%20Guard', 'mapping_name_encoded': 'The%20Old%20Guard', 'library_type_encoded': 'movie', 'library_name_encoded': 'Z.%201%20-%20Films', 'collection_sort': 'The Old Guard'} |
[2022-10-08 13:05:13,795] [meta.py:306]               [DEBUG]    |                                                                                                    |
[2022-10-08 13:05:13,795] [meta.py:307]               [DEBUG]    | Defaults: {}                                                                                       |
[2022-10-08 13:05:13,795] [meta.py:308]               [DEBUG]    |                                                                                                    |
[2022-10-08 13:05:13,795] [meta.py:309]               [DEBUG]    | Optional: []                                                                                       |
[2022-10-08 13:05:13,796] [meta.py:370]               [DEBUG]    |                                                                                                    |
[2022-10-08 13:05:13,796] [meta.py:371]               [DEBUG]    | Final Template Attributes: {'tmdb_collection_details': ['847029'], 'minimum_items': 2}             |
[2022-10-08 13:05:13,796] [meta.py:372]               [DEBUG]    |                                                                                                    |
[2022-10-08 13:05:13,796] [builder.py:219]            [INFO]     |=============================== Validating The Old Guard Attributes ================================|
[2022-10-08 13:05:13,796] [builder.py:627]            [DEBUG]    |                                                                                                    |
[2022-10-08 13:05:13,796] [builder.py:631]            [DEBUG]    | Validating Method: label                                                                           |
[2022-10-08 13:05:13,797] [builder.py:632]            [DEBUG]    | Value: TMDb Collections                                                                            |
[2022-10-08 13:05:13,797] [builder.py:627]            [DEBUG]    |                                                                                                    |
[2022-10-08 13:05:13,797] [builder.py:631]            [DEBUG]    | Validating Method: tmdb_collection_details                                                         |
[2022-10-08 13:05:13,797] [builder.py:632]            [DEBUG]    | Value: ['847029']                                                                                  |
[2022-10-08 13:05:13,818] [builder.py:627]            [DEBUG]    |                                                                                                    |
[2022-10-08 13:05:13,818] [builder.py:631]            [DEBUG]    | Validating Method: minimum_items                                                                   |
[2022-10-08 13:05:13,818] [builder.py:632]            [DEBUG]    | Value: 2                                                                                           |
[2022-10-08 13:05:13,825] [plex.py:790]               [DEBUG]    |                                                                                                    |
[2022-10-08 13:05:13,826] [plex.py:793]               [DEBUG]    | Looking for: The Old Guard                                                                         |
[2022-10-08 13:05:13,826] [builder.py:797]            [INFO]     |                                                                                                    |
[2022-10-08 13:05:13,826] [builder.py:798]            [INFO]     | Validation Successful                                                                              |
[2022-10-08 13:05:13,826] [plex_meta_manager.py:561]  [INFO]     |                                                                                                    |
[2022-10-08 13:05:13,826] [plex_meta_manager.py:563]  [INFO]     |================================= Running The Old Guard Collection =================================|
[2022-10-08 13:05:13,826] [plex_meta_manager.py:575]  [INFO]     |                                                                                                    |
[2022-10-08 13:05:13,827] [plex_meta_manager.py:576]  [INFO]     | Sync Mode: append                                                                                  |
[2022-10-08 13:05:13,827] [plex_meta_manager.py:579]  [DEBUG]    |                                                                                                    |
[2022-10-08 13:05:13,827] [plex_meta_manager.py:580]  [DEBUG]    | Builder: tmdb_collection: 847029                                                                   |
[2022-10-08 13:05:13,827] [plex_meta_manager.py:581]  [INFO]     |                                                                                                    |
[2022-10-08 13:05:13,832] [tmdb.py:382]               [INFO]     | Processing TMDb Collection: (847029) The Old Guard Collection (2 Items)                            |
[2022-10-08 13:05:13,832] [builder.py:1540]           [DEBUG]    |                                                                                                    |
[2022-10-08 13:05:13,832] [builder.py:1541]           [DEBUG]    | 2 IDs Found: [(547016, 'tmdb'), (846422, 'tmdb')]                                                  |
[2022-10-08 13:05:13,832] [builder.py:1542]           [DEBUG]    |                                                                                                    |
[2022-10-08 13:05:13,833] [builder.py:2228]           [INFO]     |                                                                                                    |
[2022-10-08 13:05:13,833] [builder.py:2229]           [INFO]     |============================ Missing Movies from Library: Z. 1 - Films =============================|
[2022-10-08 13:05:13,833] [builder.py:2230]           [INFO]     |                                                                                                    |
[2022-10-08 13:05:13,845] [builder.py:2243]           [INFO]     | The Old Guard Collection | ? | The Old Guard 2 (TMDb: 846422)                                      |
[2022-10-08 13:05:13,845] [builder.py:2248]           [INFO]     |                                                                                                    |
[2022-10-08 13:05:13,845] [builder.py:2249]           [INFO]     | 1 Movie Missing                                                                                    |
[2022-10-08 13:05:13,902] [plex_meta_manager.py:624]  [INFO]     |                                                                                                    |
[2022-10-08 13:05:13,902] [plex_meta_manager.py:625]  [INFO]     | Collection Minimum: 2 not met for The Old Guard Collection                                         |
[2022-10-08 13:05:13,902] [plex_meta_manager.py:708]  [INFO]     |                                                                                                    |
[2022-10-08 13:05:13,903] [plex_meta_manager.py:709]  [INFO]     |====================================================================================================|
[2022-10-08 13:05:13,903] [plex_meta_manager.py:709]  [INFO]     |                                 Finished The Old Guard Collection                                  |
[2022-10-08 13:05:13,903] [plex_meta_manager.py:709]  [INFO]     |                                    Collection Run Time: 0:00:00                                    |
[2022-10-08 13:05:13,903] [plex_meta_manager.py:709]  [INFO]     |====================================================================================================|
