[2022-09-29 21:51:24,127] [builder.py:197]            [INFO]     |====================================================================================================|
[2022-09-29 21:51:24,127] [builder.py:197]            [INFO]     |                       Amazon Originals 2021-2025 Collection in Z. 1 - Films                        |
[2022-09-29 21:51:24,127] [builder.py:197]            [INFO]     |====================================================================================================|
[2022-09-29 21:51:24,127] [builder.py:198]            [INFO]     |                                                                                                    |
[2022-09-29 21:51:24,127] [builder.py:203]            [INFO]     |================================ Building Definition From Templates ================================|
[2022-09-29 21:51:24,128] [builder.py:219]            [INFO]     |========================= Validating Amazon Originals 2021-2025 Attributes =========================|
[2022-09-29 21:51:24,128] [builder.py:488]            [DEBUG]    |                                                                                                    |
[2022-09-29 21:51:24,128] [builder.py:489]            [DEBUG]    | Validating Method: sync_mode                                                                       |
[2022-09-29 21:51:24,128] [builder.py:493]            [DEBUG]    | Value: sync                                                                                        |
[2022-09-29 21:51:24,128] [builder.py:538]            [DEBUG]    |                                                                                                    |
[2022-09-29 21:51:24,128] [builder.py:539]            [DEBUG]    | Validating Method: smart_label                                                                     |
[2022-09-29 21:51:24,129] [builder.py:544]            [DEBUG]    | Value: originally_available.desc                                                                   |
[2022-09-29 21:51:24,136] [builder.py:627]            [DEBUG]    |                                                                                                    |
[2022-09-29 21:51:24,137] [builder.py:631]            [DEBUG]    | Validating Method: sort_title                                                                      |
[2022-09-29 21:51:24,137] [builder.py:632]            [DEBUG]    | Value: +4_APPLE                                                                                    |
[2022-09-29 21:51:24,137] [builder.py:627]            [DEBUG]    |                                                                                                    |
[2022-09-29 21:51:24,137] [builder.py:631]            [DEBUG]    | Validating Method: imdb_list                                                                       |
[2022-09-29 21:51:24,138] [builder.py:632]            [DEBUG]    | Value: ordereddict([('url', 'https://www.imdb.com/search/title/?title_type=feature,tv_movie,tv_series,tv_special,tv_miniseries,documentary,video,tv_short&release_date=2021-01-01,2025-12-31&genres=!animation&countries=us&languages=en&sort=release_date,desc&count=250&companies=co0319272')]) |
[2022-09-29 21:51:26,080] [builder.py:627]            [DEBUG]    |                                                                                                    |
[2022-09-29 21:51:26,081] [builder.py:631]            [DEBUG]    | Validating Method: summary                                                                         |
[2022-09-29 21:51:26,081] [builder.py:632]            [DEBUG]    | Value: All Amazon Originals From 2021-2025                                                         |
[2022-09-29 21:51:26,082] [builder.py:627]            [DEBUG]    |                                                                                                    |
[2022-09-29 21:51:26,082] [builder.py:631]            [DEBUG]    | Validating Method: url_poster                                                                      |
[2022-09-29 21:51:26,083] [builder.py:632]            [DEBUG]    | Value: https://i.imgur.com/nU3gqqB.png                                                             |
[2022-09-29 21:51:26,104] [builder.py:627]            [DEBUG]    |                                                                                                    |
[2022-09-29 21:51:26,105] [builder.py:631]            [DEBUG]    | Validating Method: url_background                                                                  |
[2022-09-29 21:51:26,105] [builder.py:632]            [DEBUG]    | Value: https://i.imgur.com/2jfs7oS.png                                                             |
[2022-09-29 21:51:26,131] [plex.py:790]               [DEBUG]    |                                                                                                    |
[2022-09-29 21:51:26,132] [plex.py:793]               [DEBUG]    | Looking for: Amazon Originals 2021-2025                                                            |
[2022-09-29 21:51:26,132] [builder.py:797]            [INFO]     |                                                                                                    |
[2022-09-29 21:51:26,132] [builder.py:798]            [INFO]     | Validation Successful                                                                              |
[2022-09-29 21:51:26,133] [plex_meta_manager.py:561]  [INFO]     |                                                                                                    |
[2022-09-29 21:51:26,133] [plex_meta_manager.py:563]  [INFO]     |========================== Running Amazon Originals 2021-2025 Collection ===========================|
[2022-09-29 21:51:26,133] [plex_meta_manager.py:575]  [INFO]     |                                                                                                    |
[2022-09-29 21:51:26,134] [plex_meta_manager.py:576]  [INFO]     | Sync Mode: sync                                                                                    |
[2022-09-29 21:51:26,134] [plex_meta_manager.py:579]  [DEBUG]    |                                                                                                    |
[2022-09-29 21:51:26,134] [plex_meta_manager.py:580]  [DEBUG]    | Builder: imdb_list: {'url': 'https://www.imdb.com/search/title/?title_type=feature,tv_movie,tv_series,tv_special,tv_miniseries,documentary,video,tv_short&release_date=2021-01-01,2025-12-31&genres=!animation&countries=us&languages=en&sort=release_date,desc&count=250&companies=co0319272', 'limit': 0} |
[2022-09-29 21:51:26,135] [plex_meta_manager.py:581]  [INFO]     |                                                                                                    |
[2022-09-29 21:51:26,135] [imdb.py:184]               [INFO]     | Processing IMDb List: https://www.imdb.com/search/title/?title_type=feature,tv_movie,tv_series,tv_special,tv_miniseries,documentary,video,tv_short&release_date=2021-01-01,2025-12-31&genres=!animation&countries=us&languages=en&sort=release_date,desc&count=250&companies=co0319272 |
[2022-09-29 21:51:30,795] [imdb.py:135]               [DEBUG]    | 89 IMDb IDs Found: ['tt12923632', 'tt8749198', 'tt15333984', 'tt14044212', 'tt12637874', 'tt16233952', 'tt9071456', 'tt8291284', 'tt11771270', 'tt22179944', 'tt13139228', 'tt21293078', 'tt14179942', 'tt13622204', 'tt7631058', 'tt14544190', 'tt19896302', 'tt11743610', 'tt21153686', 'tt14016500', 'tt8226360', 'tt2597804', 'tt10623646', 'tt11102716', 'tt13361448', 'tt11921588', 'tt14168162', 'tt11685912', 'tt3706352', 'tt4123432', 'tt16232892', 'tt2180339', 'tt15261910', 'tt6462958', 'tt16911310', 'tt9288030', 'tt10931784', 'tt12971802', 'tt11286210', 'tt13650600', 'tt14571576', 'tt14571518', 'tt15660422', 'tt16415198', 'tt16280900', 'tt15791014', 'tt10608454', 'tt4995540', 'tt14734228', 'tt15553596', 'tt7462410', 'tt15076878', 'tt13368190', 'tt8431322', 'tt15526556', 'tt10937180', 'tt13622180', 'tt3108894', 'tt15385930', 'tt13372944', 'tt13372794', 'tt13372884', 'tt15475628', 'tt14679942', 'tt13372992', 'tt11771006', 'tt12800524', 'tt10155932', 'tt15213278', 'tt16308040', 'tt14731254', 'tt9777666', 'tt11383348', 'tt14668426', 'tt12023002', 'tt8635092', 'tt14532426', 'tt14532412', 'tt14532380', 'tt14586552', 'tt14264844', 'tt13356646', 'tt6704972', 'tt10344410', 'tt14450630', 'tt0499097', 'tt22262682', 'tt10333426', 'tt11092594'] |
[2022-09-29 21:51:30,795] [builder.py:1540]           [DEBUG]    |                                                                                                    |
[2022-09-29 21:51:30,796] [builder.py:1541]           [DEBUG]    | 89 IDs Found: [('tt12923632', 'imdb'), ('tt8749198', 'imdb'), ('tt15333984', 'imdb'), ('tt14044212', 'imdb'), ('tt12637874', 'imdb'), ('tt16233952', 'imdb'), ('tt9071456', 'imdb'), ('tt8291284', 'imdb'), ('tt11771270', 'imdb'), ('tt22179944', 'imdb'), ('tt13139228', 'imdb'), ('tt21293078', 'imdb'), ('tt14179942', 'imdb'), ('tt13622204', 'imdb'), ('tt7631058', 'imdb'), ('tt14544190', 'imdb'), ('tt19896302', 'imdb'), ('tt11743610', 'imdb'), ('tt21153686', 'imdb'), ('tt14016500', 'imdb'), ('tt8226360', 'imdb'), ('tt2597804', 'imdb'), ('tt10623646', 'imdb'), ('tt11102716', 'imdb'), ('tt13361448', 'imdb'), ('tt11921588', 'imdb'), ('tt14168162', 'imdb'), ('tt11685912', 'imdb'), ('tt3706352', 'imdb'), ('tt4123432', 'imdb'), ('tt16232892', 'imdb'), ('tt2180339', 'imdb'), ('tt15261910', 'imdb'), ('tt6462958', 'imdb'), ('tt16911310', 'imdb'), ('tt9288030', 'imdb'), ('tt10931784', 'imdb'), ('tt12971802', 'imdb'), ('tt11286210', 'imdb'), ('tt13650600', 'imdb'), ('tt14571576', 'imdb'), ('tt14571518', 'imdb'), ('tt15660422', 'imdb'), ('tt16415198', 'imdb'), ('tt16280900', 'imdb'), ('tt15791014', 'imdb'), ('tt10608454', 'imdb'), ('tt4995540', 'imdb'), ('tt14734228', 'imdb'), ('tt15553596', 'imdb'), ('tt7462410', 'imdb'), ('tt15076878', 'imdb'), ('tt13368190', 'imdb'), ('tt8431322', 'imdb'), ('tt15526556', 'imdb'), ('tt10937180', 'imdb'), ('tt13622180', 'imdb'), ('tt3108894', 'imdb'), ('tt15385930', 'imdb'), ('tt13372944', 'imdb'), ('tt13372794', 'imdb'), ('tt13372884', 'imdb'), ('tt15475628', 'imdb'), ('tt14679942', 'imdb'), ('tt13372992', 'imdb'), ('tt11771006', 'imdb'), ('tt12800524', 'imdb'), ('tt10155932', 'imdb'), ('tt15213278', 'imdb'), ('tt16308040', 'imdb'), ('tt14731254', 'imdb'), ('tt9777666', 'imdb'), ('tt11383348', 'imdb'), ('tt14668426', 'imdb'), ('tt12023002', 'imdb'), ('tt8635092', 'imdb'), ('tt14532426', 'imdb'), ('tt14532412', 'imdb'), ('tt14532380', 'imdb'), ('tt14586552', 'imdb'), ('tt14264844', 'imdb'), ('tt13356646', 'imdb'), ('tt6704972', 'imdb'), ('tt10344410', 'imdb'), ('tt14450630', 'imdb'), ('tt0499097', 'imdb'), ('tt22262682', 'imdb'), ('tt10333426', 'imdb'), ('tt11092594', 'imdb')] |
[2022-09-29 21:51:30,797] [builder.py:1542]           [DEBUG]    |                                                                                                    |
[2022-09-29 21:51:30,917] [builder.py:1598]           [WARNING]  | Convert Error: No TMDb ID Found for IMDb ID: tt12923632                                            |
[2022-09-29 21:51:31,544] [builder.py:1598]           [WARNING]  | Convert Error: No TVDb ID Found for TMDb ID: 95555                                                 |
[2022-09-29 21:51:35,148] [builder.py:1598]           [WARNING]  | Convert Error: No TMDb ID Found for IMDb ID: tt22179944                                            |
[2022-09-29 21:51:37,639] [builder.py:1598]           [WARNING]  | Convert Error: No TMDb ID Found for IMDb ID: tt21153686                                            |
[2022-09-29 21:51:43,056] [builder.py:1598]           [WARNING]  | Convert Error: No TMDb ID Found for IMDb ID: tt14571576                                            |
[2022-09-29 21:51:43,219] [builder.py:1598]           [WARNING]  | Convert Error: No TMDb ID Found for IMDb ID: tt14571518                                            |
[2022-09-29 21:51:44,289] [builder.py:1598]           [WARNING]  | Convert Error: No TMDb ID Found for IMDb ID: tt16415198                                            |
[2022-09-29 21:51:44,746] [builder.py:1598]           [WARNING]  | Convert Error: No TMDb ID Found for IMDb ID: tt15791014                                            |
[2022-09-29 21:51:48,492] [builder.py:1598]           [WARNING]  | Convert Error: No TMDb ID Found for IMDb ID: tt15475628                                            |
[2022-09-29 21:51:49,673] [builder.py:1598]           [WARNING]  | Convert Error: No TMDb ID Found for IMDb ID: tt16308040                                            |
[2022-09-29 21:51:50,844] [builder.py:1598]           [WARNING]  | Convert Error: No TMDb ID Found for IMDb ID: tt14532412                                            |
[2022-09-29 21:51:52,998] [builder.py:1598]           [WARNING]  | Convert Error: No TMDb ID Found for IMDb ID: tt22262682                                            |
[2022-09-29 21:51:53,200] [builder.py:2064]           [INFO]     |                                                                                                    |
[2022-09-29 21:51:53,201] [builder.py:2065]           [INFO]     |========================= Adding to Amazon Originals 2021-2025 Collection ==========================|
[2022-09-29 21:51:53,202] [builder.py:2066]           [INFO]     |                                                                                                    |
[2022-09-29 21:51:53,232] [builder.py:2080]           [INFO]     | 1/8 | Amazon Originals 2021-2025 Collection | + | Le Couteau par la lame (2022)                    |
[2022-09-29 21:51:55,127] [builder.py:2080]           [INFO]     | 2/8 | Amazon Originals 2021-2025 Collection | + | Les Animaux Fantastiques - Les Secrets de Dumbledore (2022) |
[2022-09-29 21:51:59,135] [builder.py:2080]           [INFO]     | 3/8 | Amazon Originals 2021-2025 Collection | + | Being the Ricardos (2021)                        |
[2022-09-29 21:52:02,427] [builder.py:2080]           [INFO]     | 4/8 | Amazon Originals 2021-2025 Collection | + | Le manoir (2021)                                 |
[2022-09-29 21:52:05,990] [builder.py:2080]           [INFO]     | 5/8 | Amazon Originals 2021-2025 Collection | + | Invasion (2021)                                  |
[2022-09-29 21:52:10,717] [builder.py:2080]           [INFO]     | 6/8 | Amazon Originals 2021-2025 Collection | + | The Tomorrow War (2021)                          |
[2022-09-29 21:52:12,948] [builder.py:2080]           [INFO]     | 7/8 | Amazon Originals 2021-2025 Collection | + | Sans aucun Remords (2021)                        |
[2022-09-29 21:52:15,127] [builder.py:2080]           [INFO]     | 8/8 | Amazon Originals 2021-2025 Collection | + | Bliss (2021)                                     |
[2022-09-29 21:52:17,625] [builder.py:2100]           [INFO]     |                                                                                                    |
[2022-09-29 21:52:17,626] [builder.py:2102]           [INFO]     | 8 Movies Processed 8 Movies Added                                                                  |
[2022-09-29 21:52:17,626] [builder.py:2228]           [INFO]     |                                                                                                    |
[2022-09-29 21:52:17,626] [builder.py:2229]           [INFO]     |============================ Missing Movies from Library: Z. 1 - Films =============================|
[2022-09-29 21:52:17,626] [builder.py:2230]           [INFO]     |                                                                                                    |
[2022-09-29 21:52:18,201] [builder.py:2243]           [INFO]     | Amazon Originals 2021-2025 Collection | ? | Somebody I Used to Know (TMDb: 869112)                 |
[2022-09-29 21:52:18,582] [builder.py:2243]           [INFO]     | Amazon Originals 2021-2025 Collection | ? | Something from Tiffany's (2022) (TMDb: 916053)         |
[2022-09-29 21:52:18,942] [builder.py:2243]           [INFO]     | Amazon Originals 2021-2025 Collection | ? | The People We Hate at the Wedding (2022) (TMDb: 802372) |
[2022-09-29 21:52:19,475] [builder.py:2243]           [INFO]     | Amazon Originals 2021-2025 Collection | ? | My Policeman (2022) (TMDb: 744114)                     |
[2022-09-29 21:52:19,949] [builder.py:2243]           [INFO]     | Amazon Originals 2021-2025 Collection | ? | Flight/Risk (2022) (TMDb: 1001869)                     |
[2022-09-29 21:52:20,369] [builder.py:2243]           [INFO]     | Amazon Originals 2021-2025 Collection | ? | Good Night Oppy (2022) (TMDb: 972545)                  |
[2022-09-29 21:52:20,714] [builder.py:2243]           [INFO]     | Amazon Originals 2021-2025 Collection | ? | Wildcat (2022) (TMDb: 1019446)                         |
[2022-09-29 21:52:21,152] [builder.py:2243]           [INFO]     | Amazon Originals 2021-2025 Collection | ? | Don't Make Me Go (2022) (TMDb: 861072)                 |
[2022-09-29 21:52:21,549] [builder.py:2243]           [INFO]     | Amazon Originals 2021-2025 Collection | ? | Iain Stirling Failing Upwards (2022) (TMDb: 980618)    |
[2022-09-29 21:52:22,046] [builder.py:2243]           [INFO]     | Amazon Originals 2021-2025 Collection | ? | Deep Water (2022) (TMDb: 619979)                       |
[2022-09-29 21:52:22,506] [builder.py:2243]           [INFO]     | Amazon Originals 2021-2025 Collection | ? | I Want You Back (2022) (TMDb: 680860)                  |
[2022-09-29 21:52:22,860] [builder.py:2243]           [INFO]     | Amazon Originals 2021-2025 Collection | ? | Nanny (2022) (TMDb: 843932)                            |
[2022-09-29 21:52:23,368] [builder.py:2243]           [INFO]     | Amazon Originals 2021-2025 Collection | ? | Lucy and Desi (2022) (TMDb: 736280)                    |
[2022-09-29 21:52:23,829] [builder.py:2243]           [INFO]     | Amazon Originals 2021-2025 Collection | ? | Master (2022) (TMDb: 680829)                           |
[2022-09-29 21:52:24,253] [builder.py:2243]           [INFO]     | Amazon Originals 2021-2025 Collection | ? | Emergency (2022) (TMDb: 819309)                        |
[2022-09-29 21:52:26,644] [builder.py:2243]           [INFO]     | Amazon Originals 2021-2025 Collection | ? | Yearly Departed (2021) (TMDb: 919330)                  |
[2022-09-29 21:52:27,245] [builder.py:2243]           [INFO]     | Amazon Originals 2021-2025 Collection | ? | Shatner in Space (2021) (TMDb: 912552)                 |
[2022-09-29 21:52:27,695] [builder.py:2243]           [INFO]     | Amazon Originals 2021-2025 Collection | ? | Mayor Pete (2021) (TMDb: 782310)                       |
[2022-09-29 21:52:27,718] [builder.py:2243]           [INFO]     | Amazon Originals 2021-2025 Collection | ? | The Tender Bar (2021) (TMDb: 727293)                   |
[2022-09-29 21:52:28,343] [builder.py:2243]           [INFO]     | Amazon Originals 2021-2025 Collection | ? | Justin Bieber: Our World (2021) (TMDb: 871858)         |
[2022-09-29 21:52:28,810] [builder.py:2243]           [INFO]     | Amazon Originals 2021-2025 Collection | ? | Madres (2021) (TMDb: 796428)                           |
[2022-09-29 21:52:29,327] [builder.py:2243]           [INFO]     | Amazon Originals 2021-2025 Collection | ? | Black as Night (2021) (TMDb: 767504)                   |
[2022-09-29 21:52:29,810] [builder.py:2243]           [INFO]     | Amazon Originals 2021-2025 Collection | ? | Bingo Hell (2021) (TMDb: 802226)                       |
[2022-09-29 21:52:30,384] [builder.py:2243]           [INFO]     | Amazon Originals 2021-2025 Collection | ? | Birds of Paradise (2021) (TMDb: 667969)                |
[2022-09-29 21:52:30,966] [builder.py:2243]           [INFO]     | Amazon Originals 2021-2025 Collection | ? | Cinderella (2021) (TMDb: 593910)                       |
[2022-09-29 21:52:31,569] [builder.py:2243]           [INFO]     | Amazon Originals 2021-2025 Collection | ? | Val (2021) (TMDb: 834027)                              |
[2022-09-29 21:52:32,059] [builder.py:2243]           [INFO]     | Amazon Originals 2021-2025 Collection | ? | Mary J. Blige's My Life (2021) (TMDb: 835860)          |
[2022-09-29 21:52:32,494] [builder.py:2243]           [INFO]     | Amazon Originals 2021-2025 Collection | ? | 7th & Union (2021) (TMDb: 845887)                      |
[2022-09-29 21:52:32,515] [builder.py:2243]           [INFO]     | Amazon Originals 2021-2025 Collection | ? | Everybody's Talking About Jamie (2021) (TMDb: 624899)  |
[2022-09-29 21:52:32,957] [builder.py:2243]           [INFO]     | Amazon Originals 2021-2025 Collection | ? | Borat: VHS Cassette of Material Deemed “Sub-acceptable” By Kazakhstan Ministry of Censorship and Circumcision (2021) (TMDb: 818789) |
[2022-09-29 21:52:33,341] [builder.py:2243]           [INFO]     | Amazon Originals 2021-2025 Collection | ? | See Us Unite for Change (2021) (TMDb: 833548)          |
[2022-09-29 21:52:33,741] [builder.py:2243]           [INFO]     | Amazon Originals 2021-2025 Collection | ? | P!NK: All I Know So Far (2021) (TMDb: 807597)          |
[2022-09-29 21:52:34,110] [builder.py:2243]           [INFO]     | Amazon Originals 2021-2025 Collection | ? | What Drives Us (2021) (TMDb: 817775)                   |
[2022-09-29 21:52:34,447] [builder.py:2243]           [INFO]     | Amazon Originals 2021-2025 Collection | ? | My Name Is Pauli Murray (2021) (TMDb: 776589)          |
[2022-09-29 21:52:34,448] [builder.py:2248]           [INFO]     |                                                                                                    |
[2022-09-29 21:52:34,448] [builder.py:2249]           [INFO]     | 34 Movies Missing                                                                                  |
[2022-09-29 21:52:34,489] [plex.py:711]               [DEBUG]    | Smart Collection Test: ?type=1&sort=originallyAvailableAt%3Adesc&label=213523                      |
[2022-09-29 21:52:34,576] [builder.py:2441]           [INFO]     |                                                                                                    |
[2022-09-29 21:52:34,577] [builder.py:2442]           [INFO]     |==================== Updating Details of Amazon Originals 2021-2025 Collection =====================|
[2022-09-29 21:52:34,577] [builder.py:2443]           [INFO]     |                                                                                                    |
[2022-09-29 21:52:34,992] [builder.py:2509]           [INFO]     | Collection Metadata Edits                                                                          |
                                                                 | Summary (summary) | All Amazon Originals From 2021-2025
                                                                 | Sort Title | +4_APPLE
                                                                 | Label | +PMM
[2022-09-29 21:52:35,988] [builder.py:2513]           [INFO]     | Details: have been updated
[2022-09-29 21:52:35,988] [builder.py:2517]           [INFO]     | 
[2022-09-29 21:52:35,989] [builder.py:2580]           [WARNING]  | Asset Warning: Unable to find asset folder: 'Amazon Originals 2021-2025'
[2022-09-29 21:52:35,989] [util.py:150]               [DEBUG]    | 1 poster found:
[2022-09-29 21:52:35,989] [util.py:152]               [DEBUG]    | Method: url_poster Poster: https://i.imgur.com/nU3gqqB.png
[2022-09-29 21:52:35,989] [util.py:150]               [DEBUG]    | 1 background found:
[2022-09-29 21:52:35,990] [util.py:152]               [DEBUG]    | Method: url_background Background: https://i.imgur.com/2jfs7oS.png
[2022-09-29 21:52:36,179] [library.py:170]            [INFO]     | Detail: url_poster updated poster to [URL] https://i.imgur.com/nU3gqqB.png
[2022-09-29 21:52:36,256] [library.py:186]            [INFO]     | Detail: url_background updated background to [URL] https://i.imgur.com/2jfs7oS.png
[2022-09-29 21:52:36,358] [plex_meta_manager.py:708]  [INFO]     | 
[2022-09-29 21:52:36,358] [plex_meta_manager.py:709]  [INFO]     |====================================================================================================|
[2022-09-29 21:52:36,358] [plex_meta_manager.py:709]  [INFO]     |                           Finished Amazon Originals 2021-2025 Collection                           |
[2022-09-29 21:52:36,358] [plex_meta_manager.py:709]  [INFO]     |                                    Collection Run Time: 0:01:12                                    |
[2022-09-29 21:52:36,359] [plex_meta_manager.py:709]  [INFO]     |====================================================================================================|
