[2022-10-11 09:17:21,130] [builder.py:197]            [INFO]     |====================================================================================================|
[2022-10-11 09:17:21,130] [builder.py:197]            [INFO]     |                              Harry Potter Collection in Z. 1 - Films                               |
[2022-10-11 09:17:21,130] [builder.py:197]            [INFO]     |====================================================================================================|
[2022-10-11 09:17:21,130] [builder.py:198]            [INFO]     |                                                                                                    |
[2022-10-11 09:17:21,131] [builder.py:203]            [INFO]     |================================ Building Definition From Templates ================================|
[2022-10-11 09:17:21,131] [builder.py:211]            [DEBUG]    |                                                                                                    |
[2022-10-11 09:17:21,131] [meta.py:128]               [DEBUG]    | Template my_template                                                                               |
[2022-10-11 09:17:21,131] [meta.py:129]               [DEBUG]    | Call: {'value': ['1241'], 'tmdb_collection': ['1241'], 'key_name': 'Harry Potter', 'key': '1241', 'name': 'my_template'} |
[2022-10-11 09:17:21,132] [meta.py:304]               [DEBUG]    |                                                                                                    |
[2022-10-11 09:17:21,132] [meta.py:305]               [DEBUG]    | Variables: {'value': ['1241'], 'tmdb_collection': ['1241'], 'key_name': 'Harry Potter', 'key': '1241', 'name': 'my_template', 'collection_name': 'Harry Potter', 'mapping_name': 'Harry Potter', 'library_type': 'movie', 'library_name': 'Z. 1 - Films', 'value_encoded': '%5B%271241%27%5D', 'tmdb_collection_encoded': '%5B%271241%27%5D', 'key_name_encoded': 'Harry%20Potter', 'key_encoded': '1241', 'name_encoded': 'my_template', 'collection_name_encoded': 'Harry%20Potter', 'mapping_name_encoded': 'Harry%20Potter', 'library_type_encoded': 'movie', 'library_name_encoded': 'Z.%201%20-%20Films', 'collection_sort': 'Harry Potter'} |
[2022-10-11 09:17:21,132] [meta.py:306]               [DEBUG]    |                                                                                                    |
[2022-10-11 09:17:21,132] [meta.py:307]               [DEBUG]    | Defaults: {}                                                                                       |
[2022-10-11 09:17:21,133] [meta.py:308]               [DEBUG]    |                                                                                                    |
[2022-10-11 09:17:21,133] [meta.py:309]               [DEBUG]    | Optional: ['my_collection_poster', 'my_collection_poster_encoded']                                 |
[2022-10-11 09:17:21,134] [meta.py:370]               [DEBUG]    |                                                                                                    |
[2022-10-11 09:17:21,134] [meta.py:371]               [DEBUG]    | Final Template Attributes: {'tmdb_collection_details': ['1241'], 'collection_order': 'release', 'collection_mode': 'hide_items'} |
[2022-10-11 09:17:21,134] [meta.py:372]               [DEBUG]    |                                                                                                    |
[2022-10-11 09:17:21,134] [builder.py:219]            [INFO]     |================================ Validating Harry Potter Attributes ================================|
[2022-10-11 09:17:21,135] [builder.py:609]            [DEBUG]    |                                                                                                    |
[2022-10-11 09:17:21,135] [builder.py:610]            [DEBUG]    | Validating Method: collection_order                                                                |
[2022-10-11 09:17:21,135] [builder.py:611]            [DEBUG]    | Value: release                                                                                     |
[2022-10-11 09:17:21,135] [builder.py:627]            [DEBUG]    |                                                                                                    |
[2022-10-11 09:17:21,135] [builder.py:631]            [DEBUG]    | Validating Method: label                                                                           |
[2022-10-11 09:17:21,136] [builder.py:632]            [DEBUG]    | Value: TMDb Collections                                                                            |
[2022-10-11 09:17:21,136] [builder.py:627]            [DEBUG]    |                                                                                                    |
[2022-10-11 09:17:21,136] [builder.py:631]            [DEBUG]    | Validating Method: tmdb_collection_details                                                         |
[2022-10-11 09:17:21,136] [builder.py:632]            [DEBUG]    | Value: ['1241']                                                                                    |
[2022-10-11 09:17:21,153] [builder.py:627]            [DEBUG]    |                                                                                                    |
[2022-10-11 09:17:21,153] [builder.py:631]            [DEBUG]    | Validating Method: collection_mode                                                                 |
[2022-10-11 09:17:21,154] [builder.py:632]            [DEBUG]    | Value: hide_items                                                                                  |
[2022-10-11 09:17:21,160] [plex.py:790]               [DEBUG]    |                                                                                                    |
[2022-10-11 09:17:21,160] [plex.py:793]               [DEBUG]    | Looking for: Harry Potter                                                                          |
[2022-10-11 09:17:21,160] [builder.py:797]            [INFO]     |                                                                                                    |
[2022-10-11 09:17:21,160] [builder.py:798]            [INFO]     | Validation Successful                                                                              |
[2022-10-11 09:17:21,160] [plex_meta_manager.py:561]  [INFO]     |                                                                                                    |
[2022-10-11 09:17:21,161] [plex_meta_manager.py:563]  [INFO]     |================================= Running Harry Potter Collection ==================================|
[2022-10-11 09:17:21,161] [plex_meta_manager.py:575]  [INFO]     |                                                                                                    |
[2022-10-11 09:17:21,161] [plex_meta_manager.py:576]  [INFO]     | Sync Mode: append                                                                                  |
[2022-10-11 09:17:21,161] [plex_meta_manager.py:579]  [DEBUG]    |                                                                                                    |
[2022-10-11 09:17:21,161] [plex_meta_manager.py:580]  [DEBUG]    | Builder: tmdb_collection: 1241                                                                     |
[2022-10-11 09:17:21,161] [plex_meta_manager.py:581]  [INFO]     |                                                                                                    |
[2022-10-11 09:17:21,168] [tmdb.py:382]               [INFO]     | Processing TMDb Collection: (1241) Harry Potter - Saga (8 Items)                                   |
[2022-10-11 09:17:21,168] [builder.py:1540]           [DEBUG]    |                                                                                                    |
[2022-10-11 09:17:21,169] [builder.py:1541]           [DEBUG]    | 8 IDs Found: [(671, 'tmdb'), (672, 'tmdb'), (674, 'tmdb'), (767, 'tmdb'), (673, 'tmdb'), (675, 'tmdb'), (12444, 'tmdb'), (12445, 'tmdb')] |
[2022-10-11 09:17:21,169] [builder.py:1542]           [DEBUG]    |                                                                                                    |
[2022-10-11 09:17:21,169] [builder.py:2064]           [INFO]     |                                                                                                    |
[2022-10-11 09:17:21,169] [builder.py:2065]           [INFO]     |================================ Adding to Harry Potter Collection =================================|
[2022-10-11 09:17:21,170] [builder.py:2066]           [INFO]     |                                                                                                    |
[2022-10-11 09:17:21,170] [builder.py:2080]           [INFO]     | 1/8 | Harry Potter Collection | + | Harry Potter : À l'ecole des sorciers (2001)                   |
[2022-10-11 09:17:21,215] [builder.py:2080]           [INFO]     | 2/8 | Harry Potter Collection | + | Harry Potter II :  La Chambre des secrets (2002)               |
[2022-10-11 09:17:21,576] [builder.py:2080]           [INFO]     | 3/8 | Harry Potter Collection | + | Harry Potter IV : La Coupe de feu (2005)                       |
[2022-10-11 09:17:21,850] [builder.py:2080]           [INFO]     | 4/8 | Harry Potter Collection | + | Harry Potter VI : Le Prince de sang-mêlé (2009)                |
[2022-10-11 09:17:22,180] [builder.py:2080]           [INFO]     | 5/8 | Harry Potter Collection | + | Harry Potter III : Le Prisonnier d'Azkaban (2004)              |
[2022-10-11 09:17:22,467] [builder.py:2080]           [INFO]     | 6/8 | Harry Potter Collection | + | Harry Potter V : L'Ordre du Phenix (2007)                      |
[2022-10-11 09:17:22,502] [builder.py:2080]           [INFO]     | 7/8 | Harry Potter Collection | + | Harry Potter VII-I : Les Reliques de la mort (2010)            |
[2022-10-11 09:17:22,801] [builder.py:2080]           [INFO]     | 8/8 | Harry Potter Collection | + | Harry Potter VII-II : Les Reliques de la mort (2011)           |
[2022-10-11 09:17:26,053] [builder.py:2100]           [INFO]     |                                                                                                    |
[2022-10-11 09:17:26,054] [builder.py:2102]           [INFO]     | 8 Movies Processed 8 Movies Added                                                                  |
[2022-10-11 09:17:26,062] [builder.py:2441]           [INFO]     |                                                                                                    |
[2022-10-11 09:17:26,063] [builder.py:2442]           [INFO]     |=========================== Updating Details of Harry Potter Collection ============================|
[2022-10-11 09:17:26,063] [builder.py:2443]           [INFO]     |                                                                                                    |
[2022-10-11 09:17:26,236] [builder.py:2509]           [INFO]     | Collection Metadata Edits                                                                          |
                                                                 | Summary (tmdb_collection_details) | La saga Harry Potter raconte les aventures de l'apprenti sorcier Harry Potter et de ses amis Ron Weasley et Hermione Granger à l'école de sorcellerie Poudlard, dirigée par Albus Dumbledore.
                                                                 | Label | +TMDb Collections, +PMM
[2022-10-11 09:17:26,435] [builder.py:2513]           [INFO]     | Details: have been updated
[2022-10-11 09:17:26,436] [builder.py:2517]           [INFO]     | 
[2022-10-11 09:17:26,618] [builder.py:2529]           [INFO]     | Collection Mode | hideItems
[2022-10-11 09:17:26,618] [builder.py:2580]           [WARNING]  | Asset Warning: Unable to find asset folder: 'Harry Potter'
[2022-10-11 09:17:26,618] [util.py:150]               [DEBUG]    | 1 poster found:
[2022-10-11 09:17:26,618] [util.py:152]               [DEBUG]    | Method: tmdb_collection_details Poster: https://image.tmdb.org/t/p/original/iK5s34WRr3OoSKgWPfEsp3ZAsMK.jpg
[2022-10-11 09:17:26,619] [util.py:150]               [DEBUG]    | 1 background found:
[2022-10-11 09:17:26,619] [util.py:152]               [DEBUG]    | Method: tmdb_collection_details Background: https://image.tmdb.org/t/p/original/4gV0rKUjB1nLUdZB4zIltLvNZZr.jpg
[2022-10-11 09:17:26,649] [library.py:170]            [INFO]     | Detail: tmdb_collection_details updated poster to [URL] https://image.tmdb.org/t/p/original/iK5s34WRr3OoSKgWPfEsp3ZAsMK.jpg
[2022-10-11 09:17:26,696] [library.py:186]            [INFO]     | Detail: tmdb_collection_details updated background to [URL] https://image.tmdb.org/t/p/original/4gV0rKUjB1nLUdZB4zIltLvNZZr.jpg
[2022-10-11 09:17:26,992] [plex_meta_manager.py:708]  [INFO]     | 
[2022-10-11 09:17:26,992] [plex_meta_manager.py:709]  [INFO]     |====================================================================================================|
[2022-10-11 09:17:26,992] [plex_meta_manager.py:709]  [INFO]     |                                  Finished Harry Potter Collection                                  |
[2022-10-11 09:17:26,992] [plex_meta_manager.py:709]  [INFO]     |                                    Collection Run Time: 0:00:05                                    |
[2022-10-11 09:17:26,993] [plex_meta_manager.py:709]  [INFO]     |====================================================================================================|
