[2022-10-11 11:18:30,984] [builder.py:200]            [INFO]     |====================================================================================================|
[2022-10-11 11:18:30,984] [builder.py:200]            [INFO]     |                                  Blade Collection in Z. 1 - Films                                  |
[2022-10-11 11:18:30,984] [builder.py:200]            [INFO]     |====================================================================================================|
[2022-10-11 11:18:30,984] [builder.py:201]            [INFO]     |                                                                                                    |
[2022-10-11 11:18:30,985] [builder.py:206]            [INFO]     |================================ Building Definition From Templates ================================|
[2022-10-11 11:18:30,985] [builder.py:222]            [DEBUG]    |                                                                                                    |
[2022-10-11 11:18:30,985] [meta.py:128]               [DEBUG]    | Template my_template                                                                               |
[2022-10-11 11:18:30,985] [meta.py:129]               [DEBUG]    | Call: {'value': ['735'], 'tmdb_collection': ['735'], 'key_name': 'Blade', 'key': '735', 'name': 'my_template'} |
[2022-10-11 11:18:30,985] [meta.py:304]               [DEBUG]    |                                                                                                    |
[2022-10-11 11:18:30,985] [meta.py:305]               [DEBUG]    | Variables: {'value': ['735'], 'tmdb_collection': ['735'], 'key_name': 'Blade', 'key': '735', 'name': 'my_template', 'collection_name': 'Blade', 'mapping_name': 'Blade', 'library_type': 'movie', 'library_name': 'Z. 1 - Films', 'value_encoded': '%5B%27735%27%5D', 'tmdb_collection_encoded': '%5B%27735%27%5D', 'key_name_encoded': 'Blade', 'key_encoded': '735', 'name_encoded': 'my_template', 'collection_name_encoded': 'Blade', 'mapping_name_encoded': 'Blade', 'library_type_encoded': 'movie', 'library_name_encoded': 'Z.%201%20-%20Films', 'collection_sort': 'Blade'} |
[2022-10-11 11:18:30,986] [meta.py:306]               [DEBUG]    |                                                                                                    |
[2022-10-11 11:18:30,986] [meta.py:307]               [DEBUG]    | Defaults: {}                                                                                       |
[2022-10-11 11:18:30,986] [meta.py:308]               [DEBUG]    |                                                                                                    |
[2022-10-11 11:18:30,986] [meta.py:309]               [DEBUG]    | Optional: ['my_collection_poster', 'my_collection_poster_encoded']                                 |
[2022-10-11 11:18:30,987] [meta.py:370]               [DEBUG]    |                                                                                                    |
[2022-10-11 11:18:30,987] [meta.py:371]               [DEBUG]    | Final Template Attributes: {'tmdb_collection_details': ['735'], 'collection_order': 'release', 'collection_mode': 'hide_items', 'sort_title': '+C1_Blade'} |
[2022-10-11 11:18:30,987] [meta.py:372]               [DEBUG]    |                                                                                                    |
[2022-10-11 11:18:30,988] [builder.py:230]            [INFO]     |=================================== Validating Blade Attributes ====================================|
[2022-10-11 11:18:30,988] [builder.py:620]            [DEBUG]    |                                                                                                    |
[2022-10-11 11:18:30,988] [builder.py:621]            [DEBUG]    | Validating Method: collection_order                                                                |
[2022-10-11 11:18:30,988] [builder.py:622]            [DEBUG]    | Value: release                                                                                     |
[2022-10-11 11:18:30,988] [builder.py:653]            [DEBUG]    |                                                                                                    |
[2022-10-11 11:18:30,988] [builder.py:657]            [DEBUG]    | Validating Method: label                                                                           |
[2022-10-11 11:18:30,988] [builder.py:658]            [DEBUG]    | Value: TMDb Collections                                                                            |
[2022-10-11 11:18:30,988] [builder.py:653]            [DEBUG]    |                                                                                                    |
[2022-10-11 11:18:30,989] [builder.py:657]            [DEBUG]    | Validating Method: tmdb_collection_details                                                         |
[2022-10-11 11:18:30,989] [builder.py:658]            [DEBUG]    | Value: ['735']                                                                                     |
[2022-10-11 11:18:31,001] [builder.py:653]            [DEBUG]    |                                                                                                    |
[2022-10-11 11:18:31,001] [builder.py:657]            [DEBUG]    | Validating Method: collection_mode                                                                 |
[2022-10-11 11:18:31,002] [builder.py:658]            [DEBUG]    | Value: hide_items                                                                                  |
[2022-10-11 11:18:31,002] [builder.py:653]            [DEBUG]    |                                                                                                    |
[2022-10-11 11:18:31,002] [builder.py:657]            [DEBUG]    | Validating Method: sort_title                                                                      |
[2022-10-11 11:18:31,002] [builder.py:658]            [DEBUG]    | Value: +C1_Blade                                                                                   |
[2022-10-11 11:18:31,206] [builder.py:823]            [INFO]     |                                                                                                    |
[2022-10-11 11:18:31,207] [builder.py:824]            [INFO]     | Validation Successful                                                                              |
[2022-10-11 11:18:31,207] [plex_meta_manager.py:561]  [INFO]     |                                                                                                    |
[2022-10-11 11:18:31,207] [plex_meta_manager.py:563]  [INFO]     |===================================== Running Blade Collection =====================================|
[2022-10-11 11:18:31,207] [plex_meta_manager.py:575]  [INFO]     |                                                                                                    |
[2022-10-11 11:18:31,207] [plex_meta_manager.py:576]  [INFO]     | Sync Mode: append                                                                                  |
[2022-10-11 11:18:31,208] [plex_meta_manager.py:579]  [DEBUG]    |                                                                                                    |
[2022-10-11 11:18:31,208] [plex_meta_manager.py:580]  [DEBUG]    | Builder: tmdb_collection: 735                                                                      |
[2022-10-11 11:18:31,208] [plex_meta_manager.py:581]  [INFO]     |                                                                                                    |
[2022-10-11 11:18:31,213] [tmdb.py:381]               [INFO]     | Processing TMDb Collection: (735) Blade - Saga (3 Items)                                           |
[2022-10-11 11:18:31,213] [builder.py:1581]           [DEBUG]    |                                                                                                    |
[2022-10-11 11:18:31,213] [builder.py:1582]           [DEBUG]    | 3 IDs Found: [(36647, 'tmdb'), (36586, 'tmdb'), (36648, 'tmdb')]                                   |
[2022-10-11 11:18:31,213] [builder.py:1583]           [DEBUG]    |                                                                                                    |
[2022-10-11 11:18:31,214] [builder.py:2132]           [INFO]     |                                                                                                    |
[2022-10-11 11:18:31,214] [builder.py:2133]           [INFO]     |==================================== Adding to Blade Collection ====================================|
[2022-10-11 11:18:31,214] [builder.py:2134]           [INFO]     |                                                                                                    |
[2022-10-11 11:18:31,214] [builder.py:2148]           [INFO]     | 1/3 | Blade Collection | = | Blade (1998)                                                          |
[2022-10-11 11:18:31,214] [builder.py:2148]           [INFO]     | 2/3 | Blade Collection | = | Blade II (2002)                                                       |
[2022-10-11 11:18:31,215] [builder.py:2148]           [INFO]     | 3/3 | Blade Collection | = | Blade : Trinity (2004)                                                |
[2022-10-11 11:18:31,215] [builder.py:2168]           [INFO]     |                                                                                                    |
[2022-10-11 11:18:31,215] [builder.py:2170]           [INFO]     | 3 Movies Processed 0 Movies Added                                                                  |
[2022-10-11 11:18:31,223] [builder.py:2521]           [INFO]     |                                                                                                    |
[2022-10-11 11:18:31,224] [builder.py:2522]           [INFO]     |=============================== Updating Details of Blade Collection ===============================|
[2022-10-11 11:18:31,224] [builder.py:2523]           [INFO]     |                                                                                                    |
[2022-10-11 11:18:31,232] [builder.py:2589]           [INFO]     | Collection Metadata Edits                                                                          |
[2022-10-11 11:18:31,233] [builder.py:2660]           [WARNING]  | Asset Warning: Unable to find asset folder: 'Blade'                                                |
[2022-10-11 11:18:31,233] [util.py:171]               [DEBUG]    | 1 poster found:                                                                                    |
[2022-10-11 11:18:31,233] [util.py:173]               [DEBUG]    | Method: tmdb_collection_details Poster: https://image.tmdb.org/t/p/original/iF1tQ3tMA7cT46sxVFSPDS2LTT.jpg |
[2022-10-11 11:18:31,233] [util.py:171]               [DEBUG]    | 1 background found:                                                                                |
[2022-10-11 11:18:31,234] [util.py:173]               [DEBUG]    | Method: tmdb_collection_details Background: https://image.tmdb.org/t/p/original/ev9QybDDzVSahJQdOb71ZuqNVAo.jpg |
[2022-10-11 11:18:31,235] [library.py:173]            [INFO]     | Detail: poster update not needed                                                                   |
[2022-10-11 11:18:31,235] [library.py:189]            [INFO]     | Detail: background update not needed                                                               |
[2022-10-11 11:18:31,426] [plex_meta_manager.py:708]  [INFO]     |                                                                                                    |
[2022-10-11 11:18:31,426] [plex_meta_manager.py:709]  [INFO]     |====================================================================================================|
[2022-10-11 11:18:31,426] [plex_meta_manager.py:709]  [INFO]     |                                     Finished Blade Collection                                      |
[2022-10-11 11:18:31,427] [plex_meta_manager.py:709]  [INFO]     |                                    Collection Run Time: 0:00:00                                    |
[2022-10-11 11:18:31,427] [plex_meta_manager.py:709]  [INFO]     |====================================================================================================|
