[2022-10-11 09:19:01,703] [builder.py:197]            [INFO]     |====================================================================================================|
[2022-10-11 09:19:01,703] [builder.py:197]            [INFO]     |                                 Jumanji Collection in Z. 1 - Films                                 |
[2022-10-11 09:19:01,703] [builder.py:197]            [INFO]     |====================================================================================================|
[2022-10-11 09:19:01,703] [builder.py:198]            [INFO]     |                                                                                                    |
[2022-10-11 09:19:01,704] [builder.py:203]            [INFO]     |================================ Building Definition From Templates ================================|
[2022-10-11 09:19:01,704] [builder.py:211]            [DEBUG]    |                                                                                                    |
[2022-10-11 09:19:01,704] [meta.py:128]               [DEBUG]    | Template my_template                                                                               |
[2022-10-11 09:19:01,704] [meta.py:129]               [DEBUG]    | Call: {'value': ['495527'], 'tmdb_collection': ['495527'], 'key_name': 'Jumanji', 'key': '495527', 'name': 'my_template'} |
[2022-10-11 09:19:01,705] [meta.py:304]               [DEBUG]    |                                                                                                    |
[2022-10-11 09:19:01,705] [meta.py:305]               [DEBUG]    | Variables: {'value': ['495527'], 'tmdb_collection': ['495527'], 'key_name': 'Jumanji', 'key': '495527', 'name': 'my_template', 'collection_name': 'Jumanji', 'mapping_name': 'Jumanji', 'library_type': 'movie', 'library_name': 'Z. 1 - Films', 'value_encoded': '%5B%27495527%27%5D', 'tmdb_collection_encoded': '%5B%27495527%27%5D', 'key_name_encoded': 'Jumanji', 'key_encoded': '495527', 'name_encoded': 'my_template', 'collection_name_encoded': 'Jumanji', 'mapping_name_encoded': 'Jumanji', 'library_type_encoded': 'movie', 'library_name_encoded': 'Z.%201%20-%20Films', 'collection_sort': 'Jumanji'} |
[2022-10-11 09:19:01,705] [meta.py:306]               [DEBUG]    |                                                                                                    |
[2022-10-11 09:19:01,705] [meta.py:307]               [DEBUG]    | Defaults: {}                                                                                       |
[2022-10-11 09:19:01,706] [meta.py:308]               [DEBUG]    |                                                                                                    |
[2022-10-11 09:19:01,706] [meta.py:309]               [DEBUG]    | Optional: ['my_collection_poster', 'my_collection_poster_encoded']                                 |
[2022-10-11 09:19:01,707] [meta.py:370]               [DEBUG]    |                                                                                                    |
[2022-10-11 09:19:01,707] [meta.py:371]               [DEBUG]    | Final Template Attributes: {'tmdb_collection_details': ['495527'], 'collection_order': 'release', 'collection_mode': 'hide_items'} |
[2022-10-11 09:19:01,707] [meta.py:372]               [DEBUG]    |                                                                                                    |
[2022-10-11 09:19:01,708] [builder.py:219]            [INFO]     |================================== Validating Jumanji Attributes ===================================|
[2022-10-11 09:19:01,708] [builder.py:609]            [DEBUG]    |                                                                                                    |
[2022-10-11 09:19:01,708] [builder.py:610]            [DEBUG]    | Validating Method: collection_order                                                                |
[2022-10-11 09:19:01,708] [builder.py:611]            [DEBUG]    | Value: release                                                                                     |
[2022-10-11 09:19:01,708] [builder.py:627]            [DEBUG]    |                                                                                                    |
[2022-10-11 09:19:01,709] [builder.py:631]            [DEBUG]    | Validating Method: label                                                                           |
[2022-10-11 09:19:01,709] [builder.py:632]            [DEBUG]    | Value: TMDb Collections                                                                            |
[2022-10-11 09:19:01,709] [builder.py:627]            [DEBUG]    |                                                                                                    |
[2022-10-11 09:19:01,709] [builder.py:631]            [DEBUG]    | Validating Method: tmdb_collection_details                                                         |
[2022-10-11 09:19:01,710] [builder.py:632]            [DEBUG]    | Value: ['495527']                                                                                  |
[2022-10-11 09:19:01,724] [builder.py:627]            [DEBUG]    |                                                                                                    |
[2022-10-11 09:19:01,724] [builder.py:631]            [DEBUG]    | Validating Method: collection_mode                                                                 |
[2022-10-11 09:19:01,725] [builder.py:632]            [DEBUG]    | Value: hide_items                                                                                  |
[2022-10-11 09:19:01,730] [plex.py:790]               [DEBUG]    |                                                                                                    |
[2022-10-11 09:19:01,730] [plex.py:793]               [DEBUG]    | Looking for: Jumanji                                                                               |
[2022-10-11 09:19:01,731] [builder.py:797]            [INFO]     |                                                                                                    |
[2022-10-11 09:19:01,731] [builder.py:798]            [INFO]     | Validation Successful                                                                              |
[2022-10-11 09:19:01,731] [plex_meta_manager.py:561]  [INFO]     |                                                                                                    |
[2022-10-11 09:19:01,731] [plex_meta_manager.py:563]  [INFO]     |==================================== Running Jumanji Collection ====================================|
[2022-10-11 09:19:01,732] [plex_meta_manager.py:575]  [INFO]     |                                                                                                    |
[2022-10-11 09:19:01,732] [plex_meta_manager.py:576]  [INFO]     | Sync Mode: append                                                                                  |
[2022-10-11 09:19:01,732] [plex_meta_manager.py:579]  [DEBUG]    |                                                                                                    |
[2022-10-11 09:19:01,732] [plex_meta_manager.py:580]  [DEBUG]    | Builder: tmdb_collection: 495527                                                                   |
[2022-10-11 09:19:01,732] [plex_meta_manager.py:581]  [INFO]     |                                                                                                    |
[2022-10-11 09:19:01,738] [tmdb.py:382]               [INFO]     | Processing TMDb Collection: (495527) Jumanji  - Saga (3 Items)                                     |
[2022-10-11 09:19:01,738] [builder.py:1540]           [DEBUG]    |                                                                                                    |
[2022-10-11 09:19:01,738] [builder.py:1541]           [DEBUG]    | 3 IDs Found: [(8844, 'tmdb'), (353486, 'tmdb'), (512200, 'tmdb')]                                  |
[2022-10-11 09:19:01,738] [builder.py:1542]           [DEBUG]    |                                                                                                    |
[2022-10-11 09:19:01,739] [builder.py:2064]           [INFO]     |                                                                                                    |
[2022-10-11 09:19:01,739] [builder.py:2065]           [INFO]     |=================================== Adding to Jumanji Collection ===================================|
[2022-10-11 09:19:01,739] [builder.py:2066]           [INFO]     |                                                                                                    |
[2022-10-11 09:19:01,739] [builder.py:2080]           [INFO]     | 1/3 | Jumanji Collection | + | Jumanji (1995)                                                      |
[2022-10-11 09:19:01,995] [builder.py:2080]           [INFO]     | 2/3 | Jumanji Collection | + | Jumanji : Bienvenue dans la jungle (2017)                           |
[2022-10-11 09:19:02,294] [builder.py:2080]           [INFO]     | 3/3 | Jumanji Collection | + | Jumanji : Next Level (2019)                                         |
[2022-10-11 09:19:05,076] [builder.py:2100]           [INFO]     |                                                                                                    |
[2022-10-11 09:19:05,076] [builder.py:2102]           [INFO]     | 3 Movies Processed 3 Movies Added                                                                  |
[2022-10-11 09:19:05,083] [builder.py:2441]           [INFO]     |                                                                                                    |
[2022-10-11 09:19:05,083] [builder.py:2442]           [INFO]     |============================== Updating Details of Jumanji Collection ==============================|
[2022-10-11 09:19:05,084] [builder.py:2443]           [INFO]     |                                                                                                    |
[2022-10-11 09:19:05,254] [builder.py:2509]           [INFO]     | Collection Metadata Edits                                                                          |
                                                                 | Summary (tmdb_collection_details) | L'univers de Jumanji provient de l'imaginaire de l'auteur et illustrateur de livres pour enfants américain Chris Van Allsburg (également auteur des ouvrages à l'origine du Pôle Express, et de Zathura). Publié en 1981, son livre Jumanji devient un film en 1995 : un blockbuster d'aventure fantastique culte dans lequel Robin Williams affronte une jungle et ses animaux sortis d'un jeu de société magique, figurés à renforts d'effets spéciaux. En 2017, la franchise trouve une nouvelle forme, à nouveau avec succès. Et désormais, la saga Jumanji tourne autour d'un jeu vidéo magique, dans lequel les joueurs prennent la forme d'avatars incarnés par des stars d'action (Dwayne Johnson) et de comédie (Jack Black, Kevin Hart).
                                                                 | Label | +TMDb Collections, +PMM
[2022-10-11 09:19:05,476] [builder.py:2513]           [INFO]     | Details: have been updated
[2022-10-11 09:19:05,476] [builder.py:2517]           [INFO]     | 
[2022-10-11 09:19:05,654] [builder.py:2529]           [INFO]     | Collection Mode | hideItems
[2022-10-11 09:19:05,655] [builder.py:2580]           [WARNING]  | Asset Warning: Unable to find asset folder: 'Jumanji'
[2022-10-11 09:19:05,655] [util.py:150]               [DEBUG]    | 1 poster found:
[2022-10-11 09:19:05,655] [util.py:152]               [DEBUG]    | Method: tmdb_collection_details Poster: https://image.tmdb.org/t/p/original/kcP23X4s3IlrvbTxJDxCid3eijE.jpg
[2022-10-11 09:19:05,656] [util.py:150]               [DEBUG]    | 1 background found:
[2022-10-11 09:19:05,656] [util.py:152]               [DEBUG]    | Method: tmdb_collection_details Background: https://image.tmdb.org/t/p/original/9PCsWrw1GvrZkrd1GCxRqscgZu0.jpg
[2022-10-11 09:19:05,994] [library.py:170]            [INFO]     | Detail: tmdb_collection_details updated poster to [URL] https://image.tmdb.org/t/p/original/kcP23X4s3IlrvbTxJDxCid3eijE.jpg
[2022-10-11 09:19:06,040] [library.py:186]            [INFO]     | Detail: tmdb_collection_details updated background to [URL] https://image.tmdb.org/t/p/original/9PCsWrw1GvrZkrd1GCxRqscgZu0.jpg
[2022-10-11 09:19:06,270] [plex_meta_manager.py:708]  [INFO]     | 
[2022-10-11 09:19:06,271] [plex_meta_manager.py:709]  [INFO]     |====================================================================================================|
[2022-10-11 09:19:06,271] [plex_meta_manager.py:709]  [INFO]     |                                    Finished Jumanji Collection                                     |
[2022-10-11 09:19:06,271] [plex_meta_manager.py:709]  [INFO]     |                                    Collection Run Time: 0:00:04                                    |
[2022-10-11 09:19:06,271] [plex_meta_manager.py:709]  [INFO]     |====================================================================================================|
