[2022-10-11 11:18:43,117] [builder.py:200]            [INFO]     |====================================================================================================|
[2022-10-11 11:18:43,117] [builder.py:200]            [INFO]     |                            Live. Die. Repeat Collection in Z. 1 - Films                            |
[2022-10-11 11:18:43,118] [builder.py:200]            [INFO]     |====================================================================================================|
[2022-10-11 11:18:43,118] [builder.py:201]            [INFO]     |                                                                                                    |
[2022-10-11 11:18:43,118] [builder.py:206]            [INFO]     |================================ Building Definition From Templates ================================|
[2022-10-11 11:18:43,118] [builder.py:222]            [DEBUG]    |                                                                                                    |
[2022-10-11 11:18:43,118] [meta.py:128]               [DEBUG]    | Template my_template                                                                               |
[2022-10-11 11:18:43,118] [meta.py:129]               [DEBUG]    | Call: {'value': ['578704'], 'tmdb_collection': ['578704'], 'key_name': 'Live. Die. Repeat', 'key': '578704', 'name': 'my_template'} |
[2022-10-11 11:18:43,119] [meta.py:304]               [DEBUG]    |                                                                                                    |
[2022-10-11 11:18:43,119] [meta.py:305]               [DEBUG]    | Variables: {'value': ['578704'], 'tmdb_collection': ['578704'], 'key_name': 'Live. Die. Repeat', 'key': '578704', 'name': 'my_template', 'collection_name': 'Live. Die. Repeat', 'mapping_name': 'Live. Die. Repeat', 'library_type': 'movie', 'library_name': 'Z. 1 - Films', 'value_encoded': '%5B%27578704%27%5D', 'tmdb_collection_encoded': '%5B%27578704%27%5D', 'key_name_encoded': 'Live.%20Die.%20Repeat', 'key_encoded': '578704', 'name_encoded': 'my_template', 'collection_name_encoded': 'Live.%20Die.%20Repeat', 'mapping_name_encoded': 'Live.%20Die.%20Repeat', 'library_type_encoded': 'movie', 'library_name_encoded': 'Z.%201%20-%20Films', 'collection_sort': 'Live. Die. Repeat'} |
[2022-10-11 11:18:43,119] [meta.py:306]               [DEBUG]    |                                                                                                    |
[2022-10-11 11:18:43,119] [meta.py:307]               [DEBUG]    | Defaults: {}                                                                                       |
[2022-10-11 11:18:43,119] [meta.py:308]               [DEBUG]    |                                                                                                    |
[2022-10-11 11:18:43,119] [meta.py:309]               [DEBUG]    | Optional: ['my_collection_poster', 'my_collection_poster_encoded']                                 |
[2022-10-11 11:18:43,120] [meta.py:370]               [DEBUG]    |                                                                                                    |
[2022-10-11 11:18:43,120] [meta.py:371]               [DEBUG]    | Final Template Attributes: {'tmdb_collection_details': ['578704'], 'collection_order': 'release', 'collection_mode': 'hide_items', 'sort_title': '+C1_Live. Die. Repeat'} |
[2022-10-11 11:18:43,121] [meta.py:372]               [DEBUG]    |                                                                                                    |
[2022-10-11 11:18:43,121] [builder.py:230]            [INFO]     |============================= Validating Live. Die. Repeat Attributes ==============================|
[2022-10-11 11:18:43,121] [builder.py:620]            [DEBUG]    |                                                                                                    |
[2022-10-11 11:18:43,121] [builder.py:621]            [DEBUG]    | Validating Method: collection_order                                                                |
[2022-10-11 11:18:43,121] [builder.py:622]            [DEBUG]    | Value: release                                                                                     |
[2022-10-11 11:18:43,121] [builder.py:653]            [DEBUG]    |                                                                                                    |
[2022-10-11 11:18:43,122] [builder.py:657]            [DEBUG]    | Validating Method: label                                                                           |
[2022-10-11 11:18:43,122] [builder.py:658]            [DEBUG]    | Value: TMDb Collections                                                                            |
[2022-10-11 11:18:43,122] [builder.py:653]            [DEBUG]    |                                                                                                    |
[2022-10-11 11:18:43,122] [builder.py:657]            [DEBUG]    | Validating Method: tmdb_collection_details                                                         |
[2022-10-11 11:18:43,122] [builder.py:658]            [DEBUG]    | Value: ['578704']                                                                                  |
[2022-10-11 11:18:43,136] [builder.py:653]            [DEBUG]    |                                                                                                    |
[2022-10-11 11:18:43,136] [builder.py:657]            [DEBUG]    | Validating Method: collection_mode                                                                 |
[2022-10-11 11:18:43,136] [builder.py:658]            [DEBUG]    | Value: hide_items                                                                                  |
[2022-10-11 11:18:43,137] [builder.py:653]            [DEBUG]    |                                                                                                    |
[2022-10-11 11:18:43,137] [builder.py:657]            [DEBUG]    | Validating Method: sort_title                                                                      |
[2022-10-11 11:18:43,137] [builder.py:658]            [DEBUG]    | Value: +C1_Live. Die. Repeat                                                                       |
[2022-10-11 11:18:43,143] [plex.py:803]               [DEBUG]    |                                                                                                    |
[2022-10-11 11:18:43,143] [plex.py:806]               [DEBUG]    | Looking for: Live. Die. Repeat                                                                     |
[2022-10-11 11:18:43,143] [builder.py:823]            [INFO]     |                                                                                                    |
[2022-10-11 11:18:43,144] [builder.py:824]            [INFO]     | Validation Successful                                                                              |
[2022-10-11 11:18:43,144] [plex_meta_manager.py:561]  [INFO]     |                                                                                                    |
[2022-10-11 11:18:43,144] [plex_meta_manager.py:563]  [INFO]     |=============================== Running Live. Die. Repeat Collection ===============================|
[2022-10-11 11:18:43,144] [plex_meta_manager.py:575]  [INFO]     |                                                                                                    |
[2022-10-11 11:18:43,144] [plex_meta_manager.py:576]  [INFO]     | Sync Mode: append                                                                                  |
[2022-10-11 11:18:43,145] [plex_meta_manager.py:579]  [DEBUG]    |                                                                                                    |
[2022-10-11 11:18:43,145] [plex_meta_manager.py:580]  [DEBUG]    | Builder: tmdb_collection: 578704                                                                   |
[2022-10-11 11:18:43,145] [plex_meta_manager.py:581]  [INFO]     |                                                                                                    |
[2022-10-11 11:18:43,150] [tmdb.py:381]               [INFO]     | Processing TMDb Collection: (578704) Edge of Tomorrow - Saga (2 Items)                             |
[2022-10-11 11:18:43,150] [builder.py:1581]           [DEBUG]    |                                                                                                    |
[2022-10-11 11:18:43,150] [builder.py:1582]           [DEBUG]    | 2 IDs Found: [(137113, 'tmdb'), (424775, 'tmdb')]                                                  |
[2022-10-11 11:18:43,150] [builder.py:1583]           [DEBUG]    |                                                                                                    |
[2022-10-11 11:18:43,150] [builder.py:2300]           [INFO]     |                                                                                                    |
[2022-10-11 11:18:43,151] [builder.py:2301]           [INFO]     |============================ Missing Movies from Library: Z. 1 - Films =============================|
[2022-10-11 11:18:43,151] [builder.py:2302]           [INFO]     |                                                                                                    |
[2022-10-11 11:18:43,163] [builder.py:2315]           [INFO]     | Live. Die. Repeat Collection | ? | Live Die Repeat and Repeat (TMDb: 424775)                       |
[2022-10-11 11:18:43,163] [builder.py:2320]           [INFO]     |                                                                                                    |
[2022-10-11 11:18:43,163] [builder.py:2321]           [INFO]     | 1 Movie Missing                                                                                    |
[2022-10-11 11:18:43,194] [plex_meta_manager.py:624]  [INFO]     |                                                                                                    |
[2022-10-11 11:18:43,194] [plex_meta_manager.py:625]  [INFO]     | Collection Minimum: 2 not met for Live. Die. Repeat Collection                                     |
[2022-10-11 11:18:43,194] [plex_meta_manager.py:708]  [INFO]     |                                                                                                    |
[2022-10-11 11:18:43,195] [plex_meta_manager.py:709]  [INFO]     |====================================================================================================|
[2022-10-11 11:18:43,195] [plex_meta_manager.py:709]  [INFO]     |                               Finished Live. Die. Repeat Collection                                |
[2022-10-11 11:18:43,195] [plex_meta_manager.py:709]  [INFO]     |                                    Collection Run Time: 0:00:00                                    |
[2022-10-11 11:18:43,195] [plex_meta_manager.py:709]  [INFO]     |====================================================================================================|
