[2022-10-11 11:20:25,481] [builder.py:200]            [INFO]     |====================================================================================================|
[2022-10-11 11:20:25,481] [builder.py:200]            [INFO]     |                                Superman Collection in Z. 1 - Films                                 |
[2022-10-11 11:20:25,482] [builder.py:200]            [INFO]     |====================================================================================================|
[2022-10-11 11:20:25,482] [builder.py:201]            [INFO]     |                                                                                                    |
[2022-10-11 11:20:25,482] [builder.py:206]            [INFO]     |================================ Building Definition From Templates ================================|
[2022-10-11 11:20:25,482] [builder.py:222]            [DEBUG]    |                                                                                                    |
[2022-10-11 11:20:25,482] [meta.py:128]               [DEBUG]    | Template my_template                                                                               |
[2022-10-11 11:20:25,482] [meta.py:129]               [DEBUG]    | Call: {'value': ['8537'], 'tmdb_collection': ['8537'], 'key_name': 'Superman', 'key': '8537', 'name': 'my_template'} |
[2022-10-11 11:20:25,483] [meta.py:304]               [DEBUG]    |                                                                                                    |
[2022-10-11 11:20:25,483] [meta.py:305]               [DEBUG]    | Variables: {'value': ['8537'], 'tmdb_collection': ['8537'], 'key_name': 'Superman', 'key': '8537', 'name': 'my_template', 'collection_name': 'Superman', 'mapping_name': 'Superman', 'library_type': 'movie', 'library_name': 'Z. 1 - Films', 'value_encoded': '%5B%278537%27%5D', 'tmdb_collection_encoded': '%5B%278537%27%5D', 'key_name_encoded': 'Superman', 'key_encoded': '8537', 'name_encoded': 'my_template', 'collection_name_encoded': 'Superman', 'mapping_name_encoded': 'Superman', 'library_type_encoded': 'movie', 'library_name_encoded': 'Z.%201%20-%20Films', 'collection_sort': 'Superman'} |
[2022-10-11 11:20:25,483] [meta.py:306]               [DEBUG]    |                                                                                                    |
[2022-10-11 11:20:25,483] [meta.py:307]               [DEBUG]    | Defaults: {}                                                                                       |
[2022-10-11 11:20:25,483] [meta.py:308]               [DEBUG]    |                                                                                                    |
[2022-10-11 11:20:25,483] [meta.py:309]               [DEBUG]    | Optional: ['my_collection_poster', 'my_collection_poster_encoded']                                 |
[2022-10-11 11:20:25,484] [meta.py:370]               [DEBUG]    |                                                                                                    |
[2022-10-11 11:20:25,484] [meta.py:371]               [DEBUG]    | Final Template Attributes: {'tmdb_collection_details': ['8537'], 'collection_order': 'release', 'collection_mode': 'hide_items', 'sort_title': '+C1_Superman'} |
[2022-10-11 11:20:25,484] [meta.py:372]               [DEBUG]    |                                                                                                    |
[2022-10-11 11:20:25,485] [builder.py:230]            [INFO]     |================================== Validating Superman Attributes ==================================|
[2022-10-11 11:20:25,485] [builder.py:620]            [DEBUG]    |                                                                                                    |
[2022-10-11 11:20:25,485] [builder.py:621]            [DEBUG]    | Validating Method: collection_order                                                                |
[2022-10-11 11:20:25,485] [builder.py:622]            [DEBUG]    | Value: release                                                                                     |
[2022-10-11 11:20:25,485] [builder.py:653]            [DEBUG]    |                                                                                                    |
[2022-10-11 11:20:25,485] [builder.py:657]            [DEBUG]    | Validating Method: label                                                                           |
[2022-10-11 11:20:25,485] [builder.py:658]            [DEBUG]    | Value: TMDb Collections                                                                            |
[2022-10-11 11:20:25,486] [builder.py:653]            [DEBUG]    |                                                                                                    |
[2022-10-11 11:20:25,486] [builder.py:657]            [DEBUG]    | Validating Method: tmdb_collection_details                                                         |
[2022-10-11 11:20:25,486] [builder.py:658]            [DEBUG]    | Value: ['8537']                                                                                    |
[2022-10-11 11:20:25,501] [builder.py:653]            [DEBUG]    |                                                                                                    |
[2022-10-11 11:20:25,501] [builder.py:657]            [DEBUG]    | Validating Method: collection_mode                                                                 |
[2022-10-11 11:20:25,501] [builder.py:658]            [DEBUG]    | Value: hide_items                                                                                  |
[2022-10-11 11:20:25,502] [builder.py:653]            [DEBUG]    |                                                                                                    |
[2022-10-11 11:20:25,502] [builder.py:657]            [DEBUG]    | Validating Method: sort_title                                                                      |
[2022-10-11 11:20:25,502] [builder.py:658]            [DEBUG]    | Value: +C1_Superman                                                                                |
[2022-10-11 11:20:25,508] [plex.py:803]               [DEBUG]    |                                                                                                    |
[2022-10-11 11:20:25,508] [plex.py:806]               [DEBUG]    | Looking for: Superman                                                                              |
[2022-10-11 11:20:25,509] [builder.py:823]            [INFO]     |                                                                                                    |
[2022-10-11 11:20:25,509] [builder.py:824]            [INFO]     | Validation Successful                                                                              |
[2022-10-11 11:20:25,509] [plex_meta_manager.py:561]  [INFO]     |                                                                                                    |
[2022-10-11 11:20:25,509] [plex_meta_manager.py:563]  [INFO]     |=================================== Running Superman Collection ====================================|
[2022-10-11 11:20:25,509] [plex_meta_manager.py:575]  [INFO]     |                                                                                                    |
[2022-10-11 11:20:25,509] [plex_meta_manager.py:576]  [INFO]     | Sync Mode: append                                                                                  |
[2022-10-11 11:20:25,509] [plex_meta_manager.py:579]  [DEBUG]    |                                                                                                    |
[2022-10-11 11:20:25,510] [plex_meta_manager.py:580]  [DEBUG]    | Builder: tmdb_collection: 8537                                                                     |
[2022-10-11 11:20:25,510] [plex_meta_manager.py:581]  [INFO]     |                                                                                                    |
[2022-10-11 11:20:25,516] [tmdb.py:381]               [INFO]     | Processing TMDb Collection: (8537) Superman - Saga (5 Items)                                       |
[2022-10-11 11:20:25,516] [builder.py:1581]           [DEBUG]    |                                                                                                    |
[2022-10-11 11:20:25,516] [builder.py:1582]           [DEBUG]    | 5 IDs Found: [(1924, 'tmdb'), (9531, 'tmdb'), (8536, 'tmdb'), (1452, 'tmdb'), (11411, 'tmdb')]     |
[2022-10-11 11:20:25,516] [builder.py:1583]           [DEBUG]    |                                                                                                    |
[2022-10-11 11:20:25,517] [builder.py:2300]           [INFO]     |                                                                                                    |
[2022-10-11 11:20:25,517] [builder.py:2301]           [INFO]     |============================ Missing Movies from Library: Z. 1 - Films =============================|
[2022-10-11 11:20:25,517] [builder.py:2302]           [INFO]     |                                                                                                    |
[2022-10-11 11:20:25,536] [builder.py:2315]           [INFO]     | Superman Collection | ? | Superman (1978) (TMDb: 1924)                                             |
[2022-10-11 11:20:25,551] [builder.py:2315]           [INFO]     | Superman Collection | ? | Superman III (1983) (TMDb: 9531)                                         |
[2022-10-11 11:20:25,577] [builder.py:2315]           [INFO]     | Superman Collection | ? | Superman II (1980) (TMDb: 8536)                                          |
[2022-10-11 11:20:25,602] [builder.py:2315]           [INFO]     | Superman Collection | ? | Superman IV : Le Face‐à‐face (1987) (TMDb: 11411)                        |
[2022-10-11 11:20:25,602] [builder.py:2320]           [INFO]     |                                                                                                    |
[2022-10-11 11:20:25,602] [builder.py:2321]           [INFO]     | 4 Movies Missing                                                                                   |
[2022-10-11 11:20:25,674] [plex_meta_manager.py:624]  [INFO]     |                                                                                                    |
[2022-10-11 11:20:25,675] [plex_meta_manager.py:625]  [INFO]     | Collection Minimum: 2 not met for Superman Collection                                              |
[2022-10-11 11:20:25,675] [plex_meta_manager.py:708]  [INFO]     |                                                                                                    |
[2022-10-11 11:20:25,675] [plex_meta_manager.py:709]  [INFO]     |====================================================================================================|
[2022-10-11 11:20:25,675] [plex_meta_manager.py:709]  [INFO]     |                                    Finished Superman Collection                                    |
[2022-10-11 11:20:25,675] [plex_meta_manager.py:709]  [INFO]     |                                    Collection Run Time: 0:00:00                                    |
[2022-10-11 11:20:25,676] [plex_meta_manager.py:709]  [INFO]     |====================================================================================================|
