[2022-10-11 10:15:32,821] [builder.py:197]            [INFO]     |====================================================================================================|
[2022-10-11 10:15:32,821] [builder.py:197]            [INFO]     |                              USA Collection in Z. 5 - Film Animation                               |
[2022-10-11 10:15:32,822] [builder.py:197]            [INFO]     |====================================================================================================|
[2022-10-11 10:15:32,822] [builder.py:198]            [INFO]     |                                                                                                    |
[2022-10-11 10:15:32,822] [builder.py:203]            [INFO]     |================================ Building Definition From Templates ================================|
[2022-10-11 10:15:32,822] [builder.py:211]            [DEBUG]    |                                                                                                    |
[2022-10-11 10:15:32,823] [meta.py:128]               [DEBUG]    | Template Country                                                                                   |
[2022-10-11 10:15:32,823] [meta.py:129]               [DEBUG]    | Call: ordereddict([('name', 'Country')])                                                           |
[2022-10-11 10:15:32,823] [meta.py:304]               [DEBUG]    |                                                                                                    |
[2022-10-11 10:15:32,823] [meta.py:305]               [DEBUG]    | Variables: ordereddict([('name', 'Country'), ('collection_name', 'USA'), ('mapping_name', 'USA'), ('library_type', 'movie'), ('library_name', 'Z. 5 - Film Animation'), ('name_encoded', 'Country'), ('collection_name_encoded', 'USA'), ('mapping_name_encoded', 'USA'), ('library_type_encoded', 'movie'), ('library_name_encoded', 'Z.%205%20-%20Film%20Animation'), ('collection_sort', 'USA')]) |
[2022-10-11 10:15:32,824] [meta.py:306]               [DEBUG]    |                                                                                                    |
[2022-10-11 10:15:32,824] [meta.py:307]               [DEBUG]    | Defaults: {}                                                                                       |
[2022-10-11 10:15:32,824] [meta.py:308]               [DEBUG]    |                                                                                                    |
[2022-10-11 10:15:32,824] [meta.py:309]               [DEBUG]    | Optional: []                                                                                       |
[2022-10-11 10:15:32,825] [meta.py:370]               [DEBUG]    |                                                                                                    |
[2022-10-11 10:15:32,825] [meta.py:371]               [DEBUG]    | Final Template Attributes: {'sort_title': '+5_USA', 'sync_mode': 'sync', 'smart_label': 'audience_rating.desc', 'plex_all': True} |
[2022-10-11 10:15:32,825] [meta.py:372]               [DEBUG]    |                                                                                                    |
[2022-10-11 10:15:32,825] [builder.py:219]            [INFO]     |==================================== Validating USA Attributes =====================================|
[2022-10-11 10:15:32,825] [builder.py:488]            [DEBUG]    |                                                                                                    |
[2022-10-11 10:15:32,825] [builder.py:489]            [DEBUG]    | Validating Method: sync_mode                                                                       |
[2022-10-11 10:15:32,826] [builder.py:493]            [DEBUG]    | Value: sync                                                                                        |
[2022-10-11 10:15:32,826] [builder.py:538]            [DEBUG]    |                                                                                                    |
[2022-10-11 10:15:32,826] [builder.py:539]            [DEBUG]    | Validating Method: smart_label                                                                     |
[2022-10-11 10:15:32,826] [builder.py:544]            [DEBUG]    | Value: audience_rating.desc                                                                        |
[2022-10-11 10:15:32,841] [builder.py:627]            [DEBUG]    |                                                                                                    |
[2022-10-11 10:15:32,842] [builder.py:631]            [DEBUG]    | Validating Method: url_poster                                                                      |
[2022-10-11 10:15:32,842] [builder.py:632]            [DEBUG]    | Value: https://raw.githubusercontent.com/MonsieurZed/poster/main/img/COUNTRY_USA.png               |
[2022-10-11 10:15:33,049] [builder.py:627]            [DEBUG]    |                                                                                                    |
[2022-10-11 10:15:33,049] [builder.py:631]            [DEBUG]    | Validating Method: filters                                                                         |
[2022-10-11 10:15:33,049] [builder.py:632]            [DEBUG]    | Value: ordereddict([('country', 'United States of America')])                                      |
[2022-10-11 10:15:33,076] [builder.py:627]            [DEBUG]    |                                                                                                    |
[2022-10-11 10:15:33,077] [builder.py:631]            [DEBUG]    | Validating Method: sort_title                                                                      |
[2022-10-11 10:15:33,077] [builder.py:632]            [DEBUG]    | Value: +5_USA                                                                                      |
[2022-10-11 10:15:33,077] [builder.py:627]            [DEBUG]    |                                                                                                    |
[2022-10-11 10:15:33,077] [builder.py:631]            [DEBUG]    | Validating Method: plex_all                                                                        |
[2022-10-11 10:15:33,077] [builder.py:632]            [DEBUG]    | Value: True                                                                                        |
[2022-10-11 10:15:33,083] [plex.py:790]               [DEBUG]    |                                                                                                    |
[2022-10-11 10:15:33,083] [plex.py:793]               [DEBUG]    | Looking for: USA                                                                                   |
[2022-10-11 10:15:33,083] [builder.py:797]            [INFO]     |                                                                                                    |
[2022-10-11 10:15:33,084] [builder.py:798]            [INFO]     | Validation Successful                                                                              |
[2022-10-11 10:15:33,084] [plex_meta_manager.py:561]  [INFO]     |                                                                                                    |
[2022-10-11 10:15:33,084] [plex_meta_manager.py:563]  [INFO]     |====================================== Running USA Collection ======================================|
[2022-10-11 10:15:33,084] [plex_meta_manager.py:569]  [INFO]     |                                                                                                    |
[2022-10-11 10:15:33,084] [plex_meta_manager.py:570]  [INFO]     | Smart Movie Label                                                                                  |
                                                                 | Sort By: audience_rating.desc
                                                                 | Filter:
                                                                 |   Match all of the following:
                                                                 |     Label is USA
[2022-10-11 10:15:33,085] [plex_meta_manager.py:575]  [INFO]     | 
[2022-10-11 10:15:33,085] [plex_meta_manager.py:576]  [INFO]     | Sync Mode: sync
[2022-10-11 10:15:33,086] [plex_meta_manager.py:579]  [DEBUG]    | 
[2022-10-11 10:15:33,086] [plex_meta_manager.py:580]  [DEBUG]    | Builder: plex_all: movie
[2022-10-11 10:15:33,086] [plex_meta_manager.py:581]  [INFO]     | 
[2022-10-11 10:15:33,086] [plex.py:808]               [INFO]     | Processing Plex All Movies
[2022-10-11 10:15:33,087] [plex.py:864]               [DEBUG]    | 
[2022-10-11 10:15:33,088] [plex.py:865]               [DEBUG]    | 301 Keys Found: [(22024, 'ratingKey'), (19810, 'ratingKey'), (21642, 'ratingKey'), (21631, 'ratingKey'), (21574, 'ratingKey'), (88579, 'ratingKey'), (7420, 'ratingKey'), (13637, 'ratingKey'), (21643, 'ratingKey'), (88879, 'ratingKey'), (22472, 'ratingKey'), (22465, 'ratingKey'), (22451, 'ratingKey'), (21623, 'ratingKey'), (88858, 'ratingKey'), (88590, 'ratingKey'), (88777, 'ratingKey'), (88778, 'ratingKey'), (88782, 'ratingKey'), (88588, 'ratingKey'), (88581, 'ratingKey'), (88789, 'ratingKey'), (88583, 'ratingKey'), (88594, 'ratingKey'), (88589, 'ratingKey'), (88859, 'ratingKey'), (88856, 'ratingKey'), (88843, 'ratingKey'), (89287, 'ratingKey'), (88582, 'ratingKey'), (88838, 'ratingKey'), (88580, 'ratingKey'), (88780, 'ratingKey'), (88781, 'ratingKey'), (88839, 'ratingKey'), (21575, 'ratingKey'), (21638, 'ratingKey'), (21731, 'ratingKey'), (21591, 'ratingKey'), (88712, 'ratingKey'), (21606, 'ratingKey'), (88834, 'ratingKey'), (19793, 'ratingKey'), (88810, 'ratingKey'), (22139, 'ratingKey'), (22292, 'ratingKey'), (21602, 'ratingKey'), (21743, 'ratingKey'), (22293, 'ratingKey'), (22399, 'ratingKey'), (22426, 'ratingKey'), (22433, 'ratingKey'), (7421, 'ratingKey'), (21049, 'ratingKey'), (88906, 'ratingKey'), (88905, 'ratingKey'), (88759, 'ratingKey'), (88914, 'ratingKey'), (88880, 'ratingKey'), (88566, 'ratingKey'), (88577, 'ratingKey'), (88915, 'ratingKey'), (88576, 'ratingKey'), (88911, 'ratingKey'), (88867, 'ratingKey'), (88863, 'ratingKey'), (88567, 'ratingKey'), (88912, 'ratingKey'), (88910, 'ratingKey'), (88574, 'ratingKey'), (88868, 'ratingKey'), (88918, 'ratingKey'), (88575, 'ratingKey'), (88890, 'ratingKey'), (88917, 'ratingKey'), (21756, 'ratingKey'), (88536, 'ratingKey'), (22571, 'ratingKey'), (22574, 'ratingKey'), (22570, 'ratingKey'), (22575, 'ratingKey'), (13680, 'ratingKey'), (13665, 'ratingKey'), (92137, 'ratingKey'), (88797, 'ratingKey'), (88798, 'ratingKey'), (88799, 'ratingKey'), (88800, 'ratingKey'), (88801, 'ratingKey'), (88693, 'ratingKey'), (88644, 'ratingKey'), (21632, 'ratingKey'), (22462, 'ratingKey'), (22317, 'ratingKey'), (21593, 'ratingKey'), (21644, 'ratingKey'), (88598, 'ratingKey'), (88597, 'ratingKey'), (83123, 'ratingKey'), (88664, 'ratingKey'), (88600, 'ratingKey'), (88606, 'ratingKey'), (21633, 'ratingKey'), (13650, 'ratingKey'), (13649, 'ratingKey'), (13639, 'ratingKey'), (13646, 'ratingKey'), (88540, 'ratingKey'), (88808, 'ratingKey'), (88672, 'ratingKey'), (88523, 'ratingKey'), (88612, 'ratingKey'), (88877, 'ratingKey'), (7413, 'ratingKey'), (88610, 'ratingKey'), (88949, 'ratingKey'), (88613, 'ratingKey'), (88619, 'ratingKey'), (88635, 'ratingKey'), (88809, 'ratingKey'), (7406, 'ratingKey'), (88794, 'ratingKey'), (22482, 'ratingKey'), (22580, 'ratingKey'), (22485, 'ratingKey'), (93902, 'ratingKey'), (21645, 'ratingKey'), (19778, 'ratingKey'), (22460, 'ratingKey'), (21647, 'ratingKey'), (21730, 'ratingKey'), (7466, 'ratingKey'), (7422, 'ratingKey'), (7436, 'ratingKey'), (88738, 'ratingKey'), (88857, 'ratingKey'), (21576, 'ratingKey'), (22452, 'ratingKey'), (21650, 'ratingKey'), (19796, 'ratingKey'), (88901, 'ratingKey'), (21698, 'ratingKey'), (19771, 'ratingKey'), (88662, 'ratingKey'), (7423, 'ratingKey'), (19797, 'ratingKey'), (7437, 'ratingKey'), (7431, 'ratingKey'), (22363, 'ratingKey'), (7476, 'ratingKey'), (33322, 'ratingKey'), (88556, 'ratingKey'), (21604, 'ratingKey'), (21605, 'ratingKey'), (21599, 'ratingKey'), (21600, 'ratingKey'), (88816, 'ratingKey'), (19808, 'ratingKey'), (7469, 'ratingKey'), (88875, 'ratingKey'), (22080, 'ratingKey'), (83039, 'ratingKey'), (19775, 'ratingKey'), (22400, 'ratingKey'), (88796, 'ratingKey'), (22290, 'ratingKey'), (22496, 'ratingKey'), (88770, 'ratingKey'), (88555, 'ratingKey'), (88616, 'ratingKey'), (88628, 'ratingKey'), (88626, 'ratingKey'), (88632, 'ratingKey'), (88614, 'ratingKey'), (88633, 'ratingKey'), (88634, 'ratingKey'), (21740, 'ratingKey'), (13681, 'ratingKey'), (88694, 'ratingKey'), (22492, 'ratingKey'), (22493, 'ratingKey'), (22497, 'ratingKey'), (21628, 'ratingKey'), (7465, 'ratingKey'), (22364, 'ratingKey'), (83074, 'ratingKey'), (83075, 'ratingKey'), (83076, 'ratingKey'), (88526, 'ratingKey'), (7414, 'ratingKey'), (88654, 'ratingKey'), (21981, 'ratingKey'), (21651, 'ratingKey'), (88755, 'ratingKey'), (88707, 'ratingKey'), (88656, 'ratingKey'), (88655, 'ratingKey'), (21760, 'ratingKey'), (21677, 'ratingKey'), (7471, 'ratingKey'), (88559, 'ratingKey'), (88658, 'ratingKey'), (21601, 'ratingKey'), (19803, 'ratingKey'), (21358, 'ratingKey'), (34244, 'ratingKey'), (21734, 'ratingKey'), (22450, 'ratingKey'), (21592, 'ratingKey'), (13690, 'ratingKey'), (88561, 'ratingKey'), (83125, 'ratingKey'), (13688, 'ratingKey'), (22393, 'ratingKey'), (22383, 'ratingKey'), (21578, 'ratingKey'), (88659, 'ratingKey'), (21722, 'ratingKey'), (88909, 'ratingKey'), (88907, 'ratingKey'), (88564, 'ratingKey'), (88904, 'ratingKey'), (88908, 'ratingKey'), (88560, 'ratingKey'), (88913, 'ratingKey'), (88902, 'ratingKey'), (88897, 'ratingKey'), (88871, 'ratingKey'), (88872, 'ratingKey'), (88903, 'ratingKey'), (88899, 'ratingKey'), (88870, 'ratingKey'), (88869, 'ratingKey'), (88773, 'ratingKey'), (88563, 'ratingKey'), (88772, 'ratingKey'), (88562, 'ratingKey'), (88771, 'ratingKey'), (88774, 'ratingKey'), (7481, 'ratingKey'), (7482, 'ratingKey'), (7407, 'ratingKey'), (88840, 'ratingKey'), (21725, 'ratingKey'), (7457, 'ratingKey'), (21772, 'ratingKey'), (21911, 'ratingKey'), (19764, 'ratingKey'), (22291, 'ratingKey'), (22419, 'ratingKey'), (22454, 'ratingKey'), (22525, 'ratingKey'), (22526, 'ratingKey'), (21624, 'ratingKey'), (88524, 'ratingKey'), (21640, 'ratingKey'), (94482, 'ratingKey'), (21691, 'ratingKey'), (22586, 'ratingKey'), (22587, 'ratingKey'), (22591, 'ratingKey'), (7461, 'ratingKey'), (88692, 'ratingKey'), (19782, 'ratingKey'), (7462, 'ratingKey'), (7408, 'ratingKey'), (29071, 'ratingKey'), (34562, 'ratingKey'), (22395, 'ratingKey'), (88535, 'ratingKey'), (88673, 'ratingKey'), (88680, 'ratingKey'), (88684, 'ratingKey'), (88681, 'ratingKey'), (88674, 'ratingKey'), (88677, 'ratingKey'), (88682, 'ratingKey'), (21723, 'ratingKey'), (88688, 'ratingKey'), (88689, 'ratingKey'), (88685, 'ratingKey'), (88832, 'ratingKey'), (88835, 'ratingKey'), (88833, 'ratingKey'), (88506, 'ratingKey'), (88507, 'ratingKey'), (21910, 'ratingKey'), (21971, 'ratingKey'), (21932, 'ratingKey'), (83040, 'ratingKey'), (88646, 'ratingKey'), (22362, 'ratingKey'), (88737, 'ratingKey'), (21759, 'ratingKey'), (21696, 'ratingKey'), (21588, 'ratingKey'), (22417, 'ratingKey'), (88731, 'ratingKey'), (88739, 'ratingKey'), (21697, 'ratingKey'), (88534, 'ratingKey')]
[2022-10-11 10:15:33,088] [builder.py:1540]           [DEBUG]    | 
[2022-10-11 10:15:33,088] [builder.py:1541]           [DEBUG]    | 301 IDs Found: [(22024, 'ratingKey'), (19810, 'ratingKey'), (21642, 'ratingKey'), (21631, 'ratingKey'), (21574, 'ratingKey'), (88579, 'ratingKey'), (7420, 'ratingKey'), (13637, 'ratingKey'), (21643, 'ratingKey'), (88879, 'ratingKey'), (22472, 'ratingKey'), (22465, 'ratingKey'), (22451, 'ratingKey'), (21623, 'ratingKey'), (88858, 'ratingKey'), (88590, 'ratingKey'), (88777, 'ratingKey'), (88778, 'ratingKey'), (88782, 'ratingKey'), (88588, 'ratingKey'), (88581, 'ratingKey'), (88789, 'ratingKey'), (88583, 'ratingKey'), (88594, 'ratingKey'), (88589, 'ratingKey'), (88859, 'ratingKey'), (88856, 'ratingKey'), (88843, 'ratingKey'), (89287, 'ratingKey'), (88582, 'ratingKey'), (88838, 'ratingKey'), (88580, 'ratingKey'), (88780, 'ratingKey'), (88781, 'ratingKey'), (88839, 'ratingKey'), (21575, 'ratingKey'), (21638, 'ratingKey'), (21731, 'ratingKey'), (21591, 'ratingKey'), (88712, 'ratingKey'), (21606, 'ratingKey'), (88834, 'ratingKey'), (19793, 'ratingKey'), (88810, 'ratingKey'), (22139, 'ratingKey'), (22292, 'ratingKey'), (21602, 'ratingKey'), (21743, 'ratingKey'), (22293, 'ratingKey'), (22399, 'ratingKey'), (22426, 'ratingKey'), (22433, 'ratingKey'), (7421, 'ratingKey'), (21049, 'ratingKey'), (88906, 'ratingKey'), (88905, 'ratingKey'), (88759, 'ratingKey'), (88914, 'ratingKey'), (88880, 'ratingKey'), (88566, 'ratingKey'), (88577, 'ratingKey'), (88915, 'ratingKey'), (88576, 'ratingKey'), (88911, 'ratingKey'), (88867, 'ratingKey'), (88863, 'ratingKey'), (88567, 'ratingKey'), (88912, 'ratingKey'), (88910, 'ratingKey'), (88574, 'ratingKey'), (88868, 'ratingKey'), (88918, 'ratingKey'), (88575, 'ratingKey'), (88890, 'ratingKey'), (88917, 'ratingKey'), (21756, 'ratingKey'), (88536, 'ratingKey'), (22571, 'ratingKey'), (22574, 'ratingKey'), (22570, 'ratingKey'), (22575, 'ratingKey'), (13680, 'ratingKey'), (13665, 'ratingKey'), (92137, 'ratingKey'), (88797, 'ratingKey'), (88798, 'ratingKey'), (88799, 'ratingKey'), (88800, 'ratingKey'), (88801, 'ratingKey'), (88693, 'ratingKey'), (88644, 'ratingKey'), (21632, 'ratingKey'), (22462, 'ratingKey'), (22317, 'ratingKey'), (21593, 'ratingKey'), (21644, 'ratingKey'), (88598, 'ratingKey'), (88597, 'ratingKey'), (83123, 'ratingKey'), (88664, 'ratingKey'), (88600, 'ratingKey'), (88606, 'ratingKey'), (21633, 'ratingKey'), (13650, 'ratingKey'), (13649, 'ratingKey'), (13639, 'ratingKey'), (13646, 'ratingKey'), (88540, 'ratingKey'), (88808, 'ratingKey'), (88672, 'ratingKey'), (88523, 'ratingKey'), (88612, 'ratingKey'), (88877, 'ratingKey'), (7413, 'ratingKey'), (88610, 'ratingKey'), (88949, 'ratingKey'), (88613, 'ratingKey'), (88619, 'ratingKey'), (88635, 'ratingKey'), (88809, 'ratingKey'), (7406, 'ratingKey'), (88794, 'ratingKey'), (22482, 'ratingKey'), (22580, 'ratingKey'), (22485, 'ratingKey'), (93902, 'ratingKey'), (21645, 'ratingKey'), (19778, 'ratingKey'), (22460, 'ratingKey'), (21647, 'ratingKey'), (21730, 'ratingKey'), (7466, 'ratingKey'), (7422, 'ratingKey'), (7436, 'ratingKey'), (88738, 'ratingKey'), (88857, 'ratingKey'), (21576, 'ratingKey'), (22452, 'ratingKey'), (21650, 'ratingKey'), (19796, 'ratingKey'), (88901, 'ratingKey'), (21698, 'ratingKey'), (19771, 'ratingKey'), (88662, 'ratingKey'), (7423, 'ratingKey'), (19797, 'ratingKey'), (7437, 'ratingKey'), (7431, 'ratingKey'), (22363, 'ratingKey'), (7476, 'ratingKey'), (33322, 'ratingKey'), (88556, 'ratingKey'), (21604, 'ratingKey'), (21605, 'ratingKey'), (21599, 'ratingKey'), (21600, 'ratingKey'), (88816, 'ratingKey'), (19808, 'ratingKey'), (7469, 'ratingKey'), (88875, 'ratingKey'), (22080, 'ratingKey'), (83039, 'ratingKey'), (19775, 'ratingKey'), (22400, 'ratingKey'), (88796, 'ratingKey'), (22290, 'ratingKey'), (22496, 'ratingKey'), (88770, 'ratingKey'), (88555, 'ratingKey'), (88616, 'ratingKey'), (88628, 'ratingKey'), (88626, 'ratingKey'), (88632, 'ratingKey'), (88614, 'ratingKey'), (88633, 'ratingKey'), (88634, 'ratingKey'), (21740, 'ratingKey'), (13681, 'ratingKey'), (88694, 'ratingKey'), (22492, 'ratingKey'), (22493, 'ratingKey'), (22497, 'ratingKey'), (21628, 'ratingKey'), (7465, 'ratingKey'), (22364, 'ratingKey'), (83074, 'ratingKey'), (83075, 'ratingKey'), (83076, 'ratingKey'), (88526, 'ratingKey'), (7414, 'ratingKey'), (88654, 'ratingKey'), (21981, 'ratingKey'), (21651, 'ratingKey'), (88755, 'ratingKey'), (88707, 'ratingKey'), (88656, 'ratingKey'), (88655, 'ratingKey'), (21760, 'ratingKey'), (21677, 'ratingKey'), (7471, 'ratingKey'), (88559, 'ratingKey'), (88658, 'ratingKey'), (21601, 'ratingKey'), (19803, 'ratingKey'), (21358, 'ratingKey'), (34244, 'ratingKey'), (21734, 'ratingKey'), (22450, 'ratingKey'), (21592, 'ratingKey'), (13690, 'ratingKey'), (88561, 'ratingKey'), (83125, 'ratingKey'), (13688, 'ratingKey'), (22393, 'ratingKey'), (22383, 'ratingKey'), (21578, 'ratingKey'), (88659, 'ratingKey'), (21722, 'ratingKey'), (88909, 'ratingKey'), (88907, 'ratingKey'), (88564, 'ratingKey'), (88904, 'ratingKey'), (88908, 'ratingKey'), (88560, 'ratingKey'), (88913, 'ratingKey'), (88902, 'ratingKey'), (88897, 'ratingKey'), (88871, 'ratingKey'), (88872, 'ratingKey'), (88903, 'ratingKey'), (88899, 'ratingKey'), (88870, 'ratingKey'), (88869, 'ratingKey'), (88773, 'ratingKey'), (88563, 'ratingKey'), (88772, 'ratingKey'), (88562, 'ratingKey'), (88771, 'ratingKey'), (88774, 'ratingKey'), (7481, 'ratingKey'), (7482, 'ratingKey'), (7407, 'ratingKey'), (88840, 'ratingKey'), (21725, 'ratingKey'), (7457, 'ratingKey'), (21772, 'ratingKey'), (21911, 'ratingKey'), (19764, 'ratingKey'), (22291, 'ratingKey'), (22419, 'ratingKey'), (22454, 'ratingKey'), (22525, 'ratingKey'), (22526, 'ratingKey'), (21624, 'ratingKey'), (88524, 'ratingKey'), (21640, 'ratingKey'), (94482, 'ratingKey'), (21691, 'ratingKey'), (22586, 'ratingKey'), (22587, 'ratingKey'), (22591, 'ratingKey'), (7461, 'ratingKey'), (88692, 'ratingKey'), (19782, 'ratingKey'), (7462, 'ratingKey'), (7408, 'ratingKey'), (29071, 'ratingKey'), (34562, 'ratingKey'), (22395, 'ratingKey'), (88535, 'ratingKey'), (88673, 'ratingKey'), (88680, 'ratingKey'), (88684, 'ratingKey'), (88681, 'ratingKey'), (88674, 'ratingKey'), (88677, 'ratingKey'), (88682, 'ratingKey'), (21723, 'ratingKey'), (88688, 'ratingKey'), (88689, 'ratingKey'), (88685, 'ratingKey'), (88832, 'ratingKey'), (88835, 'ratingKey'), (88833, 'ratingKey'), (88506, 'ratingKey'), (88507, 'ratingKey'), (21910, 'ratingKey'), (21971, 'ratingKey'), (21932, 'ratingKey'), (83040, 'ratingKey'), (88646, 'ratingKey'), (22362, 'ratingKey'), (88737, 'ratingKey'), (21759, 'ratingKey'), (21696, 'ratingKey'), (21588, 'ratingKey'), (22417, 'ratingKey'), (88731, 'ratingKey'), (88739, 'ratingKey'), (21697, 'ratingKey'), (88534, 'ratingKey')]
[2022-10-11 10:15:33,088] [builder.py:1542]           [DEBUG]    | 
[2022-10-11 10:15:35,255] [plex_meta_manager.py:594]  [INFO]     | 
[2022-10-11 10:15:35,256] [plex_meta_manager.py:596]  [INFO]     | Collection Filter country: ['United States of America']
[2022-10-11 10:15:35,256] [builder.py:2064]           [INFO]     | 
[2022-10-11 10:15:35,256] [builder.py:2065]           [INFO]     |===================================== Adding to USA Collection =====================================|
[2022-10-11 10:15:35,256] [builder.py:2066]           [INFO]     |                                                                                                    |
[2022-10-11 10:15:35,278] [builder.py:2080]           [INFO]     |   1/203 | USA Collection | + | 1001 Pattes (1998)                                                  |
[2022-10-11 10:15:35,301] [builder.py:2080]           [INFO]     |   2/203 | USA Collection | + | Aladdin (1992)                                                      |
[2022-10-11 10:15:35,323] [builder.py:2080]           [INFO]     |   3/203 | USA Collection | + | Alice au pays des merveilles (2010)                                 |
[2022-10-11 10:15:35,343] [builder.py:2080]           [INFO]     |   4/203 | USA Collection | + | All-Star Superman (2011)                                            |
[2022-10-11 10:15:35,364] [builder.py:2080]           [INFO]     |   5/203 | USA Collection | + | Atlantide, l'empire perdu (2001)                                    |
[2022-10-11 10:15:35,385] [builder.py:2080]           [INFO]     |   6/203 | USA Collection | + | Baby Boss (2017)                                                    |
[2022-10-11 10:15:35,495] [builder.py:2080]           [INFO]     |   7/203 | USA Collection | + | Baby Boss 2 : Une affaire de famille (2021)                         |
[2022-10-11 10:15:35,515] [builder.py:2080]           [INFO]     |   8/203 | USA Collection | + | Bambi 2 (2006)                                                      |
[2022-10-11 10:15:35,535] [builder.py:2080]           [INFO]     |   9/203 | USA Collection | + | Basil, détective privé (1986)                                       |
[2022-10-11 10:15:35,555] [builder.py:2080]           [INFO]     |  10/203 | USA Collection | + | Batman : Le Retour des Justiciers Masqués (2016)                    |
[2022-10-11 10:15:35,576] [builder.py:2080]           [INFO]     |  11/203 | USA Collection | + | Batman : Les Origines (2011)                                        |
[2022-10-11 10:15:35,597] [builder.py:2080]           [INFO]     |  12/203 | USA Collection | + | Batman : The Dark Knight Returns, Part 1 (2012)                     |
[2022-10-11 10:15:35,616] [builder.py:2080]           [INFO]     |  13/203 | USA Collection | + | Batman : The Dark Knight Returns, Part 2 (2013)                     |
[2022-10-11 10:15:35,636] [builder.py:2080]           [INFO]     |  14/203 | USA Collection | + | Batman : The Long Halloween 1ère Partie (2021)                      |
[2022-10-11 10:15:35,656] [builder.py:2080]           [INFO]     |  15/203 | USA Collection | + | Batman : The Long Halloween 2ème Partie (2021)                      |
[2022-10-11 10:15:35,675] [builder.py:2080]           [INFO]     |  16/203 | USA Collection | + | Batman : Un deuil dans la famille (2020)                            |
[2022-10-11 10:15:35,697] [builder.py:2080]           [INFO]     |  17/203 | USA Collection | + | Batman & Mr Freeze : SubZero (1998)                                 |
[2022-10-11 10:15:35,718] [builder.py:2080]           [INFO]     |  18/203 | USA Collection | + | Batman contre le Fantôme masqué (1993)                              |
[2022-10-11 10:15:35,736] [builder.py:2080]           [INFO]     |  19/203 | USA Collection | + | Batman et Harley Quinn (2017)                                       |
[2022-10-11 10:15:35,758] [builder.py:2080]           [INFO]     |  20/203 | USA Collection | + | Batman et Red Hood : Sous le masque rouge (2010)                    |
[2022-10-11 10:15:35,779] [builder.py:2080]           [INFO]     |  21/203 | USA Collection | + | Batman Unlimited : L'instinct animal (2015)                         |
[2022-10-11 10:15:35,797] [builder.py:2080]           [INFO]     |  22/203 | USA Collection | + | Batman vs. Robin (2015)                                             |
[2022-10-11 10:15:35,822] [builder.py:2080]           [INFO]     |  23/203 | USA Collection | + | Batman, Assaut sur Arkham (2014)                                    |
[2022-10-11 10:15:35,845] [builder.py:2080]           [INFO]     |  24/203 | USA Collection | + | Batman: Gotham by Gaslight (2018)                                   |
[2022-10-11 10:15:35,866] [builder.py:2080]           [INFO]     |  25/203 | USA Collection | + | Batman: Gotham Knight (2008)                                        |
[2022-10-11 10:15:36,334] [builder.py:2080]           [INFO]     |  26/203 | USA Collection | + | Batman: La Mystérieuse Batwoman (2003)                              |
[2022-10-11 10:15:36,360] [builder.py:2080]           [INFO]     |  27/203 | USA Collection | + | Batman: Mauvais Sang (2016)                                         |
[2022-10-11 10:15:36,380] [builder.py:2080]           [INFO]     |  28/203 | USA Collection | + | Batman: Soul of the Dragon (2021)                                   |
[2022-10-11 10:15:36,399] [builder.py:2080]           [INFO]     |  29/203 | USA Collection | + | Batman: The Killing Joke (2016)                                     |
[2022-10-11 10:15:36,420] [builder.py:2080]           [INFO]     |  30/203 | USA Collection | + | La Belle au bois dormant (1959)                                     |
[2022-10-11 10:15:36,439] [builder.py:2080]           [INFO]     |  31/203 | USA Collection | + | La Belle et la Bête (1991)                                          |
[2022-10-11 10:15:36,459] [builder.py:2080]           [INFO]     |  32/203 | USA Collection | + | La Belle et le Clochard (1955)                                      |
[2022-10-11 10:15:36,485] [builder.py:2080]           [INFO]     |  33/203 | USA Collection | + | Bernard et Bianca au Pays des Kangourous (1990)                     |
[2022-10-11 10:15:36,505] [builder.py:2080]           [INFO]     |  34/203 | USA Collection | + | Bienvenue chez les Loud : Le film (2021)                            |
[2022-10-11 10:15:36,524] [builder.py:2080]           [INFO]     |  35/203 | USA Collection | + | Bienvenue chez les Robinson (2007)                                  |
[2022-10-11 10:15:36,545] [builder.py:2080]           [INFO]     |  36/203 | USA Collection | + | Blade Runner : Black Out 2022 (2017)                                |
[2022-10-11 10:15:36,565] [builder.py:2080]           [INFO]     |  37/203 | USA Collection | + | Buzz l'Éclair (2022)                                                |
[2022-10-11 10:15:36,586] [builder.py:2080]           [INFO]     |  38/203 | USA Collection | + | Cars : Quatre roues (2006)                                          |
[2022-10-11 10:15:36,605] [builder.py:2080]           [INFO]     |  39/203 | USA Collection | + | Cars 2 (2011)                                                       |
[2022-10-11 10:15:36,625] [builder.py:2080]           [INFO]     |  40/203 | USA Collection | + | Cendrillon (2015)                                                   |
[2022-10-11 10:15:36,646] [builder.py:2080]           [INFO]     |  41/203 | USA Collection | + | Chicken Little (2005)                                               |
[2022-10-11 10:15:36,666] [builder.py:2080]           [INFO]     |  42/203 | USA Collection | + | Clochette et l’Expédition Féerique (2010)                           |
[2022-10-11 10:15:36,685] [builder.py:2080]           [INFO]     |  43/203 | USA Collection | + | Clochette et la Créature Légendaire (2014)                          |
[2022-10-11 10:15:36,705] [builder.py:2080]           [INFO]     |  44/203 | USA Collection | + | Clochette et la fée pirate (2014)                                   |
[2022-10-11 10:15:36,725] [builder.py:2080]           [INFO]     |  45/203 | USA Collection | + | Clochette et le secret des fées (2012)                              |
[2022-10-11 10:15:36,874] [builder.py:2080]           [INFO]     |  46/203 | USA Collection | + | Dinosaure (2000)                                                    |
[2022-10-11 10:15:36,896] [builder.py:2080]           [INFO]     |  47/203 | USA Collection | + | Docteur Strange Le Sorcier Supreme (2007)                           |
[2022-10-11 10:15:36,916] [builder.py:2080]           [INFO]     |  48/203 | USA Collection | + | Dragons (2010)                                                      |
[2022-10-11 10:15:36,936] [builder.py:2080]           [INFO]     |  49/203 | USA Collection | + | Dragons : Le cadeau du Furie Nocturne (2011)                        |
[2022-10-11 10:15:36,957] [builder.py:2080]           [INFO]     |  50/203 | USA Collection | + | Dragons 2 (2014)                                                    |
[2022-10-11 10:15:36,974] [builder.py:2080]           [INFO]     |  51/203 | USA Collection | + | Dragons 3 : Le monde caché (2019)                                   |
[2022-10-11 10:15:36,995] [builder.py:2080]           [INFO]     |  52/203 | USA Collection | + | Dumbo (2019)                                                        |
[2022-10-11 10:15:37,016] [builder.py:2080]           [INFO]     |  53/203 | USA Collection | + | Encanto, la fantastique famille Madrigal (2021)                     |
[2022-10-11 10:15:37,035] [builder.py:2080]           [INFO]     |  54/203 | USA Collection | + | Entergalactic (2022)                                                |
[2022-10-11 10:15:37,056] [builder.py:2080]           [INFO]     |  55/203 | USA Collection | + | La Famille Addams (2019)                                            |
[2022-10-11 10:15:37,077] [builder.py:2080]           [INFO]     |  56/203 | USA Collection | + | La Famille Addams 2 : Une virée d'enfer (2021)                      |
[2022-10-11 10:15:37,097] [builder.py:2080]           [INFO]     |  57/203 | USA Collection | + | Fantasia 2000 (1999)                                                |
[2022-10-11 10:15:37,117] [builder.py:2080]           [INFO]     |  58/203 | USA Collection | + | Ferdinand (2017)                                                    |
[2022-10-11 10:15:37,135] [builder.py:2080]           [INFO]     |  59/203 | USA Collection | + | Frankenweenie (2012)                                                |
[2022-10-11 10:15:37,157] [builder.py:2080]           [INFO]     |  60/203 | USA Collection | + | Frère des ours (2003)                                               |
[2022-10-11 10:15:37,179] [builder.py:2080]           [INFO]     |  61/203 | USA Collection | + | Green Lantern: Le Complot (2009)                                    |
[2022-10-11 10:15:37,199] [builder.py:2080]           [INFO]     |  62/203 | USA Collection | + | Green Lantern: Les Chevaliers De L'Emeraude (2011)                  |
[2022-10-11 10:15:37,218] [builder.py:2080]           [INFO]     |  63/203 | USA Collection | + | Green Lantern: Méfiez-vous de mon pouvoir (2022)                    |
[2022-10-11 10:15:37,238] [builder.py:2080]           [INFO]     |  64/203 | USA Collection | + | Hansel & Gretel : Agents secrets (2021)                             |
[2022-10-11 10:15:37,259] [builder.py:2080]           [INFO]     |  65/203 | USA Collection | + | Hellboy Animated : De sang et de fer (2007)                         |
[2022-10-11 10:15:37,350] [builder.py:2080]           [INFO]     |  66/203 | USA Collection | + | Hellboy Animated : Le Sabre des Tempêtes (2006)                     |
[2022-10-11 10:15:37,380] [builder.py:2080]           [INFO]     |  67/203 | USA Collection | + | Hercule (1997)                                                      |
[2022-10-11 10:15:37,401] [builder.py:2080]           [INFO]     |  68/203 | USA Collection | + | Hôtel Transylvanie (2012)                                           |
[2022-10-11 10:15:37,420] [builder.py:2080]           [INFO]     |  69/203 | USA Collection | + | Hôtel Transylvanie 2 (2015)                                         |
[2022-10-11 10:15:37,440] [builder.py:2080]           [INFO]     |  70/203 | USA Collection | + | Hôtel Transylvanie 3 : Des vacances monstrueuses (2018)             |
[2022-10-11 10:15:37,461] [builder.py:2080]           [INFO]     |  71/203 | USA Collection | + | Hôtel Transylvanie : Changements monstres (2022)                    |
[2022-10-11 10:15:37,478] [builder.py:2080]           [INFO]     |  72/203 | USA Collection | + | Hulk vs. Thor et Wolverine (2009)                                   |
[2022-10-11 10:15:37,498] [builder.py:2080]           [INFO]     |  73/203 | USA Collection | + | Injustice (2021)                                                    |
[2022-10-11 10:15:37,517] [builder.py:2080]           [INFO]     |  74/203 | USA Collection | + | Iron Man & Hulk : l'union des Super-héros (2013)                    |
[2022-10-11 10:15:37,537] [builder.py:2080]           [INFO]     |  75/203 | USA Collection | + | Iron Man and Captain America: Heroes United (2014)                  |
[2022-10-11 10:15:37,557] [builder.py:2080]           [INFO]     |  76/203 | USA Collection | + | Justice League Dark (2017)                                          |
[2022-10-11 10:15:37,581] [builder.py:2080]           [INFO]     |  77/203 | USA Collection | + | Justice League Dark: Apokolips War (2020)                           |
[2022-10-11 10:15:37,601] [builder.py:2080]           [INFO]     |  78/203 | USA Collection | + | Justice League vs. the Fatal Five (2019)                            |
[2022-10-11 10:15:37,621] [builder.py:2080]           [INFO]     |  79/203 | USA Collection | + | Justice Society : World War II (2021)                               |
[2022-10-11 10:15:37,641] [builder.py:2080]           [INFO]     |  80/203 | USA Collection | + | Krypto et les Super-Animaux (2022)                                  |
[2022-10-11 10:15:37,663] [builder.py:2080]           [INFO]     |  81/203 | USA Collection | + | Kung Fu Panda (2008)                                                |
[2022-10-11 10:15:37,682] [builder.py:2080]           [INFO]     |  82/203 | USA Collection | + | Kung Fu Panda 2 (2011)                                              |
[2022-10-11 10:15:37,705] [builder.py:2080]           [INFO]     |  83/203 | USA Collection | + | Kung Fu Panda 3 (2016)                                              |
[2022-10-11 10:15:38,117] [builder.py:2080]           [INFO]     |  84/203 | USA Collection | + | Kuzco, l'empereur mégalo (2000)                                     |
[2022-10-11 10:15:38,137] [builder.py:2080]           [INFO]     |  85/203 | USA Collection | + | L'Âge de glace : Les Aventures de Buck Wild (2022)                  |
[2022-10-11 10:15:38,155] [builder.py:2080]           [INFO]     |  86/203 | USA Collection | + | L'Île aux chiens (2018)                                             |
[2022-10-11 10:15:38,176] [builder.py:2080]           [INFO]     |  87/203 | USA Collection | + | Là-haut (2009)                                                      |
[2022-10-11 10:15:38,197] [builder.py:2080]           [INFO]     |  88/203 | USA Collection | + | Le bossu de Notre Dame (1996)                                       |
[2022-10-11 10:15:38,219] [builder.py:2080]           [INFO]     |  89/203 | USA Collection | + | Le Dragon-Génie (2021)                                              |
[2022-10-11 10:15:38,238] [builder.py:2080]           [INFO]     |  90/203 | USA Collection | + | Le fils de Batman (2014)                                            |
[2022-10-11 10:15:38,258] [builder.py:2080]           [INFO]     |  91/203 | USA Collection | + | Le Livre de la jungle (1967)                                        |
[2022-10-11 10:15:38,280] [builder.py:2080]           [INFO]     |  92/203 | USA Collection | + | Le Livre de la Jungle 2 (2003)                                      |
[2022-10-11 10:15:38,298] [builder.py:2080]           [INFO]     |  93/203 | USA Collection | + | Le Monde de Nemo (2003)                                             |
[2022-10-11 10:15:38,320] [builder.py:2080]           [INFO]     |  94/203 | USA Collection | + | Le Roi lion (1994)                                                  |
[2022-10-11 10:15:38,342] [builder.py:2080]           [INFO]     |  95/203 | USA Collection | + | Le Roi Lion (2019)                                                  |
[2022-10-11 10:15:38,362] [builder.py:2080]           [INFO]     |  96/203 | USA Collection | + | Le Voyage d’Arlo (2015)                                             |
[2022-10-11 10:15:38,384] [builder.py:2080]           [INFO]     |  97/203 | USA Collection | + | La Grande Aventure LEGO (2014)                                      |
[2022-10-11 10:15:38,405] [builder.py:2080]           [INFO]     |  98/203 | USA Collection | + | Lego Marvel Spider-Man: Vexed by Venom (2019)                       |
[2022-10-11 10:15:38,425] [builder.py:2080]           [INFO]     |  99/203 | USA Collection | + | Les 101 Dalmatiens (1961)                                           |
[2022-10-11 10:15:38,442] [builder.py:2080]           [INFO]     | 100/203 | USA Collection | + | Les Aristochats (1970)                                              |
[2022-10-11 10:15:38,462] [builder.py:2080]           [INFO]     | 101/203 | USA Collection | + | Les Aventures de Bernard et Bianca (1977)                           |
[2022-10-11 10:15:38,481] [builder.py:2080]           [INFO]     | 102/203 | USA Collection | + | Les Aventures de Winnie l'ourson (1977)                             |
[2022-10-11 10:15:38,504] [builder.py:2080]           [INFO]     | 103/203 | USA Collection | + | Les Bad Guys (2022)                                                 |
[2022-10-11 10:15:38,524] [builder.py:2080]           [INFO]     | 104/203 | USA Collection | + | Les Bouchetrous (2021)                                              |
[2022-10-11 10:15:38,596] [builder.py:2080]           [INFO]     | 105/203 | USA Collection | + | Les Indestructibles (2004)                                          |
[2022-10-11 10:15:38,619] [builder.py:2080]           [INFO]     | 106/203 | USA Collection | + | Les Minions (2015)                                                  |
[2022-10-11 10:15:38,642] [builder.py:2080]           [INFO]     | 107/203 | USA Collection | + | Les Mitchell contre les Machines (2021)                             |
[2022-10-11 10:15:38,664] [builder.py:2080]           [INFO]     | 108/203 | USA Collection | + | Les Mondes de Ralph (2012)                                          |
[2022-10-11 10:15:38,685] [builder.py:2080]           [INFO]     | 109/203 | USA Collection | + | Les Nouveaux Héros (2014)                                           |
[2022-10-11 10:15:38,706] [builder.py:2080]           [INFO]     | 110/203 | USA Collection | + | Les Pingouins de Madagascar (2014)                                  |
[2022-10-11 10:15:38,728] [builder.py:2080]           [INFO]     | 111/203 | USA Collection | + | Les Vengeurs Ultimate (2006)                                        |
[2022-10-11 10:15:38,749] [builder.py:2080]           [INFO]     | 112/203 | USA Collection | + | La Ligue des Justiciers : Crise sur deux terres (2010)              |
[2022-10-11 10:15:38,768] [builder.py:2080]           [INFO]     | 113/203 | USA Collection | + | La Ligue des Justiciers : Dieux et Monstres (2015)                  |
[2022-10-11 10:15:38,788] [builder.py:2080]           [INFO]     | 114/203 | USA Collection | + | La Ligue des Justiciers : Échec (2012)                              |
[2022-10-11 10:15:38,811] [builder.py:2080]           [INFO]     | 115/203 | USA Collection | + | La Ligue des Justiciers : Le Paradoxe Flashpoint (2013)             |
[2022-10-11 10:15:38,830] [builder.py:2080]           [INFO]     | 116/203 | USA Collection | + | La Ligue des Justiciers : Le Trône de l'Atlantide (2015)            |
[2022-10-11 10:15:38,849] [builder.py:2080]           [INFO]     | 117/203 | USA Collection | + | La Ligue des justiciers : Nouvelle frontière (2008)                 |
[2022-10-11 10:15:38,869] [builder.py:2080]           [INFO]     | 118/203 | USA Collection | + | La Ligue des justiciers vs les Teen Titans (2016)                   |
[2022-10-11 10:15:38,891] [builder.py:2080]           [INFO]     | 119/203 | USA Collection | + | Lilo et Stitch (2002)                                               |
[2022-10-11 10:15:38,913] [builder.py:2080]           [INFO]     | 120/203 | USA Collection | + | Luca (2021)                                                         |
[2022-10-11 10:15:38,931] [builder.py:2080]           [INFO]     | 121/203 | USA Collection | + | Madagascar (2005)                                                   |
[2022-10-11 10:15:38,950] [builder.py:2080]           [INFO]     | 122/203 | USA Collection | + | Madagascar 2 (2008)                                                 |
[2022-10-11 10:15:38,971] [builder.py:2080]           [INFO]     | 123/203 | USA Collection | + | Madagascar 3 : Bons baisers d'Europe (2012)                         |
[2022-10-11 10:15:38,988] [builder.py:2080]           [INFO]     | 124/203 | USA Collection | + | Merlin l'enchanteur (1963)                                          |
[2022-10-11 10:15:39,083] [builder.py:2080]           [INFO]     | 125/203 | USA Collection | + | Milo sur Mars (2011)                                                |
[2022-10-11 10:15:39,104] [builder.py:2080]           [INFO]     | 126/203 | USA Collection | + | Moi, moche et méchant (2010)                                        |
[2022-10-11 10:15:39,125] [builder.py:2080]           [INFO]     | 127/203 | USA Collection | + | Moi, moche et méchant 2 (2013)                                      |
[2022-10-11 10:15:39,146] [builder.py:2080]           [INFO]     | 128/203 | USA Collection | + | Moi, moche et méchant 3 (2017)                                      |
[2022-10-11 10:15:39,167] [builder.py:2080]           [INFO]     | 129/203 | USA Collection | + | Monster Hunter: Legends of the Guild (2021)                         |
[2022-10-11 10:15:39,189] [builder.py:2080]           [INFO]     | 130/203 | USA Collection | + | Monstres & Cie (2001)                                               |
[2022-10-11 10:15:39,210] [builder.py:2080]           [INFO]     | 131/203 | USA Collection | + | Monstres Academy (2013)                                             |
[2022-10-11 10:15:39,231] [builder.py:2080]           [INFO]     | 132/203 | USA Collection | + | La Mort de Superman (2018)                                          |
[2022-10-11 10:15:39,250] [builder.py:2080]           [INFO]     | 133/203 | USA Collection | + | La Mort et le Retour de Superman (2019)                             |
[2022-10-11 10:15:39,272] [builder.py:2080]           [INFO]     | 134/203 | USA Collection | + | Mortal Kombat Legends : Scorpion's Revenge (2020)                   |
[2022-10-11 10:15:39,292] [builder.py:2080]           [INFO]     | 135/203 | USA Collection | + | Mortal Kombat Legends: Battle of the Realms (2021)                  |
[2022-10-11 10:15:39,309] [builder.py:2080]           [INFO]     | 136/203 | USA Collection | + | Mulan (1998)                                                        |
[2022-10-11 10:15:39,330] [builder.py:2080]           [INFO]     | 137/203 | USA Collection | + | Next Avengers (2008)                                                |
[2022-10-11 10:15:39,350] [builder.py:2080]           [INFO]     | 138/203 | USA Collection | + | La nuit des morts animés (2021)                                     |
[2022-10-11 10:15:39,369] [builder.py:2080]           [INFO]     | 139/203 | USA Collection | + | Oliver & Compagnie (1988)                                           |
[2022-10-11 10:15:39,386] [builder.py:2080]           [INFO]     | 140/203 | USA Collection | + | La Pat' Patrouille : Le Film (2021)                                 |
[2022-10-11 10:15:39,404] [builder.py:2080]           [INFO]     | 141/203 | USA Collection | + | Persepolis (2007)                                                   |
[2022-10-11 10:15:39,426] [builder.py:2080]           [INFO]     | 142/203 | USA Collection | + | Peter Pan (1953)                                                    |
[2022-10-11 10:15:39,443] [builder.py:2080]           [INFO]     | 143/203 | USA Collection | + | Peter Pan 2 : Retour au Pays imaginaire (2002)                      |
[2022-10-11 10:15:39,460] [builder.py:2080]           [INFO]     | 144/203 | USA Collection | + | La Petite Sirène (1989)                                             |
[2022-10-11 10:15:39,549] [builder.py:2080]           [INFO]     | 145/203 | USA Collection | + | Pierre Lapin (2018)                                                 |
[2022-10-11 10:15:39,903] [builder.py:2080]           [INFO]     | 146/203 | USA Collection | + | Planes (2013)                                                       |
[2022-10-11 10:15:39,921] [builder.py:2080]           [INFO]     | 147/203 | USA Collection | + | Planes 2 (2014)                                                     |
[2022-10-11 10:15:39,940] [builder.py:2080]           [INFO]     | 148/203 | USA Collection | + | La Planète au Trésor : Un nouvel univers (2002)                     |
[2022-10-11 10:15:39,959] [builder.py:2080]           [INFO]     | 149/203 | USA Collection | + | Planète Hulk (2010)                                                 |
[2022-10-11 10:15:39,981] [builder.py:2080]           [INFO]     | 150/203 | USA Collection | + | Pocahontas : Une légende indienne (1995)                            |
[2022-10-11 10:15:40,003] [builder.py:2080]           [INFO]     | 151/203 | USA Collection | + | Pokémon : Le Maître des Mirages (2006)                              |
[2022-10-11 10:15:40,023] [builder.py:2080]           [INFO]     | 152/203 | USA Collection | + | Pokémon, le film : Je te choisis ! (2017)                           |
[2022-10-11 10:15:40,043] [builder.py:2080]           [INFO]     | 153/203 | USA Collection | + | La Princesse et la grenouille (2009)                                |
[2022-10-11 10:15:40,065] [builder.py:2080]           [INFO]     | 154/203 | USA Collection | + | Raiponce (2010)                                                     |
[2022-10-11 10:15:40,086] [builder.py:2080]           [INFO]     | 155/203 | USA Collection | + | Ratatouille (2007)                                                  |
[2022-10-11 10:15:40,108] [builder.py:2080]           [INFO]     | 156/203 | USA Collection | + | Raya et le Dernier Dragon (2021)                                    |
[2022-10-11 10:15:40,128] [builder.py:2080]           [INFO]     | 157/203 | USA Collection | + | Rebelle (2012)                                                      |
[2022-10-11 10:15:40,148] [builder.py:2080]           [INFO]     | 158/203 | USA Collection | + | La reine des neiges (2013)                                          |
[2022-10-11 10:15:40,172] [builder.py:2080]           [INFO]     | 159/203 | USA Collection | + | La Reine des neiges II (2019)                                       |
[2022-10-11 10:15:40,192] [builder.py:2080]           [INFO]     | 160/203 | USA Collection | + | Rio (2011)                                                          |
[2022-10-11 10:15:40,213] [builder.py:2080]           [INFO]     | 161/203 | USA Collection | + | Rio 2 (2014)                                                        |
[2022-10-11 10:15:40,233] [builder.py:2080]           [INFO]     | 162/203 | USA Collection | + | Robin des Bois (1973)                                               |
[2022-10-11 10:15:40,252] [builder.py:2080]           [INFO]     | 163/203 | USA Collection | + | Ron débloque (2021)                                                 |
[2022-10-11 10:15:40,272] [builder.py:2080]           [INFO]     | 164/203 | USA Collection | + | Rox et Rouky (1981)                                                 |
[2022-10-11 10:15:40,512] [builder.py:2080]           [INFO]     | 165/203 | USA Collection | + | Samouraï Academy (2022)                                             |
[2022-10-11 10:15:40,533] [builder.py:2080]           [INFO]     | 166/203 | USA Collection | + | Shrek (2001)                                                        |
[2022-10-11 10:15:40,552] [builder.py:2080]           [INFO]     | 167/203 | USA Collection | + | Shrek 2 (2004)                                                      |
[2022-10-11 10:15:40,572] [builder.py:2080]           [INFO]     | 168/203 | USA Collection | + | Shrek le troisième (2007)                                           |
[2022-10-11 10:15:40,594] [builder.py:2080]           [INFO]     | 169/203 | USA Collection | + | Shrek 4, il était une fin (2010)                                    |
[2022-10-11 10:15:40,615] [builder.py:2080]           [INFO]     | 170/203 | USA Collection | + | Les Simpson, le film (2007)                                         |
[2022-10-11 10:15:40,634] [builder.py:2080]           [INFO]     | 171/203 | USA Collection | + | Soul (2020)                                                         |
[2022-10-11 10:15:40,656] [builder.py:2080]           [INFO]     | 172/203 | USA Collection | + | Spider-Man : New Generation (2018)                                  |
[2022-10-11 10:15:40,676] [builder.py:2080]           [INFO]     | 173/203 | USA Collection | + | Star Wars : The Clone Wars (2008)                                   |
[2022-10-11 10:15:40,697] [builder.py:2080]           [INFO]     | 174/203 | USA Collection | + | Strange Magic (2015)                                                |
[2022-10-11 10:15:40,716] [builder.py:2080]           [INFO]     | 175/203 | USA Collection | + | Suicide Squad: Le Prix de l'Enfer (2018)                            |
[2022-10-11 10:15:40,736] [builder.py:2080]           [INFO]     | 176/203 | USA Collection | + | Superman : L'Homme de demain (2020)                                 |
[2022-10-11 10:15:40,757] [builder.py:2080]           [INFO]     | 177/203 | USA Collection | + | Superman : Le Crépuscule d'un dieu (2007)                           |
[2022-10-11 10:15:40,779] [builder.py:2080]           [INFO]     | 178/203 | USA Collection | + | Superman contre l'Élite (2012)                                      |
[2022-10-11 10:15:40,798] [builder.py:2080]           [INFO]     | 179/203 | USA Collection | + | Superman: Red Son (2020)                                            |
[2022-10-11 10:15:40,818] [builder.py:2080]           [INFO]     | 180/203 | USA Collection | + | Superman/Batman: Apocalypse (2010)                                  |
[2022-10-11 10:15:40,838] [builder.py:2080]           [INFO]     | 181/203 | USA Collection | + | SuperMan/Batman: Ennemis publics (2009)                             |
[2022-10-11 10:15:40,860] [builder.py:2080]           [INFO]     | 182/203 | USA Collection | + | Superman/Shazam - Le retour de Black Adam (2010)                    |
[2022-10-11 10:15:40,878] [builder.py:2080]           [INFO]     | 183/203 | USA Collection | + | Tarzan (1999)                                                       |
[2022-10-11 10:15:40,898] [builder.py:2080]           [INFO]     | 184/203 | USA Collection | + | Teen Titans Go! Vs. Teen Titans (2019)                              |
[2022-10-11 10:15:40,919] [builder.py:2080]           [INFO]     | 185/203 | USA Collection | + | Teen Titans Le contrat Judas (2017)                                 |
[2022-10-11 10:15:41,010] [builder.py:2080]           [INFO]     | 186/203 | USA Collection | + | TMNT: les tortues ninja (2007)                                      |
[2022-10-11 10:15:41,031] [builder.py:2080]           [INFO]     | 187/203 | USA Collection | + | Tom & Jerry au Far West (2022)                                      |
[2022-10-11 10:15:41,051] [builder.py:2080]           [INFO]     | 188/203 | USA Collection | + | Tom et Jerry : L'histoire de Robin des Bois (2012)                  |
[2022-10-11 10:15:41,073] [builder.py:2080]           [INFO]     | 189/203 | USA Collection | + | Tom et Jerry : L’Anneau magique (2001)                              |
[2022-10-11 10:15:41,090] [builder.py:2080]           [INFO]     | 190/203 | USA Collection | + | Tous en scène (2016)                                                |
[2022-10-11 10:15:41,111] [builder.py:2080]           [INFO]     | 191/203 | USA Collection | + | Tous en scène 2 (2021)                                              |
[2022-10-11 10:15:41,130] [builder.py:2080]           [INFO]     | 192/203 | USA Collection | + | Toy Story (1995)                                                    |
[2022-10-11 10:15:41,150] [builder.py:2080]           [INFO]     | 193/203 | USA Collection | + | Toy Story 2 (1999)                                                  |
[2022-10-11 10:15:41,170] [builder.py:2080]           [INFO]     | 194/203 | USA Collection | + | Toy Story 3 (2010)                                                  |
[2022-10-11 10:15:41,192] [builder.py:2080]           [INFO]     | 195/203 | USA Collection | + | Toy Story 4 (2019)                                                  |
[2022-10-11 10:15:41,213] [builder.py:2080]           [INFO]     | 196/203 | USA Collection | + | Vice-versa (2015)                                                   |
[2022-10-11 10:15:41,237] [builder.py:2080]           [INFO]     | 197/203 | USA Collection | + | Vivo (2021)                                                         |
[2022-10-11 10:15:41,256] [builder.py:2080]           [INFO]     | 198/203 | USA Collection | + | Volt, star malgré lui (2008)                                        |
[2022-10-11 10:15:41,277] [builder.py:2080]           [INFO]     | 199/203 | USA Collection | + | WALL·E (2008)                                                       |
[2022-10-11 10:15:41,300] [builder.py:2080]           [INFO]     | 200/203 | USA Collection | + | The Wild (2006)                                                     |
[2022-10-11 10:15:41,321] [builder.py:2080]           [INFO]     | 201/203 | USA Collection | + | Winnie l'Ourson : Bonne année (2002)                                |
[2022-10-11 10:15:41,341] [builder.py:2080]           [INFO]     | 202/203 | USA Collection | + | The Witcher : le cauchemar du Loup (2021)                           |
[2022-10-11 10:15:41,361] [builder.py:2080]           [INFO]     | 203/203 | USA Collection | + | Wonder Woman (2009)                                                 |
[2022-10-11 10:15:43,413] [builder.py:2100]           [INFO]     |                                                                                                    |
[2022-10-11 10:15:43,414] [builder.py:2102]           [INFO]     | 203 Movies Processed 203 Movies Added                                                              |
[2022-10-11 10:15:43,430] [plex.py:711]               [DEBUG]    | Smart Collection Test: ?type=1&sort=audienceRating%3Adesc&label=216355                             |
[2022-10-11 10:15:44,241] [builder.py:2441]           [INFO]     |                                                                                                    |
[2022-10-11 10:15:44,241] [builder.py:2442]           [INFO]     |================================ Updating Details of USA Collection ================================|
[2022-10-11 10:15:44,241] [builder.py:2443]           [INFO]     |                                                                                                    |
[2022-10-11 10:15:44,714] [builder.py:2509]           [INFO]     | Collection Metadata Edits                                                                          |
                                                                 | Sort Title | +5_USA
                                                                 | Label | +PMM
[2022-10-11 10:15:44,995] [builder.py:2513]           [INFO]     | Details: have been updated
[2022-10-11 10:15:44,995] [builder.py:2517]           [INFO]     | 
[2022-10-11 10:15:44,996] [builder.py:2580]           [WARNING]  | Asset Warning: Unable to find asset folder: 'USA'
[2022-10-11 10:15:44,996] [util.py:150]               [DEBUG]    | 1 poster found:
[2022-10-11 10:15:44,996] [util.py:152]               [DEBUG]    | Method: url_poster Poster: https://raw.githubusercontent.com/MonsieurZed/poster/main/img/COUNTRY_USA.png
[2022-10-11 10:15:45,039] [library.py:170]            [INFO]     | Detail: url_poster updated poster to [URL] https://raw.githubusercontent.com/MonsieurZed/poster/main/img/COUNTRY_USA.png
[2022-10-11 10:15:45,801] [plex_meta_manager.py:708]  [INFO]     | 
[2022-10-11 10:15:45,802] [plex_meta_manager.py:709]  [INFO]     |====================================================================================================|
[2022-10-11 10:15:45,802] [plex_meta_manager.py:709]  [INFO]     |                                      Finished USA Collection                                       |
[2022-10-11 10:15:45,802] [plex_meta_manager.py:709]  [INFO]     |                                    Collection Run Time: 0:00:12                                    |
[2022-10-11 10:15:45,802] [plex_meta_manager.py:709]  [INFO]     |====================================================================================================|
