[2022-10-11 09:23:35,137] [builder.py:197]            [INFO]     |====================================================================================================|
[2022-10-11 09:23:35,137] [builder.py:197]            [INFO]     |                              Papa ou Maman Collection in Z. 1 - Films                              |
[2022-10-11 09:23:35,137] [builder.py:197]            [INFO]     |====================================================================================================|
[2022-10-11 09:23:35,138] [builder.py:198]            [INFO]     |                                                                                                    |
[2022-10-11 09:23:35,138] [builder.py:203]            [INFO]     |================================ Building Definition From Templates ================================|
[2022-10-11 09:23:35,138] [builder.py:211]            [DEBUG]    |                                                                                                    |
[2022-10-11 09:23:35,138] [meta.py:128]               [DEBUG]    | Template my_template                                                                               |
[2022-10-11 09:23:35,138] [meta.py:129]               [DEBUG]    | Call: {'value': ['437608'], 'tmdb_collection': ['437608'], 'key_name': 'Papa ou Maman', 'key': '437608', 'name': 'my_template'} |
[2022-10-11 09:23:35,138] [meta.py:304]               [DEBUG]    |                                                                                                    |
[2022-10-11 09:23:35,139] [meta.py:305]               [DEBUG]    | Variables: {'value': ['437608'], 'tmdb_collection': ['437608'], 'key_name': 'Papa ou Maman', 'key': '437608', 'name': 'my_template', 'collection_name': 'Papa ou Maman', 'mapping_name': 'Papa ou Maman', 'library_type': 'movie', 'library_name': 'Z. 1 - Films', 'value_encoded': '%5B%27437608%27%5D', 'tmdb_collection_encoded': '%5B%27437608%27%5D', 'key_name_encoded': 'Papa%20ou%20Maman', 'key_encoded': '437608', 'name_encoded': 'my_template', 'collection_name_encoded': 'Papa%20ou%20Maman', 'mapping_name_encoded': 'Papa%20ou%20Maman', 'library_type_encoded': 'movie', 'library_name_encoded': 'Z.%201%20-%20Films', 'collection_sort': 'Papa ou Maman'} |
[2022-10-11 09:23:35,139] [meta.py:306]               [DEBUG]    |                                                                                                    |
[2022-10-11 09:23:35,139] [meta.py:307]               [DEBUG]    | Defaults: {}                                                                                       |
[2022-10-11 09:23:35,139] [meta.py:308]               [DEBUG]    |                                                                                                    |
[2022-10-11 09:23:35,139] [meta.py:309]               [DEBUG]    | Optional: ['my_collection_poster', 'my_collection_poster_encoded']                                 |
[2022-10-11 09:23:35,140] [meta.py:370]               [DEBUG]    |                                                                                                    |
[2022-10-11 09:23:35,140] [meta.py:371]               [DEBUG]    | Final Template Attributes: {'tmdb_collection_details': ['437608'], 'collection_order': 'release', 'collection_mode': 'hide_items'} |
[2022-10-11 09:23:35,140] [meta.py:372]               [DEBUG]    |                                                                                                    |
[2022-10-11 09:23:35,140] [builder.py:219]            [INFO]     |=============================== Validating Papa ou Maman Attributes ================================|
[2022-10-11 09:23:35,140] [builder.py:609]            [DEBUG]    |                                                                                                    |
[2022-10-11 09:23:35,140] [builder.py:610]            [DEBUG]    | Validating Method: collection_order                                                                |
[2022-10-11 09:23:35,141] [builder.py:611]            [DEBUG]    | Value: release                                                                                     |
[2022-10-11 09:23:35,141] [builder.py:627]            [DEBUG]    |                                                                                                    |
[2022-10-11 09:23:35,141] [builder.py:631]            [DEBUG]    | Validating Method: label                                                                           |
[2022-10-11 09:23:35,141] [builder.py:632]            [DEBUG]    | Value: TMDb Collections                                                                            |
[2022-10-11 09:23:35,141] [builder.py:627]            [DEBUG]    |                                                                                                    |
[2022-10-11 09:23:35,141] [builder.py:631]            [DEBUG]    | Validating Method: tmdb_collection_details                                                         |
[2022-10-11 09:23:35,141] [builder.py:632]            [DEBUG]    | Value: ['437608']                                                                                  |
[2022-10-11 09:23:35,155] [builder.py:627]            [DEBUG]    |                                                                                                    |
[2022-10-11 09:23:35,155] [builder.py:631]            [DEBUG]    | Validating Method: collection_mode                                                                 |
[2022-10-11 09:23:35,155] [builder.py:632]            [DEBUG]    | Value: hide_items                                                                                  |
[2022-10-11 09:23:35,161] [plex.py:790]               [DEBUG]    |                                                                                                    |
[2022-10-11 09:23:35,161] [plex.py:793]               [DEBUG]    | Looking for: Papa ou Maman                                                                         |
[2022-10-11 09:23:35,161] [builder.py:797]            [INFO]     |                                                                                                    |
[2022-10-11 09:23:35,161] [builder.py:798]            [INFO]     | Validation Successful                                                                              |
[2022-10-11 09:23:35,162] [plex_meta_manager.py:561]  [INFO]     |                                                                                                    |
[2022-10-11 09:23:35,162] [plex_meta_manager.py:563]  [INFO]     |================================= Running Papa ou Maman Collection =================================|
[2022-10-11 09:23:35,162] [plex_meta_manager.py:575]  [INFO]     |                                                                                                    |
[2022-10-11 09:23:35,162] [plex_meta_manager.py:576]  [INFO]     | Sync Mode: append                                                                                  |
[2022-10-11 09:23:35,162] [plex_meta_manager.py:579]  [DEBUG]    |                                                                                                    |
[2022-10-11 09:23:35,162] [plex_meta_manager.py:580]  [DEBUG]    | Builder: tmdb_collection: 437608                                                                   |
[2022-10-11 09:23:35,162] [plex_meta_manager.py:581]  [INFO]     |                                                                                                    |
[2022-10-11 09:23:35,166] [tmdb.py:382]               [INFO]     | Processing TMDb Collection: (437608) Papa ou maman - Saga (2 Items)                                |
[2022-10-11 09:23:35,166] [builder.py:1540]           [DEBUG]    |                                                                                                    |
[2022-10-11 09:23:35,167] [builder.py:1541]           [DEBUG]    | 2 IDs Found: [(319341, 'tmdb'), (382593, 'tmdb')]                                                  |
[2022-10-11 09:23:35,167] [builder.py:1542]           [DEBUG]    |                                                                                                    |
[2022-10-11 09:23:35,167] [builder.py:2064]           [INFO]     |                                                                                                    |
[2022-10-11 09:23:35,167] [builder.py:2065]           [INFO]     |================================ Adding to Papa ou Maman Collection ================================|
[2022-10-11 09:23:35,167] [builder.py:2066]           [INFO]     |                                                                                                    |
[2022-10-11 09:23:35,167] [builder.py:2080]           [INFO]     | 1/2 | Papa ou Maman Collection | + | Papa ou maman (2015)                                          |
[2022-10-11 09:23:35,463] [builder.py:2080]           [INFO]     | 2/2 | Papa ou Maman Collection | + | Papa ou maman 2 (2016)                                        |
[2022-10-11 09:23:38,191] [builder.py:2100]           [INFO]     |                                                                                                    |
[2022-10-11 09:23:38,191] [builder.py:2102]           [INFO]     | 2 Movies Processed 2 Movies Added                                                                  |
[2022-10-11 09:23:38,198] [builder.py:2441]           [INFO]     |                                                                                                    |
[2022-10-11 09:23:38,198] [builder.py:2442]           [INFO]     |=========================== Updating Details of Papa ou Maman Collection ===========================|
[2022-10-11 09:23:38,198] [builder.py:2443]           [INFO]     |                                                                                                    |
[2022-10-11 09:23:38,375] [builder.py:2509]           [INFO]     | Collection Metadata Edits                                                                          |
                                                                 | Summary (tmdb_collection_details) | Suivez la famille Leroy. Entre séparation, divorce et ....
                                                                 | Label | +TMDb Collections, +PMM
[2022-10-11 09:23:38,604] [builder.py:2513]           [INFO]     | Details: have been updated
[2022-10-11 09:23:38,604] [builder.py:2517]           [INFO]     | 
[2022-10-11 09:23:38,790] [builder.py:2529]           [INFO]     | Collection Mode | hideItems
[2022-10-11 09:23:38,790] [builder.py:2580]           [WARNING]  | Asset Warning: Unable to find asset folder: 'Papa ou Maman'
[2022-10-11 09:23:38,791] [util.py:150]               [DEBUG]    | 1 poster found:
[2022-10-11 09:23:38,791] [util.py:152]               [DEBUG]    | Method: tmdb_collection_details Poster: https://image.tmdb.org/t/p/original/ePDqFLwv7isN6sJ5Klqhrub8gLr.jpg
[2022-10-11 09:23:38,791] [util.py:150]               [DEBUG]    | 1 background found:
[2022-10-11 09:23:38,791] [util.py:152]               [DEBUG]    | Method: tmdb_collection_details Background: https://image.tmdb.org/t/p/original/pYCPJdZsvpyafRHdK86N8F0uXm5.jpg
[2022-10-11 09:23:38,814] [library.py:170]            [INFO]     | Detail: tmdb_collection_details updated poster to [URL] https://image.tmdb.org/t/p/original/ePDqFLwv7isN6sJ5Klqhrub8gLr.jpg
[2022-10-11 09:23:38,839] [library.py:186]            [INFO]     | Detail: tmdb_collection_details updated background to [URL] https://image.tmdb.org/t/p/original/pYCPJdZsvpyafRHdK86N8F0uXm5.jpg
[2022-10-11 09:23:39,059] [plex_meta_manager.py:708]  [INFO]     | 
[2022-10-11 09:23:39,060] [plex_meta_manager.py:709]  [INFO]     |====================================================================================================|
[2022-10-11 09:23:39,060] [plex_meta_manager.py:709]  [INFO]     |                                 Finished Papa ou Maman Collection                                  |
[2022-10-11 09:23:39,060] [plex_meta_manager.py:709]  [INFO]     |                                    Collection Run Time: 0:00:03                                    |
[2022-10-11 09:23:39,060] [plex_meta_manager.py:709]  [INFO]     |====================================================================================================|
