[2022-10-11 11:00:18,597] [builder.py:197]            [INFO]     |====================================================================================================|
[2022-10-11 11:00:18,597] [builder.py:197]            [INFO]     |                              Austin Powers Collection in Z. 1 - Films                              |
[2022-10-11 11:00:18,597] [builder.py:197]            [INFO]     |====================================================================================================|
[2022-10-11 11:00:18,597] [builder.py:198]            [INFO]     |                                                                                                    |
[2022-10-11 11:00:18,597] [builder.py:203]            [INFO]     |================================ Building Definition From Templates ================================|
[2022-10-11 11:00:18,598] [builder.py:211]            [DEBUG]    |                                                                                                    |
[2022-10-11 11:00:18,598] [meta.py:128]               [DEBUG]    | Template my_template                                                                               |
[2022-10-11 11:00:18,598] [meta.py:129]               [DEBUG]    | Call: {'value': ['1006'], 'tmdb_collection': ['1006'], 'key_name': 'Austin Powers', 'key': '1006', 'name': 'my_template'} |
[2022-10-11 11:00:18,598] [meta.py:304]               [DEBUG]    |                                                                                                    |
[2022-10-11 11:00:18,598] [meta.py:305]               [DEBUG]    | Variables: {'value': ['1006'], 'tmdb_collection': ['1006'], 'key_name': 'Austin Powers', 'key': '1006', 'name': 'my_template', 'collection_name': 'Austin Powers', 'mapping_name': 'Austin Powers', 'library_type': 'movie', 'library_name': 'Z. 1 - Films', 'value_encoded': '%5B%271006%27%5D', 'tmdb_collection_encoded': '%5B%271006%27%5D', 'key_name_encoded': 'Austin%20Powers', 'key_encoded': '1006', 'name_encoded': 'my_template', 'collection_name_encoded': 'Austin%20Powers', 'mapping_name_encoded': 'Austin%20Powers', 'library_type_encoded': 'movie', 'library_name_encoded': 'Z.%201%20-%20Films', 'collection_sort': 'Austin Powers'} |
[2022-10-11 11:00:18,598] [meta.py:306]               [DEBUG]    |                                                                                                    |
[2022-10-11 11:00:18,599] [meta.py:307]               [DEBUG]    | Defaults: {}                                                                                       |
[2022-10-11 11:00:18,599] [meta.py:308]               [DEBUG]    |                                                                                                    |
[2022-10-11 11:00:18,599] [meta.py:309]               [DEBUG]    | Optional: ['my_collection_poster', 'my_collection_poster_encoded']                                 |
[2022-10-11 11:00:18,600] [meta.py:370]               [DEBUG]    |                                                                                                    |
[2022-10-11 11:00:18,600] [meta.py:371]               [DEBUG]    | Final Template Attributes: {'tmdb_collection_details': ['1006'], 'collection_order': 'release', 'collection_mode': 'hide_items', 'sort_title': '+C1_Austin Powers'} |
[2022-10-11 11:00:18,600] [meta.py:372]               [DEBUG]    |                                                                                                    |
[2022-10-11 11:00:18,600] [builder.py:219]            [INFO]     |=============================== Validating Austin Powers Attributes ================================|
[2022-10-11 11:00:18,600] [builder.py:609]            [DEBUG]    |                                                                                                    |
[2022-10-11 11:00:18,600] [builder.py:610]            [DEBUG]    | Validating Method: collection_order                                                                |
[2022-10-11 11:00:18,600] [builder.py:611]            [DEBUG]    | Value: release                                                                                     |
[2022-10-11 11:00:18,601] [builder.py:627]            [DEBUG]    |                                                                                                    |
[2022-10-11 11:00:18,601] [builder.py:631]            [DEBUG]    | Validating Method: label                                                                           |
[2022-10-11 11:00:18,601] [builder.py:632]            [DEBUG]    | Value: TMDb Collections                                                                            |
[2022-10-11 11:00:18,601] [builder.py:627]            [DEBUG]    |                                                                                                    |
[2022-10-11 11:00:18,601] [builder.py:631]            [DEBUG]    | Validating Method: tmdb_collection_details                                                         |
[2022-10-11 11:00:18,601] [builder.py:632]            [DEBUG]    | Value: ['1006']                                                                                    |
[2022-10-11 11:00:18,613] [builder.py:627]            [DEBUG]    |                                                                                                    |
[2022-10-11 11:00:18,613] [builder.py:631]            [DEBUG]    | Validating Method: collection_mode                                                                 |
[2022-10-11 11:00:18,613] [builder.py:632]            [DEBUG]    | Value: hide_items                                                                                  |
[2022-10-11 11:00:18,613] [builder.py:627]            [DEBUG]    |                                                                                                    |
[2022-10-11 11:00:18,613] [builder.py:631]            [DEBUG]    | Validating Method: sort_title                                                                      |
[2022-10-11 11:00:18,614] [builder.py:632]            [DEBUG]    | Value: +C1_Austin Powers                                                                           |
[2022-10-11 11:00:18,817] [builder.py:797]            [INFO]     |                                                                                                    |
[2022-10-11 11:00:18,817] [builder.py:798]            [INFO]     | Validation Successful                                                                              |
[2022-10-11 11:00:18,818] [plex_meta_manager.py:561]  [INFO]     |                                                                                                    |
[2022-10-11 11:00:18,818] [plex_meta_manager.py:563]  [INFO]     |================================= Running Austin Powers Collection =================================|
[2022-10-11 11:00:18,818] [plex_meta_manager.py:575]  [INFO]     |                                                                                                    |
[2022-10-11 11:00:18,818] [plex_meta_manager.py:576]  [INFO]     | Sync Mode: append                                                                                  |
[2022-10-11 11:00:18,818] [plex_meta_manager.py:579]  [DEBUG]    |                                                                                                    |
[2022-10-11 11:00:18,818] [plex_meta_manager.py:580]  [DEBUG]    | Builder: tmdb_collection: 1006                                                                     |
[2022-10-11 11:00:18,819] [plex_meta_manager.py:581]  [INFO]     |                                                                                                    |
[2022-10-11 11:00:18,824] [tmdb.py:382]               [INFO]     | Processing TMDb Collection: (1006) Austin Powers - Saga (3 Items)                                  |
[2022-10-11 11:00:18,824] [builder.py:1540]           [DEBUG]    |                                                                                                    |
[2022-10-11 11:00:18,824] [builder.py:1541]           [DEBUG]    | 3 IDs Found: [(816, 'tmdb'), (817, 'tmdb'), (818, 'tmdb')]                                         |
[2022-10-11 11:00:18,824] [builder.py:1542]           [DEBUG]    |                                                                                                    |
[2022-10-11 11:00:18,825] [builder.py:2064]           [INFO]     |                                                                                                    |
[2022-10-11 11:00:18,825] [builder.py:2065]           [INFO]     |================================ Adding to Austin Powers Collection ================================|
[2022-10-11 11:00:18,825] [builder.py:2066]           [INFO]     |                                                                                                    |
[2022-10-11 11:00:18,825] [builder.py:2080]           [INFO]     | 1/3 | Austin Powers Collection | = | Austin Powers (1997)                                          |
[2022-10-11 11:00:18,826] [builder.py:2080]           [INFO]     | 2/3 | Austin Powers Collection | = | Austin Powers : L’Espion qui m'a tirée (1999)                 |
[2022-10-11 11:00:18,826] [builder.py:2080]           [INFO]     | 3/3 | Austin Powers Collection | = | Austin Powers dans Goldmember (2002)                          |
[2022-10-11 11:00:18,826] [builder.py:2100]           [INFO]     |                                                                                                    |
[2022-10-11 11:00:18,826] [builder.py:2102]           [INFO]     | 3 Movies Processed 0 Movies Added                                                                  |
[2022-10-11 11:00:18,833] [builder.py:2441]           [INFO]     |                                                                                                    |
[2022-10-11 11:00:18,833] [builder.py:2442]           [INFO]     |=========================== Updating Details of Austin Powers Collection ===========================|
[2022-10-11 11:00:18,833] [builder.py:2443]           [INFO]     |                                                                                                    |
[2022-10-11 11:00:18,843] [builder.py:2509]           [INFO]     | Collection Metadata Edits                                                                          |
                                                                 | Sort Title | +C1_Austin Powers
[2022-10-11 11:00:19,012] [builder.py:2513]           [INFO]     | Details: have been updated
[2022-10-11 11:00:19,013] [builder.py:2517]           [INFO]     | 
[2022-10-11 11:00:19,013] [builder.py:2580]           [WARNING]  | Asset Warning: Unable to find asset folder: 'Austin Powers'
[2022-10-11 11:00:19,013] [util.py:150]               [DEBUG]    | 1 poster found:
[2022-10-11 11:00:19,013] [util.py:152]               [DEBUG]    | Method: tmdb_collection_details Poster: https://image.tmdb.org/t/p/original/9fg3fFqjr2ofmgjyWKfKgv6ZLu0.jpg
[2022-10-11 11:00:19,014] [util.py:150]               [DEBUG]    | 1 background found:
[2022-10-11 11:00:19,014] [util.py:152]               [DEBUG]    | Method: tmdb_collection_details Background: https://image.tmdb.org/t/p/original/3QJMI8nqQcwU5JBPy26m8TUXtTN.jpg
[2022-10-11 11:00:19,015] [library.py:172]            [INFO]     | Detail: poster update not needed
[2022-10-11 11:00:19,016] [library.py:188]            [INFO]     | Detail: background update not needed
[2022-10-11 11:00:19,205] [plex_meta_manager.py:708]  [INFO]     | 
[2022-10-11 11:00:19,206] [plex_meta_manager.py:709]  [INFO]     |====================================================================================================|
[2022-10-11 11:00:19,206] [plex_meta_manager.py:709]  [INFO]     |                                 Finished Austin Powers Collection                                  |
[2022-10-11 11:00:19,206] [plex_meta_manager.py:709]  [INFO]     |                                    Collection Run Time: 0:00:00                                    |
[2022-10-11 11:00:19,206] [plex_meta_manager.py:709]  [INFO]     |====================================================================================================|
