[2022-10-11 11:19:01,108] [builder.py:200]            [INFO]     |====================================================================================================|
[2022-10-11 11:19:01,108] [builder.py:200]            [INFO]     |                            Butterfly Effect Collection in Z. 1 - Films                             |
[2022-10-11 11:19:01,109] [builder.py:200]            [INFO]     |====================================================================================================|
[2022-10-11 11:19:01,109] [builder.py:201]            [INFO]     |                                                                                                    |
[2022-10-11 11:19:01,109] [builder.py:206]            [INFO]     |================================ Building Definition From Templates ================================|
[2022-10-11 11:19:01,109] [builder.py:222]            [DEBUG]    |                                                                                                    |
[2022-10-11 11:19:01,109] [meta.py:128]               [DEBUG]    | Template my_template                                                                               |
[2022-10-11 11:19:01,109] [meta.py:129]               [DEBUG]    | Call: {'value': ['52749'], 'tmdb_collection': ['52749'], 'key_name': 'Butterfly Effect', 'key': '52749', 'name': 'my_template'} |
[2022-10-11 11:19:01,110] [meta.py:304]               [DEBUG]    |                                                                                                    |
[2022-10-11 11:19:01,110] [meta.py:305]               [DEBUG]    | Variables: {'value': ['52749'], 'tmdb_collection': ['52749'], 'key_name': 'Butterfly Effect', 'key': '52749', 'name': 'my_template', 'collection_name': 'Butterfly Effect', 'mapping_name': 'Butterfly Effect', 'library_type': 'movie', 'library_name': 'Z. 1 - Films', 'value_encoded': '%5B%2752749%27%5D', 'tmdb_collection_encoded': '%5B%2752749%27%5D', 'key_name_encoded': 'Butterfly%20Effect', 'key_encoded': '52749', 'name_encoded': 'my_template', 'collection_name_encoded': 'Butterfly%20Effect', 'mapping_name_encoded': 'Butterfly%20Effect', 'library_type_encoded': 'movie', 'library_name_encoded': 'Z.%201%20-%20Films', 'collection_sort': 'Butterfly Effect'} |
[2022-10-11 11:19:01,110] [meta.py:306]               [DEBUG]    |                                                                                                    |
[2022-10-11 11:19:01,110] [meta.py:307]               [DEBUG]    | Defaults: {}                                                                                       |
[2022-10-11 11:19:01,110] [meta.py:308]               [DEBUG]    |                                                                                                    |
[2022-10-11 11:19:01,110] [meta.py:309]               [DEBUG]    | Optional: ['my_collection_poster', 'my_collection_poster_encoded']                                 |
[2022-10-11 11:19:01,111] [meta.py:370]               [DEBUG]    |                                                                                                    |
[2022-10-11 11:19:01,112] [meta.py:371]               [DEBUG]    | Final Template Attributes: {'tmdb_collection_details': ['52749'], 'collection_order': 'release', 'collection_mode': 'hide_items', 'sort_title': '+C1_Butterfly Effect'} |
[2022-10-11 11:19:01,112] [meta.py:372]               [DEBUG]    |                                                                                                    |
[2022-10-11 11:19:01,112] [builder.py:230]            [INFO]     |============================== Validating Butterfly Effect Attributes ==============================|
[2022-10-11 11:19:01,112] [builder.py:620]            [DEBUG]    |                                                                                                    |
[2022-10-11 11:19:01,112] [builder.py:621]            [DEBUG]    | Validating Method: collection_order                                                                |
[2022-10-11 11:19:01,112] [builder.py:622]            [DEBUG]    | Value: release                                                                                     |
[2022-10-11 11:19:01,113] [builder.py:653]            [DEBUG]    |                                                                                                    |
[2022-10-11 11:19:01,113] [builder.py:657]            [DEBUG]    | Validating Method: label                                                                           |
[2022-10-11 11:19:01,113] [builder.py:658]            [DEBUG]    | Value: TMDb Collections                                                                            |
[2022-10-11 11:19:01,113] [builder.py:653]            [DEBUG]    |                                                                                                    |
[2022-10-11 11:19:01,113] [builder.py:657]            [DEBUG]    | Validating Method: tmdb_collection_details                                                         |
[2022-10-11 11:19:01,113] [builder.py:658]            [DEBUG]    | Value: ['52749']                                                                                   |
[2022-10-11 11:19:01,126] [builder.py:653]            [DEBUG]    |                                                                                                    |
[2022-10-11 11:19:01,126] [builder.py:657]            [DEBUG]    | Validating Method: collection_mode                                                                 |
[2022-10-11 11:19:01,126] [builder.py:658]            [DEBUG]    | Value: hide_items                                                                                  |
[2022-10-11 11:19:01,126] [builder.py:653]            [DEBUG]    |                                                                                                    |
[2022-10-11 11:19:01,126] [builder.py:657]            [DEBUG]    | Validating Method: sort_title                                                                      |
[2022-10-11 11:19:01,127] [builder.py:658]            [DEBUG]    | Value: +C1_Butterfly Effect                                                                        |
[2022-10-11 11:19:01,319] [builder.py:823]            [INFO]     |                                                                                                    |
[2022-10-11 11:19:01,319] [builder.py:824]            [INFO]     | Validation Successful                                                                              |
[2022-10-11 11:19:01,319] [plex_meta_manager.py:561]  [INFO]     |                                                                                                    |
[2022-10-11 11:19:01,320] [plex_meta_manager.py:563]  [INFO]     |=============================== Running Butterfly Effect Collection ================================|
[2022-10-11 11:19:01,320] [plex_meta_manager.py:575]  [INFO]     |                                                                                                    |
[2022-10-11 11:19:01,320] [plex_meta_manager.py:576]  [INFO]     | Sync Mode: append                                                                                  |
[2022-10-11 11:19:01,320] [plex_meta_manager.py:579]  [DEBUG]    |                                                                                                    |
[2022-10-11 11:19:01,320] [plex_meta_manager.py:580]  [DEBUG]    | Builder: tmdb_collection: 52749                                                                    |
[2022-10-11 11:19:01,321] [plex_meta_manager.py:581]  [INFO]     |                                                                                                    |
[2022-10-11 11:19:01,326] [tmdb.py:381]               [INFO]     | Processing TMDb Collection: (52749) L'Effet papillon - Saga (3 Items)                              |
[2022-10-11 11:19:01,326] [builder.py:1581]           [DEBUG]    |                                                                                                    |
[2022-10-11 11:19:01,327] [builder.py:1582]           [DEBUG]    | 3 IDs Found: [(1954, 'tmdb'), (14620, 'tmdb'), (16258, 'tmdb')]                                    |
[2022-10-11 11:19:01,327] [builder.py:1583]           [DEBUG]    |                                                                                                    |
[2022-10-11 11:19:01,327] [builder.py:2132]           [INFO]     |                                                                                                    |
[2022-10-11 11:19:01,328] [builder.py:2133]           [INFO]     |============================== Adding to Butterfly Effect Collection ===============================|
[2022-10-11 11:19:01,328] [builder.py:2134]           [INFO]     |                                                                                                    |
[2022-10-11 11:19:01,328] [builder.py:2148]           [INFO]     | 1/3 | Butterfly Effect Collection | = | L'Effet papillon (2004)                                    |
[2022-10-11 11:19:01,328] [builder.py:2148]           [INFO]     | 2/3 | Butterfly Effect Collection | = | L'Effet Papillon 2 (2006)                                  |
[2022-10-11 11:19:01,328] [builder.py:2148]           [INFO]     | 3/3 | Butterfly Effect Collection | = | L'Effet Papillon 3 (2009)                                  |
[2022-10-11 11:19:01,329] [builder.py:2168]           [INFO]     |                                                                                                    |
[2022-10-11 11:19:01,329] [builder.py:2170]           [INFO]     | 3 Movies Processed 0 Movies Added                                                                  |
[2022-10-11 11:19:01,336] [builder.py:2521]           [INFO]     |                                                                                                    |
[2022-10-11 11:19:01,337] [builder.py:2522]           [INFO]     |========================= Updating Details of Butterfly Effect Collection ==========================|
[2022-10-11 11:19:01,337] [builder.py:2523]           [INFO]     |                                                                                                    |
[2022-10-11 11:19:01,346] [builder.py:2589]           [INFO]     | Collection Metadata Edits                                                                          |
[2022-10-11 11:19:01,347] [builder.py:2660]           [WARNING]  | Asset Warning: Unable to find asset folder: 'Butterfly Effect'                                     |
[2022-10-11 11:19:01,347] [util.py:171]               [DEBUG]    | 1 poster found:                                                                                    |
[2022-10-11 11:19:01,347] [util.py:173]               [DEBUG]    | Method: tmdb_collection_details Poster: https://image.tmdb.org/t/p/original/n1i3xgy7hQBEwILzQDAmMiRuzg.jpg |
[2022-10-11 11:19:01,348] [util.py:171]               [DEBUG]    | 1 background found:                                                                                |
[2022-10-11 11:19:01,348] [util.py:173]               [DEBUG]    | Method: tmdb_collection_details Background: https://image.tmdb.org/t/p/original/bj0jcRYfap4gcI2VsThUMYV2ZAG.jpg |
[2022-10-11 11:19:01,349] [library.py:173]            [INFO]     | Detail: poster update not needed                                                                   |
[2022-10-11 11:19:01,350] [library.py:189]            [INFO]     | Detail: background update not needed                                                               |
[2022-10-11 11:19:01,546] [plex_meta_manager.py:708]  [INFO]     |                                                                                                    |
[2022-10-11 11:19:01,546] [plex_meta_manager.py:709]  [INFO]     |====================================================================================================|
[2022-10-11 11:19:01,546] [plex_meta_manager.py:709]  [INFO]     |                                Finished Butterfly Effect Collection                                |
[2022-10-11 11:19:01,547] [plex_meta_manager.py:709]  [INFO]     |                                    Collection Run Time: 0:00:00                                    |
[2022-10-11 11:19:01,547] [plex_meta_manager.py:709]  [INFO]     |====================================================================================================|
