[2022-10-11 11:19:10,039] [builder.py:200]            [INFO]     |====================================================================================================|
[2022-10-11 11:19:10,039] [builder.py:200]            [INFO]     |                         Guardians of the Galaxy Collection in Z. 1 - Films                         |
[2022-10-11 11:19:10,040] [builder.py:200]            [INFO]     |====================================================================================================|
[2022-10-11 11:19:10,040] [builder.py:201]            [INFO]     |                                                                                                    |
[2022-10-11 11:19:10,040] [builder.py:206]            [INFO]     |================================ Building Definition From Templates ================================|
[2022-10-11 11:19:10,040] [builder.py:222]            [DEBUG]    |                                                                                                    |
[2022-10-11 11:19:10,041] [meta.py:128]               [DEBUG]    | Template my_template                                                                               |
[2022-10-11 11:19:10,041] [meta.py:129]               [DEBUG]    | Call: {'value': ['284433'], 'tmdb_collection': ['284433'], 'key_name': 'Guardians of the Galaxy', 'key': '284433', 'name': 'my_template'} |
[2022-10-11 11:19:10,041] [meta.py:304]               [DEBUG]    |                                                                                                    |
[2022-10-11 11:19:10,041] [meta.py:305]               [DEBUG]    | Variables: {'value': ['284433'], 'tmdb_collection': ['284433'], 'key_name': 'Guardians of the Galaxy', 'key': '284433', 'name': 'my_template', 'collection_name': 'Guardians of the Galaxy', 'mapping_name': 'Guardians of the Galaxy', 'library_type': 'movie', 'library_name': 'Z. 1 - Films', 'value_encoded': '%5B%27284433%27%5D', 'tmdb_collection_encoded': '%5B%27284433%27%5D', 'key_name_encoded': 'Guardians%20of%20the%20Galaxy', 'key_encoded': '284433', 'name_encoded': 'my_template', 'collection_name_encoded': 'Guardians%20of%20the%20Galaxy', 'mapping_name_encoded': 'Guardians%20of%20the%20Galaxy', 'library_type_encoded': 'movie', 'library_name_encoded': 'Z.%201%20-%20Films', 'collection_sort': 'Guardians of the Galaxy'} |
[2022-10-11 11:19:10,041] [meta.py:306]               [DEBUG]    |                                                                                                    |
[2022-10-11 11:19:10,042] [meta.py:307]               [DEBUG]    | Defaults: {}                                                                                       |
[2022-10-11 11:19:10,042] [meta.py:308]               [DEBUG]    |                                                                                                    |
[2022-10-11 11:19:10,042] [meta.py:309]               [DEBUG]    | Optional: ['my_collection_poster', 'my_collection_poster_encoded']                                 |
[2022-10-11 11:19:10,043] [meta.py:370]               [DEBUG]    |                                                                                                    |
[2022-10-11 11:19:10,044] [meta.py:371]               [DEBUG]    | Final Template Attributes: {'tmdb_collection_details': ['284433'], 'collection_order': 'release', 'collection_mode': 'hide_items', 'sort_title': '+C1_Guardians of the Galaxy'} |
[2022-10-11 11:19:10,044] [meta.py:372]               [DEBUG]    |                                                                                                    |
[2022-10-11 11:19:10,044] [builder.py:230]            [INFO]     |========================== Validating Guardians of the Galaxy Attributes ===========================|
[2022-10-11 11:19:10,044] [builder.py:620]            [DEBUG]    |                                                                                                    |
[2022-10-11 11:19:10,044] [builder.py:621]            [DEBUG]    | Validating Method: collection_order                                                                |
[2022-10-11 11:19:10,045] [builder.py:622]            [DEBUG]    | Value: release                                                                                     |
[2022-10-11 11:19:10,045] [builder.py:653]            [DEBUG]    |                                                                                                    |
[2022-10-11 11:19:10,045] [builder.py:657]            [DEBUG]    | Validating Method: label                                                                           |
[2022-10-11 11:19:10,045] [builder.py:658]            [DEBUG]    | Value: TMDb Collections                                                                            |
[2022-10-11 11:19:10,045] [builder.py:653]            [DEBUG]    |                                                                                                    |
[2022-10-11 11:19:10,046] [builder.py:657]            [DEBUG]    | Validating Method: tmdb_collection_details                                                         |
[2022-10-11 11:19:10,046] [builder.py:658]            [DEBUG]    | Value: ['284433']                                                                                  |
[2022-10-11 11:19:10,072] [builder.py:653]            [DEBUG]    |                                                                                                    |
[2022-10-11 11:19:10,072] [builder.py:657]            [DEBUG]    | Validating Method: collection_mode                                                                 |
[2022-10-11 11:19:10,072] [builder.py:658]            [DEBUG]    | Value: hide_items                                                                                  |
[2022-10-11 11:19:10,072] [builder.py:653]            [DEBUG]    |                                                                                                    |
[2022-10-11 11:19:10,073] [builder.py:657]            [DEBUG]    | Validating Method: sort_title                                                                      |
[2022-10-11 11:19:10,073] [builder.py:658]            [DEBUG]    | Value: +C1_Guardians of the Galaxy                                                                 |
[2022-10-11 11:19:10,376] [builder.py:823]            [INFO]     |                                                                                                    |
[2022-10-11 11:19:10,377] [builder.py:824]            [INFO]     | Validation Successful                                                                              |
[2022-10-11 11:19:10,377] [plex_meta_manager.py:561]  [INFO]     |                                                                                                    |
[2022-10-11 11:19:10,377] [plex_meta_manager.py:563]  [INFO]     |============================ Running Guardians of the Galaxy Collection ============================|
[2022-10-11 11:19:10,377] [plex_meta_manager.py:575]  [INFO]     |                                                                                                    |
[2022-10-11 11:19:10,377] [plex_meta_manager.py:576]  [INFO]     | Sync Mode: append                                                                                  |
[2022-10-11 11:19:10,377] [plex_meta_manager.py:579]  [DEBUG]    |                                                                                                    |
[2022-10-11 11:19:10,378] [plex_meta_manager.py:580]  [DEBUG]    | Builder: tmdb_collection: 284433                                                                   |
[2022-10-11 11:19:10,378] [plex_meta_manager.py:581]  [INFO]     |                                                                                                    |
[2022-10-11 11:19:10,384] [tmdb.py:381]               [INFO]     | Processing TMDb Collection: (284433) Les Gardiens de la Galaxie - Saga (3 Items)                   |
[2022-10-11 11:19:10,384] [builder.py:1581]           [DEBUG]    |                                                                                                    |
[2022-10-11 11:19:10,384] [builder.py:1582]           [DEBUG]    | 3 IDs Found: [(118340, 'tmdb'), (283995, 'tmdb'), (447365, 'tmdb')]                                |
[2022-10-11 11:19:10,385] [builder.py:1583]           [DEBUG]    |                                                                                                    |
[2022-10-11 11:19:10,385] [builder.py:2132]           [INFO]     |                                                                                                    |
[2022-10-11 11:19:10,385] [builder.py:2133]           [INFO]     |=========================== Adding to Guardians of the Galaxy Collection ===========================|
[2022-10-11 11:19:10,385] [builder.py:2134]           [INFO]     |                                                                                                    |
[2022-10-11 11:19:10,385] [builder.py:2148]           [INFO]     | 1/2 | Guardians of the Galaxy Collection | = | Les Gardiens de la Galaxie (2014)                   |
[2022-10-11 11:19:10,386] [builder.py:2148]           [INFO]     | 2/2 | Guardians of the Galaxy Collection | = | Les Gardiens de la Galaxie Vol. 2 (2017)            |
[2022-10-11 11:19:10,386] [builder.py:2168]           [INFO]     |                                                                                                    |
[2022-10-11 11:19:10,386] [builder.py:2170]           [INFO]     | 2 Movies Processed 0 Movies Added                                                                  |
[2022-10-11 11:19:10,386] [builder.py:2300]           [INFO]     |                                                                                                    |
[2022-10-11 11:19:10,386] [builder.py:2301]           [INFO]     |============================ Missing Movies from Library: Z. 1 - Films =============================|
[2022-10-11 11:19:10,386] [builder.py:2302]           [INFO]     |                                                                                                    |
[2022-10-11 11:19:10,478] [builder.py:2315]           [INFO]     | Guardians of the Galaxy Collection | ? | Guardians of the Galaxy Vol. 3 (2023) (TMDb: 447365)      |
[2022-10-11 11:19:10,479] [builder.py:2320]           [INFO]     |                                                                                                    |
[2022-10-11 11:19:10,479] [builder.py:2321]           [INFO]     | 1 Movie Missing                                                                                    |
[2022-10-11 11:19:10,532] [builder.py:2521]           [INFO]     |                                                                                                    |
[2022-10-11 11:19:10,533] [builder.py:2522]           [INFO]     |====================== Updating Details of Guardians of the Galaxy Collection ======================|
[2022-10-11 11:19:10,533] [builder.py:2523]           [INFO]     |                                                                                                    |
[2022-10-11 11:19:10,542] [builder.py:2589]           [INFO]     | Collection Metadata Edits                                                                          |
[2022-10-11 11:19:10,543] [builder.py:2660]           [WARNING]  | Asset Warning: Unable to find asset folder: 'Guardians of the Galaxy'                              |
[2022-10-11 11:19:10,543] [util.py:171]               [DEBUG]    | 1 poster found:                                                                                    |
[2022-10-11 11:19:10,543] [util.py:173]               [DEBUG]    | Method: tmdb_collection_details Poster: https://image.tmdb.org/t/p/original/DhDKgrHbyzXBudsA5KTSuc6mfi.jpg |
[2022-10-11 11:19:10,543] [util.py:171]               [DEBUG]    | 1 background found:                                                                                |
[2022-10-11 11:19:10,543] [util.py:173]               [DEBUG]    | Method: tmdb_collection_details Background: https://image.tmdb.org/t/p/original/jdyyjulTBU8YUYAUvQFj6U1g2Pj.jpg |
[2022-10-11 11:19:10,544] [library.py:173]            [INFO]     | Detail: poster update not needed                                                                   |
[2022-10-11 11:19:10,545] [library.py:189]            [INFO]     | Detail: background update not needed                                                               |
[2022-10-11 11:19:10,733] [plex_meta_manager.py:708]  [INFO]     |                                                                                                    |
[2022-10-11 11:19:10,734] [plex_meta_manager.py:709]  [INFO]     |====================================================================================================|
[2022-10-11 11:19:10,734] [plex_meta_manager.py:709]  [INFO]     |                            Finished Guardians of the Galaxy Collection                             |
[2022-10-11 11:19:10,734] [plex_meta_manager.py:709]  [INFO]     |                                    Collection Run Time: 0:00:00                                    |
[2022-10-11 11:19:10,734] [plex_meta_manager.py:709]  [INFO]     |====================================================================================================|
