[2022-10-11 11:18:18,990] [builder.py:200]            [INFO]     |====================================================================================================|
[2022-10-11 11:18:18,990] [builder.py:200]            [INFO]     |                               Ace Ventura Collection in Z. 1 - Films                               |
[2022-10-11 11:18:18,990] [builder.py:200]            [INFO]     |====================================================================================================|
[2022-10-11 11:18:18,990] [builder.py:201]            [INFO]     |                                                                                                    |
[2022-10-11 11:18:18,990] [builder.py:206]            [INFO]     |================================ Building Definition From Templates ================================|
[2022-10-11 11:18:18,991] [builder.py:222]            [DEBUG]    |                                                                                                    |
[2022-10-11 11:18:18,991] [meta.py:128]               [DEBUG]    | Template my_template                                                                               |
[2022-10-11 11:18:18,991] [meta.py:129]               [DEBUG]    | Call: {'value': ['3167'], 'tmdb_collection': ['3167'], 'key_name': 'Ace Ventura', 'key': '3167', 'name': 'my_template'} |
[2022-10-11 11:18:18,991] [meta.py:304]               [DEBUG]    |                                                                                                    |
[2022-10-11 11:18:18,991] [meta.py:305]               [DEBUG]    | Variables: {'value': ['3167'], 'tmdb_collection': ['3167'], 'key_name': 'Ace Ventura', 'key': '3167', 'name': 'my_template', 'collection_name': 'Ace Ventura', 'mapping_name': 'Ace Ventura', 'library_type': 'movie', 'library_name': 'Z. 1 - Films', 'value_encoded': '%5B%273167%27%5D', 'tmdb_collection_encoded': '%5B%273167%27%5D', 'key_name_encoded': 'Ace%20Ventura', 'key_encoded': '3167', 'name_encoded': 'my_template', 'collection_name_encoded': 'Ace%20Ventura', 'mapping_name_encoded': 'Ace%20Ventura', 'library_type_encoded': 'movie', 'library_name_encoded': 'Z.%201%20-%20Films', 'collection_sort': 'Ace Ventura'} |
[2022-10-11 11:18:18,991] [meta.py:306]               [DEBUG]    |                                                                                                    |
[2022-10-11 11:18:18,991] [meta.py:307]               [DEBUG]    | Defaults: {}                                                                                       |
[2022-10-11 11:18:18,992] [meta.py:308]               [DEBUG]    |                                                                                                    |
[2022-10-11 11:18:18,992] [meta.py:309]               [DEBUG]    | Optional: ['my_collection_poster', 'my_collection_poster_encoded']                                 |
[2022-10-11 11:18:18,993] [meta.py:370]               [DEBUG]    |                                                                                                    |
[2022-10-11 11:18:18,993] [meta.py:371]               [DEBUG]    | Final Template Attributes: {'tmdb_collection_details': ['3167'], 'collection_order': 'release', 'collection_mode': 'hide_items', 'sort_title': '+C1_Ace Ventura'} |
[2022-10-11 11:18:18,993] [meta.py:372]               [DEBUG]    |                                                                                                    |
[2022-10-11 11:18:18,993] [builder.py:230]            [INFO]     |================================ Validating Ace Ventura Attributes =================================|
[2022-10-11 11:18:18,993] [builder.py:620]            [DEBUG]    |                                                                                                    |
[2022-10-11 11:18:18,993] [builder.py:621]            [DEBUG]    | Validating Method: collection_order                                                                |
[2022-10-11 11:18:18,993] [builder.py:622]            [DEBUG]    | Value: release                                                                                     |
[2022-10-11 11:18:18,994] [builder.py:653]            [DEBUG]    |                                                                                                    |
[2022-10-11 11:18:18,994] [builder.py:657]            [DEBUG]    | Validating Method: label                                                                           |
[2022-10-11 11:18:18,994] [builder.py:658]            [DEBUG]    | Value: TMDb Collections                                                                            |
[2022-10-11 11:18:18,994] [builder.py:653]            [DEBUG]    |                                                                                                    |
[2022-10-11 11:18:18,994] [builder.py:657]            [DEBUG]    | Validating Method: tmdb_collection_details                                                         |
[2022-10-11 11:18:18,994] [builder.py:658]            [DEBUG]    | Value: ['3167']                                                                                    |
[2022-10-11 11:18:19,008] [builder.py:653]            [DEBUG]    |                                                                                                    |
[2022-10-11 11:18:19,008] [builder.py:657]            [DEBUG]    | Validating Method: collection_mode                                                                 |
[2022-10-11 11:18:19,008] [builder.py:658]            [DEBUG]    | Value: hide_items                                                                                  |
[2022-10-11 11:18:19,008] [builder.py:653]            [DEBUG]    |                                                                                                    |
[2022-10-11 11:18:19,009] [builder.py:657]            [DEBUG]    | Validating Method: sort_title                                                                      |
[2022-10-11 11:18:19,009] [builder.py:658]            [DEBUG]    | Value: +C1_Ace Ventura                                                                             |
[2022-10-11 11:18:19,207] [builder.py:823]            [INFO]     |                                                                                                    |
[2022-10-11 11:18:19,207] [builder.py:824]            [INFO]     | Validation Successful                                                                              |
[2022-10-11 11:18:19,207] [plex_meta_manager.py:561]  [INFO]     |                                                                                                    |
[2022-10-11 11:18:19,207] [plex_meta_manager.py:563]  [INFO]     |================================== Running Ace Ventura Collection ==================================|
[2022-10-11 11:18:19,208] [plex_meta_manager.py:575]  [INFO]     |                                                                                                    |
[2022-10-11 11:18:19,208] [plex_meta_manager.py:576]  [INFO]     | Sync Mode: append                                                                                  |
[2022-10-11 11:18:19,208] [plex_meta_manager.py:579]  [DEBUG]    |                                                                                                    |
[2022-10-11 11:18:19,208] [plex_meta_manager.py:580]  [DEBUG]    | Builder: tmdb_collection: 3167                                                                     |
[2022-10-11 11:18:19,208] [plex_meta_manager.py:581]  [INFO]     |                                                                                                    |
[2022-10-11 11:18:19,214] [tmdb.py:381]               [INFO]     | Processing TMDb Collection: (3167) Ace Ventura - Saga (4 Items)                                    |
[2022-10-11 11:18:19,214] [builder.py:1581]           [DEBUG]    |                                                                                                    |
[2022-10-11 11:18:19,214] [builder.py:1582]           [DEBUG]    | 4 IDs Found: [(3049, 'tmdb'), (9273, 'tmdb'), (15338, 'tmdb'), (836529, 'tmdb')]                   |
[2022-10-11 11:18:19,215] [builder.py:1583]           [DEBUG]    |                                                                                                    |
[2022-10-11 11:18:19,215] [builder.py:2132]           [INFO]     |                                                                                                    |
[2022-10-11 11:18:19,215] [builder.py:2133]           [INFO]     |================================= Adding to Ace Ventura Collection =================================|
[2022-10-11 11:18:19,215] [builder.py:2134]           [INFO]     |                                                                                                    |
[2022-10-11 11:18:19,216] [builder.py:2148]           [INFO]     | 1/2 | Ace Ventura Collection | = | Ace Ventura, détective chiens et chats (1994)                   |
[2022-10-11 11:18:19,216] [builder.py:2148]           [INFO]     | 2/2 | Ace Ventura Collection | = | Ace Ventura en Afrique (1995)                                   |
[2022-10-11 11:18:19,216] [builder.py:2168]           [INFO]     |                                                                                                    |
[2022-10-11 11:18:19,216] [builder.py:2170]           [INFO]     | 2 Movies Processed 0 Movies Added                                                                  |
[2022-10-11 11:18:19,217] [builder.py:2300]           [INFO]     |                                                                                                    |
[2022-10-11 11:18:19,217] [builder.py:2301]           [INFO]     |============================ Missing Movies from Library: Z. 1 - Films =============================|
[2022-10-11 11:18:19,217] [builder.py:2302]           [INFO]     |                                                                                                    |
[2022-10-11 11:18:19,234] [builder.py:2315]           [INFO]     | Ace Ventura Collection | ? | Ace Ventura Jr: Pet Detective (2009) (TMDb: 15338)                    |
[2022-10-11 11:18:19,239] [builder.py:2315]           [INFO]     | Ace Ventura Collection | ? | Ace Ventura 3 (TMDb: 836529)                                          |
[2022-10-11 11:18:19,240] [builder.py:2320]           [INFO]     |                                                                                                    |
[2022-10-11 11:18:19,240] [builder.py:2321]           [INFO]     | 2 Movies Missing                                                                                   |
[2022-10-11 11:18:19,259] [builder.py:2521]           [INFO]     |                                                                                                    |
[2022-10-11 11:18:19,260] [builder.py:2522]           [INFO]     |============================ Updating Details of Ace Ventura Collection ============================|
[2022-10-11 11:18:19,260] [builder.py:2523]           [INFO]     |                                                                                                    |
[2022-10-11 11:18:19,269] [builder.py:2589]           [INFO]     | Collection Metadata Edits                                                                          |
[2022-10-11 11:18:19,270] [builder.py:2660]           [WARNING]  | Asset Warning: Unable to find asset folder: 'Ace Ventura'                                          |
[2022-10-11 11:18:19,270] [util.py:171]               [DEBUG]    | 1 poster found:                                                                                    |
[2022-10-11 11:18:19,270] [util.py:173]               [DEBUG]    | Method: tmdb_collection_details Poster: https://image.tmdb.org/t/p/original/qCxH543pScFed1CycwJ1nVgrkOc.jpg |
[2022-10-11 11:18:19,270] [util.py:171]               [DEBUG]    | 1 background found:                                                                                |
[2022-10-11 11:18:19,270] [util.py:173]               [DEBUG]    | Method: tmdb_collection_details Background: https://image.tmdb.org/t/p/original/pbs1VKy9J3MZ8qJI89WdDUNi7wM.jpg |
[2022-10-11 11:18:19,271] [library.py:173]            [INFO]     | Detail: poster update not needed                                                                   |
[2022-10-11 11:18:19,272] [library.py:189]            [INFO]     | Detail: background update not needed                                                               |
[2022-10-11 11:18:19,457] [plex_meta_manager.py:708]  [INFO]     |                                                                                                    |
[2022-10-11 11:18:19,458] [plex_meta_manager.py:709]  [INFO]     |====================================================================================================|
[2022-10-11 11:18:19,458] [plex_meta_manager.py:709]  [INFO]     |                                  Finished Ace Ventura Collection                                   |
[2022-10-11 11:18:19,458] [plex_meta_manager.py:709]  [INFO]     |                                    Collection Run Time: 0:00:00                                    |
[2022-10-11 11:18:19,458] [plex_meta_manager.py:709]  [INFO]     |====================================================================================================|
