[2022-10-11 11:18:33,777] [builder.py:200]            [INFO]     |====================================================================================================|
[2022-10-11 11:18:33,777] [builder.py:200]            [INFO]     |                           La Cage aux Folles Collection in Z. 1 - Films                            |
[2022-10-11 11:18:33,777] [builder.py:200]            [INFO]     |====================================================================================================|
[2022-10-11 11:18:33,777] [builder.py:201]            [INFO]     |                                                                                                    |
[2022-10-11 11:18:33,778] [builder.py:206]            [INFO]     |================================ Building Definition From Templates ================================|
[2022-10-11 11:18:33,778] [builder.py:222]            [DEBUG]    |                                                                                                    |
[2022-10-11 11:18:33,778] [meta.py:128]               [DEBUG]    | Template my_template                                                                               |
[2022-10-11 11:18:33,778] [meta.py:129]               [DEBUG]    | Call: {'value': ['239968'], 'tmdb_collection': ['239968'], 'key_name': 'La Cage aux Folles', 'key': '239968', 'name': 'my_template'} |
[2022-10-11 11:18:33,778] [meta.py:304]               [DEBUG]    |                                                                                                    |
[2022-10-11 11:18:33,778] [meta.py:305]               [DEBUG]    | Variables: {'value': ['239968'], 'tmdb_collection': ['239968'], 'key_name': 'La Cage aux Folles', 'key': '239968', 'name': 'my_template', 'collection_name': 'La Cage aux Folles', 'mapping_name': 'La Cage aux Folles', 'library_type': 'movie', 'library_name': 'Z. 1 - Films', 'value_encoded': '%5B%27239968%27%5D', 'tmdb_collection_encoded': '%5B%27239968%27%5D', 'key_name_encoded': 'La%20Cage%20aux%20Folles', 'key_encoded': '239968', 'name_encoded': 'my_template', 'collection_name_encoded': 'La%20Cage%20aux%20Folles', 'mapping_name_encoded': 'La%20Cage%20aux%20Folles', 'library_type_encoded': 'movie', 'library_name_encoded': 'Z.%201%20-%20Films', 'collection_sort': 'La Cage aux Folles'} |
[2022-10-11 11:18:33,779] [meta.py:306]               [DEBUG]    |                                                                                                    |
[2022-10-11 11:18:33,779] [meta.py:307]               [DEBUG]    | Defaults: {}                                                                                       |
[2022-10-11 11:18:33,779] [meta.py:308]               [DEBUG]    |                                                                                                    |
[2022-10-11 11:18:33,779] [meta.py:309]               [DEBUG]    | Optional: ['my_collection_poster', 'my_collection_poster_encoded']                                 |
[2022-10-11 11:18:33,780] [meta.py:370]               [DEBUG]    |                                                                                                    |
[2022-10-11 11:18:33,780] [meta.py:371]               [DEBUG]    | Final Template Attributes: {'tmdb_collection_details': ['239968'], 'collection_order': 'release', 'collection_mode': 'hide_items', 'sort_title': '+C1_La Cage aux Folles'} |
[2022-10-11 11:18:33,780] [meta.py:372]               [DEBUG]    |                                                                                                    |
[2022-10-11 11:18:33,780] [builder.py:230]            [INFO]     |============================= Validating La Cage aux Folles Attributes =============================|
[2022-10-11 11:18:33,780] [builder.py:620]            [DEBUG]    |                                                                                                    |
[2022-10-11 11:18:33,781] [builder.py:621]            [DEBUG]    | Validating Method: collection_order                                                                |
[2022-10-11 11:18:33,781] [builder.py:622]            [DEBUG]    | Value: release                                                                                     |
[2022-10-11 11:18:33,781] [builder.py:653]            [DEBUG]    |                                                                                                    |
[2022-10-11 11:18:33,781] [builder.py:657]            [DEBUG]    | Validating Method: label                                                                           |
[2022-10-11 11:18:33,781] [builder.py:658]            [DEBUG]    | Value: TMDb Collections                                                                            |
[2022-10-11 11:18:33,781] [builder.py:653]            [DEBUG]    |                                                                                                    |
[2022-10-11 11:18:33,781] [builder.py:657]            [DEBUG]    | Validating Method: tmdb_collection_details                                                         |
[2022-10-11 11:18:33,781] [builder.py:658]            [DEBUG]    | Value: ['239968']                                                                                  |
[2022-10-11 11:18:33,793] [builder.py:653]            [DEBUG]    |                                                                                                    |
[2022-10-11 11:18:33,793] [builder.py:657]            [DEBUG]    | Validating Method: collection_mode                                                                 |
[2022-10-11 11:18:33,793] [builder.py:658]            [DEBUG]    | Value: hide_items                                                                                  |
[2022-10-11 11:18:33,794] [builder.py:653]            [DEBUG]    |                                                                                                    |
[2022-10-11 11:18:33,794] [builder.py:657]            [DEBUG]    | Validating Method: sort_title                                                                      |
[2022-10-11 11:18:33,794] [builder.py:658]            [DEBUG]    | Value: +C1_La Cage aux Folles                                                                      |
[2022-10-11 11:18:34,048] [builder.py:823]            [INFO]     |                                                                                                    |
[2022-10-11 11:18:34,049] [builder.py:824]            [INFO]     | Validation Successful                                                                              |
[2022-10-11 11:18:34,049] [plex_meta_manager.py:561]  [INFO]     |                                                                                                    |
[2022-10-11 11:18:34,049] [plex_meta_manager.py:563]  [INFO]     |============================== Running La Cage aux Folles Collection ===============================|
[2022-10-11 11:18:34,049] [plex_meta_manager.py:575]  [INFO]     |                                                                                                    |
[2022-10-11 11:18:34,050] [plex_meta_manager.py:576]  [INFO]     | Sync Mode: append                                                                                  |
[2022-10-11 11:18:34,050] [plex_meta_manager.py:579]  [DEBUG]    |                                                                                                    |
[2022-10-11 11:18:34,050] [plex_meta_manager.py:580]  [DEBUG]    | Builder: tmdb_collection: 239968                                                                   |
[2022-10-11 11:18:34,050] [plex_meta_manager.py:581]  [INFO]     |                                                                                                    |
[2022-10-11 11:18:34,058] [tmdb.py:381]               [INFO]     | Processing TMDb Collection: (239968) La Cage aux folles - Saga (3 Items)                           |
[2022-10-11 11:18:34,059] [builder.py:1581]           [DEBUG]    |                                                                                                    |
[2022-10-11 11:18:34,059] [builder.py:1582]           [DEBUG]    | 3 IDs Found: [(4484, 'tmdb'), (11684, 'tmdb'), (78159, 'tmdb')]                                    |
[2022-10-11 11:18:34,059] [builder.py:1583]           [DEBUG]    |                                                                                                    |
[2022-10-11 11:18:34,060] [builder.py:2132]           [INFO]     |                                                                                                    |
[2022-10-11 11:18:34,060] [builder.py:2133]           [INFO]     |============================= Adding to La Cage aux Folles Collection ==============================|
[2022-10-11 11:18:34,060] [builder.py:2134]           [INFO]     |                                                                                                    |
[2022-10-11 11:18:34,060] [builder.py:2148]           [INFO]     | 1/2 | La Cage aux Folles Collection | = | La cage aux folles (1978)                                |
[2022-10-11 11:18:34,061] [builder.py:2148]           [INFO]     | 2/2 | La Cage aux Folles Collection | = | La Cage aux folles II (1980)                             |
[2022-10-11 11:18:34,061] [builder.py:2168]           [INFO]     |                                                                                                    |
[2022-10-11 11:18:34,061] [builder.py:2170]           [INFO]     | 2 Movies Processed 0 Movies Added                                                                  |
[2022-10-11 11:18:34,061] [builder.py:2300]           [INFO]     |                                                                                                    |
[2022-10-11 11:18:34,061] [builder.py:2301]           [INFO]     |============================ Missing Movies from Library: Z. 1 - Films =============================|
[2022-10-11 11:18:34,062] [builder.py:2302]           [INFO]     |                                                                                                    |
[2022-10-11 11:18:34,071] [builder.py:2315]           [INFO]     | La Cage aux Folles Collection | ? | La cage aux folles III : 'Elles' se marient (1985) (TMDb: 78159) |
[2022-10-11 11:18:34,072] [builder.py:2320]           [INFO]     |                                                                                                    |
[2022-10-11 11:18:34,072] [builder.py:2321]           [INFO]     | 1 Movie Missing                                                                                    |
[2022-10-11 11:18:34,112] [builder.py:2521]           [INFO]     |                                                                                                    |
[2022-10-11 11:18:34,112] [builder.py:2522]           [INFO]     |======================== Updating Details of La Cage aux Folles Collection =========================|
[2022-10-11 11:18:34,112] [builder.py:2523]           [INFO]     |                                                                                                    |
[2022-10-11 11:18:34,125] [builder.py:2589]           [INFO]     | Collection Metadata Edits                                                                          |
[2022-10-11 11:18:34,125] [builder.py:2660]           [WARNING]  | Asset Warning: Unable to find asset folder: 'La Cage aux Folles'                                   |
[2022-10-11 11:18:34,126] [util.py:171]               [DEBUG]    | 1 poster found:                                                                                    |
[2022-10-11 11:18:34,126] [util.py:173]               [DEBUG]    | Method: tmdb_collection_details Poster: https://image.tmdb.org/t/p/original/zXRTeDxafOBDjE5E5s9QdxZAeME.jpg |
[2022-10-11 11:18:34,126] [util.py:171]               [DEBUG]    | 1 background found:                                                                                |
[2022-10-11 11:18:34,126] [util.py:173]               [DEBUG]    | Method: tmdb_collection_details Background: https://image.tmdb.org/t/p/original/csGwmmb0cUxEM4aVpZdUvVss1Cr.jpg |
[2022-10-11 11:18:34,127] [library.py:173]            [INFO]     | Detail: poster update not needed                                                                   |
[2022-10-11 11:18:34,129] [library.py:189]            [INFO]     | Detail: background update not needed                                                               |
[2022-10-11 11:18:34,425] [plex_meta_manager.py:708]  [INFO]     |                                                                                                    |
[2022-10-11 11:18:34,426] [plex_meta_manager.py:709]  [INFO]     |====================================================================================================|
[2022-10-11 11:18:34,426] [plex_meta_manager.py:709]  [INFO]     |                               Finished La Cage aux Folles Collection                               |
[2022-10-11 11:18:34,426] [plex_meta_manager.py:709]  [INFO]     |                                    Collection Run Time: 0:00:00                                    |
[2022-10-11 11:18:34,427] [plex_meta_manager.py:709]  [INFO]     |====================================================================================================|
