[2022-10-11 11:01:18,473] [builder.py:197]            [INFO]     |====================================================================================================|
[2022-10-11 11:01:18,474] [builder.py:197]            [INFO]     |                        Les Crevettes pailletées Collection in Z. 1 - Films                         |
[2022-10-11 11:01:18,474] [builder.py:197]            [INFO]     |====================================================================================================|
[2022-10-11 11:01:18,474] [builder.py:198]            [INFO]     |                                                                                                    |
[2022-10-11 11:01:18,474] [builder.py:203]            [INFO]     |================================ Building Definition From Templates ================================|
[2022-10-11 11:01:18,474] [builder.py:211]            [DEBUG]    |                                                                                                    |
[2022-10-11 11:01:18,474] [meta.py:128]               [DEBUG]    | Template my_template                                                                               |
[2022-10-11 11:01:18,475] [meta.py:129]               [DEBUG]    | Call: {'value': ['888893'], 'tmdb_collection': ['888893'], 'key_name': 'Les Crevettes pailletées', 'key': '888893', 'name': 'my_template'} |
[2022-10-11 11:01:18,475] [meta.py:304]               [DEBUG]    |                                                                                                    |
[2022-10-11 11:01:18,475] [meta.py:305]               [DEBUG]    | Variables: {'value': ['888893'], 'tmdb_collection': ['888893'], 'key_name': 'Les Crevettes pailletées', 'key': '888893', 'name': 'my_template', 'collection_name': 'Les Crevettes pailletées', 'mapping_name': 'Les Crevettes pailletées', 'library_type': 'movie', 'library_name': 'Z. 1 - Films', 'value_encoded': '%5B%27888893%27%5D', 'tmdb_collection_encoded': '%5B%27888893%27%5D', 'key_name_encoded': 'Les%20Crevettes%20paillet%C3%A9es', 'key_encoded': '888893', 'name_encoded': 'my_template', 'collection_name_encoded': 'Les%20Crevettes%20paillet%C3%A9es', 'mapping_name_encoded': 'Les%20Crevettes%20paillet%C3%A9es', 'library_type_encoded': 'movie', 'library_name_encoded': 'Z.%201%20-%20Films', 'collection_sort': 'Les Crevettes pailletées'} |
[2022-10-11 11:01:18,475] [meta.py:306]               [DEBUG]    |                                                                                                    |
[2022-10-11 11:01:18,475] [meta.py:307]               [DEBUG]    | Defaults: {}                                                                                       |
[2022-10-11 11:01:18,475] [meta.py:308]               [DEBUG]    |                                                                                                    |
[2022-10-11 11:01:18,476] [meta.py:309]               [DEBUG]    | Optional: ['my_collection_poster', 'my_collection_poster_encoded']                                 |
[2022-10-11 11:01:18,476] [meta.py:370]               [DEBUG]    |                                                                                                    |
[2022-10-11 11:01:18,477] [meta.py:371]               [DEBUG]    | Final Template Attributes: {'tmdb_collection_details': ['888893'], 'collection_order': 'release', 'collection_mode': 'hide_items', 'sort_title': '+C1_Les Crevettes pailletées'} |
[2022-10-11 11:01:18,477] [meta.py:372]               [DEBUG]    |                                                                                                    |
[2022-10-11 11:01:18,477] [builder.py:219]            [INFO]     |========================== Validating Les Crevettes pailletées Attributes ==========================|
[2022-10-11 11:01:18,477] [builder.py:609]            [DEBUG]    |                                                                                                    |
[2022-10-11 11:01:18,477] [builder.py:610]            [DEBUG]    | Validating Method: collection_order                                                                |
[2022-10-11 11:01:18,477] [builder.py:611]            [DEBUG]    | Value: release                                                                                     |
[2022-10-11 11:01:18,477] [builder.py:627]            [DEBUG]    |                                                                                                    |
[2022-10-11 11:01:18,477] [builder.py:631]            [DEBUG]    | Validating Method: label                                                                           |
[2022-10-11 11:01:18,478] [builder.py:632]            [DEBUG]    | Value: TMDb Collections                                                                            |
[2022-10-11 11:01:18,478] [builder.py:627]            [DEBUG]    |                                                                                                    |
[2022-10-11 11:01:18,478] [builder.py:631]            [DEBUG]    | Validating Method: tmdb_collection_details                                                         |
[2022-10-11 11:01:18,478] [builder.py:632]            [DEBUG]    | Value: ['888893']                                                                                  |
[2022-10-11 11:01:18,489] [builder.py:627]            [DEBUG]    |                                                                                                    |
[2022-10-11 11:01:18,489] [builder.py:631]            [DEBUG]    | Validating Method: collection_mode                                                                 |
[2022-10-11 11:01:18,490] [builder.py:632]            [DEBUG]    | Value: hide_items                                                                                  |
[2022-10-11 11:01:18,490] [builder.py:627]            [DEBUG]    |                                                                                                    |
[2022-10-11 11:01:18,490] [builder.py:631]            [DEBUG]    | Validating Method: sort_title                                                                      |
[2022-10-11 11:01:18,490] [builder.py:632]            [DEBUG]    | Value: +C1_Les Crevettes pailletées                                                                |
[2022-10-11 11:01:18,497] [plex.py:790]               [DEBUG]    |                                                                                                    |
[2022-10-11 11:01:18,497] [plex.py:793]               [DEBUG]    | Looking for: Les Crevettes pailletées                                                              |
[2022-10-11 11:01:18,497] [builder.py:797]            [INFO]     |                                                                                                    |
[2022-10-11 11:01:18,497] [builder.py:798]            [INFO]     | Validation Successful                                                                              |
[2022-10-11 11:01:18,498] [plex_meta_manager.py:561]  [INFO]     |                                                                                                    |
[2022-10-11 11:01:18,498] [plex_meta_manager.py:563]  [INFO]     |=========================== Running Les Crevettes pailletées Collection ============================|
[2022-10-11 11:01:18,498] [plex_meta_manager.py:575]  [INFO]     |                                                                                                    |
[2022-10-11 11:01:18,498] [plex_meta_manager.py:576]  [INFO]     | Sync Mode: append                                                                                  |
[2022-10-11 11:01:18,498] [plex_meta_manager.py:579]  [DEBUG]    |                                                                                                    |
[2022-10-11 11:01:18,498] [plex_meta_manager.py:580]  [DEBUG]    | Builder: tmdb_collection: 888893                                                                   |
[2022-10-11 11:01:18,498] [plex_meta_manager.py:581]  [INFO]     |                                                                                                    |
[2022-10-11 11:01:18,503] [tmdb.py:382]               [INFO]     | Processing TMDb Collection: (888893) Les Crevettes pailletées - Saga (2 Items)                     |
[2022-10-11 11:01:18,503] [builder.py:1540]           [DEBUG]    |                                                                                                    |
[2022-10-11 11:01:18,503] [builder.py:1541]           [DEBUG]    | 2 IDs Found: [(532938, 'tmdb'), (741674, 'tmdb')]                                                  |
[2022-10-11 11:01:18,503] [builder.py:1542]           [DEBUG]    |                                                                                                    |
[2022-10-11 11:01:18,504] [builder.py:2228]           [INFO]     |                                                                                                    |
[2022-10-11 11:01:18,504] [builder.py:2229]           [INFO]     |============================ Missing Movies from Library: Z. 1 - Films =============================|
[2022-10-11 11:01:18,504] [builder.py:2230]           [INFO]     |                                                                                                    |
[2022-10-11 11:01:18,594] [builder.py:2243]           [INFO]     | Les Crevettes pailletées Collection | ? | The Revenge of the Shiny Shrimps (2022) (TMDb: 741674)   |
[2022-10-11 11:01:18,594] [builder.py:2248]           [INFO]     |                                                                                                    |
[2022-10-11 11:01:18,594] [builder.py:2249]           [INFO]     | 1 Movie Missing                                                                                    |
[2022-10-11 11:01:18,642] [plex_meta_manager.py:624]  [INFO]     |                                                                                                    |
[2022-10-11 11:01:18,642] [plex_meta_manager.py:625]  [INFO]     | Collection Minimum: 2 not met for Les Crevettes pailletées Collection                              |
[2022-10-11 11:01:18,642] [plex_meta_manager.py:708]  [INFO]     |                                                                                                    |
[2022-10-11 11:01:18,642] [plex_meta_manager.py:709]  [INFO]     |====================================================================================================|
[2022-10-11 11:01:18,643] [plex_meta_manager.py:709]  [INFO]     |                            Finished Les Crevettes pailletées Collection                            |
[2022-10-11 11:01:18,643] [plex_meta_manager.py:709]  [INFO]     |                                    Collection Run Time: 0:00:00                                    |
[2022-10-11 11:01:18,643] [plex_meta_manager.py:709]  [INFO]     |====================================================================================================|
