[2022-10-11 11:18:28,738] [builder.py:200]            [INFO]     |====================================================================================================|
[2022-10-11 11:18:28,739] [builder.py:200]            [INFO]     |                               Dark Knight Collection in Z. 1 - Films                               |
[2022-10-11 11:18:28,739] [builder.py:200]            [INFO]     |====================================================================================================|
[2022-10-11 11:18:28,739] [builder.py:201]            [INFO]     |                                                                                                    |
[2022-10-11 11:18:28,739] [builder.py:206]            [INFO]     |================================ Building Definition From Templates ================================|
[2022-10-11 11:18:28,739] [builder.py:222]            [DEBUG]    |                                                                                                    |
[2022-10-11 11:18:28,739] [meta.py:128]               [DEBUG]    | Template my_template                                                                               |
[2022-10-11 11:18:28,739] [meta.py:129]               [DEBUG]    | Call: {'value': ['263'], 'tmdb_collection': ['263'], 'key_name': 'Dark Knight', 'key': '263', 'name': 'my_template'} |
[2022-10-11 11:18:28,740] [meta.py:304]               [DEBUG]    |                                                                                                    |
[2022-10-11 11:18:28,740] [meta.py:305]               [DEBUG]    | Variables: {'value': ['263'], 'tmdb_collection': ['263'], 'key_name': 'Dark Knight', 'key': '263', 'name': 'my_template', 'collection_name': 'Dark Knight', 'mapping_name': 'Dark Knight', 'library_type': 'movie', 'library_name': 'Z. 1 - Films', 'value_encoded': '%5B%27263%27%5D', 'tmdb_collection_encoded': '%5B%27263%27%5D', 'key_name_encoded': 'Dark%20Knight', 'key_encoded': '263', 'name_encoded': 'my_template', 'collection_name_encoded': 'Dark%20Knight', 'mapping_name_encoded': 'Dark%20Knight', 'library_type_encoded': 'movie', 'library_name_encoded': 'Z.%201%20-%20Films', 'collection_sort': 'Dark Knight'} |
[2022-10-11 11:18:28,740] [meta.py:306]               [DEBUG]    |                                                                                                    |
[2022-10-11 11:18:28,740] [meta.py:307]               [DEBUG]    | Defaults: {}                                                                                       |
[2022-10-11 11:18:28,740] [meta.py:308]               [DEBUG]    |                                                                                                    |
[2022-10-11 11:18:28,740] [meta.py:309]               [DEBUG]    | Optional: ['my_collection_poster', 'my_collection_poster_encoded']                                 |
[2022-10-11 11:18:28,741] [meta.py:370]               [DEBUG]    |                                                                                                    |
[2022-10-11 11:18:28,741] [meta.py:371]               [DEBUG]    | Final Template Attributes: {'tmdb_collection_details': ['263'], 'collection_order': 'release', 'collection_mode': 'hide_items', 'sort_title': '+C1_Dark Knight'} |
[2022-10-11 11:18:28,741] [meta.py:372]               [DEBUG]    |                                                                                                    |
[2022-10-11 11:18:28,742] [builder.py:230]            [INFO]     |================================ Validating Dark Knight Attributes =================================|
[2022-10-11 11:18:28,742] [builder.py:620]            [DEBUG]    |                                                                                                    |
[2022-10-11 11:18:28,742] [builder.py:621]            [DEBUG]    | Validating Method: collection_order                                                                |
[2022-10-11 11:18:28,742] [builder.py:622]            [DEBUG]    | Value: release                                                                                     |
[2022-10-11 11:18:28,742] [builder.py:653]            [DEBUG]    |                                                                                                    |
[2022-10-11 11:18:28,742] [builder.py:657]            [DEBUG]    | Validating Method: label                                                                           |
[2022-10-11 11:18:28,742] [builder.py:658]            [DEBUG]    | Value: TMDb Collections                                                                            |
[2022-10-11 11:18:28,743] [builder.py:653]            [DEBUG]    |                                                                                                    |
[2022-10-11 11:18:28,743] [builder.py:657]            [DEBUG]    | Validating Method: tmdb_collection_details                                                         |
[2022-10-11 11:18:28,743] [builder.py:658]            [DEBUG]    | Value: ['263']                                                                                     |
[2022-10-11 11:18:28,756] [builder.py:653]            [DEBUG]    |                                                                                                    |
[2022-10-11 11:18:28,756] [builder.py:657]            [DEBUG]    | Validating Method: collection_mode                                                                 |
[2022-10-11 11:18:28,756] [builder.py:658]            [DEBUG]    | Value: hide_items                                                                                  |
[2022-10-11 11:18:28,756] [builder.py:653]            [DEBUG]    |                                                                                                    |
[2022-10-11 11:18:28,756] [builder.py:657]            [DEBUG]    | Validating Method: sort_title                                                                      |
[2022-10-11 11:18:28,756] [builder.py:658]            [DEBUG]    | Value: +C1_Dark Knight                                                                             |
[2022-10-11 11:18:28,967] [builder.py:823]            [INFO]     |                                                                                                    |
[2022-10-11 11:18:28,967] [builder.py:824]            [INFO]     | Validation Successful                                                                              |
[2022-10-11 11:18:28,968] [plex_meta_manager.py:561]  [INFO]     |                                                                                                    |
[2022-10-11 11:18:28,968] [plex_meta_manager.py:563]  [INFO]     |================================== Running Dark Knight Collection ==================================|
[2022-10-11 11:18:28,968] [plex_meta_manager.py:575]  [INFO]     |                                                                                                    |
[2022-10-11 11:18:28,968] [plex_meta_manager.py:576]  [INFO]     | Sync Mode: append                                                                                  |
[2022-10-11 11:18:28,968] [plex_meta_manager.py:579]  [DEBUG]    |                                                                                                    |
[2022-10-11 11:18:28,969] [plex_meta_manager.py:580]  [DEBUG]    | Builder: tmdb_collection: 263                                                                      |
[2022-10-11 11:18:28,969] [plex_meta_manager.py:581]  [INFO]     |                                                                                                    |
[2022-10-11 11:18:28,973] [tmdb.py:381]               [INFO]     | Processing TMDb Collection: (263) The Dark Knight - Saga (3 Items)                                 |
[2022-10-11 11:18:28,973] [builder.py:1581]           [DEBUG]    |                                                                                                    |
[2022-10-11 11:18:28,974] [builder.py:1582]           [DEBUG]    | 3 IDs Found: [(155, 'tmdb'), (49026, 'tmdb'), (272, 'tmdb')]                                       |
[2022-10-11 11:18:28,974] [builder.py:1583]           [DEBUG]    |                                                                                                    |
[2022-10-11 11:18:28,974] [builder.py:2132]           [INFO]     |                                                                                                    |
[2022-10-11 11:18:28,974] [builder.py:2133]           [INFO]     |================================= Adding to Dark Knight Collection =================================|
[2022-10-11 11:18:28,974] [builder.py:2134]           [INFO]     |                                                                                                    |
[2022-10-11 11:18:28,974] [builder.py:2148]           [INFO]     | 1/3 | Dark Knight Collection | = | The Dark Knight : Le Chevalier noir (2008)                      |
[2022-10-11 11:18:28,975] [builder.py:2148]           [INFO]     | 2/3 | Dark Knight Collection | = | The Dark Knight Rises (2012)                                    |
[2022-10-11 11:18:28,975] [builder.py:2148]           [INFO]     | 3/3 | Dark Knight Collection | = | The Dark knight : Batman Begins (2005)                          |
[2022-10-11 11:18:28,975] [builder.py:2168]           [INFO]     |                                                                                                    |
[2022-10-11 11:18:28,975] [builder.py:2170]           [INFO]     | 3 Movies Processed 0 Movies Added                                                                  |
[2022-10-11 11:18:28,983] [builder.py:2521]           [INFO]     |                                                                                                    |
[2022-10-11 11:18:28,983] [builder.py:2522]           [INFO]     |============================ Updating Details of Dark Knight Collection ============================|
[2022-10-11 11:18:28,983] [builder.py:2523]           [INFO]     |                                                                                                    |
[2022-10-11 11:18:28,992] [builder.py:2589]           [INFO]     | Collection Metadata Edits                                                                          |
[2022-10-11 11:18:28,992] [builder.py:2660]           [WARNING]  | Asset Warning: Unable to find asset folder: 'Dark Knight'                                          |
[2022-10-11 11:18:28,993] [util.py:171]               [DEBUG]    | 1 poster found:                                                                                    |
[2022-10-11 11:18:28,993] [util.py:173]               [DEBUG]    | Method: tmdb_collection_details Poster: https://image.tmdb.org/t/p/original/h4wBP8ZzGoRbWNHfPY0C27NT92e.jpg |
[2022-10-11 11:18:28,993] [util.py:171]               [DEBUG]    | 1 background found:                                                                                |
[2022-10-11 11:18:28,993] [util.py:173]               [DEBUG]    | Method: tmdb_collection_details Background: https://image.tmdb.org/t/p/original/xfKot7lqaiW4XpL5TtDlVBA9ei9.jpg |
[2022-10-11 11:18:28,994] [library.py:173]            [INFO]     | Detail: poster update not needed                                                                   |
[2022-10-11 11:18:28,995] [library.py:189]            [INFO]     | Detail: background update not needed                                                               |
[2022-10-11 11:18:29,192] [plex_meta_manager.py:708]  [INFO]     |                                                                                                    |
[2022-10-11 11:18:29,192] [plex_meta_manager.py:709]  [INFO]     |====================================================================================================|
[2022-10-11 11:18:29,193] [plex_meta_manager.py:709]  [INFO]     |                                  Finished Dark Knight Collection                                   |
[2022-10-11 11:18:29,193] [plex_meta_manager.py:709]  [INFO]     |                                    Collection Run Time: 0:00:00                                    |
[2022-10-11 11:18:29,193] [plex_meta_manager.py:709]  [INFO]     |====================================================================================================|
