[2022-10-11 11:18:59,909] [builder.py:200]            [INFO]     |====================================================================================================|
[2022-10-11 11:18:59,909] [builder.py:200]            [INFO]     |                                Kingsman Collection in Z. 1 - Films                                 |
[2022-10-11 11:18:59,909] [builder.py:200]            [INFO]     |====================================================================================================|
[2022-10-11 11:18:59,909] [builder.py:201]            [INFO]     |                                                                                                    |
[2022-10-11 11:18:59,909] [builder.py:206]            [INFO]     |================================ Building Definition From Templates ================================|
[2022-10-11 11:18:59,910] [builder.py:222]            [DEBUG]    |                                                                                                    |
[2022-10-11 11:18:59,910] [meta.py:128]               [DEBUG]    | Template my_template                                                                               |
[2022-10-11 11:18:59,910] [meta.py:129]               [DEBUG]    | Call: {'value': ['391860'], 'tmdb_collection': ['391860'], 'key_name': 'Kingsman', 'key': '391860', 'name': 'my_template'} |
[2022-10-11 11:18:59,910] [meta.py:304]               [DEBUG]    |                                                                                                    |
[2022-10-11 11:18:59,911] [meta.py:305]               [DEBUG]    | Variables: {'value': ['391860'], 'tmdb_collection': ['391860'], 'key_name': 'Kingsman', 'key': '391860', 'name': 'my_template', 'collection_name': 'Kingsman', 'mapping_name': 'Kingsman', 'library_type': 'movie', 'library_name': 'Z. 1 - Films', 'value_encoded': '%5B%27391860%27%5D', 'tmdb_collection_encoded': '%5B%27391860%27%5D', 'key_name_encoded': 'Kingsman', 'key_encoded': '391860', 'name_encoded': 'my_template', 'collection_name_encoded': 'Kingsman', 'mapping_name_encoded': 'Kingsman', 'library_type_encoded': 'movie', 'library_name_encoded': 'Z.%201%20-%20Films', 'collection_sort': 'Kingsman'} |
[2022-10-11 11:18:59,911] [meta.py:306]               [DEBUG]    |                                                                                                    |
[2022-10-11 11:18:59,911] [meta.py:307]               [DEBUG]    | Defaults: {}                                                                                       |
[2022-10-11 11:18:59,911] [meta.py:308]               [DEBUG]    |                                                                                                    |
[2022-10-11 11:18:59,911] [meta.py:309]               [DEBUG]    | Optional: ['my_collection_poster', 'my_collection_poster_encoded']                                 |
[2022-10-11 11:18:59,912] [meta.py:370]               [DEBUG]    |                                                                                                    |
[2022-10-11 11:18:59,912] [meta.py:371]               [DEBUG]    | Final Template Attributes: {'tmdb_collection_details': ['391860'], 'collection_order': 'release', 'collection_mode': 'hide_items', 'sort_title': '+C1_Kingsman'} |
[2022-10-11 11:18:59,912] [meta.py:372]               [DEBUG]    |                                                                                                    |
[2022-10-11 11:18:59,912] [builder.py:230]            [INFO]     |================================== Validating Kingsman Attributes ==================================|
[2022-10-11 11:18:59,913] [builder.py:620]            [DEBUG]    |                                                                                                    |
[2022-10-11 11:18:59,913] [builder.py:621]            [DEBUG]    | Validating Method: collection_order                                                                |
[2022-10-11 11:18:59,913] [builder.py:622]            [DEBUG]    | Value: release                                                                                     |
[2022-10-11 11:18:59,913] [builder.py:653]            [DEBUG]    |                                                                                                    |
[2022-10-11 11:18:59,913] [builder.py:657]            [DEBUG]    | Validating Method: label                                                                           |
[2022-10-11 11:18:59,913] [builder.py:658]            [DEBUG]    | Value: TMDb Collections                                                                            |
[2022-10-11 11:18:59,913] [builder.py:653]            [DEBUG]    |                                                                                                    |
[2022-10-11 11:18:59,914] [builder.py:657]            [DEBUG]    | Validating Method: tmdb_collection_details                                                         |
[2022-10-11 11:18:59,914] [builder.py:658]            [DEBUG]    | Value: ['391860']                                                                                  |
[2022-10-11 11:18:59,927] [builder.py:653]            [DEBUG]    |                                                                                                    |
[2022-10-11 11:18:59,928] [builder.py:657]            [DEBUG]    | Validating Method: collection_mode                                                                 |
[2022-10-11 11:18:59,928] [builder.py:658]            [DEBUG]    | Value: hide_items                                                                                  |
[2022-10-11 11:18:59,928] [builder.py:653]            [DEBUG]    |                                                                                                    |
[2022-10-11 11:18:59,928] [builder.py:657]            [DEBUG]    | Validating Method: sort_title                                                                      |
[2022-10-11 11:18:59,928] [builder.py:658]            [DEBUG]    | Value: +C1_Kingsman                                                                                |
[2022-10-11 11:19:00,142] [builder.py:823]            [INFO]     |                                                                                                    |
[2022-10-11 11:19:00,143] [builder.py:824]            [INFO]     | Validation Successful                                                                              |
[2022-10-11 11:19:00,143] [plex_meta_manager.py:561]  [INFO]     |                                                                                                    |
[2022-10-11 11:19:00,143] [plex_meta_manager.py:563]  [INFO]     |=================================== Running Kingsman Collection ====================================|
[2022-10-11 11:19:00,143] [plex_meta_manager.py:575]  [INFO]     |                                                                                                    |
[2022-10-11 11:19:00,143] [plex_meta_manager.py:576]  [INFO]     | Sync Mode: append                                                                                  |
[2022-10-11 11:19:00,143] [plex_meta_manager.py:579]  [DEBUG]    |                                                                                                    |
[2022-10-11 11:19:00,144] [plex_meta_manager.py:580]  [DEBUG]    | Builder: tmdb_collection: 391860                                                                   |
[2022-10-11 11:19:00,144] [plex_meta_manager.py:581]  [INFO]     |                                                                                                    |
[2022-10-11 11:19:00,150] [tmdb.py:381]               [INFO]     | Processing TMDb Collection: (391860) Kingsman - Saga (4 Items)                                     |
[2022-10-11 11:19:00,151] [builder.py:1581]           [DEBUG]    |                                                                                                    |
[2022-10-11 11:19:00,151] [builder.py:1582]           [DEBUG]    | 4 IDs Found: [(207703, 'tmdb'), (343668, 'tmdb'), (631969, 'tmdb'), (476669, 'tmdb')]              |
[2022-10-11 11:19:00,151] [builder.py:1583]           [DEBUG]    |                                                                                                    |
[2022-10-11 11:19:00,152] [builder.py:2132]           [INFO]     |                                                                                                    |
[2022-10-11 11:19:00,152] [builder.py:2133]           [INFO]     |================================== Adding to Kingsman Collection ===================================|
[2022-10-11 11:19:00,152] [builder.py:2134]           [INFO]     |                                                                                                    |
[2022-10-11 11:19:00,153] [builder.py:2148]           [INFO]     | 1/3 | Kingsman Collection | = | Kingsman: Services secrets (2015)                                  |
[2022-10-11 11:19:00,153] [builder.py:2148]           [INFO]     | 2/3 | Kingsman Collection | = | Kingsman: Le Cercle d'or (2017)                                    |
[2022-10-11 11:19:00,153] [builder.py:2148]           [INFO]     | 3/3 | Kingsman Collection | = | The King’s Man : Première Mission (2021)                           |
[2022-10-11 11:19:00,153] [builder.py:2168]           [INFO]     |                                                                                                    |
[2022-10-11 11:19:00,153] [builder.py:2170]           [INFO]     | 3 Movies Processed 0 Movies Added                                                                  |
[2022-10-11 11:19:00,154] [builder.py:2300]           [INFO]     |                                                                                                    |
[2022-10-11 11:19:00,154] [builder.py:2301]           [INFO]     |============================ Missing Movies from Library: Z. 1 - Films =============================|
[2022-10-11 11:19:00,154] [builder.py:2302]           [INFO]     |                                                                                                    |
[2022-10-11 11:19:00,246] [builder.py:2315]           [INFO]     | Kingsman Collection | ? | Kingsman: The Blue Blood (TMDb: 631969)                                  |
[2022-10-11 11:19:00,246] [builder.py:2320]           [INFO]     |                                                                                                    |
[2022-10-11 11:19:00,246] [builder.py:2321]           [INFO]     | 1 Movie Missing                                                                                    |
[2022-10-11 11:19:00,293] [builder.py:2521]           [INFO]     |                                                                                                    |
[2022-10-11 11:19:00,294] [builder.py:2522]           [INFO]     |============================= Updating Details of Kingsman Collection ==============================|
[2022-10-11 11:19:00,294] [builder.py:2523]           [INFO]     |                                                                                                    |
[2022-10-11 11:19:00,304] [builder.py:2589]           [INFO]     | Collection Metadata Edits                                                                          |
[2022-10-11 11:19:00,304] [builder.py:2660]           [WARNING]  | Asset Warning: Unable to find asset folder: 'Kingsman'                                             |
[2022-10-11 11:19:00,304] [util.py:171]               [DEBUG]    | 1 poster found:                                                                                    |
[2022-10-11 11:19:00,304] [util.py:173]               [DEBUG]    | Method: tmdb_collection_details Poster: https://image.tmdb.org/t/p/original/dnXFRj2uMQiMTade81gImwrQ1Rd.jpg |
[2022-10-11 11:19:00,305] [util.py:171]               [DEBUG]    | 1 background found:                                                                                |
[2022-10-11 11:19:00,305] [util.py:173]               [DEBUG]    | Method: tmdb_collection_details Background: https://image.tmdb.org/t/p/original/4RvHJHSuQUKRzUx8h6a8VAxvbIE.jpg |
[2022-10-11 11:19:00,306] [library.py:173]            [INFO]     | Detail: poster update not needed                                                                   |
[2022-10-11 11:19:00,307] [library.py:189]            [INFO]     | Detail: background update not needed                                                               |
[2022-10-11 11:19:00,516] [plex_meta_manager.py:708]  [INFO]     |                                                                                                    |
[2022-10-11 11:19:00,516] [plex_meta_manager.py:709]  [INFO]     |====================================================================================================|
[2022-10-11 11:19:00,517] [plex_meta_manager.py:709]  [INFO]     |                                    Finished Kingsman Collection                                    |
[2022-10-11 11:19:00,517] [plex_meta_manager.py:709]  [INFO]     |                                    Collection Run Time: 0:00:00                                    |
[2022-10-11 11:19:00,517] [plex_meta_manager.py:709]  [INFO]     |====================================================================================================|
