[2022-10-11 11:19:12,962] [builder.py:200]            [INFO]     |====================================================================================================|
[2022-10-11 11:19:12,962] [builder.py:200]            [INFO]     |                                 Mad Max Collection in Z. 1 - Films                                 |
[2022-10-11 11:19:12,963] [builder.py:200]            [INFO]     |====================================================================================================|
[2022-10-11 11:19:12,963] [builder.py:201]            [INFO]     |                                                                                                    |
[2022-10-11 11:19:12,963] [builder.py:206]            [INFO]     |================================ Building Definition From Templates ================================|
[2022-10-11 11:19:12,963] [builder.py:222]            [DEBUG]    |                                                                                                    |
[2022-10-11 11:19:12,963] [meta.py:128]               [DEBUG]    | Template my_template                                                                               |
[2022-10-11 11:19:12,963] [meta.py:129]               [DEBUG]    | Call: {'value': ['8945'], 'tmdb_collection': ['8945'], 'key_name': 'Mad Max', 'key': '8945', 'name': 'my_template'} |
[2022-10-11 11:19:12,963] [meta.py:304]               [DEBUG]    |                                                                                                    |
[2022-10-11 11:19:12,964] [meta.py:305]               [DEBUG]    | Variables: {'value': ['8945'], 'tmdb_collection': ['8945'], 'key_name': 'Mad Max', 'key': '8945', 'name': 'my_template', 'collection_name': 'Mad Max', 'mapping_name': 'Mad Max', 'library_type': 'movie', 'library_name': 'Z. 1 - Films', 'value_encoded': '%5B%278945%27%5D', 'tmdb_collection_encoded': '%5B%278945%27%5D', 'key_name_encoded': 'Mad%20Max', 'key_encoded': '8945', 'name_encoded': 'my_template', 'collection_name_encoded': 'Mad%20Max', 'mapping_name_encoded': 'Mad%20Max', 'library_type_encoded': 'movie', 'library_name_encoded': 'Z.%201%20-%20Films', 'collection_sort': 'Mad Max'} |
[2022-10-11 11:19:12,964] [meta.py:306]               [DEBUG]    |                                                                                                    |
[2022-10-11 11:19:12,964] [meta.py:307]               [DEBUG]    | Defaults: {}                                                                                       |
[2022-10-11 11:19:12,964] [meta.py:308]               [DEBUG]    |                                                                                                    |
[2022-10-11 11:19:12,964] [meta.py:309]               [DEBUG]    | Optional: ['my_collection_poster', 'my_collection_poster_encoded']                                 |
[2022-10-11 11:19:12,965] [meta.py:370]               [DEBUG]    |                                                                                                    |
[2022-10-11 11:19:12,965] [meta.py:371]               [DEBUG]    | Final Template Attributes: {'tmdb_collection_details': ['8945'], 'collection_order': 'release', 'collection_mode': 'hide_items', 'sort_title': '+C1_Mad Max'} |
[2022-10-11 11:19:12,965] [meta.py:372]               [DEBUG]    |                                                                                                    |
[2022-10-11 11:19:12,966] [builder.py:230]            [INFO]     |================================== Validating Mad Max Attributes ===================================|
[2022-10-11 11:19:12,966] [builder.py:620]            [DEBUG]    |                                                                                                    |
[2022-10-11 11:19:12,966] [builder.py:621]            [DEBUG]    | Validating Method: collection_order                                                                |
[2022-10-11 11:19:12,966] [builder.py:622]            [DEBUG]    | Value: release                                                                                     |
[2022-10-11 11:19:12,966] [builder.py:653]            [DEBUG]    |                                                                                                    |
[2022-10-11 11:19:12,966] [builder.py:657]            [DEBUG]    | Validating Method: label                                                                           |
[2022-10-11 11:19:12,967] [builder.py:658]            [DEBUG]    | Value: TMDb Collections                                                                            |
[2022-10-11 11:19:12,967] [builder.py:653]            [DEBUG]    |                                                                                                    |
[2022-10-11 11:19:12,967] [builder.py:657]            [DEBUG]    | Validating Method: tmdb_collection_details                                                         |
[2022-10-11 11:19:12,967] [builder.py:658]            [DEBUG]    | Value: ['8945']                                                                                    |
[2022-10-11 11:19:12,985] [builder.py:653]            [DEBUG]    |                                                                                                    |
[2022-10-11 11:19:12,985] [builder.py:657]            [DEBUG]    | Validating Method: collection_mode                                                                 |
[2022-10-11 11:19:12,985] [builder.py:658]            [DEBUG]    | Value: hide_items                                                                                  |
[2022-10-11 11:19:12,986] [builder.py:653]            [DEBUG]    |                                                                                                    |
[2022-10-11 11:19:12,986] [builder.py:657]            [DEBUG]    | Validating Method: sort_title                                                                      |
[2022-10-11 11:19:12,986] [builder.py:658]            [DEBUG]    | Value: +C1_Mad Max                                                                                 |
[2022-10-11 11:19:13,195] [builder.py:823]            [INFO]     |                                                                                                    |
[2022-10-11 11:19:13,196] [builder.py:824]            [INFO]     | Validation Successful                                                                              |
[2022-10-11 11:19:13,196] [plex_meta_manager.py:561]  [INFO]     |                                                                                                    |
[2022-10-11 11:19:13,196] [plex_meta_manager.py:563]  [INFO]     |==================================== Running Mad Max Collection ====================================|
[2022-10-11 11:19:13,196] [plex_meta_manager.py:575]  [INFO]     |                                                                                                    |
[2022-10-11 11:19:13,196] [plex_meta_manager.py:576]  [INFO]     | Sync Mode: append                                                                                  |
[2022-10-11 11:19:13,196] [plex_meta_manager.py:579]  [DEBUG]    |                                                                                                    |
[2022-10-11 11:19:13,197] [plex_meta_manager.py:580]  [DEBUG]    | Builder: tmdb_collection: 8945                                                                     |
[2022-10-11 11:19:13,197] [plex_meta_manager.py:581]  [INFO]     |                                                                                                    |
[2022-10-11 11:19:13,202] [tmdb.py:381]               [INFO]     | Processing TMDb Collection: (8945) Mad Max - Saga (6 Items)                                        |
[2022-10-11 11:19:13,203] [builder.py:1581]           [DEBUG]    |                                                                                                    |
[2022-10-11 11:19:13,203] [builder.py:1582]           [DEBUG]    | 6 IDs Found: [(8810, 'tmdb'), (9355, 'tmdb'), (9659, 'tmdb'), (76341, 'tmdb'), (340023, 'tmdb'), (786892, 'tmdb')] |
[2022-10-11 11:19:13,203] [builder.py:1583]           [DEBUG]    |                                                                                                    |
[2022-10-11 11:19:13,203] [builder.py:2132]           [INFO]     |                                                                                                    |
[2022-10-11 11:19:13,203] [builder.py:2133]           [INFO]     |=================================== Adding to Mad Max Collection ===================================|
[2022-10-11 11:19:13,204] [builder.py:2134]           [INFO]     |                                                                                                    |
[2022-10-11 11:19:13,204] [builder.py:2148]           [INFO]     | 1/4 | Mad Max Collection | = | Mad Max II :  Le Défi (1981)                                        |
[2022-10-11 11:19:13,204] [builder.py:2148]           [INFO]     | 2/4 | Mad Max Collection | = | Mad Max III :  Au-delà du dôme du tonnerre (1985)                   |
[2022-10-11 11:19:13,204] [builder.py:2148]           [INFO]     | 3/4 | Mad Max Collection | = | Mad Max I (1979)                                                    |
[2022-10-11 11:19:13,204] [builder.py:2148]           [INFO]     | 4/4 | Mad Max Collection | = | Mad Max IV : Fury Road (2015)                                       |
[2022-10-11 11:19:13,204] [builder.py:2168]           [INFO]     |                                                                                                    |
[2022-10-11 11:19:13,204] [builder.py:2170]           [INFO]     | 4 Movies Processed 0 Movies Added                                                                  |
[2022-10-11 11:19:13,205] [builder.py:2300]           [INFO]     |                                                                                                    |
[2022-10-11 11:19:13,205] [builder.py:2301]           [INFO]     |============================ Missing Movies from Library: Z. 1 - Films =============================|
[2022-10-11 11:19:13,205] [builder.py:2302]           [INFO]     |                                                                                                    |
[2022-10-11 11:19:13,219] [builder.py:2315]           [INFO]     | Mad Max Collection | ? | Mad Max: The Wasteland (TMDb: 340023)                                     |
[2022-10-11 11:19:13,256] [builder.py:2315]           [INFO]     | Mad Max Collection | ? | Furiosa (2024) (TMDb: 786892)                                             |
[2022-10-11 11:19:13,256] [builder.py:2320]           [INFO]     |                                                                                                    |
[2022-10-11 11:19:13,257] [builder.py:2321]           [INFO]     | 2 Movies Missing                                                                                   |
[2022-10-11 11:19:13,316] [builder.py:2521]           [INFO]     |                                                                                                    |
[2022-10-11 11:19:13,317] [builder.py:2522]           [INFO]     |============================== Updating Details of Mad Max Collection ==============================|
[2022-10-11 11:19:13,317] [builder.py:2523]           [INFO]     |                                                                                                    |
[2022-10-11 11:19:13,326] [builder.py:2589]           [INFO]     | Collection Metadata Edits                                                                          |
[2022-10-11 11:19:13,326] [builder.py:2660]           [WARNING]  | Asset Warning: Unable to find asset folder: 'Mad Max'                                              |
[2022-10-11 11:19:13,327] [util.py:171]               [DEBUG]    | 1 poster found:                                                                                    |
[2022-10-11 11:19:13,327] [util.py:173]               [DEBUG]    | Method: tmdb_collection_details Poster: https://image.tmdb.org/t/p/original/bmzns8d1tz3P2EWoz2JQeqnu9Ck.jpg |
[2022-10-11 11:19:13,327] [util.py:171]               [DEBUG]    | 1 background found:                                                                                |
[2022-10-11 11:19:13,327] [util.py:173]               [DEBUG]    | Method: tmdb_collection_details Background: https://image.tmdb.org/t/p/original/gwYe803SFwKlCF5y71OicWHUnVD.jpg |
[2022-10-11 11:19:13,328] [library.py:173]            [INFO]     | Detail: poster update not needed                                                                   |
[2022-10-11 11:19:13,329] [library.py:189]            [INFO]     | Detail: background update not needed                                                               |
[2022-10-11 11:19:13,528] [plex_meta_manager.py:708]  [INFO]     |                                                                                                    |
[2022-10-11 11:19:13,528] [plex_meta_manager.py:709]  [INFO]     |====================================================================================================|
[2022-10-11 11:19:13,529] [plex_meta_manager.py:709]  [INFO]     |                                    Finished Mad Max Collection                                     |
[2022-10-11 11:19:13,529] [plex_meta_manager.py:709]  [INFO]     |                                    Collection Run Time: 0:00:00                                    |
[2022-10-11 11:19:13,529] [plex_meta_manager.py:709]  [INFO]     |====================================================================================================|
