[2022-10-11 11:19:15,679] [builder.py:200]            [INFO]     |====================================================================================================|
[2022-10-11 11:19:15,679] [builder.py:200]            [INFO]     |                              Men In Black Collection in Z. 1 - Films                               |
[2022-10-11 11:19:15,680] [builder.py:200]            [INFO]     |====================================================================================================|
[2022-10-11 11:19:15,680] [builder.py:201]            [INFO]     |                                                                                                    |
[2022-10-11 11:19:15,680] [builder.py:206]            [INFO]     |================================ Building Definition From Templates ================================|
[2022-10-11 11:19:15,680] [builder.py:222]            [DEBUG]    |                                                                                                    |
[2022-10-11 11:19:15,680] [meta.py:128]               [DEBUG]    | Template my_template                                                                               |
[2022-10-11 11:19:15,680] [meta.py:129]               [DEBUG]    | Call: {'value': ['86055'], 'tmdb_collection': ['86055'], 'key_name': 'Men In Black', 'key': '86055', 'name': 'my_template'} |
[2022-10-11 11:19:15,680] [meta.py:304]               [DEBUG]    |                                                                                                    |
[2022-10-11 11:19:15,681] [meta.py:305]               [DEBUG]    | Variables: {'value': ['86055'], 'tmdb_collection': ['86055'], 'key_name': 'Men In Black', 'key': '86055', 'name': 'my_template', 'collection_name': 'Men In Black', 'mapping_name': 'Men In Black', 'library_type': 'movie', 'library_name': 'Z. 1 - Films', 'value_encoded': '%5B%2786055%27%5D', 'tmdb_collection_encoded': '%5B%2786055%27%5D', 'key_name_encoded': 'Men%20In%20Black', 'key_encoded': '86055', 'name_encoded': 'my_template', 'collection_name_encoded': 'Men%20In%20Black', 'mapping_name_encoded': 'Men%20In%20Black', 'library_type_encoded': 'movie', 'library_name_encoded': 'Z.%201%20-%20Films', 'collection_sort': 'Men In Black'} |
[2022-10-11 11:19:15,681] [meta.py:306]               [DEBUG]    |                                                                                                    |
[2022-10-11 11:19:15,681] [meta.py:307]               [DEBUG]    | Defaults: {}                                                                                       |
[2022-10-11 11:19:15,681] [meta.py:308]               [DEBUG]    |                                                                                                    |
[2022-10-11 11:19:15,681] [meta.py:309]               [DEBUG]    | Optional: ['my_collection_poster', 'my_collection_poster_encoded']                                 |
[2022-10-11 11:19:15,682] [meta.py:370]               [DEBUG]    |                                                                                                    |
[2022-10-11 11:19:15,682] [meta.py:371]               [DEBUG]    | Final Template Attributes: {'tmdb_collection_details': ['86055'], 'collection_order': 'release', 'collection_mode': 'hide_items', 'sort_title': '+C1_Men In Black'} |
[2022-10-11 11:19:15,682] [meta.py:372]               [DEBUG]    |                                                                                                    |
[2022-10-11 11:19:15,682] [builder.py:230]            [INFO]     |================================ Validating Men In Black Attributes ================================|
[2022-10-11 11:19:15,682] [builder.py:620]            [DEBUG]    |                                                                                                    |
[2022-10-11 11:19:15,683] [builder.py:621]            [DEBUG]    | Validating Method: collection_order                                                                |
[2022-10-11 11:19:15,683] [builder.py:622]            [DEBUG]    | Value: release                                                                                     |
[2022-10-11 11:19:15,683] [builder.py:653]            [DEBUG]    |                                                                                                    |
[2022-10-11 11:19:15,683] [builder.py:657]            [DEBUG]    | Validating Method: label                                                                           |
[2022-10-11 11:19:15,683] [builder.py:658]            [DEBUG]    | Value: TMDb Collections                                                                            |
[2022-10-11 11:19:15,683] [builder.py:653]            [DEBUG]    |                                                                                                    |
[2022-10-11 11:19:15,683] [builder.py:657]            [DEBUG]    | Validating Method: tmdb_collection_details                                                         |
[2022-10-11 11:19:15,683] [builder.py:658]            [DEBUG]    | Value: ['86055']                                                                                   |
[2022-10-11 11:19:15,698] [builder.py:653]            [DEBUG]    |                                                                                                    |
[2022-10-11 11:19:15,698] [builder.py:657]            [DEBUG]    | Validating Method: collection_mode                                                                 |
[2022-10-11 11:19:15,698] [builder.py:658]            [DEBUG]    | Value: hide_items                                                                                  |
[2022-10-11 11:19:15,698] [builder.py:653]            [DEBUG]    |                                                                                                    |
[2022-10-11 11:19:15,698] [builder.py:657]            [DEBUG]    | Validating Method: sort_title                                                                      |
[2022-10-11 11:19:15,699] [builder.py:658]            [DEBUG]    | Value: +C1_Men In Black                                                                            |
[2022-10-11 11:19:15,896] [builder.py:823]            [INFO]     |                                                                                                    |
[2022-10-11 11:19:15,896] [builder.py:824]            [INFO]     | Validation Successful                                                                              |
[2022-10-11 11:19:15,897] [plex_meta_manager.py:561]  [INFO]     |                                                                                                    |
[2022-10-11 11:19:15,897] [plex_meta_manager.py:563]  [INFO]     |================================= Running Men In Black Collection ==================================|
[2022-10-11 11:19:15,897] [plex_meta_manager.py:575]  [INFO]     |                                                                                                    |
[2022-10-11 11:19:15,897] [plex_meta_manager.py:576]  [INFO]     | Sync Mode: append                                                                                  |
[2022-10-11 11:19:15,897] [plex_meta_manager.py:579]  [DEBUG]    |                                                                                                    |
[2022-10-11 11:19:15,897] [plex_meta_manager.py:580]  [DEBUG]    | Builder: tmdb_collection: 86055                                                                    |
[2022-10-11 11:19:15,898] [plex_meta_manager.py:581]  [INFO]     |                                                                                                    |
[2022-10-11 11:19:15,902] [tmdb.py:381]               [INFO]     | Processing TMDb Collection: (86055) Men in Black - Saga (3 Items)                                  |
[2022-10-11 11:19:15,902] [builder.py:1581]           [DEBUG]    |                                                                                                    |
[2022-10-11 11:19:15,902] [builder.py:1582]           [DEBUG]    | 3 IDs Found: [(607, 'tmdb'), (608, 'tmdb'), (41154, 'tmdb')]                                       |
[2022-10-11 11:19:15,903] [builder.py:1583]           [DEBUG]    |                                                                                                    |
[2022-10-11 11:19:15,903] [builder.py:2132]           [INFO]     |                                                                                                    |
[2022-10-11 11:19:15,903] [builder.py:2133]           [INFO]     |================================ Adding to Men In Black Collection =================================|
[2022-10-11 11:19:15,903] [builder.py:2134]           [INFO]     |                                                                                                    |
[2022-10-11 11:19:15,904] [builder.py:2148]           [INFO]     | 1/3 | Men In Black Collection | = | Men in Black I (1997)                                          |
[2022-10-11 11:19:15,904] [builder.py:2148]           [INFO]     | 2/3 | Men In Black Collection | = | Men in Black III (2002)                                        |
[2022-10-11 11:19:15,904] [builder.py:2148]           [INFO]     | 3/3 | Men In Black Collection | = | Men in Black III (2012)                                        |
[2022-10-11 11:19:15,904] [builder.py:2168]           [INFO]     |                                                                                                    |
[2022-10-11 11:19:15,904] [builder.py:2170]           [INFO]     | 3 Movies Processed 0 Movies Added                                                                  |
[2022-10-11 11:19:15,912] [builder.py:2521]           [INFO]     |                                                                                                    |
[2022-10-11 11:19:15,912] [builder.py:2522]           [INFO]     |=========================== Updating Details of Men In Black Collection ============================|
[2022-10-11 11:19:15,912] [builder.py:2523]           [INFO]     |                                                                                                    |
[2022-10-11 11:19:15,920] [builder.py:2589]           [INFO]     | Collection Metadata Edits                                                                          |
[2022-10-11 11:19:15,920] [builder.py:2660]           [WARNING]  | Asset Warning: Unable to find asset folder: 'Men In Black'                                         |
[2022-10-11 11:19:15,921] [util.py:171]               [DEBUG]    | 1 poster found:                                                                                    |
[2022-10-11 11:19:15,921] [util.py:173]               [DEBUG]    | Method: tmdb_collection_details Poster: https://image.tmdb.org/t/p/original/neo50PMS8QZhl4VdzXAF1Cz3sPz.jpg |
[2022-10-11 11:19:15,921] [util.py:171]               [DEBUG]    | 1 background found:                                                                                |
[2022-10-11 11:19:15,921] [util.py:173]               [DEBUG]    | Method: tmdb_collection_details Background: https://image.tmdb.org/t/p/original/xKz6YaOvmnIJQ3MYIpnaa7FBaAB.jpg |
[2022-10-11 11:19:15,922] [library.py:173]            [INFO]     | Detail: poster update not needed                                                                   |
[2022-10-11 11:19:15,923] [library.py:189]            [INFO]     | Detail: background update not needed                                                               |
[2022-10-11 11:19:16,116] [plex_meta_manager.py:708]  [INFO]     |                                                                                                    |
[2022-10-11 11:19:16,116] [plex_meta_manager.py:709]  [INFO]     |====================================================================================================|
[2022-10-11 11:19:16,116] [plex_meta_manager.py:709]  [INFO]     |                                  Finished Men In Black Collection                                  |
[2022-10-11 11:19:16,116] [plex_meta_manager.py:709]  [INFO]     |                                    Collection Run Time: 0:00:00                                    |
[2022-10-11 11:19:16,117] [plex_meta_manager.py:709]  [INFO]     |====================================================================================================|
