[2022-10-11 09:13:03,953] [builder.py:197]            [INFO]     |====================================================================================================|
[2022-10-11 09:13:03,953] [builder.py:197]            [INFO]     |                          Ten Days Without Mum Collection in Z. 1 - Films                           |
[2022-10-11 09:13:03,954] [builder.py:197]            [INFO]     |====================================================================================================|
[2022-10-11 09:13:03,954] [builder.py:198]            [INFO]     |                                                                                                    |
[2022-10-11 09:13:03,954] [builder.py:203]            [INFO]     |================================ Building Definition From Templates ================================|
[2022-10-11 09:13:03,954] [builder.py:211]            [DEBUG]    |                                                                                                    |
[2022-10-11 09:13:03,954] [meta.py:128]               [DEBUG]    | Template my_template                                                                               |
[2022-10-11 09:13:03,955] [meta.py:129]               [DEBUG]    | Call: {'value': ['898997'], 'tmdb_collection': ['898997'], 'key_name': 'Ten Days Without Mum', 'key': '898997', 'name': 'my_template'} |
[2022-10-11 09:13:03,955] [meta.py:304]               [DEBUG]    |                                                                                                    |
[2022-10-11 09:13:03,955] [meta.py:305]               [DEBUG]    | Variables: {'value': ['898997'], 'tmdb_collection': ['898997'], 'key_name': 'Ten Days Without Mum', 'key': '898997', 'name': 'my_template', 'collection_name': 'Ten Days Without Mum', 'mapping_name': 'Ten Days Without Mum', 'library_type': 'movie', 'library_name': 'Z. 1 - Films', 'value_encoded': '%5B%27898997%27%5D', 'tmdb_collection_encoded': '%5B%27898997%27%5D', 'key_name_encoded': 'Ten%20Days%20Without%20Mum', 'key_encoded': '898997', 'name_encoded': 'my_template', 'collection_name_encoded': 'Ten%20Days%20Without%20Mum', 'mapping_name_encoded': 'Ten%20Days%20Without%20Mum', 'library_type_encoded': 'movie', 'library_name_encoded': 'Z.%201%20-%20Films', 'collection_sort': 'Ten Days Without Mum'} |
[2022-10-11 09:13:03,955] [meta.py:306]               [DEBUG]    |                                                                                                    |
[2022-10-11 09:13:03,956] [meta.py:307]               [DEBUG]    | Defaults: {}                                                                                       |
[2022-10-11 09:13:03,956] [meta.py:308]               [DEBUG]    |                                                                                                    |
[2022-10-11 09:13:03,956] [meta.py:309]               [DEBUG]    | Optional: ['my_collection_poster', 'my_collection_poster_encoded']                                 |
[2022-10-11 09:13:03,957] [meta.py:370]               [DEBUG]    |                                                                                                    |
[2022-10-11 09:13:03,957] [meta.py:371]               [DEBUG]    | Final Template Attributes: {'tmdb_collection_details': ['898997'], 'collection_order': 'release', 'collection_mode': 'hide_items'} |
[2022-10-11 09:13:03,957] [meta.py:372]               [DEBUG]    |                                                                                                    |
[2022-10-11 09:13:03,958] [builder.py:219]            [INFO]     |============================ Validating Ten Days Without Mum Attributes ============================|
[2022-10-11 09:13:03,958] [builder.py:609]            [DEBUG]    |                                                                                                    |
[2022-10-11 09:13:03,958] [builder.py:610]            [DEBUG]    | Validating Method: collection_order                                                                |
[2022-10-11 09:13:03,958] [builder.py:611]            [DEBUG]    | Value: release                                                                                     |
[2022-10-11 09:13:03,958] [builder.py:627]            [DEBUG]    |                                                                                                    |
[2022-10-11 09:13:03,959] [builder.py:631]            [DEBUG]    | Validating Method: label                                                                           |
[2022-10-11 09:13:03,959] [builder.py:632]            [DEBUG]    | Value: TMDb Collections                                                                            |
[2022-10-11 09:13:03,959] [builder.py:627]            [DEBUG]    |                                                                                                    |
[2022-10-11 09:13:03,959] [builder.py:631]            [DEBUG]    | Validating Method: tmdb_collection_details                                                         |
[2022-10-11 09:13:03,959] [builder.py:632]            [DEBUG]    | Value: ['898997']                                                                                  |
[2022-10-11 09:13:03,978] [builder.py:627]            [DEBUG]    |                                                                                                    |
[2022-10-11 09:13:03,979] [builder.py:631]            [DEBUG]    | Validating Method: collection_mode                                                                 |
[2022-10-11 09:13:03,979] [builder.py:632]            [DEBUG]    | Value: hide_items                                                                                  |
[2022-10-11 09:13:03,985] [plex.py:790]               [DEBUG]    |                                                                                                    |
[2022-10-11 09:13:03,985] [plex.py:793]               [DEBUG]    | Looking for: Ten Days Without Mum                                                                  |
[2022-10-11 09:13:03,985] [builder.py:797]            [INFO]     |                                                                                                    |
[2022-10-11 09:13:03,985] [builder.py:798]            [INFO]     | Validation Successful                                                                              |
[2022-10-11 09:13:03,986] [plex_meta_manager.py:561]  [INFO]     |                                                                                                    |
[2022-10-11 09:13:03,986] [plex_meta_manager.py:563]  [INFO]     |============================= Running Ten Days Without Mum Collection ==============================|
[2022-10-11 09:13:03,986] [plex_meta_manager.py:575]  [INFO]     |                                                                                                    |
[2022-10-11 09:13:03,986] [plex_meta_manager.py:576]  [INFO]     | Sync Mode: append                                                                                  |
[2022-10-11 09:13:03,986] [plex_meta_manager.py:579]  [DEBUG]    |                                                                                                    |
[2022-10-11 09:13:03,986] [plex_meta_manager.py:580]  [DEBUG]    | Builder: tmdb_collection: 898997                                                                   |
[2022-10-11 09:13:03,987] [plex_meta_manager.py:581]  [INFO]     |                                                                                                    |
[2022-10-11 09:13:03,991] [tmdb.py:382]               [INFO]     | Processing TMDb Collection: (898997) 10 jours sans Maman - Saga (2 Items)                          |
[2022-10-11 09:13:03,991] [builder.py:1540]           [DEBUG]    |                                                                                                    |
[2022-10-11 09:13:03,991] [builder.py:1541]           [DEBUG]    | 2 IDs Found: [(605735, 'tmdb'), (898994, 'tmdb')]                                                  |
[2022-10-11 09:13:03,991] [builder.py:1542]           [DEBUG]    |                                                                                                    |
[2022-10-11 09:13:03,992] [builder.py:2228]           [INFO]     |                                                                                                    |
[2022-10-11 09:13:03,992] [builder.py:2229]           [INFO]     |============================ Missing Movies from Library: Z. 1 - Films =============================|
[2022-10-11 09:13:03,992] [builder.py:2230]           [INFO]     |                                                                                                    |
[2022-10-11 09:13:04,000] [builder.py:2243]           [INFO]     | Ten Days Without Mum Collection | ? | Another 10 Days Without Mum (2023) (TMDb: 898994)            |
[2022-10-11 09:13:04,000] [builder.py:2248]           [INFO]     |                                                                                                    |
[2022-10-11 09:13:04,001] [builder.py:2249]           [INFO]     | 1 Movie Missing                                                                                    |
[2022-10-11 09:13:06,379] [plex_meta_manager.py:624]  [INFO]     |                                                                                                    |
[2022-10-11 09:13:06,379] [plex_meta_manager.py:625]  [INFO]     | Collection Minimum: 2 not met for Ten Days Without Mum Collection                                  |
[2022-10-11 09:13:06,380] [plex_meta_manager.py:708]  [INFO]     |                                                                                                    |
[2022-10-11 09:13:06,380] [plex_meta_manager.py:709]  [INFO]     |====================================================================================================|
[2022-10-11 09:13:06,380] [plex_meta_manager.py:709]  [INFO]     |                              Finished Ten Days Without Mum Collection                              |
[2022-10-11 09:13:06,380] [plex_meta_manager.py:709]  [INFO]     |                                    Collection Run Time: 0:00:02                                    |
[2022-10-11 09:13:06,380] [plex_meta_manager.py:709]  [INFO]     |====================================================================================================|
