[2022-10-11 11:00:11,529] [builder.py:197]            [INFO]     |====================================================================================================|
[2022-10-11 11:00:11,529] [builder.py:197]            [INFO]     |                               Ace Ventura Collection in Z. 1 - Films                               |
[2022-10-11 11:00:11,529] [builder.py:197]            [INFO]     |====================================================================================================|
[2022-10-11 11:00:11,529] [builder.py:198]            [INFO]     |                                                                                                    |
[2022-10-11 11:00:11,529] [builder.py:203]            [INFO]     |================================ Building Definition From Templates ================================|
[2022-10-11 11:00:11,529] [builder.py:211]            [DEBUG]    |                                                                                                    |
[2022-10-11 11:00:11,529] [meta.py:128]               [DEBUG]    | Template my_template                                                                               |
[2022-10-11 11:00:11,530] [meta.py:129]               [DEBUG]    | Call: {'value': ['3167'], 'tmdb_collection': ['3167'], 'key_name': 'Ace Ventura', 'key': '3167', 'name': 'my_template'} |
[2022-10-11 11:00:11,530] [meta.py:304]               [DEBUG]    |                                                                                                    |
[2022-10-11 11:00:11,530] [meta.py:305]               [DEBUG]    | Variables: {'value': ['3167'], 'tmdb_collection': ['3167'], 'key_name': 'Ace Ventura', 'key': '3167', 'name': 'my_template', 'collection_name': 'Ace Ventura', 'mapping_name': 'Ace Ventura', 'library_type': 'movie', 'library_name': 'Z. 1 - Films', 'value_encoded': '%5B%273167%27%5D', 'tmdb_collection_encoded': '%5B%273167%27%5D', 'key_name_encoded': 'Ace%20Ventura', 'key_encoded': '3167', 'name_encoded': 'my_template', 'collection_name_encoded': 'Ace%20Ventura', 'mapping_name_encoded': 'Ace%20Ventura', 'library_type_encoded': 'movie', 'library_name_encoded': 'Z.%201%20-%20Films', 'collection_sort': 'Ace Ventura'} |
[2022-10-11 11:00:11,530] [meta.py:306]               [DEBUG]    |                                                                                                    |
[2022-10-11 11:00:11,530] [meta.py:307]               [DEBUG]    | Defaults: {}                                                                                       |
[2022-10-11 11:00:11,530] [meta.py:308]               [DEBUG]    |                                                                                                    |
[2022-10-11 11:00:11,530] [meta.py:309]               [DEBUG]    | Optional: ['my_collection_poster', 'my_collection_poster_encoded']                                 |
[2022-10-11 11:00:11,531] [meta.py:370]               [DEBUG]    |                                                                                                    |
[2022-10-11 11:00:11,531] [meta.py:371]               [DEBUG]    | Final Template Attributes: {'tmdb_collection_details': ['3167'], 'collection_order': 'release', 'collection_mode': 'hide_items', 'sort_title': '+C1_Ace Ventura'} |
[2022-10-11 11:00:11,531] [meta.py:372]               [DEBUG]    |                                                                                                    |
[2022-10-11 11:00:11,532] [builder.py:219]            [INFO]     |================================ Validating Ace Ventura Attributes =================================|
[2022-10-11 11:00:11,532] [builder.py:609]            [DEBUG]    |                                                                                                    |
[2022-10-11 11:00:11,532] [builder.py:610]            [DEBUG]    | Validating Method: collection_order                                                                |
[2022-10-11 11:00:11,532] [builder.py:611]            [DEBUG]    | Value: release                                                                                     |
[2022-10-11 11:00:11,532] [builder.py:627]            [DEBUG]    |                                                                                                    |
[2022-10-11 11:00:11,532] [builder.py:631]            [DEBUG]    | Validating Method: label                                                                           |
[2022-10-11 11:00:11,532] [builder.py:632]            [DEBUG]    | Value: TMDb Collections                                                                            |
[2022-10-11 11:00:11,533] [builder.py:627]            [DEBUG]    |                                                                                                    |
[2022-10-11 11:00:11,533] [builder.py:631]            [DEBUG]    | Validating Method: tmdb_collection_details                                                         |
[2022-10-11 11:00:11,533] [builder.py:632]            [DEBUG]    | Value: ['3167']                                                                                    |
[2022-10-11 11:00:11,547] [builder.py:627]            [DEBUG]    |                                                                                                    |
[2022-10-11 11:00:11,547] [builder.py:631]            [DEBUG]    | Validating Method: collection_mode                                                                 |
[2022-10-11 11:00:11,547] [builder.py:632]            [DEBUG]    | Value: hide_items                                                                                  |
[2022-10-11 11:00:11,548] [builder.py:627]            [DEBUG]    |                                                                                                    |
[2022-10-11 11:00:11,548] [builder.py:631]            [DEBUG]    | Validating Method: sort_title                                                                      |
[2022-10-11 11:00:11,548] [builder.py:632]            [DEBUG]    | Value: +C1_Ace Ventura                                                                             |
[2022-10-11 11:00:11,744] [builder.py:797]            [INFO]     |                                                                                                    |
[2022-10-11 11:00:11,745] [builder.py:798]            [INFO]     | Validation Successful                                                                              |
[2022-10-11 11:00:11,745] [plex_meta_manager.py:561]  [INFO]     |                                                                                                    |
[2022-10-11 11:00:11,745] [plex_meta_manager.py:563]  [INFO]     |================================== Running Ace Ventura Collection ==================================|
[2022-10-11 11:00:11,745] [plex_meta_manager.py:575]  [INFO]     |                                                                                                    |
[2022-10-11 11:00:11,745] [plex_meta_manager.py:576]  [INFO]     | Sync Mode: append                                                                                  |
[2022-10-11 11:00:11,745] [plex_meta_manager.py:579]  [DEBUG]    |                                                                                                    |
[2022-10-11 11:00:11,746] [plex_meta_manager.py:580]  [DEBUG]    | Builder: tmdb_collection: 3167                                                                     |
[2022-10-11 11:00:11,746] [plex_meta_manager.py:581]  [INFO]     |                                                                                                    |
[2022-10-11 11:00:11,751] [tmdb.py:382]               [INFO]     | Processing TMDb Collection: (3167) Ace Ventura - Saga (4 Items)                                    |
[2022-10-11 11:00:11,751] [builder.py:1540]           [DEBUG]    |                                                                                                    |
[2022-10-11 11:00:11,752] [builder.py:1541]           [DEBUG]    | 4 IDs Found: [(3049, 'tmdb'), (9273, 'tmdb'), (15338, 'tmdb'), (836529, 'tmdb')]                   |
[2022-10-11 11:00:11,752] [builder.py:1542]           [DEBUG]    |                                                                                                    |
[2022-10-11 11:00:11,752] [builder.py:2064]           [INFO]     |                                                                                                    |
[2022-10-11 11:00:11,752] [builder.py:2065]           [INFO]     |================================= Adding to Ace Ventura Collection =================================|
[2022-10-11 11:00:11,752] [builder.py:2066]           [INFO]     |                                                                                                    |
[2022-10-11 11:00:11,753] [builder.py:2080]           [INFO]     | 1/2 | Ace Ventura Collection | = | Ace Ventura, détective chiens et chats (1994)                   |
[2022-10-11 11:00:11,753] [builder.py:2080]           [INFO]     | 2/2 | Ace Ventura Collection | = | Ace Ventura en Afrique (1995)                                   |
[2022-10-11 11:00:11,753] [builder.py:2100]           [INFO]     |                                                                                                    |
[2022-10-11 11:00:11,753] [builder.py:2102]           [INFO]     | 2 Movies Processed 0 Movies Added                                                                  |
[2022-10-11 11:00:11,753] [builder.py:2228]           [INFO]     |                                                                                                    |
[2022-10-11 11:00:11,754] [builder.py:2229]           [INFO]     |============================ Missing Movies from Library: Z. 1 - Films =============================|
[2022-10-11 11:00:11,754] [builder.py:2230]           [INFO]     |                                                                                                    |
[2022-10-11 11:00:11,767] [builder.py:2243]           [INFO]     | Ace Ventura Collection | ? | Ace Ventura Jr: Pet Detective (2009) (TMDb: 15338)                    |
[2022-10-11 11:00:11,783] [builder.py:2243]           [INFO]     | Ace Ventura Collection | ? | Ace Ventura 3 (TMDb: 836529)                                          |
[2022-10-11 11:00:11,783] [builder.py:2248]           [INFO]     |                                                                                                    |
[2022-10-11 11:00:11,784] [builder.py:2249]           [INFO]     | 2 Movies Missing                                                                                   |
[2022-10-11 11:00:11,804] [builder.py:2441]           [INFO]     |                                                                                                    |
[2022-10-11 11:00:11,804] [builder.py:2442]           [INFO]     |============================ Updating Details of Ace Ventura Collection ============================|
[2022-10-11 11:00:11,805] [builder.py:2443]           [INFO]     |                                                                                                    |
[2022-10-11 11:00:11,816] [builder.py:2509]           [INFO]     | Collection Metadata Edits                                                                          |
                                                                 | Sort Title | +C1_Ace Ventura
[2022-10-11 11:00:11,995] [builder.py:2513]           [INFO]     | Details: have been updated
[2022-10-11 11:00:11,995] [builder.py:2517]           [INFO]     | 
[2022-10-11 11:00:11,995] [builder.py:2580]           [WARNING]  | Asset Warning: Unable to find asset folder: 'Ace Ventura'
[2022-10-11 11:00:11,996] [util.py:150]               [DEBUG]    | 1 poster found:
[2022-10-11 11:00:11,996] [util.py:152]               [DEBUG]    | Method: tmdb_collection_details Poster: https://image.tmdb.org/t/p/original/qCxH543pScFed1CycwJ1nVgrkOc.jpg
[2022-10-11 11:00:11,996] [util.py:150]               [DEBUG]    | 1 background found:
[2022-10-11 11:00:11,996] [util.py:152]               [DEBUG]    | Method: tmdb_collection_details Background: https://image.tmdb.org/t/p/original/pbs1VKy9J3MZ8qJI89WdDUNi7wM.jpg
[2022-10-11 11:00:11,997] [library.py:172]            [INFO]     | Detail: poster update not needed
[2022-10-11 11:00:11,998] [library.py:188]            [INFO]     | Detail: background update not needed
[2022-10-11 11:00:12,190] [plex_meta_manager.py:708]  [INFO]     | 
[2022-10-11 11:00:12,190] [plex_meta_manager.py:709]  [INFO]     |====================================================================================================|
[2022-10-11 11:00:12,190] [plex_meta_manager.py:709]  [INFO]     |                                  Finished Ace Ventura Collection                                   |
[2022-10-11 11:00:12,191] [plex_meta_manager.py:709]  [INFO]     |                                    Collection Run Time: 0:00:00                                    |
[2022-10-11 11:00:12,191] [plex_meta_manager.py:709]  [INFO]     |====================================================================================================|
