[2022-10-11 11:19:23,099] [builder.py:200]            [INFO]     |====================================================================================================|
[2022-10-11 11:19:23,099] [builder.py:200]            [INFO]     |                                Punisher Collection in Z. 1 - Films                                 |
[2022-10-11 11:19:23,099] [builder.py:200]            [INFO]     |====================================================================================================|
[2022-10-11 11:19:23,099] [builder.py:201]            [INFO]     |                                                                                                    |
[2022-10-11 11:19:23,099] [builder.py:206]            [INFO]     |================================ Building Definition From Templates ================================|
[2022-10-11 11:19:23,099] [builder.py:222]            [DEBUG]    |                                                                                                    |
[2022-10-11 11:19:23,100] [meta.py:128]               [DEBUG]    | Template my_template                                                                               |
[2022-10-11 11:19:23,100] [meta.py:129]               [DEBUG]    | Call: {'value': ['635362'], 'tmdb_collection': ['635362'], 'key_name': 'Punisher', 'key': '635362', 'name': 'my_template'} |
[2022-10-11 11:19:23,100] [meta.py:304]               [DEBUG]    |                                                                                                    |
[2022-10-11 11:19:23,100] [meta.py:305]               [DEBUG]    | Variables: {'value': ['635362'], 'tmdb_collection': ['635362'], 'key_name': 'Punisher', 'key': '635362', 'name': 'my_template', 'collection_name': 'Punisher', 'mapping_name': 'Punisher', 'library_type': 'movie', 'library_name': 'Z. 1 - Films', 'value_encoded': '%5B%27635362%27%5D', 'tmdb_collection_encoded': '%5B%27635362%27%5D', 'key_name_encoded': 'Punisher', 'key_encoded': '635362', 'name_encoded': 'my_template', 'collection_name_encoded': 'Punisher', 'mapping_name_encoded': 'Punisher', 'library_type_encoded': 'movie', 'library_name_encoded': 'Z.%201%20-%20Films', 'collection_sort': 'Punisher'} |
[2022-10-11 11:19:23,100] [meta.py:306]               [DEBUG]    |                                                                                                    |
[2022-10-11 11:19:23,100] [meta.py:307]               [DEBUG]    | Defaults: {}                                                                                       |
[2022-10-11 11:19:23,100] [meta.py:308]               [DEBUG]    |                                                                                                    |
[2022-10-11 11:19:23,101] [meta.py:309]               [DEBUG]    | Optional: ['my_collection_poster', 'my_collection_poster_encoded']                                 |
[2022-10-11 11:19:23,102] [meta.py:370]               [DEBUG]    |                                                                                                    |
[2022-10-11 11:19:23,102] [meta.py:371]               [DEBUG]    | Final Template Attributes: {'tmdb_collection_details': ['635362'], 'collection_order': 'release', 'collection_mode': 'hide_items', 'sort_title': '+C1_Punisher'} |
[2022-10-11 11:19:23,102] [meta.py:372]               [DEBUG]    |                                                                                                    |
[2022-10-11 11:19:23,102] [builder.py:230]            [INFO]     |================================== Validating Punisher Attributes ==================================|
[2022-10-11 11:19:23,102] [builder.py:620]            [DEBUG]    |                                                                                                    |
[2022-10-11 11:19:23,102] [builder.py:621]            [DEBUG]    | Validating Method: collection_order                                                                |
[2022-10-11 11:19:23,102] [builder.py:622]            [DEBUG]    | Value: release                                                                                     |
[2022-10-11 11:19:23,103] [builder.py:653]            [DEBUG]    |                                                                                                    |
[2022-10-11 11:19:23,103] [builder.py:657]            [DEBUG]    | Validating Method: label                                                                           |
[2022-10-11 11:19:23,103] [builder.py:658]            [DEBUG]    | Value: TMDb Collections                                                                            |
[2022-10-11 11:19:23,103] [builder.py:653]            [DEBUG]    |                                                                                                    |
[2022-10-11 11:19:23,103] [builder.py:657]            [DEBUG]    | Validating Method: tmdb_collection_details                                                         |
[2022-10-11 11:19:23,103] [builder.py:658]            [DEBUG]    | Value: ['635362']                                                                                  |
[2022-10-11 11:19:23,116] [builder.py:653]            [DEBUG]    |                                                                                                    |
[2022-10-11 11:19:23,116] [builder.py:657]            [DEBUG]    | Validating Method: collection_mode                                                                 |
[2022-10-11 11:19:23,116] [builder.py:658]            [DEBUG]    | Value: hide_items                                                                                  |
[2022-10-11 11:19:23,116] [builder.py:653]            [DEBUG]    |                                                                                                    |
[2022-10-11 11:19:23,116] [builder.py:657]            [DEBUG]    | Validating Method: sort_title                                                                      |
[2022-10-11 11:19:23,117] [builder.py:658]            [DEBUG]    | Value: +C1_Punisher                                                                                |
[2022-10-11 11:19:23,305] [builder.py:823]            [INFO]     |                                                                                                    |
[2022-10-11 11:19:23,305] [builder.py:824]            [INFO]     | Validation Successful                                                                              |
[2022-10-11 11:19:23,305] [plex_meta_manager.py:561]  [INFO]     |                                                                                                    |
[2022-10-11 11:19:23,305] [plex_meta_manager.py:563]  [INFO]     |=================================== Running Punisher Collection ====================================|
[2022-10-11 11:19:23,306] [plex_meta_manager.py:575]  [INFO]     |                                                                                                    |
[2022-10-11 11:19:23,306] [plex_meta_manager.py:576]  [INFO]     | Sync Mode: append                                                                                  |
[2022-10-11 11:19:23,306] [plex_meta_manager.py:579]  [DEBUG]    |                                                                                                    |
[2022-10-11 11:19:23,306] [plex_meta_manager.py:580]  [DEBUG]    | Builder: tmdb_collection: 635362                                                                   |
[2022-10-11 11:19:23,306] [plex_meta_manager.py:581]  [INFO]     |                                                                                                    |
[2022-10-11 11:19:23,310] [tmdb.py:381]               [INFO]     | Processing TMDb Collection: (635362) The Punisher - Saga (2 Items)                                 |
[2022-10-11 11:19:23,310] [builder.py:1581]           [DEBUG]    |                                                                                                    |
[2022-10-11 11:19:23,310] [builder.py:1582]           [DEBUG]    | 2 IDs Found: [(7220, 'tmdb'), (13056, 'tmdb')]                                                     |
[2022-10-11 11:19:23,311] [builder.py:1583]           [DEBUG]    |                                                                                                    |
[2022-10-11 11:19:23,311] [builder.py:2132]           [INFO]     |                                                                                                    |
[2022-10-11 11:19:23,311] [builder.py:2133]           [INFO]     |================================== Adding to Punisher Collection ===================================|
[2022-10-11 11:19:23,311] [builder.py:2134]           [INFO]     |                                                                                                    |
[2022-10-11 11:19:23,312] [builder.py:2148]           [INFO]     | 1/2 | Punisher Collection | = | The Punisher (2004)                                                |
[2022-10-11 11:19:23,312] [builder.py:2148]           [INFO]     | 2/2 | Punisher Collection | = | Punisher : Zone de guerre (2008)                                   |
[2022-10-11 11:19:23,312] [builder.py:2168]           [INFO]     |                                                                                                    |
[2022-10-11 11:19:23,312] [builder.py:2170]           [INFO]     | 2 Movies Processed 0 Movies Added                                                                  |
[2022-10-11 11:19:23,319] [builder.py:2521]           [INFO]     |                                                                                                    |
[2022-10-11 11:19:23,319] [builder.py:2522]           [INFO]     |============================= Updating Details of Punisher Collection ==============================|
[2022-10-11 11:19:23,319] [builder.py:2523]           [INFO]     |                                                                                                    |
[2022-10-11 11:19:23,328] [builder.py:2589]           [INFO]     | Collection Metadata Edits                                                                          |
[2022-10-11 11:19:23,328] [builder.py:2660]           [WARNING]  | Asset Warning: Unable to find asset folder: 'Punisher'                                             |
[2022-10-11 11:19:23,328] [util.py:171]               [DEBUG]    | 1 poster found:                                                                                    |
[2022-10-11 11:19:23,328] [util.py:173]               [DEBUG]    | Method: tmdb_collection_details Poster: https://image.tmdb.org/t/p/original/jtQ3tLymNX5A1qJCmRME0rbgfGs.jpg |
[2022-10-11 11:19:23,329] [util.py:171]               [DEBUG]    | 1 background found:                                                                                |
[2022-10-11 11:19:23,329] [util.py:173]               [DEBUG]    | Method: tmdb_collection_details Background: https://image.tmdb.org/t/p/original/wy3mGT2BxqNiBb3JV6lAQwOLrM5.jpg |
[2022-10-11 11:19:23,330] [library.py:173]            [INFO]     | Detail: poster update not needed                                                                   |
[2022-10-11 11:19:23,331] [library.py:189]            [INFO]     | Detail: background update not needed                                                               |
[2022-10-11 11:19:23,516] [plex_meta_manager.py:708]  [INFO]     |                                                                                                    |
[2022-10-11 11:19:23,516] [plex_meta_manager.py:709]  [INFO]     |====================================================================================================|
[2022-10-11 11:19:23,517] [plex_meta_manager.py:709]  [INFO]     |                                    Finished Punisher Collection                                    |
[2022-10-11 11:19:23,517] [plex_meta_manager.py:709]  [INFO]     |                                    Collection Run Time: 0:00:00                                    |
[2022-10-11 11:19:23,517] [plex_meta_manager.py:709]  [INFO]     |====================================================================================================|
