[2022-10-11 11:19:11,815] [builder.py:200]            [INFO]     |====================================================================================================|
[2022-10-11 11:19:11,816] [builder.py:200]            [INFO]     |                             Three Brothers Collection in Z. 1 - Films                              |
[2022-10-11 11:19:11,816] [builder.py:200]            [INFO]     |====================================================================================================|
[2022-10-11 11:19:11,816] [builder.py:201]            [INFO]     |                                                                                                    |
[2022-10-11 11:19:11,816] [builder.py:206]            [INFO]     |================================ Building Definition From Templates ================================|
[2022-10-11 11:19:11,816] [builder.py:222]            [DEBUG]    |                                                                                                    |
[2022-10-11 11:19:11,816] [meta.py:128]               [DEBUG]    | Template my_template                                                                               |
[2022-10-11 11:19:11,816] [meta.py:129]               [DEBUG]    | Call: {'value': ['283733'], 'tmdb_collection': ['283733'], 'key_name': 'Three Brothers', 'key': '283733', 'name': 'my_template'} |
[2022-10-11 11:19:11,817] [meta.py:304]               [DEBUG]    |                                                                                                    |
[2022-10-11 11:19:11,817] [meta.py:305]               [DEBUG]    | Variables: {'value': ['283733'], 'tmdb_collection': ['283733'], 'key_name': 'Three Brothers', 'key': '283733', 'name': 'my_template', 'collection_name': 'Three Brothers', 'mapping_name': 'Three Brothers', 'library_type': 'movie', 'library_name': 'Z. 1 - Films', 'value_encoded': '%5B%27283733%27%5D', 'tmdb_collection_encoded': '%5B%27283733%27%5D', 'key_name_encoded': 'Three%20Brothers', 'key_encoded': '283733', 'name_encoded': 'my_template', 'collection_name_encoded': 'Three%20Brothers', 'mapping_name_encoded': 'Three%20Brothers', 'library_type_encoded': 'movie', 'library_name_encoded': 'Z.%201%20-%20Films', 'collection_sort': 'Three Brothers'} |
[2022-10-11 11:19:11,817] [meta.py:306]               [DEBUG]    |                                                                                                    |
[2022-10-11 11:19:11,817] [meta.py:307]               [DEBUG]    | Defaults: {}                                                                                       |
[2022-10-11 11:19:11,817] [meta.py:308]               [DEBUG]    |                                                                                                    |
[2022-10-11 11:19:11,817] [meta.py:309]               [DEBUG]    | Optional: ['my_collection_poster', 'my_collection_poster_encoded']                                 |
[2022-10-11 11:19:11,818] [meta.py:370]               [DEBUG]    |                                                                                                    |
[2022-10-11 11:19:11,818] [meta.py:371]               [DEBUG]    | Final Template Attributes: {'tmdb_collection_details': ['283733'], 'collection_order': 'release', 'collection_mode': 'hide_items', 'sort_title': '+C1_Three Brothers'} |
[2022-10-11 11:19:11,819] [meta.py:372]               [DEBUG]    |                                                                                                    |
[2022-10-11 11:19:11,819] [builder.py:230]            [INFO]     |=============================== Validating Three Brothers Attributes ===============================|
[2022-10-11 11:19:11,819] [builder.py:620]            [DEBUG]    |                                                                                                    |
[2022-10-11 11:19:11,819] [builder.py:621]            [DEBUG]    | Validating Method: collection_order                                                                |
[2022-10-11 11:19:11,819] [builder.py:622]            [DEBUG]    | Value: release                                                                                     |
[2022-10-11 11:19:11,820] [builder.py:653]            [DEBUG]    |                                                                                                    |
[2022-10-11 11:19:11,820] [builder.py:657]            [DEBUG]    | Validating Method: label                                                                           |
[2022-10-11 11:19:11,820] [builder.py:658]            [DEBUG]    | Value: TMDb Collections                                                                            |
[2022-10-11 11:19:11,820] [builder.py:653]            [DEBUG]    |                                                                                                    |
[2022-10-11 11:19:11,820] [builder.py:657]            [DEBUG]    | Validating Method: tmdb_collection_details                                                         |
[2022-10-11 11:19:11,821] [builder.py:658]            [DEBUG]    | Value: ['283733']                                                                                  |
[2022-10-11 11:19:11,838] [builder.py:653]            [DEBUG]    |                                                                                                    |
[2022-10-11 11:19:11,838] [builder.py:657]            [DEBUG]    | Validating Method: collection_mode                                                                 |
[2022-10-11 11:19:11,838] [builder.py:658]            [DEBUG]    | Value: hide_items                                                                                  |
[2022-10-11 11:19:11,839] [builder.py:653]            [DEBUG]    |                                                                                                    |
[2022-10-11 11:19:11,839] [builder.py:657]            [DEBUG]    | Validating Method: sort_title                                                                      |
[2022-10-11 11:19:11,839] [builder.py:658]            [DEBUG]    | Value: +C1_Three Brothers                                                                          |
[2022-10-11 11:19:12,033] [builder.py:823]            [INFO]     |                                                                                                    |
[2022-10-11 11:19:12,033] [builder.py:824]            [INFO]     | Validation Successful                                                                              |
[2022-10-11 11:19:12,033] [plex_meta_manager.py:561]  [INFO]     |                                                                                                    |
[2022-10-11 11:19:12,033] [plex_meta_manager.py:563]  [INFO]     |================================ Running Three Brothers Collection =================================|
[2022-10-11 11:19:12,034] [plex_meta_manager.py:575]  [INFO]     |                                                                                                    |
[2022-10-11 11:19:12,034] [plex_meta_manager.py:576]  [INFO]     | Sync Mode: append                                                                                  |
[2022-10-11 11:19:12,034] [plex_meta_manager.py:579]  [DEBUG]    |                                                                                                    |
[2022-10-11 11:19:12,034] [plex_meta_manager.py:580]  [DEBUG]    | Builder: tmdb_collection: 283733                                                                   |
[2022-10-11 11:19:12,034] [plex_meta_manager.py:581]  [INFO]     |                                                                                                    |
[2022-10-11 11:19:12,039] [tmdb.py:381]               [INFO]     | Processing TMDb Collection: (283733) Les Trois Frères - Saga (2 Items)                             |
[2022-10-11 11:19:12,039] [builder.py:1581]           [DEBUG]    |                                                                                                    |
[2022-10-11 11:19:12,039] [builder.py:1582]           [DEBUG]    | 2 IDs Found: [(37653, 'tmdb'), (246320, 'tmdb')]                                                   |
[2022-10-11 11:19:12,039] [builder.py:1583]           [DEBUG]    |                                                                                                    |
[2022-10-11 11:19:12,040] [builder.py:2132]           [INFO]     |                                                                                                    |
[2022-10-11 11:19:12,040] [builder.py:2133]           [INFO]     |=============================== Adding to Three Brothers Collection ================================|
[2022-10-11 11:19:12,040] [builder.py:2134]           [INFO]     |                                                                                                    |
[2022-10-11 11:19:12,040] [builder.py:2148]           [INFO]     | 1/2 | Three Brothers Collection | = | Les trois frères (1995)                                      |
[2022-10-11 11:19:12,040] [builder.py:2148]           [INFO]     | 2/2 | Three Brothers Collection | = | Les Trois Frères : Le Retour (2014)                          |
[2022-10-11 11:19:12,040] [builder.py:2168]           [INFO]     |                                                                                                    |
[2022-10-11 11:19:12,041] [builder.py:2170]           [INFO]     | 2 Movies Processed 0 Movies Added                                                                  |
[2022-10-11 11:19:12,048] [builder.py:2521]           [INFO]     |                                                                                                    |
[2022-10-11 11:19:12,048] [builder.py:2522]           [INFO]     |========================== Updating Details of Three Brothers Collection ===========================|
[2022-10-11 11:19:12,048] [builder.py:2523]           [INFO]     |                                                                                                    |
[2022-10-11 11:19:12,057] [builder.py:2589]           [INFO]     | Collection Metadata Edits                                                                          |
[2022-10-11 11:19:12,058] [builder.py:2660]           [WARNING]  | Asset Warning: Unable to find asset folder: 'Three Brothers'                                       |
[2022-10-11 11:19:12,058] [util.py:171]               [DEBUG]    | 1 poster found:                                                                                    |
[2022-10-11 11:19:12,058] [util.py:173]               [DEBUG]    | Method: tmdb_collection_details Poster: https://image.tmdb.org/t/p/original/gX7xBhPzuWuQtnkXdqAUcxqZaTb.jpg |
[2022-10-11 11:19:12,059] [library.py:173]            [INFO]     | Detail: poster update not needed                                                                   |
[2022-10-11 11:19:12,241] [plex_meta_manager.py:708]  [INFO]     |                                                                                                    |
[2022-10-11 11:19:12,242] [plex_meta_manager.py:709]  [INFO]     |====================================================================================================|
[2022-10-11 11:19:12,242] [plex_meta_manager.py:709]  [INFO]     |                                 Finished Three Brothers Collection                                 |
[2022-10-11 11:19:12,242] [plex_meta_manager.py:709]  [INFO]     |                                    Collection Run Time: 0:00:00                                    |
[2022-10-11 11:19:12,242] [plex_meta_manager.py:709]  [INFO]     |====================================================================================================|
