[2022-10-11 11:02:04,436] [builder.py:197]            [INFO]     |====================================================================================================|
[2022-10-11 11:02:04,437] [builder.py:197]            [INFO]     |                              Transformers Collection in Z. 1 - Films                               |
[2022-10-11 11:02:04,437] [builder.py:197]            [INFO]     |====================================================================================================|
[2022-10-11 11:02:04,437] [builder.py:198]            [INFO]     |                                                                                                    |
[2022-10-11 11:02:04,437] [builder.py:203]            [INFO]     |================================ Building Definition From Templates ================================|
[2022-10-11 11:02:04,437] [builder.py:211]            [DEBUG]    |                                                                                                    |
[2022-10-11 11:02:04,438] [meta.py:128]               [DEBUG]    | Template my_template                                                                               |
[2022-10-11 11:02:04,438] [meta.py:129]               [DEBUG]    | Call: {'value': ['8650'], 'tmdb_collection': ['8650'], 'key_name': 'Transformers', 'key': '8650', 'name': 'my_template'} |
[2022-10-11 11:02:04,438] [meta.py:304]               [DEBUG]    |                                                                                                    |
[2022-10-11 11:02:04,438] [meta.py:305]               [DEBUG]    | Variables: {'value': ['8650'], 'tmdb_collection': ['8650'], 'key_name': 'Transformers', 'key': '8650', 'name': 'my_template', 'collection_name': 'Transformers', 'mapping_name': 'Transformers', 'library_type': 'movie', 'library_name': 'Z. 1 - Films', 'value_encoded': '%5B%278650%27%5D', 'tmdb_collection_encoded': '%5B%278650%27%5D', 'key_name_encoded': 'Transformers', 'key_encoded': '8650', 'name_encoded': 'my_template', 'collection_name_encoded': 'Transformers', 'mapping_name_encoded': 'Transformers', 'library_type_encoded': 'movie', 'library_name_encoded': 'Z.%201%20-%20Films', 'collection_sort': 'Transformers'} |
[2022-10-11 11:02:04,438] [meta.py:306]               [DEBUG]    |                                                                                                    |
[2022-10-11 11:02:04,439] [meta.py:307]               [DEBUG]    | Defaults: {}                                                                                       |
[2022-10-11 11:02:04,439] [meta.py:308]               [DEBUG]    |                                                                                                    |
[2022-10-11 11:02:04,439] [meta.py:309]               [DEBUG]    | Optional: ['my_collection_poster', 'my_collection_poster_encoded']                                 |
[2022-10-11 11:02:04,440] [meta.py:370]               [DEBUG]    |                                                                                                    |
[2022-10-11 11:02:04,440] [meta.py:371]               [DEBUG]    | Final Template Attributes: {'tmdb_collection_details': ['8650'], 'collection_order': 'release', 'collection_mode': 'hide_items', 'sort_title': '+C1_Transformers'} |
[2022-10-11 11:02:04,440] [meta.py:372]               [DEBUG]    |                                                                                                    |
[2022-10-11 11:02:04,440] [builder.py:219]            [INFO]     |================================ Validating Transformers Attributes ================================|
[2022-10-11 11:02:04,440] [builder.py:609]            [DEBUG]    |                                                                                                    |
[2022-10-11 11:02:04,441] [builder.py:610]            [DEBUG]    | Validating Method: collection_order                                                                |
[2022-10-11 11:02:04,441] [builder.py:611]            [DEBUG]    | Value: release                                                                                     |
[2022-10-11 11:02:04,441] [builder.py:627]            [DEBUG]    |                                                                                                    |
[2022-10-11 11:02:04,441] [builder.py:631]            [DEBUG]    | Validating Method: label                                                                           |
[2022-10-11 11:02:04,441] [builder.py:632]            [DEBUG]    | Value: TMDb Collections                                                                            |
[2022-10-11 11:02:04,441] [builder.py:627]            [DEBUG]    |                                                                                                    |
[2022-10-11 11:02:04,442] [builder.py:631]            [DEBUG]    | Validating Method: tmdb_collection_details                                                         |
[2022-10-11 11:02:04,442] [builder.py:632]            [DEBUG]    | Value: ['8650']                                                                                    |
[2022-10-11 11:02:04,455] [builder.py:627]            [DEBUG]    |                                                                                                    |
[2022-10-11 11:02:04,455] [builder.py:631]            [DEBUG]    | Validating Method: collection_mode                                                                 |
[2022-10-11 11:02:04,455] [builder.py:632]            [DEBUG]    | Value: hide_items                                                                                  |
[2022-10-11 11:02:04,456] [builder.py:627]            [DEBUG]    |                                                                                                    |
[2022-10-11 11:02:04,456] [builder.py:631]            [DEBUG]    | Validating Method: sort_title                                                                      |
[2022-10-11 11:02:04,456] [builder.py:632]            [DEBUG]    | Value: +C1_Transformers                                                                            |
[2022-10-11 11:02:04,661] [builder.py:797]            [INFO]     |                                                                                                    |
[2022-10-11 11:02:04,661] [builder.py:798]            [INFO]     | Validation Successful                                                                              |
[2022-10-11 11:02:04,662] [plex_meta_manager.py:561]  [INFO]     |                                                                                                    |
[2022-10-11 11:02:04,662] [plex_meta_manager.py:563]  [INFO]     |================================= Running Transformers Collection ==================================|
[2022-10-11 11:02:04,662] [plex_meta_manager.py:575]  [INFO]     |                                                                                                    |
[2022-10-11 11:02:04,662] [plex_meta_manager.py:576]  [INFO]     | Sync Mode: append                                                                                  |
[2022-10-11 11:02:04,662] [plex_meta_manager.py:579]  [DEBUG]    |                                                                                                    |
[2022-10-11 11:02:04,663] [plex_meta_manager.py:580]  [DEBUG]    | Builder: tmdb_collection: 8650                                                                     |
[2022-10-11 11:02:04,663] [plex_meta_manager.py:581]  [INFO]     |                                                                                                    |
[2022-10-11 11:02:04,668] [tmdb.py:382]               [INFO]     | Processing TMDb Collection: (8650) Transformers - Saga (5 Items)                                   |
[2022-10-11 11:02:04,668] [builder.py:1540]           [DEBUG]    |                                                                                                    |
[2022-10-11 11:02:04,668] [builder.py:1541]           [DEBUG]    | 5 IDs Found: [(1858, 'tmdb'), (8373, 'tmdb'), (38356, 'tmdb'), (91314, 'tmdb'), (335988, 'tmdb')]  |
[2022-10-11 11:02:04,668] [builder.py:1542]           [DEBUG]    |                                                                                                    |
[2022-10-11 11:02:04,668] [builder.py:2064]           [INFO]     |                                                                                                    |
[2022-10-11 11:02:04,668] [builder.py:2065]           [INFO]     |================================ Adding to Transformers Collection =================================|
[2022-10-11 11:02:04,669] [builder.py:2066]           [INFO]     |                                                                                                    |
[2022-10-11 11:02:04,669] [builder.py:2080]           [INFO]     | 1/5 | Transformers Collection | = | Transformers (2007)                                            |
[2022-10-11 11:02:04,669] [builder.py:2080]           [INFO]     | 2/5 | Transformers Collection | = | Transformers 2 : La Revanche (2009)                            |
[2022-10-11 11:02:04,669] [builder.py:2080]           [INFO]     | 3/5 | Transformers Collection | = | Transformers 3 : La Face cachée de la Lune (2011)              |
[2022-10-11 11:02:04,669] [builder.py:2080]           [INFO]     | 4/5 | Transformers Collection | = | Transformers 4 : L’Âge de l’extinction (2014)                  |
[2022-10-11 11:02:04,669] [builder.py:2080]           [INFO]     | 5/5 | Transformers Collection | = | Transformers 5 : The Last Knight (2017)                        |
[2022-10-11 11:02:04,670] [builder.py:2100]           [INFO]     |                                                                                                    |
[2022-10-11 11:02:04,670] [builder.py:2102]           [INFO]     | 5 Movies Processed 0 Movies Added                                                                  |
[2022-10-11 11:02:04,676] [builder.py:2441]           [INFO]     |                                                                                                    |
[2022-10-11 11:02:04,677] [builder.py:2442]           [INFO]     |=========================== Updating Details of Transformers Collection ============================|
[2022-10-11 11:02:04,677] [builder.py:2443]           [INFO]     |                                                                                                    |
[2022-10-11 11:02:04,686] [builder.py:2509]           [INFO]     | Collection Metadata Edits                                                                          |
                                                                 | Sort Title | +C1_Transformers
[2022-10-11 11:02:04,853] [builder.py:2513]           [INFO]     | Details: have been updated
[2022-10-11 11:02:04,854] [builder.py:2517]           [INFO]     | 
[2022-10-11 11:02:04,854] [builder.py:2580]           [WARNING]  | Asset Warning: Unable to find asset folder: 'Transformers'
[2022-10-11 11:02:04,855] [util.py:150]               [DEBUG]    | 1 poster found:
[2022-10-11 11:02:04,855] [util.py:152]               [DEBUG]    | Method: tmdb_collection_details Poster: https://image.tmdb.org/t/p/original/634HpDF95NXzfExXfmeDNPEwT3r.jpg
[2022-10-11 11:02:04,855] [util.py:150]               [DEBUG]    | 1 background found:
[2022-10-11 11:02:04,855] [util.py:152]               [DEBUG]    | Method: tmdb_collection_details Background: https://image.tmdb.org/t/p/original/zvZBNNDWd5LcsIBpDhJyCB2MDT7.jpg
[2022-10-11 11:02:04,856] [library.py:172]            [INFO]     | Detail: poster update not needed
[2022-10-11 11:02:04,857] [library.py:188]            [INFO]     | Detail: background update not needed
[2022-10-11 11:02:05,057] [plex_meta_manager.py:708]  [INFO]     | 
[2022-10-11 11:02:05,057] [plex_meta_manager.py:709]  [INFO]     |====================================================================================================|
[2022-10-11 11:02:05,058] [plex_meta_manager.py:709]  [INFO]     |                                  Finished Transformers Collection                                  |
[2022-10-11 11:02:05,058] [plex_meta_manager.py:709]  [INFO]     |                                    Collection Run Time: 0:00:00                                    |
[2022-10-11 11:02:05,058] [plex_meta_manager.py:709]  [INFO]     |====================================================================================================|
