[2022-10-11 11:01:41,217] [builder.py:197]            [INFO]     |====================================================================================================|
[2022-10-11 11:01:41,217] [builder.py:197]            [INFO]     |                           Back to the Future Collection in Z. 1 - Films                            |
[2022-10-11 11:01:41,217] [builder.py:197]            [INFO]     |====================================================================================================|
[2022-10-11 11:01:41,217] [builder.py:198]            [INFO]     |                                                                                                    |
[2022-10-11 11:01:41,218] [builder.py:203]            [INFO]     |================================ Building Definition From Templates ================================|
[2022-10-11 11:01:41,218] [builder.py:211]            [DEBUG]    |                                                                                                    |
[2022-10-11 11:01:41,218] [meta.py:128]               [DEBUG]    | Template my_template                                                                               |
[2022-10-11 11:01:41,218] [meta.py:129]               [DEBUG]    | Call: {'value': ['264'], 'tmdb_collection': ['264'], 'key_name': 'Back to the Future', 'key': '264', 'name': 'my_template'} |
[2022-10-11 11:01:41,218] [meta.py:304]               [DEBUG]    |                                                                                                    |
[2022-10-11 11:01:41,218] [meta.py:305]               [DEBUG]    | Variables: {'value': ['264'], 'tmdb_collection': ['264'], 'key_name': 'Back to the Future', 'key': '264', 'name': 'my_template', 'collection_name': 'Back to the Future', 'mapping_name': 'Back to the Future', 'library_type': 'movie', 'library_name': 'Z. 1 - Films', 'value_encoded': '%5B%27264%27%5D', 'tmdb_collection_encoded': '%5B%27264%27%5D', 'key_name_encoded': 'Back%20to%20the%20Future', 'key_encoded': '264', 'name_encoded': 'my_template', 'collection_name_encoded': 'Back%20to%20the%20Future', 'mapping_name_encoded': 'Back%20to%20the%20Future', 'library_type_encoded': 'movie', 'library_name_encoded': 'Z.%201%20-%20Films', 'collection_sort': 'Back to the Future'} |
[2022-10-11 11:01:41,218] [meta.py:306]               [DEBUG]    |                                                                                                    |
[2022-10-11 11:01:41,219] [meta.py:307]               [DEBUG]    | Defaults: {}                                                                                       |
[2022-10-11 11:01:41,219] [meta.py:308]               [DEBUG]    |                                                                                                    |
[2022-10-11 11:01:41,219] [meta.py:309]               [DEBUG]    | Optional: ['my_collection_poster', 'my_collection_poster_encoded']                                 |
[2022-10-11 11:01:41,220] [meta.py:370]               [DEBUG]    |                                                                                                    |
[2022-10-11 11:01:41,220] [meta.py:371]               [DEBUG]    | Final Template Attributes: {'tmdb_collection_details': ['264'], 'collection_order': 'release', 'collection_mode': 'hide_items', 'sort_title': '+C1_Back to the Future'} |
[2022-10-11 11:01:41,220] [meta.py:372]               [DEBUG]    |                                                                                                    |
[2022-10-11 11:01:41,220] [builder.py:219]            [INFO]     |============================= Validating Back to the Future Attributes =============================|
[2022-10-11 11:01:41,220] [builder.py:609]            [DEBUG]    |                                                                                                    |
[2022-10-11 11:01:41,221] [builder.py:610]            [DEBUG]    | Validating Method: collection_order                                                                |
[2022-10-11 11:01:41,221] [builder.py:611]            [DEBUG]    | Value: release                                                                                     |
[2022-10-11 11:01:41,221] [builder.py:627]            [DEBUG]    |                                                                                                    |
[2022-10-11 11:01:41,221] [builder.py:631]            [DEBUG]    | Validating Method: label                                                                           |
[2022-10-11 11:01:41,221] [builder.py:632]            [DEBUG]    | Value: TMDb Collections                                                                            |
[2022-10-11 11:01:41,221] [builder.py:627]            [DEBUG]    |                                                                                                    |
[2022-10-11 11:01:41,221] [builder.py:631]            [DEBUG]    | Validating Method: tmdb_collection_details                                                         |
[2022-10-11 11:01:41,221] [builder.py:632]            [DEBUG]    | Value: ['264']                                                                                     |
[2022-10-11 11:01:41,233] [builder.py:627]            [DEBUG]    |                                                                                                    |
[2022-10-11 11:01:41,234] [builder.py:631]            [DEBUG]    | Validating Method: collection_mode                                                                 |
[2022-10-11 11:01:41,234] [builder.py:632]            [DEBUG]    | Value: hide_items                                                                                  |
[2022-10-11 11:01:41,234] [builder.py:627]            [DEBUG]    |                                                                                                    |
[2022-10-11 11:01:41,234] [builder.py:631]            [DEBUG]    | Validating Method: sort_title                                                                      |
[2022-10-11 11:01:41,235] [builder.py:632]            [DEBUG]    | Value: +C1_Back to the Future                                                                      |
[2022-10-11 11:01:41,432] [builder.py:797]            [INFO]     |                                                                                                    |
[2022-10-11 11:01:41,432] [builder.py:798]            [INFO]     | Validation Successful                                                                              |
[2022-10-11 11:01:41,432] [plex_meta_manager.py:561]  [INFO]     |                                                                                                    |
[2022-10-11 11:01:41,432] [plex_meta_manager.py:563]  [INFO]     |============================== Running Back to the Future Collection ===============================|
[2022-10-11 11:01:41,433] [plex_meta_manager.py:575]  [INFO]     |                                                                                                    |
[2022-10-11 11:01:41,433] [plex_meta_manager.py:576]  [INFO]     | Sync Mode: append                                                                                  |
[2022-10-11 11:01:41,433] [plex_meta_manager.py:579]  [DEBUG]    |                                                                                                    |
[2022-10-11 11:01:41,433] [plex_meta_manager.py:580]  [DEBUG]    | Builder: tmdb_collection: 264                                                                      |
[2022-10-11 11:01:41,433] [plex_meta_manager.py:581]  [INFO]     |                                                                                                    |
[2022-10-11 11:01:41,437] [tmdb.py:382]               [INFO]     | Processing TMDb Collection: (264) Retour vers le futur - Saga (3 Items)                            |
[2022-10-11 11:01:41,438] [builder.py:1540]           [DEBUG]    |                                                                                                    |
[2022-10-11 11:01:41,438] [builder.py:1541]           [DEBUG]    | 3 IDs Found: [(105, 'tmdb'), (165, 'tmdb'), (196, 'tmdb')]                                         |
[2022-10-11 11:01:41,438] [builder.py:1542]           [DEBUG]    |                                                                                                    |
[2022-10-11 11:01:41,438] [builder.py:2064]           [INFO]     |                                                                                                    |
[2022-10-11 11:01:41,438] [builder.py:2065]           [INFO]     |============================= Adding to Back to the Future Collection ==============================|
[2022-10-11 11:01:41,439] [builder.py:2066]           [INFO]     |                                                                                                    |
[2022-10-11 11:01:41,439] [builder.py:2080]           [INFO]     | 1/3 | Back to the Future Collection | = | Retour vers le futur (1985)                              |
[2022-10-11 11:01:41,439] [builder.py:2080]           [INFO]     | 2/3 | Back to the Future Collection | = | Retour vers le futur II (1989)                           |
[2022-10-11 11:01:41,439] [builder.py:2080]           [INFO]     | 3/3 | Back to the Future Collection | = | Retour vers le futur III (1990)                          |
[2022-10-11 11:01:41,440] [builder.py:2100]           [INFO]     |                                                                                                    |
[2022-10-11 11:01:41,440] [builder.py:2102]           [INFO]     | 3 Movies Processed 0 Movies Added                                                                  |
[2022-10-11 11:01:41,447] [builder.py:2441]           [INFO]     |                                                                                                    |
[2022-10-11 11:01:41,447] [builder.py:2442]           [INFO]     |======================== Updating Details of Back to the Future Collection =========================|
[2022-10-11 11:01:41,447] [builder.py:2443]           [INFO]     |                                                                                                    |
[2022-10-11 11:01:41,457] [builder.py:2509]           [INFO]     | Collection Metadata Edits                                                                          |
                                                                 | Sort Title | +C1_Back to the Future
[2022-10-11 11:01:41,624] [builder.py:2513]           [INFO]     | Details: have been updated
[2022-10-11 11:01:41,624] [builder.py:2517]           [INFO]     | 
[2022-10-11 11:01:41,625] [builder.py:2580]           [WARNING]  | Asset Warning: Unable to find asset folder: 'Back to the Future'
[2022-10-11 11:01:41,625] [util.py:150]               [DEBUG]    | 1 poster found:
[2022-10-11 11:01:41,625] [util.py:152]               [DEBUG]    | Method: tmdb_collection_details Poster: https://image.tmdb.org/t/p/original/nykumUbCw1o43fHGkRqj9hO2c2h.jpg
[2022-10-11 11:01:41,625] [util.py:150]               [DEBUG]    | 1 background found:
[2022-10-11 11:01:41,625] [util.py:152]               [DEBUG]    | Method: tmdb_collection_details Background: https://image.tmdb.org/t/p/original/AqQotqj7XOI6GjB28nhMMa8YzOT.jpg
[2022-10-11 11:01:41,626] [library.py:172]            [INFO]     | Detail: poster update not needed
[2022-10-11 11:01:41,627] [library.py:188]            [INFO]     | Detail: background update not needed
[2022-10-11 11:01:41,815] [plex_meta_manager.py:708]  [INFO]     | 
[2022-10-11 11:01:41,816] [plex_meta_manager.py:709]  [INFO]     |====================================================================================================|
[2022-10-11 11:01:41,816] [plex_meta_manager.py:709]  [INFO]     |                               Finished Back to the Future Collection                               |
[2022-10-11 11:01:41,816] [plex_meta_manager.py:709]  [INFO]     |                                    Collection Run Time: 0:00:00                                    |
[2022-10-11 11:01:41,816] [plex_meta_manager.py:709]  [INFO]     |====================================================================================================|
