[2022-10-11 11:18:26,826] [builder.py:200]            [INFO]     |====================================================================================================|
[2022-10-11 11:18:26,826] [builder.py:200]            [INFO]     |                                 Batman Collection in Z. 1 - Films                                  |
[2022-10-11 11:18:26,826] [builder.py:200]            [INFO]     |====================================================================================================|
[2022-10-11 11:18:26,826] [builder.py:201]            [INFO]     |                                                                                                    |
[2022-10-11 11:18:26,826] [builder.py:206]            [INFO]     |================================ Building Definition From Templates ================================|
[2022-10-11 11:18:26,827] [builder.py:222]            [DEBUG]    |                                                                                                    |
[2022-10-11 11:18:26,827] [meta.py:128]               [DEBUG]    | Template my_template                                                                               |
[2022-10-11 11:18:26,827] [meta.py:129]               [DEBUG]    | Call: {'value': ['948485'], 'tmdb_collection': ['948485'], 'key_name': 'Batman', 'key': '948485', 'name': 'my_template'} |
[2022-10-11 11:18:26,827] [meta.py:304]               [DEBUG]    |                                                                                                    |
[2022-10-11 11:18:26,828] [meta.py:305]               [DEBUG]    | Variables: {'value': ['948485'], 'tmdb_collection': ['948485'], 'key_name': 'Batman', 'key': '948485', 'name': 'my_template', 'collection_name': 'Batman', 'mapping_name': 'Batman', 'library_type': 'movie', 'library_name': 'Z. 1 - Films', 'value_encoded': '%5B%27948485%27%5D', 'tmdb_collection_encoded': '%5B%27948485%27%5D', 'key_name_encoded': 'Batman', 'key_encoded': '948485', 'name_encoded': 'my_template', 'collection_name_encoded': 'Batman', 'mapping_name_encoded': 'Batman', 'library_type_encoded': 'movie', 'library_name_encoded': 'Z.%201%20-%20Films', 'collection_sort': 'Batman'} |
[2022-10-11 11:18:26,828] [meta.py:306]               [DEBUG]    |                                                                                                    |
[2022-10-11 11:18:26,828] [meta.py:307]               [DEBUG]    | Defaults: {}                                                                                       |
[2022-10-11 11:18:26,828] [meta.py:308]               [DEBUG]    |                                                                                                    |
[2022-10-11 11:18:26,828] [meta.py:309]               [DEBUG]    | Optional: ['my_collection_poster', 'my_collection_poster_encoded']                                 |
[2022-10-11 11:18:26,829] [meta.py:370]               [DEBUG]    |                                                                                                    |
[2022-10-11 11:18:26,829] [meta.py:371]               [DEBUG]    | Final Template Attributes: {'tmdb_collection_details': ['948485'], 'collection_order': 'release', 'collection_mode': 'hide_items', 'sort_title': '+C1_Batman'} |
[2022-10-11 11:18:26,829] [meta.py:372]               [DEBUG]    |                                                                                                    |
[2022-10-11 11:18:26,830] [builder.py:230]            [INFO]     |=================================== Validating Batman Attributes ===================================|
[2022-10-11 11:18:26,830] [builder.py:620]            [DEBUG]    |                                                                                                    |
[2022-10-11 11:18:26,830] [builder.py:621]            [DEBUG]    | Validating Method: collection_order                                                                |
[2022-10-11 11:18:26,830] [builder.py:622]            [DEBUG]    | Value: release                                                                                     |
[2022-10-11 11:18:26,830] [builder.py:653]            [DEBUG]    |                                                                                                    |
[2022-10-11 11:18:26,830] [builder.py:657]            [DEBUG]    | Validating Method: label                                                                           |
[2022-10-11 11:18:26,830] [builder.py:658]            [DEBUG]    | Value: TMDb Collections                                                                            |
[2022-10-11 11:18:26,830] [builder.py:653]            [DEBUG]    |                                                                                                    |
[2022-10-11 11:18:26,831] [builder.py:657]            [DEBUG]    | Validating Method: tmdb_collection_details                                                         |
[2022-10-11 11:18:26,831] [builder.py:658]            [DEBUG]    | Value: ['948485']                                                                                  |
[2022-10-11 11:18:26,967] [builder.py:653]            [DEBUG]    |                                                                                                    |
[2022-10-11 11:18:26,967] [builder.py:657]            [DEBUG]    | Validating Method: collection_mode                                                                 |
[2022-10-11 11:18:26,968] [builder.py:658]            [DEBUG]    | Value: hide_items                                                                                  |
[2022-10-11 11:18:26,968] [builder.py:653]            [DEBUG]    |                                                                                                    |
[2022-10-11 11:18:26,968] [builder.py:657]            [DEBUG]    | Validating Method: sort_title                                                                      |
[2022-10-11 11:18:26,968] [builder.py:658]            [DEBUG]    | Value: +C1_Batman                                                                                  |
[2022-10-11 11:18:27,169] [builder.py:823]            [INFO]     |                                                                                                    |
[2022-10-11 11:18:27,170] [builder.py:824]            [INFO]     | Validation Successful                                                                              |
[2022-10-11 11:18:27,170] [plex_meta_manager.py:561]  [INFO]     |                                                                                                    |
[2022-10-11 11:18:27,170] [plex_meta_manager.py:563]  [INFO]     |==================================== Running Batman Collection =====================================|
[2022-10-11 11:18:27,170] [plex_meta_manager.py:575]  [INFO]     |                                                                                                    |
[2022-10-11 11:18:27,170] [plex_meta_manager.py:576]  [INFO]     | Sync Mode: append                                                                                  |
[2022-10-11 11:18:27,170] [plex_meta_manager.py:579]  [DEBUG]    |                                                                                                    |
[2022-10-11 11:18:27,171] [plex_meta_manager.py:580]  [DEBUG]    | Builder: tmdb_collection: 948485                                                                   |
[2022-10-11 11:18:27,171] [plex_meta_manager.py:581]  [INFO]     |                                                                                                    |
[2022-10-11 11:18:27,176] [tmdb.py:381]               [INFO]     | Processing TMDb Collection: (948485) The Batman - Saga (2 Items)                                   |
[2022-10-11 11:18:27,176] [builder.py:1581]           [DEBUG]    |                                                                                                    |
[2022-10-11 11:18:27,176] [builder.py:1582]           [DEBUG]    | 2 IDs Found: [(414906, 'tmdb'), (806704, 'tmdb')]                                                  |
[2022-10-11 11:18:27,176] [builder.py:1583]           [DEBUG]    |                                                                                                    |
[2022-10-11 11:18:27,177] [builder.py:2132]           [INFO]     |                                                                                                    |
[2022-10-11 11:18:27,177] [builder.py:2133]           [INFO]     |=================================== Adding to Batman Collection ====================================|
[2022-10-11 11:18:27,177] [builder.py:2134]           [INFO]     |                                                                                                    |
[2022-10-11 11:18:27,178] [builder.py:2148]           [INFO]     | 1/1 | Batman Collection | + | The Batman (2022)                                                    |
[2022-10-11 11:18:27,920] [builder.py:2168]           [INFO]     |                                                                                                    |
[2022-10-11 11:18:27,920] [builder.py:2170]           [INFO]     | 1 Movie Processed 1 Movie Added                                                                    |
[2022-10-11 11:18:27,921] [builder.py:2300]           [INFO]     |                                                                                                    |
[2022-10-11 11:18:27,921] [builder.py:2301]           [INFO]     |============================ Missing Movies from Library: Z. 1 - Films =============================|
[2022-10-11 11:18:27,921] [builder.py:2302]           [INFO]     |                                                                                                    |
[2022-10-11 11:18:27,956] [builder.py:2315]           [INFO]     | Batman Collection | ? | The Batman 2 (TMDb: 806704)                                                |
[2022-10-11 11:18:27,956] [builder.py:2320]           [INFO]     |                                                                                                    |
[2022-10-11 11:18:27,956] [builder.py:2321]           [INFO]     | 1 Movie Missing                                                                                    |
[2022-10-11 11:18:27,981] [builder.py:2521]           [INFO]     |                                                                                                    |
[2022-10-11 11:18:27,981] [builder.py:2522]           [INFO]     |============================== Updating Details of Batman Collection ===============================|
[2022-10-11 11:18:27,981] [builder.py:2523]           [INFO]     |                                                                                                    |
[2022-10-11 11:18:27,990] [builder.py:2589]           [INFO]     | Collection Metadata Edits                                                                          |
[2022-10-11 11:18:27,990] [builder.py:2660]           [WARNING]  | Asset Warning: Unable to find asset folder: 'Batman'                                               |
[2022-10-11 11:18:27,991] [util.py:171]               [DEBUG]    | 1 poster found:                                                                                    |
[2022-10-11 11:18:27,991] [util.py:173]               [DEBUG]    | Method: tmdb_collection_details Poster: https://image.tmdb.org/t/p/original/rTCJB5axQ8XOmGbpJBsiHkhKq14.jpg |
[2022-10-11 11:18:27,991] [util.py:171]               [DEBUG]    | 1 background found:                                                                                |
[2022-10-11 11:18:27,991] [util.py:173]               [DEBUG]    | Method: tmdb_collection_details Background: https://image.tmdb.org/t/p/original/qS2ViQwlWUECiAdkIuEaJZoq0QW.jpg |
[2022-10-11 11:18:28,185] [library.py:171]            [INFO]     | Detail: tmdb_collection_details updated poster to [URL] https://image.tmdb.org/t/p/original/rTCJB5axQ8XOmGbpJBsiHkhKq14.jpg |
[2022-10-11 11:18:28,455] [library.py:187]            [INFO]     | Detail: tmdb_collection_details updated background to [URL] https://image.tmdb.org/t/p/original/qS2ViQwlWUECiAdkIuEaJZoq0QW.jpg |
[2022-10-11 11:18:28,737] [plex_meta_manager.py:708]  [INFO]     |                                                                                                    |
[2022-10-11 11:18:28,737] [plex_meta_manager.py:709]  [INFO]     |====================================================================================================|
[2022-10-11 11:18:28,738] [plex_meta_manager.py:709]  [INFO]     |                                     Finished Batman Collection                                     |
[2022-10-11 11:18:28,738] [plex_meta_manager.py:709]  [INFO]     |                                    Collection Run Time: 0:00:01                                    |
[2022-10-11 11:18:28,738] [plex_meta_manager.py:709]  [INFO]     |====================================================================================================|
