[2022-10-11 11:18:38,429] [builder.py:200]            [INFO]     |====================================================================================================|
[2022-10-11 11:18:38,430] [builder.py:200]            [INFO]     |                                Deadpool Collection in Z. 1 - Films                                 |
[2022-10-11 11:18:38,430] [builder.py:200]            [INFO]     |====================================================================================================|
[2022-10-11 11:18:38,430] [builder.py:201]            [INFO]     |                                                                                                    |
[2022-10-11 11:18:38,430] [builder.py:206]            [INFO]     |================================ Building Definition From Templates ================================|
[2022-10-11 11:18:38,430] [builder.py:222]            [DEBUG]    |                                                                                                    |
[2022-10-11 11:18:38,430] [meta.py:128]               [DEBUG]    | Template my_template                                                                               |
[2022-10-11 11:18:38,430] [meta.py:129]               [DEBUG]    | Call: {'value': ['448150'], 'tmdb_collection': ['448150'], 'key_name': 'Deadpool', 'key': '448150', 'name': 'my_template'} |
[2022-10-11 11:18:38,431] [meta.py:304]               [DEBUG]    |                                                                                                    |
[2022-10-11 11:18:38,431] [meta.py:305]               [DEBUG]    | Variables: {'value': ['448150'], 'tmdb_collection': ['448150'], 'key_name': 'Deadpool', 'key': '448150', 'name': 'my_template', 'collection_name': 'Deadpool', 'mapping_name': 'Deadpool', 'library_type': 'movie', 'library_name': 'Z. 1 - Films', 'value_encoded': '%5B%27448150%27%5D', 'tmdb_collection_encoded': '%5B%27448150%27%5D', 'key_name_encoded': 'Deadpool', 'key_encoded': '448150', 'name_encoded': 'my_template', 'collection_name_encoded': 'Deadpool', 'mapping_name_encoded': 'Deadpool', 'library_type_encoded': 'movie', 'library_name_encoded': 'Z.%201%20-%20Films', 'collection_sort': 'Deadpool'} |
[2022-10-11 11:18:38,431] [meta.py:306]               [DEBUG]    |                                                                                                    |
[2022-10-11 11:18:38,431] [meta.py:307]               [DEBUG]    | Defaults: {}                                                                                       |
[2022-10-11 11:18:38,431] [meta.py:308]               [DEBUG]    |                                                                                                    |
[2022-10-11 11:18:38,431] [meta.py:309]               [DEBUG]    | Optional: ['my_collection_poster', 'my_collection_poster_encoded']                                 |
[2022-10-11 11:18:38,432] [meta.py:370]               [DEBUG]    |                                                                                                    |
[2022-10-11 11:18:38,432] [meta.py:371]               [DEBUG]    | Final Template Attributes: {'tmdb_collection_details': ['448150'], 'collection_order': 'release', 'collection_mode': 'hide_items', 'sort_title': '+C1_Deadpool'} |
[2022-10-11 11:18:38,432] [meta.py:372]               [DEBUG]    |                                                                                                    |
[2022-10-11 11:18:38,432] [builder.py:230]            [INFO]     |================================== Validating Deadpool Attributes ==================================|
[2022-10-11 11:18:38,433] [builder.py:620]            [DEBUG]    |                                                                                                    |
[2022-10-11 11:18:38,433] [builder.py:621]            [DEBUG]    | Validating Method: collection_order                                                                |
[2022-10-11 11:18:38,433] [builder.py:622]            [DEBUG]    | Value: release                                                                                     |
[2022-10-11 11:18:38,433] [builder.py:653]            [DEBUG]    |                                                                                                    |
[2022-10-11 11:18:38,433] [builder.py:657]            [DEBUG]    | Validating Method: label                                                                           |
[2022-10-11 11:18:38,433] [builder.py:658]            [DEBUG]    | Value: TMDb Collections                                                                            |
[2022-10-11 11:18:38,433] [builder.py:653]            [DEBUG]    |                                                                                                    |
[2022-10-11 11:18:38,433] [builder.py:657]            [DEBUG]    | Validating Method: tmdb_collection_details                                                         |
[2022-10-11 11:18:38,434] [builder.py:658]            [DEBUG]    | Value: ['448150']                                                                                  |
[2022-10-11 11:18:38,446] [builder.py:653]            [DEBUG]    |                                                                                                    |
[2022-10-11 11:18:38,447] [builder.py:657]            [DEBUG]    | Validating Method: collection_mode                                                                 |
[2022-10-11 11:18:38,447] [builder.py:658]            [DEBUG]    | Value: hide_items                                                                                  |
[2022-10-11 11:18:38,447] [builder.py:653]            [DEBUG]    |                                                                                                    |
[2022-10-11 11:18:38,447] [builder.py:657]            [DEBUG]    | Validating Method: sort_title                                                                      |
[2022-10-11 11:18:38,448] [builder.py:658]            [DEBUG]    | Value: +C1_Deadpool                                                                                |
[2022-10-11 11:18:38,644] [builder.py:823]            [INFO]     |                                                                                                    |
[2022-10-11 11:18:38,645] [builder.py:824]            [INFO]     | Validation Successful                                                                              |
[2022-10-11 11:18:38,645] [plex_meta_manager.py:561]  [INFO]     |                                                                                                    |
[2022-10-11 11:18:38,645] [plex_meta_manager.py:563]  [INFO]     |=================================== Running Deadpool Collection ====================================|
[2022-10-11 11:18:38,646] [plex_meta_manager.py:575]  [INFO]     |                                                                                                    |
[2022-10-11 11:18:38,646] [plex_meta_manager.py:576]  [INFO]     | Sync Mode: append                                                                                  |
[2022-10-11 11:18:38,646] [plex_meta_manager.py:579]  [DEBUG]    |                                                                                                    |
[2022-10-11 11:18:38,646] [plex_meta_manager.py:580]  [DEBUG]    | Builder: tmdb_collection: 448150                                                                   |
[2022-10-11 11:18:38,646] [plex_meta_manager.py:581]  [INFO]     |                                                                                                    |
[2022-10-11 11:18:38,651] [tmdb.py:381]               [INFO]     | Processing TMDb Collection: (448150) Deadpool - Saga (3 Items)                                     |
[2022-10-11 11:18:38,651] [builder.py:1581]           [DEBUG]    |                                                                                                    |
[2022-10-11 11:18:38,652] [builder.py:1582]           [DEBUG]    | 3 IDs Found: [(293660, 'tmdb'), (383498, 'tmdb'), (533535, 'tmdb')]                                |
[2022-10-11 11:18:38,652] [builder.py:1583]           [DEBUG]    |                                                                                                    |
[2022-10-11 11:18:38,652] [builder.py:2132]           [INFO]     |                                                                                                    |
[2022-10-11 11:18:38,652] [builder.py:2133]           [INFO]     |================================== Adding to Deadpool Collection ===================================|
[2022-10-11 11:18:38,652] [builder.py:2134]           [INFO]     |                                                                                                    |
[2022-10-11 11:18:38,652] [builder.py:2148]           [INFO]     | 1/2 | Deadpool Collection | = | Deadpool (2016)                                                    |
[2022-10-11 11:18:38,653] [builder.py:2148]           [INFO]     | 2/2 | Deadpool Collection | = | Deadpool 2 (2018)                                                  |
[2022-10-11 11:18:38,653] [builder.py:2168]           [INFO]     |                                                                                                    |
[2022-10-11 11:18:38,653] [builder.py:2170]           [INFO]     | 2 Movies Processed 0 Movies Added                                                                  |
[2022-10-11 11:18:38,653] [builder.py:2300]           [INFO]     |                                                                                                    |
[2022-10-11 11:18:38,653] [builder.py:2301]           [INFO]     |============================ Missing Movies from Library: Z. 1 - Films =============================|
[2022-10-11 11:18:38,653] [builder.py:2302]           [INFO]     |                                                                                                    |
[2022-10-11 11:18:38,665] [builder.py:2315]           [INFO]     | Deadpool Collection | ? | Deadpool 3 (2024) (TMDb: 533535)                                         |
[2022-10-11 11:18:38,665] [builder.py:2320]           [INFO]     |                                                                                                    |
[2022-10-11 11:18:38,665] [builder.py:2321]           [INFO]     | 1 Movie Missing                                                                                    |
[2022-10-11 11:18:38,700] [builder.py:2521]           [INFO]     |                                                                                                    |
[2022-10-11 11:18:38,701] [builder.py:2522]           [INFO]     |============================= Updating Details of Deadpool Collection ==============================|
[2022-10-11 11:18:38,701] [builder.py:2523]           [INFO]     |                                                                                                    |
[2022-10-11 11:18:38,710] [builder.py:2589]           [INFO]     | Collection Metadata Edits                                                                          |
[2022-10-11 11:18:38,710] [builder.py:2660]           [WARNING]  | Asset Warning: Unable to find asset folder: 'Deadpool'                                             |
[2022-10-11 11:18:38,710] [util.py:171]               [DEBUG]    | 1 poster found:                                                                                    |
[2022-10-11 11:18:38,711] [util.py:173]               [DEBUG]    | Method: tmdb_collection_details Poster: https://image.tmdb.org/t/p/original/7TinzqrQnJsvHHGsDkKz6fjow30.jpg |
[2022-10-11 11:18:38,711] [util.py:171]               [DEBUG]    | 1 background found:                                                                                |
[2022-10-11 11:18:38,711] [util.py:173]               [DEBUG]    | Method: tmdb_collection_details Background: https://image.tmdb.org/t/p/original/hBQOWY8qWXJVFAc8yLTh1teIu43.jpg |
[2022-10-11 11:18:38,712] [library.py:173]            [INFO]     | Detail: poster update not needed                                                                   |
[2022-10-11 11:18:38,713] [library.py:189]            [INFO]     | Detail: background update not needed                                                               |
[2022-10-11 11:18:38,900] [plex_meta_manager.py:708]  [INFO]     |                                                                                                    |
[2022-10-11 11:18:38,900] [plex_meta_manager.py:709]  [INFO]     |====================================================================================================|
[2022-10-11 11:18:38,900] [plex_meta_manager.py:709]  [INFO]     |                                    Finished Deadpool Collection                                    |
[2022-10-11 11:18:38,901] [plex_meta_manager.py:709]  [INFO]     |                                    Collection Run Time: 0:00:00                                    |
[2022-10-11 11:18:38,901] [plex_meta_manager.py:709]  [INFO]     |====================================================================================================|
