[2022-10-11 09:24:13,944] [builder.py:197]            [INFO]     |====================================================================================================|
[2022-10-11 09:24:13,944] [builder.py:197]            [INFO]     |                                   RED Collection in Z. 1 - Films                                   |
[2022-10-11 09:24:13,944] [builder.py:197]            [INFO]     |====================================================================================================|
[2022-10-11 09:24:13,944] [builder.py:198]            [INFO]     |                                                                                                    |
[2022-10-11 09:24:13,944] [builder.py:203]            [INFO]     |================================ Building Definition From Templates ================================|
[2022-10-11 09:24:13,945] [builder.py:211]            [DEBUG]    |                                                                                                    |
[2022-10-11 09:24:13,945] [meta.py:128]               [DEBUG]    | Template my_template                                                                               |
[2022-10-11 09:24:13,945] [meta.py:129]               [DEBUG]    | Call: {'value': ['163902'], 'tmdb_collection': ['163902'], 'key_name': 'RED', 'key': '163902', 'name': 'my_template'} |
[2022-10-11 09:24:13,945] [meta.py:304]               [DEBUG]    |                                                                                                    |
[2022-10-11 09:24:13,946] [meta.py:305]               [DEBUG]    | Variables: {'value': ['163902'], 'tmdb_collection': ['163902'], 'key_name': 'RED', 'key': '163902', 'name': 'my_template', 'collection_name': 'RED', 'mapping_name': 'RED', 'library_type': 'movie', 'library_name': 'Z. 1 - Films', 'value_encoded': '%5B%27163902%27%5D', 'tmdb_collection_encoded': '%5B%27163902%27%5D', 'key_name_encoded': 'RED', 'key_encoded': '163902', 'name_encoded': 'my_template', 'collection_name_encoded': 'RED', 'mapping_name_encoded': 'RED', 'library_type_encoded': 'movie', 'library_name_encoded': 'Z.%201%20-%20Films', 'collection_sort': 'RED'} |
[2022-10-11 09:24:13,946] [meta.py:306]               [DEBUG]    |                                                                                                    |
[2022-10-11 09:24:13,946] [meta.py:307]               [DEBUG]    | Defaults: {}                                                                                       |
[2022-10-11 09:24:13,946] [meta.py:308]               [DEBUG]    |                                                                                                    |
[2022-10-11 09:24:13,946] [meta.py:309]               [DEBUG]    | Optional: ['my_collection_poster', 'my_collection_poster_encoded']                                 |
[2022-10-11 09:24:13,947] [meta.py:370]               [DEBUG]    |                                                                                                    |
[2022-10-11 09:24:13,947] [meta.py:371]               [DEBUG]    | Final Template Attributes: {'tmdb_collection_details': ['163902'], 'collection_order': 'release', 'collection_mode': 'hide_items'} |
[2022-10-11 09:24:13,947] [meta.py:372]               [DEBUG]    |                                                                                                    |
[2022-10-11 09:24:13,948] [builder.py:219]            [INFO]     |==================================== Validating RED Attributes =====================================|
[2022-10-11 09:24:13,948] [builder.py:609]            [DEBUG]    |                                                                                                    |
[2022-10-11 09:24:13,948] [builder.py:610]            [DEBUG]    | Validating Method: collection_order                                                                |
[2022-10-11 09:24:13,948] [builder.py:611]            [DEBUG]    | Value: release                                                                                     |
[2022-10-11 09:24:13,948] [builder.py:627]            [DEBUG]    |                                                                                                    |
[2022-10-11 09:24:13,949] [builder.py:631]            [DEBUG]    | Validating Method: label                                                                           |
[2022-10-11 09:24:13,949] [builder.py:632]            [DEBUG]    | Value: TMDb Collections                                                                            |
[2022-10-11 09:24:13,949] [builder.py:627]            [DEBUG]    |                                                                                                    |
[2022-10-11 09:24:13,949] [builder.py:631]            [DEBUG]    | Validating Method: tmdb_collection_details                                                         |
[2022-10-11 09:24:13,949] [builder.py:632]            [DEBUG]    | Value: ['163902']                                                                                  |
[2022-10-11 09:24:13,960] [builder.py:627]            [DEBUG]    |                                                                                                    |
[2022-10-11 09:24:13,961] [builder.py:631]            [DEBUG]    | Validating Method: collection_mode                                                                 |
[2022-10-11 09:24:13,961] [builder.py:632]            [DEBUG]    | Value: hide_items                                                                                  |
[2022-10-11 09:24:13,967] [plex.py:790]               [DEBUG]    |                                                                                                    |
[2022-10-11 09:24:13,967] [plex.py:792]               [DEBUG]    | Found: Reddit                                                                                      |
[2022-10-11 09:24:13,968] [plex.py:793]               [DEBUG]    | Looking for: RED                                                                                   |
[2022-10-11 09:24:13,968] [builder.py:797]            [INFO]     |                                                                                                    |
[2022-10-11 09:24:13,968] [builder.py:798]            [INFO]     | Validation Successful                                                                              |
[2022-10-11 09:24:13,968] [plex_meta_manager.py:561]  [INFO]     |                                                                                                    |
[2022-10-11 09:24:13,968] [plex_meta_manager.py:563]  [INFO]     |====================================== Running RED Collection ======================================|
[2022-10-11 09:24:13,969] [plex_meta_manager.py:575]  [INFO]     |                                                                                                    |
[2022-10-11 09:24:13,969] [plex_meta_manager.py:576]  [INFO]     | Sync Mode: append                                                                                  |
[2022-10-11 09:24:13,969] [plex_meta_manager.py:579]  [DEBUG]    |                                                                                                    |
[2022-10-11 09:24:13,969] [plex_meta_manager.py:580]  [DEBUG]    | Builder: tmdb_collection: 163902                                                                   |
[2022-10-11 09:24:13,969] [plex_meta_manager.py:581]  [INFO]     |                                                                                                    |
[2022-10-11 09:24:13,975] [tmdb.py:382]               [INFO]     | Processing TMDb Collection: (163902) RED - Saga (2 Items)                                          |
[2022-10-11 09:24:13,975] [builder.py:1540]           [DEBUG]    |                                                                                                    |
[2022-10-11 09:24:13,975] [builder.py:1541]           [DEBUG]    | 2 IDs Found: [(39514, 'tmdb'), (146216, 'tmdb')]                                                   |
[2022-10-11 09:24:13,976] [builder.py:1542]           [DEBUG]    |                                                                                                    |
[2022-10-11 09:24:13,976] [builder.py:2064]           [INFO]     |                                                                                                    |
[2022-10-11 09:24:13,976] [builder.py:2065]           [INFO]     |===================================== Adding to RED Collection =====================================|
[2022-10-11 09:24:13,976] [builder.py:2066]           [INFO]     |                                                                                                    |
[2022-10-11 09:24:13,977] [builder.py:2080]           [INFO]     | 1/2 | RED Collection | + | Red (2010)                                                              |
[2022-10-11 09:24:14,330] [builder.py:2080]           [INFO]     | 2/2 | RED Collection | + | Red 2 (2013)                                                            |
[2022-10-11 09:24:17,214] [builder.py:2100]           [INFO]     |                                                                                                    |
[2022-10-11 09:24:17,215] [builder.py:2102]           [INFO]     | 2 Movies Processed 2 Movies Added                                                                  |
[2022-10-11 09:24:17,222] [builder.py:2441]           [INFO]     |                                                                                                    |
[2022-10-11 09:24:17,222] [builder.py:2442]           [INFO]     |================================ Updating Details of RED Collection ================================|
[2022-10-11 09:24:17,223] [builder.py:2443]           [INFO]     |                                                                                                    |
[2022-10-11 09:24:17,392] [builder.py:2509]           [INFO]     | Collection Metadata Edits                                                                          |
                                                                 | Summary (tmdb_collection_details) | Les aventures des Retraités Extrêmement Dangereux.
                                                                 | Label | +TMDb Collections, +PMM
[2022-10-11 09:24:17,609] [builder.py:2513]           [INFO]     | Details: have been updated
[2022-10-11 09:24:17,609] [builder.py:2517]           [INFO]     | 
[2022-10-11 09:24:17,792] [builder.py:2529]           [INFO]     | Collection Mode | hideItems
[2022-10-11 09:24:17,792] [builder.py:2580]           [WARNING]  | Asset Warning: Unable to find asset folder: 'RED'
[2022-10-11 09:24:17,792] [util.py:150]               [DEBUG]    | 1 poster found:
[2022-10-11 09:24:17,793] [util.py:152]               [DEBUG]    | Method: tmdb_collection_details Poster: https://image.tmdb.org/t/p/original/yQ9nYolFKuJrVXMTGOsHMfzlSrT.jpg
[2022-10-11 09:24:17,793] [util.py:150]               [DEBUG]    | 1 background found:
[2022-10-11 09:24:17,793] [util.py:152]               [DEBUG]    | Method: tmdb_collection_details Background: https://image.tmdb.org/t/p/original/fLQjbO5Y2a4hXTPYsZCcWAdjcdS.jpg
[2022-10-11 09:24:17,821] [library.py:170]            [INFO]     | Detail: tmdb_collection_details updated poster to [URL] https://image.tmdb.org/t/p/original/yQ9nYolFKuJrVXMTGOsHMfzlSrT.jpg
[2022-10-11 09:24:17,860] [library.py:186]            [INFO]     | Detail: tmdb_collection_details updated background to [URL] https://image.tmdb.org/t/p/original/fLQjbO5Y2a4hXTPYsZCcWAdjcdS.jpg
[2022-10-11 09:24:18,095] [plex_meta_manager.py:708]  [INFO]     | 
[2022-10-11 09:24:18,096] [plex_meta_manager.py:709]  [INFO]     |====================================================================================================|
[2022-10-11 09:24:18,096] [plex_meta_manager.py:709]  [INFO]     |                                      Finished RED Collection                                       |
[2022-10-11 09:24:18,096] [plex_meta_manager.py:709]  [INFO]     |                                    Collection Run Time: 0:00:04                                    |
[2022-10-11 09:24:18,097] [plex_meta_manager.py:709]  [INFO]     |====================================================================================================|
