[2022-10-11 11:01:30,529] [builder.py:197]            [INFO]     |====================================================================================================|
[2022-10-11 11:01:30,529] [builder.py:197]            [INFO]     |                                   Viy Collection in Z. 1 - Films                                   |
[2022-10-11 11:01:30,529] [builder.py:197]            [INFO]     |====================================================================================================|
[2022-10-11 11:01:30,530] [builder.py:198]            [INFO]     |                                                                                                    |
[2022-10-11 11:01:30,530] [builder.py:203]            [INFO]     |================================ Building Definition From Templates ================================|
[2022-10-11 11:01:30,530] [builder.py:211]            [DEBUG]    |                                                                                                    |
[2022-10-11 11:01:30,530] [meta.py:128]               [DEBUG]    | Template my_template                                                                               |
[2022-10-11 11:01:30,530] [meta.py:129]               [DEBUG]    | Call: {'value': ['428046'], 'tmdb_collection': ['428046'], 'key_name': 'Viy', 'key': '428046', 'name': 'my_template'} |
[2022-10-11 11:01:30,530] [meta.py:304]               [DEBUG]    |                                                                                                    |
[2022-10-11 11:01:30,531] [meta.py:305]               [DEBUG]    | Variables: {'value': ['428046'], 'tmdb_collection': ['428046'], 'key_name': 'Viy', 'key': '428046', 'name': 'my_template', 'collection_name': 'Viy', 'mapping_name': 'Viy', 'library_type': 'movie', 'library_name': 'Z. 1 - Films', 'value_encoded': '%5B%27428046%27%5D', 'tmdb_collection_encoded': '%5B%27428046%27%5D', 'key_name_encoded': 'Viy', 'key_encoded': '428046', 'name_encoded': 'my_template', 'collection_name_encoded': 'Viy', 'mapping_name_encoded': 'Viy', 'library_type_encoded': 'movie', 'library_name_encoded': 'Z.%201%20-%20Films', 'collection_sort': 'Viy'} |
[2022-10-11 11:01:30,531] [meta.py:306]               [DEBUG]    |                                                                                                    |
[2022-10-11 11:01:30,531] [meta.py:307]               [DEBUG]    | Defaults: {}                                                                                       |
[2022-10-11 11:01:30,531] [meta.py:308]               [DEBUG]    |                                                                                                    |
[2022-10-11 11:01:30,531] [meta.py:309]               [DEBUG]    | Optional: ['my_collection_poster', 'my_collection_poster_encoded']                                 |
[2022-10-11 11:01:30,532] [meta.py:370]               [DEBUG]    |                                                                                                    |
[2022-10-11 11:01:30,532] [meta.py:371]               [DEBUG]    | Final Template Attributes: {'tmdb_collection_details': ['428046'], 'collection_order': 'release', 'collection_mode': 'hide_items', 'sort_title': '+C1_Viy'} |
[2022-10-11 11:01:30,532] [meta.py:372]               [DEBUG]    |                                                                                                    |
[2022-10-11 11:01:30,532] [builder.py:219]            [INFO]     |==================================== Validating Viy Attributes =====================================|
[2022-10-11 11:01:30,532] [builder.py:609]            [DEBUG]    |                                                                                                    |
[2022-10-11 11:01:30,533] [builder.py:610]            [DEBUG]    | Validating Method: collection_order                                                                |
[2022-10-11 11:01:30,533] [builder.py:611]            [DEBUG]    | Value: release                                                                                     |
[2022-10-11 11:01:30,533] [builder.py:627]            [DEBUG]    |                                                                                                    |
[2022-10-11 11:01:30,533] [builder.py:631]            [DEBUG]    | Validating Method: label                                                                           |
[2022-10-11 11:01:30,533] [builder.py:632]            [DEBUG]    | Value: TMDb Collections                                                                            |
[2022-10-11 11:01:30,533] [builder.py:627]            [DEBUG]    |                                                                                                    |
[2022-10-11 11:01:30,533] [builder.py:631]            [DEBUG]    | Validating Method: tmdb_collection_details                                                         |
[2022-10-11 11:01:30,533] [builder.py:632]            [DEBUG]    | Value: ['428046']                                                                                  |
[2022-10-11 11:01:30,546] [builder.py:627]            [DEBUG]    |                                                                                                    |
[2022-10-11 11:01:30,546] [builder.py:631]            [DEBUG]    | Validating Method: collection_mode                                                                 |
[2022-10-11 11:01:30,547] [builder.py:632]            [DEBUG]    | Value: hide_items                                                                                  |
[2022-10-11 11:01:30,547] [builder.py:627]            [DEBUG]    |                                                                                                    |
[2022-10-11 11:01:30,547] [builder.py:631]            [DEBUG]    | Validating Method: sort_title                                                                      |
[2022-10-11 11:01:30,547] [builder.py:632]            [DEBUG]    | Value: +C1_Viy                                                                                     |
[2022-10-11 11:01:30,554] [plex.py:790]               [DEBUG]    |                                                                                                    |
[2022-10-11 11:01:30,554] [plex.py:793]               [DEBUG]    | Looking for: Viy                                                                                   |
[2022-10-11 11:01:30,554] [builder.py:797]            [INFO]     |                                                                                                    |
[2022-10-11 11:01:30,554] [builder.py:798]            [INFO]     | Validation Successful                                                                              |
[2022-10-11 11:01:30,555] [plex_meta_manager.py:561]  [INFO]     |                                                                                                    |
[2022-10-11 11:01:30,555] [plex_meta_manager.py:563]  [INFO]     |====================================== Running Viy Collection ======================================|
[2022-10-11 11:01:30,555] [plex_meta_manager.py:575]  [INFO]     |                                                                                                    |
[2022-10-11 11:01:30,555] [plex_meta_manager.py:576]  [INFO]     | Sync Mode: append                                                                                  |
[2022-10-11 11:01:30,555] [plex_meta_manager.py:579]  [DEBUG]    |                                                                                                    |
[2022-10-11 11:01:30,555] [plex_meta_manager.py:580]  [DEBUG]    | Builder: tmdb_collection: 428046                                                                   |
[2022-10-11 11:01:30,555] [plex_meta_manager.py:581]  [INFO]     |                                                                                                    |
[2022-10-11 11:01:30,560] [tmdb.py:382]               [INFO]     | Processing TMDb Collection: (428046) La Légende de Viy - Saga (3 Items)                            |
[2022-10-11 11:01:30,560] [builder.py:1540]           [DEBUG]    |                                                                                                    |
[2022-10-11 11:01:30,561] [builder.py:1541]           [DEBUG]    | 3 IDs Found: [(208763, 'tmdb'), (428045, 'tmdb'), (576788, 'tmdb')]                                |
[2022-10-11 11:01:30,561] [builder.py:1542]           [DEBUG]    |                                                                                                    |
[2022-10-11 11:01:30,561] [builder.py:2228]           [INFO]     |                                                                                                    |
[2022-10-11 11:01:30,561] [builder.py:2229]           [INFO]     |============================ Missing Movies from Library: Z. 1 - Films =============================|
[2022-10-11 11:01:30,562] [builder.py:2230]           [INFO]     |                                                                                                    |
[2022-10-11 11:01:30,574] [builder.py:2243]           [INFO]     | Viy Collection | ? | Forbidden Empire (2014) (TMDb: 208763)                                        |
[2022-10-11 11:01:30,600] [builder.py:2243]           [INFO]     | Viy Collection | ? | Viy 3: Travel to India (TMDb: 576788)                                         |
[2022-10-11 11:01:30,601] [builder.py:2248]           [INFO]     |                                                                                                    |
[2022-10-11 11:01:30,601] [builder.py:2249]           [INFO]     | 2 Movies Missing                                                                                   |
[2022-10-11 11:01:30,669] [plex_meta_manager.py:624]  [INFO]     |                                                                                                    |
[2022-10-11 11:01:30,669] [plex_meta_manager.py:625]  [INFO]     | Collection Minimum: 2 not met for Viy Collection                                                   |
[2022-10-11 11:01:30,669] [plex_meta_manager.py:708]  [INFO]     |                                                                                                    |
[2022-10-11 11:01:30,670] [plex_meta_manager.py:709]  [INFO]     |====================================================================================================|
[2022-10-11 11:01:30,670] [plex_meta_manager.py:709]  [INFO]     |                                      Finished Viy Collection                                       |
[2022-10-11 11:01:30,670] [plex_meta_manager.py:709]  [INFO]     |                                    Collection Run Time: 0:00:00                                    |
[2022-10-11 11:01:30,670] [plex_meta_manager.py:709]  [INFO]     |====================================================================================================|
