[2022-10-11 09:13:49,170] [builder.py:197]            [INFO]     |====================================================================================================|
[2022-10-11 09:13:49,170] [builder.py:197]            [INFO]     |                                Avengers Collection in Z. 1 - Films                                 |
[2022-10-11 09:13:49,171] [builder.py:197]            [INFO]     |====================================================================================================|
[2022-10-11 09:13:49,171] [builder.py:198]            [INFO]     |                                                                                                    |
[2022-10-11 09:13:49,171] [builder.py:203]            [INFO]     |================================ Building Definition From Templates ================================|
[2022-10-11 09:13:49,171] [builder.py:211]            [DEBUG]    |                                                                                                    |
[2022-10-11 09:13:49,171] [meta.py:128]               [DEBUG]    | Template my_template                                                                               |
[2022-10-11 09:13:49,171] [meta.py:129]               [DEBUG]    | Call: {'value': ['86311'], 'tmdb_collection': ['86311'], 'key_name': 'Avengers', 'key': '86311', 'name': 'my_template'} |
[2022-10-11 09:13:49,172] [meta.py:304]               [DEBUG]    |                                                                                                    |
[2022-10-11 09:13:49,172] [meta.py:305]               [DEBUG]    | Variables: {'value': ['86311'], 'tmdb_collection': ['86311'], 'key_name': 'Avengers', 'key': '86311', 'name': 'my_template', 'collection_name': 'Avengers', 'mapping_name': 'Avengers', 'library_type': 'movie', 'library_name': 'Z. 1 - Films', 'value_encoded': '%5B%2786311%27%5D', 'tmdb_collection_encoded': '%5B%2786311%27%5D', 'key_name_encoded': 'Avengers', 'key_encoded': '86311', 'name_encoded': 'my_template', 'collection_name_encoded': 'Avengers', 'mapping_name_encoded': 'Avengers', 'library_type_encoded': 'movie', 'library_name_encoded': 'Z.%201%20-%20Films', 'collection_sort': 'Avengers'} |
[2022-10-11 09:13:49,172] [meta.py:306]               [DEBUG]    |                                                                                                    |
[2022-10-11 09:13:49,172] [meta.py:307]               [DEBUG]    | Defaults: {}                                                                                       |
[2022-10-11 09:13:49,172] [meta.py:308]               [DEBUG]    |                                                                                                    |
[2022-10-11 09:13:49,172] [meta.py:309]               [DEBUG]    | Optional: ['my_collection_poster', 'my_collection_poster_encoded']                                 |
[2022-10-11 09:13:49,173] [meta.py:370]               [DEBUG]    |                                                                                                    |
[2022-10-11 09:13:49,173] [meta.py:371]               [DEBUG]    | Final Template Attributes: {'tmdb_collection_details': ['86311'], 'collection_order': 'release', 'collection_mode': 'hide_items'} |
[2022-10-11 09:13:49,173] [meta.py:372]               [DEBUG]    |                                                                                                    |
[2022-10-11 09:13:49,174] [builder.py:219]            [INFO]     |================================== Validating Avengers Attributes ==================================|
[2022-10-11 09:13:49,174] [builder.py:609]            [DEBUG]    |                                                                                                    |
[2022-10-11 09:13:49,174] [builder.py:610]            [DEBUG]    | Validating Method: collection_order                                                                |
[2022-10-11 09:13:49,174] [builder.py:611]            [DEBUG]    | Value: release                                                                                     |
[2022-10-11 09:13:49,174] [builder.py:627]            [DEBUG]    |                                                                                                    |
[2022-10-11 09:13:49,174] [builder.py:631]            [DEBUG]    | Validating Method: label                                                                           |
[2022-10-11 09:13:49,175] [builder.py:632]            [DEBUG]    | Value: TMDb Collections                                                                            |
[2022-10-11 09:13:49,175] [builder.py:627]            [DEBUG]    |                                                                                                    |
[2022-10-11 09:13:49,175] [builder.py:631]            [DEBUG]    | Validating Method: tmdb_collection_details                                                         |
[2022-10-11 09:13:49,175] [builder.py:632]            [DEBUG]    | Value: ['86311']                                                                                   |
[2022-10-11 09:13:49,190] [builder.py:627]            [DEBUG]    |                                                                                                    |
[2022-10-11 09:13:49,190] [builder.py:631]            [DEBUG]    | Validating Method: collection_mode                                                                 |
[2022-10-11 09:13:49,190] [builder.py:632]            [DEBUG]    | Value: hide_items                                                                                  |
[2022-10-11 09:13:49,393] [builder.py:797]            [INFO]     |                                                                                                    |
[2022-10-11 09:13:49,393] [builder.py:798]            [INFO]     | Validation Successful                                                                              |
[2022-10-11 09:13:49,393] [plex_meta_manager.py:561]  [INFO]     |                                                                                                    |
[2022-10-11 09:13:49,394] [plex_meta_manager.py:563]  [INFO]     |=================================== Running Avengers Collection ====================================|
[2022-10-11 09:13:49,394] [plex_meta_manager.py:575]  [INFO]     |                                                                                                    |
[2022-10-11 09:13:49,394] [plex_meta_manager.py:576]  [INFO]     | Sync Mode: append                                                                                  |
[2022-10-11 09:13:49,394] [plex_meta_manager.py:579]  [DEBUG]    |                                                                                                    |
[2022-10-11 09:13:49,394] [plex_meta_manager.py:580]  [DEBUG]    | Builder: tmdb_collection: 86311                                                                    |
[2022-10-11 09:13:49,394] [plex_meta_manager.py:581]  [INFO]     |                                                                                                    |
[2022-10-11 09:13:49,399] [tmdb.py:382]               [INFO]     | Processing TMDb Collection: (86311) Avengers - Saga (4 Items)                                      |
[2022-10-11 09:13:49,399] [builder.py:1540]           [DEBUG]    |                                                                                                    |
[2022-10-11 09:13:49,399] [builder.py:1541]           [DEBUG]    | 4 IDs Found: [(24428, 'tmdb'), (99861, 'tmdb'), (299536, 'tmdb'), (299534, 'tmdb')]                |
[2022-10-11 09:13:49,399] [builder.py:1542]           [DEBUG]    |                                                                                                    |
[2022-10-11 09:13:49,399] [builder.py:2064]           [INFO]     |                                                                                                    |
[2022-10-11 09:13:49,400] [builder.py:2065]           [INFO]     |================================== Adding to Avengers Collection ===================================|
[2022-10-11 09:13:49,400] [builder.py:2066]           [INFO]     |                                                                                                    |
[2022-10-11 09:13:49,400] [builder.py:2080]           [INFO]     | 1/4 | Avengers Collection | = | Avengers (2012)                                                    |
[2022-10-11 09:13:49,400] [builder.py:2080]           [INFO]     | 2/4 | Avengers Collection | = | Avengers : L'Ère d'Ultron (2015)                                   |
[2022-10-11 09:13:49,400] [builder.py:2080]           [INFO]     | 3/4 | Avengers Collection | = | Avengers : Infinity War (2018)                                     |
[2022-10-11 09:13:49,400] [builder.py:2080]           [INFO]     | 4/4 | Avengers Collection | = | Avengers : Endgame (2019)                                          |
[2022-10-11 09:13:49,401] [builder.py:2100]           [INFO]     |                                                                                                    |
[2022-10-11 09:13:49,401] [builder.py:2102]           [INFO]     | 4 Movies Processed 0 Movies Added                                                                  |
[2022-10-11 09:13:49,407] [builder.py:2441]           [INFO]     |                                                                                                    |
[2022-10-11 09:13:49,408] [builder.py:2442]           [INFO]     |============================= Updating Details of Avengers Collection ==============================|
[2022-10-11 09:13:49,408] [builder.py:2443]           [INFO]     |                                                                                                    |
[2022-10-11 09:13:49,417] [builder.py:2509]           [INFO]     | Collection Metadata Edits                                                                          |
[2022-10-11 09:13:49,417] [builder.py:2580]           [WARNING]  | Asset Warning: Unable to find asset folder: 'Avengers'                                             |
[2022-10-11 09:13:49,417] [util.py:150]               [DEBUG]    | 1 poster found:                                                                                    |
[2022-10-11 09:13:49,417] [util.py:152]               [DEBUG]    | Method: tmdb_collection_details Poster: https://image.tmdb.org/t/p/original/22oiz15BwsbdpoBTG3APidXdiMs.jpg |
[2022-10-11 09:13:49,418] [util.py:150]               [DEBUG]    | 1 background found:                                                                                |
[2022-10-11 09:13:49,418] [util.py:152]               [DEBUG]    | Method: tmdb_collection_details Background: https://image.tmdb.org/t/p/original/zuW6fOiusv4X9nnW3paHGfXcSll.jpg |
[2022-10-11 09:13:49,419] [library.py:172]            [INFO]     | Detail: poster update not needed                                                                   |
[2022-10-11 09:13:49,420] [library.py:188]            [INFO]     | Detail: background update not needed                                                               |
[2022-10-11 09:13:49,619] [plex_meta_manager.py:708]  [INFO]     |                                                                                                    |
[2022-10-11 09:13:49,620] [plex_meta_manager.py:709]  [INFO]     |====================================================================================================|
[2022-10-11 09:13:49,620] [plex_meta_manager.py:709]  [INFO]     |                                    Finished Avengers Collection                                    |
[2022-10-11 09:13:49,620] [plex_meta_manager.py:709]  [INFO]     |                                    Collection Run Time: 0:00:00                                    |
[2022-10-11 09:13:49,620] [plex_meta_manager.py:709]  [INFO]     |====================================================================================================|
