[2022-10-11 11:18:23,801] [builder.py:200]            [INFO]     |====================================================================================================|
[2022-10-11 11:18:23,801] [builder.py:200]            [INFO]     |                              Austin Powers Collection in Z. 1 - Films                              |
[2022-10-11 11:18:23,801] [builder.py:200]            [INFO]     |====================================================================================================|
[2022-10-11 11:18:23,802] [builder.py:201]            [INFO]     |                                                                                                    |
[2022-10-11 11:18:23,802] [builder.py:206]            [INFO]     |================================ Building Definition From Templates ================================|
[2022-10-11 11:18:23,802] [builder.py:222]            [DEBUG]    |                                                                                                    |
[2022-10-11 11:18:23,802] [meta.py:128]               [DEBUG]    | Template my_template                                                                               |
[2022-10-11 11:18:23,802] [meta.py:129]               [DEBUG]    | Call: {'value': ['1006'], 'tmdb_collection': ['1006'], 'key_name': 'Austin Powers', 'key': '1006', 'name': 'my_template'} |
[2022-10-11 11:18:23,803] [meta.py:304]               [DEBUG]    |                                                                                                    |
[2022-10-11 11:18:23,803] [meta.py:305]               [DEBUG]    | Variables: {'value': ['1006'], 'tmdb_collection': ['1006'], 'key_name': 'Austin Powers', 'key': '1006', 'name': 'my_template', 'collection_name': 'Austin Powers', 'mapping_name': 'Austin Powers', 'library_type': 'movie', 'library_name': 'Z. 1 - Films', 'value_encoded': '%5B%271006%27%5D', 'tmdb_collection_encoded': '%5B%271006%27%5D', 'key_name_encoded': 'Austin%20Powers', 'key_encoded': '1006', 'name_encoded': 'my_template', 'collection_name_encoded': 'Austin%20Powers', 'mapping_name_encoded': 'Austin%20Powers', 'library_type_encoded': 'movie', 'library_name_encoded': 'Z.%201%20-%20Films', 'collection_sort': 'Austin Powers'} |
[2022-10-11 11:18:23,803] [meta.py:306]               [DEBUG]    |                                                                                                    |
[2022-10-11 11:18:23,803] [meta.py:307]               [DEBUG]    | Defaults: {}                                                                                       |
[2022-10-11 11:18:23,803] [meta.py:308]               [DEBUG]    |                                                                                                    |
[2022-10-11 11:18:23,803] [meta.py:309]               [DEBUG]    | Optional: ['my_collection_poster', 'my_collection_poster_encoded']                                 |
[2022-10-11 11:18:23,804] [meta.py:370]               [DEBUG]    |                                                                                                    |
[2022-10-11 11:18:23,804] [meta.py:371]               [DEBUG]    | Final Template Attributes: {'tmdb_collection_details': ['1006'], 'collection_order': 'release', 'collection_mode': 'hide_items', 'sort_title': '+C1_Austin Powers'} |
[2022-10-11 11:18:23,805] [meta.py:372]               [DEBUG]    |                                                                                                    |
[2022-10-11 11:18:23,805] [builder.py:230]            [INFO]     |=============================== Validating Austin Powers Attributes ================================|
[2022-10-11 11:18:23,805] [builder.py:620]            [DEBUG]    |                                                                                                    |
[2022-10-11 11:18:23,805] [builder.py:621]            [DEBUG]    | Validating Method: collection_order                                                                |
[2022-10-11 11:18:23,805] [builder.py:622]            [DEBUG]    | Value: release                                                                                     |
[2022-10-11 11:18:23,805] [builder.py:653]            [DEBUG]    |                                                                                                    |
[2022-10-11 11:18:23,805] [builder.py:657]            [DEBUG]    | Validating Method: label                                                                           |
[2022-10-11 11:18:23,805] [builder.py:658]            [DEBUG]    | Value: TMDb Collections                                                                            |
[2022-10-11 11:18:23,806] [builder.py:653]            [DEBUG]    |                                                                                                    |
[2022-10-11 11:18:23,806] [builder.py:657]            [DEBUG]    | Validating Method: tmdb_collection_details                                                         |
[2022-10-11 11:18:23,806] [builder.py:658]            [DEBUG]    | Value: ['1006']                                                                                    |
[2022-10-11 11:18:23,820] [builder.py:653]            [DEBUG]    |                                                                                                    |
[2022-10-11 11:18:23,820] [builder.py:657]            [DEBUG]    | Validating Method: collection_mode                                                                 |
[2022-10-11 11:18:23,820] [builder.py:658]            [DEBUG]    | Value: hide_items                                                                                  |
[2022-10-11 11:18:23,820] [builder.py:653]            [DEBUG]    |                                                                                                    |
[2022-10-11 11:18:23,821] [builder.py:657]            [DEBUG]    | Validating Method: sort_title                                                                      |
[2022-10-11 11:18:23,821] [builder.py:658]            [DEBUG]    | Value: +C1_Austin Powers                                                                           |
[2022-10-11 11:18:24,022] [builder.py:823]            [INFO]     |                                                                                                    |
[2022-10-11 11:18:24,022] [builder.py:824]            [INFO]     | Validation Successful                                                                              |
[2022-10-11 11:18:24,022] [plex_meta_manager.py:561]  [INFO]     |                                                                                                    |
[2022-10-11 11:18:24,022] [plex_meta_manager.py:563]  [INFO]     |================================= Running Austin Powers Collection =================================|
[2022-10-11 11:18:24,022] [plex_meta_manager.py:575]  [INFO]     |                                                                                                    |
[2022-10-11 11:18:24,023] [plex_meta_manager.py:576]  [INFO]     | Sync Mode: append                                                                                  |
[2022-10-11 11:18:24,023] [plex_meta_manager.py:579]  [DEBUG]    |                                                                                                    |
[2022-10-11 11:18:24,023] [plex_meta_manager.py:580]  [DEBUG]    | Builder: tmdb_collection: 1006                                                                     |
[2022-10-11 11:18:24,023] [plex_meta_manager.py:581]  [INFO]     |                                                                                                    |
[2022-10-11 11:18:24,027] [tmdb.py:381]               [INFO]     | Processing TMDb Collection: (1006) Austin Powers - Saga (3 Items)                                  |
[2022-10-11 11:18:24,028] [builder.py:1581]           [DEBUG]    |                                                                                                    |
[2022-10-11 11:18:24,028] [builder.py:1582]           [DEBUG]    | 3 IDs Found: [(816, 'tmdb'), (817, 'tmdb'), (818, 'tmdb')]                                         |
[2022-10-11 11:18:24,028] [builder.py:1583]           [DEBUG]    |                                                                                                    |
[2022-10-11 11:18:24,028] [builder.py:2132]           [INFO]     |                                                                                                    |
[2022-10-11 11:18:24,028] [builder.py:2133]           [INFO]     |================================ Adding to Austin Powers Collection ================================|
[2022-10-11 11:18:24,029] [builder.py:2134]           [INFO]     |                                                                                                    |
[2022-10-11 11:18:24,029] [builder.py:2148]           [INFO]     | 1/3 | Austin Powers Collection | = | Austin Powers (1997)                                          |
[2022-10-11 11:18:24,029] [builder.py:2148]           [INFO]     | 2/3 | Austin Powers Collection | = | Austin Powers : L’Espion qui m'a tirée (1999)                 |
[2022-10-11 11:18:24,029] [builder.py:2148]           [INFO]     | 3/3 | Austin Powers Collection | = | Austin Powers dans Goldmember (2002)                          |
[2022-10-11 11:18:24,029] [builder.py:2168]           [INFO]     |                                                                                                    |
[2022-10-11 11:18:24,029] [builder.py:2170]           [INFO]     | 3 Movies Processed 0 Movies Added                                                                  |
[2022-10-11 11:18:24,037] [builder.py:2521]           [INFO]     |                                                                                                    |
[2022-10-11 11:18:24,037] [builder.py:2522]           [INFO]     |=========================== Updating Details of Austin Powers Collection ===========================|
[2022-10-11 11:18:24,038] [builder.py:2523]           [INFO]     |                                                                                                    |
[2022-10-11 11:18:24,046] [builder.py:2589]           [INFO]     | Collection Metadata Edits                                                                          |
[2022-10-11 11:18:24,047] [builder.py:2660]           [WARNING]  | Asset Warning: Unable to find asset folder: 'Austin Powers'                                        |
[2022-10-11 11:18:24,047] [util.py:171]               [DEBUG]    | 1 poster found:                                                                                    |
[2022-10-11 11:18:24,047] [util.py:173]               [DEBUG]    | Method: tmdb_collection_details Poster: https://image.tmdb.org/t/p/original/9fg3fFqjr2ofmgjyWKfKgv6ZLu0.jpg |
[2022-10-11 11:18:24,048] [util.py:171]               [DEBUG]    | 1 background found:                                                                                |
[2022-10-11 11:18:24,048] [util.py:173]               [DEBUG]    | Method: tmdb_collection_details Background: https://image.tmdb.org/t/p/original/3QJMI8nqQcwU5JBPy26m8TUXtTN.jpg |
[2022-10-11 11:18:24,049] [library.py:173]            [INFO]     | Detail: poster update not needed                                                                   |
[2022-10-11 11:18:24,050] [library.py:189]            [INFO]     | Detail: background update not needed                                                               |
[2022-10-11 11:18:24,242] [plex_meta_manager.py:708]  [INFO]     |                                                                                                    |
[2022-10-11 11:18:24,242] [plex_meta_manager.py:709]  [INFO]     |====================================================================================================|
[2022-10-11 11:18:24,242] [plex_meta_manager.py:709]  [INFO]     |                                 Finished Austin Powers Collection                                  |
[2022-10-11 11:18:24,242] [plex_meta_manager.py:709]  [INFO]     |                                    Collection Run Time: 0:00:00                                    |
[2022-10-11 11:18:24,243] [plex_meta_manager.py:709]  [INFO]     |====================================================================================================|
