[2022-10-11 09:59:16,411] [builder.py:197]            [INFO]     |====================================================================================================|
[2022-10-11 09:59:16,411] [builder.py:197]            [INFO]     |                             Action Collection in Z. 5 - Film Animation                             |
[2022-10-11 09:59:16,411] [builder.py:197]            [INFO]     |====================================================================================================|
[2022-10-11 09:59:16,411] [builder.py:198]            [INFO]     |                                                                                                    |
[2022-10-11 09:59:16,411] [builder.py:203]            [INFO]     |================================ Building Definition From Templates ================================|
[2022-10-11 09:59:16,411] [builder.py:211]            [DEBUG]    |                                                                                                    |
[2022-10-11 09:59:16,412] [meta.py:128]               [DEBUG]    | Template Genre                                                                                     |
[2022-10-11 09:59:16,412] [meta.py:129]               [DEBUG]    | Call: ordereddict([('name', 'Genre')])                                                             |
[2022-10-11 09:59:16,412] [meta.py:304]               [DEBUG]    |                                                                                                    |
[2022-10-11 09:59:16,412] [meta.py:305]               [DEBUG]    | Variables: ordereddict([('name', 'Genre'), ('collection_name', 'Action'), ('mapping_name', 'Action'), ('library_type', 'movie'), ('library_name', 'Z. 5 - Film Animation'), ('name_encoded', 'Genre'), ('collection_name_encoded', 'Action'), ('mapping_name_encoded', 'Action'), ('library_type_encoded', 'movie'), ('library_name_encoded', 'Z.%205%20-%20Film%20Animation'), ('collection_sort', 'Action')]) |
[2022-10-11 09:59:16,412] [meta.py:306]               [DEBUG]    |                                                                                                    |
[2022-10-11 09:59:16,412] [meta.py:307]               [DEBUG]    | Defaults: {}                                                                                       |
[2022-10-11 09:59:16,413] [meta.py:308]               [DEBUG]    |                                                                                                    |
[2022-10-11 09:59:16,413] [meta.py:309]               [DEBUG]    | Optional: []                                                                                       |
[2022-10-11 09:59:16,413] [meta.py:370]               [DEBUG]    |                                                                                                    |
[2022-10-11 09:59:16,413] [meta.py:371]               [DEBUG]    | Final Template Attributes: {'sort_title': '+3_Action', 'sync_mode': 'sync', 'smart_label': 'audience_rating.desc'} |
[2022-10-11 09:59:16,413] [meta.py:372]               [DEBUG]    |                                                                                                    |
[2022-10-11 09:59:16,414] [builder.py:219]            [INFO]     |=================================== Validating Action Attributes ===================================|
[2022-10-11 09:59:16,414] [builder.py:488]            [DEBUG]    |                                                                                                    |
[2022-10-11 09:59:16,414] [builder.py:489]            [DEBUG]    | Validating Method: sync_mode                                                                       |
[2022-10-11 09:59:16,414] [builder.py:493]            [DEBUG]    | Value: sync                                                                                        |
[2022-10-11 09:59:16,414] [builder.py:538]            [DEBUG]    |                                                                                                    |
[2022-10-11 09:59:16,414] [builder.py:539]            [DEBUG]    | Validating Method: smart_label                                                                     |
[2022-10-11 09:59:16,414] [builder.py:544]            [DEBUG]    | Value: audience_rating.desc                                                                        |
[2022-10-11 09:59:16,431] [builder.py:627]            [DEBUG]    |                                                                                                    |
[2022-10-11 09:59:16,431] [builder.py:631]            [DEBUG]    | Validating Method: plex_search                                                                     |
[2022-10-11 09:59:16,431] [builder.py:632]            [DEBUG]    | Value: ordereddict([('genre', 'Action')])                                                          |
[2022-10-11 09:59:16,486] [builder.py:627]            [DEBUG]    |                                                                                                    |
[2022-10-11 09:59:16,486] [builder.py:631]            [DEBUG]    | Validating Method: url_poster                                                                      |
[2022-10-11 09:59:16,486] [builder.py:632]            [DEBUG]    | Value: https://raw.githubusercontent.com/MonsieurZed/poster/main/img/GENRE_ACTION.png              |
[2022-10-11 09:59:16,702] [builder.py:627]            [DEBUG]    |                                                                                                    |
[2022-10-11 09:59:16,702] [builder.py:631]            [DEBUG]    | Validating Method: summary                                                                         |
[2022-10-11 09:59:16,703] [builder.py:632]            [DEBUG]    | Value: Action film is a genre wherein physical action takes precedence in the storytelling. The film will often have continuous motion and action including physical stunts, chases, fights, battles, and races. The story usually revolves around a hero that has a goal, but is facing incredible odds to obtain it. |
[2022-10-11 09:59:16,703] [builder.py:627]            [DEBUG]    |                                                                                                    |
[2022-10-11 09:59:16,703] [builder.py:631]            [DEBUG]    | Validating Method: sort_title                                                                      |
[2022-10-11 09:59:16,703] [builder.py:632]            [DEBUG]    | Value: +3_Action                                                                                   |
[2022-10-11 09:59:16,708] [plex.py:790]               [DEBUG]    |                                                                                                    |
[2022-10-11 09:59:16,708] [plex.py:793]               [DEBUG]    | Looking for: Action                                                                                |
[2022-10-11 09:59:16,709] [builder.py:797]            [INFO]     |                                                                                                    |
[2022-10-11 09:59:16,709] [builder.py:798]            [INFO]     | Validation Successful                                                                              |
[2022-10-11 09:59:16,709] [plex_meta_manager.py:561]  [INFO]     |                                                                                                    |
[2022-10-11 09:59:16,709] [plex_meta_manager.py:563]  [INFO]     |==================================== Running Action Collection =====================================|
[2022-10-11 09:59:16,709] [plex_meta_manager.py:569]  [INFO]     |                                                                                                    |
[2022-10-11 09:59:16,709] [plex_meta_manager.py:570]  [INFO]     | Smart Movie Label                                                                                  |
                                                                 | Sort By: audience_rating.desc
                                                                 | Filter:
                                                                 |   Match all of the following:
                                                                 |     Label is Action
[2022-10-11 09:59:16,710] [plex_meta_manager.py:575]  [INFO]     | 
[2022-10-11 09:59:16,710] [plex_meta_manager.py:576]  [INFO]     | Sync Mode: sync
[2022-10-11 09:59:16,710] [plex_meta_manager.py:579]  [DEBUG]    | 
[2022-10-11 09:59:16,710] [plex_meta_manager.py:580]  [DEBUG]    | Builder: plex_search: (1, 'Plex Movie Search\nSort By: title.asc\nFilter:\n  Match all of the following:\n    Match any of the following:\n      Genre is Action', '?type=1&sort=titleSort&push=1&genre=27819&pop=1')
[2022-10-11 09:59:16,711] [plex_meta_manager.py:581]  [INFO]     | 
[2022-10-11 09:59:16,711] [plex.py:819]               [INFO]     | Processing Plex Movie Search
                                                                 | Sort By: title.asc
                                                                 | Filter:
                                                                 |   Match all of the following:
                                                                 |     Match any of the following:
                                                                 |       Genre is Action
[2022-10-11 09:59:17,277] [plex.py:864]               [DEBUG]    | 
[2022-10-11 09:59:17,278] [plex.py:865]               [DEBUG]    | 146 Keys Found: [(21642, 'ratingKey'), (88579, 'ratingKey'), (21643, 'ratingKey'), (88879, 'ratingKey'), (88858, 'ratingKey'), (88590, 'ratingKey'), (88777, 'ratingKey'), (88778, 'ratingKey'), (88782, 'ratingKey'), (88588, 'ratingKey'), (88581, 'ratingKey'), (88789, 'ratingKey'), (88583, 'ratingKey'), (88594, 'ratingKey'), (88589, 'ratingKey'), (88859, 'ratingKey'), (88856, 'ratingKey'), (88843, 'ratingKey'), (89287, 'ratingKey'), (88582, 'ratingKey'), (88838, 'ratingKey'), (88580, 'ratingKey'), (88780, 'ratingKey'), (88781, 'ratingKey'), (88834, 'ratingKey'), (19793, 'ratingKey'), (88810, 'ratingKey'), (21049, 'ratingKey'), (88905, 'ratingKey'), (88759, 'ratingKey'), (88914, 'ratingKey'), (88577, 'ratingKey'), (88915, 'ratingKey'), (88576, 'ratingKey'), (88911, 'ratingKey'), (88912, 'ratingKey'), (88910, 'ratingKey'), (88574, 'ratingKey'), (88868, 'ratingKey'), (88918, 'ratingKey'), (88575, 'ratingKey'), (88890, 'ratingKey'), (88917, 'ratingKey'), (88536, 'ratingKey'), (22571, 'ratingKey'), (22570, 'ratingKey'), (22575, 'ratingKey'), (88797, 'ratingKey'), (88798, 'ratingKey'), (88799, 'ratingKey'), (88800, 'ratingKey'), (88801, 'ratingKey'), (21644, 'ratingKey'), (88598, 'ratingKey'), (88597, 'ratingKey'), (83123, 'ratingKey'), (88664, 'ratingKey'), (88600, 'ratingKey'), (88606, 'ratingKey'), (13650, 'ratingKey'), (88540, 'ratingKey'), (88523, 'ratingKey'), (88612, 'ratingKey'), (88877, 'ratingKey'), (88949, 'ratingKey'), (88613, 'ratingKey'), (88619, 'ratingKey'), (88635, 'ratingKey'), (88809, 'ratingKey'), (88794, 'ratingKey'), (22482, 'ratingKey'), (22580, 'ratingKey'), (22485, 'ratingKey'), (7422, 'ratingKey'), (88857, 'ratingKey'), (88901, 'ratingKey'), (88662, 'ratingKey'), (33322, 'ratingKey'), (88556, 'ratingKey'), (88875, 'ratingKey'), (22080, 'ratingKey'), (83039, 'ratingKey'), (88796, 'ratingKey'), (22290, 'ratingKey'), (88555, 'ratingKey'), (88616, 'ratingKey'), (88628, 'ratingKey'), (88626, 'ratingKey'), (88632, 'ratingKey'), (88614, 'ratingKey'), (88633, 'ratingKey'), (88634, 'ratingKey'), (22364, 'ratingKey'), (83076, 'ratingKey'), (88526, 'ratingKey'), (88654, 'ratingKey'), (88755, 'ratingKey'), (88707, 'ratingKey'), (88656, 'ratingKey'), (88655, 'ratingKey'), (21760, 'ratingKey'), (21677, 'ratingKey'), (7471, 'ratingKey'), (88559, 'ratingKey'), (88659, 'ratingKey'), (88909, 'ratingKey'), (88907, 'ratingKey'), (88564, 'ratingKey'), (88904, 'ratingKey'), (88908, 'ratingKey'), (88560, 'ratingKey'), (88913, 'ratingKey'), (88902, 'ratingKey'), (88897, 'ratingKey'), (88871, 'ratingKey'), (88872, 'ratingKey'), (88903, 'ratingKey'), (88870, 'ratingKey'), (88869, 'ratingKey'), (88773, 'ratingKey'), (88563, 'ratingKey'), (88772, 'ratingKey'), (88562, 'ratingKey'), (88774, 'ratingKey'), (88840, 'ratingKey'), (7457, 'ratingKey'), (19764, 'ratingKey'), (22291, 'ratingKey'), (94482, 'ratingKey'), (29071, 'ratingKey'), (34562, 'ratingKey'), (88535, 'ratingKey'), (88673, 'ratingKey'), (88680, 'ratingKey'), (88684, 'ratingKey'), (88681, 'ratingKey'), (88674, 'ratingKey'), (88677, 'ratingKey'), (88682, 'ratingKey'), (88688, 'ratingKey'), (88689, 'ratingKey'), (88685, 'ratingKey'), (88835, 'ratingKey'), (88833, 'ratingKey'), (88731, 'ratingKey'), (88739, 'ratingKey')]
[2022-10-11 09:59:17,280] [builder.py:1540]           [DEBUG]    | 
[2022-10-11 09:59:17,281] [builder.py:1541]           [DEBUG]    | 146 IDs Found: [(21642, 'ratingKey'), (88579, 'ratingKey'), (21643, 'ratingKey'), (88879, 'ratingKey'), (88858, 'ratingKey'), (88590, 'ratingKey'), (88777, 'ratingKey'), (88778, 'ratingKey'), (88782, 'ratingKey'), (88588, 'ratingKey'), (88581, 'ratingKey'), (88789, 'ratingKey'), (88583, 'ratingKey'), (88594, 'ratingKey'), (88589, 'ratingKey'), (88859, 'ratingKey'), (88856, 'ratingKey'), (88843, 'ratingKey'), (89287, 'ratingKey'), (88582, 'ratingKey'), (88838, 'ratingKey'), (88580, 'ratingKey'), (88780, 'ratingKey'), (88781, 'ratingKey'), (88834, 'ratingKey'), (19793, 'ratingKey'), (88810, 'ratingKey'), (21049, 'ratingKey'), (88905, 'ratingKey'), (88759, 'ratingKey'), (88914, 'ratingKey'), (88577, 'ratingKey'), (88915, 'ratingKey'), (88576, 'ratingKey'), (88911, 'ratingKey'), (88912, 'ratingKey'), (88910, 'ratingKey'), (88574, 'ratingKey'), (88868, 'ratingKey'), (88918, 'ratingKey'), (88575, 'ratingKey'), (88890, 'ratingKey'), (88917, 'ratingKey'), (88536, 'ratingKey'), (22571, 'ratingKey'), (22570, 'ratingKey'), (22575, 'ratingKey'), (88797, 'ratingKey'), (88798, 'ratingKey'), (88799, 'ratingKey'), (88800, 'ratingKey'), (88801, 'ratingKey'), (21644, 'ratingKey'), (88598, 'ratingKey'), (88597, 'ratingKey'), (83123, 'ratingKey'), (88664, 'ratingKey'), (88600, 'ratingKey'), (88606, 'ratingKey'), (13650, 'ratingKey'), (88540, 'ratingKey'), (88523, 'ratingKey'), (88612, 'ratingKey'), (88877, 'ratingKey'), (88949, 'ratingKey'), (88613, 'ratingKey'), (88619, 'ratingKey'), (88635, 'ratingKey'), (88809, 'ratingKey'), (88794, 'ratingKey'), (22482, 'ratingKey'), (22580, 'ratingKey'), (22485, 'ratingKey'), (7422, 'ratingKey'), (88857, 'ratingKey'), (88901, 'ratingKey'), (88662, 'ratingKey'), (33322, 'ratingKey'), (88556, 'ratingKey'), (88875, 'ratingKey'), (22080, 'ratingKey'), (83039, 'ratingKey'), (88796, 'ratingKey'), (22290, 'ratingKey'), (88555, 'ratingKey'), (88616, 'ratingKey'), (88628, 'ratingKey'), (88626, 'ratingKey'), (88632, 'ratingKey'), (88614, 'ratingKey'), (88633, 'ratingKey'), (88634, 'ratingKey'), (22364, 'ratingKey'), (83076, 'ratingKey'), (88526, 'ratingKey'), (88654, 'ratingKey'), (88755, 'ratingKey'), (88707, 'ratingKey'), (88656, 'ratingKey'), (88655, 'ratingKey'), (21760, 'ratingKey'), (21677, 'ratingKey'), (7471, 'ratingKey'), (88559, 'ratingKey'), (88659, 'ratingKey'), (88909, 'ratingKey'), (88907, 'ratingKey'), (88564, 'ratingKey'), (88904, 'ratingKey'), (88908, 'ratingKey'), (88560, 'ratingKey'), (88913, 'ratingKey'), (88902, 'ratingKey'), (88897, 'ratingKey'), (88871, 'ratingKey'), (88872, 'ratingKey'), (88903, 'ratingKey'), (88870, 'ratingKey'), (88869, 'ratingKey'), (88773, 'ratingKey'), (88563, 'ratingKey'), (88772, 'ratingKey'), (88562, 'ratingKey'), (88774, 'ratingKey'), (88840, 'ratingKey'), (7457, 'ratingKey'), (19764, 'ratingKey'), (22291, 'ratingKey'), (94482, 'ratingKey'), (29071, 'ratingKey'), (34562, 'ratingKey'), (88535, 'ratingKey'), (88673, 'ratingKey'), (88680, 'ratingKey'), (88684, 'ratingKey'), (88681, 'ratingKey'), (88674, 'ratingKey'), (88677, 'ratingKey'), (88682, 'ratingKey'), (88688, 'ratingKey'), (88689, 'ratingKey'), (88685, 'ratingKey'), (88835, 'ratingKey'), (88833, 'ratingKey'), (88731, 'ratingKey'), (88739, 'ratingKey')]
[2022-10-11 09:59:17,281] [builder.py:1542]           [DEBUG]    | 
[2022-10-11 09:59:17,316] [builder.py:2064]           [INFO]     | 
[2022-10-11 09:59:17,316] [builder.py:2065]           [INFO]     |=================================== Adding to Action Collection ====================================|
[2022-10-11 09:59:17,316] [builder.py:2066]           [INFO]     |                                                                                                    |
[2022-10-11 09:59:17,333] [builder.py:2080]           [INFO]     |   1/146 | Action Collection | + | Akira (1988)                                                     |
[2022-10-11 09:59:17,353] [builder.py:2080]           [INFO]     |   2/146 | Action Collection | + | All-Star Superman (2011)                                         |
[2022-10-11 09:59:17,369] [builder.py:2080]           [INFO]     |   3/146 | Action Collection | + | Atlantide, l'empire perdu (2001)                                 |
[2022-10-11 09:59:17,843] [builder.py:2080]           [INFO]     |   4/146 | Action Collection | + | Avengers Confidential : La Veuve Noire et Le Punisher (2014)     |
[2022-10-11 09:59:18,707] [builder.py:2080]           [INFO]     |   5/146 | Action Collection | + | Batman : Le Retour des Justiciers Masqués (2016)                 |
[2022-10-11 09:59:19,193] [builder.py:2080]           [INFO]     |   6/146 | Action Collection | + | Batman : Les Origines (2011)                                     |
[2022-10-11 09:59:20,056] [builder.py:2080]           [INFO]     |   7/146 | Action Collection | + | Batman : The Dark Knight Returns, Part 1 (2012)                  |
[2022-10-11 09:59:20,508] [builder.py:2080]           [INFO]     |   8/146 | Action Collection | + | Batman : The Dark Knight Returns, Part 2 (2013)                  |
[2022-10-11 09:59:20,950] [builder.py:2080]           [INFO]     |   9/146 | Action Collection | + | Batman : The Long Halloween 1ère Partie (2021)                   |
[2022-10-11 09:59:20,967] [builder.py:2080]           [INFO]     |  10/146 | Action Collection | + | Batman : The Long Halloween 2ème Partie (2021)                   |
[2022-10-11 09:59:21,814] [builder.py:2080]           [INFO]     |  11/146 | Action Collection | + | Batman : Un deuil dans la famille (2020)                         |
[2022-10-11 09:59:22,673] [builder.py:2080]           [INFO]     |  12/146 | Action Collection | + | Batman & Mr Freeze : SubZero (1998)                              |
[2022-10-11 09:59:23,562] [builder.py:2080]           [INFO]     |  13/146 | Action Collection | + | Batman contre le Fantôme masqué (1993)                           |
[2022-10-11 09:59:24,540] [builder.py:2080]           [INFO]     |  14/146 | Action Collection | + | Batman et Harley Quinn (2017)                                    |
[2022-10-11 09:59:25,429] [builder.py:2080]           [INFO]     |  15/146 | Action Collection | + | Batman et Red Hood : Sous le masque rouge (2010)                 |
[2022-10-11 09:59:25,446] [builder.py:2080]           [INFO]     |  16/146 | Action Collection | + | Batman Unlimited : L'instinct animal (2015)                      |
[2022-10-11 09:59:25,881] [builder.py:2080]           [INFO]     |  17/146 | Action Collection | + | Batman vs. Robin (2015)                                          |
[2022-10-11 09:59:26,328] [builder.py:2080]           [INFO]     |  18/146 | Action Collection | + | Batman, Assaut sur Arkham (2014)                                 |
[2022-10-11 09:59:26,764] [builder.py:2080]           [INFO]     |  19/146 | Action Collection | + | Batman: Gotham by Gaslight (2018)                                |
[2022-10-11 09:59:27,618] [builder.py:2080]           [INFO]     |  20/146 | Action Collection | + | Batman: Gotham Knight (2008)                                     |
[2022-10-11 09:59:28,469] [builder.py:2080]           [INFO]     |  21/146 | Action Collection | + | Batman: La Mystérieuse Batwoman (2003)                           |
[2022-10-11 09:59:28,925] [builder.py:2080]           [INFO]     |  22/146 | Action Collection | + | Batman: Mauvais Sang (2016)                                      |
[2022-10-11 09:59:29,759] [builder.py:2080]           [INFO]     |  23/146 | Action Collection | + | Batman: Soul of the Dragon (2021)                                |
[2022-10-11 09:59:30,640] [builder.py:2080]           [INFO]     |  24/146 | Action Collection | + | Batman: The Killing Joke (2016)                                  |
[2022-10-11 09:59:31,438] [builder.py:2080]           [INFO]     |  25/146 | Action Collection | + | Blade Runner : Black Out 2022 (2017)                             |
[2022-10-11 09:59:32,186] [builder.py:2080]           [INFO]     |  26/146 | Action Collection | + | Blanche Neige, les souliers rouges et les sept nains (2019)      |
[2022-10-11 09:59:32,713] [builder.py:2080]           [INFO]     |  27/146 | Action Collection | + | Buzz l'Éclair (2022)                                             |
[2022-10-11 09:59:32,728] [builder.py:2080]           [INFO]     |  28/146 | Action Collection | + | Demon Slayer : Kimetsu no Yaiba - Le film : Le train de l'Infini (2020) |
[2022-10-11 09:59:32,745] [builder.py:2080]           [INFO]     |  29/146 | Action Collection | + | Détective Conan - Décompte aux Cieux (2001)                      |
[2022-10-11 09:59:33,205] [builder.py:2080]           [INFO]     |  30/146 | Action Collection | + | Détective Conan - Jolly Roger et le Cercueil bleu azur (2007)    |
[2022-10-11 09:59:33,630] [builder.py:2080]           [INFO]     |  31/146 | Action Collection | + | Détective Conan - L'Arche du Ciel (2010)                         |
[2022-10-11 09:59:34,043] [builder.py:2080]           [INFO]     |  32/146 | Action Collection | + | Détective Conan - La lettre d’amour écarlate (2017)              |
[2022-10-11 09:59:34,513] [builder.py:2080]           [INFO]     |  33/146 | Action Collection | + | Détective Conan - La Mélodie de la peur (2008)                   |
[2022-10-11 09:59:35,019] [builder.py:2080]           [INFO]     |  34/146 | Action Collection | + | Détective Conan - Le Cauchemar Noir de Jais (2016)               |
[2022-10-11 09:59:35,443] [builder.py:2080]           [INFO]     |  35/146 | Action Collection | + | Détective Conan - Le Chasseur noir de jais (2009)                |
[2022-10-11 09:59:35,869] [builder.py:2080]           [INFO]     |  36/146 | Action Collection | + | Détective Conan - Le magicien du ciel argenté (2004)             |
[2022-10-11 09:59:36,310] [builder.py:2080]           [INFO]     |  37/146 | Action Collection | + | Détective Conan - Le Onzième Attaquant (2012)                    |
[2022-10-11 09:59:36,721] [builder.py:2080]           [INFO]     |  38/146 | Action Collection | + | Detective Conan - Le requiem des détectives (2006)               |
[2022-10-11 09:59:37,160] [builder.py:2080]           [INFO]     |  39/146 | Action Collection | + | Détective Conan - Le sniper dimensionnel (2014)                  |
[2022-10-11 09:59:37,582] [builder.py:2080]           [INFO]     |  40/146 | Action Collection | + | Détective Conan - Les Quinze Minutes de silence (2011)           |
[2022-10-11 09:59:38,030] [builder.py:2080]           [INFO]     |  41/146 | Action Collection | + | Détective Conan - Les tournesols des flammes infernales (2015)   |
[2022-10-11 09:59:38,435] [builder.py:2080]           [INFO]     |  42/146 | Action Collection | + | Détective Conan - Stratégie en profondeur (2005)                 |
[2022-10-11 09:59:38,897] [builder.py:2080]           [INFO]     |  43/146 | Action Collection | + | Détective Conan - Un détective privé en mer lointaine (2013)     |
[2022-10-11 09:59:39,370] [builder.py:2080]           [INFO]     |  44/146 | Action Collection | + | Docteur Strange Le Sorcier Supreme (2007)                        |
[2022-10-11 09:59:39,798] [builder.py:2080]           [INFO]     |  45/146 | Action Collection | + | Dragons (2010)                                                   |
[2022-10-11 09:59:39,814] [builder.py:2080]           [INFO]     |  46/146 | Action Collection | + | Dragons 2 (2014)                                                 |
[2022-10-11 09:59:40,380] [builder.py:2080]           [INFO]     |  47/146 | Action Collection | + | Dragons 3 : Le monde caché (2019)                                |
[2022-10-11 09:59:41,211] [builder.py:2080]           [INFO]     |  48/146 | Action Collection | + | Neon Genesis Evangelion : The End of Evangelion (1997)           |
[2022-10-11 09:59:41,230] [builder.py:2080]           [INFO]     |  49/146 | Action Collection | + | Evangelion: 1.0 You Are (Not) Alone (2007)                       |
[2022-10-11 09:59:41,782] [builder.py:2080]           [INFO]     |  50/146 | Action Collection | + | Evangelion: 2.0 You Can (Not) Advance (2009)                     |
[2022-10-11 09:59:42,354] [builder.py:2080]           [INFO]     |  51/146 | Action Collection | + | Evangelion : 3.0 You Can (Not) Redo (2012)                       |
[2022-10-11 09:59:42,947] [builder.py:2080]           [INFO]     |  52/146 | Action Collection | + | Evangelion : 3.0+1.0 Thrice Upon a Time (2021)                   |
[2022-10-11 09:59:43,029] [builder.py:2080]           [INFO]     |  53/146 | Action Collection | + | Ghost in the Shell (1995)                                        |
[2022-10-11 09:59:43,639] [builder.py:2080]           [INFO]     |  54/146 | Action Collection | + | Green Lantern: Le Complot (2009)                                 |
[2022-10-11 09:59:44,463] [builder.py:2080]           [INFO]     |  55/146 | Action Collection | + | Green Lantern: Les Chevaliers De L'Emeraude (2011)               |
[2022-10-11 09:59:45,257] [builder.py:2080]           [INFO]     |  56/146 | Action Collection | + | Green Lantern: Méfiez-vous de mon pouvoir (2022)                 |
[2022-10-11 09:59:46,111] [builder.py:2080]           [INFO]     |  57/146 | Action Collection | + | Hansel & Gretel : Agents secrets (2021)                          |
[2022-10-11 09:59:46,683] [builder.py:2080]           [INFO]     |  58/146 | Action Collection | + | Hellboy Animated : De sang et de fer (2007)                      |
[2022-10-11 09:59:47,486] [builder.py:2080]           [INFO]     |  59/146 | Action Collection | + | Hellboy Animated : Le Sabre des Tempêtes (2006)                  |
[2022-10-11 09:59:48,284] [builder.py:2080]           [INFO]     |  60/146 | Action Collection | + | Hôtel Transylvanie (2012)                                        |
[2022-10-11 09:59:48,938] [builder.py:2080]           [INFO]     |  61/146 | Action Collection | + | Hulk vs. Thor et Wolverine (2009)                                |
[2022-10-11 09:59:49,378] [builder.py:2080]           [INFO]     |  62/146 | Action Collection | + | Injustice (2021)                                                 |
[2022-10-11 09:59:49,396] [builder.py:2080]           [INFO]     |  63/146 | Action Collection | + | Iron Man & Hulk : l'union des Super-héros (2013)                 |
[2022-10-11 09:59:50,181] [builder.py:2080]           [INFO]     |  64/146 | Action Collection | + | Iron Man and Captain America: Heroes United (2014)               |
[2022-10-11 09:59:50,959] [builder.py:2080]           [INFO]     |  65/146 | Action Collection | + | Jujutsu Kaisen 0 (2021)                                          |
[2022-10-11 09:59:50,977] [builder.py:2080]           [INFO]     |  66/146 | Action Collection | + | Justice League Dark (2017)                                       |
[2022-10-11 09:59:50,994] [builder.py:2080]           [INFO]     |  67/146 | Action Collection | + | Justice League Dark: Apokolips War (2020)                        |
[2022-10-11 09:59:51,012] [builder.py:2080]           [INFO]     |  68/146 | Action Collection | + | Justice League vs. the Fatal Five (2019)                         |
[2022-10-11 09:59:51,920] [builder.py:2080]           [INFO]     |  69/146 | Action Collection | + | Justice Society : World War II (2021)                            |
[2022-10-11 09:59:52,770] [builder.py:2080]           [INFO]     |  70/146 | Action Collection | + | Krypto et les Super-Animaux (2022)                               |
[2022-10-11 09:59:52,788] [builder.py:2080]           [INFO]     |  71/146 | Action Collection | + | Kung Fu Panda (2008)                                             |
[2022-10-11 09:59:52,803] [builder.py:2080]           [INFO]     |  72/146 | Action Collection | + | Kung Fu Panda 2 (2011)                                           |
[2022-10-11 09:59:52,821] [builder.py:2080]           [INFO]     |  73/146 | Action Collection | + | Kung Fu Panda 3 (2016)                                           |
[2022-10-11 09:59:53,698] [builder.py:2080]           [INFO]     |  74/146 | Action Collection | + | Le Château dans le ciel (1986)                                   |
[2022-10-11 09:59:54,144] [builder.py:2080]           [INFO]     |  75/146 | Action Collection | + | Le fils de Batman (2014)                                         |
[2022-10-11 09:59:54,586] [builder.py:2080]           [INFO]     |  76/146 | Action Collection | + | Le Retour de Mewtwo (2000)                                       |
[2022-10-11 09:59:55,012] [builder.py:2080]           [INFO]     |  77/146 | Action Collection | + | Le Royaume de Terracotta (2021)                                  |
[2022-10-11 09:59:55,514] [builder.py:2080]           [INFO]     |  78/146 | Action Collection | + | La Grande Aventure LEGO (2014)                                   |
[2022-10-11 09:59:55,532] [builder.py:2080]           [INFO]     |  79/146 | Action Collection | + | Lego Marvel Spider-Man: Vexed by Venom (2019)                    |
[2022-10-11 09:59:55,712] [builder.py:2080]           [INFO]     |  80/146 | Action Collection | + | Les Héros Pokémon (2002)                                         |
[2022-10-11 09:59:56,135] [builder.py:2080]           [INFO]     |  81/146 | Action Collection | + | Les Indestructibles (2004)                                       |
[2022-10-11 09:59:56,154] [builder.py:2080]           [INFO]     |  82/146 | Action Collection | + | Les Minions (2015)                                               |
[2022-10-11 09:59:56,173] [builder.py:2080]           [INFO]     |  83/146 | Action Collection | + | Les Murs vagabonds (2022)                                        |
[2022-10-11 09:59:56,770] [builder.py:2080]           [INFO]     |  84/146 | Action Collection | + | Les Nouveaux Héros (2014)                                        |
[2022-10-11 09:59:56,787] [builder.py:2080]           [INFO]     |  85/146 | Action Collection | + | Les Vengeurs Ultimate (2006)                                     |
[2022-10-11 09:59:57,555] [builder.py:2080]           [INFO]     |  86/146 | Action Collection | + | La Ligue des Justiciers : Crise sur deux terres (2010)           |
[2022-10-11 09:59:58,342] [builder.py:2080]           [INFO]     |  87/146 | Action Collection | + | La Ligue des Justiciers : Dieux et Monstres (2015)               |
[2022-10-11 09:59:59,278] [builder.py:2080]           [INFO]     |  88/146 | Action Collection | + | La Ligue des Justiciers : Échec (2012)                           |
[2022-10-11 10:00:00,049] [builder.py:2080]           [INFO]     |  89/146 | Action Collection | + | La Ligue des Justiciers : Le Paradoxe Flashpoint (2013)          |
[2022-10-11 10:00:00,842] [builder.py:2080]           [INFO]     |  90/146 | Action Collection | + | La Ligue des Justiciers : Le Trône de l'Atlantide (2015)         |
[2022-10-11 10:00:01,673] [builder.py:2080]           [INFO]     |  91/146 | Action Collection | + | La Ligue des justiciers : Nouvelle frontière (2008)              |
[2022-10-11 10:00:02,512] [builder.py:2080]           [INFO]     |  92/146 | Action Collection | + | La Ligue des justiciers vs les Teen Titans (2016)                |
[2022-10-11 10:00:03,313] [builder.py:2080]           [INFO]     |  93/146 | Action Collection | + | Milo sur Mars (2011)                                             |
[2022-10-11 10:00:04,160] [builder.py:2080]           [INFO]     |  94/146 | Action Collection | + | Moi, moche et méchant 3 (2017)                                   |
[2022-10-11 10:00:04,450] [builder.py:2080]           [INFO]     |  95/146 | Action Collection | + | Mon ninja et moi (2018)                                          |
[2022-10-11 10:00:04,998] [builder.py:2080]           [INFO]     |  96/146 | Action Collection | + | Monster Hunter: Legends of the Guild (2021)                      |
[2022-10-11 10:00:05,520] [builder.py:2080]           [INFO]     |  97/146 | Action Collection | + | La Mort de Superman (2018)                                       |
[2022-10-11 10:00:05,966] [builder.py:2080]           [INFO]     |  98/146 | Action Collection | + | La Mort et le Retour de Superman (2019)                          |
[2022-10-11 10:00:05,983] [builder.py:2080]           [INFO]     |  99/146 | Action Collection | + | Mortal Kombat Legends : Scorpion's Revenge (2020)                |
[2022-10-11 10:00:06,588] [builder.py:2080]           [INFO]     | 100/146 | Action Collection | + | Mortal Kombat Legends: Battle of the Realms (2021)               |
[2022-10-11 10:00:07,153] [builder.py:2080]           [INFO]     | 101/146 | Action Collection | + | Mulan (1998)                                                     |
[2022-10-11 10:00:07,617] [builder.py:2080]           [INFO]     | 102/146 | Action Collection | + | Mutafukaz (2018)                                                 |
[2022-10-11 10:00:08,244] [builder.py:2080]           [INFO]     | 103/146 | Action Collection | + | Nausicaä de la vallée du vent (1984)                             |
[2022-10-11 10:00:08,690] [builder.py:2080]           [INFO]     | 104/146 | Action Collection | + | Next Avengers (2008)                                             |
[2022-10-11 10:00:09,112] [builder.py:2080]           [INFO]     | 105/146 | Action Collection | + | Planète Hulk (2010)                                              |
[2022-10-11 10:00:10,042] [builder.py:2080]           [INFO]     | 106/146 | Action Collection | + | Pokémon : Arceus et le Joyau de Vie (2009)                       |
[2022-10-11 10:00:10,457] [builder.py:2080]           [INFO]     | 107/146 | Action Collection | + | Pokémon : Giratina et le Gardien du Ciel (2008)                  |
[2022-10-11 10:00:10,882] [builder.py:2080]           [INFO]     | 108/146 | Action Collection | + | Pokémon : Jirachi, le génie des vœux (2003)                      |
[2022-10-11 10:00:11,360] [builder.py:2080]           [INFO]     | 109/146 | Action Collection | + | Pokémon : L'ascension de Darkrai (2007)                          |
[2022-10-11 10:00:11,785] [builder.py:2080]           [INFO]     | 110/146 | Action Collection | + | Pokémon : La destinée de Deoxys (2004)                           |
[2022-10-11 10:00:12,263] [builder.py:2080]           [INFO]     | 111/146 | Action Collection | + | Pokémon : Le Maître des Mirages (2006)                           |
[2022-10-11 10:00:12,747] [builder.py:2080]           [INFO]     | 112/146 | Action Collection | + | Pokémon : Lucario et le Mystère de Mew (2005)                    |
[2022-10-11 10:00:13,263] [builder.py:2080]           [INFO]     | 113/146 | Action Collection | + | Pokémon : Zoroark, le Maître des Illusions (2010)                |
[2022-10-11 10:00:13,681] [builder.py:2080]           [INFO]     | 114/146 | Action Collection | + | Pokémon 2 : Le pouvoir est en toi (1999)                         |
[2022-10-11 10:00:14,108] [builder.py:2080]           [INFO]     | 115/146 | Action Collection | + | Pokémon 3 : Le Sort des Zarbi (2000)                             |
[2022-10-11 10:00:14,521] [builder.py:2080]           [INFO]     | 116/146 | Action Collection | + | Pokémon 4Ever : Célébi, la voix de la forêt (2001)               |
[2022-10-11 10:00:14,940] [builder.py:2080]           [INFO]     | 117/146 | Action Collection | + | Pokémon Ranger et le Temple des Mers (2006)                      |
[2022-10-11 10:00:15,378] [builder.py:2080]           [INFO]     | 118/146 | Action Collection | + | Pokémon, le film : Diancie et le cocon de l'annihilation (2014)  |
[2022-10-11 10:00:15,791] [builder.py:2080]           [INFO]     | 119/146 | Action Collection | + | Pokémon, le film : Genesect et l’éveil de la légende (2013)      |
[2022-10-11 10:00:16,215] [builder.py:2080]           [INFO]     | 120/146 | Action Collection | + | Pokémon, le film : Hoopa et le choc des légendes (2015)          |
[2022-10-11 10:00:16,654] [builder.py:2080]           [INFO]     | 121/146 | Action Collection | + | Pokémon, le film : Je te choisis ! (2017)                        |
[2022-10-11 10:00:17,089] [builder.py:2080]           [INFO]     | 122/146 | Action Collection | + | Pokémon, le film : Kyurem VS la Lame de la Justice (2012)        |
[2022-10-11 10:00:17,495] [builder.py:2080]           [INFO]     | 123/146 | Action Collection | + | Pokémon, le film : Mewtwo contre Mew (1998)                      |
[2022-10-11 10:00:17,916] [builder.py:2080]           [INFO]     | 124/146 | Action Collection | + | Pokémon, le film : Volcanion et la merveille mécanique (2016)    |
[2022-10-11 10:00:18,344] [builder.py:2080]           [INFO]     | 125/146 | Action Collection | + | Pretty Guardian Sailor Moon Eternal : Le film - Partie 1 (2021)  |
[2022-10-11 10:00:18,577] [builder.py:2080]           [INFO]     | 126/146 | Action Collection | + | Princesse Mononoké (1997)                                        |
[2022-10-11 10:00:18,592] [builder.py:2080]           [INFO]     | 127/146 | Action Collection | + | Raya et le Dernier Dragon (2021)                                 |
[2022-10-11 10:00:19,547] [builder.py:2080]           [INFO]     | 128/146 | Action Collection | + | Rebelle (2012)                                                   |
[2022-10-11 10:00:19,562] [builder.py:2080]           [INFO]     | 129/146 | Action Collection | + | Samouraï Academy (2022)                                          |
[2022-10-11 10:00:19,577] [builder.py:2080]           [INFO]     | 130/146 | Action Collection | + | Spider-Man : New Generation (2018)                               |
[2022-10-11 10:00:19,592] [builder.py:2080]           [INFO]     | 131/146 | Action Collection | + | Star Wars : The Clone Wars (2008)                                |
[2022-10-11 10:00:20,219] [builder.py:2080]           [INFO]     | 132/146 | Action Collection | + | Suicide Squad: Le Prix de l'Enfer (2018)                         |
[2022-10-11 10:00:20,643] [builder.py:2080]           [INFO]     | 133/146 | Action Collection | + | Superman : L'Homme de demain (2020)                              |
[2022-10-11 10:00:21,487] [builder.py:2080]           [INFO]     | 134/146 | Action Collection | + | Superman : Le Crépuscule d'un dieu (2007)                        |
[2022-10-11 10:00:22,309] [builder.py:2080]           [INFO]     | 135/146 | Action Collection | + | Superman contre l'Élite (2012)                                   |
[2022-10-11 10:00:23,100] [builder.py:2080]           [INFO]     | 136/146 | Action Collection | + | Superman: Red Son (2020)                                         |
[2022-10-11 10:00:23,119] [builder.py:2080]           [INFO]     | 137/146 | Action Collection | + | Superman/Batman: Apocalypse (2010)                               |
[2022-10-11 10:00:23,914] [builder.py:2080]           [INFO]     | 138/146 | Action Collection | + | SuperMan/Batman: Ennemis publics (2009)                          |
[2022-10-11 10:00:24,733] [builder.py:2080]           [INFO]     | 139/146 | Action Collection | + | Superman/Shazam - Le retour de Black Adam (2010)                 |
[2022-10-11 10:00:25,528] [builder.py:2080]           [INFO]     | 140/146 | Action Collection | + | Teen Titans Go! Vs. Teen Titans (2019)                           |
[2022-10-11 10:00:26,346] [builder.py:2080]           [INFO]     | 141/146 | Action Collection | + | Teen Titans Le contrat Judas (2017)                              |
[2022-10-11 10:00:27,148] [builder.py:2080]           [INFO]     | 142/146 | Action Collection | + | TMNT: les tortues ninja (2007)                                   |
[2022-10-11 10:00:28,213] [builder.py:2080]           [INFO]     | 143/146 | Action Collection | + | Tom et Jerry : L'histoire de Robin des Bois (2012)               |
[2022-10-11 10:00:28,434] [builder.py:2080]           [INFO]     | 144/146 | Action Collection | + | Tom et Jerry : L’Anneau magique (2001)                           |
[2022-10-11 10:00:29,004] [builder.py:2080]           [INFO]     | 145/146 | Action Collection | + | The Witcher : le cauchemar du Loup (2021)                        |
[2022-10-11 10:00:29,637] [builder.py:2080]           [INFO]     | 146/146 | Action Collection | + | Wonder Woman (2009)                                              |
[2022-10-11 10:00:31,094] [builder.py:2100]           [INFO]     |                                                                                                    |
[2022-10-11 10:00:31,095] [builder.py:2102]           [INFO]     | 146 Movies Processed 146 Movies Added                                                              |
[2022-10-11 10:00:31,110] [plex.py:711]               [DEBUG]    | Smart Collection Test: ?type=1&sort=audienceRating%3Adesc&label=213012                             |
[2022-10-11 10:00:31,695] [builder.py:2441]           [INFO]     |                                                                                                    |
[2022-10-11 10:00:31,695] [builder.py:2442]           [INFO]     |============================== Updating Details of Action Collection ===============================|
[2022-10-11 10:00:31,696] [builder.py:2443]           [INFO]     |                                                                                                    |
[2022-10-11 10:00:31,972] [builder.py:2509]           [INFO]     | Collection Metadata Edits                                                                          |
                                                                 | Summary (summary) | Action film is a genre wherein physical action takes precedence in the storytelling. The film will often have continuous motion and action including physical stunts, chases, fights, battles, and races. The story usually revolves around a hero that has a goal, but is facing incredible odds to obtain it.
                                                                 | Sort Title | +3_Action
                                                                 | Label | +PMM
[2022-10-11 10:00:32,254] [builder.py:2513]           [INFO]     | Details: have been updated
[2022-10-11 10:00:32,254] [builder.py:2517]           [INFO]     | 
[2022-10-11 10:00:32,255] [builder.py:2580]           [WARNING]  | Asset Warning: Unable to find asset folder: 'Action'
[2022-10-11 10:00:32,255] [util.py:150]               [DEBUG]    | 1 poster found:
[2022-10-11 10:00:32,255] [util.py:152]               [DEBUG]    | Method: url_poster Poster: https://raw.githubusercontent.com/MonsieurZed/poster/main/img/GENRE_ACTION.png
[2022-10-11 10:00:32,294] [library.py:170]            [INFO]     | Detail: url_poster updated poster to [URL] https://raw.githubusercontent.com/MonsieurZed/poster/main/img/GENRE_ACTION.png
[2022-10-11 10:00:32,917] [plex_meta_manager.py:708]  [INFO]     | 
[2022-10-11 10:00:32,917] [plex_meta_manager.py:709]  [INFO]     |====================================================================================================|
[2022-10-11 10:00:32,917] [plex_meta_manager.py:709]  [INFO]     |                                     Finished Action Collection                                     |
[2022-10-11 10:00:32,918] [plex_meta_manager.py:709]  [INFO]     |                                    Collection Run Time: 0:01:16                                    |
[2022-10-11 10:00:32,918] [plex_meta_manager.py:709]  [INFO]     |====================================================================================================|
