[2022-10-11 09:14:08,028] [builder.py:197]            [INFO]     |====================================================================================================|
[2022-10-11 09:14:08,028] [builder.py:197]            [INFO]     |                              Brice de Nice Collection in Z. 1 - Films                              |
[2022-10-11 09:14:08,029] [builder.py:197]            [INFO]     |====================================================================================================|
[2022-10-11 09:14:08,029] [builder.py:198]            [INFO]     |                                                                                                    |
[2022-10-11 09:14:08,029] [builder.py:203]            [INFO]     |================================ Building Definition From Templates ================================|
[2022-10-11 09:14:08,029] [builder.py:211]            [DEBUG]    |                                                                                                    |
[2022-10-11 09:14:08,029] [meta.py:128]               [DEBUG]    | Template my_template                                                                               |
[2022-10-11 09:14:08,030] [meta.py:129]               [DEBUG]    | Call: {'value': ['442352'], 'tmdb_collection': ['442352'], 'key_name': 'Brice de Nice', 'key': '442352', 'name': 'my_template'} |
[2022-10-11 09:14:08,030] [meta.py:304]               [DEBUG]    |                                                                                                    |
[2022-10-11 09:14:08,030] [meta.py:305]               [DEBUG]    | Variables: {'value': ['442352'], 'tmdb_collection': ['442352'], 'key_name': 'Brice de Nice', 'key': '442352', 'name': 'my_template', 'collection_name': 'Brice de Nice', 'mapping_name': 'Brice de Nice', 'library_type': 'movie', 'library_name': 'Z. 1 - Films', 'value_encoded': '%5B%27442352%27%5D', 'tmdb_collection_encoded': '%5B%27442352%27%5D', 'key_name_encoded': 'Brice%20de%20Nice', 'key_encoded': '442352', 'name_encoded': 'my_template', 'collection_name_encoded': 'Brice%20de%20Nice', 'mapping_name_encoded': 'Brice%20de%20Nice', 'library_type_encoded': 'movie', 'library_name_encoded': 'Z.%201%20-%20Films', 'collection_sort': 'Brice de Nice'} |
[2022-10-11 09:14:08,030] [meta.py:306]               [DEBUG]    |                                                                                                    |
[2022-10-11 09:14:08,031] [meta.py:307]               [DEBUG]    | Defaults: {}                                                                                       |
[2022-10-11 09:14:08,031] [meta.py:308]               [DEBUG]    |                                                                                                    |
[2022-10-11 09:14:08,031] [meta.py:309]               [DEBUG]    | Optional: ['my_collection_poster', 'my_collection_poster_encoded']                                 |
[2022-10-11 09:14:08,032] [meta.py:370]               [DEBUG]    |                                                                                                    |
[2022-10-11 09:14:08,032] [meta.py:371]               [DEBUG]    | Final Template Attributes: {'tmdb_collection_details': ['442352'], 'collection_order': 'release', 'collection_mode': 'hide_items'} |
[2022-10-11 09:14:08,032] [meta.py:372]               [DEBUG]    |                                                                                                    |
[2022-10-11 09:14:08,032] [builder.py:219]            [INFO]     |=============================== Validating Brice de Nice Attributes ================================|
[2022-10-11 09:14:08,032] [builder.py:609]            [DEBUG]    |                                                                                                    |
[2022-10-11 09:14:08,032] [builder.py:610]            [DEBUG]    | Validating Method: collection_order                                                                |
[2022-10-11 09:14:08,032] [builder.py:611]            [DEBUG]    | Value: release                                                                                     |
[2022-10-11 09:14:08,033] [builder.py:627]            [DEBUG]    |                                                                                                    |
[2022-10-11 09:14:08,033] [builder.py:631]            [DEBUG]    | Validating Method: label                                                                           |
[2022-10-11 09:14:08,033] [builder.py:632]            [DEBUG]    | Value: TMDb Collections                                                                            |
[2022-10-11 09:14:08,033] [builder.py:627]            [DEBUG]    |                                                                                                    |
[2022-10-11 09:14:08,033] [builder.py:631]            [DEBUG]    | Validating Method: tmdb_collection_details                                                         |
[2022-10-11 09:14:08,033] [builder.py:632]            [DEBUG]    | Value: ['442352']                                                                                  |
[2022-10-11 09:14:08,044] [builder.py:627]            [DEBUG]    |                                                                                                    |
[2022-10-11 09:14:08,044] [builder.py:631]            [DEBUG]    | Validating Method: collection_mode                                                                 |
[2022-10-11 09:14:08,044] [builder.py:632]            [DEBUG]    | Value: hide_items                                                                                  |
[2022-10-11 09:14:08,234] [builder.py:797]            [INFO]     |                                                                                                    |
[2022-10-11 09:14:08,234] [builder.py:798]            [INFO]     | Validation Successful                                                                              |
[2022-10-11 09:14:08,234] [plex_meta_manager.py:561]  [INFO]     |                                                                                                    |
[2022-10-11 09:14:08,235] [plex_meta_manager.py:563]  [INFO]     |================================= Running Brice de Nice Collection =================================|
[2022-10-11 09:14:08,235] [plex_meta_manager.py:575]  [INFO]     |                                                                                                    |
[2022-10-11 09:14:08,235] [plex_meta_manager.py:576]  [INFO]     | Sync Mode: append                                                                                  |
[2022-10-11 09:14:08,235] [plex_meta_manager.py:579]  [DEBUG]    |                                                                                                    |
[2022-10-11 09:14:08,235] [plex_meta_manager.py:580]  [DEBUG]    | Builder: tmdb_collection: 442352                                                                   |
[2022-10-11 09:14:08,236] [plex_meta_manager.py:581]  [INFO]     |                                                                                                    |
[2022-10-11 09:14:08,240] [tmdb.py:382]               [INFO]     | Processing TMDb Collection: (442352) Brice de Nice - Saga (2 Items)                                |
[2022-10-11 09:14:08,240] [builder.py:1540]           [DEBUG]    |                                                                                                    |
[2022-10-11 09:14:08,240] [builder.py:1541]           [DEBUG]    | 2 IDs Found: [(375798, 'tmdb'), (17350, 'tmdb')]                                                   |
[2022-10-11 09:14:08,241] [builder.py:1542]           [DEBUG]    |                                                                                                    |
[2022-10-11 09:14:08,241] [builder.py:2064]           [INFO]     |                                                                                                    |
[2022-10-11 09:14:08,241] [builder.py:2065]           [INFO]     |================================ Adding to Brice de Nice Collection ================================|
[2022-10-11 09:14:08,241] [builder.py:2066]           [INFO]     |                                                                                                    |
[2022-10-11 09:14:08,241] [builder.py:2080]           [INFO]     | 1/2 | Brice de Nice Collection | = | Brice 3 (2016)                                                |
[2022-10-11 09:14:08,241] [builder.py:2080]           [INFO]     | 2/2 | Brice de Nice Collection | = | Brice de Nice (2005)                                          |
[2022-10-11 09:14:08,242] [builder.py:2100]           [INFO]     |                                                                                                    |
[2022-10-11 09:14:08,242] [builder.py:2102]           [INFO]     | 2 Movies Processed 0 Movies Added                                                                  |
[2022-10-11 09:14:08,248] [builder.py:2441]           [INFO]     |                                                                                                    |
[2022-10-11 09:14:08,248] [builder.py:2442]           [INFO]     |=========================== Updating Details of Brice de Nice Collection ===========================|
[2022-10-11 09:14:08,249] [builder.py:2443]           [INFO]     |                                                                                                    |
[2022-10-11 09:14:08,258] [builder.py:2509]           [INFO]     | Collection Metadata Edits                                                                          |
[2022-10-11 09:14:08,258] [builder.py:2580]           [WARNING]  | Asset Warning: Unable to find asset folder: 'Brice de Nice'                                        |
[2022-10-11 09:14:08,258] [util.py:150]               [DEBUG]    | 1 poster found:                                                                                    |
[2022-10-11 09:14:08,258] [util.py:152]               [DEBUG]    | Method: tmdb_collection_details Poster: https://image.tmdb.org/t/p/original/onlFeg0Oa7A8z343YEYvx6RF48q.jpg |
[2022-10-11 09:14:08,259] [util.py:150]               [DEBUG]    | 1 background found:                                                                                |
[2022-10-11 09:14:08,259] [util.py:152]               [DEBUG]    | Method: tmdb_collection_details Background: https://image.tmdb.org/t/p/original/8LYMiXf6w2LU6BbBfDf7NUAeQJ5.jpg |
[2022-10-11 09:14:08,260] [library.py:172]            [INFO]     | Detail: poster update not needed                                                                   |
[2022-10-11 09:14:08,261] [library.py:188]            [INFO]     | Detail: background update not needed                                                               |
[2022-10-11 09:14:08,456] [plex_meta_manager.py:708]  [INFO]     |                                                                                                    |
[2022-10-11 09:14:08,457] [plex_meta_manager.py:709]  [INFO]     |====================================================================================================|
[2022-10-11 09:14:08,457] [plex_meta_manager.py:709]  [INFO]     |                                 Finished Brice de Nice Collection                                  |
[2022-10-11 09:14:08,457] [plex_meta_manager.py:709]  [INFO]     |                                    Collection Run Time: 0:00:00                                    |
[2022-10-11 09:14:08,458] [plex_meta_manager.py:709]  [INFO]     |====================================================================================================|
