[2022-10-11 09:25:42,297] [builder.py:197]            [INFO]     |====================================================================================================|
[2022-10-11 09:25:42,297] [builder.py:197]            [INFO]     |                               Spider-Man Collection in Z. 1 - Films                                |
[2022-10-11 09:25:42,297] [builder.py:197]            [INFO]     |====================================================================================================|
[2022-10-11 09:25:42,297] [builder.py:198]            [INFO]     |                                                                                                    |
[2022-10-11 09:25:42,298] [builder.py:203]            [INFO]     |================================ Building Definition From Templates ================================|
[2022-10-11 09:25:42,298] [builder.py:211]            [DEBUG]    |                                                                                                    |
[2022-10-11 09:25:42,298] [meta.py:128]               [DEBUG]    | Template my_template                                                                               |
[2022-10-11 09:25:42,298] [meta.py:129]               [DEBUG]    | Call: {'value': ['556'], 'tmdb_collection': ['556'], 'key_name': 'Spider-Man', 'key': '556', 'name': 'my_template'} |
[2022-10-11 09:25:42,299] [meta.py:304]               [DEBUG]    |                                                                                                    |
[2022-10-11 09:25:42,299] [meta.py:305]               [DEBUG]    | Variables: {'value': ['556'], 'tmdb_collection': ['556'], 'key_name': 'Spider-Man', 'key': '556', 'name': 'my_template', 'collection_name': 'Spider-Man', 'mapping_name': 'Spider-Man', 'library_type': 'movie', 'library_name': 'Z. 1 - Films', 'value_encoded': '%5B%27556%27%5D', 'tmdb_collection_encoded': '%5B%27556%27%5D', 'key_name_encoded': 'Spider-Man', 'key_encoded': '556', 'name_encoded': 'my_template', 'collection_name_encoded': 'Spider-Man', 'mapping_name_encoded': 'Spider-Man', 'library_type_encoded': 'movie', 'library_name_encoded': 'Z.%201%20-%20Films', 'collection_sort': 'Spider-Man'} |
[2022-10-11 09:25:42,299] [meta.py:306]               [DEBUG]    |                                                                                                    |
[2022-10-11 09:25:42,299] [meta.py:307]               [DEBUG]    | Defaults: {}                                                                                       |
[2022-10-11 09:25:42,299] [meta.py:308]               [DEBUG]    |                                                                                                    |
[2022-10-11 09:25:42,300] [meta.py:309]               [DEBUG]    | Optional: ['my_collection_poster', 'my_collection_poster_encoded']                                 |
[2022-10-11 09:25:42,301] [meta.py:370]               [DEBUG]    |                                                                                                    |
[2022-10-11 09:25:42,301] [meta.py:371]               [DEBUG]    | Final Template Attributes: {'tmdb_collection_details': ['556'], 'collection_order': 'release', 'collection_mode': 'hide_items'} |
[2022-10-11 09:25:42,301] [meta.py:372]               [DEBUG]    |                                                                                                    |
[2022-10-11 09:25:42,301] [builder.py:219]            [INFO]     |================================= Validating Spider-Man Attributes =================================|
[2022-10-11 09:25:42,301] [builder.py:609]            [DEBUG]    |                                                                                                    |
[2022-10-11 09:25:42,302] [builder.py:610]            [DEBUG]    | Validating Method: collection_order                                                                |
[2022-10-11 09:25:42,302] [builder.py:611]            [DEBUG]    | Value: release                                                                                     |
[2022-10-11 09:25:42,302] [builder.py:627]            [DEBUG]    |                                                                                                    |
[2022-10-11 09:25:42,302] [builder.py:631]            [DEBUG]    | Validating Method: label                                                                           |
[2022-10-11 09:25:42,302] [builder.py:632]            [DEBUG]    | Value: TMDb Collections                                                                            |
[2022-10-11 09:25:42,302] [builder.py:627]            [DEBUG]    |                                                                                                    |
[2022-10-11 09:25:42,302] [builder.py:631]            [DEBUG]    | Validating Method: tmdb_collection_details                                                         |
[2022-10-11 09:25:42,303] [builder.py:632]            [DEBUG]    | Value: ['556']                                                                                     |
[2022-10-11 09:25:42,316] [builder.py:627]            [DEBUG]    |                                                                                                    |
[2022-10-11 09:25:42,316] [builder.py:631]            [DEBUG]    | Validating Method: collection_mode                                                                 |
[2022-10-11 09:25:42,317] [builder.py:632]            [DEBUG]    | Value: hide_items                                                                                  |
[2022-10-11 09:25:42,323] [plex.py:790]               [DEBUG]    |                                                                                                    |
[2022-10-11 09:25:42,323] [plex.py:792]               [DEBUG]    | Found: Amazing Spider-Man                                                                          |
[2022-10-11 09:25:42,324] [plex.py:793]               [DEBUG]    | Looking for: Spider-Man                                                                            |
[2022-10-11 09:25:42,324] [builder.py:797]            [INFO]     |                                                                                                    |
[2022-10-11 09:25:42,324] [builder.py:798]            [INFO]     | Validation Successful                                                                              |
[2022-10-11 09:25:42,324] [plex_meta_manager.py:561]  [INFO]     |                                                                                                    |
[2022-10-11 09:25:42,325] [plex_meta_manager.py:563]  [INFO]     |================================== Running Spider-Man Collection ===================================|
[2022-10-11 09:25:42,325] [plex_meta_manager.py:575]  [INFO]     |                                                                                                    |
[2022-10-11 09:25:42,325] [plex_meta_manager.py:576]  [INFO]     | Sync Mode: append                                                                                  |
[2022-10-11 09:25:42,325] [plex_meta_manager.py:579]  [DEBUG]    |                                                                                                    |
[2022-10-11 09:25:42,325] [plex_meta_manager.py:580]  [DEBUG]    | Builder: tmdb_collection: 556                                                                      |
[2022-10-11 09:25:42,325] [plex_meta_manager.py:581]  [INFO]     |                                                                                                    |
[2022-10-11 09:25:42,330] [tmdb.py:382]               [INFO]     | Processing TMDb Collection: (556) Spider-Man - Saga (3 Items)                                      |
[2022-10-11 09:25:42,330] [builder.py:1540]           [DEBUG]    |                                                                                                    |
[2022-10-11 09:25:42,330] [builder.py:1541]           [DEBUG]    | 3 IDs Found: [(557, 'tmdb'), (558, 'tmdb'), (559, 'tmdb')]                                         |
[2022-10-11 09:25:42,331] [builder.py:1542]           [DEBUG]    |                                                                                                    |
[2022-10-11 09:25:42,331] [builder.py:2064]           [INFO]     |                                                                                                    |
[2022-10-11 09:25:42,331] [builder.py:2065]           [INFO]     |================================= Adding to Spider-Man Collection ==================================|
[2022-10-11 09:25:42,331] [builder.py:2066]           [INFO]     |                                                                                                    |
[2022-10-11 09:25:42,331] [builder.py:2080]           [INFO]     | 1/3 | Spider-Man Collection | + | Spider-Man I (2002)                                              |
[2022-10-11 09:25:42,649] [builder.py:2080]           [INFO]     | 2/3 | Spider-Man Collection | + | Spider-Man II (2004)                                             |
[2022-10-11 09:25:42,974] [builder.py:2080]           [INFO]     | 3/3 | Spider-Man Collection | + | Spider-Man III (2007)                                            |
[2022-10-11 09:25:45,855] [builder.py:2100]           [INFO]     |                                                                                                    |
[2022-10-11 09:25:45,855] [builder.py:2102]           [INFO]     | 3 Movies Processed 3 Movies Added                                                                  |
[2022-10-11 09:25:45,863] [plex.py:790]               [DEBUG]    |                                                                                                    |
[2022-10-11 09:25:45,863] [plex.py:792]               [DEBUG]    | Found: Amazing Spider-Man                                                                          |
[2022-10-11 09:25:45,863] [plex.py:792]               [DEBUG]    | Found: Spider-man                                                                                  |
[2022-10-11 09:25:45,864] [plex.py:793]               [DEBUG]    | Looking for: Spider-Man                                                                            |
[2022-10-11 09:25:45,864] [plex_meta_manager.py:646]  [DEBUG]    | Traceback (most recent call last):                                                                 |
                                                                 |   File "//plex_meta_manager.py", line 638, in run_collection
                                                                 |     builder.load_collection()
                                                                 |   File "/modules/builder.py", line 2435, in load_collection
                                                                 |     self.obj = self.library.get_playlist(self.name) if self.playlist else self.library.get_collection(self.name)
                                                                 |   File "/modules/plex.py", line 794, in get_collection
                                                                 |     raise Failed(f"Plex Error: Collection {data} not found")
                                                                 | modules.util.Failed: Plex Error: Collection Spider-Man not found
                                                                 | 
[2022-10-11 09:25:45,865] [plex_meta_manager.py:648]  [INFO]     | 
[2022-10-11 09:25:45,865] [plex_meta_manager.py:649]  [INFO]     |===================================== No Collection to Update ======================================|
[2022-10-11 09:25:45,865] [plex_meta_manager.py:708]  [INFO]     |                                                                                                    |
[2022-10-11 09:25:45,865] [plex_meta_manager.py:709]  [INFO]     |====================================================================================================|
[2022-10-11 09:25:45,866] [plex_meta_manager.py:709]  [INFO]     |                                   Finished Spider-Man Collection                                   |
[2022-10-11 09:25:45,866] [plex_meta_manager.py:709]  [INFO]     |                                    Collection Run Time: 0:00:03                                    |
[2022-10-11 09:25:45,866] [plex_meta_manager.py:709]  [INFO]     |====================================================================================================|
