[2022-10-11 11:19:20,984] [builder.py:200]            [INFO]     |====================================================================================================|
[2022-10-11 11:19:20,984] [builder.py:200]            [INFO]     |                              Papa ou Maman Collection in Z. 1 - Films                              |
[2022-10-11 11:19:20,984] [builder.py:200]            [INFO]     |====================================================================================================|
[2022-10-11 11:19:20,985] [builder.py:201]            [INFO]     |                                                                                                    |
[2022-10-11 11:19:20,985] [builder.py:206]            [INFO]     |================================ Building Definition From Templates ================================|
[2022-10-11 11:19:20,985] [builder.py:222]            [DEBUG]    |                                                                                                    |
[2022-10-11 11:19:20,985] [meta.py:128]               [DEBUG]    | Template my_template                                                                               |
[2022-10-11 11:19:20,985] [meta.py:129]               [DEBUG]    | Call: {'value': ['437608'], 'tmdb_collection': ['437608'], 'key_name': 'Papa ou Maman', 'key': '437608', 'name': 'my_template'} |
[2022-10-11 11:19:20,986] [meta.py:304]               [DEBUG]    |                                                                                                    |
[2022-10-11 11:19:20,986] [meta.py:305]               [DEBUG]    | Variables: {'value': ['437608'], 'tmdb_collection': ['437608'], 'key_name': 'Papa ou Maman', 'key': '437608', 'name': 'my_template', 'collection_name': 'Papa ou Maman', 'mapping_name': 'Papa ou Maman', 'library_type': 'movie', 'library_name': 'Z. 1 - Films', 'value_encoded': '%5B%27437608%27%5D', 'tmdb_collection_encoded': '%5B%27437608%27%5D', 'key_name_encoded': 'Papa%20ou%20Maman', 'key_encoded': '437608', 'name_encoded': 'my_template', 'collection_name_encoded': 'Papa%20ou%20Maman', 'mapping_name_encoded': 'Papa%20ou%20Maman', 'library_type_encoded': 'movie', 'library_name_encoded': 'Z.%201%20-%20Films', 'collection_sort': 'Papa ou Maman'} |
[2022-10-11 11:19:20,986] [meta.py:306]               [DEBUG]    |                                                                                                    |
[2022-10-11 11:19:20,986] [meta.py:307]               [DEBUG]    | Defaults: {}                                                                                       |
[2022-10-11 11:19:20,986] [meta.py:308]               [DEBUG]    |                                                                                                    |
[2022-10-11 11:19:20,986] [meta.py:309]               [DEBUG]    | Optional: ['my_collection_poster', 'my_collection_poster_encoded']                                 |
[2022-10-11 11:19:20,988] [meta.py:370]               [DEBUG]    |                                                                                                    |
[2022-10-11 11:19:20,988] [meta.py:371]               [DEBUG]    | Final Template Attributes: {'tmdb_collection_details': ['437608'], 'collection_order': 'release', 'collection_mode': 'hide_items', 'sort_title': '+C1_Papa ou Maman'} |
[2022-10-11 11:19:20,988] [meta.py:372]               [DEBUG]    |                                                                                                    |
[2022-10-11 11:19:20,988] [builder.py:230]            [INFO]     |=============================== Validating Papa ou Maman Attributes ================================|
[2022-10-11 11:19:20,988] [builder.py:620]            [DEBUG]    |                                                                                                    |
[2022-10-11 11:19:20,988] [builder.py:621]            [DEBUG]    | Validating Method: collection_order                                                                |
[2022-10-11 11:19:20,989] [builder.py:622]            [DEBUG]    | Value: release                                                                                     |
[2022-10-11 11:19:20,989] [builder.py:653]            [DEBUG]    |                                                                                                    |
[2022-10-11 11:19:20,989] [builder.py:657]            [DEBUG]    | Validating Method: label                                                                           |
[2022-10-11 11:19:20,989] [builder.py:658]            [DEBUG]    | Value: TMDb Collections                                                                            |
[2022-10-11 11:19:20,989] [builder.py:653]            [DEBUG]    |                                                                                                    |
[2022-10-11 11:19:20,989] [builder.py:657]            [DEBUG]    | Validating Method: tmdb_collection_details                                                         |
[2022-10-11 11:19:20,990] [builder.py:658]            [DEBUG]    | Value: ['437608']                                                                                  |
[2022-10-11 11:19:21,003] [builder.py:653]            [DEBUG]    |                                                                                                    |
[2022-10-11 11:19:21,003] [builder.py:657]            [DEBUG]    | Validating Method: collection_mode                                                                 |
[2022-10-11 11:19:21,003] [builder.py:658]            [DEBUG]    | Value: hide_items                                                                                  |
[2022-10-11 11:19:21,004] [builder.py:653]            [DEBUG]    |                                                                                                    |
[2022-10-11 11:19:21,004] [builder.py:657]            [DEBUG]    | Validating Method: sort_title                                                                      |
[2022-10-11 11:19:21,004] [builder.py:658]            [DEBUG]    | Value: +C1_Papa ou Maman                                                                           |
[2022-10-11 11:19:21,331] [builder.py:823]            [INFO]     |                                                                                                    |
[2022-10-11 11:19:21,331] [builder.py:824]            [INFO]     | Validation Successful                                                                              |
[2022-10-11 11:19:21,332] [plex_meta_manager.py:561]  [INFO]     |                                                                                                    |
[2022-10-11 11:19:21,332] [plex_meta_manager.py:563]  [INFO]     |================================= Running Papa ou Maman Collection =================================|
[2022-10-11 11:19:21,332] [plex_meta_manager.py:575]  [INFO]     |                                                                                                    |
[2022-10-11 11:19:21,332] [plex_meta_manager.py:576]  [INFO]     | Sync Mode: append                                                                                  |
[2022-10-11 11:19:21,333] [plex_meta_manager.py:579]  [DEBUG]    |                                                                                                    |
[2022-10-11 11:19:21,333] [plex_meta_manager.py:580]  [DEBUG]    | Builder: tmdb_collection: 437608                                                                   |
[2022-10-11 11:19:21,333] [plex_meta_manager.py:581]  [INFO]     |                                                                                                    |
[2022-10-11 11:19:21,340] [tmdb.py:381]               [INFO]     | Processing TMDb Collection: (437608) Papa ou maman - Saga (2 Items)                                |
[2022-10-11 11:19:21,340] [builder.py:1581]           [DEBUG]    |                                                                                                    |
[2022-10-11 11:19:21,340] [builder.py:1582]           [DEBUG]    | 2 IDs Found: [(319341, 'tmdb'), (382593, 'tmdb')]                                                  |
[2022-10-11 11:19:21,340] [builder.py:1583]           [DEBUG]    |                                                                                                    |
[2022-10-11 11:19:21,341] [builder.py:2132]           [INFO]     |                                                                                                    |
[2022-10-11 11:19:21,341] [builder.py:2133]           [INFO]     |================================ Adding to Papa ou Maman Collection ================================|
[2022-10-11 11:19:21,341] [builder.py:2134]           [INFO]     |                                                                                                    |
[2022-10-11 11:19:21,341] [builder.py:2148]           [INFO]     | 1/2 | Papa ou Maman Collection | = | Papa ou maman (2015)                                          |
[2022-10-11 11:19:21,342] [builder.py:2148]           [INFO]     | 2/2 | Papa ou Maman Collection | = | Papa ou maman 2 (2016)                                        |
[2022-10-11 11:19:21,342] [builder.py:2168]           [INFO]     |                                                                                                    |
[2022-10-11 11:19:21,342] [builder.py:2170]           [INFO]     | 2 Movies Processed 0 Movies Added                                                                  |
[2022-10-11 11:19:21,352] [builder.py:2521]           [INFO]     |                                                                                                    |
[2022-10-11 11:19:21,353] [builder.py:2522]           [INFO]     |=========================== Updating Details of Papa ou Maman Collection ===========================|
[2022-10-11 11:19:21,353] [builder.py:2523]           [INFO]     |                                                                                                    |
[2022-10-11 11:19:21,365] [builder.py:2589]           [INFO]     | Collection Metadata Edits                                                                          |
[2022-10-11 11:19:21,365] [builder.py:2660]           [WARNING]  | Asset Warning: Unable to find asset folder: 'Papa ou Maman'                                        |
[2022-10-11 11:19:21,366] [util.py:171]               [DEBUG]    | 1 poster found:                                                                                    |
[2022-10-11 11:19:21,366] [util.py:173]               [DEBUG]    | Method: tmdb_collection_details Poster: https://image.tmdb.org/t/p/original/ePDqFLwv7isN6sJ5Klqhrub8gLr.jpg |
[2022-10-11 11:19:21,366] [util.py:171]               [DEBUG]    | 1 background found:                                                                                |
[2022-10-11 11:19:21,366] [util.py:173]               [DEBUG]    | Method: tmdb_collection_details Background: https://image.tmdb.org/t/p/original/pYCPJdZsvpyafRHdK86N8F0uXm5.jpg |
[2022-10-11 11:19:21,368] [library.py:173]            [INFO]     | Detail: poster update not needed                                                                   |
[2022-10-11 11:19:21,369] [library.py:189]            [INFO]     | Detail: background update not needed                                                               |
[2022-10-11 11:19:21,639] [plex_meta_manager.py:708]  [INFO]     |                                                                                                    |
[2022-10-11 11:19:21,639] [plex_meta_manager.py:709]  [INFO]     |====================================================================================================|
[2022-10-11 11:19:21,639] [plex_meta_manager.py:709]  [INFO]     |                                 Finished Papa ou Maman Collection                                  |
[2022-10-11 11:19:21,640] [plex_meta_manager.py:709]  [INFO]     |                                    Collection Run Time: 0:00:00                                    |
[2022-10-11 11:19:21,640] [plex_meta_manager.py:709]  [INFO]     |====================================================================================================|
