[2022-10-11 11:20:22,428] [builder.py:200]            [INFO]     |====================================================================================================|
[2022-10-11 11:20:22,428] [builder.py:200]            [INFO]     |                          Spider-Man (Avengers) Collection in Z. 1 - Films                          |
[2022-10-11 11:20:22,428] [builder.py:200]            [INFO]     |====================================================================================================|
[2022-10-11 11:20:22,428] [builder.py:201]            [INFO]     |                                                                                                    |
[2022-10-11 11:20:22,428] [builder.py:206]            [INFO]     |================================ Building Definition From Templates ================================|
[2022-10-11 11:20:22,429] [builder.py:222]            [DEBUG]    |                                                                                                    |
[2022-10-11 11:20:22,429] [meta.py:128]               [DEBUG]    | Template my_template                                                                               |
[2022-10-11 11:20:22,429] [meta.py:129]               [DEBUG]    | Call: {'value': ['531241'], 'tmdb_collection': ['531241'], 'key_name': 'Spider-Man (Avengers)', 'key': '531241', 'name': 'my_template'} |
[2022-10-11 11:20:22,429] [meta.py:304]               [DEBUG]    |                                                                                                    |
[2022-10-11 11:20:22,429] [meta.py:305]               [DEBUG]    | Variables: {'value': ['531241'], 'tmdb_collection': ['531241'], 'key_name': 'Spider-Man (Avengers)', 'key': '531241', 'name': 'my_template', 'collection_name': 'Spider-Man (Avengers)', 'mapping_name': 'Spider-Man (Avengers)', 'library_type': 'movie', 'library_name': 'Z. 1 - Films', 'value_encoded': '%5B%27531241%27%5D', 'tmdb_collection_encoded': '%5B%27531241%27%5D', 'key_name_encoded': 'Spider-Man%20%28Avengers%29', 'key_encoded': '531241', 'name_encoded': 'my_template', 'collection_name_encoded': 'Spider-Man%20%28Avengers%29', 'mapping_name_encoded': 'Spider-Man%20%28Avengers%29', 'library_type_encoded': 'movie', 'library_name_encoded': 'Z.%201%20-%20Films', 'collection_sort': 'Spider-Man (Avengers)'} |
[2022-10-11 11:20:22,430] [meta.py:306]               [DEBUG]    |                                                                                                    |
[2022-10-11 11:20:22,430] [meta.py:307]               [DEBUG]    | Defaults: {}                                                                                       |
[2022-10-11 11:20:22,430] [meta.py:308]               [DEBUG]    |                                                                                                    |
[2022-10-11 11:20:22,430] [meta.py:309]               [DEBUG]    | Optional: ['my_collection_poster', 'my_collection_poster_encoded']                                 |
[2022-10-11 11:20:22,431] [meta.py:370]               [DEBUG]    |                                                                                                    |
[2022-10-11 11:20:22,431] [meta.py:371]               [DEBUG]    | Final Template Attributes: {'tmdb_collection_details': ['531241'], 'collection_order': 'release', 'collection_mode': 'hide_items', 'sort_title': '+C1_Spider-Man (Avengers)'} |
[2022-10-11 11:20:22,431] [meta.py:372]               [DEBUG]    |                                                                                                    |
[2022-10-11 11:20:22,432] [builder.py:230]            [INFO]     |=========================== Validating Spider-Man (Avengers) Attributes ============================|
[2022-10-11 11:20:22,432] [builder.py:620]            [DEBUG]    |                                                                                                    |
[2022-10-11 11:20:22,432] [builder.py:621]            [DEBUG]    | Validating Method: collection_order                                                                |
[2022-10-11 11:20:22,432] [builder.py:622]            [DEBUG]    | Value: release                                                                                     |
[2022-10-11 11:20:22,432] [builder.py:653]            [DEBUG]    |                                                                                                    |
[2022-10-11 11:20:22,432] [builder.py:657]            [DEBUG]    | Validating Method: label                                                                           |
[2022-10-11 11:20:22,433] [builder.py:658]            [DEBUG]    | Value: TMDb Collections                                                                            |
[2022-10-11 11:20:22,433] [builder.py:653]            [DEBUG]    |                                                                                                    |
[2022-10-11 11:20:22,433] [builder.py:657]            [DEBUG]    | Validating Method: tmdb_collection_details                                                         |
[2022-10-11 11:20:22,433] [builder.py:658]            [DEBUG]    | Value: ['531241']                                                                                  |
[2022-10-11 11:20:22,452] [builder.py:653]            [DEBUG]    |                                                                                                    |
[2022-10-11 11:20:22,452] [builder.py:657]            [DEBUG]    | Validating Method: collection_mode                                                                 |
[2022-10-11 11:20:22,452] [builder.py:658]            [DEBUG]    | Value: hide_items                                                                                  |
[2022-10-11 11:20:22,452] [builder.py:653]            [DEBUG]    |                                                                                                    |
[2022-10-11 11:20:22,453] [builder.py:657]            [DEBUG]    | Validating Method: sort_title                                                                      |
[2022-10-11 11:20:22,453] [builder.py:658]            [DEBUG]    | Value: +C1_Spider-Man (Avengers)                                                                   |
[2022-10-11 11:20:22,656] [builder.py:823]            [INFO]     |                                                                                                    |
[2022-10-11 11:20:22,656] [builder.py:824]            [INFO]     | Validation Successful                                                                              |
[2022-10-11 11:20:22,657] [plex_meta_manager.py:561]  [INFO]     |                                                                                                    |
[2022-10-11 11:20:22,657] [plex_meta_manager.py:563]  [INFO]     |============================= Running Spider-Man (Avengers) Collection =============================|
[2022-10-11 11:20:22,657] [plex_meta_manager.py:575]  [INFO]     |                                                                                                    |
[2022-10-11 11:20:22,657] [plex_meta_manager.py:576]  [INFO]     | Sync Mode: append                                                                                  |
[2022-10-11 11:20:22,657] [plex_meta_manager.py:579]  [DEBUG]    |                                                                                                    |
[2022-10-11 11:20:22,657] [plex_meta_manager.py:580]  [DEBUG]    | Builder: tmdb_collection: 531241                                                                   |
[2022-10-11 11:20:22,658] [plex_meta_manager.py:581]  [INFO]     |                                                                                                    |
[2022-10-11 11:20:22,662] [tmdb.py:381]               [INFO]     | Processing TMDb Collection: (531241) Spider-Man (Avengers) - Saga (3 Items)                        |
[2022-10-11 11:20:22,662] [builder.py:1581]           [DEBUG]    |                                                                                                    |
[2022-10-11 11:20:22,663] [builder.py:1582]           [DEBUG]    | 3 IDs Found: [(315635, 'tmdb'), (429617, 'tmdb'), (634649, 'tmdb')]                                |
[2022-10-11 11:20:22,663] [builder.py:1583]           [DEBUG]    |                                                                                                    |
[2022-10-11 11:20:22,663] [builder.py:2132]           [INFO]     |                                                                                                    |
[2022-10-11 11:20:22,663] [builder.py:2133]           [INFO]     |============================ Adding to Spider-Man (Avengers) Collection ============================|
[2022-10-11 11:20:22,663] [builder.py:2134]           [INFO]     |                                                                                                    |
[2022-10-11 11:20:22,664] [builder.py:2148]           [INFO]     | 1/3 | Spider-Man (Avengers) Collection | = | Spider-Man : Homecoming (2017)                        |
[2022-10-11 11:20:22,664] [builder.py:2148]           [INFO]     | 2/3 | Spider-Man (Avengers) Collection | = | Spider-Man : Far From Home (2019)                     |
[2022-10-11 11:20:22,664] [builder.py:2148]           [INFO]     | 3/3 | Spider-Man (Avengers) Collection | = | Spider-Man: No Way Home (2021)                        |
[2022-10-11 11:20:22,664] [builder.py:2168]           [INFO]     |                                                                                                    |
[2022-10-11 11:20:22,664] [builder.py:2170]           [INFO]     | 3 Movies Processed 0 Movies Added                                                                  |
[2022-10-11 11:20:22,671] [builder.py:2521]           [INFO]     |                                                                                                    |
[2022-10-11 11:20:22,671] [builder.py:2522]           [INFO]     |======================= Updating Details of Spider-Man (Avengers) Collection =======================|
[2022-10-11 11:20:22,672] [builder.py:2523]           [INFO]     |                                                                                                    |
[2022-10-11 11:20:22,680] [builder.py:2589]           [INFO]     | Collection Metadata Edits                                                                          |
[2022-10-11 11:20:22,680] [builder.py:2660]           [WARNING]  | Asset Warning: Unable to find asset folder: 'Spider-Man (Avengers)'                                |
[2022-10-11 11:20:22,680] [util.py:171]               [DEBUG]    | 1 poster found:                                                                                    |
[2022-10-11 11:20:22,681] [util.py:173]               [DEBUG]    | Method: tmdb_collection_details Poster: https://image.tmdb.org/t/p/original/plxMngMDZ3r2OSPn84UlyNHkmwi.jpg |
[2022-10-11 11:20:22,681] [util.py:171]               [DEBUG]    | 1 background found:                                                                                |
[2022-10-11 11:20:22,681] [util.py:173]               [DEBUG]    | Method: tmdb_collection_details Background: https://image.tmdb.org/t/p/original/AvnqpRwlEaYNVL6wzC4RN94EdSd.jpg |
[2022-10-11 11:20:22,682] [library.py:173]            [INFO]     | Detail: poster update not needed                                                                   |
[2022-10-11 11:20:22,683] [library.py:189]            [INFO]     | Detail: background update not needed                                                               |
[2022-10-11 11:20:22,889] [plex_meta_manager.py:708]  [INFO]     |                                                                                                    |
[2022-10-11 11:20:22,889] [plex_meta_manager.py:709]  [INFO]     |====================================================================================================|
[2022-10-11 11:20:22,889] [plex_meta_manager.py:709]  [INFO]     |                             Finished Spider-Man (Avengers) Collection                              |
[2022-10-11 11:20:22,889] [plex_meta_manager.py:709]  [INFO]     |                                    Collection Run Time: 0:00:00                                    |
[2022-10-11 11:20:22,889] [plex_meta_manager.py:709]  [INFO]     |====================================================================================================|
