[2022-10-11 11:01:05,780] [builder.py:197]            [INFO]     |====================================================================================================|
[2022-10-11 11:01:05,780] [builder.py:197]            [INFO]     |                                Kill Bill Collection in Z. 1 - Films                                |
[2022-10-11 11:01:05,780] [builder.py:197]            [INFO]     |====================================================================================================|
[2022-10-11 11:01:05,781] [builder.py:198]            [INFO]     |                                                                                                    |
[2022-10-11 11:01:05,781] [builder.py:203]            [INFO]     |================================ Building Definition From Templates ================================|
[2022-10-11 11:01:05,781] [builder.py:211]            [DEBUG]    |                                                                                                    |
[2022-10-11 11:01:05,781] [meta.py:128]               [DEBUG]    | Template my_template                                                                               |
[2022-10-11 11:01:05,781] [meta.py:129]               [DEBUG]    | Call: {'value': ['2883'], 'tmdb_collection': ['2883'], 'key_name': 'Kill Bill', 'key': '2883', 'name': 'my_template'} |
[2022-10-11 11:01:05,782] [meta.py:304]               [DEBUG]    |                                                                                                    |
[2022-10-11 11:01:05,782] [meta.py:305]               [DEBUG]    | Variables: {'value': ['2883'], 'tmdb_collection': ['2883'], 'key_name': 'Kill Bill', 'key': '2883', 'name': 'my_template', 'collection_name': 'Kill Bill', 'mapping_name': 'Kill Bill', 'library_type': 'movie', 'library_name': 'Z. 1 - Films', 'value_encoded': '%5B%272883%27%5D', 'tmdb_collection_encoded': '%5B%272883%27%5D', 'key_name_encoded': 'Kill%20Bill', 'key_encoded': '2883', 'name_encoded': 'my_template', 'collection_name_encoded': 'Kill%20Bill', 'mapping_name_encoded': 'Kill%20Bill', 'library_type_encoded': 'movie', 'library_name_encoded': 'Z.%201%20-%20Films', 'collection_sort': 'Kill Bill'} |
[2022-10-11 11:01:05,782] [meta.py:306]               [DEBUG]    |                                                                                                    |
[2022-10-11 11:01:05,782] [meta.py:307]               [DEBUG]    | Defaults: {}                                                                                       |
[2022-10-11 11:01:05,782] [meta.py:308]               [DEBUG]    |                                                                                                    |
[2022-10-11 11:01:05,782] [meta.py:309]               [DEBUG]    | Optional: ['my_collection_poster', 'my_collection_poster_encoded']                                 |
[2022-10-11 11:01:05,783] [meta.py:370]               [DEBUG]    |                                                                                                    |
[2022-10-11 11:01:05,784] [meta.py:371]               [DEBUG]    | Final Template Attributes: {'tmdb_collection_details': ['2883'], 'collection_order': 'release', 'collection_mode': 'hide_items', 'sort_title': '+C1_Kill Bill'} |
[2022-10-11 11:01:05,784] [meta.py:372]               [DEBUG]    |                                                                                                    |
[2022-10-11 11:01:05,784] [builder.py:219]            [INFO]     |================================= Validating Kill Bill Attributes ==================================|
[2022-10-11 11:01:05,784] [builder.py:609]            [DEBUG]    |                                                                                                    |
[2022-10-11 11:01:05,784] [builder.py:610]            [DEBUG]    | Validating Method: collection_order                                                                |
[2022-10-11 11:01:05,784] [builder.py:611]            [DEBUG]    | Value: release                                                                                     |
[2022-10-11 11:01:05,784] [builder.py:627]            [DEBUG]    |                                                                                                    |
[2022-10-11 11:01:05,784] [builder.py:631]            [DEBUG]    | Validating Method: label                                                                           |
[2022-10-11 11:01:05,785] [builder.py:632]            [DEBUG]    | Value: TMDb Collections                                                                            |
[2022-10-11 11:01:05,785] [builder.py:627]            [DEBUG]    |                                                                                                    |
[2022-10-11 11:01:05,785] [builder.py:631]            [DEBUG]    | Validating Method: tmdb_collection_details                                                         |
[2022-10-11 11:01:05,785] [builder.py:632]            [DEBUG]    | Value: ['2883']                                                                                    |
[2022-10-11 11:01:05,797] [builder.py:627]            [DEBUG]    |                                                                                                    |
[2022-10-11 11:01:05,797] [builder.py:631]            [DEBUG]    | Validating Method: collection_mode                                                                 |
[2022-10-11 11:01:05,797] [builder.py:632]            [DEBUG]    | Value: hide_items                                                                                  |
[2022-10-11 11:01:05,797] [builder.py:627]            [DEBUG]    |                                                                                                    |
[2022-10-11 11:01:05,797] [builder.py:631]            [DEBUG]    | Validating Method: sort_title                                                                      |
[2022-10-11 11:01:05,798] [builder.py:632]            [DEBUG]    | Value: +C1_Kill Bill                                                                               |
[2022-10-11 11:01:05,990] [builder.py:797]            [INFO]     |                                                                                                    |
[2022-10-11 11:01:05,991] [builder.py:798]            [INFO]     | Validation Successful                                                                              |
[2022-10-11 11:01:05,991] [plex_meta_manager.py:561]  [INFO]     |                                                                                                    |
[2022-10-11 11:01:05,991] [plex_meta_manager.py:563]  [INFO]     |=================================== Running Kill Bill Collection ===================================|
[2022-10-11 11:01:05,991] [plex_meta_manager.py:575]  [INFO]     |                                                                                                    |
[2022-10-11 11:01:05,992] [plex_meta_manager.py:576]  [INFO]     | Sync Mode: append                                                                                  |
[2022-10-11 11:01:05,992] [plex_meta_manager.py:579]  [DEBUG]    |                                                                                                    |
[2022-10-11 11:01:05,992] [plex_meta_manager.py:580]  [DEBUG]    | Builder: tmdb_collection: 2883                                                                     |
[2022-10-11 11:01:05,992] [plex_meta_manager.py:581]  [INFO]     |                                                                                                    |
[2022-10-11 11:01:05,997] [tmdb.py:382]               [INFO]     | Processing TMDb Collection: (2883) Kill Bill - Saga (2 Items)                                      |
[2022-10-11 11:01:05,998] [builder.py:1540]           [DEBUG]    |                                                                                                    |
[2022-10-11 11:01:05,998] [builder.py:1541]           [DEBUG]    | 2 IDs Found: [(24, 'tmdb'), (393, 'tmdb')]                                                         |
[2022-10-11 11:01:05,998] [builder.py:1542]           [DEBUG]    |                                                                                                    |
[2022-10-11 11:01:05,999] [builder.py:2064]           [INFO]     |                                                                                                    |
[2022-10-11 11:01:05,999] [builder.py:2065]           [INFO]     |================================== Adding to Kill Bill Collection ==================================|
[2022-10-11 11:01:05,999] [builder.py:2066]           [INFO]     |                                                                                                    |
[2022-10-11 11:01:06,000] [builder.py:2080]           [INFO]     | 1/2 | Kill Bill Collection | = | Kill Bill : Volume 1 (2003)                                       |
[2022-10-11 11:01:06,000] [builder.py:2080]           [INFO]     | 2/2 | Kill Bill Collection | = | Kill Bill : Volume 2 (2004)                                       |
[2022-10-11 11:01:06,000] [builder.py:2100]           [INFO]     |                                                                                                    |
[2022-10-11 11:01:06,000] [builder.py:2102]           [INFO]     | 2 Movies Processed 0 Movies Added                                                                  |
[2022-10-11 11:01:06,008] [builder.py:2441]           [INFO]     |                                                                                                    |
[2022-10-11 11:01:06,008] [builder.py:2442]           [INFO]     |============================= Updating Details of Kill Bill Collection =============================|
[2022-10-11 11:01:06,008] [builder.py:2443]           [INFO]     |                                                                                                    |
[2022-10-11 11:01:06,016] [builder.py:2509]           [INFO]     | Collection Metadata Edits                                                                          |
                                                                 | Sort Title | +C1_Kill Bill
[2022-10-11 11:01:06,194] [builder.py:2513]           [INFO]     | Details: have been updated
[2022-10-11 11:01:06,194] [builder.py:2517]           [INFO]     | 
[2022-10-11 11:01:06,194] [builder.py:2580]           [WARNING]  | Asset Warning: Unable to find asset folder: 'Kill Bill'
[2022-10-11 11:01:06,195] [util.py:150]               [DEBUG]    | 1 poster found:
[2022-10-11 11:01:06,195] [util.py:152]               [DEBUG]    | Method: tmdb_collection_details Poster: https://image.tmdb.org/t/p/original/tf1nUtw3LJGUGv1EFFi23iz6ngr.jpg
[2022-10-11 11:01:06,195] [util.py:150]               [DEBUG]    | 1 background found:
[2022-10-11 11:01:06,195] [util.py:152]               [DEBUG]    | Method: tmdb_collection_details Background: https://image.tmdb.org/t/p/original/oCLKNACMNrEf4T1EP6BpMXDl5m1.jpg
[2022-10-11 11:01:06,196] [library.py:172]            [INFO]     | Detail: poster update not needed
[2022-10-11 11:01:06,197] [library.py:188]            [INFO]     | Detail: background update not needed
[2022-10-11 11:01:06,382] [plex_meta_manager.py:708]  [INFO]     | 
[2022-10-11 11:01:06,382] [plex_meta_manager.py:709]  [INFO]     |====================================================================================================|
[2022-10-11 11:01:06,382] [plex_meta_manager.py:709]  [INFO]     |                                   Finished Kill Bill Collection                                    |
[2022-10-11 11:01:06,382] [plex_meta_manager.py:709]  [INFO]     |                                    Collection Run Time: 0:00:00                                    |
[2022-10-11 11:01:06,383] [plex_meta_manager.py:709]  [INFO]     |====================================================================================================|
