[2022-10-11 11:18:57,256] [builder.py:200]            [INFO]     |====================================================================================================|
[2022-10-11 11:18:57,257] [builder.py:200]            [INFO]     |                                 Jumanji Collection in Z. 1 - Films                                 |
[2022-10-11 11:18:57,257] [builder.py:200]            [INFO]     |====================================================================================================|
[2022-10-11 11:18:57,257] [builder.py:201]            [INFO]     |                                                                                                    |
[2022-10-11 11:18:57,257] [builder.py:206]            [INFO]     |================================ Building Definition From Templates ================================|
[2022-10-11 11:18:57,257] [builder.py:222]            [DEBUG]    |                                                                                                    |
[2022-10-11 11:18:57,257] [meta.py:128]               [DEBUG]    | Template my_template                                                                               |
[2022-10-11 11:18:57,257] [meta.py:129]               [DEBUG]    | Call: {'value': ['495527'], 'tmdb_collection': ['495527'], 'key_name': 'Jumanji', 'key': '495527', 'name': 'my_template'} |
[2022-10-11 11:18:57,258] [meta.py:304]               [DEBUG]    |                                                                                                    |
[2022-10-11 11:18:57,258] [meta.py:305]               [DEBUG]    | Variables: {'value': ['495527'], 'tmdb_collection': ['495527'], 'key_name': 'Jumanji', 'key': '495527', 'name': 'my_template', 'collection_name': 'Jumanji', 'mapping_name': 'Jumanji', 'library_type': 'movie', 'library_name': 'Z. 1 - Films', 'value_encoded': '%5B%27495527%27%5D', 'tmdb_collection_encoded': '%5B%27495527%27%5D', 'key_name_encoded': 'Jumanji', 'key_encoded': '495527', 'name_encoded': 'my_template', 'collection_name_encoded': 'Jumanji', 'mapping_name_encoded': 'Jumanji', 'library_type_encoded': 'movie', 'library_name_encoded': 'Z.%201%20-%20Films', 'collection_sort': 'Jumanji'} |
[2022-10-11 11:18:57,258] [meta.py:306]               [DEBUG]    |                                                                                                    |
[2022-10-11 11:18:57,258] [meta.py:307]               [DEBUG]    | Defaults: {}                                                                                       |
[2022-10-11 11:18:57,258] [meta.py:308]               [DEBUG]    |                                                                                                    |
[2022-10-11 11:18:57,258] [meta.py:309]               [DEBUG]    | Optional: ['my_collection_poster', 'my_collection_poster_encoded']                                 |
[2022-10-11 11:18:57,259] [meta.py:370]               [DEBUG]    |                                                                                                    |
[2022-10-11 11:18:57,259] [meta.py:371]               [DEBUG]    | Final Template Attributes: {'tmdb_collection_details': ['495527'], 'collection_order': 'release', 'collection_mode': 'hide_items', 'sort_title': '+C1_Jumanji'} |
[2022-10-11 11:18:57,259] [meta.py:372]               [DEBUG]    |                                                                                                    |
[2022-10-11 11:18:57,259] [builder.py:230]            [INFO]     |================================== Validating Jumanji Attributes ===================================|
[2022-10-11 11:18:57,260] [builder.py:620]            [DEBUG]    |                                                                                                    |
[2022-10-11 11:18:57,260] [builder.py:621]            [DEBUG]    | Validating Method: collection_order                                                                |
[2022-10-11 11:18:57,260] [builder.py:622]            [DEBUG]    | Value: release                                                                                     |
[2022-10-11 11:18:57,260] [builder.py:653]            [DEBUG]    |                                                                                                    |
[2022-10-11 11:18:57,260] [builder.py:657]            [DEBUG]    | Validating Method: label                                                                           |
[2022-10-11 11:18:57,260] [builder.py:658]            [DEBUG]    | Value: TMDb Collections                                                                            |
[2022-10-11 11:18:57,260] [builder.py:653]            [DEBUG]    |                                                                                                    |
[2022-10-11 11:18:57,260] [builder.py:657]            [DEBUG]    | Validating Method: tmdb_collection_details                                                         |
[2022-10-11 11:18:57,260] [builder.py:658]            [DEBUG]    | Value: ['495527']                                                                                  |
[2022-10-11 11:18:57,274] [builder.py:653]            [DEBUG]    |                                                                                                    |
[2022-10-11 11:18:57,274] [builder.py:657]            [DEBUG]    | Validating Method: collection_mode                                                                 |
[2022-10-11 11:18:57,274] [builder.py:658]            [DEBUG]    | Value: hide_items                                                                                  |
[2022-10-11 11:18:57,275] [builder.py:653]            [DEBUG]    |                                                                                                    |
[2022-10-11 11:18:57,275] [builder.py:657]            [DEBUG]    | Validating Method: sort_title                                                                      |
[2022-10-11 11:18:57,275] [builder.py:658]            [DEBUG]    | Value: +C1_Jumanji                                                                                 |
[2022-10-11 11:18:57,491] [builder.py:823]            [INFO]     |                                                                                                    |
[2022-10-11 11:18:57,491] [builder.py:824]            [INFO]     | Validation Successful                                                                              |
[2022-10-11 11:18:57,491] [plex_meta_manager.py:561]  [INFO]     |                                                                                                    |
[2022-10-11 11:18:57,491] [plex_meta_manager.py:563]  [INFO]     |==================================== Running Jumanji Collection ====================================|
[2022-10-11 11:18:57,491] [plex_meta_manager.py:575]  [INFO]     |                                                                                                    |
[2022-10-11 11:18:57,492] [plex_meta_manager.py:576]  [INFO]     | Sync Mode: append                                                                                  |
[2022-10-11 11:18:57,492] [plex_meta_manager.py:579]  [DEBUG]    |                                                                                                    |
[2022-10-11 11:18:57,492] [plex_meta_manager.py:580]  [DEBUG]    | Builder: tmdb_collection: 495527                                                                   |
[2022-10-11 11:18:57,492] [plex_meta_manager.py:581]  [INFO]     |                                                                                                    |
[2022-10-11 11:18:57,498] [tmdb.py:381]               [INFO]     | Processing TMDb Collection: (495527) Jumanji  - Saga (3 Items)                                     |
[2022-10-11 11:18:57,499] [builder.py:1581]           [DEBUG]    |                                                                                                    |
[2022-10-11 11:18:57,499] [builder.py:1582]           [DEBUG]    | 3 IDs Found: [(8844, 'tmdb'), (353486, 'tmdb'), (512200, 'tmdb')]                                  |
[2022-10-11 11:18:57,499] [builder.py:1583]           [DEBUG]    |                                                                                                    |
[2022-10-11 11:18:57,499] [builder.py:2132]           [INFO]     |                                                                                                    |
[2022-10-11 11:18:57,500] [builder.py:2133]           [INFO]     |=================================== Adding to Jumanji Collection ===================================|
[2022-10-11 11:18:57,500] [builder.py:2134]           [INFO]     |                                                                                                    |
[2022-10-11 11:18:57,500] [builder.py:2148]           [INFO]     | 1/3 | Jumanji Collection | = | Jumanji (1995)                                                      |
[2022-10-11 11:18:57,501] [builder.py:2148]           [INFO]     | 2/3 | Jumanji Collection | = | Jumanji : Bienvenue dans la jungle (2017)                           |
[2022-10-11 11:18:57,501] [builder.py:2148]           [INFO]     | 3/3 | Jumanji Collection | = | Jumanji : Next Level (2019)                                         |
[2022-10-11 11:18:57,501] [builder.py:2168]           [INFO]     |                                                                                                    |
[2022-10-11 11:18:57,501] [builder.py:2170]           [INFO]     | 3 Movies Processed 0 Movies Added                                                                  |
[2022-10-11 11:18:57,510] [builder.py:2521]           [INFO]     |                                                                                                    |
[2022-10-11 11:18:57,511] [builder.py:2522]           [INFO]     |============================== Updating Details of Jumanji Collection ==============================|
[2022-10-11 11:18:57,511] [builder.py:2523]           [INFO]     |                                                                                                    |
[2022-10-11 11:18:57,522] [builder.py:2589]           [INFO]     | Collection Metadata Edits                                                                          |
[2022-10-11 11:18:57,522] [builder.py:2660]           [WARNING]  | Asset Warning: Unable to find asset folder: 'Jumanji'                                              |
[2022-10-11 11:18:57,523] [util.py:171]               [DEBUG]    | 1 poster found:                                                                                    |
[2022-10-11 11:18:57,523] [util.py:173]               [DEBUG]    | Method: tmdb_collection_details Poster: https://image.tmdb.org/t/p/original/kcP23X4s3IlrvbTxJDxCid3eijE.jpg |
[2022-10-11 11:18:57,523] [util.py:171]               [DEBUG]    | 1 background found:                                                                                |
[2022-10-11 11:18:57,523] [util.py:173]               [DEBUG]    | Method: tmdb_collection_details Background: https://image.tmdb.org/t/p/original/9PCsWrw1GvrZkrd1GCxRqscgZu0.jpg |
[2022-10-11 11:18:57,524] [library.py:173]            [INFO]     | Detail: poster update not needed                                                                   |
[2022-10-11 11:18:57,525] [library.py:189]            [INFO]     | Detail: background update not needed                                                               |
[2022-10-11 11:18:57,738] [plex_meta_manager.py:708]  [INFO]     |                                                                                                    |
[2022-10-11 11:18:57,739] [plex_meta_manager.py:709]  [INFO]     |====================================================================================================|
[2022-10-11 11:18:57,739] [plex_meta_manager.py:709]  [INFO]     |                                    Finished Jumanji Collection                                     |
[2022-10-11 11:18:57,739] [plex_meta_manager.py:709]  [INFO]     |                                    Collection Run Time: 0:00:00                                    |
[2022-10-11 11:18:57,739] [plex_meta_manager.py:709]  [INFO]     |====================================================================================================|
