[2022-10-09 05:02:57,573] [builder.py:197]            [INFO]     |====================================================================================================|
[2022-10-09 05:02:57,574] [builder.py:197]            [INFO]     |                             Predator - Saga Collection in Z. 1 - Films                             |
[2022-10-09 05:02:57,574] [builder.py:197]            [INFO]     |====================================================================================================|
[2022-10-09 05:02:57,574] [builder.py:198]            [INFO]     |                                                                                                    |
[2022-10-09 05:02:57,574] [builder.py:203]            [INFO]     |================================ Building Definition From Templates ================================|
[2022-10-09 05:02:57,574] [builder.py:211]            [DEBUG]    |                                                                                                    |
[2022-10-09 05:02:57,574] [meta.py:128]               [DEBUG]    | Template my_template                                                                               |
[2022-10-09 05:02:57,574] [meta.py:129]               [DEBUG]    | Call: {'value': ['399'], 'tmdb_collection': ['399'], 'key_name': 'Predator - Saga', 'key': '399', 'name': 'my_template'} |
[2022-10-09 05:02:57,575] [meta.py:304]               [DEBUG]    |                                                                                                    |
[2022-10-09 05:02:57,575] [meta.py:305]               [DEBUG]    | Variables: {'value': ['399'], 'tmdb_collection': ['399'], 'key_name': 'Predator - Saga', 'key': '399', 'name': 'my_template', 'collection_name': 'Predator - Saga', 'mapping_name': 'Predator - Saga', 'library_type': 'movie', 'library_name': 'Z. 1 - Films', 'value_encoded': '%5B%27399%27%5D', 'tmdb_collection_encoded': '%5B%27399%27%5D', 'key_name_encoded': 'Predator%20-%20Saga', 'key_encoded': '399', 'name_encoded': 'my_template', 'collection_name_encoded': 'Predator%20-%20Saga', 'mapping_name_encoded': 'Predator%20-%20Saga', 'library_type_encoded': 'movie', 'library_name_encoded': 'Z.%201%20-%20Films', 'collection_sort': 'Predator - Saga'} |
[2022-10-09 05:02:57,575] [meta.py:306]               [DEBUG]    |                                                                                                    |
[2022-10-09 05:02:57,575] [meta.py:307]               [DEBUG]    | Defaults: {}                                                                                       |
[2022-10-09 05:02:57,575] [meta.py:308]               [DEBUG]    |                                                                                                    |
[2022-10-09 05:02:57,575] [meta.py:309]               [DEBUG]    | Optional: ['my_collection_poster', 'my_collection_poster_encoded']                                 |
[2022-10-09 05:02:57,576] [meta.py:370]               [DEBUG]    |                                                                                                    |
[2022-10-09 05:02:57,576] [meta.py:371]               [DEBUG]    | Final Template Attributes: {'tmdb_collection_details': ['399'], 'collection_order': 'release', 'collection_mode': 'hide_items'} |
[2022-10-09 05:02:57,576] [meta.py:372]               [DEBUG]    |                                                                                                    |
[2022-10-09 05:02:57,576] [builder.py:219]            [INFO]     |============================== Validating Predator - Saga Attributes ===============================|
[2022-10-09 05:02:57,576] [builder.py:609]            [DEBUG]    |                                                                                                    |
[2022-10-09 05:02:57,576] [builder.py:610]            [DEBUG]    | Validating Method: collection_order                                                                |
[2022-10-09 05:02:57,577] [builder.py:611]            [DEBUG]    | Value: release                                                                                     |
[2022-10-09 05:02:57,577] [builder.py:627]            [DEBUG]    |                                                                                                    |
[2022-10-09 05:02:57,577] [builder.py:631]            [DEBUG]    | Validating Method: label                                                                           |
[2022-10-09 05:02:57,577] [builder.py:632]            [DEBUG]    | Value: TMDb Collections                                                                            |
[2022-10-09 05:02:57,577] [builder.py:627]            [DEBUG]    |                                                                                                    |
[2022-10-09 05:02:57,577] [builder.py:631]            [DEBUG]    | Validating Method: tmdb_collection_details                                                         |
[2022-10-09 05:02:57,577] [builder.py:632]            [DEBUG]    | Value: ['399']                                                                                     |
[2022-10-09 05:02:57,708] [builder.py:627]            [DEBUG]    |                                                                                                    |
[2022-10-09 05:02:57,708] [builder.py:631]            [DEBUG]    | Validating Method: collection_mode                                                                 |
[2022-10-09 05:02:57,709] [builder.py:632]            [DEBUG]    | Value: hide_items                                                                                  |
[2022-10-09 05:02:57,717] [plex.py:790]               [DEBUG]    |                                                                                                    |
[2022-10-09 05:02:57,717] [plex.py:793]               [DEBUG]    | Looking for: Predator - Saga                                                                       |
[2022-10-09 05:02:57,717] [builder.py:797]            [INFO]     |                                                                                                    |
[2022-10-09 05:02:57,717] [builder.py:798]            [INFO]     | Validation Successful                                                                              |
[2022-10-09 05:02:57,717] [plex_meta_manager.py:561]  [INFO]     |                                                                                                    |
[2022-10-09 05:02:57,717] [plex_meta_manager.py:563]  [INFO]     |================================ Running Predator - Saga Collection ================================|
[2022-10-09 05:02:57,718] [plex_meta_manager.py:575]  [INFO]     |                                                                                                    |
[2022-10-09 05:02:57,718] [plex_meta_manager.py:576]  [INFO]     | Sync Mode: append                                                                                  |
[2022-10-09 05:02:57,718] [plex_meta_manager.py:579]  [DEBUG]    |                                                                                                    |
[2022-10-09 05:02:57,718] [plex_meta_manager.py:580]  [DEBUG]    | Builder: tmdb_collection: 399                                                                      |
[2022-10-09 05:02:57,718] [plex_meta_manager.py:581]  [INFO]     |                                                                                                    |
[2022-10-09 05:02:57,723] [tmdb.py:382]               [INFO]     | Processing TMDb Collection: (399) Predator - Saga (5 Items)                                        |
[2022-10-09 05:02:57,724] [builder.py:1540]           [DEBUG]    |                                                                                                    |
[2022-10-09 05:02:57,724] [builder.py:1541]           [DEBUG]    | 5 IDs Found: [(106, 'tmdb'), (169, 'tmdb'), (34851, 'tmdb'), (346910, 'tmdb'), (766507, 'tmdb')]   |
[2022-10-09 05:02:57,724] [builder.py:1542]           [DEBUG]    |                                                                                                    |
[2022-10-09 05:02:57,724] [builder.py:2064]           [INFO]     |                                                                                                    |
[2022-10-09 05:02:57,724] [builder.py:2065]           [INFO]     |=============================== Adding to Predator - Saga Collection ===============================|
[2022-10-09 05:02:57,725] [builder.py:2066]           [INFO]     |                                                                                                    |
[2022-10-09 05:02:57,725] [builder.py:2080]           [INFO]     | 1/4 | Predator - Saga Collection | + | Predator (1987)                                             |
[2022-10-09 05:02:58,310] [builder.py:2080]           [INFO]     | 2/4 | Predator - Saga Collection | + | Predators (2010)                                            |
[2022-10-09 05:02:58,794] [builder.py:2080]           [INFO]     | 3/4 | Predator - Saga Collection | + | The Predator (2018)                                         |
[2022-10-09 05:02:59,260] [builder.py:2080]           [INFO]     | 4/4 | Predator - Saga Collection | + | Prey (2022)                                                 |
[2022-10-09 05:02:59,792] [builder.py:2100]           [INFO]     |                                                                                                    |
[2022-10-09 05:02:59,792] [builder.py:2102]           [INFO]     | 4 Movies Processed 4 Movies Added                                                                  |
[2022-10-09 05:02:59,792] [builder.py:2228]           [INFO]     |                                                                                                    |
[2022-10-09 05:02:59,792] [builder.py:2229]           [INFO]     |============================ Missing Movies from Library: Z. 1 - Films =============================|
[2022-10-09 05:02:59,792] [builder.py:2230]           [INFO]     |                                                                                                    |
[2022-10-09 05:02:59,822] [builder.py:2243]           [INFO]     | Predator - Saga Collection | ? | Predator 2 (1990) (TMDb: 169)                                     |
[2022-10-09 05:02:59,823] [builder.py:2248]           [INFO]     |                                                                                                    |
[2022-10-09 05:02:59,823] [builder.py:2249]           [INFO]     | 1 Movie Missing                                                                                    |
[2022-10-09 05:02:59,884] [builder.py:2441]           [INFO]     |                                                                                                    |
[2022-10-09 05:02:59,885] [builder.py:2442]           [INFO]     |========================== Updating Details of Predator - Saga Collection ==========================|
[2022-10-09 05:02:59,885] [builder.py:2443]           [INFO]     |                                                                                                    |
[2022-10-09 05:03:00,051] [builder.py:2509]           [INFO]     | Collection Metadata Edits                                                                          |
                                                                 | Summary (tmdb_collection_details) | Une série de films d'action et de science-fiction centrée sur des guerriers extraterrestres qui viennent régulièrement sur Terre pour y  chasser des êtres humains et récolter ainsi des trophées.
                                                                 | Label | +TMDb Collections, +PMM
[2022-10-09 05:03:00,288] [builder.py:2513]           [INFO]     | Details: have been updated
[2022-10-09 05:03:00,288] [builder.py:2517]           [INFO]     | 
[2022-10-09 05:03:00,460] [builder.py:2529]           [INFO]     | Collection Mode | hideItems
[2022-10-09 05:03:00,461] [builder.py:2580]           [WARNING]  | Asset Warning: Unable to find asset folder: 'Predator - Saga'
[2022-10-09 05:03:00,461] [util.py:150]               [DEBUG]    | 1 poster found:
[2022-10-09 05:03:00,462] [util.py:152]               [DEBUG]    | Method: tmdb_collection_details Poster: https://image.tmdb.org/t/p/original/6Z7lASptoiRVxiCFvZaFgH9qp7u.jpg
[2022-10-09 05:03:00,462] [util.py:150]               [DEBUG]    | 1 background found:
[2022-10-09 05:03:00,462] [util.py:152]               [DEBUG]    | Method: tmdb_collection_details Background: https://image.tmdb.org/t/p/original/fXVzk9OxQwROCuiWvd0Cv76qmZi.jpg
[2022-10-09 05:03:00,496] [library.py:170]            [INFO]     | Detail: tmdb_collection_details updated poster to [URL] https://image.tmdb.org/t/p/original/6Z7lASptoiRVxiCFvZaFgH9qp7u.jpg
[2022-10-09 05:03:00,553] [library.py:186]            [INFO]     | Detail: tmdb_collection_details updated background to [URL] https://image.tmdb.org/t/p/original/fXVzk9OxQwROCuiWvd0Cv76qmZi.jpg
[2022-10-09 05:03:00,794] [plex_meta_manager.py:708]  [INFO]     | 
[2022-10-09 05:03:00,795] [plex_meta_manager.py:709]  [INFO]     |====================================================================================================|
[2022-10-09 05:03:00,795] [plex_meta_manager.py:709]  [INFO]     |                                Finished Predator - Saga Collection                                 |
[2022-10-09 05:03:00,795] [plex_meta_manager.py:709]  [INFO]     |                                    Collection Run Time: 0:00:03                                    |
[2022-10-09 05:03:00,795] [plex_meta_manager.py:709]  [INFO]     |====================================================================================================|
