[2022-10-11 09:17:03,303] [builder.py:197]            [INFO]     |====================================================================================================|
[2022-10-11 09:17:03,303] [builder.py:197]            [INFO]     |                                Godzilla Collection in Z. 1 - Films                                 |
[2022-10-11 09:17:03,303] [builder.py:197]            [INFO]     |====================================================================================================|
[2022-10-11 09:17:03,303] [builder.py:198]            [INFO]     |                                                                                                    |
[2022-10-11 09:17:03,304] [builder.py:203]            [INFO]     |================================ Building Definition From Templates ================================|
[2022-10-11 09:17:03,304] [builder.py:211]            [DEBUG]    |                                                                                                    |
[2022-10-11 09:17:03,304] [meta.py:128]               [DEBUG]    | Template my_template                                                                               |
[2022-10-11 09:17:03,304] [meta.py:129]               [DEBUG]    | Call: {'value': ['535313'], 'tmdb_collection': ['535313'], 'key_name': 'Godzilla', 'key': '535313', 'name': 'my_template'} |
[2022-10-11 09:17:03,304] [meta.py:304]               [DEBUG]    |                                                                                                    |
[2022-10-11 09:17:03,304] [meta.py:305]               [DEBUG]    | Variables: {'value': ['535313'], 'tmdb_collection': ['535313'], 'key_name': 'Godzilla', 'key': '535313', 'name': 'my_template', 'collection_name': 'Godzilla', 'mapping_name': 'Godzilla', 'library_type': 'movie', 'library_name': 'Z. 1 - Films', 'value_encoded': '%5B%27535313%27%5D', 'tmdb_collection_encoded': '%5B%27535313%27%5D', 'key_name_encoded': 'Godzilla', 'key_encoded': '535313', 'name_encoded': 'my_template', 'collection_name_encoded': 'Godzilla', 'mapping_name_encoded': 'Godzilla', 'library_type_encoded': 'movie', 'library_name_encoded': 'Z.%201%20-%20Films', 'collection_sort': 'Godzilla'} |
[2022-10-11 09:17:03,305] [meta.py:306]               [DEBUG]    |                                                                                                    |
[2022-10-11 09:17:03,305] [meta.py:307]               [DEBUG]    | Defaults: {}                                                                                       |
[2022-10-11 09:17:03,305] [meta.py:308]               [DEBUG]    |                                                                                                    |
[2022-10-11 09:17:03,305] [meta.py:309]               [DEBUG]    | Optional: ['my_collection_poster', 'my_collection_poster_encoded']                                 |
[2022-10-11 09:17:03,306] [meta.py:370]               [DEBUG]    |                                                                                                    |
[2022-10-11 09:17:03,306] [meta.py:371]               [DEBUG]    | Final Template Attributes: {'tmdb_collection_details': ['535313'], 'collection_order': 'release', 'collection_mode': 'hide_items'} |
[2022-10-11 09:17:03,306] [meta.py:372]               [DEBUG]    |                                                                                                    |
[2022-10-11 09:17:03,307] [builder.py:219]            [INFO]     |================================== Validating Godzilla Attributes ==================================|
[2022-10-11 09:17:03,307] [builder.py:609]            [DEBUG]    |                                                                                                    |
[2022-10-11 09:17:03,307] [builder.py:610]            [DEBUG]    | Validating Method: collection_order                                                                |
[2022-10-11 09:17:03,307] [builder.py:611]            [DEBUG]    | Value: release                                                                                     |
[2022-10-11 09:17:03,307] [builder.py:627]            [DEBUG]    |                                                                                                    |
[2022-10-11 09:17:03,308] [builder.py:631]            [DEBUG]    | Validating Method: label                                                                           |
[2022-10-11 09:17:03,308] [builder.py:632]            [DEBUG]    | Value: TMDb Collections                                                                            |
[2022-10-11 09:17:03,308] [builder.py:627]            [DEBUG]    |                                                                                                    |
[2022-10-11 09:17:03,308] [builder.py:631]            [DEBUG]    | Validating Method: tmdb_collection_details                                                         |
[2022-10-11 09:17:03,308] [builder.py:632]            [DEBUG]    | Value: ['535313']                                                                                  |
[2022-10-11 09:17:03,322] [builder.py:627]            [DEBUG]    |                                                                                                    |
[2022-10-11 09:17:03,322] [builder.py:631]            [DEBUG]    | Validating Method: collection_mode                                                                 |
[2022-10-11 09:17:03,323] [builder.py:632]            [DEBUG]    | Value: hide_items                                                                                  |
[2022-10-11 09:17:03,328] [plex.py:790]               [DEBUG]    |                                                                                                    |
[2022-10-11 09:17:03,328] [plex.py:793]               [DEBUG]    | Looking for: Godzilla                                                                              |
[2022-10-11 09:17:03,328] [builder.py:797]            [INFO]     |                                                                                                    |
[2022-10-11 09:17:03,329] [builder.py:798]            [INFO]     | Validation Successful                                                                              |
[2022-10-11 09:17:03,329] [plex_meta_manager.py:561]  [INFO]     |                                                                                                    |
[2022-10-11 09:17:03,329] [plex_meta_manager.py:563]  [INFO]     |=================================== Running Godzilla Collection ====================================|
[2022-10-11 09:17:03,329] [plex_meta_manager.py:575]  [INFO]     |                                                                                                    |
[2022-10-11 09:17:03,329] [plex_meta_manager.py:576]  [INFO]     | Sync Mode: append                                                                                  |
[2022-10-11 09:17:03,329] [plex_meta_manager.py:579]  [DEBUG]    |                                                                                                    |
[2022-10-11 09:17:03,329] [plex_meta_manager.py:580]  [DEBUG]    | Builder: tmdb_collection: 535313                                                                   |
[2022-10-11 09:17:03,330] [plex_meta_manager.py:581]  [INFO]     |                                                                                                    |
[2022-10-11 09:17:03,334] [tmdb.py:382]               [INFO]     | Processing TMDb Collection: (535313) Godzilla - Saga (3 Items)                                     |
[2022-10-11 09:17:03,334] [builder.py:1540]           [DEBUG]    |                                                                                                    |
[2022-10-11 09:17:03,335] [builder.py:1541]           [DEBUG]    | 3 IDs Found: [(373571, 'tmdb'), (124905, 'tmdb'), (399566, 'tmdb')]                                |
[2022-10-11 09:17:03,335] [builder.py:1542]           [DEBUG]    |                                                                                                    |
[2022-10-11 09:17:03,335] [builder.py:2064]           [INFO]     |                                                                                                    |
[2022-10-11 09:17:03,335] [builder.py:2065]           [INFO]     |================================== Adding to Godzilla Collection ===================================|
[2022-10-11 09:17:03,335] [builder.py:2066]           [INFO]     |                                                                                                    |
[2022-10-11 09:17:03,336] [builder.py:2080]           [INFO]     | 1/3 | Godzilla Collection | + | Godzilla II : Roi des Monstres (2019)                              |
[2022-10-11 09:17:03,617] [builder.py:2080]           [INFO]     | 2/3 | Godzilla Collection | + | Godzilla (2014)                                                    |
[2022-10-11 09:17:03,890] [builder.py:2080]           [INFO]     | 3/3 | Godzilla Collection | + | Godzilla vs Kong (2021)                                            |
[2022-10-11 09:17:06,584] [builder.py:2100]           [INFO]     |                                                                                                    |
[2022-10-11 09:17:06,584] [builder.py:2102]           [INFO]     | 3 Movies Processed 3 Movies Added                                                                  |
[2022-10-11 09:17:06,591] [builder.py:2441]           [INFO]     |                                                                                                    |
[2022-10-11 09:17:06,591] [builder.py:2442]           [INFO]     |============================= Updating Details of Godzilla Collection ==============================|
[2022-10-11 09:17:06,591] [builder.py:2443]           [INFO]     |                                                                                                    |
[2022-10-11 09:17:06,755] [builder.py:2509]           [INFO]     | Collection Metadata Edits                                                                          |
                                                                 | Summary (tmdb_collection_details) | Une franchise multimédia américaine et un univers fictif partagé qui fait partie du MonsterVerse et qui est centré sur une série de films de monstres mettant en scène Godzilla et King Kong.
                                                                 | Label | +TMDb Collections, +PMM
[2022-10-11 09:17:06,950] [builder.py:2513]           [INFO]     | Details: have been updated
[2022-10-11 09:17:06,951] [builder.py:2517]           [INFO]     | 
[2022-10-11 09:17:07,132] [builder.py:2529]           [INFO]     | Collection Mode | hideItems
[2022-10-11 09:17:07,133] [builder.py:2580]           [WARNING]  | Asset Warning: Unable to find asset folder: 'Godzilla'
[2022-10-11 09:17:07,133] [util.py:150]               [DEBUG]    | 1 poster found:
[2022-10-11 09:17:07,133] [util.py:152]               [DEBUG]    | Method: tmdb_collection_details Poster: https://image.tmdb.org/t/p/original/inNN466SKHNjbGmpfhfsaPQNleS.jpg
[2022-10-11 09:17:07,133] [util.py:150]               [DEBUG]    | 1 background found:
[2022-10-11 09:17:07,134] [util.py:152]               [DEBUG]    | Method: tmdb_collection_details Background: https://image.tmdb.org/t/p/original/oboBn4VYB79uDxnyIri0Nt3U3N2.jpg
[2022-10-11 09:17:07,166] [library.py:170]            [INFO]     | Detail: tmdb_collection_details updated poster to [URL] https://image.tmdb.org/t/p/original/inNN466SKHNjbGmpfhfsaPQNleS.jpg
[2022-10-11 09:17:07,197] [library.py:186]            [INFO]     | Detail: tmdb_collection_details updated background to [URL] https://image.tmdb.org/t/p/original/oboBn4VYB79uDxnyIri0Nt3U3N2.jpg
[2022-10-11 09:17:07,443] [plex_meta_manager.py:708]  [INFO]     | 
[2022-10-11 09:17:07,443] [plex_meta_manager.py:709]  [INFO]     |====================================================================================================|
[2022-10-11 09:17:07,443] [plex_meta_manager.py:709]  [INFO]     |                                    Finished Godzilla Collection                                    |
[2022-10-11 09:17:07,444] [plex_meta_manager.py:709]  [INFO]     |                                    Collection Run Time: 0:00:04                                    |
[2022-10-11 09:17:07,444] [plex_meta_manager.py:709]  [INFO]     |====================================================================================================|
