[2022-10-11 11:19:19,941] [builder.py:200]            [INFO]     |====================================================================================================|
[2022-10-11 11:19:19,941] [builder.py:200]            [INFO]     |                               Pacific Rim Collection in Z. 1 - Films                               |
[2022-10-11 11:19:19,941] [builder.py:200]            [INFO]     |====================================================================================================|
[2022-10-11 11:19:19,941] [builder.py:201]            [INFO]     |                                                                                                    |
[2022-10-11 11:19:19,941] [builder.py:206]            [INFO]     |================================ Building Definition From Templates ================================|
[2022-10-11 11:19:19,942] [builder.py:222]            [DEBUG]    |                                                                                                    |
[2022-10-11 11:19:19,942] [meta.py:128]               [DEBUG]    | Template my_template                                                                               |
[2022-10-11 11:19:19,942] [meta.py:129]               [DEBUG]    | Call: {'value': ['363369'], 'tmdb_collection': ['363369'], 'key_name': 'Pacific Rim', 'key': '363369', 'name': 'my_template'} |
[2022-10-11 11:19:19,942] [meta.py:304]               [DEBUG]    |                                                                                                    |
[2022-10-11 11:19:19,942] [meta.py:305]               [DEBUG]    | Variables: {'value': ['363369'], 'tmdb_collection': ['363369'], 'key_name': 'Pacific Rim', 'key': '363369', 'name': 'my_template', 'collection_name': 'Pacific Rim', 'mapping_name': 'Pacific Rim', 'library_type': 'movie', 'library_name': 'Z. 1 - Films', 'value_encoded': '%5B%27363369%27%5D', 'tmdb_collection_encoded': '%5B%27363369%27%5D', 'key_name_encoded': 'Pacific%20Rim', 'key_encoded': '363369', 'name_encoded': 'my_template', 'collection_name_encoded': 'Pacific%20Rim', 'mapping_name_encoded': 'Pacific%20Rim', 'library_type_encoded': 'movie', 'library_name_encoded': 'Z.%201%20-%20Films', 'collection_sort': 'Pacific Rim'} |
[2022-10-11 11:19:19,942] [meta.py:306]               [DEBUG]    |                                                                                                    |
[2022-10-11 11:19:19,943] [meta.py:307]               [DEBUG]    | Defaults: {}                                                                                       |
[2022-10-11 11:19:19,943] [meta.py:308]               [DEBUG]    |                                                                                                    |
[2022-10-11 11:19:19,943] [meta.py:309]               [DEBUG]    | Optional: ['my_collection_poster', 'my_collection_poster_encoded']                                 |
[2022-10-11 11:19:19,944] [meta.py:370]               [DEBUG]    |                                                                                                    |
[2022-10-11 11:19:19,944] [meta.py:371]               [DEBUG]    | Final Template Attributes: {'tmdb_collection_details': ['363369'], 'collection_order': 'release', 'collection_mode': 'hide_items', 'sort_title': '+C1_Pacific Rim'} |
[2022-10-11 11:19:19,944] [meta.py:372]               [DEBUG]    |                                                                                                    |
[2022-10-11 11:19:19,944] [builder.py:230]            [INFO]     |================================ Validating Pacific Rim Attributes =================================|
[2022-10-11 11:19:19,945] [builder.py:620]            [DEBUG]    |                                                                                                    |
[2022-10-11 11:19:19,945] [builder.py:621]            [DEBUG]    | Validating Method: collection_order                                                                |
[2022-10-11 11:19:19,945] [builder.py:622]            [DEBUG]    | Value: release                                                                                     |
[2022-10-11 11:19:19,945] [builder.py:653]            [DEBUG]    |                                                                                                    |
[2022-10-11 11:19:19,945] [builder.py:657]            [DEBUG]    | Validating Method: label                                                                           |
[2022-10-11 11:19:19,945] [builder.py:658]            [DEBUG]    | Value: TMDb Collections                                                                            |
[2022-10-11 11:19:19,945] [builder.py:653]            [DEBUG]    |                                                                                                    |
[2022-10-11 11:19:19,945] [builder.py:657]            [DEBUG]    | Validating Method: tmdb_collection_details                                                         |
[2022-10-11 11:19:19,945] [builder.py:658]            [DEBUG]    | Value: ['363369']                                                                                  |
[2022-10-11 11:19:19,955] [builder.py:653]            [DEBUG]    |                                                                                                    |
[2022-10-11 11:19:19,955] [builder.py:657]            [DEBUG]    | Validating Method: collection_mode                                                                 |
[2022-10-11 11:19:19,956] [builder.py:658]            [DEBUG]    | Value: hide_items                                                                                  |
[2022-10-11 11:19:19,956] [builder.py:653]            [DEBUG]    |                                                                                                    |
[2022-10-11 11:19:19,956] [builder.py:657]            [DEBUG]    | Validating Method: sort_title                                                                      |
[2022-10-11 11:19:19,956] [builder.py:658]            [DEBUG]    | Value: +C1_Pacific Rim                                                                             |
[2022-10-11 11:19:20,151] [builder.py:823]            [INFO]     |                                                                                                    |
[2022-10-11 11:19:20,151] [builder.py:824]            [INFO]     | Validation Successful                                                                              |
[2022-10-11 11:19:20,152] [plex_meta_manager.py:561]  [INFO]     |                                                                                                    |
[2022-10-11 11:19:20,152] [plex_meta_manager.py:563]  [INFO]     |================================== Running Pacific Rim Collection ==================================|
[2022-10-11 11:19:20,152] [plex_meta_manager.py:575]  [INFO]     |                                                                                                    |
[2022-10-11 11:19:20,152] [plex_meta_manager.py:576]  [INFO]     | Sync Mode: append                                                                                  |
[2022-10-11 11:19:20,153] [plex_meta_manager.py:579]  [DEBUG]    |                                                                                                    |
[2022-10-11 11:19:20,153] [plex_meta_manager.py:580]  [DEBUG]    | Builder: tmdb_collection: 363369                                                                   |
[2022-10-11 11:19:20,153] [plex_meta_manager.py:581]  [INFO]     |                                                                                                    |
[2022-10-11 11:19:20,157] [tmdb.py:381]               [INFO]     | Processing TMDb Collection: (363369) Pacific Rim - Saga (2 Items)                                  |
[2022-10-11 11:19:20,158] [builder.py:1581]           [DEBUG]    |                                                                                                    |
[2022-10-11 11:19:20,158] [builder.py:1582]           [DEBUG]    | 2 IDs Found: [(68726, 'tmdb'), (268896, 'tmdb')]                                                   |
[2022-10-11 11:19:20,158] [builder.py:1583]           [DEBUG]    |                                                                                                    |
[2022-10-11 11:19:20,158] [builder.py:2132]           [INFO]     |                                                                                                    |
[2022-10-11 11:19:20,158] [builder.py:2133]           [INFO]     |================================= Adding to Pacific Rim Collection =================================|
[2022-10-11 11:19:20,158] [builder.py:2134]           [INFO]     |                                                                                                    |
[2022-10-11 11:19:20,159] [builder.py:2148]           [INFO]     | 1/2 | Pacific Rim Collection | = | Pacific Rim (2013)                                              |
[2022-10-11 11:19:20,159] [builder.py:2148]           [INFO]     | 2/2 | Pacific Rim Collection | = | Pacific Rim : Uprising (2018)                                   |
[2022-10-11 11:19:20,159] [builder.py:2168]           [INFO]     |                                                                                                    |
[2022-10-11 11:19:20,159] [builder.py:2170]           [INFO]     | 2 Movies Processed 0 Movies Added                                                                  |
[2022-10-11 11:19:20,166] [builder.py:2521]           [INFO]     |                                                                                                    |
[2022-10-11 11:19:20,167] [builder.py:2522]           [INFO]     |============================ Updating Details of Pacific Rim Collection ============================|
[2022-10-11 11:19:20,167] [builder.py:2523]           [INFO]     |                                                                                                    |
[2022-10-11 11:19:20,176] [builder.py:2589]           [INFO]     | Collection Metadata Edits                                                                          |
[2022-10-11 11:19:20,176] [builder.py:2660]           [WARNING]  | Asset Warning: Unable to find asset folder: 'Pacific Rim'                                          |
[2022-10-11 11:19:20,176] [util.py:171]               [DEBUG]    | 1 poster found:                                                                                    |
[2022-10-11 11:19:20,177] [util.py:173]               [DEBUG]    | Method: tmdb_collection_details Poster: https://image.tmdb.org/t/p/original/aAZiWRULQ4Dk3tUKIaCblHWTKUY.jpg |
[2022-10-11 11:19:20,177] [util.py:171]               [DEBUG]    | 1 background found:                                                                                |
[2022-10-11 11:19:20,177] [util.py:173]               [DEBUG]    | Method: tmdb_collection_details Background: https://image.tmdb.org/t/p/original/kiIqPO6IlGnwLmg5is5HS3lM62c.jpg |
[2022-10-11 11:19:20,178] [library.py:173]            [INFO]     | Detail: poster update not needed                                                                   |
[2022-10-11 11:19:20,179] [library.py:189]            [INFO]     | Detail: background update not needed                                                               |
[2022-10-11 11:19:20,370] [plex_meta_manager.py:708]  [INFO]     |                                                                                                    |
[2022-10-11 11:19:20,370] [plex_meta_manager.py:709]  [INFO]     |====================================================================================================|
[2022-10-11 11:19:20,371] [plex_meta_manager.py:709]  [INFO]     |                                  Finished Pacific Rim Collection                                   |
[2022-10-11 11:19:20,371] [plex_meta_manager.py:709]  [INFO]     |                                    Collection Run Time: 0:00:00                                    |
[2022-10-11 11:19:20,371] [plex_meta_manager.py:709]  [INFO]     |====================================================================================================|
