[2022-10-11 09:28:33,620] [builder.py:197]            [INFO]     |====================================================================================================|
[2022-10-11 09:28:33,621] [builder.py:197]            [INFO]     |                              Z-O-M-B-I-E-S Collection in Z. 1 - Films                              |
[2022-10-11 09:28:33,621] [builder.py:197]            [INFO]     |====================================================================================================|
[2022-10-11 09:28:33,621] [builder.py:198]            [INFO]     |                                                                                                    |
[2022-10-11 09:28:33,621] [builder.py:203]            [INFO]     |================================ Building Definition From Templates ================================|
[2022-10-11 09:28:33,621] [builder.py:211]            [DEBUG]    |                                                                                                    |
[2022-10-11 09:28:33,621] [meta.py:128]               [DEBUG]    | Template my_template                                                                               |
[2022-10-11 09:28:33,621] [meta.py:129]               [DEBUG]    | Call: {'value': ['683698'], 'tmdb_collection': ['683698'], 'key_name': 'Z-O-M-B-I-E-S', 'key': '683698', 'name': 'my_template'} |
[2022-10-11 09:28:33,622] [meta.py:304]               [DEBUG]    |                                                                                                    |
[2022-10-11 09:28:33,622] [meta.py:305]               [DEBUG]    | Variables: {'value': ['683698'], 'tmdb_collection': ['683698'], 'key_name': 'Z-O-M-B-I-E-S', 'key': '683698', 'name': 'my_template', 'collection_name': 'Z-O-M-B-I-E-S', 'mapping_name': 'Z-O-M-B-I-E-S', 'library_type': 'movie', 'library_name': 'Z. 1 - Films', 'value_encoded': '%5B%27683698%27%5D', 'tmdb_collection_encoded': '%5B%27683698%27%5D', 'key_name_encoded': 'Z-O-M-B-I-E-S', 'key_encoded': '683698', 'name_encoded': 'my_template', 'collection_name_encoded': 'Z-O-M-B-I-E-S', 'mapping_name_encoded': 'Z-O-M-B-I-E-S', 'library_type_encoded': 'movie', 'library_name_encoded': 'Z.%201%20-%20Films', 'collection_sort': 'Z-O-M-B-I-E-S'} |
[2022-10-11 09:28:33,622] [meta.py:306]               [DEBUG]    |                                                                                                    |
[2022-10-11 09:28:33,622] [meta.py:307]               [DEBUG]    | Defaults: {}                                                                                       |
[2022-10-11 09:28:33,622] [meta.py:308]               [DEBUG]    |                                                                                                    |
[2022-10-11 09:28:33,622] [meta.py:309]               [DEBUG]    | Optional: ['my_collection_poster', 'my_collection_poster_encoded']                                 |
[2022-10-11 09:28:33,623] [meta.py:370]               [DEBUG]    |                                                                                                    |
[2022-10-11 09:28:33,623] [meta.py:371]               [DEBUG]    | Final Template Attributes: {'tmdb_collection_details': ['683698'], 'collection_order': 'release', 'collection_mode': 'hide_items'} |
[2022-10-11 09:28:33,623] [meta.py:372]               [DEBUG]    |                                                                                                    |
[2022-10-11 09:28:33,624] [builder.py:219]            [INFO]     |=============================== Validating Z-O-M-B-I-E-S Attributes ================================|
[2022-10-11 09:28:33,624] [builder.py:609]            [DEBUG]    |                                                                                                    |
[2022-10-11 09:28:33,624] [builder.py:610]            [DEBUG]    | Validating Method: collection_order                                                                |
[2022-10-11 09:28:33,624] [builder.py:611]            [DEBUG]    | Value: release                                                                                     |
[2022-10-11 09:28:33,624] [builder.py:627]            [DEBUG]    |                                                                                                    |
[2022-10-11 09:28:33,624] [builder.py:631]            [DEBUG]    | Validating Method: label                                                                           |
[2022-10-11 09:28:33,624] [builder.py:632]            [DEBUG]    | Value: TMDb Collections                                                                            |
[2022-10-11 09:28:33,625] [builder.py:627]            [DEBUG]    |                                                                                                    |
[2022-10-11 09:28:33,625] [builder.py:631]            [DEBUG]    | Validating Method: tmdb_collection_details                                                         |
[2022-10-11 09:28:33,625] [builder.py:632]            [DEBUG]    | Value: ['683698']                                                                                  |
[2022-10-11 09:28:33,637] [builder.py:627]            [DEBUG]    |                                                                                                    |
[2022-10-11 09:28:33,638] [builder.py:631]            [DEBUG]    | Validating Method: collection_mode                                                                 |
[2022-10-11 09:28:33,638] [builder.py:632]            [DEBUG]    | Value: hide_items                                                                                  |
[2022-10-11 09:28:33,644] [plex.py:790]               [DEBUG]    |                                                                                                    |
[2022-10-11 09:28:33,644] [plex.py:793]               [DEBUG]    | Looking for: Z-O-M-B-I-E-S                                                                         |
[2022-10-11 09:28:33,644] [builder.py:797]            [INFO]     |                                                                                                    |
[2022-10-11 09:28:33,645] [builder.py:798]            [INFO]     | Validation Successful                                                                              |
[2022-10-11 09:28:33,645] [plex_meta_manager.py:561]  [INFO]     |                                                                                                    |
[2022-10-11 09:28:33,645] [plex_meta_manager.py:563]  [INFO]     |================================= Running Z-O-M-B-I-E-S Collection =================================|
[2022-10-11 09:28:33,645] [plex_meta_manager.py:575]  [INFO]     |                                                                                                    |
[2022-10-11 09:28:33,645] [plex_meta_manager.py:576]  [INFO]     | Sync Mode: append                                                                                  |
[2022-10-11 09:28:33,646] [plex_meta_manager.py:579]  [DEBUG]    |                                                                                                    |
[2022-10-11 09:28:33,646] [plex_meta_manager.py:580]  [DEBUG]    | Builder: tmdb_collection: 683698                                                                   |
[2022-10-11 09:28:33,646] [plex_meta_manager.py:581]  [INFO]     |                                                                                                    |
[2022-10-11 09:28:33,651] [tmdb.py:382]               [INFO]     | Processing TMDb Collection: (683698) Z-O-M-B-I-E-S Collection (3 Items)                            |
[2022-10-11 09:28:33,651] [builder.py:1540]           [DEBUG]    |                                                                                                    |
[2022-10-11 09:28:33,651] [builder.py:1541]           [DEBUG]    | 3 IDs Found: [(483980, 'tmdb'), (599521, 'tmdb'), (809107, 'tmdb')]                                |
[2022-10-11 09:28:33,651] [builder.py:1542]           [DEBUG]    |                                                                                                    |
[2022-10-11 09:28:33,652] [builder.py:2228]           [INFO]     |                                                                                                    |
[2022-10-11 09:28:33,652] [builder.py:2229]           [INFO]     |============================ Missing Movies from Library: Z. 1 - Films =============================|
[2022-10-11 09:28:33,652] [builder.py:2230]           [INFO]     |                                                                                                    |
[2022-10-11 09:28:33,718] [builder.py:2243]           [INFO]     | Z-O-M-B-I-E-S Collection | ? | Z-O-M-B-I-E-S 2 (2020) (TMDb: 599521)                               |
[2022-10-11 09:28:33,735] [builder.py:2243]           [INFO]     | Z-O-M-B-I-E-S Collection | ? | Z-O-M-B-I-E-S 3 (2022) (TMDb: 809107)                               |
[2022-10-11 09:28:33,735] [builder.py:2248]           [INFO]     |                                                                                                    |
[2022-10-11 09:28:33,735] [builder.py:2249]           [INFO]     | 2 Movies Missing                                                                                   |
[2022-10-11 09:28:36,220] [plex_meta_manager.py:624]  [INFO]     |                                                                                                    |
[2022-10-11 09:28:36,220] [plex_meta_manager.py:625]  [INFO]     | Collection Minimum: 2 not met for Z-O-M-B-I-E-S Collection                                         |
[2022-10-11 09:28:36,220] [plex_meta_manager.py:708]  [INFO]     |                                                                                                    |
[2022-10-11 09:28:36,221] [plex_meta_manager.py:709]  [INFO]     |====================================================================================================|
[2022-10-11 09:28:36,221] [plex_meta_manager.py:709]  [INFO]     |                                 Finished Z-O-M-B-I-E-S Collection                                  |
[2022-10-11 09:28:36,221] [plex_meta_manager.py:709]  [INFO]     |                                    Collection Run Time: 0:00:02                                    |
[2022-10-11 09:28:36,221] [plex_meta_manager.py:709]  [INFO]     |====================================================================================================|
