[2022-10-11 10:07:55,213] [builder.py:197]            [INFO]     |====================================================================================================|
[2022-10-11 10:07:55,213] [builder.py:197]            [INFO]     |                          Super-heroes Collection in Z. 5 - Film Animation                          |
[2022-10-11 10:07:55,213] [builder.py:197]            [INFO]     |====================================================================================================|
[2022-10-11 10:07:55,213] [builder.py:198]            [INFO]     |                                                                                                    |
[2022-10-11 10:07:55,213] [builder.py:203]            [INFO]     |================================ Building Definition From Templates ================================|
[2022-10-11 10:07:55,213] [builder.py:211]            [DEBUG]    |                                                                                                    |
[2022-10-11 10:07:55,214] [meta.py:128]               [DEBUG]    | Template Genre                                                                                     |
[2022-10-11 10:07:55,214] [meta.py:129]               [DEBUG]    | Call: ordereddict([('name', 'Genre')])                                                             |
[2022-10-11 10:07:55,214] [meta.py:304]               [DEBUG]    |                                                                                                    |
[2022-10-11 10:07:55,214] [meta.py:305]               [DEBUG]    | Variables: ordereddict([('name', 'Genre'), ('collection_name', 'Super-heroes'), ('mapping_name', 'Super-heroes'), ('library_type', 'movie'), ('library_name', 'Z. 5 - Film Animation'), ('name_encoded', 'Genre'), ('collection_name_encoded', 'Super-heroes'), ('mapping_name_encoded', 'Super-heroes'), ('library_type_encoded', 'movie'), ('library_name_encoded', 'Z.%205%20-%20Film%20Animation'), ('collection_sort', 'Super-heroes')]) |
[2022-10-11 10:07:55,214] [meta.py:306]               [DEBUG]    |                                                                                                    |
[2022-10-11 10:07:55,214] [meta.py:307]               [DEBUG]    | Defaults: {}                                                                                       |
[2022-10-11 10:07:55,214] [meta.py:308]               [DEBUG]    |                                                                                                    |
[2022-10-11 10:07:55,215] [meta.py:309]               [DEBUG]    | Optional: []                                                                                       |
[2022-10-11 10:07:55,215] [meta.py:370]               [DEBUG]    |                                                                                                    |
[2022-10-11 10:07:55,215] [meta.py:371]               [DEBUG]    | Final Template Attributes: {'sort_title': '+3_Super-heroes', 'sync_mode': 'sync', 'smart_label': 'audience_rating.desc'} |
[2022-10-11 10:07:55,215] [meta.py:372]               [DEBUG]    |                                                                                                    |
[2022-10-11 10:07:55,215] [builder.py:219]            [INFO]     |================================ Validating Super-heroes Attributes ================================|
[2022-10-11 10:07:55,216] [builder.py:488]            [DEBUG]    |                                                                                                    |
[2022-10-11 10:07:55,216] [builder.py:489]            [DEBUG]    | Validating Method: sync_mode                                                                       |
[2022-10-11 10:07:55,216] [builder.py:493]            [DEBUG]    | Value: sync                                                                                        |
[2022-10-11 10:07:55,216] [builder.py:538]            [DEBUG]    |                                                                                                    |
[2022-10-11 10:07:55,216] [builder.py:539]            [DEBUG]    | Validating Method: smart_label                                                                     |
[2022-10-11 10:07:55,216] [builder.py:544]            [DEBUG]    | Value: audience_rating.desc                                                                        |
[2022-10-11 10:07:55,232] [builder.py:627]            [DEBUG]    |                                                                                                    |
[2022-10-11 10:07:55,233] [builder.py:631]            [DEBUG]    | Validating Method: url_poster                                                                      |
[2022-10-11 10:07:55,233] [builder.py:632]            [DEBUG]    | Value: https://raw.githubusercontent.com/MonsieurZed/poster/main/img/GENRE_SUPE.png                |
[2022-10-11 10:07:55,451] [builder.py:627]            [DEBUG]    |                                                                                                    |
[2022-10-11 10:07:55,452] [builder.py:631]            [DEBUG]    | Validating Method: trakt_list                                                                      |
[2022-10-11 10:07:55,452] [builder.py:632]            [DEBUG]    | Value: ['https://trakt.tv/users/jtucci/lists/super-heroes', 'https://trakt.tv/users/sampmoore/lists/super-hero', 'https://trakt.tv/users/dwarnes1970/lists/super-hero'] |
[2022-10-11 10:07:55,913] [builder.py:627]            [DEBUG]    |                                                                                                    |
[2022-10-11 10:07:55,913] [builder.py:631]            [DEBUG]    | Validating Method: summary                                                                         |
[2022-10-11 10:07:55,913] [builder.py:632]            [DEBUG]    | Value: SuperHeroes movies                                                                          |
[2022-10-11 10:07:55,913] [builder.py:627]            [DEBUG]    |                                                                                                    |
[2022-10-11 10:07:55,913] [builder.py:631]            [DEBUG]    | Validating Method: sort_title                                                                      |
[2022-10-11 10:07:55,914] [builder.py:632]            [DEBUG]    | Value: +3_Super-heroes                                                                             |
[2022-10-11 10:07:55,919] [plex.py:790]               [DEBUG]    |                                                                                                    |
[2022-10-11 10:07:55,920] [plex.py:793]               [DEBUG]    | Looking for: Super-heroes                                                                          |
[2022-10-11 10:07:55,920] [builder.py:797]            [INFO]     |                                                                                                    |
[2022-10-11 10:07:55,920] [builder.py:798]            [INFO]     | Validation Successful                                                                              |
[2022-10-11 10:07:55,920] [plex_meta_manager.py:561]  [INFO]     |                                                                                                    |
[2022-10-11 10:07:55,920] [plex_meta_manager.py:563]  [INFO]     |================================= Running Super-heroes Collection ==================================|
[2022-10-11 10:07:55,921] [plex_meta_manager.py:569]  [INFO]     |                                                                                                    |
[2022-10-11 10:07:55,921] [plex_meta_manager.py:570]  [INFO]     | Smart Movie Label                                                                                  |
                                                                 | Sort By: audience_rating.desc
                                                                 | Filter:
                                                                 |   Match all of the following:
                                                                 |     Label is Super-heroes
[2022-10-11 10:07:55,921] [plex_meta_manager.py:575]  [INFO]     | 
[2022-10-11 10:07:55,922] [plex_meta_manager.py:576]  [INFO]     | Sync Mode: sync
[2022-10-11 10:07:55,922] [plex_meta_manager.py:579]  [DEBUG]    | 
[2022-10-11 10:07:55,922] [plex_meta_manager.py:580]  [DEBUG]    | Builder: trakt_list: https://trakt.tv/users/jtucci/lists/super-heroes
[2022-10-11 10:07:55,922] [plex_meta_manager.py:581]  [INFO]     | 
[2022-10-11 10:07:55,922] [trakt.py:487]              [INFO]     | Processing Trakt List: https://trakt.tv/users/jtucci/lists/super-heroes
[2022-10-11 10:07:56,077] [builder.py:1540]           [DEBUG]    | 
[2022-10-11 10:07:56,078] [builder.py:1541]           [DEBUG]    | 66 IDs Found: [(102899, 'tmdb'), (100402, 'tmdb'), (99861, 'tmdb'), (76338, 'tmdb'), (24428, 'tmdb'), (293660, 'tmdb'), (1771, 'tmdb'), (10195, 'tmdb'), (68721, 'tmdb'), (1927, 'tmdb'), (1724, 'tmdb'), (1726, 'tmdb'), (10138, 'tmdb'), (102382, 'tmdb'), (559, 'tmdb'), (1930, 'tmdb'), (558, 'tmdb'), (557, 'tmdb'), (76170, 'tmdb'), (2080, 'tmdb'), (127585, 'tmdb'), (155, 'tmdb'), (49026, 'tmdb'), (36657, 'tmdb'), (36658, 'tmdb'), (36668, 'tmdb'), (49538, 'tmdb'), (272, 'tmdb'), (49521, 'tmdb'), (59859, 'tmdb'), (23483, 'tmdb'), (13183, 'tmdb'), (40805, 'tmdb'), (246655, 'tmdb'), (271110, 'tmdb'), (209112, 'tmdb'), (263115, 'tmdb'), (284052, 'tmdb'), (297762, 'tmdb'), (283995, 'tmdb'), (315635, 'tmdb'), (141052, 'tmdb'), (299536, 'tmdb'), (297802, 'tmdb'), (383498, 'tmdb'), (363088, 'tmdb'), (320288, 'tmdb'), (335983, 'tmdb'), (8960, 'tmdb'), (447161, 'tmdb'), (447143, 'tmdb'), (447399, 'tmdb'), (447120, 'tmdb'), (166424, 'tmdb'), (1487, 'tmdb'), (98566, 'tmdb'), (284053, 'tmdb'), (284054, 'tmdb'), (299534, 'tmdb'), (429617, 'tmdb'), (450465, 'tmdb'), (324857, 'tmdb'), (447365, 'tmdb'), (464052, 'tmdb'), (475557, 'tmdb'), (414906, 'tmdb')]
[2022-10-11 10:07:56,078] [builder.py:1542]           [DEBUG]    | 
[2022-10-11 10:07:56,079] [plex_meta_manager.py:579]  [DEBUG]    | 
[2022-10-11 10:07:56,079] [plex_meta_manager.py:580]  [DEBUG]    | Builder: trakt_list: https://trakt.tv/users/sampmoore/lists/super-hero
[2022-10-11 10:07:56,079] [plex_meta_manager.py:581]  [INFO]     | 
[2022-10-11 10:07:56,079] [trakt.py:487]              [INFO]     | Processing Trakt List: https://trakt.tv/users/sampmoore/lists/super-hero
[2022-10-11 10:07:56,262] [builder.py:1540]           [DEBUG]    | 
[2022-10-11 10:07:56,262] [builder.py:1541]           [DEBUG]    | 187 IDs Found: [(17918, 'tmdb'), (76215, 'tvdb'), (19142, 'tmdb'), (76948, 'tvdb'), (298618, 'tmdb'), (3604, 'tmdb'), (80441, 'tvdb'), (70832, 'tvdb'), (77746, 'tvdb'), (273690, 'tvdb'), (561, 'tmdb'), (46718, 'tmdb'), (264203, 'tmdb'), (415, 'tmdb'), (309812, 'tmdb'), (49026, 'tmdb'), (414, 'tmdb'), (29751, 'tmdb'), (77871, 'tvdb'), (82904, 'tvdb'), (286448, 'tvdb'), (282690, 'tmdb'), (281470, 'tvdb'), (9651, 'tmdb'), (268928, 'tmdb'), (86304, 'tmdb'), (324249, 'tmdb'), (624479, 'tmdb'), (311661, 'tmdb'), (71228, 'tvdb'), (15359, 'tmdb'), (297762, 'tmdb'), (368967, 'tvdb'), (241224, 'tmdb'), (161620, 'tmdb'), (121901, 'tvdb'), (141052, 'tmdb'), (181911, 'tmdb'), (297802, 'tmdb'), (65584, 'tmdb'), (77403, 'tvdb'), (61020, 'tmdb'), (287947, 'tmdb'), (76871, 'tvdb'), (138776, 'tmdb'), (202466, 'tmdb'), (69336, 'tmdb'), (271577, 'tvdb'), (1930, 'tmdb'), (78453, 'tvdb'), (65294, 'tmdb'), (26881, 'tmdb'), (26883, 'tmdb'), (166890, 'tmdb'), (79989, 'tmdb'), (274876, 'tmdb'), (19593, 'tmdb'), (558, 'tmdb'), (315635, 'tmdb'), (225914, 'tmdb'), (225925, 'tmdb'), (367940, 'tmdb'), (74764, 'tvdb'), (78267, 'tvdb'), (36657, 'tmdb'), (76533, 'tvdb'), (26623, 'tmdb'), (2080, 'tmdb'), (36658, 'tmdb'), (49538, 'tmdb'), (36668, 'tmdb'), (27460, 'tmdb'), (13995, 'tmdb'), (74743, 'tvdb'), (106355, 'tmdb'), (274923, 'tvdb'), (271110, 'tmdb'), (197481, 'tmdb'), (197467, 'tmdb'), (211387, 'tmdb'), (20781, 'tmdb'), (22059, 'tmdb'), (46529, 'tmdb'), (36586, 'tmdb'), (36648, 'tmdb'), (73192, 'tvdb'), (32219, 'tmdb'), (9947, 'tmdb'), (1250, 'tmdb'), (71676, 'tmdb'), (9320, 'tmdb'), (50468, 'tmdb'), (18882, 'tmdb'), (314, 'tmdb'), (9495, 'tmdb'), (44912, 'tmdb'), (77352, 'tvdb'), (2661, 'tmdb'), (209112, 'tmdb'), (158186, 'tmdb'), (293660, 'tmdb'), (246655, 'tmdb'), (308531, 'tmdb'), (297761, 'tmdb'), (284053, 'tmdb'), (283995, 'tmdb'), (284052, 'tmdb'), (259316, 'tmdb'), (363088, 'tmdb'), (305582, 'tvdb'), (311786, 'tvdb'), (346672, 'tmdb'), (284054, 'tmdb'), (263115, 'tmdb'), (338970, 'tmdb'), (9806, 'tmdb'), (299536, 'tmdb'), (317953, 'tvdb'), (331980, 'tvdb'), (335983, 'tmdb'), (338952, 'tmdb'), (424783, 'tmdb'), (281662, 'tvdb'), (281485, 'tvdb'), (279121, 'tvdb'), (263365, 'tvdb'), (274431, 'tvdb'), (295759, 'tvdb'), (257655, 'tvdb'), (279201, 'tvdb'), (248835, 'tvdb'), (79501, 'tvdb'), (72218, 'tvdb'), (71746, 'tvdb'), (72468, 'tvdb'), (78650, 'tvdb'), (182061, 'tvdb'), (295760, 'tvdb'), (284190, 'tvdb'), (286943, 'tvdb'), (155, 'tmdb'), (24428, 'tmdb'), (118340, 'tmdb'), (49521, 'tmdb'), (102382, 'tmdb'), (99861, 'tmdb'), (100402, 'tmdb'), (272, 'tmdb'), (102899, 'tmdb'), (166424, 'tmdb'), (127585, 'tmdb'), (98566, 'tmdb'), (1771, 'tmdb'), (76338, 'tmdb'), (68721, 'tmdb'), (10195, 'tmdb'), (1726, 'tmdb'), (10138, 'tmdb'), (1979, 'tmdb'), (1724, 'tmdb'), (557, 'tmdb'), (59859, 'tmdb'), (9738, 'tmdb'), (8960, 'tmdb'), (13183, 'tmdb'), (364, 'tmdb'), (268, 'tmdb'), (36647, 'tmdb'), (11253, 'tmdb'), (559, 'tmdb'), (23483, 'tmdb'), (9480, 'tmdb'), (1487, 'tmdb'), (80159, 'tvdb'), (304219, 'tvdb'), (295837, 'tvdb'), (295684, 'tvdb'), (268156, 'tvdb'), (1924, 'tmdb'), (126712, 'tmdb'), (1452, 'tmdb'), (9531, 'tmdb'), (8536, 'tmdb'), (7220, 'tmdb'), (8867, 'tmdb'), (13056, 'tmdb'), (120605, 'tmdb')]
[2022-10-11 10:07:56,263] [builder.py:1542]           [DEBUG]    | 
[2022-10-11 10:07:56,264] [plex_meta_manager.py:579]  [DEBUG]    | 
[2022-10-11 10:07:56,264] [plex_meta_manager.py:580]  [DEBUG]    | Builder: trakt_list: https://trakt.tv/users/dwarnes1970/lists/super-hero
[2022-10-11 10:07:56,264] [plex_meta_manager.py:581]  [INFO]     | 
[2022-10-11 10:07:56,265] [trakt.py:487]              [INFO]     | Processing Trakt List: https://trakt.tv/users/dwarnes1970/lists/super-hero
[2022-10-11 10:07:56,415] [builder.py:1540]           [DEBUG]    | 
[2022-10-11 10:07:56,416] [builder.py:1541]           [DEBUG]    | 43 IDs Found: [(263365, 'tvdb'), (142061, 'tmdb'), (338762, 'tmdb'), (429617, 'tmdb'), (287947, 'tmdb'), (299537, 'tmdb'), (284053, 'tmdb'), (335983, 'tmdb'), (293660, 'tmdb'), (155, 'tmdb'), (284054, 'tmdb'), (315635, 'tmdb'), (99861, 'tmdb'), (383498, 'tmdb'), (263115, 'tmdb'), (284052, 'tmdb'), (283995, 'tmdb'), (141052, 'tmdb'), (557, 'tmdb'), (49026, 'tmdb'), (324857, 'tmdb'), (272, 'tmdb'), (10195, 'tmdb'), (102899, 'tmdb'), (10138, 'tmdb'), (68721, 'tmdb'), (363088, 'tmdb'), (297762, 'tmdb'), (297802, 'tmdb'), (209112, 'tmdb'), (1930, 'tmdb'), (76338, 'tmdb'), (49521, 'tmdb'), (559, 'tmdb'), (1724, 'tmdb'), (102382, 'tmdb'), (118340, 'tmdb'), (7220, 'tmdb'), (558, 'tmdb'), (274431, 'tvdb'), (362496, 'tvdb'), (497698, 'tmdb'), (331980, 'tvdb')]
[2022-10-11 10:07:56,416] [builder.py:1542]           [DEBUG]    | 
[2022-10-11 10:07:56,417] [builder.py:2064]           [INFO]     | 
[2022-10-11 10:07:56,417] [builder.py:2065]           [INFO]     |================================ Adding to Super-heroes Collection =================================|
[2022-10-11 10:07:56,417] [builder.py:2066]           [INFO]     |                                                                                                    |
[2022-10-11 10:07:56,433] [builder.py:2080]           [INFO]     | 1/4 | Super-heroes Collection | + | Spider-Man : New Generation (2018)                             |
[2022-10-11 10:07:56,453] [builder.py:2080]           [INFO]     | 2/4 | Super-heroes Collection | + | Wonder Woman (2009)                                            |
[2022-10-11 10:07:56,471] [builder.py:2080]           [INFO]     | 3/4 | Super-heroes Collection | + | Les Indestructibles (2004)                                     |
[2022-10-11 10:07:56,578] [builder.py:2080]           [INFO]     | 4/4 | Super-heroes Collection | + | Batman : The Dark Knight Returns, Part 2 (2013)                |
[2022-10-11 10:07:57,834] [builder.py:2100]           [INFO]     |                                                                                                    |
[2022-10-11 10:07:57,834] [builder.py:2102]           [INFO]     | 4 Movies Processed 4 Movies Added                                                                  |
[2022-10-11 10:07:57,834] [builder.py:2228]           [INFO]     |                                                                                                    |
[2022-10-11 10:07:57,835] [builder.py:2229]           [INFO]     |======================== Missing Movies from Library: Z. 5 - Film Animation ========================|
[2022-10-11 10:07:57,835] [builder.py:2230]           [INFO]     |                                                                                                    |
[2022-10-11 10:07:57,850] [builder.py:2243]           [INFO]     | Super-heroes Collection | ? | Ant-Man (2015) (TMDb: 102899)                                        |
[2022-10-11 10:07:57,879] [builder.py:2243]           [INFO]     | Super-heroes Collection | ? | Captain America: The Winter Soldier (2014) (TMDb: 100402)            |
[2022-10-11 10:07:57,913] [builder.py:2243]           [INFO]     | Super-heroes Collection | ? | Avengers: Age of Ultron (2015) (TMDb: 99861)                         |
[2022-10-11 10:07:57,921] [builder.py:2243]           [INFO]     | Super-heroes Collection | ? | Thor: The Dark World (2013) (TMDb: 76338)                            |
[2022-10-11 10:07:57,954] [builder.py:2243]           [INFO]     | Super-heroes Collection | ? | The Avengers (2012) (TMDb: 24428)                                    |
[2022-10-11 10:07:57,962] [builder.py:2243]           [INFO]     | Super-heroes Collection | ? | Deadpool (2016) (TMDb: 293660)                                       |
[2022-10-11 10:07:58,005] [builder.py:2243]           [INFO]     | Super-heroes Collection | ? | Captain America: The First Avenger (2011) (TMDb: 1771)               |
[2022-10-11 10:07:58,019] [builder.py:2243]           [INFO]     | Super-heroes Collection | ? | Thor (2011) (TMDb: 10195)                                            |
[2022-10-11 10:07:58,045] [builder.py:2243]           [INFO]     | Super-heroes Collection | ? | Iron Man 3 (2013) (TMDb: 68721)                                      |
[2022-10-11 10:07:58,057] [builder.py:2243]           [INFO]     | Super-heroes Collection | ? | Hulk (2003) (TMDb: 1927)                                             |
[2022-10-11 10:07:58,071] [builder.py:2243]           [INFO]     | Super-heroes Collection | ? | The Incredible Hulk (2008) (TMDb: 1724)                              |
[2022-10-11 10:07:58,129] [builder.py:2243]           [INFO]     | Super-heroes Collection | ? | Iron Man (2008) (TMDb: 1726)                                         |
[2022-10-11 10:07:58,146] [builder.py:2243]           [INFO]     | Super-heroes Collection | ? | Iron Man 2 (2010) (TMDb: 10138)                                      |
[2022-10-11 10:07:58,187] [builder.py:2243]           [INFO]     | Super-heroes Collection | ? | The Amazing Spider-Man 2 (2014) (TMDb: 102382)                       |
[2022-10-11 10:07:58,206] [builder.py:2243]           [INFO]     | Super-heroes Collection | ? | Spider-Man 3 (2007) (TMDb: 559)                                      |
[2022-10-11 10:07:58,226] [builder.py:2243]           [INFO]     | Super-heroes Collection | ? | The Amazing Spider-Man (2012) (TMDb: 1930)                           |
[2022-10-11 10:07:58,257] [builder.py:2243]           [INFO]     | Super-heroes Collection | ? | Spider-Man 2 (2004) (TMDb: 558)                                      |
[2022-10-11 10:07:58,280] [builder.py:2243]           [INFO]     | Super-heroes Collection | ? | Spider-Man (2002) (TMDb: 557)                                        |
[2022-10-11 10:07:58,296] [builder.py:2243]           [INFO]     | Super-heroes Collection | ? | The Wolverine (2013) (TMDb: 76170)                                   |
[2022-10-11 10:07:58,337] [builder.py:2243]           [INFO]     | Super-heroes Collection | ? | X-Men Origins: Wolverine (2009) (TMDb: 2080)                         |
[2022-10-11 10:07:58,354] [builder.py:2243]           [INFO]     | Super-heroes Collection | ? | X-Men: Days of Future Past (2014) (TMDb: 127585)                     |
[2022-10-11 10:07:58,405] [builder.py:2243]           [INFO]     | Super-heroes Collection | ? | The Dark Knight (2008) (TMDb: 155)                                   |
[2022-10-11 10:07:58,422] [builder.py:2243]           [INFO]     | Super-heroes Collection | ? | The Dark Knight Rises (2012) (TMDb: 49026)                           |
[2022-10-11 10:07:58,424] [builder.py:2243]           [INFO]     | Super-heroes Collection | ? | X-Men (2000) (TMDb: 36657)                                           |
[2022-10-11 10:07:58,471] [builder.py:2243]           [INFO]     | Super-heroes Collection | ? | X2 (2003) (TMDb: 36658)                                              |
[2022-10-11 10:07:58,488] [builder.py:2243]           [INFO]     | Super-heroes Collection | ? | X-Men: The Last Stand (2006) (TMDb: 36668)                           |
[2022-10-11 10:07:58,530] [builder.py:2243]           [INFO]     | Super-heroes Collection | ? | X-Men: First Class (2011) (TMDb: 49538)                              |
[2022-10-11 10:07:58,547] [builder.py:2243]           [INFO]     | Super-heroes Collection | ? | Batman Begins (2005) (TMDb: 272)                                     |
[2022-10-11 10:07:58,597] [builder.py:2243]           [INFO]     | Super-heroes Collection | ? | Man of Steel (2013) (TMDb: 49521)                                    |
[2022-10-11 10:07:58,621] [builder.py:2243]           [INFO]     | Super-heroes Collection | ? | Kick-Ass 2 (2013) (TMDb: 59859)                                      |
[2022-10-11 10:07:58,671] [builder.py:2243]           [INFO]     | Super-heroes Collection | ? | Kick-Ass (2010) (TMDb: 23483)                                        |
[2022-10-11 10:07:58,682] [builder.py:2243]           [INFO]     | Super-heroes Collection | ? | Watchmen (2009) (TMDb: 13183)                                        |
[2022-10-11 10:07:58,684] [builder.py:2243]           [INFO]     | Super-heroes Collection | ? | The Green Hornet (2011) (TMDb: 40805)                                |
[2022-10-11 10:07:58,721] [builder.py:2243]           [INFO]     | Super-heroes Collection | ? | X-Men: Apocalypse (2016) (TMDb: 246655)                              |
[2022-10-11 10:07:58,732] [builder.py:2243]           [INFO]     | Super-heroes Collection | ? | Captain America: Civil War (2016) (TMDb: 271110)                     |
[2022-10-11 10:07:58,779] [builder.py:2243]           [INFO]     | Super-heroes Collection | ? | Batman v Superman: Dawn of Justice (2016) (TMDb: 209112)             |
[2022-10-11 10:07:58,789] [builder.py:2243]           [INFO]     | Super-heroes Collection | ? | Logan (2017) (TMDb: 263115)                                          |
[2022-10-11 10:07:58,805] [builder.py:2243]           [INFO]     | Super-heroes Collection | ? | Doctor Strange (2016) (TMDb: 284052)                                 |
[2022-10-11 10:07:58,839] [builder.py:2243]           [INFO]     | Super-heroes Collection | ? | Wonder Woman (2017) (TMDb: 297762)                                   |
[2022-10-11 10:07:58,909] [builder.py:2243]           [INFO]     | Super-heroes Collection | ? | Guardians of the Galaxy Vol. 2 (2017) (TMDb: 283995)                 |
[2022-10-11 10:07:58,920] [builder.py:2243]           [INFO]     | Super-heroes Collection | ? | Spider-Man: Homecoming (2017) (TMDb: 315635)                         |
[2022-10-11 10:07:58,931] [builder.py:2243]           [INFO]     | Super-heroes Collection | ? | Justice League (2017) (TMDb: 141052)                                 |
[2022-10-11 10:07:58,947] [builder.py:2243]           [INFO]     | Super-heroes Collection | ? | Avengers: Infinity War (2018) (TMDb: 299536)                         |
[2022-10-11 10:07:58,979] [builder.py:2243]           [INFO]     | Super-heroes Collection | ? | Aquaman (2018) (TMDb: 297802)                                        |
[2022-10-11 10:07:58,989] [builder.py:2243]           [INFO]     | Super-heroes Collection | ? | Deadpool 2 (2018) (TMDb: 383498)                                     |
[2022-10-11 10:07:59,021] [builder.py:2243]           [INFO]     | Super-heroes Collection | ? | Ant-Man and the Wasp (2018) (TMDb: 363088)                           |
[2022-10-11 10:07:59,054] [builder.py:2243]           [INFO]     | Super-heroes Collection | ? | Dark Phoenix (2019) (TMDb: 320288)                                   |
[2022-10-11 10:07:59,064] [builder.py:2243]           [INFO]     | Super-heroes Collection | ? | Venom (2018) (TMDb: 335983)                                          |
[2022-10-11 10:07:59,096] [builder.py:2243]           [INFO]     | Super-heroes Collection | ? | Hancock (2008) (TMDb: 8960)                                          |
[2022-10-11 10:07:59,108] [builder.py:2243]           [INFO]     | Super-heroes Collection | ? | X-Men: Reunited (2014) (TMDb: 447161)                                |
[2022-10-11 10:07:59,226] [builder.py:2237]           [ERROR]    | TMDb Error: No Movie found for TMDb ID 447143                                                      |
[2022-10-11 10:07:59,247] [builder.py:2243]           [INFO]     | Super-heroes Collection | ? | X-Men : Surveiller les mutants (2001) (TMDb: 447399)                 |
[2022-10-11 10:07:59,265] [builder.py:2243]           [INFO]     | Super-heroes Collection | ? | The Second Uncanny Issue of X-Men: Making X2 (2003) (TMDb: 447120)   |
[2022-10-11 10:07:59,272] [builder.py:2243]           [INFO]     | Super-heroes Collection | ? | Fantastic Four (2015) (TMDb: 166424)                                 |
[2022-10-11 10:07:59,290] [builder.py:2243]           [INFO]     | Super-heroes Collection | ? | Hellboy (2004) (TMDb: 1487)                                          |
[2022-10-11 10:07:59,306] [builder.py:2243]           [INFO]     | Super-heroes Collection | ? | Ninja Turtles (2014) (TMDb: 98566)                                   |
[2022-10-11 10:07:59,329] [builder.py:2243]           [INFO]     | Super-heroes Collection | ? | Thor: Ragnarok (2017) (TMDb: 284053)                                 |
[2022-10-11 10:07:59,341] [builder.py:2243]           [INFO]     | Super-heroes Collection | ? | Black Panther (2018) (TMDb: 284054)                                  |
[2022-10-11 10:07:59,390] [builder.py:2243]           [INFO]     | Super-heroes Collection | ? | Avengers: Endgame (2019) (TMDb: 299534)                              |
[2022-10-11 10:07:59,413] [builder.py:2243]           [INFO]     | Super-heroes Collection | ? | Spider-Man : Far From Home (2019) (TMDb: 429617)                     |
[2022-10-11 10:07:59,457] [builder.py:2243]           [INFO]     | Super-heroes Collection | ? | Glass (2019) (TMDb: 450465)                                          |
[2022-10-11 10:07:59,473] [builder.py:2243]           [INFO]     | Super-heroes Collection | ? | Guardians of the Galaxy Vol. 3 (2023) (TMDb: 447365)                 |
[2022-10-11 10:07:59,489] [builder.py:2243]           [INFO]     | Super-heroes Collection | ? | Wonder Woman 1984 (2020) (TMDb: 464052)                              |
[2022-10-11 10:07:59,515] [builder.py:2243]           [INFO]     | Super-heroes Collection | ? | Joker (2019) (TMDb: 475557)                                          |
[2022-10-11 10:07:59,564] [builder.py:2243]           [INFO]     | Super-heroes Collection | ? | The Batman (2022) (TMDb: 414906)                                     |
[2022-10-11 10:07:59,606] [builder.py:2243]           [INFO]     | Super-heroes Collection | ? | La Créature du Marais (1982) (TMDb: 17918)                           |
[2022-10-11 10:07:59,631] [builder.py:2243]           [INFO]     | Super-heroes Collection | ? | Le retour de la créature du lagon (1989) (TMDb: 19142)               |
[2022-10-11 10:07:59,681] [builder.py:2243]           [INFO]     | Super-heroes Collection | ? | The Flash (2023) (TMDb: 298618)                                      |
[2022-10-11 10:07:59,706] [builder.py:2243]           [INFO]     | Super-heroes Collection | ? | Flash Gordon (1980) (TMDb: 3604)                                     |
[2022-10-11 10:07:59,764] [builder.py:2243]           [INFO]     | Super-heroes Collection | ? | Constantine (2005) (TMDb: 561)                                       |
[2022-10-11 10:07:59,796] [builder.py:2243]           [INFO]     | Super-heroes Collection | ? | DC Showcase: Green Arrow (2010) (TMDb: 46718)                        |
[2022-10-11 10:07:59,917] [builder.py:2237]           [ERROR]    | TMDb Error: No Movie found for TMDb ID 264203                                                      |
[2022-10-11 10:07:59,929] [builder.py:2243]           [INFO]     | Super-heroes Collection | ? | Batman & Robin (1997) (TMDb: 415)                                    |
[2022-10-11 10:08:00,065] [builder.py:2237]           [ERROR]    | TMDb Error: No Movie found for TMDb ID 309812                                                      |
[2022-10-11 10:08:00,084] [builder.py:2243]           [INFO]     | Super-heroes Collection | ? | Batman Forever (1995) (TMDb: 414)                                    |
[2022-10-11 10:08:00,137] [builder.py:2243]           [INFO]     | Super-heroes Collection | ? | Batman Unmasked: The Psychology of the Dark Knight (2008) (TMDb: 29751) |
[2022-10-11 10:08:00,254] [builder.py:2237]           [ERROR]    | TMDb Error: No Movie found for TMDb ID 282690                                                      |
[2022-10-11 10:08:00,268] [builder.py:2243]           [INFO]     | Super-heroes Collection | ? | Supergirl (1984) (TMDb: 9651)                                        |
[2022-10-11 10:08:00,388] [builder.py:2237]           [ERROR]    | TMDb Error: No Movie found for TMDb ID 268928                                                      |
[2022-10-11 10:08:00,390] [builder.py:2243]           [INFO]     | Super-heroes Collection | ? | All Superheroes Must Die (2011) (TMDb: 86304)                        |
[2022-10-11 10:08:00,401] [builder.py:2243]           [INFO]     | Super-heroes Collection | ? | Requiem for Krypton: Making 'Superman Returns' (2006) (TMDb: 324249) |
[2022-10-11 10:08:00,446] [builder.py:2243]           [INFO]     | Super-heroes Collection | ? | Superman II : The Richard Donner Cut (2006) (TMDb: 624479)           |
[2022-10-11 10:08:00,462] [builder.py:2243]           [INFO]     | Super-heroes Collection | ? | Last Son (2013) (TMDb: 311661)                                       |
[2022-10-11 10:08:00,489] [builder.py:2243]           [INFO]     | Super-heroes Collection | ? | Wonder Woman (2013) (TMDb: 241224)                                   |
[2022-10-11 10:08:00,514] [builder.py:2243]           [INFO]     | Super-heroes Collection | ? | Wonder Woman (1974) (TMDb: 161620)                                   |
[2022-10-11 10:08:00,639] [builder.py:2237]           [ERROR]    | TMDb Error: No Movie found for TMDb ID 181911                                                      |
[2022-10-11 10:08:00,651] [builder.py:2243]           [INFO]     | Super-heroes Collection | ? | Aquaman (2006) (TMDb: 65584)                                         |
[2022-10-11 10:08:00,671] [builder.py:2243]           [INFO]     | Super-heroes Collection | ? | Adventures of Captain Marvel (1941) (TMDb: 61020)                    |
[2022-10-11 10:08:00,698] [builder.py:2243]           [INFO]     | Super-heroes Collection | ? | Shazam! (2019) (TMDb: 287947)                                        |
[2022-10-11 10:08:00,723] [builder.py:2243]           [INFO]     | Super-heroes Collection | ? | Legends of the Superheroes (1979) (TMDb: 138776)                     |
[2022-10-11 10:08:00,751] [builder.py:2243]           [INFO]     | Super-heroes Collection | ? | The Tiger Mask (2013) (TMDb: 202466)                                 |
[2022-10-11 10:08:00,779] [builder.py:2243]           [INFO]     | Super-heroes Collection | ? | Justice League of America (1997) (TMDb: 69336)                       |
[2022-10-11 10:08:00,796] [builder.py:2243]           [INFO]     | Super-heroes Collection | ? | La Naissance De Hulk (1977) (TMDb: 65294)                            |
[2022-10-11 10:08:00,823] [builder.py:2243]           [INFO]     | Super-heroes Collection | ? | Le Retour de l'incroyable Hulk (1988) (TMDb: 26881)                  |
[2022-10-11 10:08:00,848] [builder.py:2243]           [INFO]     | Super-heroes Collection | ? | Le Procès de l'incroyable Hulk (1989) (TMDb: 26883)                  |
[2022-10-11 10:08:00,873] [builder.py:2243]           [INFO]     | Super-heroes Collection | ? | Le Retour de l'incroyable Hulk (1977) (TMDb: 166890)                 |
[2022-10-11 10:08:00,915] [builder.py:2243]           [INFO]     | Super-heroes Collection | ? | Hulk Revient (1978) (TMDb: 79989)                                    |
[2022-10-11 10:08:00,937] [builder.py:2243]           [INFO]     | Super-heroes Collection | ? | Liberator (2012) (TMDb: 274876)                                      |
[2022-10-11 10:08:00,954] [builder.py:2243]           [INFO]     | Super-heroes Collection | ? | La mort de l'incroyable Hulk (1990) (TMDb: 19593)                    |
[2022-10-11 10:08:00,982] [builder.py:2243]           [INFO]     | Super-heroes Collection | ? | L'Homme araignée (1978) (TMDb: 225914)                               |
[2022-10-11 10:08:01,007] [builder.py:2243]           [INFO]     | Super-heroes Collection | ? | La Riposte de l'homme-araignée (1978) (TMDb: 225925)                 |
[2022-10-11 10:08:01,128] [builder.py:2237]           [ERROR]    | TMDb Error: No Movie found for TMDb ID 367940                                                      |
[2022-10-11 10:08:01,143] [builder.py:2243]           [INFO]     | Super-heroes Collection | ? | Generation X (1996) (TMDb: 26623)                                    |
[2022-10-11 10:08:01,162] [builder.py:2243]           [INFO]     | Super-heroes Collection | ? | Nick Fury - Agent of S.H.I.E.L.D. (1998) (TMDb: 27460)               |
[2022-10-11 10:08:01,190] [builder.py:2243]           [INFO]     | Super-heroes Collection | ? | Captain America (1990) (TMDb: 13995)                                 |
[2022-10-11 10:08:01,215] [builder.py:2243]           [INFO]     | Super-heroes Collection | ? | Captain America (1944) (TMDb: 106355)                                |
[2022-10-11 10:08:01,240] [builder.py:2243]           [INFO]     | Super-heroes Collection | ? | Captain America 2 (1979) (TMDb: 197481)                              |
[2022-10-11 10:08:01,265] [builder.py:2243]           [INFO]     | Super-heroes Collection | ? | Captain America (1979) (TMDb: 197467)                                |
[2022-10-11 10:08:01,290] [builder.py:2243]           [INFO]     | Super-heroes Collection | ? | Éditions uniques Marvel : Agent Carter (2013) (TMDb: 211387)         |
[2022-10-11 10:08:01,316] [builder.py:2243]           [INFO]     | Super-heroes Collection | ? | L'Ange de la mort (2009) (TMDb: 20781)                               |
[2022-10-11 10:08:01,366] [builder.py:2243]           [INFO]     | Super-heroes Collection | ? | Les Quatre Fantastiques (1994) (TMDb: 22059)                         |
[2022-10-11 10:08:01,390] [builder.py:2243]           [INFO]     | Super-heroes Collection | ? | Numéro quatre (2011) (TMDb: 46529)                                   |
[2022-10-11 10:08:01,441] [builder.py:2243]           [INFO]     | Super-heroes Collection | ? | Blade II (2002) (TMDb: 36586)                                        |
[2022-10-11 10:08:01,483] [builder.py:2243]           [INFO]     | Super-heroes Collection | ? | Blade: Trinity (2004) (TMDb: 36648)                                  |
[2022-10-11 10:08:01,524] [builder.py:2243]           [INFO]     | Super-heroes Collection | ? | Blade: La maison de Chthon (2006) (TMDb: 32219)                      |
[2022-10-11 10:08:01,567] [builder.py:2243]           [INFO]     | Super-heroes Collection | ? | Elektra (2005) (TMDb: 9947)                                          |
[2022-10-11 10:08:01,608] [builder.py:2243]           [INFO]     | Super-heroes Collection | ? | Ghost Rider (2007) (TMDb: 1250)                                      |
[2022-10-11 10:08:01,658] [builder.py:2243]           [INFO]     | Super-heroes Collection | ? | Ghost Rider: Spirit of Vengeance (2011) (TMDb: 71676)                |
[2022-10-11 10:08:01,708] [builder.py:2243]           [INFO]     | Super-heroes Collection | ? | Chapeau melon et Bottes de cuir (1998) (TMDb: 9320)                  |
[2022-10-11 10:08:01,733] [builder.py:2243]           [INFO]     | Super-heroes Collection | ? | Dr. Strange (1978) (TMDb: 50468)                                     |
[2022-10-11 10:08:01,758] [builder.py:2243]           [INFO]     | Super-heroes Collection | ? | Man-Thing (2005) (TMDb: 18882)                                       |
[2022-10-11 10:08:01,783] [builder.py:2243]           [INFO]     | Super-heroes Collection | ? | Catwoman (2004) (TMDb: 314)                                          |
[2022-10-11 10:08:01,808] [builder.py:2243]           [INFO]     | Super-heroes Collection | ? | The Crow (1994) (TMDb: 9495)                                         |
[2022-10-11 10:08:01,843] [builder.py:2243]           [INFO]     | Super-heroes Collection | ? | Green Lantern (2011) (TMDb: 44912)                                   |
[2022-10-11 10:08:01,860] [builder.py:2243]           [INFO]     | Super-heroes Collection | ? | Batman : Le film (1966) (TMDb: 2661)                                 |
[2022-10-11 10:08:01,910] [builder.py:2243]           [INFO]     | Super-heroes Collection | ? | Batman and Robin and Other Super Heroes (1989) (TMDb: 158186)        |
[2022-10-11 10:08:01,927] [builder.py:2243]           [INFO]     | Super-heroes Collection | ? | Ninja Turtles 2 (2016) (TMDb: 308531)                                |
[2022-10-11 10:08:01,977] [builder.py:2243]           [INFO]     | Super-heroes Collection | ? | Suicide Squad (2016) (TMDb: 297761)                                  |
[2022-10-11 10:08:02,045] [builder.py:2243]           [INFO]     | Super-heroes Collection | ? | Fantastic Beasts and Where to Find Them (2016) (TMDb: 259316)        |
[2022-10-11 10:08:02,068] [builder.py:2243]           [INFO]     | Super-heroes Collection | ? | Underworld: Blood Wars (2016) (TMDb: 346672)                         |
[2022-10-11 10:08:02,085] [builder.py:2243]           [INFO]     | Super-heroes Collection | ? | Tomb Raider (2018) (TMDb: 338970)                                    |
[2022-10-11 10:08:02,127] [builder.py:2243]           [INFO]     | Super-heroes Collection | ? | Fantastic Beasts: The Crimes of Grindelwald (2018) (TMDb: 338952)    |
[2022-10-11 10:08:02,144] [builder.py:2243]           [INFO]     | Super-heroes Collection | ? | Bumblebee (2018) (TMDb: 424783)                                      |
[2022-10-11 10:08:02,160] [builder.py:2243]           [INFO]     | Super-heroes Collection | ? | Guardians of the Galaxy (2014) (TMDb: 118340)                        |
[2022-10-11 10:08:02,202] [builder.py:2243]           [INFO]     | Super-heroes Collection | ? | Fantastic Four: Rise of the Silver Surfer (2007) (TMDb: 1979)        |
[2022-10-11 10:08:02,219] [builder.py:2243]           [INFO]     | Super-heroes Collection | ? | Fantastic Four (2005) (TMDb: 9738)                                   |
[2022-10-11 10:08:02,253] [builder.py:2243]           [INFO]     | Super-heroes Collection | ? | Batman Returns (1992) (TMDb: 364)                                    |
[2022-10-11 10:08:02,270] [builder.py:2243]           [INFO]     | Super-heroes Collection | ? | Batman (1989) (TMDb: 268)                                            |
[2022-10-11 10:08:02,345] [builder.py:2243]           [INFO]     | Super-heroes Collection | ? | Blade (1998) (TMDb: 36647)                                           |
[2022-10-11 10:08:02,365] [builder.py:2243]           [INFO]     | Super-heroes Collection | ? | Hellboy II: The Golden Army (2008) (TMDb: 11253)                     |
[2022-10-11 10:08:02,382] [builder.py:2243]           [INFO]     | Super-heroes Collection | ? | Daredevil (2003) (TMDb: 9480)                                        |
[2022-10-11 10:08:02,407] [builder.py:2243]           [INFO]     | Super-heroes Collection | ? | Superman (1978) (TMDb: 1924)                                         |
[2022-10-11 10:08:02,440] [builder.py:2243]           [INFO]     | Super-heroes Collection | ? | Superman (1948) (TMDb: 126712)                                       |
[2022-10-11 10:08:02,461] [builder.py:2243]           [INFO]     | Super-heroes Collection | ? | Superman Returns (2006) (TMDb: 1452)                                 |
[2022-10-11 10:08:02,494] [builder.py:2243]           [INFO]     | Super-heroes Collection | ? | Superman III (1983) (TMDb: 9531)                                     |
[2022-10-11 10:08:02,512] [builder.py:2243]           [INFO]     | Super-heroes Collection | ? | Superman II (1980) (TMDb: 8536)                                      |
[2022-10-11 10:08:02,543] [builder.py:2243]           [INFO]     | Super-heroes Collection | ? | The Punisher (2004) (TMDb: 7220)                                     |
[2022-10-11 10:08:02,570] [builder.py:2243]           [INFO]     | Super-heroes Collection | ? | Punisher (1989) (TMDb: 8867)                                         |
[2022-10-11 10:08:02,598] [builder.py:2243]           [INFO]     | Super-heroes Collection | ? | Punisher : Zone de guerre (2008) (TMDb: 13056)                       |
[2022-10-11 10:08:02,632] [builder.py:2243]           [INFO]     | Super-heroes Collection | ? | The Punisher: Dirty Laundry (2012) (TMDb: 120605)                    |
[2022-10-11 10:08:02,653] [builder.py:2243]           [INFO]     | Super-heroes Collection | ? | Bloodshot (2020) (TMDb: 338762)                                      |
[2022-10-11 10:08:02,686] [builder.py:2243]           [INFO]     | Super-heroes Collection | ? | Captain Marvel (2019) (TMDb: 299537)                                 |
[2022-10-11 10:08:02,712] [builder.py:2243]           [INFO]     | Super-heroes Collection | ? | Black Widow (2021) (TMDb: 497698)                                    |
[2022-10-11 10:08:02,713] [builder.py:2248]           [INFO]     |                                                                                                    |
[2022-10-11 10:08:02,713] [builder.py:2249]           [INFO]     | 146 Movies Missing                                                                                 |
[2022-10-11 10:08:03,986] [plex.py:711]               [DEBUG]    | Smart Collection Test: ?type=1&sort=audienceRating%3Adesc&label=216343                             |
[2022-10-11 10:08:04,031] [builder.py:2441]           [INFO]     |                                                                                                    |
[2022-10-11 10:08:04,032] [builder.py:2442]           [INFO]     |=========================== Updating Details of Super-heroes Collection ============================|
[2022-10-11 10:08:04,032] [builder.py:2443]           [INFO]     |                                                                                                    |
[2022-10-11 10:08:04,308] [builder.py:2509]           [INFO]     | Collection Metadata Edits                                                                          |
                                                                 | Summary (summary) | SuperHeroes movies       
                                                                 | Sort Title | +3_Super-heroes
                                                                 | Label | +PMM
[2022-10-11 10:08:04,586] [builder.py:2513]           [INFO]     | Details: have been updated
[2022-10-11 10:08:04,586] [builder.py:2517]           [INFO]     | 
[2022-10-11 10:08:04,587] [builder.py:2580]           [WARNING]  | Asset Warning: Unable to find asset folder: 'Super-heroes'
[2022-10-11 10:08:04,587] [util.py:150]               [DEBUG]    | 1 poster found:
[2022-10-11 10:08:04,587] [util.py:152]               [DEBUG]    | Method: url_poster Poster: https://raw.githubusercontent.com/MonsieurZed/poster/main/img/GENRE_SUPE.png
[2022-10-11 10:08:04,624] [library.py:170]            [INFO]     | Detail: url_poster updated poster to [URL] https://raw.githubusercontent.com/MonsieurZed/poster/main/img/GENRE_SUPE.png
[2022-10-11 10:08:04,662] [plex_meta_manager.py:708]  [INFO]     | 
[2022-10-11 10:08:04,662] [plex_meta_manager.py:709]  [INFO]     |====================================================================================================|
[2022-10-11 10:08:04,662] [plex_meta_manager.py:709]  [INFO]     |                                  Finished Super-heroes Collection                                  |
[2022-10-11 10:08:04,662] [plex_meta_manager.py:709]  [INFO]     |                                    Collection Run Time: 0:00:09                                    |
[2022-10-11 10:08:04,662] [plex_meta_manager.py:709]  [INFO]     |====================================================================================================|
