[2022-10-08 13:04:26,864] [builder.py:197]            [INFO]     |====================================================================================================|
[2022-10-08 13:04:26,864] [builder.py:197]            [INFO]     |                               The Batman Collection in Z. 1 - Films                                |
[2022-10-08 13:04:26,865] [builder.py:197]            [INFO]     |====================================================================================================|
[2022-10-08 13:04:26,865] [builder.py:198]            [INFO]     |                                                                                                    |
[2022-10-08 13:04:26,865] [builder.py:203]            [INFO]     |================================ Building Definition From Templates ================================|
[2022-10-08 13:04:26,865] [builder.py:211]            [DEBUG]    |                                                                                                    |
[2022-10-08 13:04:26,865] [meta.py:128]               [DEBUG]    | Template TMDb Collections                                                                          |
[2022-10-08 13:04:26,865] [meta.py:129]               [DEBUG]    | Call: {'value': ['948485'], 'tmdb_collection': ['948485'], 'key_name': 'The Batman', 'key': '948485', 'name': 'TMDb Collections'} |
[2022-10-08 13:04:26,866] [meta.py:304]               [DEBUG]    |                                                                                                    |
[2022-10-08 13:04:26,866] [meta.py:305]               [DEBUG]    | Variables: {'value': ['948485'], 'tmdb_collection': ['948485'], 'key_name': 'The Batman', 'key': '948485', 'name': 'TMDb Collections', 'collection_name': 'The Batman', 'mapping_name': 'The Batman', 'library_type': 'movie', 'library_name': 'Z. 1 - Films', 'value_encoded': '%5B%27948485%27%5D', 'tmdb_collection_encoded': '%5B%27948485%27%5D', 'key_name_encoded': 'The%20Batman', 'key_encoded': '948485', 'name_encoded': 'TMDb%20Collections', 'collection_name_encoded': 'The%20Batman', 'mapping_name_encoded': 'The%20Batman', 'library_type_encoded': 'movie', 'library_name_encoded': 'Z.%201%20-%20Films', 'collection_sort': 'The Batman'} |
[2022-10-08 13:04:26,866] [meta.py:306]               [DEBUG]    |                                                                                                    |
[2022-10-08 13:04:26,866] [meta.py:307]               [DEBUG]    | Defaults: {}                                                                                       |
[2022-10-08 13:04:26,866] [meta.py:308]               [DEBUG]    |                                                                                                    |
[2022-10-08 13:04:26,866] [meta.py:309]               [DEBUG]    | Optional: []                                                                                       |
[2022-10-08 13:04:26,867] [meta.py:370]               [DEBUG]    |                                                                                                    |
[2022-10-08 13:04:26,867] [meta.py:371]               [DEBUG]    | Final Template Attributes: {'tmdb_collection_details': ['948485'], 'minimum_items': 2}             |
[2022-10-08 13:04:26,867] [meta.py:372]               [DEBUG]    |                                                                                                    |
[2022-10-08 13:04:26,867] [builder.py:219]            [INFO]     |================================= Validating The Batman Attributes =================================|
[2022-10-08 13:04:26,867] [builder.py:627]            [DEBUG]    |                                                                                                    |
[2022-10-08 13:04:26,867] [builder.py:631]            [DEBUG]    | Validating Method: label                                                                           |
[2022-10-08 13:04:26,867] [builder.py:632]            [DEBUG]    | Value: TMDb Collections                                                                            |
[2022-10-08 13:04:26,868] [builder.py:627]            [DEBUG]    |                                                                                                    |
[2022-10-08 13:04:26,868] [builder.py:631]            [DEBUG]    | Validating Method: tmdb_collection_details                                                         |
[2022-10-08 13:04:26,868] [builder.py:632]            [DEBUG]    | Value: ['948485']                                                                                  |
[2022-10-08 13:04:26,881] [builder.py:627]            [DEBUG]    |                                                                                                    |
[2022-10-08 13:04:26,882] [builder.py:631]            [DEBUG]    | Validating Method: minimum_items                                                                   |
[2022-10-08 13:04:26,882] [builder.py:632]            [DEBUG]    | Value: 2                                                                                           |
[2022-10-08 13:04:26,890] [plex.py:790]               [DEBUG]    |                                                                                                    |
[2022-10-08 13:04:26,891] [plex.py:793]               [DEBUG]    | Looking for: The Batman                                                                            |
[2022-10-08 13:04:26,891] [builder.py:797]            [INFO]     |                                                                                                    |
[2022-10-08 13:04:26,891] [builder.py:798]            [INFO]     | Validation Successful                                                                              |
[2022-10-08 13:04:26,891] [plex_meta_manager.py:561]  [INFO]     |                                                                                                    |
[2022-10-08 13:04:26,892] [plex_meta_manager.py:563]  [INFO]     |================================== Running The Batman Collection ===================================|
[2022-10-08 13:04:26,892] [plex_meta_manager.py:575]  [INFO]     |                                                                                                    |
[2022-10-08 13:04:26,892] [plex_meta_manager.py:576]  [INFO]     | Sync Mode: append                                                                                  |
[2022-10-08 13:04:26,892] [plex_meta_manager.py:579]  [DEBUG]    |                                                                                                    |
[2022-10-08 13:04:26,892] [plex_meta_manager.py:580]  [DEBUG]    | Builder: tmdb_collection: 948485                                                                   |
[2022-10-08 13:04:26,892] [plex_meta_manager.py:581]  [INFO]     |                                                                                                    |
[2022-10-08 13:04:26,898] [tmdb.py:382]               [INFO]     | Processing TMDb Collection: (948485) The Batman Collection (2 Items)                               |
[2022-10-08 13:04:26,898] [builder.py:1540]           [DEBUG]    |                                                                                                    |
[2022-10-08 13:04:26,898] [builder.py:1541]           [DEBUG]    | 2 IDs Found: [(414906, 'tmdb'), (806704, 'tmdb')]                                                  |
[2022-10-08 13:04:26,898] [builder.py:1542]           [DEBUG]    |                                                                                                    |
[2022-10-08 13:04:26,898] [builder.py:2228]           [INFO]     |                                                                                                    |
[2022-10-08 13:04:26,899] [builder.py:2229]           [INFO]     |============================ Missing Movies from Library: Z. 1 - Films =============================|
[2022-10-08 13:04:26,899] [builder.py:2230]           [INFO]     |                                                                                                    |
[2022-10-08 13:04:26,916] [builder.py:2243]           [INFO]     | The Batman Collection | ? | The Batman 2 (TMDb: 806704)                                            |
[2022-10-08 13:04:26,916] [builder.py:2248]           [INFO]     |                                                                                                    |
[2022-10-08 13:04:26,916] [builder.py:2249]           [INFO]     | 1 Movie Missing                                                                                    |
[2022-10-08 13:04:26,933] [plex_meta_manager.py:624]  [INFO]     |                                                                                                    |
[2022-10-08 13:04:26,933] [plex_meta_manager.py:625]  [INFO]     | Collection Minimum: 2 not met for The Batman Collection                                            |
[2022-10-08 13:04:26,933] [plex_meta_manager.py:708]  [INFO]     |                                                                                                    |
[2022-10-08 13:04:26,934] [plex_meta_manager.py:709]  [INFO]     |====================================================================================================|
[2022-10-08 13:04:26,934] [plex_meta_manager.py:709]  [INFO]     |                                   Finished The Batman Collection                                   |
[2022-10-08 13:04:26,934] [plex_meta_manager.py:709]  [INFO]     |                                    Collection Run Time: 0:00:00                                    |
[2022-10-08 13:04:26,934] [plex_meta_manager.py:709]  [INFO]     |====================================================================================================|
