[2022-10-11 11:18:45,214] [builder.py:200]            [INFO]     |====================================================================================================|
[2022-10-11 11:18:45,214] [builder.py:200]            [INFO]     |                          Fast and the Furious Collection in Z. 1 - Films                           |
[2022-10-11 11:18:45,214] [builder.py:200]            [INFO]     |====================================================================================================|
[2022-10-11 11:18:45,214] [builder.py:201]            [INFO]     |                                                                                                    |
[2022-10-11 11:18:45,215] [builder.py:206]            [INFO]     |================================ Building Definition From Templates ================================|
[2022-10-11 11:18:45,215] [builder.py:222]            [DEBUG]    |                                                                                                    |
[2022-10-11 11:18:45,215] [meta.py:128]               [DEBUG]    | Template my_template                                                                               |
[2022-10-11 11:18:45,215] [meta.py:129]               [DEBUG]    | Call: {'value': ['9485'], 'tmdb_collection': ['9485'], 'key_name': 'Fast and the Furious', 'key': '9485', 'name': 'my_template'} |
[2022-10-11 11:18:45,215] [meta.py:304]               [DEBUG]    |                                                                                                    |
[2022-10-11 11:18:45,215] [meta.py:305]               [DEBUG]    | Variables: {'value': ['9485'], 'tmdb_collection': ['9485'], 'key_name': 'Fast and the Furious', 'key': '9485', 'name': 'my_template', 'collection_name': 'Fast and the Furious', 'mapping_name': 'Fast and the Furious', 'library_type': 'movie', 'library_name': 'Z. 1 - Films', 'value_encoded': '%5B%279485%27%5D', 'tmdb_collection_encoded': '%5B%279485%27%5D', 'key_name_encoded': 'Fast%20and%20the%20Furious', 'key_encoded': '9485', 'name_encoded': 'my_template', 'collection_name_encoded': 'Fast%20and%20the%20Furious', 'mapping_name_encoded': 'Fast%20and%20the%20Furious', 'library_type_encoded': 'movie', 'library_name_encoded': 'Z.%201%20-%20Films', 'collection_sort': 'Fast and the Furious'} |
[2022-10-11 11:18:45,216] [meta.py:306]               [DEBUG]    |                                                                                                    |
[2022-10-11 11:18:45,216] [meta.py:307]               [DEBUG]    | Defaults: {}                                                                                       |
[2022-10-11 11:18:45,216] [meta.py:308]               [DEBUG]    |                                                                                                    |
[2022-10-11 11:18:45,216] [meta.py:309]               [DEBUG]    | Optional: ['my_collection_poster', 'my_collection_poster_encoded']                                 |
[2022-10-11 11:18:45,217] [meta.py:370]               [DEBUG]    |                                                                                                    |
[2022-10-11 11:18:45,217] [meta.py:371]               [DEBUG]    | Final Template Attributes: {'tmdb_collection_details': ['9485'], 'collection_order': 'release', 'collection_mode': 'hide_items', 'sort_title': '+C1_Fast and the Furious'} |
[2022-10-11 11:18:45,217] [meta.py:372]               [DEBUG]    |                                                                                                    |
[2022-10-11 11:18:45,217] [builder.py:230]            [INFO]     |============================ Validating Fast and the Furious Attributes ============================|
[2022-10-11 11:18:45,217] [builder.py:620]            [DEBUG]    |                                                                                                    |
[2022-10-11 11:18:45,218] [builder.py:621]            [DEBUG]    | Validating Method: collection_order                                                                |
[2022-10-11 11:18:45,218] [builder.py:622]            [DEBUG]    | Value: release                                                                                     |
[2022-10-11 11:18:45,218] [builder.py:653]            [DEBUG]    |                                                                                                    |
[2022-10-11 11:18:45,218] [builder.py:657]            [DEBUG]    | Validating Method: label                                                                           |
[2022-10-11 11:18:45,218] [builder.py:658]            [DEBUG]    | Value: TMDb Collections                                                                            |
[2022-10-11 11:18:45,218] [builder.py:653]            [DEBUG]    |                                                                                                    |
[2022-10-11 11:18:45,218] [builder.py:657]            [DEBUG]    | Validating Method: tmdb_collection_details                                                         |
[2022-10-11 11:18:45,218] [builder.py:658]            [DEBUG]    | Value: ['9485']                                                                                    |
[2022-10-11 11:18:45,239] [builder.py:653]            [DEBUG]    |                                                                                                    |
[2022-10-11 11:18:45,240] [builder.py:657]            [DEBUG]    | Validating Method: collection_mode                                                                 |
[2022-10-11 11:18:45,240] [builder.py:658]            [DEBUG]    | Value: hide_items                                                                                  |
[2022-10-11 11:18:45,240] [builder.py:653]            [DEBUG]    |                                                                                                    |
[2022-10-11 11:18:45,240] [builder.py:657]            [DEBUG]    | Validating Method: sort_title                                                                      |
[2022-10-11 11:18:45,240] [builder.py:658]            [DEBUG]    | Value: +C1_Fast and the Furious                                                                    |
[2022-10-11 11:18:45,465] [builder.py:823]            [INFO]     |                                                                                                    |
[2022-10-11 11:18:45,466] [builder.py:824]            [INFO]     | Validation Successful                                                                              |
[2022-10-11 11:18:45,466] [plex_meta_manager.py:561]  [INFO]     |                                                                                                    |
[2022-10-11 11:18:45,466] [plex_meta_manager.py:563]  [INFO]     |============================= Running Fast and the Furious Collection ==============================|
[2022-10-11 11:18:45,466] [plex_meta_manager.py:575]  [INFO]     |                                                                                                    |
[2022-10-11 11:18:45,466] [plex_meta_manager.py:576]  [INFO]     | Sync Mode: append                                                                                  |
[2022-10-11 11:18:45,466] [plex_meta_manager.py:579]  [DEBUG]    |                                                                                                    |
[2022-10-11 11:18:45,467] [plex_meta_manager.py:580]  [DEBUG]    | Builder: tmdb_collection: 9485                                                                     |
[2022-10-11 11:18:45,467] [plex_meta_manager.py:581]  [INFO]     |                                                                                                    |
[2022-10-11 11:18:45,475] [tmdb.py:381]               [INFO]     | Processing TMDb Collection: (9485) Fast & Furious - Saga (10 Items)                                |
[2022-10-11 11:18:45,475] [builder.py:1581]           [DEBUG]    |                                                                                                    |
[2022-10-11 11:18:45,476] [builder.py:1582]           [DEBUG]    | 10 IDs Found: [(584, 'tmdb'), (9615, 'tmdb'), (9799, 'tmdb'), (51497, 'tmdb'), (82992, 'tmdb'), (168259, 'tmdb'), (13804, 'tmdb'), (337339, 'tmdb'), (385687, 'tmdb'), (385128, 'tmdb')] |
[2022-10-11 11:18:45,476] [builder.py:1583]           [DEBUG]    |                                                                                                    |
[2022-10-11 11:18:45,476] [builder.py:2132]           [INFO]     |                                                                                                    |
[2022-10-11 11:18:45,476] [builder.py:2133]           [INFO]     |============================ Adding to Fast and the Furious Collection =============================|
[2022-10-11 11:18:45,477] [builder.py:2134]           [INFO]     |                                                                                                    |
[2022-10-11 11:18:45,477] [builder.py:2148]           [INFO]     | 1/9 | Fast and the Furious Collection | = | Fast & Furious 2 : 2 Fast 2 Furious (2003)             |
[2022-10-11 11:18:45,477] [builder.py:2148]           [INFO]     | 2/9 | Fast and the Furious Collection | = | Fast & Furious 3 : Tokyo drift (2006)                  |
[2022-10-11 11:18:45,477] [builder.py:2148]           [INFO]     | 3/9 | Fast and the Furious Collection | = | Fast & Furious (2001)                                  |
[2022-10-11 11:18:45,477] [builder.py:2148]           [INFO]     | 4/9 | Fast and the Furious Collection | = | Fast & Furious 5 (2011)                                |
[2022-10-11 11:18:45,478] [builder.py:2148]           [INFO]     | 5/9 | Fast and the Furious Collection | = | Fast & Furious 6 (2013)                                |
[2022-10-11 11:18:45,478] [builder.py:2148]           [INFO]     | 6/9 | Fast and the Furious Collection | = | Fast & Furious 7 (2015)                                |
[2022-10-11 11:18:45,478] [builder.py:2148]           [INFO]     | 7/9 | Fast and the Furious Collection | = | Fast & Furious 4 (2009)                                |
[2022-10-11 11:18:45,478] [builder.py:2148]           [INFO]     | 8/9 | Fast and the Furious Collection | = | Fast & Furious 8 (2017)                                |
[2022-10-11 11:18:45,478] [builder.py:2148]           [INFO]     | 9/9 | Fast and the Furious Collection | = | Fast & Furious 9 (2021)                                |
[2022-10-11 11:18:45,479] [builder.py:2168]           [INFO]     |                                                                                                    |
[2022-10-11 11:18:45,479] [builder.py:2170]           [INFO]     | 9 Movies Processed 0 Movies Added                                                                  |
[2022-10-11 11:18:45,479] [builder.py:2300]           [INFO]     |                                                                                                    |
[2022-10-11 11:18:45,479] [builder.py:2301]           [INFO]     |============================ Missing Movies from Library: Z. 1 - Films =============================|
[2022-10-11 11:18:45,479] [builder.py:2302]           [INFO]     |                                                                                                    |
[2022-10-11 11:18:45,500] [builder.py:2315]           [INFO]     | Fast and the Furious Collection | ? | Fast X (2023) (TMDb: 385687)                                 |
[2022-10-11 11:18:45,500] [builder.py:2320]           [INFO]     |                                                                                                    |
[2022-10-11 11:18:45,500] [builder.py:2321]           [INFO]     | 1 Movie Missing                                                                                    |
[2022-10-11 11:18:45,540] [builder.py:2521]           [INFO]     |                                                                                                    |
[2022-10-11 11:18:45,540] [builder.py:2522]           [INFO]     |======================= Updating Details of Fast and the Furious Collection ========================|
[2022-10-11 11:18:45,541] [builder.py:2523]           [INFO]     |                                                                                                    |
[2022-10-11 11:18:45,550] [builder.py:2589]           [INFO]     | Collection Metadata Edits                                                                          |
[2022-10-11 11:18:45,550] [builder.py:2660]           [WARNING]  | Asset Warning: Unable to find asset folder: 'Fast and the Furious'                                 |
[2022-10-11 11:18:45,550] [util.py:171]               [DEBUG]    | 1 poster found:                                                                                    |
[2022-10-11 11:18:45,551] [util.py:173]               [DEBUG]    | Method: tmdb_collection_details Poster: https://image.tmdb.org/t/p/original/pbaRxkvGXtC0GFTYxMgEyFGw9RP.jpg |
[2022-10-11 11:18:45,551] [util.py:171]               [DEBUG]    | 1 background found:                                                                                |
[2022-10-11 11:18:45,551] [util.py:173]               [DEBUG]    | Method: tmdb_collection_details Background: https://image.tmdb.org/t/p/original/gC9BUFiROWtaMsluGYziZ6lR4OJ.jpg |
[2022-10-11 11:18:45,552] [library.py:173]            [INFO]     | Detail: poster update not needed                                                                   |
[2022-10-11 11:18:45,553] [library.py:189]            [INFO]     | Detail: background update not needed                                                               |
[2022-10-11 11:18:45,779] [plex_meta_manager.py:708]  [INFO]     |                                                                                                    |
[2022-10-11 11:18:45,779] [plex_meta_manager.py:709]  [INFO]     |====================================================================================================|
[2022-10-11 11:18:45,779] [plex_meta_manager.py:709]  [INFO]     |                              Finished Fast and the Furious Collection                              |
[2022-10-11 11:18:45,779] [plex_meta_manager.py:709]  [INFO]     |                                    Collection Run Time: 0:00:00                                    |
[2022-10-11 11:18:45,780] [plex_meta_manager.py:709]  [INFO]     |====================================================================================================|
