[2022-10-11 09:14:32,621] [builder.py:197]            [INFO]     |====================================================================================================|
[2022-10-11 09:14:32,621] [builder.py:197]            [INFO]     |                        Spanish Apartment Trilogy Collection in Z. 1 - Films                        |
[2022-10-11 09:14:32,621] [builder.py:197]            [INFO]     |====================================================================================================|
[2022-10-11 09:14:32,621] [builder.py:198]            [INFO]     |                                                                                                    |
[2022-10-11 09:14:32,621] [builder.py:203]            [INFO]     |================================ Building Definition From Templates ================================|
[2022-10-11 09:14:32,621] [builder.py:211]            [DEBUG]    |                                                                                                    |
[2022-10-11 09:14:32,622] [meta.py:128]               [DEBUG]    | Template my_template                                                                               |
[2022-10-11 09:14:32,622] [meta.py:129]               [DEBUG]    | Call: {'value': ['239766'], 'tmdb_collection': ['239766'], 'key_name': 'Spanish Apartment Trilogy', 'key': '239766', 'name': 'my_template'} |
[2022-10-11 09:14:32,622] [meta.py:304]               [DEBUG]    |                                                                                                    |
[2022-10-11 09:14:32,622] [meta.py:305]               [DEBUG]    | Variables: {'value': ['239766'], 'tmdb_collection': ['239766'], 'key_name': 'Spanish Apartment Trilogy', 'key': '239766', 'name': 'my_template', 'collection_name': 'Spanish Apartment Trilogy', 'mapping_name': 'Spanish Apartment Trilogy', 'library_type': 'movie', 'library_name': 'Z. 1 - Films', 'value_encoded': '%5B%27239766%27%5D', 'tmdb_collection_encoded': '%5B%27239766%27%5D', 'key_name_encoded': 'Spanish%20Apartment%20Trilogy', 'key_encoded': '239766', 'name_encoded': 'my_template', 'collection_name_encoded': 'Spanish%20Apartment%20Trilogy', 'mapping_name_encoded': 'Spanish%20Apartment%20Trilogy', 'library_type_encoded': 'movie', 'library_name_encoded': 'Z.%201%20-%20Films', 'collection_sort': 'Spanish Apartment Trilogy'} |
[2022-10-11 09:14:32,622] [meta.py:306]               [DEBUG]    |                                                                                                    |
[2022-10-11 09:14:32,622] [meta.py:307]               [DEBUG]    | Defaults: {}                                                                                       |
[2022-10-11 09:14:32,623] [meta.py:308]               [DEBUG]    |                                                                                                    |
[2022-10-11 09:14:32,623] [meta.py:309]               [DEBUG]    | Optional: ['my_collection_poster', 'my_collection_poster_encoded']                                 |
[2022-10-11 09:14:32,623] [meta.py:370]               [DEBUG]    |                                                                                                    |
[2022-10-11 09:14:32,623] [meta.py:371]               [DEBUG]    | Final Template Attributes: {'tmdb_collection_details': ['239766'], 'collection_order': 'release', 'collection_mode': 'hide_items'} |
[2022-10-11 09:14:32,624] [meta.py:372]               [DEBUG]    |                                                                                                    |
[2022-10-11 09:14:32,624] [builder.py:219]            [INFO]     |========================= Validating Spanish Apartment Trilogy Attributes ==========================|
[2022-10-11 09:14:32,624] [builder.py:609]            [DEBUG]    |                                                                                                    |
[2022-10-11 09:14:32,624] [builder.py:610]            [DEBUG]    | Validating Method: collection_order                                                                |
[2022-10-11 09:14:32,624] [builder.py:611]            [DEBUG]    | Value: release                                                                                     |
[2022-10-11 09:14:32,624] [builder.py:627]            [DEBUG]    |                                                                                                    |
[2022-10-11 09:14:32,625] [builder.py:631]            [DEBUG]    | Validating Method: label                                                                           |
[2022-10-11 09:14:32,625] [builder.py:632]            [DEBUG]    | Value: TMDb Collections                                                                            |
[2022-10-11 09:14:32,625] [builder.py:627]            [DEBUG]    |                                                                                                    |
[2022-10-11 09:14:32,625] [builder.py:631]            [DEBUG]    | Validating Method: tmdb_collection_details                                                         |
[2022-10-11 09:14:32,625] [builder.py:632]            [DEBUG]    | Value: ['239766']                                                                                  |
[2022-10-11 09:14:32,637] [builder.py:627]            [DEBUG]    |                                                                                                    |
[2022-10-11 09:14:32,637] [builder.py:631]            [DEBUG]    | Validating Method: collection_mode                                                                 |
[2022-10-11 09:14:32,637] [builder.py:632]            [DEBUG]    | Value: hide_items                                                                                  |
[2022-10-11 09:14:32,642] [plex.py:790]               [DEBUG]    |                                                                                                    |
[2022-10-11 09:14:32,642] [plex.py:793]               [DEBUG]    | Looking for: Spanish Apartment Trilogy                                                             |
[2022-10-11 09:14:32,643] [builder.py:797]            [INFO]     |                                                                                                    |
[2022-10-11 09:14:32,643] [builder.py:798]            [INFO]     | Validation Successful                                                                              |
[2022-10-11 09:14:32,643] [plex_meta_manager.py:561]  [INFO]     |                                                                                                    |
[2022-10-11 09:14:32,643] [plex_meta_manager.py:563]  [INFO]     |=========================== Running Spanish Apartment Trilogy Collection ===========================|
[2022-10-11 09:14:32,643] [plex_meta_manager.py:575]  [INFO]     |                                                                                                    |
[2022-10-11 09:14:32,644] [plex_meta_manager.py:576]  [INFO]     | Sync Mode: append                                                                                  |
[2022-10-11 09:14:32,644] [plex_meta_manager.py:579]  [DEBUG]    |                                                                                                    |
[2022-10-11 09:14:32,644] [plex_meta_manager.py:580]  [DEBUG]    | Builder: tmdb_collection: 239766                                                                   |
[2022-10-11 09:14:32,644] [plex_meta_manager.py:581]  [INFO]     |                                                                                                    |
[2022-10-11 09:14:32,649] [tmdb.py:382]               [INFO]     | Processing TMDb Collection: (239766) La Trilogie Klapisch - Saga (3 Items)                         |
[2022-10-11 09:14:32,649] [builder.py:1540]           [DEBUG]    |                                                                                                    |
[2022-10-11 09:14:32,649] [builder.py:1541]           [DEBUG]    | 3 IDs Found: [(1555, 'tmdb'), (1826, 'tmdb'), (206408, 'tmdb')]                                    |
[2022-10-11 09:14:32,649] [builder.py:1542]           [DEBUG]    |                                                                                                    |
[2022-10-11 09:14:32,649] [builder.py:2064]           [INFO]     |                                                                                                    |
[2022-10-11 09:14:32,650] [builder.py:2065]           [INFO]     |========================== Adding to Spanish Apartment Trilogy Collection ==========================|
[2022-10-11 09:14:32,650] [builder.py:2066]           [INFO]     |                                                                                                    |
[2022-10-11 09:14:32,650] [builder.py:2080]           [INFO]     | 1/3 | Spanish Apartment Trilogy Collection | + | L'auberge espagnole (2002)                        |
[2022-10-11 09:14:32,886] [builder.py:2080]           [INFO]     | 2/3 | Spanish Apartment Trilogy Collection | + | Les poupées russes (2005)                         |
[2022-10-11 09:14:33,145] [builder.py:2080]           [INFO]     | 3/3 | Spanish Apartment Trilogy Collection | + | Casse-tête chinois (2013)                         |
[2022-10-11 09:14:35,789] [builder.py:2100]           [INFO]     |                                                                                                    |
[2022-10-11 09:14:35,790] [builder.py:2102]           [INFO]     | 3 Movies Processed 3 Movies Added                                                                  |
[2022-10-11 09:14:35,797] [builder.py:2441]           [INFO]     |                                                                                                    |
[2022-10-11 09:14:35,797] [builder.py:2442]           [INFO]     |===================== Updating Details of Spanish Apartment Trilogy Collection =====================|
[2022-10-11 09:14:35,797] [builder.py:2443]           [INFO]     |                                                                                                    |
[2022-10-11 09:14:35,972] [builder.py:2509]           [INFO]     | Collection Metadata Edits                                                                          |
                                                                 | Summary (tmdb_collection_details) | Suivez Xavier au long des différentes étapes de sa vie, depuis son année étudiante à Barcelone jusqu'à ses débuts dans la vie active, le menant de Paris à Londres en passant par Saint-Petersbourg, avant de le retrouver installé et père en route pour New York.
                                                                 | Label | +TMDb Collections, +PMM
[2022-10-11 09:14:36,165] [builder.py:2513]           [INFO]     | Details: have been updated
[2022-10-11 09:14:36,166] [builder.py:2517]           [INFO]     | 
[2022-10-11 09:14:36,348] [builder.py:2529]           [INFO]     | Collection Mode | hideItems
[2022-10-11 09:14:36,348] [builder.py:2580]           [WARNING]  | Asset Warning: Unable to find asset folder: 'Spanish Apartment Trilogy'
[2022-10-11 09:14:36,349] [util.py:150]               [DEBUG]    | 1 poster found:
[2022-10-11 09:14:36,349] [util.py:152]               [DEBUG]    | Method: tmdb_collection_details Poster: https://image.tmdb.org/t/p/original/zlv6rK93uJQX2S0uLRzodjXWeqO.jpg
[2022-10-11 09:14:36,349] [util.py:150]               [DEBUG]    | 1 background found:
[2022-10-11 09:14:36,349] [util.py:152]               [DEBUG]    | Method: tmdb_collection_details Background: https://image.tmdb.org/t/p/original/p7g6oUYWhKS1TmLo4xBMnDNcsGh.jpg
[2022-10-11 09:14:36,378] [library.py:170]            [INFO]     | Detail: tmdb_collection_details updated poster to [URL] https://image.tmdb.org/t/p/original/zlv6rK93uJQX2S0uLRzodjXWeqO.jpg
[2022-10-11 09:14:36,401] [library.py:186]            [INFO]     | Detail: tmdb_collection_details updated background to [URL] https://image.tmdb.org/t/p/original/p7g6oUYWhKS1TmLo4xBMnDNcsGh.jpg
[2022-10-11 09:14:36,663] [plex_meta_manager.py:708]  [INFO]     | 
[2022-10-11 09:14:36,663] [plex_meta_manager.py:709]  [INFO]     |====================================================================================================|
[2022-10-11 09:14:36,663] [plex_meta_manager.py:709]  [INFO]     |                           Finished Spanish Apartment Trilogy Collection                            |
[2022-10-11 09:14:36,664] [plex_meta_manager.py:709]  [INFO]     |                                    Collection Run Time: 0:00:04                                    |
[2022-10-11 09:14:36,664] [plex_meta_manager.py:709]  [INFO]     |====================================================================================================|
