[2022-10-11 11:01:23,085] [builder.py:197]            [INFO]     |====================================================================================================|
[2022-10-11 11:01:23,085] [builder.py:197]            [INFO]     |                        Clint Eastwood's Iwo Jima Collection in Z. 1 - Films                        |
[2022-10-11 11:01:23,085] [builder.py:197]            [INFO]     |====================================================================================================|
[2022-10-11 11:01:23,085] [builder.py:198]            [INFO]     |                                                                                                    |
[2022-10-11 11:01:23,086] [builder.py:203]            [INFO]     |================================ Building Definition From Templates ================================|
[2022-10-11 11:01:23,086] [builder.py:211]            [DEBUG]    |                                                                                                    |
[2022-10-11 11:01:23,086] [meta.py:128]               [DEBUG]    | Template my_template                                                                               |
[2022-10-11 11:01:23,086] [meta.py:129]               [DEBUG]    | Call: {'value': ['261382'], 'tmdb_collection': ['261382'], 'key_name': "Clint Eastwood's Iwo Jima", 'key': '261382', 'name': 'my_template'} |
[2022-10-11 11:01:23,086] [meta.py:304]               [DEBUG]    |                                                                                                    |
[2022-10-11 11:01:23,086] [meta.py:305]               [DEBUG]    | Variables: {'value': ['261382'], 'tmdb_collection': ['261382'], 'key_name': "Clint Eastwood's Iwo Jima", 'key': '261382', 'name': 'my_template', 'collection_name': "Clint Eastwood's Iwo Jima", 'mapping_name': "Clint Eastwood's Iwo Jima", 'library_type': 'movie', 'library_name': 'Z. 1 - Films', 'value_encoded': '%5B%27261382%27%5D', 'tmdb_collection_encoded': '%5B%27261382%27%5D', 'key_name_encoded': 'Clint%20Eastwood%27s%20Iwo%20Jima', 'key_encoded': '261382', 'name_encoded': 'my_template', 'collection_name_encoded': 'Clint%20Eastwood%27s%20Iwo%20Jima', 'mapping_name_encoded': 'Clint%20Eastwood%27s%20Iwo%20Jima', 'library_type_encoded': 'movie', 'library_name_encoded': 'Z.%201%20-%20Films', 'collection_sort': "Clint Eastwood's Iwo Jima"} |
[2022-10-11 11:01:23,086] [meta.py:306]               [DEBUG]    |                                                                                                    |
[2022-10-11 11:01:23,087] [meta.py:307]               [DEBUG]    | Defaults: {}                                                                                       |
[2022-10-11 11:01:23,087] [meta.py:308]               [DEBUG]    |                                                                                                    |
[2022-10-11 11:01:23,087] [meta.py:309]               [DEBUG]    | Optional: ['my_collection_poster', 'my_collection_poster_encoded']                                 |
[2022-10-11 11:01:23,088] [meta.py:370]               [DEBUG]    |                                                                                                    |
[2022-10-11 11:01:23,088] [meta.py:371]               [DEBUG]    | Final Template Attributes: {'tmdb_collection_details': ['261382'], 'collection_order': 'release', 'collection_mode': 'hide_items', 'sort_title': "+C1_Clint Eastwood's Iwo Jima"} |
[2022-10-11 11:01:23,088] [meta.py:372]               [DEBUG]    |                                                                                                    |
[2022-10-11 11:01:23,088] [builder.py:219]            [INFO]     |========================= Validating Clint Eastwood's Iwo Jima Attributes ==========================|
[2022-10-11 11:01:23,088] [builder.py:609]            [DEBUG]    |                                                                                                    |
[2022-10-11 11:01:23,088] [builder.py:610]            [DEBUG]    | Validating Method: collection_order                                                                |
[2022-10-11 11:01:23,089] [builder.py:611]            [DEBUG]    | Value: release                                                                                     |
[2022-10-11 11:01:23,089] [builder.py:627]            [DEBUG]    |                                                                                                    |
[2022-10-11 11:01:23,089] [builder.py:631]            [DEBUG]    | Validating Method: label                                                                           |
[2022-10-11 11:01:23,089] [builder.py:632]            [DEBUG]    | Value: TMDb Collections                                                                            |
[2022-10-11 11:01:23,089] [builder.py:627]            [DEBUG]    |                                                                                                    |
[2022-10-11 11:01:23,089] [builder.py:631]            [DEBUG]    | Validating Method: tmdb_collection_details                                                         |
[2022-10-11 11:01:23,089] [builder.py:632]            [DEBUG]    | Value: ['261382']                                                                                  |
[2022-10-11 11:01:23,102] [builder.py:627]            [DEBUG]    |                                                                                                    |
[2022-10-11 11:01:23,102] [builder.py:631]            [DEBUG]    | Validating Method: collection_mode                                                                 |
[2022-10-11 11:01:23,103] [builder.py:632]            [DEBUG]    | Value: hide_items                                                                                  |
[2022-10-11 11:01:23,103] [builder.py:627]            [DEBUG]    |                                                                                                    |
[2022-10-11 11:01:23,103] [builder.py:631]            [DEBUG]    | Validating Method: sort_title                                                                      |
[2022-10-11 11:01:23,103] [builder.py:632]            [DEBUG]    | Value: +C1_Clint Eastwood's Iwo Jima                                                               |
[2022-10-11 11:01:23,291] [builder.py:797]            [INFO]     |                                                                                                    |
[2022-10-11 11:01:23,291] [builder.py:798]            [INFO]     | Validation Successful                                                                              |
[2022-10-11 11:01:23,291] [plex_meta_manager.py:561]  [INFO]     |                                                                                                    |
[2022-10-11 11:01:23,291] [plex_meta_manager.py:563]  [INFO]     |=========================== Running Clint Eastwood's Iwo Jima Collection ===========================|
[2022-10-11 11:01:23,292] [plex_meta_manager.py:575]  [INFO]     |                                                                                                    |
[2022-10-11 11:01:23,292] [plex_meta_manager.py:576]  [INFO]     | Sync Mode: append                                                                                  |
[2022-10-11 11:01:23,292] [plex_meta_manager.py:579]  [DEBUG]    |                                                                                                    |
[2022-10-11 11:01:23,292] [plex_meta_manager.py:580]  [DEBUG]    | Builder: tmdb_collection: 261382                                                                   |
[2022-10-11 11:01:23,292] [plex_meta_manager.py:581]  [INFO]     |                                                                                                    |
[2022-10-11 11:01:23,297] [tmdb.py:382]               [INFO]     | Processing TMDb Collection: (261382) Iwo Jima - Saga (2 Items)                                     |
[2022-10-11 11:01:23,297] [builder.py:1540]           [DEBUG]    |                                                                                                    |
[2022-10-11 11:01:23,298] [builder.py:1541]           [DEBUG]    | 2 IDs Found: [(1251, 'tmdb'), (3683, 'tmdb')]                                                      |
[2022-10-11 11:01:23,298] [builder.py:1542]           [DEBUG]    |                                                                                                    |
[2022-10-11 11:01:23,298] [builder.py:2064]           [INFO]     |                                                                                                    |
[2022-10-11 11:01:23,298] [builder.py:2065]           [INFO]     |========================== Adding to Clint Eastwood's Iwo Jima Collection ==========================|
[2022-10-11 11:01:23,298] [builder.py:2066]           [INFO]     |                                                                                                    |
[2022-10-11 11:01:23,299] [builder.py:2080]           [INFO]     | 1/2 | Clint Eastwood's Iwo Jima Collection | = | Lettres d'Iwo Jima (2006)                         |
[2022-10-11 11:01:23,299] [builder.py:2080]           [INFO]     | 2/2 | Clint Eastwood's Iwo Jima Collection | = | Mémoires de nos pères (2006)                      |
[2022-10-11 11:01:23,299] [builder.py:2100]           [INFO]     |                                                                                                    |
[2022-10-11 11:01:23,299] [builder.py:2102]           [INFO]     | 2 Movies Processed 0 Movies Added                                                                  |
[2022-10-11 11:01:23,307] [builder.py:2441]           [INFO]     |                                                                                                    |
[2022-10-11 11:01:23,308] [builder.py:2442]           [INFO]     |===================== Updating Details of Clint Eastwood's Iwo Jima Collection =====================|
[2022-10-11 11:01:23,308] [builder.py:2443]           [INFO]     |                                                                                                    |
[2022-10-11 11:01:23,316] [builder.py:2509]           [INFO]     | Collection Metadata Edits                                                                          |
                                                                 | Sort Title | +C1_Clint Eastwood's Iwo Jima
[2022-10-11 11:01:23,486] [builder.py:2513]           [INFO]     | Details: have been updated
[2022-10-11 11:01:23,486] [builder.py:2517]           [INFO]     | 
[2022-10-11 11:01:23,486] [builder.py:2580]           [WARNING]  | Asset Warning: Unable to find asset folder: 'Clint Eastwood's Iwo Jima'
[2022-10-11 11:01:23,487] [util.py:150]               [DEBUG]    | 1 poster found:
[2022-10-11 11:01:23,487] [util.py:152]               [DEBUG]    | Method: tmdb_collection_details Poster: https://image.tmdb.org/t/p/original/rnRE6JGz9yjYUAbWIHYkGu9B8pj.jpg
[2022-10-11 11:01:23,487] [util.py:150]               [DEBUG]    | 1 background found:
[2022-10-11 11:01:23,488] [util.py:152]               [DEBUG]    | Method: tmdb_collection_details Background: https://image.tmdb.org/t/p/original/dIYpFavJ8vNCv9pefEabsUL1pDP.jpg
[2022-10-11 11:01:23,489] [library.py:172]            [INFO]     | Detail: poster update not needed
[2022-10-11 11:01:23,490] [library.py:188]            [INFO]     | Detail: background update not needed
[2022-10-11 11:01:23,725] [plex_meta_manager.py:708]  [INFO]     | 
[2022-10-11 11:01:23,725] [plex_meta_manager.py:709]  [INFO]     |====================================================================================================|
[2022-10-11 11:01:23,726] [plex_meta_manager.py:709]  [INFO]     |                           Finished Clint Eastwood's Iwo Jima Collection                            |
[2022-10-11 11:01:23,726] [plex_meta_manager.py:709]  [INFO]     |                                    Collection Run Time: 0:00:00                                    |
[2022-10-11 11:01:23,726] [plex_meta_manager.py:709]  [INFO]     |====================================================================================================|
