[2022-10-11 09:20:37,964] [builder.py:197]            [INFO]     |====================================================================================================|
[2022-10-11 09:20:37,964] [builder.py:197]            [INFO]     |                                  Mummy Collection in Z. 1 - Films                                  |
[2022-10-11 09:20:37,964] [builder.py:197]            [INFO]     |====================================================================================================|
[2022-10-11 09:20:37,965] [builder.py:198]            [INFO]     |                                                                                                    |
[2022-10-11 09:20:37,965] [builder.py:203]            [INFO]     |================================ Building Definition From Templates ================================|
[2022-10-11 09:20:37,965] [builder.py:211]            [DEBUG]    |                                                                                                    |
[2022-10-11 09:20:37,965] [meta.py:128]               [DEBUG]    | Template my_template                                                                               |
[2022-10-11 09:20:37,965] [meta.py:129]               [DEBUG]    | Call: {'value': ['1733'], 'tmdb_collection': ['1733'], 'key_name': 'Mummy', 'key': '1733', 'name': 'my_template'} |
[2022-10-11 09:20:37,966] [meta.py:304]               [DEBUG]    |                                                                                                    |
[2022-10-11 09:20:37,966] [meta.py:305]               [DEBUG]    | Variables: {'value': ['1733'], 'tmdb_collection': ['1733'], 'key_name': 'Mummy', 'key': '1733', 'name': 'my_template', 'collection_name': 'Mummy', 'mapping_name': 'Mummy', 'library_type': 'movie', 'library_name': 'Z. 1 - Films', 'value_encoded': '%5B%271733%27%5D', 'tmdb_collection_encoded': '%5B%271733%27%5D', 'key_name_encoded': 'Mummy', 'key_encoded': '1733', 'name_encoded': 'my_template', 'collection_name_encoded': 'Mummy', 'mapping_name_encoded': 'Mummy', 'library_type_encoded': 'movie', 'library_name_encoded': 'Z.%201%20-%20Films', 'collection_sort': 'Mummy'} |
[2022-10-11 09:20:37,966] [meta.py:306]               [DEBUG]    |                                                                                                    |
[2022-10-11 09:20:37,966] [meta.py:307]               [DEBUG]    | Defaults: {}                                                                                       |
[2022-10-11 09:20:37,966] [meta.py:308]               [DEBUG]    |                                                                                                    |
[2022-10-11 09:20:37,966] [meta.py:309]               [DEBUG]    | Optional: ['my_collection_poster', 'my_collection_poster_encoded']                                 |
[2022-10-11 09:20:37,967] [meta.py:370]               [DEBUG]    |                                                                                                    |
[2022-10-11 09:20:37,968] [meta.py:371]               [DEBUG]    | Final Template Attributes: {'tmdb_collection_details': ['1733'], 'collection_order': 'release', 'collection_mode': 'hide_items'} |
[2022-10-11 09:20:37,968] [meta.py:372]               [DEBUG]    |                                                                                                    |
[2022-10-11 09:20:37,968] [builder.py:219]            [INFO]     |=================================== Validating Mummy Attributes ====================================|
[2022-10-11 09:20:37,968] [builder.py:609]            [DEBUG]    |                                                                                                    |
[2022-10-11 09:20:37,968] [builder.py:610]            [DEBUG]    | Validating Method: collection_order                                                                |
[2022-10-11 09:20:37,969] [builder.py:611]            [DEBUG]    | Value: release                                                                                     |
[2022-10-11 09:20:37,969] [builder.py:627]            [DEBUG]    |                                                                                                    |
[2022-10-11 09:20:37,969] [builder.py:631]            [DEBUG]    | Validating Method: label                                                                           |
[2022-10-11 09:20:37,969] [builder.py:632]            [DEBUG]    | Value: TMDb Collections                                                                            |
[2022-10-11 09:20:37,969] [builder.py:627]            [DEBUG]    |                                                                                                    |
[2022-10-11 09:20:37,969] [builder.py:631]            [DEBUG]    | Validating Method: tmdb_collection_details                                                         |
[2022-10-11 09:20:37,970] [builder.py:632]            [DEBUG]    | Value: ['1733']                                                                                    |
[2022-10-11 09:20:37,981] [builder.py:627]            [DEBUG]    |                                                                                                    |
[2022-10-11 09:20:37,981] [builder.py:631]            [DEBUG]    | Validating Method: collection_mode                                                                 |
[2022-10-11 09:20:37,982] [builder.py:632]            [DEBUG]    | Value: hide_items                                                                                  |
[2022-10-11 09:20:37,988] [plex.py:790]               [DEBUG]    |                                                                                                    |
[2022-10-11 09:20:37,988] [plex.py:793]               [DEBUG]    | Looking for: Mummy                                                                                 |
[2022-10-11 09:20:37,988] [builder.py:797]            [INFO]     |                                                                                                    |
[2022-10-11 09:20:37,988] [builder.py:798]            [INFO]     | Validation Successful                                                                              |
[2022-10-11 09:20:37,988] [plex_meta_manager.py:561]  [INFO]     |                                                                                                    |
[2022-10-11 09:20:37,989] [plex_meta_manager.py:563]  [INFO]     |===================================== Running Mummy Collection =====================================|
[2022-10-11 09:20:37,989] [plex_meta_manager.py:575]  [INFO]     |                                                                                                    |
[2022-10-11 09:20:37,989] [plex_meta_manager.py:576]  [INFO]     | Sync Mode: append                                                                                  |
[2022-10-11 09:20:37,989] [plex_meta_manager.py:579]  [DEBUG]    |                                                                                                    |
[2022-10-11 09:20:37,989] [plex_meta_manager.py:580]  [DEBUG]    | Builder: tmdb_collection: 1733                                                                     |
[2022-10-11 09:20:37,989] [plex_meta_manager.py:581]  [INFO]     |                                                                                                    |
[2022-10-11 09:20:37,994] [tmdb.py:382]               [INFO]     | Processing TMDb Collection: (1733) La Momie - Saga (3 Items)                                       |
[2022-10-11 09:20:37,994] [builder.py:1540]           [DEBUG]    |                                                                                                    |
[2022-10-11 09:20:37,994] [builder.py:1541]           [DEBUG]    | 3 IDs Found: [(564, 'tmdb'), (1734, 'tmdb'), (1735, 'tmdb')]                                       |
[2022-10-11 09:20:37,995] [builder.py:1542]           [DEBUG]    |                                                                                                    |
[2022-10-11 09:20:37,995] [builder.py:2064]           [INFO]     |                                                                                                    |
[2022-10-11 09:20:37,995] [builder.py:2065]           [INFO]     |==================================== Adding to Mummy Collection ====================================|
[2022-10-11 09:20:37,995] [builder.py:2066]           [INFO]     |                                                                                                    |
[2022-10-11 09:20:37,996] [builder.py:2080]           [INFO]     | 1/3 | Mummy Collection | + | La Momie (1999)                                                       |
[2022-10-11 09:20:38,233] [builder.py:2080]           [INFO]     | 2/3 | Mummy Collection | + | Le Retour de la Momie (2001)                                          |
[2022-10-11 09:20:38,480] [builder.py:2080]           [INFO]     | 3/3 | Mummy Collection | + | La Momie : La Tombe de l'empereur Dragon (2008)                       |
[2022-10-11 09:20:41,326] [builder.py:2100]           [INFO]     |                                                                                                    |
[2022-10-11 09:20:41,326] [builder.py:2102]           [INFO]     | 3 Movies Processed 3 Movies Added                                                                  |
[2022-10-11 09:20:41,333] [builder.py:2441]           [INFO]     |                                                                                                    |
[2022-10-11 09:20:41,333] [builder.py:2442]           [INFO]     |=============================== Updating Details of Mummy Collection ===============================|
[2022-10-11 09:20:41,333] [builder.py:2443]           [INFO]     |                                                                                                    |
[2022-10-11 09:20:41,500] [builder.py:2509]           [INFO]     | Collection Metadata Edits                                                                          |
                                                                 | Summary (tmdb_collection_details) | Brendan Fraser est un père de famille peu ordinaire. Au lieu d'aller se promener au parc avec ses gosses ou de jouer au foot le dimanche après-midi, cet aventurier américain préfère emmener sa famille dans des endroits périlleux pour combattre les forces anciennes maléfiques! Le truc normal quoi. Stephen Sommers a réalisé les deux premiers films de cette saga, où l'action se déroule dans les temples maudits de l'Égypte ancienne. Rob Cohen a repris les rênes en 2008, pour une aventure (malheureusement sans la sublime Rachel Weisz) plutôt asiatique. Ce n'est pas du cinéma intello mais c'est fun et accessible à tout le monde.
                                                                 | Label | +TMDb Collections, +PMM
[2022-10-11 09:20:41,710] [builder.py:2513]           [INFO]     | Details: have been updated
[2022-10-11 09:20:41,710] [builder.py:2517]           [INFO]     | 
[2022-10-11 09:20:41,887] [builder.py:2529]           [INFO]     | Collection Mode | hideItems
[2022-10-11 09:20:41,888] [builder.py:2580]           [WARNING]  | Asset Warning: Unable to find asset folder: 'Mummy'
[2022-10-11 09:20:41,888] [util.py:150]               [DEBUG]    | 1 poster found:
[2022-10-11 09:20:41,888] [util.py:152]               [DEBUG]    | Method: tmdb_collection_details Poster: https://image.tmdb.org/t/p/original/gulf1ri3fv5tb1CXfK7x6PsvhTs.jpg
[2022-10-11 09:20:41,888] [util.py:150]               [DEBUG]    | 1 background found:
[2022-10-11 09:20:41,888] [util.py:152]               [DEBUG]    | Method: tmdb_collection_details Background: https://image.tmdb.org/t/p/original/1BeKi6IytbfQlQocJSvP2k6sO1a.jpg
[2022-10-11 09:20:42,154] [library.py:170]            [INFO]     | Detail: tmdb_collection_details updated poster to [URL] https://image.tmdb.org/t/p/original/gulf1ri3fv5tb1CXfK7x6PsvhTs.jpg
[2022-10-11 09:20:42,179] [library.py:186]            [INFO]     | Detail: tmdb_collection_details updated background to [URL] https://image.tmdb.org/t/p/original/1BeKi6IytbfQlQocJSvP2k6sO1a.jpg
[2022-10-11 09:20:42,440] [plex_meta_manager.py:708]  [INFO]     | 
[2022-10-11 09:20:42,440] [plex_meta_manager.py:709]  [INFO]     |====================================================================================================|
[2022-10-11 09:20:42,440] [plex_meta_manager.py:709]  [INFO]     |                                     Finished Mummy Collection                                      |
[2022-10-11 09:20:42,441] [plex_meta_manager.py:709]  [INFO]     |                                    Collection Run Time: 0:00:04                                    |
[2022-10-11 09:20:42,441] [plex_meta_manager.py:709]  [INFO]     |====================================================================================================|
