[2022-10-11 11:00:34,952] [builder.py:197]            [INFO]     |====================================================================================================|
[2022-10-11 11:00:34,952] [builder.py:197]            [INFO]     |                                  Crows Collection in Z. 1 - Films                                  |
[2022-10-11 11:00:34,952] [builder.py:197]            [INFO]     |====================================================================================================|
[2022-10-11 11:00:34,952] [builder.py:198]            [INFO]     |                                                                                                    |
[2022-10-11 11:00:34,952] [builder.py:203]            [INFO]     |================================ Building Definition From Templates ================================|
[2022-10-11 11:00:34,953] [builder.py:211]            [DEBUG]    |                                                                                                    |
[2022-10-11 11:00:34,953] [meta.py:128]               [DEBUG]    | Template my_template                                                                               |
[2022-10-11 11:00:34,953] [meta.py:129]               [DEBUG]    | Call: {'value': ['192174'], 'tmdb_collection': ['192174'], 'key_name': 'Crows', 'key': '192174', 'name': 'my_template'} |
[2022-10-11 11:00:34,953] [meta.py:304]               [DEBUG]    |                                                                                                    |
[2022-10-11 11:00:34,953] [meta.py:305]               [DEBUG]    | Variables: {'value': ['192174'], 'tmdb_collection': ['192174'], 'key_name': 'Crows', 'key': '192174', 'name': 'my_template', 'collection_name': 'Crows', 'mapping_name': 'Crows', 'library_type': 'movie', 'library_name': 'Z. 1 - Films', 'value_encoded': '%5B%27192174%27%5D', 'tmdb_collection_encoded': '%5B%27192174%27%5D', 'key_name_encoded': 'Crows', 'key_encoded': '192174', 'name_encoded': 'my_template', 'collection_name_encoded': 'Crows', 'mapping_name_encoded': 'Crows', 'library_type_encoded': 'movie', 'library_name_encoded': 'Z.%201%20-%20Films', 'collection_sort': 'Crows'} |
[2022-10-11 11:00:34,953] [meta.py:306]               [DEBUG]    |                                                                                                    |
[2022-10-11 11:00:34,954] [meta.py:307]               [DEBUG]    | Defaults: {}                                                                                       |
[2022-10-11 11:00:34,954] [meta.py:308]               [DEBUG]    |                                                                                                    |
[2022-10-11 11:00:34,954] [meta.py:309]               [DEBUG]    | Optional: ['my_collection_poster', 'my_collection_poster_encoded']                                 |
[2022-10-11 11:00:34,955] [meta.py:370]               [DEBUG]    |                                                                                                    |
[2022-10-11 11:00:34,955] [meta.py:371]               [DEBUG]    | Final Template Attributes: {'tmdb_collection_details': ['192174'], 'collection_order': 'release', 'collection_mode': 'hide_items', 'sort_title': '+C1_Crows'} |
[2022-10-11 11:00:34,955] [meta.py:372]               [DEBUG]    |                                                                                                    |
[2022-10-11 11:00:34,955] [builder.py:219]            [INFO]     |=================================== Validating Crows Attributes ====================================|
[2022-10-11 11:00:34,955] [builder.py:609]            [DEBUG]    |                                                                                                    |
[2022-10-11 11:00:34,955] [builder.py:610]            [DEBUG]    | Validating Method: collection_order                                                                |
[2022-10-11 11:00:34,955] [builder.py:611]            [DEBUG]    | Value: release                                                                                     |
[2022-10-11 11:00:34,956] [builder.py:627]            [DEBUG]    |                                                                                                    |
[2022-10-11 11:00:34,956] [builder.py:631]            [DEBUG]    | Validating Method: label                                                                           |
[2022-10-11 11:00:34,956] [builder.py:632]            [DEBUG]    | Value: TMDb Collections                                                                            |
[2022-10-11 11:00:34,956] [builder.py:627]            [DEBUG]    |                                                                                                    |
[2022-10-11 11:00:34,956] [builder.py:631]            [DEBUG]    | Validating Method: tmdb_collection_details                                                         |
[2022-10-11 11:00:34,956] [builder.py:632]            [DEBUG]    | Value: ['192174']                                                                                  |
[2022-10-11 11:00:34,968] [builder.py:627]            [DEBUG]    |                                                                                                    |
[2022-10-11 11:00:34,968] [builder.py:631]            [DEBUG]    | Validating Method: collection_mode                                                                 |
[2022-10-11 11:00:34,968] [builder.py:632]            [DEBUG]    | Value: hide_items                                                                                  |
[2022-10-11 11:00:34,968] [builder.py:627]            [DEBUG]    |                                                                                                    |
[2022-10-11 11:00:34,968] [builder.py:631]            [DEBUG]    | Validating Method: sort_title                                                                      |
[2022-10-11 11:00:34,968] [builder.py:632]            [DEBUG]    | Value: +C1_Crows                                                                                   |
[2022-10-11 11:00:35,170] [builder.py:797]            [INFO]     |                                                                                                    |
[2022-10-11 11:00:35,170] [builder.py:798]            [INFO]     | Validation Successful                                                                              |
[2022-10-11 11:00:35,170] [plex_meta_manager.py:561]  [INFO]     |                                                                                                    |
[2022-10-11 11:00:35,171] [plex_meta_manager.py:563]  [INFO]     |===================================== Running Crows Collection =====================================|
[2022-10-11 11:00:35,171] [plex_meta_manager.py:575]  [INFO]     |                                                                                                    |
[2022-10-11 11:00:35,171] [plex_meta_manager.py:576]  [INFO]     | Sync Mode: append                                                                                  |
[2022-10-11 11:00:35,171] [plex_meta_manager.py:579]  [DEBUG]    |                                                                                                    |
[2022-10-11 11:00:35,171] [plex_meta_manager.py:580]  [DEBUG]    | Builder: tmdb_collection: 192174                                                                   |
[2022-10-11 11:00:35,171] [plex_meta_manager.py:581]  [INFO]     |                                                                                                    |
[2022-10-11 11:00:35,176] [tmdb.py:382]               [INFO]     | Processing TMDb Collection: (192174) Crows Zero - Saga (3 Items)                                   |
[2022-10-11 11:00:35,176] [builder.py:1540]           [DEBUG]    |                                                                                                    |
[2022-10-11 11:00:35,176] [builder.py:1541]           [DEBUG]    | 3 IDs Found: [(14943, 'tmdb'), (25716, 'tmdb'), (253451, 'tmdb')]                                  |
[2022-10-11 11:00:35,176] [builder.py:1542]           [DEBUG]    |                                                                                                    |
[2022-10-11 11:00:35,177] [builder.py:2064]           [INFO]     |                                                                                                    |
[2022-10-11 11:00:35,177] [builder.py:2065]           [INFO]     |==================================== Adding to Crows Collection ====================================|
[2022-10-11 11:00:35,177] [builder.py:2066]           [INFO]     |                                                                                                    |
[2022-10-11 11:00:35,177] [builder.py:2080]           [INFO]     | 1/2 | Crows Collection | = | Crows Zero (2007)                                                     |
[2022-10-11 11:00:35,177] [builder.py:2080]           [INFO]     | 2/2 | Crows Collection | = | Crows Zero II (2009)                                                  |
[2022-10-11 11:00:35,177] [builder.py:2100]           [INFO]     |                                                                                                    |
[2022-10-11 11:00:35,177] [builder.py:2102]           [INFO]     | 2 Movies Processed 0 Movies Added                                                                  |
[2022-10-11 11:00:35,178] [builder.py:2228]           [INFO]     |                                                                                                    |
[2022-10-11 11:00:35,178] [builder.py:2229]           [INFO]     |============================ Missing Movies from Library: Z. 1 - Films =============================|
[2022-10-11 11:00:35,178] [builder.py:2230]           [INFO]     |                                                                                                    |
[2022-10-11 11:00:35,188] [builder.py:2243]           [INFO]     | Crows Collection | ? | Crows Explode (2014) (TMDb: 253451)                                         |
[2022-10-11 11:00:35,188] [builder.py:2248]           [INFO]     |                                                                                                    |
[2022-10-11 11:00:35,188] [builder.py:2249]           [INFO]     | 1 Movie Missing                                                                                    |
[2022-10-11 11:00:35,228] [builder.py:2441]           [INFO]     |                                                                                                    |
[2022-10-11 11:00:35,228] [builder.py:2442]           [INFO]     |=============================== Updating Details of Crows Collection ===============================|
[2022-10-11 11:00:35,228] [builder.py:2443]           [INFO]     |                                                                                                    |
[2022-10-11 11:00:35,237] [builder.py:2509]           [INFO]     | Collection Metadata Edits                                                                          |
                                                                 | Sort Title | +C1_Crows
[2022-10-11 11:00:35,435] [builder.py:2513]           [INFO]     | Details: have been updated
[2022-10-11 11:00:35,435] [builder.py:2517]           [INFO]     | 
[2022-10-11 11:00:35,435] [builder.py:2580]           [WARNING]  | Asset Warning: Unable to find asset folder: 'Crows'
[2022-10-11 11:00:35,435] [util.py:150]               [DEBUG]    | 1 poster found:
[2022-10-11 11:00:35,435] [util.py:152]               [DEBUG]    | Method: tmdb_collection_details Poster: https://image.tmdb.org/t/p/original/cCk7eolipCWIGb9AJcnvraHRUCr.jpg
[2022-10-11 11:00:35,436] [util.py:150]               [DEBUG]    | 1 background found:
[2022-10-11 11:00:35,436] [util.py:152]               [DEBUG]    | Method: tmdb_collection_details Background: https://image.tmdb.org/t/p/original/gO7rOvpYIRFPoMZgMq6EZkznmBc.jpg
[2022-10-11 11:00:35,436] [library.py:172]            [INFO]     | Detail: poster update not needed
[2022-10-11 11:00:35,437] [library.py:188]            [INFO]     | Detail: background update not needed
[2022-10-11 11:00:35,626] [plex_meta_manager.py:708]  [INFO]     | 
[2022-10-11 11:00:35,626] [plex_meta_manager.py:709]  [INFO]     |====================================================================================================|
[2022-10-11 11:00:35,627] [plex_meta_manager.py:709]  [INFO]     |                                     Finished Crows Collection                                      |
[2022-10-11 11:00:35,627] [plex_meta_manager.py:709]  [INFO]     |                                    Collection Run Time: 0:00:00                                    |
[2022-10-11 11:00:35,627] [plex_meta_manager.py:709]  [INFO]     |====================================================================================================|
