[2022-10-11 11:19:06,351] [builder.py:200]            [INFO]     |====================================================================================================|
[2022-10-11 11:19:06,352] [builder.py:200]            [INFO]     |                              Mary Poppins Collection in Z. 1 - Films                               |
[2022-10-11 11:19:06,352] [builder.py:200]            [INFO]     |====================================================================================================|
[2022-10-11 11:19:06,352] [builder.py:201]            [INFO]     |                                                                                                    |
[2022-10-11 11:19:06,352] [builder.py:206]            [INFO]     |================================ Building Definition From Templates ================================|
[2022-10-11 11:19:06,352] [builder.py:222]            [DEBUG]    |                                                                                                    |
[2022-10-11 11:19:06,352] [meta.py:128]               [DEBUG]    | Template my_template                                                                               |
[2022-10-11 11:19:06,353] [meta.py:129]               [DEBUG]    | Call: {'value': ['527439'], 'tmdb_collection': ['527439'], 'key_name': 'Mary Poppins', 'key': '527439', 'name': 'my_template'} |
[2022-10-11 11:19:06,353] [meta.py:304]               [DEBUG]    |                                                                                                    |
[2022-10-11 11:19:06,353] [meta.py:305]               [DEBUG]    | Variables: {'value': ['527439'], 'tmdb_collection': ['527439'], 'key_name': 'Mary Poppins', 'key': '527439', 'name': 'my_template', 'collection_name': 'Mary Poppins', 'mapping_name': 'Mary Poppins', 'library_type': 'movie', 'library_name': 'Z. 1 - Films', 'value_encoded': '%5B%27527439%27%5D', 'tmdb_collection_encoded': '%5B%27527439%27%5D', 'key_name_encoded': 'Mary%20Poppins', 'key_encoded': '527439', 'name_encoded': 'my_template', 'collection_name_encoded': 'Mary%20Poppins', 'mapping_name_encoded': 'Mary%20Poppins', 'library_type_encoded': 'movie', 'library_name_encoded': 'Z.%201%20-%20Films', 'collection_sort': 'Mary Poppins'} |
[2022-10-11 11:19:06,353] [meta.py:306]               [DEBUG]    |                                                                                                    |
[2022-10-11 11:19:06,353] [meta.py:307]               [DEBUG]    | Defaults: {}                                                                                       |
[2022-10-11 11:19:06,353] [meta.py:308]               [DEBUG]    |                                                                                                    |
[2022-10-11 11:19:06,353] [meta.py:309]               [DEBUG]    | Optional: ['my_collection_poster', 'my_collection_poster_encoded']                                 |
[2022-10-11 11:19:06,354] [meta.py:370]               [DEBUG]    |                                                                                                    |
[2022-10-11 11:19:06,354] [meta.py:371]               [DEBUG]    | Final Template Attributes: {'tmdb_collection_details': ['527439'], 'collection_order': 'release', 'collection_mode': 'hide_items', 'sort_title': '+C1_Mary Poppins'} |
[2022-10-11 11:19:06,355] [meta.py:372]               [DEBUG]    |                                                                                                    |
[2022-10-11 11:19:06,355] [builder.py:230]            [INFO]     |================================ Validating Mary Poppins Attributes ================================|
[2022-10-11 11:19:06,355] [builder.py:620]            [DEBUG]    |                                                                                                    |
[2022-10-11 11:19:06,355] [builder.py:621]            [DEBUG]    | Validating Method: collection_order                                                                |
[2022-10-11 11:19:06,355] [builder.py:622]            [DEBUG]    | Value: release                                                                                     |
[2022-10-11 11:19:06,355] [builder.py:653]            [DEBUG]    |                                                                                                    |
[2022-10-11 11:19:06,355] [builder.py:657]            [DEBUG]    | Validating Method: label                                                                           |
[2022-10-11 11:19:06,356] [builder.py:658]            [DEBUG]    | Value: TMDb Collections                                                                            |
[2022-10-11 11:19:06,356] [builder.py:653]            [DEBUG]    |                                                                                                    |
[2022-10-11 11:19:06,356] [builder.py:657]            [DEBUG]    | Validating Method: tmdb_collection_details                                                         |
[2022-10-11 11:19:06,356] [builder.py:658]            [DEBUG]    | Value: ['527439']                                                                                  |
[2022-10-11 11:19:06,369] [builder.py:653]            [DEBUG]    |                                                                                                    |
[2022-10-11 11:19:06,369] [builder.py:657]            [DEBUG]    | Validating Method: collection_mode                                                                 |
[2022-10-11 11:19:06,369] [builder.py:658]            [DEBUG]    | Value: hide_items                                                                                  |
[2022-10-11 11:19:06,370] [builder.py:653]            [DEBUG]    |                                                                                                    |
[2022-10-11 11:19:06,370] [builder.py:657]            [DEBUG]    | Validating Method: sort_title                                                                      |
[2022-10-11 11:19:06,370] [builder.py:658]            [DEBUG]    | Value: +C1_Mary Poppins                                                                            |
[2022-10-11 11:19:06,376] [plex.py:803]               [DEBUG]    |                                                                                                    |
[2022-10-11 11:19:06,376] [plex.py:806]               [DEBUG]    | Looking for: Mary Poppins                                                                          |
[2022-10-11 11:19:06,376] [builder.py:823]            [INFO]     |                                                                                                    |
[2022-10-11 11:19:06,376] [builder.py:824]            [INFO]     | Validation Successful                                                                              |
[2022-10-11 11:19:06,377] [plex_meta_manager.py:561]  [INFO]     |                                                                                                    |
[2022-10-11 11:19:06,377] [plex_meta_manager.py:563]  [INFO]     |================================= Running Mary Poppins Collection ==================================|
[2022-10-11 11:19:06,377] [plex_meta_manager.py:575]  [INFO]     |                                                                                                    |
[2022-10-11 11:19:06,377] [plex_meta_manager.py:576]  [INFO]     | Sync Mode: append                                                                                  |
[2022-10-11 11:19:06,377] [plex_meta_manager.py:579]  [DEBUG]    |                                                                                                    |
[2022-10-11 11:19:06,377] [plex_meta_manager.py:580]  [DEBUG]    | Builder: tmdb_collection: 527439                                                                   |
[2022-10-11 11:19:06,377] [plex_meta_manager.py:581]  [INFO]     |                                                                                                    |
[2022-10-11 11:19:06,382] [tmdb.py:381]               [INFO]     | Processing TMDb Collection: (527439) Mary Poppins - Saga (2 Items)                                 |
[2022-10-11 11:19:06,382] [builder.py:1581]           [DEBUG]    |                                                                                                    |
[2022-10-11 11:19:06,382] [builder.py:1582]           [DEBUG]    | 2 IDs Found: [(433, 'tmdb'), (400650, 'tmdb')]                                                     |
[2022-10-11 11:19:06,382] [builder.py:1583]           [DEBUG]    |                                                                                                    |
[2022-10-11 11:19:06,383] [builder.py:2300]           [INFO]     |                                                                                                    |
[2022-10-11 11:19:06,383] [builder.py:2301]           [INFO]     |============================ Missing Movies from Library: Z. 1 - Films =============================|
[2022-10-11 11:19:06,383] [builder.py:2302]           [INFO]     |                                                                                                    |
[2022-10-11 11:19:06,401] [builder.py:2315]           [INFO]     | Mary Poppins Collection | ? | Mary Poppins (1964) (TMDb: 433)                                      |
[2022-10-11 11:19:06,401] [builder.py:2320]           [INFO]     |                                                                                                    |
[2022-10-11 11:19:06,402] [builder.py:2321]           [INFO]     | 1 Movie Missing                                                                                    |
[2022-10-11 11:19:06,447] [plex_meta_manager.py:624]  [INFO]     |                                                                                                    |
[2022-10-11 11:19:06,447] [plex_meta_manager.py:625]  [INFO]     | Collection Minimum: 2 not met for Mary Poppins Collection                                          |
[2022-10-11 11:19:06,448] [plex_meta_manager.py:708]  [INFO]     |                                                                                                    |
[2022-10-11 11:19:06,448] [plex_meta_manager.py:709]  [INFO]     |====================================================================================================|
[2022-10-11 11:19:06,448] [plex_meta_manager.py:709]  [INFO]     |                                  Finished Mary Poppins Collection                                  |
[2022-10-11 11:19:06,448] [plex_meta_manager.py:709]  [INFO]     |                                    Collection Run Time: 0:00:00                                    |
[2022-10-11 11:19:06,448] [plex_meta_manager.py:709]  [INFO]     |====================================================================================================|
