[2022-10-11 09:47:47,408] [builder.py:197]            [INFO]     |====================================================================================================|
[2022-10-11 09:47:47,409] [builder.py:197]            [INFO]     |                     Walt Disney Animation Studios Collection in Z. 2 - Series                      |
[2022-10-11 09:47:47,409] [builder.py:197]            [INFO]     |====================================================================================================|
[2022-10-11 09:47:47,409] [builder.py:198]            [INFO]     |                                                                                                    |
[2022-10-11 09:47:47,409] [builder.py:203]            [INFO]     |================================ Building Definition From Templates ================================|
[2022-10-11 09:47:47,409] [builder.py:211]            [DEBUG]    |                                                                                                    |
[2022-10-11 09:47:47,409] [meta.py:128]               [DEBUG]    | Template Studio                                                                                    |
[2022-10-11 09:47:47,409] [meta.py:129]               [DEBUG]    | Call: ordereddict([('name', 'Studio'), ('studio', 'Walt Disney Animation Studios, Walt Disney Pictures')]) |
[2022-10-11 09:47:47,410] [meta.py:304]               [DEBUG]    |                                                                                                    |
[2022-10-11 09:47:47,410] [meta.py:305]               [DEBUG]    | Variables: ordereddict([('name', 'Studio'), ('studio', 'Walt Disney Animation Studios, Walt Disney Pictures'), ('collection_name', 'Walt Disney Animation Studios'), ('mapping_name', 'Walt Disney Animation Studios'), ('library_type', 'show'), ('library_name', 'Z. 2 - Series'), ('name_encoded', 'Studio'), ('studio_encoded', 'Walt%20Disney%20Animation%20Studios%2C%20Walt%20Disney%20Pictures'), ('collection_name_encoded', 'Walt%20Disney%20Animation%20Studios'), ('mapping_name_encoded', 'Walt%20Disney%20Animation%20Studios'), ('library_type_encoded', 'show'), ('library_name_encoded', 'Z.%202%20-%20Series'), ('collection_sort', 'Walt Disney Animation Studios')]) |
[2022-10-11 09:47:47,410] [meta.py:306]               [DEBUG]    |                                                                                                    |
[2022-10-11 09:47:47,410] [meta.py:307]               [DEBUG]    | Defaults: {}                                                                                       |
[2022-10-11 09:47:47,410] [meta.py:308]               [DEBUG]    |                                                                                                    |
[2022-10-11 09:47:47,410] [meta.py:309]               [DEBUG]    | Optional: []                                                                                       |
[2022-10-11 09:47:47,411] [meta.py:370]               [DEBUG]    |                                                                                                    |
[2022-10-11 09:47:47,411] [meta.py:371]               [DEBUG]    | Final Template Attributes: {'plex_search': {'studio': 'Walt Disney Animation Studios, Walt Disney Pictures'}, 'sort_title': '+12_Walt Disney Animation Studios', 'collection_order': 'alpha'} |
[2022-10-11 09:47:47,411] [meta.py:372]               [DEBUG]    |                                                                                                    |
[2022-10-11 09:47:47,411] [builder.py:219]            [INFO]     |======================= Validating Walt Disney Animation Studios Attributes ========================|
[2022-10-11 09:47:47,412] [builder.py:609]            [DEBUG]    |                                                                                                    |
[2022-10-11 09:47:47,412] [builder.py:610]            [DEBUG]    | Validating Method: collection_order                                                                |
[2022-10-11 09:47:47,412] [builder.py:611]            [DEBUG]    | Value: alpha                                                                                       |
[2022-10-11 09:47:47,412] [builder.py:627]            [DEBUG]    |                                                                                                    |
[2022-10-11 09:47:47,412] [builder.py:631]            [DEBUG]    | Validating Method: url_poster                                                                      |
[2022-10-11 09:47:47,412] [builder.py:632]            [DEBUG]    | Value: https://raw.githubusercontent.com/MonsieurZed/poster/main/img/STUDIO_DISNEY.png             |
[2022-10-11 09:47:47,614] [builder.py:627]            [DEBUG]    |                                                                                                    |
[2022-10-11 09:47:47,615] [builder.py:631]            [DEBUG]    | Validating Method: summary                                                                         |
[2022-10-11 09:47:47,615] [builder.py:632]            [DEBUG]    | Value: Walt Disney Animation Studios (WDAS), sometimes shortened to Disney Animation, is an American animation studio that creates animated features and short films for The Walt Disney Company. Founded on October 16, 1923 by brothers Walt Disney and Roy O. Disney, it is one of the oldest-running animation studios in the world. It is currently organized as a division of Walt Disney Studios and is headquartered at the Roy E. Disney Animation Building at the Walt Disney Studios lot in Burbank, California. |
[2022-10-11 09:47:47,615] [builder.py:627]            [DEBUG]    |                                                                                                    |
[2022-10-11 09:47:47,615] [builder.py:631]            [DEBUG]    | Validating Method: plex_search                                                                     |
[2022-10-11 09:47:47,615] [builder.py:632]            [DEBUG]    | Value: {'studio': 'Walt Disney Animation Studios, Walt Disney Pictures'}                           |
[2022-10-11 09:47:47,616] [builder.py:627]            [DEBUG]    |                                                                                                    |
[2022-10-11 09:47:47,616] [builder.py:631]            [DEBUG]    | Validating Method: sort_title                                                                      |
[2022-10-11 09:47:47,616] [builder.py:632]            [DEBUG]    | Value: +12_Walt Disney Animation Studios                                                           |
[2022-10-11 09:47:47,622] [plex.py:790]               [DEBUG]    |                                                                                                    |
[2022-10-11 09:47:47,622] [plex.py:793]               [DEBUG]    | Looking for: Walt Disney Animation Studios                                                         |
[2022-10-11 09:47:47,622] [builder.py:797]            [INFO]     |                                                                                                    |
[2022-10-11 09:47:47,623] [builder.py:798]            [INFO]     | Validation Successful                                                                              |
[2022-10-11 09:47:47,623] [plex_meta_manager.py:561]  [INFO]     |                                                                                                    |
[2022-10-11 09:47:47,623] [plex_meta_manager.py:563]  [INFO]     |========================= Running Walt Disney Animation Studios Collection =========================|
[2022-10-11 09:47:47,623] [plex_meta_manager.py:575]  [INFO]     |                                                                                                    |
[2022-10-11 09:47:47,623] [plex_meta_manager.py:576]  [INFO]     | Sync Mode: append                                                                                  |
[2022-10-11 09:47:47,623] [plex_meta_manager.py:579]  [DEBUG]    |                                                                                                    |
[2022-10-11 09:47:47,623] [plex_meta_manager.py:580]  [DEBUG]    | Builder: plex_search: (2, 'Plex Show Search\nSort By: title.asc\nFilter:\n  Match all of the following:\n    Match any of the following:\n      Studio contains Walt Disney Animation Studios, Walt Disney Pictures', '?type=2&sort=titleSort&push=1&show.studio=Walt%20Disney%20Animation%20Studios%2C%20Walt%20Disney%20Pictures&pop=1') |
[2022-10-11 09:47:47,624] [plex_meta_manager.py:581]  [INFO]     |                                                                                                    |
[2022-10-11 09:47:47,624] [plex.py:819]               [INFO]     | Processing Plex Show Search                                                                        |
                                                                 | Sort By: title.asc
                                                                 | Filter:
                                                                 |   Match all of the following:
                                                                 |     Match any of the following:
                                                                 |       Studio contains Walt Disney Animation Studios, Walt Disney Pictures
[2022-10-11 09:47:47,631] [plex_meta_manager.py:696]  [DEBUG]    | Traceback (most recent call last):
                                                                 |   File "//plex_meta_manager.py", line 583, in run_collection
                                                                 |     builder.filter_and_save_items(builder.gather_ids(method, value))
                                                                 |   File "/modules/builder.py", line 1492, in gather_ids
                                                                 |     ids = self.library.get_rating_keys(method, value)
                                                                 |   File "/modules/plex.py", line 862, in get_rating_keys
                                                                 |     raise Failed("Plex Error: No Items found in Plex")
                                                                 | modules.util.Failed: Plex Error: No Items found in Plex
                                                                 | 
[2022-10-11 09:47:47,632] [plex_meta_manager.py:697]  [ERROR]    | Plex Error: No Items found in Plex
[2022-10-11 09:47:47,632] [plex_meta_manager.py:708]  [INFO]     | 
[2022-10-11 09:47:47,633] [plex_meta_manager.py:709]  [INFO]     |====================================================================================================|
[2022-10-11 09:47:47,633] [plex_meta_manager.py:709]  [INFO]     |                         Finished Walt Disney Animation Studios Collection                          |
[2022-10-11 09:47:47,633] [plex_meta_manager.py:709]  [INFO]     |                                    Collection Run Time: 0:00:00                                    |
[2022-10-11 09:47:47,633] [plex_meta_manager.py:709]  [INFO]     |====================================================================================================|
