[2022-10-11 11:20:19,292] [builder.py:200]            [INFO]     |====================================================================================================|
[2022-10-11 11:20:19,292] [builder.py:200]            [INFO]     |                                 Sicario Collection in Z. 1 - Films                                 |
[2022-10-11 11:20:19,292] [builder.py:200]            [INFO]     |====================================================================================================|
[2022-10-11 11:20:19,292] [builder.py:201]            [INFO]     |                                                                                                    |
[2022-10-11 11:20:19,292] [builder.py:206]            [INFO]     |================================ Building Definition From Templates ================================|
[2022-10-11 11:20:19,293] [builder.py:222]            [DEBUG]    |                                                                                                    |
[2022-10-11 11:20:19,293] [meta.py:128]               [DEBUG]    | Template my_template                                                                               |
[2022-10-11 11:20:19,293] [meta.py:129]               [DEBUG]    | Call: {'value': ['496796'], 'tmdb_collection': ['496796'], 'key_name': 'Sicario', 'key': '496796', 'name': 'my_template'} |
[2022-10-11 11:20:19,293] [meta.py:304]               [DEBUG]    |                                                                                                    |
[2022-10-11 11:20:19,293] [meta.py:305]               [DEBUG]    | Variables: {'value': ['496796'], 'tmdb_collection': ['496796'], 'key_name': 'Sicario', 'key': '496796', 'name': 'my_template', 'collection_name': 'Sicario', 'mapping_name': 'Sicario', 'library_type': 'movie', 'library_name': 'Z. 1 - Films', 'value_encoded': '%5B%27496796%27%5D', 'tmdb_collection_encoded': '%5B%27496796%27%5D', 'key_name_encoded': 'Sicario', 'key_encoded': '496796', 'name_encoded': 'my_template', 'collection_name_encoded': 'Sicario', 'mapping_name_encoded': 'Sicario', 'library_type_encoded': 'movie', 'library_name_encoded': 'Z.%201%20-%20Films', 'collection_sort': 'Sicario'} |
[2022-10-11 11:20:19,294] [meta.py:306]               [DEBUG]    |                                                                                                    |
[2022-10-11 11:20:19,294] [meta.py:307]               [DEBUG]    | Defaults: {}                                                                                       |
[2022-10-11 11:20:19,294] [meta.py:308]               [DEBUG]    |                                                                                                    |
[2022-10-11 11:20:19,294] [meta.py:309]               [DEBUG]    | Optional: ['my_collection_poster', 'my_collection_poster_encoded']                                 |
[2022-10-11 11:20:19,295] [meta.py:370]               [DEBUG]    |                                                                                                    |
[2022-10-11 11:20:19,296] [meta.py:371]               [DEBUG]    | Final Template Attributes: {'tmdb_collection_details': ['496796'], 'collection_order': 'release', 'collection_mode': 'hide_items', 'sort_title': '+C1_Sicario'} |
[2022-10-11 11:20:19,296] [meta.py:372]               [DEBUG]    |                                                                                                    |
[2022-10-11 11:20:19,296] [builder.py:230]            [INFO]     |================================== Validating Sicario Attributes ===================================|
[2022-10-11 11:20:19,296] [builder.py:620]            [DEBUG]    |                                                                                                    |
[2022-10-11 11:20:19,296] [builder.py:621]            [DEBUG]    | Validating Method: collection_order                                                                |
[2022-10-11 11:20:19,297] [builder.py:622]            [DEBUG]    | Value: release                                                                                     |
[2022-10-11 11:20:19,297] [builder.py:653]            [DEBUG]    |                                                                                                    |
[2022-10-11 11:20:19,297] [builder.py:657]            [DEBUG]    | Validating Method: label                                                                           |
[2022-10-11 11:20:19,297] [builder.py:658]            [DEBUG]    | Value: TMDb Collections                                                                            |
[2022-10-11 11:20:19,297] [builder.py:653]            [DEBUG]    |                                                                                                    |
[2022-10-11 11:20:19,297] [builder.py:657]            [DEBUG]    | Validating Method: tmdb_collection_details                                                         |
[2022-10-11 11:20:19,298] [builder.py:658]            [DEBUG]    | Value: ['496796']                                                                                  |
[2022-10-11 11:20:19,310] [builder.py:653]            [DEBUG]    |                                                                                                    |
[2022-10-11 11:20:19,310] [builder.py:657]            [DEBUG]    | Validating Method: collection_mode                                                                 |
[2022-10-11 11:20:19,310] [builder.py:658]            [DEBUG]    | Value: hide_items                                                                                  |
[2022-10-11 11:20:19,311] [builder.py:653]            [DEBUG]    |                                                                                                    |
[2022-10-11 11:20:19,311] [builder.py:657]            [DEBUG]    | Validating Method: sort_title                                                                      |
[2022-10-11 11:20:19,311] [builder.py:658]            [DEBUG]    | Value: +C1_Sicario                                                                                 |
[2022-10-11 11:20:19,317] [plex.py:803]               [DEBUG]    |                                                                                                    |
[2022-10-11 11:20:19,317] [plex.py:806]               [DEBUG]    | Looking for: Sicario                                                                               |
[2022-10-11 11:20:19,317] [builder.py:823]            [INFO]     |                                                                                                    |
[2022-10-11 11:20:19,318] [builder.py:824]            [INFO]     | Validation Successful                                                                              |
[2022-10-11 11:20:19,318] [plex_meta_manager.py:561]  [INFO]     |                                                                                                    |
[2022-10-11 11:20:19,318] [plex_meta_manager.py:563]  [INFO]     |==================================== Running Sicario Collection ====================================|
[2022-10-11 11:20:19,318] [plex_meta_manager.py:575]  [INFO]     |                                                                                                    |
[2022-10-11 11:20:19,319] [plex_meta_manager.py:576]  [INFO]     | Sync Mode: append                                                                                  |
[2022-10-11 11:20:19,319] [plex_meta_manager.py:579]  [DEBUG]    |                                                                                                    |
[2022-10-11 11:20:19,319] [plex_meta_manager.py:580]  [DEBUG]    | Builder: tmdb_collection: 496796                                                                   |
[2022-10-11 11:20:19,319] [plex_meta_manager.py:581]  [INFO]     |                                                                                                    |
[2022-10-11 11:20:19,323] [tmdb.py:381]               [INFO]     | Processing TMDb Collection: (496796) Sicario - Saga (2 Items)                                      |
[2022-10-11 11:20:19,323] [builder.py:1581]           [DEBUG]    |                                                                                                    |
[2022-10-11 11:20:19,324] [builder.py:1582]           [DEBUG]    | 2 IDs Found: [(273481, 'tmdb'), (400535, 'tmdb')]                                                  |
[2022-10-11 11:20:19,324] [builder.py:1583]           [DEBUG]    |                                                                                                    |
[2022-10-11 11:20:19,324] [builder.py:2300]           [INFO]     |                                                                                                    |
[2022-10-11 11:20:19,324] [builder.py:2301]           [INFO]     |============================ Missing Movies from Library: Z. 1 - Films =============================|
[2022-10-11 11:20:19,324] [builder.py:2302]           [INFO]     |                                                                                                    |
[2022-10-11 11:20:19,337] [builder.py:2315]           [INFO]     | Sicario Collection | ? | Sicario : La Guerre des cartels (2018) (TMDb: 400535)                     |
[2022-10-11 11:20:19,338] [builder.py:2320]           [INFO]     |                                                                                                    |
[2022-10-11 11:20:19,338] [builder.py:2321]           [INFO]     | 1 Movie Missing                                                                                    |
[2022-10-11 11:20:19,406] [plex_meta_manager.py:624]  [INFO]     |                                                                                                    |
[2022-10-11 11:20:19,406] [plex_meta_manager.py:625]  [INFO]     | Collection Minimum: 2 not met for Sicario Collection                                               |
[2022-10-11 11:20:19,407] [plex_meta_manager.py:708]  [INFO]     |                                                                                                    |
[2022-10-11 11:20:19,407] [plex_meta_manager.py:709]  [INFO]     |====================================================================================================|
[2022-10-11 11:20:19,407] [plex_meta_manager.py:709]  [INFO]     |                                    Finished Sicario Collection                                     |
[2022-10-11 11:20:19,407] [plex_meta_manager.py:709]  [INFO]     |                                    Collection Run Time: 0:00:00                                    |
[2022-10-11 11:20:19,407] [plex_meta_manager.py:709]  [INFO]     |====================================================================================================|
