[2022-10-08 05:13:56,872] [builder.py:197]            [INFO]     |====================================================================================================|
[2022-10-08 05:13:56,873] [builder.py:197]            [INFO]     |                               Supeheroes Collection in Z. 1 - Films                                |
[2022-10-08 05:13:56,873] [builder.py:197]            [INFO]     |====================================================================================================|
[2022-10-08 05:13:56,873] [builder.py:198]            [INFO]     |                                                                                                    |
[2022-10-08 05:13:56,873] [builder.py:203]            [INFO]     |================================ Building Definition From Templates ================================|
[2022-10-08 05:13:56,874] [builder.py:211]            [DEBUG]    |                                                                                                    |
[2022-10-08 05:13:56,874] [meta.py:128]               [DEBUG]    | Template Genre                                                                                     |
[2022-10-08 05:13:56,875] [meta.py:129]               [DEBUG]    | Call: ordereddict([('name', 'Genre')])                                                             |
[2022-10-08 05:13:56,875] [meta.py:304]               [DEBUG]    |                                                                                                    |
[2022-10-08 05:13:56,876] [meta.py:305]               [DEBUG]    | Variables: ordereddict([('name', 'Genre'), ('collection_name', 'Supeheroes'), ('mapping_name', 'Supeheroes'), ('library_type', 'movie'), ('library_name', 'Z. 1 - Films'), ('name_encoded', 'Genre'), ('collection_name_encoded', 'Supeheroes'), ('mapping_name_encoded', 'Supeheroes'), ('library_type_encoded', 'movie'), ('library_name_encoded', 'Z.%201%20-%20Films'), ('collection_sort', 'Supeheroes')]) |
[2022-10-08 05:13:56,876] [meta.py:306]               [DEBUG]    |                                                                                                    |
[2022-10-08 05:13:56,876] [meta.py:307]               [DEBUG]    | Defaults: {}                                                                                       |
[2022-10-08 05:13:56,876] [meta.py:308]               [DEBUG]    |                                                                                                    |
[2022-10-08 05:13:56,876] [meta.py:309]               [DEBUG]    | Optional: []                                                                                       |
[2022-10-08 05:13:56,877] [meta.py:370]               [DEBUG]    |                                                                                                    |
[2022-10-08 05:13:56,878] [meta.py:371]               [DEBUG]    | Final Template Attributes: {'sort_title': '+3_Supeheroes', 'sync_mode': 'sync', 'smart_label': 'audience_rating.desc'} |
[2022-10-08 05:13:56,878] [meta.py:372]               [DEBUG]    |                                                                                                    |
[2022-10-08 05:13:56,878] [builder.py:219]            [INFO]     |================================= Validating Supeheroes Attributes =================================|
[2022-10-08 05:13:56,878] [builder.py:488]            [DEBUG]    |                                                                                                    |
[2022-10-08 05:13:56,879] [builder.py:489]            [DEBUG]    | Validating Method: sync_mode                                                                       |
[2022-10-08 05:13:56,879] [builder.py:493]            [DEBUG]    | Value: sync                                                                                        |
[2022-10-08 05:13:56,879] [builder.py:538]            [DEBUG]    |                                                                                                    |
[2022-10-08 05:13:56,879] [builder.py:539]            [DEBUG]    | Validating Method: smart_label                                                                     |
[2022-10-08 05:13:56,879] [builder.py:544]            [DEBUG]    | Value: audience_rating.desc                                                                        |
[2022-10-08 05:13:56,898] [builder.py:627]            [DEBUG]    |                                                                                                    |
[2022-10-08 05:13:56,899] [builder.py:631]            [DEBUG]    | Validating Method: url_poster                                                                      |
[2022-10-08 05:13:56,899] [builder.py:632]            [DEBUG]    | Value: https://raw.githubusercontent.com/MonsieurZed/poster/main/img/GENRE_SUPERHERO.png           |
[2022-10-08 05:13:57,066] [builder.py:828]            [WARNING]  | Collection Warning: No Poster Found at https://raw.githubusercontent.com/MonsieurZed/poster/main/img/GENRE_SUPERHERO.png |
[2022-10-08 05:13:57,067] [builder.py:627]            [DEBUG]    |                                                                                                    |
[2022-10-08 05:13:57,067] [builder.py:631]            [DEBUG]    | Validating Method: imdb_list                                                                       |
[2022-10-08 05:13:57,067] [builder.py:632]            [DEBUG]    | Value: [ordereddict([('url', 'https://www.imdb.com/search/title/?title_type=feature&release_date=1990-01-01,&user_rating=5.0,10.0&num_votes=100000,&genres=superhero'), ('limit', 200)]), ordereddict([('url', 'https://www.imdb.com/search/title/?title_type=feature&release_date=1990-01-01,&user_rating=5.0,10.0&num_votes=100000,&genres=superhero&sort=user_rating,desc'), ('limit', 200)])] |
[2022-10-08 05:13:58,851] [builder.py:627]            [DEBUG]    |                                                                                                    |
[2022-10-08 05:13:58,853] [builder.py:631]            [DEBUG]    | Validating Method: summary                                                                         |
[2022-10-08 05:13:58,853] [builder.py:632]            [DEBUG]    | Value: SuperHeroes movies                                                                          |
[2022-10-08 05:13:58,854] [builder.py:627]            [DEBUG]    |                                                                                                    |
[2022-10-08 05:13:58,854] [builder.py:631]            [DEBUG]    | Validating Method: sort_title                                                                      |
[2022-10-08 05:13:58,854] [builder.py:632]            [DEBUG]    | Value: +3_Supeheroes                                                                               |
[2022-10-08 05:14:01,876] [builder.py:797]            [INFO]     |                                                                                                    |
[2022-10-08 05:14:01,876] [builder.py:798]            [INFO]     | Validation Successful                                                                              |
[2022-10-08 05:14:01,876] [plex_meta_manager.py:561]  [INFO]     |                                                                                                    |
[2022-10-08 05:14:01,877] [plex_meta_manager.py:563]  [INFO]     |================================== Running Supeheroes Collection ===================================|
[2022-10-08 05:14:01,877] [plex_meta_manager.py:569]  [INFO]     |                                                                                                    |
[2022-10-08 05:14:01,877] [plex_meta_manager.py:570]  [INFO]     | Smart Movie Label                                                                                  |
                                                                 | Sort By: audience_rating.desc
                                                                 | Filter:
                                                                 |   Match all of the following:
                                                                 |     Label is Supeheroes
[2022-10-08 05:14:01,878] [plex_meta_manager.py:575]  [INFO]     | 
[2022-10-08 05:14:01,878] [plex_meta_manager.py:576]  [INFO]     | Sync Mode: sync
[2022-10-08 05:14:01,878] [plex_meta_manager.py:579]  [DEBUG]    | 
[2022-10-08 05:14:01,878] [plex_meta_manager.py:580]  [DEBUG]    | Builder: imdb_list: {'url': 'https://www.imdb.com/search/title/?title_type=feature&release_date=1990-01-01,&user_rating=5.0,10.0&num_votes=100000,&genres=superhero', 'limit': 200}
[2022-10-08 05:14:01,878] [plex_meta_manager.py:581]  [INFO]     | 
[2022-10-08 05:14:01,879] [imdb.py:184]               [INFO]     | Processing IMDb List: 200 Items at https://www.imdb.com/search/title/?title_type=feature&release_date=1990-01-01,&user_rating=5.0,10.0&num_votes=100000,&genres=superhero
[2022-10-08 05:14:06,279] [imdb.py:135]               [DEBUG]    | 200 IMDb IDs Found: ['tt12593682', 'tt0107120', 'tt10648342', 'tt1745960', 'tt0499549', 'tt10954984', 'tt3704428', 'tt6710474', 'tt0120737', 'tt0110912', 'tt7144666', 'tt8041270', 'tt3748528', 'tt1877830', 'tt11866324', 'tt1464335', 'tt1649418', 'tt0118749', 'tt11138512', 'tt8772262', 'tt10872600', 'tt0111161', 'tt0169547', 'tt7131622', 'tt1160419', 'tt7846844', 'tt11271038', 'tt0137523', 'tt9419884', 'tt8946378', 'tt5108870', 'tt0816692', 'tt0241527', 'tt2382320', 'tt0167260', 'tt13320622', 'tt0144084', 'tt1538403', 'tt0172495', 'tt0993846', 'tt11245972', 'tt0468569', 'tt7657566', 'tt1431045', 'tt5463162', 'tt9639470', 'tt0120338', 'tt2582802', 'tt4154796', 'tt8178634', 'tt1375666', 'tt1856101', 'tt8367814', 'tt1148204', 'tt9032400', 'tt0102926', 'tt4513678', 'tt0114369', 'tt0167261', 'tt0360486', 'tt7784604', 'tt6723592', 'tt5052448', 'tt11214590', 'tt1392214', 'tt3315342', 'tt0903624', 'tt6751668', 'tt1245492', 'tt0109830', 'tt7286456', 'tt11286314', 'tt1396484', 'tt10838180', 'tt2267998', 'tt1250777', 'tt1758830', 'tt3281548', 'tt1535108', 'tt0116629', 'tt0765010', 'tt3569230', 'tt4123432', 'tt0099685', 'tt0108052', 'tt1231587', 'tt1130884', 'tt6264654', 'tt0113277', 'tt0107290', 'tt0361748', 'tt0107688', 'tt0145487', 'tt0110413', 'tt1677720', 'tt0117571', 'tt0120616', 'tt0377092', 'tt0133093', 'tt0120663', 'tt1853728', 'tt0180093', 'tt0103874', 'tt4263482', 'tt6856242', 'tt1570728', 'tt4016934', 'tt0120815', 'tt0120689', 'tt1502407', 'tt0110148', 'tt0407887', 'tt3501632', 'tt2953050', 'tt10954652', 'tt10366460', 'tt0163651', 'tt4912910', 'tt0482571', 'tt1392170', 'tt1170358', 'tt2911666', 'tt8009428', 'tt2935510', 'tt0119217', 'tt6334354', 'tt4244994', 'tt1937390', 'tt1457767', 'tt7740496', 'tt7888964', 'tt1485796', 'tt0112697', 'tt0208092', 'tt1099212', 'tt1023111', 'tt1840309', 'tt3385516', 'tt2015381', 'tt0477348', 'tt8579674', 'tt0106677', 'tt0325980', 'tt1825683', 'tt1392190', 'tt3480822', 'tt4633694', 'tt1345836', 'tt8847712', 'tt0332280', 'tt5726616', 'tt2278388', 'tt4154756', 'tt6857112', 'tt2802144', 'tt0246578', 'tt5580390', 'tt0147800', 'tt2119532', 'tt1285016', 'tt0364569', 'tt0110357', 'tt0332452', 'tt4972582', 'tt0414387', 'tt6823368', 'tt1981677', 'tt5013056', 'tt0317219', 'tt1922777', 'tt11083552', 'tt0108358', 'tt0099938', 'tt0338013', 'tt0114814', 'tt1655441', 'tt1727824', 'tt0374900', 'tt2310332', 'tt0120903', 'tt1489887', 'tt1800241', 'tt0245574', 'tt0947798', 'tt7984766', 'tt0101272', 'tt2463208', 'tt0264464', 'tt0118715', 'tt0213847', 'tt1877832', 'tt0369339', 'tt0209144', 'tt0103064', 'tt9421570', 'tt0458525', 'tt0175142', 'tt12361974', 'tt2194499', 'tt0245429']
[2022-10-08 05:14:06,279] [builder.py:1540]           [DEBUG]    | 
[2022-10-08 05:14:06,280] [builder.py:1541]           [DEBUG]    | 200 IDs Found: [('tt12593682', 'imdb'), ('tt0107120', 'imdb'), ('tt10648342', 'imdb'), ('tt1745960', 'imdb'), ('tt0499549', 'imdb'), ('tt10954984', 'imdb'), ('tt3704428', 'imdb'), ('tt6710474', 'imdb'), ('tt0120737', 'imdb'), ('tt0110912', 'imdb'), ('tt7144666', 'imdb'), ('tt8041270', 'imdb'), ('tt3748528', 'imdb'), ('tt1877830', 'imdb'), ('tt11866324', 'imdb'), ('tt1464335', 'imdb'), ('tt1649418', 'imdb'), ('tt0118749', 'imdb'), ('tt11138512', 'imdb'), ('tt8772262', 'imdb'), ('tt10872600', 'imdb'), ('tt0111161', 'imdb'), ('tt0169547', 'imdb'), ('tt7131622', 'imdb'), ('tt1160419', 'imdb'), ('tt7846844', 'imdb'), ('tt11271038', 'imdb'), ('tt0137523', 'imdb'), ('tt9419884', 'imdb'), ('tt8946378', 'imdb'), ('tt5108870', 'imdb'), ('tt0816692', 'imdb'), ('tt0241527', 'imdb'), ('tt2382320', 'imdb'), ('tt0167260', 'imdb'), ('tt13320622', 'imdb'), ('tt0144084', 'imdb'), ('tt1538403', 'imdb'), ('tt0172495', 'imdb'), ('tt0993846', 'imdb'), ('tt11245972', 'imdb'), ('tt0468569', 'imdb'), ('tt7657566', 'imdb'), ('tt1431045', 'imdb'), ('tt5463162', 'imdb'), ('tt9639470', 'imdb'), ('tt0120338', 'imdb'), ('tt2582802', 'imdb'), ('tt4154796', 'imdb'), ('tt8178634', 'imdb'), ('tt1375666', 'imdb'), ('tt1856101', 'imdb'), ('tt8367814', 'imdb'), ('tt1148204', 'imdb'), ('tt9032400', 'imdb'), ('tt0102926', 'imdb'), ('tt4513678', 'imdb'), ('tt0114369', 'imdb'), ('tt0167261', 'imdb'), ('tt0360486', 'imdb'), ('tt7784604', 'imdb'), ('tt6723592', 'imdb'), ('tt5052448', 'imdb'), ('tt11214590', 'imdb'), ('tt1392214', 'imdb'), ('tt3315342', 'imdb'), ('tt0903624', 'imdb'), ('tt6751668', 'imdb'), ('tt1245492', 'imdb'), ('tt0109830', 'imdb'), ('tt7286456', 'imdb'), ('tt11286314', 'imdb'), ('tt1396484', 'imdb'), ('tt10838180', 'imdb'), ('tt2267998', 'imdb'), ('tt1250777', 'imdb'), ('tt1758830', 'imdb'), ('tt3281548', 'imdb'), ('tt1535108', 'imdb'), ('tt0116629', 'imdb'), ('tt0765010', 'imdb'), ('tt3569230', 'imdb'), ('tt4123432', 'imdb'), ('tt0099685', 'imdb'), ('tt0108052', 'imdb'), ('tt1231587', 'imdb'), ('tt1130884', 'imdb'), ('tt6264654', 'imdb'), ('tt0113277', 'imdb'), ('tt0107290', 'imdb'), ('tt0361748', 'imdb'), ('tt0107688', 'imdb'), ('tt0145487', 'imdb'), ('tt0110413', 'imdb'), ('tt1677720', 'imdb'), ('tt0117571', 'imdb'), ('tt0120616', 'imdb'), ('tt0377092', 'imdb'), ('tt0133093', 'imdb'), ('tt0120663', 'imdb'), ('tt1853728', 'imdb'), ('tt0180093', 'imdb'), ('tt0103874', 'imdb'), ('tt4263482', 'imdb'), ('tt6856242', 'imdb'), ('tt1570728', 'imdb'), ('tt4016934', 'imdb'), ('tt0120815', 'imdb'), ('tt0120689', 'imdb'), ('tt1502407', 'imdb'), ('tt0110148', 'imdb'), ('tt0407887', 'imdb'), ('tt3501632', 'imdb'), ('tt2953050', 'imdb'), ('tt10954652', 'imdb'), ('tt10366460', 'imdb'), ('tt0163651', 'imdb'), ('tt4912910', 'imdb'), ('tt0482571', 'imdb'), ('tt1392170', 'imdb'), ('tt1170358', 'imdb'), ('tt2911666', 'imdb'), ('tt8009428', 'imdb'), ('tt2935510', 'imdb'), ('tt0119217', 'imdb'), ('tt6334354', 'imdb'), ('tt4244994', 'imdb'), ('tt1937390', 'imdb'), ('tt1457767', 'imdb'), ('tt7740496', 'imdb'), ('tt7888964', 'imdb'), ('tt1485796', 'imdb'), ('tt0112697', 'imdb'), ('tt0208092', 'imdb'), ('tt1099212', 'imdb'), ('tt1023111', 'imdb'), ('tt1840309', 'imdb'), ('tt3385516', 'imdb'), ('tt2015381', 'imdb'), ('tt0477348', 'imdb'), ('tt8579674', 'imdb'), ('tt0106677', 'imdb'), ('tt0325980', 'imdb'), ('tt1825683', 'imdb'), ('tt1392190', 'imdb'), ('tt3480822', 'imdb'), ('tt4633694', 'imdb'), ('tt1345836', 'imdb'), ('tt8847712', 'imdb'), ('tt0332280', 'imdb'), ('tt5726616', 'imdb'), ('tt2278388', 'imdb'), ('tt4154756', 'imdb'), ('tt6857112', 'imdb'), ('tt2802144', 'imdb'), ('tt0246578', 'imdb'), ('tt5580390', 'imdb'), ('tt0147800', 'imdb'), ('tt2119532', 'imdb'), ('tt1285016', 'imdb'), ('tt0364569', 'imdb'), ('tt0110357', 'imdb'), ('tt0332452', 'imdb'), ('tt4972582', 'imdb'), ('tt0414387', 'imdb'), ('tt6823368', 'imdb'), ('tt1981677', 'imdb'), ('tt5013056', 'imdb'), ('tt0317219', 'imdb'), ('tt1922777', 'imdb'), ('tt11083552', 'imdb'), ('tt0108358', 'imdb'), ('tt0099938', 'imdb'), ('tt0338013', 'imdb'), ('tt0114814', 'imdb'), ('tt1655441', 'imdb'), ('tt1727824', 'imdb'), ('tt0374900', 'imdb'), ('tt2310332', 'imdb'), ('tt0120903', 'imdb'), ('tt1489887', 'imdb'), ('tt1800241', 'imdb'), ('tt0245574', 'imdb'), ('tt0947798', 'imdb'), ('tt7984766', 'imdb'), ('tt0101272', 'imdb'), ('tt2463208', 'imdb'), ('tt0264464', 'imdb'), ('tt0118715', 'imdb'), ('tt0213847', 'imdb'), ('tt1877832', 'imdb'), ('tt0369339', 'imdb'), ('tt0209144', 'imdb'), ('tt0103064', 'imdb'), ('tt9421570', 'imdb'), ('tt0458525', 'imdb'), ('tt0175142', 'imdb'), ('tt12361974', 'imdb'), ('tt2194499', 'imdb'), ('tt0245429', 'imdb')]
[2022-10-08 05:14:06,280] [builder.py:1542]           [DEBUG]    | 
[2022-10-08 05:14:06,410] [plex_meta_manager.py:579]  [DEBUG]    | 
[2022-10-08 05:14:06,413] [plex_meta_manager.py:580]  [DEBUG]    | Builder: imdb_list: {'url': 'https://www.imdb.com/search/title/?title_type=feature&release_date=1990-01-01,&user_rating=5.0,10.0&num_votes=100000,&genres=superhero&sort=user_rating,desc', 'limit': 200}
[2022-10-08 05:14:06,413] [plex_meta_manager.py:581]  [INFO]     | 
[2022-10-08 05:14:06,413] [imdb.py:184]               [INFO]     | Processing IMDb List: 200 Items at https://www.imdb.com/search/title/?title_type=feature&release_date=1990-01-01,&user_rating=5.0,10.0&num_votes=100000,&genres=superhero&sort=user_rating,desc
[2022-10-08 05:14:10,807] [imdb.py:135]               [DEBUG]    | 200 IMDb IDs Found: ['tt0111161', 'tt0468569', 'tt0167260', 'tt0108052', 'tt15097216', 'tt0110912', 'tt1375666', 'tt0167261', 'tt0137523', 'tt0120737', 'tt0109830', 'tt10189514', 'tt0133093', 'tt0099685', 'tt0816692', 'tt0317248', 'tt0245429', 'tt0120815', 'tt0120689', 'tt0118799', 'tt0114369', 'tt0103064', 'tt0102926', 'tt6751668', 'tt2582802', 'tt1675434', 'tt0482571', 'tt0407887', 'tt0253474', 'tt0172495', 'tt0120586', 'tt0114814', 'tt0110413', 'tt0110357', 'tt7286456', 'tt5311514', 'tt4633694', 'tt4154796', 'tt4154756', 'tt2380307', 'tt1853728', 'tt1745960', 'tt1345836', 'tt1187043', 'tt10698680', 'tt10295212', 'tt0910970', 'tt0405094', 'tt0364569', 'tt0209144', 'tt0169547', 'tt0119698', 'tt0112573', 'tt5074352', 'tt2106476', 'tt1832382', 'tt1255953', 'tt10872600', 'tt10811166', 'tt1049413', 'tt0986264', 'tt0435761', 'tt0361748', 'tt0338013', 'tt0211915', 'tt0180093', 'tt0119217', 'tt0114709', 'tt0113277', 'tt0105236', 'tt8579674', 'tt6966692', 'tt5813916', 'tt4849438', 'tt2096673', 'tt1305806', 'tt1291584', 'tt1130884', 'tt10272386', 'tt0993846', 'tt0477348', 'tt0469494', 'tt0457430', 'tt0434409', 'tt0372784', 'tt0363163', 'tt0347149', 'tt0268978', 'tt0266697', 'tt0266543', 'tt0208092', 'tt0167404', 'tt0120735', 'tt0120382', 'tt0119488', 'tt0112641', 'tt0107290', 'tt0105695', 'tt8110330', 'tt6710474', 'tt5027774', 'tt4729430', 'tt4016934', 'tt3315342', 'tt3170832', 'tt3011894', 'tt2338151', 'tt2278388', 'tt2267998', 'tt2119532', 'tt2024544', 'tt1979320', 'tt1950186', 'tt1895587', 'tt1454029', 'tt1392214', 'tt1392190', 'tt1205489', 'tt1201607', 'tt1028532', 'tt0978762', 'tt0892769', 'tt0758758', 'tt0405508', 'tt0405159', 'tt0395169', 'tt0382932', 'tt0381681', 'tt0353969', 'tt0325980', 'tt0264464', 'tt0245712', 'tt0198781', 'tt0169102', 'tt0129167', 'tt0118715', 'tt0118694', 'tt0117951', 'tt0116282', 'tt0113247', 'tt0112471', 'tt0111495', 'tt0107207', 'tt0107048', 'tt8178634', 'tt4857264', 'tt3783958', 'tt3741834', 'tt3659388', 'tt2948372', 'tt2948356', 'tt2631186', 'tt2084970', 'tt2015381', 'tt1856101', 'tt1798709', 'tt1663202', 'tt1659337', 'tt1504320', 'tt1431045', 'tt12361974', 'tt1220719', 'tt1160419', 'tt10366460', 'tt1010048', 'tt0947798', 'tt0861739', 'tt0848228', 'tt0454921', 'tt0450259', 'tt0440963', 'tt0401792', 'tt0401383', 'tt0381061', 'tt0378194', 'tt0352248', 'tt0338564', 'tt0319061', 'tt0317705', 'tt0276919', 'tt0246578', 'tt0175880', 'tt0114746', 'tt0105323', 'tt0103639', 'tt0102138', 'tt0101414', 'tt0099348', 'tt8946378', 'tt7653254', 'tt3501632', 'tt2584384', 'tt2543472', 'tt2543164', 'tt2265171', 'tt2209418', 'tt1877832', 'tt1877830', 'tt1727824', 'tt1655442']
[2022-10-08 05:14:10,807] [builder.py:1540]           [DEBUG]    | 
[2022-10-08 05:14:10,808] [builder.py:1541]           [DEBUG]    | 200 IDs Found: [('tt0111161', 'imdb'), ('tt0468569', 'imdb'), ('tt0167260', 'imdb'), ('tt0108052', 'imdb'), ('tt15097216', 'imdb'), ('tt0110912', 'imdb'), ('tt1375666', 'imdb'), ('tt0167261', 'imdb'), ('tt0137523', 'imdb'), ('tt0120737', 'imdb'), ('tt0109830', 'imdb'), ('tt10189514', 'imdb'), ('tt0133093', 'imdb'), ('tt0099685', 'imdb'), ('tt0816692', 'imdb'), ('tt0317248', 'imdb'), ('tt0245429', 'imdb'), ('tt0120815', 'imdb'), ('tt0120689', 'imdb'), ('tt0118799', 'imdb'), ('tt0114369', 'imdb'), ('tt0103064', 'imdb'), ('tt0102926', 'imdb'), ('tt6751668', 'imdb'), ('tt2582802', 'imdb'), ('tt1675434', 'imdb'), ('tt0482571', 'imdb'), ('tt0407887', 'imdb'), ('tt0253474', 'imdb'), ('tt0172495', 'imdb'), ('tt0120586', 'imdb'), ('tt0114814', 'imdb'), ('tt0110413', 'imdb'), ('tt0110357', 'imdb'), ('tt7286456', 'imdb'), ('tt5311514', 'imdb'), ('tt4633694', 'imdb'), ('tt4154796', 'imdb'), ('tt4154756', 'imdb'), ('tt2380307', 'imdb'), ('tt1853728', 'imdb'), ('tt1745960', 'imdb'), ('tt1345836', 'imdb'), ('tt1187043', 'imdb'), ('tt10698680', 'imdb'), ('tt10295212', 'imdb'), ('tt0910970', 'imdb'), ('tt0405094', 'imdb'), ('tt0364569', 'imdb'), ('tt0209144', 'imdb'), ('tt0169547', 'imdb'), ('tt0119698', 'imdb'), ('tt0112573', 'imdb'), ('tt5074352', 'imdb'), ('tt2106476', 'imdb'), ('tt1832382', 'imdb'), ('tt1255953', 'imdb'), ('tt10872600', 'imdb'), ('tt10811166', 'imdb'), ('tt1049413', 'imdb'), ('tt0986264', 'imdb'), ('tt0435761', 'imdb'), ('tt0361748', 'imdb'), ('tt0338013', 'imdb'), ('tt0211915', 'imdb'), ('tt0180093', 'imdb'), ('tt0119217', 'imdb'), ('tt0114709', 'imdb'), ('tt0113277', 'imdb'), ('tt0105236', 'imdb'), ('tt8579674', 'imdb'), ('tt6966692', 'imdb'), ('tt5813916', 'imdb'), ('tt4849438', 'imdb'), ('tt2096673', 'imdb'), ('tt1305806', 'imdb'), ('tt1291584', 'imdb'), ('tt1130884', 'imdb'), ('tt10272386', 'imdb'), ('tt0993846', 'imdb'), ('tt0477348', 'imdb'), ('tt0469494', 'imdb'), ('tt0457430', 'imdb'), ('tt0434409', 'imdb'), ('tt0372784', 'imdb'), ('tt0363163', 'imdb'), ('tt0347149', 'imdb'), ('tt0268978', 'imdb'), ('tt0266697', 'imdb'), ('tt0266543', 'imdb'), ('tt0208092', 'imdb'), ('tt0167404', 'imdb'), ('tt0120735', 'imdb'), ('tt0120382', 'imdb'), ('tt0119488', 'imdb'), ('tt0112641', 'imdb'), ('tt0107290', 'imdb'), ('tt0105695', 'imdb'), ('tt8110330', 'imdb'), ('tt6710474', 'imdb'), ('tt5027774', 'imdb'), ('tt4729430', 'imdb'), ('tt4016934', 'imdb'), ('tt3315342', 'imdb'), ('tt3170832', 'imdb'), ('tt3011894', 'imdb'), ('tt2338151', 'imdb'), ('tt2278388', 'imdb'), ('tt2267998', 'imdb'), ('tt2119532', 'imdb'), ('tt2024544', 'imdb'), ('tt1979320', 'imdb'), ('tt1950186', 'imdb'), ('tt1895587', 'imdb'), ('tt1454029', 'imdb'), ('tt1392214', 'imdb'), ('tt1392190', 'imdb'), ('tt1205489', 'imdb'), ('tt1201607', 'imdb'), ('tt1028532', 'imdb'), ('tt0978762', 'imdb'), ('tt0892769', 'imdb'), ('tt0758758', 'imdb'), ('tt0405508', 'imdb'), ('tt0405159', 'imdb'), ('tt0395169', 'imdb'), ('tt0382932', 'imdb'), ('tt0381681', 'imdb'), ('tt0353969', 'imdb'), ('tt0325980', 'imdb'), ('tt0264464', 'imdb'), ('tt0245712', 'imdb'), ('tt0198781', 'imdb'), ('tt0169102', 'imdb'), ('tt0129167', 'imdb'), ('tt0118715', 'imdb'), ('tt0118694', 'imdb'), ('tt0117951', 'imdb'), ('tt0116282', 'imdb'), ('tt0113247', 'imdb'), ('tt0112471', 'imdb'), ('tt0111495', 'imdb'), ('tt0107207', 'imdb'), ('tt0107048', 'imdb'), ('tt8178634', 'imdb'), ('tt4857264', 'imdb'), ('tt3783958', 'imdb'), ('tt3741834', 'imdb'), ('tt3659388', 'imdb'), ('tt2948372', 'imdb'), ('tt2948356', 'imdb'), ('tt2631186', 'imdb'), ('tt2084970', 'imdb'), ('tt2015381', 'imdb'), ('tt1856101', 'imdb'), ('tt1798709', 'imdb'), ('tt1663202', 'imdb'), ('tt1659337', 'imdb'), ('tt1504320', 'imdb'), ('tt1431045', 'imdb'), ('tt12361974', 'imdb'), ('tt1220719', 'imdb'), ('tt1160419', 'imdb'), ('tt10366460', 'imdb'), ('tt1010048', 'imdb'), ('tt0947798', 'imdb'), ('tt0861739', 'imdb'), ('tt0848228', 'imdb'), ('tt0454921', 'imdb'), ('tt0450259', 'imdb'), ('tt0440963', 'imdb'), ('tt0401792', 'imdb'), ('tt0401383', 'imdb'), ('tt0381061', 'imdb'), ('tt0378194', 'imdb'), ('tt0352248', 'imdb'), ('tt0338564', 'imdb'), ('tt0319061', 'imdb'), ('tt0317705', 'imdb'), ('tt0276919', 'imdb'), ('tt0246578', 'imdb'), ('tt0175880', 'imdb'), ('tt0114746', 'imdb'), ('tt0105323', 'imdb'), ('tt0103639', 'imdb'), ('tt0102138', 'imdb'), ('tt0101414', 'imdb'), ('tt0099348', 'imdb'), ('tt8946378', 'imdb'), ('tt7653254', 'imdb'), ('tt3501632', 'imdb'), ('tt2584384', 'imdb'), ('tt2543472', 'imdb'), ('tt2543164', 'imdb'), ('tt2265171', 'imdb'), ('tt2209418', 'imdb'), ('tt1877832', 'imdb'), ('tt1877830', 'imdb'), ('tt1727824', 'imdb'), ('tt1655442', 'imdb')]
[2022-10-08 05:14:10,808] [builder.py:1542]           [DEBUG]    | 
[2022-10-08 05:14:11,282] [builder.py:2064]           [INFO]     | 
[2022-10-08 05:14:11,285] [builder.py:2065]           [INFO]     |================================= Adding to Supeheroes Collection ==================================|
[2022-10-08 05:14:11,285] [builder.py:2066]           [INFO]     |                                                                                                    |
[2022-10-08 05:14:12,885] [builder.py:2080]           [INFO]     |   1/199 | Supeheroes Collection | = | Bullet Train (2022)                                          |
[2022-10-08 05:14:12,886] [builder.py:2080]           [INFO]     |   2/199 | Supeheroes Collection | = | Thor : Love and Thunder (2022)                               |
[2022-10-08 05:14:12,888] [builder.py:2080]           [INFO]     |   3/199 | Supeheroes Collection | = | Top Gun: Maverick (2022)                                     |
[2022-10-08 05:14:12,889] [builder.py:2080]           [INFO]     |   4/199 | Supeheroes Collection | = | Avatar (2009)                                                |
[2022-10-08 05:14:12,890] [builder.py:2080]           [INFO]     |   5/199 | Supeheroes Collection | = | Nope (2022)                                                  |
[2022-10-08 05:14:12,891] [builder.py:2080]           [INFO]     |   6/199 | Supeheroes Collection | = | Elvis (2022)                                                 |
[2022-10-08 05:14:12,891] [builder.py:2080]           [INFO]     |   7/199 | Supeheroes Collection | = | Everything Everywhere All at Once (2022)                     |
[2022-10-08 05:14:12,892] [builder.py:2080]           [INFO]     |   8/199 | Supeheroes Collection | = | Le Seigneur des anneaux I : La Communaute de l'anneau (2001) |
[2022-10-08 05:14:12,894] [builder.py:2080]           [INFO]     |   9/199 | Supeheroes Collection | = | Pulp Fiction (1994)                                          |
[2022-10-08 05:14:12,894] [builder.py:2080]           [INFO]     |  10/199 | Supeheroes Collection | = | Black Phone (2022)                                           |
[2022-10-08 05:14:12,895] [builder.py:2080]           [INFO]     |  11/199 | Supeheroes Collection | = | Jurassic World : Le Monde d’après (2022)                     |
[2022-10-08 05:14:12,897] [builder.py:2080]           [INFO]     |  12/199 | Supeheroes Collection | = | Star Wars : Rogue One (2016)                                 |
[2022-10-08 05:14:12,899] [builder.py:2080]           [INFO]     |  13/199 | Supeheroes Collection | = | The Batman (2022)                                            |
[2022-10-08 05:14:12,900] [builder.py:2080]           [INFO]     |  14/199 | Supeheroes Collection | = | Prey (2022)                                                  |
[2022-10-08 05:14:12,902] [builder.py:2080]           [INFO]     |  15/199 | Supeheroes Collection | = | Uncharted (2022)                                             |
[2022-10-08 05:14:12,903] [builder.py:2080]           [INFO]     |  16/199 | Supeheroes Collection | = | The Gray Man (2022)                                          |
[2022-10-08 05:14:12,905] [builder.py:2080]           [INFO]     |  17/199 | Supeheroes Collection | = | The Northman (2022)                                          |
[2022-10-08 05:14:12,907] [builder.py:2080]           [INFO]     |  18/199 | Supeheroes Collection | = | Midsommar (2019)                                             |
[2022-10-08 05:14:12,910] [builder.py:2080]           [INFO]     |  19/199 | Supeheroes Collection | = | Spider-Man: No Way Home (2021)                               |
[2022-10-08 05:14:12,911] [builder.py:2080]           [INFO]     |  20/199 | Supeheroes Collection | = | American Beauty (1999)                                       |
[2022-10-08 05:14:12,912] [builder.py:2080]           [INFO]     |  21/199 | Supeheroes Collection | = | Once Upon a Time... in Hollywood (2019)                      |
[2022-10-08 05:14:12,914] [builder.py:2080]           [INFO]     |  22/199 | Supeheroes Collection | = | Dune (2021)                                                  |
[2022-10-08 05:14:12,915] [builder.py:2080]           [INFO]     |  23/199 | Supeheroes Collection | = | Enola Holmes (2020)                                          |
[2022-10-08 05:14:12,916] [builder.py:2080]           [INFO]     |  24/199 | Supeheroes Collection | = | Licorice Pizza (2021)                                        |
[2022-10-08 05:14:12,918] [builder.py:2080]           [INFO]     |  25/199 | Supeheroes Collection | = | Fight Club (1999)                                            |
[2022-10-08 05:14:12,918] [builder.py:2080]           [INFO]     |  26/199 | Supeheroes Collection | = | Doctor Strange in the Multiverse of Madness (2022)           |
[2022-10-08 05:14:12,919] [builder.py:2080]           [INFO]     |  27/199 | Supeheroes Collection | = | À Couteaux Tirés (2019)                                      |
[2022-10-08 05:14:12,920] [builder.py:2080]           [INFO]     |  28/199 | Supeheroes Collection | = | Morbius (2022)                                               |
[2022-10-08 05:14:12,921] [builder.py:2080]           [INFO]     |  29/199 | Supeheroes Collection | = | Interstellar (2014)                                          |
[2022-10-08 05:14:12,922] [builder.py:2080]           [INFO]     |  30/199 | Supeheroes Collection | = | Harry Potter : À l'ecole des sorciers (2001)                 |
[2022-10-08 05:14:12,923] [builder.py:2080]           [INFO]     |  31/199 | Supeheroes Collection | = | 007 : Mourir peut attendre (2021)                            |
[2022-10-08 05:14:12,924] [builder.py:2080]           [INFO]     |  32/199 | Supeheroes Collection | = | Le Seigneur des anneaux III : Le Retour du roi (2003)        |
[2022-10-08 05:14:12,924] [builder.py:2080]           [INFO]     |  33/199 | Supeheroes Collection | = | American Psycho (2000)                                       |
[2022-10-08 05:14:12,925] [builder.py:2080]           [INFO]     |  34/199 | Supeheroes Collection | = | Gladiator (2000)                                             |
[2022-10-08 05:14:12,925] [builder.py:2080]           [INFO]     |  35/199 | Supeheroes Collection | = | Le Loup de Wall Street (2013)                                |
[2022-10-08 05:14:12,927] [builder.py:2080]           [INFO]     |  36/199 | Supeheroes Collection | = | Scream (2022)                                                |
[2022-10-08 05:14:12,929] [builder.py:2080]           [INFO]     |  37/199 | Supeheroes Collection | = | The Dark Knight : Le Chevalier noir (2008)                   |
[2022-10-08 05:14:12,930] [builder.py:2080]           [INFO]     |  38/199 | Supeheroes Collection | = | Deadpool (2016)                                              |
[2022-10-08 05:14:12,931] [builder.py:2080]           [INFO]     |  39/199 | Supeheroes Collection | = | Deadpool 2 (2018)                                            |
[2022-10-08 05:14:12,932] [builder.py:2080]           [INFO]     |  40/199 | Supeheroes Collection | = | Last Night in Soho (2021)                                    |
[2022-10-08 05:14:12,934] [builder.py:2080]           [INFO]     |  41/199 | Supeheroes Collection | = | Whiplash (2014)                                              |
[2022-10-08 05:14:12,936] [builder.py:2080]           [INFO]     |  42/199 | Supeheroes Collection | = | Avengers : Endgame (2019)                                    |
[2022-10-08 05:14:12,937] [builder.py:2080]           [INFO]     |  43/199 | Supeheroes Collection | = | Inception (2010)                                             |
[2022-10-08 05:14:12,938] [builder.py:2080]           [INFO]     |  44/199 | Supeheroes Collection | = | Blade Runner 2049 (2017)                                     |
[2022-10-08 05:14:12,938] [builder.py:2080]           [INFO]     |  45/199 | Supeheroes Collection | = | The Gentlemen (2020)                                         |
[2022-10-08 05:14:12,939] [builder.py:2080]           [INFO]     |  46/199 | Supeheroes Collection | = | Esther (2009)                                                |
[2022-10-08 05:14:12,940] [builder.py:2080]           [INFO]     |  47/199 | Supeheroes Collection | = | Les éternels (2021)                                          |
[2022-10-08 05:14:12,942] [builder.py:2080]           [INFO]     |  48/199 | Supeheroes Collection | = | Le Silence des agneaux (1991)                                |
[2022-10-08 05:14:12,944] [builder.py:2080]           [INFO]     |  49/199 | Supeheroes Collection | = | S.O.S. Fantômes : L’Héritage (2021)                          |
[2022-10-08 05:14:12,946] [builder.py:2080]           [INFO]     |  50/199 | Supeheroes Collection | = | Seven (1995)                                                 |
[2022-10-08 05:14:12,948] [builder.py:2080]           [INFO]     |  51/199 | Supeheroes Collection | = | Le Seigneur des anneaux II : Les Deux Tours (2002)           |
[2022-10-08 05:14:12,950] [builder.py:2080]           [INFO]     |  52/199 | Supeheroes Collection | = | Hérédité (2018)                                              |
[2022-10-08 05:14:12,952] [builder.py:2080]           [INFO]     |  53/199 | Supeheroes Collection | = | Tenet (2020)                                                 |
[2022-10-08 05:14:12,954] [builder.py:2080]           [INFO]     |  54/199 | Supeheroes Collection | = | Get Out (2017)                                               |
[2022-10-08 05:14:12,955] [builder.py:2080]           [INFO]     |  55/199 | Supeheroes Collection | = | House of Gucci (2021)                                        |
[2022-10-08 05:14:12,957] [builder.py:2080]           [INFO]     |  56/199 | Supeheroes Collection | = | Prisoners (2013)                                             |
[2022-10-08 05:14:12,959] [builder.py:2080]           [INFO]     |  57/199 | Supeheroes Collection | = | Logan (2017)                                                 |
[2022-10-08 05:14:12,962] [builder.py:2080]           [INFO]     |  58/199 | Supeheroes Collection | = | Le Hobbit : Un voyage inattendu (2012)                       |
[2022-10-08 05:14:12,964] [builder.py:2080]           [INFO]     |  59/199 | Supeheroes Collection | = | Parasite (2019)                                              |
[2022-10-08 05:14:12,966] [builder.py:2080]           [INFO]     |  60/199 | Supeheroes Collection | = | Forrest Gump (1994)                                          |
[2022-10-08 05:14:12,967] [builder.py:2080]           [INFO]     |  61/199 | Supeheroes Collection | = | Joker (2019)                                                 |
[2022-10-08 05:14:12,969] [builder.py:2080]           [INFO]     |  62/199 | Supeheroes Collection | = | Matrix IV : Resurrections (2021)                             |
[2022-10-08 05:14:12,970] [builder.py:2080]           [INFO]     |  63/199 | Supeheroes Collection | = | Gone Girl (2014)                                             |
[2022-10-08 05:14:12,971] [builder.py:2080]           [INFO]     |  64/199 | Supeheroes Collection | = | Kick-Ass (2010)                                              |
[2022-10-08 05:14:12,973] [builder.py:2080]           [INFO]     |  65/199 | Supeheroes Collection | = | Les Filles du docteur March (2019)                           |
[2022-10-08 05:14:12,974] [builder.py:2080]           [INFO]     |  66/199 | Supeheroes Collection | = | Elysium (2013)                                               |
[2022-10-08 05:14:12,975] [builder.py:2080]           [INFO]     |  67/199 | Supeheroes Collection | = | Independence Day : Le Jour de la riposte (1996)              |
[2022-10-08 05:14:12,977] [builder.py:2080]           [INFO]     |  68/199 | Supeheroes Collection | = | Les Animaux Fantastiques - Les Secrets de Dumbledore (2022)  |
[2022-10-08 05:14:12,979] [builder.py:2080]           [INFO]     |  69/199 | Supeheroes Collection | = | La Liste de Schindler (1993)                                 |
[2022-10-08 05:14:12,981] [builder.py:2080]           [INFO]     |  70/199 | Supeheroes Collection | = | Shutter Island (2010)                                        |
[2022-10-08 05:14:12,982] [builder.py:2080]           [INFO]     |  71/199 | Supeheroes Collection | = | Heat (1995)                                                  |
[2022-10-08 05:14:12,983] [builder.py:2080]           [INFO]     |  72/199 | Supeheroes Collection | = | Jurassic Park (1993)                                         |
[2022-10-08 05:14:12,984] [builder.py:2080]           [INFO]     |  73/199 | Supeheroes Collection | = | Inglourious Basterds (2009)                                  |
[2022-10-08 05:14:12,985] [builder.py:2080]           [INFO]     |  74/199 | Supeheroes Collection | = | Spider-Man I (2002)                                          |
[2022-10-08 05:14:12,987] [builder.py:2080]           [INFO]     |  75/199 | Supeheroes Collection | = | Léon (1994)                                                  |
[2022-10-08 05:14:12,989] [builder.py:2080]           [INFO]     |  76/199 | Supeheroes Collection | = | Ready Player One (2018)                                      |
[2022-10-08 05:14:12,991] [builder.py:2080]           [INFO]     |  77/199 | Supeheroes Collection | = | La Momie (1999)                                              |
[2022-10-08 05:14:12,993] [builder.py:2080]           [INFO]     |  78/199 | Supeheroes Collection | = | Matrix I : The Matrix (1999)                                 |
[2022-10-08 05:14:12,995] [builder.py:2080]           [INFO]     |  79/199 | Supeheroes Collection | = | Django Unchained (2012)                                      |
[2022-10-08 05:14:12,996] [builder.py:2080]           [INFO]     |  80/199 | Supeheroes Collection | = | The King’s Man : Première Mission (2021)                     |
[2022-10-08 05:14:12,998] [builder.py:2080]           [INFO]     |  81/199 | Supeheroes Collection | = | Mademoiselle (2016)                                          |
[2022-10-08 05:14:13,000] [builder.py:2080]           [INFO]     |  82/199 | Supeheroes Collection | = | La Ligne verte (1999)                                        |
[2022-10-08 05:14:13,001] [builder.py:2080]           [INFO]     |  83/199 | Supeheroes Collection | = | Les Infiltrés (2006)                                         |
[2022-10-08 05:14:13,004] [builder.py:2080]           [INFO]     |  84/199 | Supeheroes Collection | = | Thor : Ragnarok (2017)                                       |
[2022-10-08 05:14:13,006] [builder.py:2080]           [INFO]     |  85/199 | Supeheroes Collection | = | Old (2021)                                                   |
[2022-10-08 05:14:13,007] [builder.py:2080]           [INFO]     |  86/199 | Supeheroes Collection | = | CODA (2021)                                                  |
[2022-10-08 05:14:13,009] [builder.py:2080]           [INFO]     |  87/199 | Supeheroes Collection | = | Mission : Impossible VI - Fallout (2018)                     |
[2022-10-08 05:14:13,010] [builder.py:2080]           [INFO]     |  88/199 | Supeheroes Collection | = | Le Prestige (2006)                                           |
[2022-10-08 05:14:13,011] [builder.py:2080]           [INFO]     |  89/199 | Supeheroes Collection | = | Hunger Games (2012)                                          |
[2022-10-08 05:14:13,012] [builder.py:2080]           [INFO]     |  90/199 | Supeheroes Collection | = | Le Hobbit : La Désolation de Smaug (2013)                    |
[2022-10-08 05:14:13,014] [builder.py:2080]           [INFO]     |  91/199 | Supeheroes Collection | = | John Wick (2014)                                             |
[2022-10-08 05:14:13,015] [builder.py:2080]           [INFO]     |  92/199 | Supeheroes Collection | = | Le Haut du panier (2022)                                     |
[2022-10-08 05:14:13,016] [builder.py:2080]           [INFO]     |  93/199 | Supeheroes Collection | = | Ad Astra (2019)                                              |
[2022-10-08 05:14:13,018] [builder.py:2080]           [INFO]     |  94/199 | Supeheroes Collection | = | Will Hunting (1997)                                          |
[2022-10-08 05:14:13,019] [builder.py:2080]           [INFO]     |  95/199 | Supeheroes Collection | = | Le Dernier Duel (2021)                                       |
[2022-10-08 05:14:13,020] [builder.py:2080]           [INFO]     |  96/199 | Supeheroes Collection | = | Conjuring : Les dossiers Warren (2013)                       |
[2022-10-08 05:14:13,020] [builder.py:2080]           [INFO]     |  97/199 | Supeheroes Collection | = | Nightmare Alley (2021)                                       |
[2022-10-08 05:14:13,022] [builder.py:2080]           [INFO]     |  98/199 | Supeheroes Collection | = | Nobody (2021)                                                |
[2022-10-08 05:14:13,024] [builder.py:2080]           [INFO]     |  99/199 | Supeheroes Collection | = | Snatch, tu braques ou tu raques (2000)                       |
[2022-10-08 05:14:13,026] [builder.py:2080]           [INFO]     | 100/199 | Supeheroes Collection | = | Twilight, chapitre 1 : Fascination (2008)                    |
[2022-10-08 05:14:13,028] [builder.py:2080]           [INFO]     | 101/199 | Supeheroes Collection | = | Les Gardiens de la Galaxie (2014)                            |
[2022-10-08 05:14:13,030] [builder.py:2080]           [INFO]     | 102/199 | Supeheroes Collection | = | No Country for Old Men (2007)                                |
[2022-10-08 05:14:13,032] [builder.py:2080]           [INFO]     | 103/199 | Supeheroes Collection | = | 1917 (2020)                                                  |
[2022-10-08 05:14:13,033] [builder.py:2080]           [INFO]     | 104/199 | Supeheroes Collection | = | Pirates des Caraïbes I : La Malédiction du Black Pearl (2003) |
[2022-10-08 05:14:13,034] [builder.py:2080]           [INFO]     | 105/199 | Supeheroes Collection | = | Black Panther (2018)                                         |
[2022-10-08 05:14:13,036] [builder.py:2080]           [INFO]     | 106/199 | Supeheroes Collection | = | Mad Max IV : Fury Road (2015)                                |
[2022-10-08 05:14:13,037] [builder.py:2080]           [INFO]     | 107/199 | Supeheroes Collection | = | Black Widow (2021)                                           |
[2022-10-08 05:14:13,038] [builder.py:2080]           [INFO]     | 108/199 | Supeheroes Collection | = | The Dark Knight Rises (2012)                                 |
[2022-10-08 05:14:13,038] [builder.py:2080]           [INFO]     | 109/199 | Supeheroes Collection | = | The French Dispatch (2021)                                   |
[2022-10-08 05:14:13,039] [builder.py:2080]           [INFO]     | 110/199 | Supeheroes Collection | = | Call Me by Your Name (2017)                                  |
[2022-10-08 05:14:13,040] [builder.py:2080]           [INFO]     | 111/199 | Supeheroes Collection | = | The Grand Budapest Hotel (2014)                              |
[2022-10-08 05:14:13,041] [builder.py:2080]           [INFO]     | 112/199 | Supeheroes Collection | = | Avengers : Infinity War (2018)                               |
[2022-10-08 05:14:13,042] [builder.py:2080]           [INFO]     | 113/199 | Supeheroes Collection | = | Us (2019)                                                    |
[2022-10-08 05:14:13,044] [builder.py:2080]           [INFO]     | 114/199 | Supeheroes Collection | = | Kingsman: Services secrets (2015)                            |
[2022-10-08 05:14:13,045] [builder.py:2080]           [INFO]     | 115/199 | Supeheroes Collection | = | La Forme de l'eau (2017)                                     |
[2022-10-08 05:14:13,046] [builder.py:2080]           [INFO]     | 116/199 | Supeheroes Collection | = | Tu ne tueras point (2016)                                    |
[2022-10-08 05:14:13,048] [builder.py:2080]           [INFO]     | 117/199 | Supeheroes Collection | = | The Social Network (2010)                                    |
[2022-10-08 05:14:13,050] [builder.py:2080]           [INFO]     | 118/199 | Supeheroes Collection | = | Old Boy (2003)                                               |
[2022-10-08 05:14:13,053] [builder.py:2080]           [INFO]     | 119/199 | Supeheroes Collection | = | Troie (2004)                                                 |
[2022-10-08 05:14:13,054] [builder.py:2080]           [INFO]     | 120/199 | Supeheroes Collection | = | Split (2017)                                                 |
[2022-10-08 05:14:13,056] [builder.py:2080]           [INFO]     | 121/199 | Supeheroes Collection | = | Orgueil & Préjugés (2005)                                    |
[2022-10-08 05:14:13,058] [builder.py:2080]           [INFO]     | 122/199 | Supeheroes Collection | = | Glass (2019)                                                 |
[2022-10-08 05:14:13,059] [builder.py:2080]           [INFO]     | 123/199 | Supeheroes Collection | = | Dunkerque (2017)                                             |
[2022-10-08 05:14:13,060] [builder.py:2080]           [INFO]     | 124/199 | Supeheroes Collection | = | Sinister (2012)                                              |
[2022-10-08 05:14:13,062] [builder.py:2080]           [INFO]     | 125/199 | Supeheroes Collection | = | Un Homme en colère (2021)                                    |
[2022-10-08 05:14:13,063] [builder.py:2080]           [INFO]     | 126/199 | Supeheroes Collection | = | Eternal Sunshine of the Spotless Mind (2004)                 |
[2022-10-08 05:14:13,064] [builder.py:2080]           [INFO]     | 127/199 | Supeheroes Collection | = | Bohemian Rhapsody (2018)                                     |
[2022-10-08 05:14:13,065] [builder.py:2080]           [INFO]     | 128/199 | Supeheroes Collection | = | Le Hobbit : La Bataille des cinq armées (2014)               |
[2022-10-08 05:14:13,067] [builder.py:2080]           [INFO]     | 129/199 | Supeheroes Collection | = | X-Men (2000)                                                 |
[2022-10-08 05:14:13,069] [builder.py:2080]           [INFO]     | 130/199 | Supeheroes Collection | = | Booksmart (2019)                                             |
[2022-10-08 05:14:13,069] [builder.py:2080]           [INFO]     | 131/199 | Supeheroes Collection | = | American Bluff (2013)                                        |
[2022-10-08 05:14:13,070] [builder.py:2080]           [INFO]     | 132/199 | Supeheroes Collection | = | Black Swan (2010)                                            |
[2022-10-08 05:14:13,070] [builder.py:2080]           [INFO]     | 133/199 | Supeheroes Collection | = | Arrête-moi si tu peux (2002)                                 |
[2022-10-08 05:14:13,072] [builder.py:2080]           [INFO]     | 134/199 | Supeheroes Collection | = | X-Men : Days of Future Past (2014)                           |
[2022-10-08 05:14:13,074] [builder.py:2080]           [INFO]     | 135/199 | Supeheroes Collection | = | Memento (2000)                                               |
[2022-10-08 05:14:13,077] [builder.py:2080]           [INFO]     | 136/199 | Supeheroes Collection | = | Terminator 2 : Le Jugement dernier (1991)                    |
[2022-10-08 05:14:13,079] [builder.py:2080]           [INFO]     | 137/199 | Supeheroes Collection | = | The Guilty (2021)                                            |
[2022-10-08 05:14:13,081] [builder.py:2080]           [INFO]     | 138/199 | Supeheroes Collection | = | X-Men Origins : Wolverine (2009)                             |
[2022-10-08 05:14:13,083] [builder.py:2080]           [INFO]     | 139/199 | Supeheroes Collection | = | Zack Snyder's Justice League (2021)                          |
[2022-10-08 05:14:13,085] [builder.py:2080]           [INFO]     | 140/199 | Supeheroes Collection | = | Il était Temps (2013)                                        |
[2022-10-08 05:14:13,086] [builder.py:2080]           [INFO]     | 141/199 | Supeheroes Collection | = | La Cité de Dieu (2002)                                       |
[2022-10-08 05:14:13,088] [builder.py:2080]           [INFO]     | 142/199 | Supeheroes Collection | = | La vie est belle (1997)                                      |
[2022-10-08 05:14:13,090] [builder.py:2080]           [INFO]     | 143/199 | Supeheroes Collection | = | Intouchables (2011)                                          |
[2022-10-08 05:14:13,092] [builder.py:2080]           [INFO]     | 144/199 | Supeheroes Collection | = | La Vie des autres (2006)                                     |
[2022-10-08 05:14:13,094] [builder.py:2080]           [INFO]     | 145/199 | Supeheroes Collection | = | Braveheart (1995)                                            |
[2022-10-08 05:14:13,095] [builder.py:2080]           [INFO]     | 146/199 | Supeheroes Collection | = | La Chasse (2012)                                             |
[2022-10-08 05:14:13,096] [builder.py:2080]           [INFO]     | 147/199 | Supeheroes Collection | = | Reservoir Dogs (1992)                                        |
[2022-10-08 05:14:13,098] [builder.py:2080]           [INFO]     | 148/199 | Supeheroes Collection | = | Green Book : Sur les routes du Sud (2018)                    |
[2022-10-08 05:14:13,099] [builder.py:2080]           [INFO]     | 149/199 | Supeheroes Collection | = | The Father (2020)                                            |
[2022-10-08 05:14:13,101] [builder.py:2080]           [INFO]     | 150/199 | Supeheroes Collection | = | There Will Be Blood (2008)                                   |
[2022-10-08 05:14:13,103] [builder.py:2080]           [INFO]     | 151/199 | Supeheroes Collection | = | Le Labyrinthe de Pan (2006)                                  |
[2022-10-08 05:14:13,105] [builder.py:2080]           [INFO]     | 152/199 | Supeheroes Collection | = | V pour Vendetta (2006)                                       |
[2022-10-08 05:14:13,106] [builder.py:2080]           [INFO]     | 153/199 | Supeheroes Collection | = | The Dark knight : Batman Begins (2005)                       |
[2022-10-08 05:14:13,108] [builder.py:2080]           [INFO]     | 154/199 | Supeheroes Collection | = | Un Homme d'Exception (2001)                                  |
[2022-10-08 05:14:13,109] [builder.py:2080]           [INFO]     | 155/199 | Supeheroes Collection | = | Kill Bill : Volume 1 (2003)                                  |
[2022-10-08 05:14:13,110] [builder.py:2080]           [INFO]     | 156/199 | Supeheroes Collection | = | Arnaques, crimes et botanique (1998)                         |
[2022-10-08 05:14:13,112] [builder.py:2080]           [INFO]     | 157/199 | Supeheroes Collection | = | The Truman Show (1998)                                       |
[2022-10-08 05:14:13,113] [builder.py:2080]           [INFO]     | 158/199 | Supeheroes Collection | = | Impitoyable (1992)                                           |
[2022-10-08 05:14:13,114] [builder.py:2080]           [INFO]     | 159/199 | Supeheroes Collection | = | 3 Billboards : Les Panneaux de la vengeance (2017)           |
[2022-10-08 05:14:13,115] [builder.py:2080]           [INFO]     | 160/199 | Supeheroes Collection | = | Room (2015)                                                  |
[2022-10-08 05:14:13,117] [builder.py:2080]           [INFO]     | 161/199 | Supeheroes Collection | = | Les Nouveaux Sauvages (2014)                                 |
[2022-10-08 05:14:13,118] [builder.py:2080]           [INFO]     | 162/199 | Supeheroes Collection | = | 12 Years a Slave (2013)                                      |
[2022-10-08 05:14:13,119] [builder.py:2080]           [INFO]     | 163/199 | Supeheroes Collection | = | Rush (2013)                                                  |
[2022-10-08 05:14:13,121] [builder.py:2080]           [INFO]     | 164/199 | Supeheroes Collection | = | Le Mans 66 (2019)                                            |
[2022-10-08 05:14:13,123] [builder.py:2080]           [INFO]     | 165/199 | Supeheroes Collection | = | Spotlight (2015)                                             |
[2022-10-08 05:14:13,124] [builder.py:2080]           [INFO]     | 166/199 | Supeheroes Collection | = | La Couleur des sentiments (2011)                             |
[2022-10-08 05:14:13,125] [builder.py:2080]           [INFO]     | 167/199 | Supeheroes Collection | = | Gran Torino (2009)                                           |
[2022-10-08 05:14:13,126] [builder.py:2080]           [INFO]     | 168/199 | Supeheroes Collection | = | Harry Potter VII-II : Les Reliques de la mort (2011)         |
[2022-10-08 05:14:13,127] [builder.py:2080]           [INFO]     | 169/199 | Supeheroes Collection | = | Into the Wild (2007)                                         |
[2022-10-08 05:14:13,129] [builder.py:2080]           [INFO]     | 170/199 | Supeheroes Collection | = | Million Dollar Baby (2004)                                   |
[2022-10-08 05:14:13,130] [builder.py:2080]           [INFO]     | 171/199 | Supeheroes Collection | = | Hôtel Rwanda (2005)                                          |
[2022-10-08 05:14:13,132] [builder.py:2080]           [INFO]     | 172/199 | Supeheroes Collection | = | Memories of Murder (2003)                                    |
[2022-10-08 05:14:13,134] [builder.py:2080]           [INFO]     | 173/199 | Supeheroes Collection | = | Trainspotting (1996)                                         |
[2022-10-08 05:14:13,136] [builder.py:2080]           [INFO]     | 174/199 | Supeheroes Collection | = | La Haine (1995)                                              |
[2022-10-08 05:14:13,138] [builder.py:2080]           [INFO]     | 175/199 | Supeheroes Collection | = | Un jour sans fin (1993)                                      |
[2022-10-08 05:14:13,141] [builder.py:2080]           [INFO]     | 176/199 | Supeheroes Collection | = | La La Land (2016)                                            |
[2022-10-08 05:14:13,142] [builder.py:2080]           [INFO]     | 177/199 | Supeheroes Collection | = | Lion (2016)                                                  |
[2022-10-08 05:14:13,144] [builder.py:2080]           [INFO]     | 178/199 | Supeheroes Collection | = | Seul sur Mars (2015)                                         |
[2022-10-08 05:14:13,146] [builder.py:2080]           [INFO]     | 179/199 | Supeheroes Collection | = | Imitation Game (2014)                                        |
[2022-10-08 05:14:13,148] [builder.py:2080]           [INFO]     | 180/199 | Supeheroes Collection | = | Her (2014)                                                   |
[2022-10-08 05:14:13,149] [builder.py:2080]           [INFO]     | 181/199 | Supeheroes Collection | = | The Revenant (2016)                                          |
[2022-10-08 05:14:13,151] [builder.py:2080]           [INFO]     | 182/199 | Supeheroes Collection | = | Le Discours d'un Roi (2010)                                  |
[2022-10-08 05:14:13,152] [builder.py:2080]           [INFO]     | 183/199 | Supeheroes Collection | = | Ip Man (2008)                                                |
[2022-10-08 05:14:13,154] [builder.py:2080]           [INFO]     | 184/199 | Supeheroes Collection | = | Slumdog Millionaire (2008)                                   |
[2022-10-08 05:14:13,155] [builder.py:2080]           [INFO]     | 185/199 | Supeheroes Collection | = | Avengers (2012)                                              |
[2022-10-08 05:14:13,156] [builder.py:2080]           [INFO]     | 186/199 | Supeheroes Collection | = | Blood Diamond (2006)                                         |
[2022-10-08 05:14:13,157] [builder.py:2080]           [INFO]     | 187/199 | Supeheroes Collection | = | La Vengeance dans la peau (2007)                             |
[2022-10-08 05:14:13,158] [builder.py:2080]           [INFO]     | 188/199 | Supeheroes Collection | = | Sin City (2005)                                              |
[2022-10-08 05:14:13,160] [builder.py:2080]           [INFO]     | 189/199 | Supeheroes Collection | = | Le Scaphandre et le Papillon (2007)                          |
[2022-10-08 05:14:13,160] [builder.py:2080]           [INFO]     | 190/199 | Supeheroes Collection | = | 007 : Casino Royale (2006)                                   |
[2022-10-08 05:14:13,161] [builder.py:2080]           [INFO]     | 191/199 | Supeheroes Collection | = | Kill Bill : Volume 2 (2004)                                  |
[2022-10-08 05:14:13,162] [builder.py:2080]           [INFO]     | 192/199 | Supeheroes Collection | = | Magnolia (1999)                                              |
[2022-10-08 05:14:13,164] [builder.py:2080]           [INFO]     | 193/199 | Supeheroes Collection | = | JFK (1991)                                                   |
[2022-10-08 05:14:13,165] [builder.py:2080]           [INFO]     | 194/199 | Supeheroes Collection | = | Danse avec les loups (1990)                                  |
[2022-10-08 05:14:13,166] [builder.py:2080]           [INFO]     | 195/199 | Supeheroes Collection | = | Marriage Story (2019)                                        |
[2022-10-08 05:14:13,168] [builder.py:2080]           [INFO]     | 196/199 | Supeheroes Collection | = | Jojo Rabbit (2019)                                           |
[2022-10-08 05:14:13,170] [builder.py:2080]           [INFO]     | 197/199 | Supeheroes Collection | = | Premier Contact (2016)                                       |
[2022-10-08 05:14:13,171] [builder.py:2080]           [INFO]     | 198/199 | Supeheroes Collection | = | Before Midnight (2013)                                       |
[2022-10-08 05:14:13,172] [builder.py:2080]           [INFO]     | 199/199 | Supeheroes Collection | = | The Artist (2011)                                            |
[2022-10-08 05:14:13,172] [builder.py:2100]           [INFO]     |                                                                                                    |
[2022-10-08 05:14:13,172] [builder.py:2102]           [INFO]     | 199 Movies Processed 0 Movies Added                                                                |
[2022-10-08 05:14:13,177] [builder.py:2110]           [INFO]     |                                                                                                    |
[2022-10-08 05:14:13,177] [builder.py:2111]           [INFO]     |================================ Removed from Supeheroes Collection ================================|
[2022-10-08 05:14:13,178] [builder.py:2112]           [INFO]     |                                                                                                    |
[2022-10-08 05:14:13,178] [builder.py:2117]           [INFO]     | 1/1 | Supeheroes Collection | - | Edge of Tomorrow (2014)                                          |
[2022-10-08 05:14:14,853] [builder.py:2129]           [INFO]     |                                                                                                    |
[2022-10-08 05:14:14,853] [builder.py:2130]           [INFO]     | 1 Movies Removed                                                                                   |
[2022-10-08 05:14:14,853] [builder.py:2228]           [INFO]     |                                                                                                    |
[2022-10-08 05:14:14,853] [builder.py:2229]           [INFO]     |============================ Missing Movies from Library: Z. 1 - Films =============================|
[2022-10-08 05:14:14,853] [builder.py:2230]           [INFO]     |                                                                                                    |
[2022-10-08 05:14:14,884] [builder.py:2243]           [INFO]     | Supeheroes Collection | ? | Hocus Pocus (1993) (TMDb: 10439)                                       |
[2022-10-08 05:14:14,912] [builder.py:2243]           [INFO]     | Supeheroes Collection | ? | Boogie Nights (1997) (TMDb: 4995)                                      |
[2022-10-08 05:14:14,929] [builder.py:2243]           [INFO]     | Supeheroes Collection | ? | The Shawshank Redemption (1994) (TMDb: 278)                            |
[2022-10-08 05:14:14,939] [builder.py:2243]           [INFO]     | Supeheroes Collection | ? | The Lost City (2022) (TMDb: 752623)                                    |
[2022-10-08 05:14:14,971] [builder.py:2243]           [INFO]     | Supeheroes Collection | ? | The Mortal Instruments: City of Bones (2013) (TMDb: 123553)            |
[2022-10-08 05:14:14,993] [builder.py:2243]           [INFO]     | Supeheroes Collection | ? | Death on the Nile (2022) (TMDb: 505026)                                |
[2022-10-08 05:14:15,028] [builder.py:2243]           [INFO]     | Supeheroes Collection | ? | Titanic (1997) (TMDb: 597)                                             |
[2022-10-08 05:14:15,041] [builder.py:2243]           [INFO]     | Supeheroes Collection | ? | RRR (2022) (TMDb: 579974)                                              |
[2022-10-08 05:14:15,073] [builder.py:2243]           [INFO]     | Supeheroes Collection | ? | Constantine (2005) (TMDb: 561)                                         |
[2022-10-08 05:14:15,088] [builder.py:2243]           [INFO]     | Supeheroes Collection | ? | This Is the End (2013) (TMDb: 109414)                                  |
[2022-10-08 05:14:15,104] [builder.py:2243]           [INFO]     | Supeheroes Collection | ? | Don't Look Up (2021) (TMDb: 646380)                                    |
[2022-10-08 05:14:15,106] [builder.py:2243]           [INFO]     | Supeheroes Collection | ? | It (2017) (TMDb: 346364)                                               |
[2022-10-08 05:14:15,124] [builder.py:2243]           [INFO]     | Supeheroes Collection | ? | This Is 40 (2012) (TMDb: 89492)                                        |
[2022-10-08 05:14:15,141] [builder.py:2243]           [INFO]     | Supeheroes Collection | ? | Brothers (2009) (TMDb: 7445)                                           |
[2022-10-08 05:14:15,158] [builder.py:2243]           [INFO]     | Supeheroes Collection | ? | Legend (2015) (TMDb: 276907)                                           |
[2022-10-08 05:14:15,191] [builder.py:2243]           [INFO]     | Supeheroes Collection | ? | GoodFellas (1990) (TMDb: 769)                                          |
[2022-10-08 05:14:15,207] [builder.py:2243]           [INFO]     | Supeheroes Collection | ? | Hot Tub Time Machine (2010) (TMDb: 23048)                              |
[2022-10-08 05:14:15,235] [builder.py:2243]           [INFO]     | Supeheroes Collection | ? | Free Guy (2021) (TMDb: 550988)                                         |
[2022-10-08 05:14:15,252] [builder.py:2243]           [INFO]     | Supeheroes Collection | ? | The Nightmare Before Christmas (1993) (TMDb: 9479)                     |
[2022-10-08 05:14:15,259] [builder.py:2243]           [INFO]     | Supeheroes Collection | ? | Scream (1996) (TMDb: 4232)                                             |
[2022-10-08 05:14:15,271] [builder.py:2243]           [INFO]     | Supeheroes Collection | ? | Mean Girls (2004) (TMDb: 10625)                                        |
[2022-10-08 05:14:15,297] [builder.py:2243]           [INFO]     | Supeheroes Collection | ? | Eyes Wide Shut (1999) (TMDb: 345)                                      |
[2022-10-08 05:14:15,309] [builder.py:2243]           [INFO]     | Supeheroes Collection | ? | Requiem for a Dream (2000) (TMDb: 641)                                 |
[2022-10-08 05:14:15,347] [builder.py:2243]           [INFO]     | Supeheroes Collection | ? | Bram Stoker's Dracula (1992) (TMDb: 6114)                              |
[2022-10-08 05:14:15,359] [builder.py:2243]           [INFO]     | Supeheroes Collection | ? | The Witch (2015) (TMDb: 310131)                                        |
[2022-10-08 05:14:15,397] [builder.py:2243]           [INFO]     | Supeheroes Collection | ? | Crazy, Stupid, Love. (2011) (TMDb: 50646)                              |
[2022-10-08 05:14:15,409] [builder.py:2243]           [INFO]     | Supeheroes Collection | ? | Saving Private Ryan (1998) (TMDb: 857)                                 |
[2022-10-08 05:14:15,455] [builder.py:2243]           [INFO]     | Supeheroes Collection | ? | Halloween (2018) (TMDb: 424139)                                        |
[2022-10-08 05:14:15,467] [builder.py:2243]           [INFO]     | Supeheroes Collection | ? | Interview with the Vampire (1994) (TMDb: 628)                          |
[2022-10-08 05:14:15,505] [builder.py:2243]           [INFO]     | Supeheroes Collection | ? | Encanto (2021) (TMDb: 568124)                                          |
[2022-10-08 05:14:15,522] [builder.py:2243]           [INFO]     | Supeheroes Collection | ? | American Pie (1999) (TMDb: 2105)                                       |
[2022-10-08 05:14:15,543] [builder.py:2243]           [INFO]     | Supeheroes Collection | ? | The Suicide Squad (2021) (TMDb: 436969)                                |
[2022-10-08 05:14:15,553] [builder.py:2243]           [INFO]     | Supeheroes Collection | ? | Nymphomaniac: Vol. I (2013) (TMDb: 258216)                             |
[2022-10-08 05:14:15,586] [builder.py:2243]           [INFO]     | Supeheroes Collection | ? | The Greatest Showman (2017) (TMDb: 316029)                             |
[2022-10-08 05:14:15,599] [builder.py:2243]           [INFO]     | Supeheroes Collection | ? | Clueless (1995) (TMDb: 9603)                                           |
[2022-10-08 05:14:15,613] [builder.py:2243]           [INFO]     | Supeheroes Collection | ? | Never Back Down (2008) (TMDb: 8456)                                    |
[2022-10-08 05:14:15,623] [builder.py:2243]           [INFO]     | Supeheroes Collection | ? | Divergent (2014) (TMDb: 157350)                                        |
[2022-10-08 05:14:15,640] [builder.py:2243]           [INFO]     | Supeheroes Collection | ? | X-Men: Apocalypse (2016) (TMDb: 246655)                                |
[2022-10-08 05:14:15,654] [builder.py:2243]           [INFO]     | Supeheroes Collection | ? | Dazed and Confused (1993) (TMDb: 9571)                                 |
[2022-10-08 05:14:15,671] [builder.py:2243]           [INFO]     | Supeheroes Collection | ? | Spider-Man: Into the Spider-Verse (2018) (TMDb: 324857)                |
[2022-10-08 05:14:15,691] [builder.py:2243]           [INFO]     | Supeheroes Collection | ? | The Notebook (2004) (TMDb: 11036)                                      |
[2022-10-08 05:14:15,733] [builder.py:2243]           [INFO]     | Supeheroes Collection | ? | Donnie Darko (2001) (TMDb: 141)                                        |
[2022-10-08 05:14:15,756] [builder.py:2243]           [INFO]     | Supeheroes Collection | ? | 10 Things I Hate About You (1999) (TMDb: 4951)                         |
[2022-10-08 05:14:15,774] [builder.py:2243]           [INFO]     | Supeheroes Collection | ? | The Lion King (1994) (TMDb: 8587)                                      |
[2022-10-08 05:14:15,780] [builder.py:2243]           [INFO]     | Supeheroes Collection | ? | Pitch Perfect (2012) (TMDb: 114150)                                    |
[2022-10-08 05:14:15,805] [builder.py:2243]           [INFO]     | Supeheroes Collection | ? | Cars (2006) (TMDb: 920)                                                |
[2022-10-08 05:14:15,823] [builder.py:2243]           [INFO]     | Supeheroes Collection | ? | Tombstone (1993) (TMDb: 11969)                                         |
[2022-10-08 05:14:15,865] [builder.py:2243]           [INFO]     | Supeheroes Collection | ? | Kindergarten Cop (1990) (TMDb: 951)                                    |
[2022-10-08 05:14:15,883] [builder.py:2243]           [INFO]     | Supeheroes Collection | ? | The Usual Suspects (1995) (TMDb: 629)                                  |
[2022-10-08 05:14:15,899] [builder.py:2243]           [INFO]     | Supeheroes Collection | ? | The Age of Adaline (2015) (TMDb: 293863)                               |
[2022-10-08 05:14:15,913] [builder.py:2243]           [INFO]     | Supeheroes Collection | ? | Napoleon Dynamite (2004) (TMDb: 8193)                                  |
[2022-10-08 05:14:15,925] [builder.py:2243]           [INFO]     | Supeheroes Collection | ? | Y Tu Mamá También (2001) (TMDb: 1391)                                  |
[2022-10-08 05:14:15,939] [builder.py:2243]           [INFO]     | Supeheroes Collection | ? | The King (2019) (TMDb: 504949)                                         |
[2022-10-08 05:14:15,951] [builder.py:2243]           [INFO]     | Supeheroes Collection | ? | The Addams Family (1991) (TMDb: 2907)                                  |
[2022-10-08 05:14:16,002] [builder.py:2243]           [INFO]     | Supeheroes Collection | ? | The Adam Project (2022) (TMDb: 696806)                                 |
[2022-10-08 05:14:16,015] [builder.py:2243]           [INFO]     | Supeheroes Collection | ? | The Big Lebowski (1998) (TMDb: 115)                                    |
[2022-10-08 05:14:16,055] [builder.py:2243]           [INFO]     | Supeheroes Collection | ? | Malena (2000) (TMDb: 10867)                                            |
[2022-10-08 05:14:16,072] [builder.py:2243]           [INFO]     | Supeheroes Collection | ? | Collateral (2004) (TMDb: 1538)                                         |
[2022-10-08 05:14:16,089] [builder.py:2243]           [INFO]     | Supeheroes Collection | ? | Scary Movie (2000) (TMDb: 4247)                                        |
[2022-10-08 05:14:16,130] [builder.py:2243]           [INFO]     | Supeheroes Collection | ? | Spirited Away (2001) (TMDb: 129)                                       |
[2022-10-08 05:14:16,142] [builder.py:2243]           [INFO]     | Supeheroes Collection | ? | Jai Bhim (2021) (TMDb: 855400)                                         |
[2022-10-08 05:14:16,180] [builder.py:2243]           [INFO]     | Supeheroes Collection | ? | Soorarai Pottru (2020) (TMDb: 595228)                                  |
[2022-10-08 05:14:16,192] [builder.py:2243]           [INFO]     | Supeheroes Collection | ? | The Pianist (2002) (TMDb: 423)                                         |
[2022-10-08 05:14:16,238] [builder.py:2243]           [INFO]     | Supeheroes Collection | ? | American History X (1998) (TMDb: 73)                                   |
[2022-10-08 05:14:16,250] [builder.py:2243]           [INFO]     | Supeheroes Collection | ? | Your Name. (2016) (TMDb: 372058)                                       |
[2022-10-08 05:14:16,267] [builder.py:2243]           [INFO]     | Supeheroes Collection | ? | Coco (2017) (TMDb: 354912)                                             |
[2022-10-08 05:14:16,289] [builder.py:2243]           [INFO]     | Supeheroes Collection | ? | 3 Idiots (2009) (TMDb: 20453)                                          |
[2022-10-08 05:14:16,323] [builder.py:2243]           [INFO]     | Supeheroes Collection | ? | K.G.F: Chapter 2 (2022) (TMDb: 587412)                                 |
[2022-10-08 05:14:16,338] [builder.py:2243]           [INFO]     | Supeheroes Collection | ? | Shershaah (2021) (TMDb: 599925)                                        |
[2022-10-08 05:14:16,359] [builder.py:2243]           [INFO]     | Supeheroes Collection | ? | WALL·E (2008) (TMDb: 10681)                                            |
[2022-10-08 05:14:16,390] [builder.py:2243]           [INFO]     | Supeheroes Collection | ? | Princess Mononoke (1997) (TMDb: 128)                                   |
[2022-10-08 05:14:16,405] [builder.py:2243]           [INFO]     | Supeheroes Collection | ? | Dangal (2016) (TMDb: 360814)                                           |
[2022-10-08 05:14:16,419] [builder.py:2243]           [INFO]     | Supeheroes Collection | ? | A Separation (2011) (TMDb: 60243)                                      |
[2022-10-08 05:14:16,442] [builder.py:2243]           [INFO]     | Supeheroes Collection | ? | Incendies (2010) (TMDb: 46738)                                         |
[2022-10-08 05:14:16,464] [builder.py:2243]           [INFO]     | Supeheroes Collection | ? | The Kashmir Files (2022) (TMDb: 900783)                                |
[2022-10-08 05:14:16,482] [builder.py:2243]           [INFO]     | Supeheroes Collection | ? | Up (2009) (TMDb: 14160)                                                |
[2022-10-08 05:14:16,515] [builder.py:2243]           [INFO]     | Supeheroes Collection | ? | Like Stars on Earth (2007) (TMDb: 7508)                                |
[2022-10-08 05:14:16,559] [builder.py:2243]           [INFO]     | Supeheroes Collection | ? | Toy Story 3 (2010) (TMDb: 10193)                                       |
[2022-10-08 05:14:16,576] [builder.py:2243]           [INFO]     | Supeheroes Collection | ? | Amélie (2001) (TMDb: 194)                                              |
[2022-10-08 05:14:16,626] [builder.py:2243]           [INFO]     | Supeheroes Collection | ? | Toy Story (1995) (TMDb: 862)                                           |
[2022-10-08 05:14:16,647] [builder.py:2243]           [INFO]     | Supeheroes Collection | ? | The Mountain II (2016) (TMDb: 427008)                                  |
[2022-10-08 05:14:16,774] [builder.py:2243]           [INFO]     | Supeheroes Collection | ? | Bāhubali 2: The Conclusion (2017) (TMDb: 350312)                       |
[2022-10-08 05:14:16,800] [builder.py:2243]           [INFO]     | Supeheroes Collection | ? | Inside Out (2015) (TMDb: 150540)                                       |
[2022-10-08 05:14:16,822] [builder.py:2243]           [INFO]     | Supeheroes Collection | ? | The Secret in Their Eyes (2009) (TMDb: 25376)                          |
[2022-10-08 05:14:16,847] [builder.py:2243]           [INFO]     | Supeheroes Collection | ? | Warrior (2011) (TMDb: 59440)                                           |
[2022-10-08 05:14:16,859] [builder.py:2243]           [INFO]     | Supeheroes Collection | ? | Downfall (2004) (TMDb: 613)                                            |
[2022-10-08 05:14:16,889] [builder.py:2243]           [INFO]     | Supeheroes Collection | ? | Howl's Moving Castle (2004) (TMDb: 4935)                               |
[2022-10-08 05:14:16,901] [builder.py:2243]           [INFO]     | Supeheroes Collection | ? | Finding Nemo (2003) (TMDb: 12)                                         |
[2022-10-08 05:14:16,931] [builder.py:2243]           [INFO]     | Supeheroes Collection | ? | The Sixth Sense (1999) (TMDb: 745)                                     |
[2022-10-08 05:14:16,952] [builder.py:2243]           [INFO]     | Supeheroes Collection | ? | L.A. Confidential (1997) (TMDb: 2118)                                  |
[2022-10-08 05:14:16,989] [builder.py:2243]           [INFO]     | Supeheroes Collection | ? | Casino (1995) (TMDb: 524)                                              |
[2022-10-08 05:14:17,022] [builder.py:2243]           [INFO]     | Supeheroes Collection | ? | Dil Bechara (2020) (TMDb: 645484)                                      |
[2022-10-08 05:14:17,034] [builder.py:2243]           [INFO]     | Supeheroes Collection | ? | Klaus (2019) (TMDb: 508965)                                            |
[2022-10-08 05:14:17,063] [builder.py:2243]           [INFO]     | Supeheroes Collection | ? | PK (2014) (TMDb: 297222)                                               |
[2022-10-08 05:14:17,082] [builder.py:2243]           [INFO]     | Supeheroes Collection | ? | Hachi: A Dog's Tale (2009) (TMDb: 28178)                               |
[2022-10-08 05:14:17,113] [builder.py:2243]           [INFO]     | Supeheroes Collection | ? | Mary and Max (2009) (TMDb: 24238)                                      |
[2022-10-08 05:14:17,126] [builder.py:2243]           [INFO]     | Supeheroes Collection | ? | How to Train Your Dragon (2010) (TMDb: 10191)                          |
[2022-10-08 05:14:17,155] [builder.py:2243]           [INFO]     | Supeheroes Collection | ? | Rang De Basanti (2006) (TMDb: 7913)                                    |
[2022-10-08 05:14:17,175] [builder.py:2243]           [INFO]     | Supeheroes Collection | ? | Ratatouille (2007) (TMDb: 2062)                                        |
[2022-10-08 05:14:17,184] [builder.py:2243]           [INFO]     | Supeheroes Collection | ? | Before Sunset (2004) (TMDb: 80)                                        |
[2022-10-08 05:14:17,222] [builder.py:2243]           [INFO]     | Supeheroes Collection | ? | Amores Perros (2000) (TMDb: 55)                                        |
[2022-10-08 05:14:17,244] [builder.py:2243]           [INFO]     | Supeheroes Collection | ? | Monsters, Inc. (2001) (TMDb: 585)                                      |
[2022-10-08 05:14:17,256] [builder.py:2243]           [INFO]     | Supeheroes Collection | ? | Lagaan: Once Upon a Time in India (2001) (TMDb: 19666)                 |
[2022-10-08 05:14:17,272] [builder.py:2243]           [INFO]     | Supeheroes Collection | ? | The Iron Giant (1999) (TMDb: 10386)                                    |
[2022-10-08 05:14:17,307] [builder.py:2243]           [INFO]     | Supeheroes Collection | ? | In the Mood for Love (2000) (TMDb: 843)                                |
[2022-10-08 05:14:17,322] [builder.py:2243]           [INFO]     | Supeheroes Collection | ? | Fargo (1996) (TMDb: 275)                                               |
[2022-10-08 05:14:17,330] [builder.py:2243]           [INFO]     | Supeheroes Collection | ? | Before Sunrise (1995) (TMDb: 76)                                       |
[2022-10-08 05:14:17,367] [builder.py:2243]           [INFO]     | Supeheroes Collection | ? | Three Colors: Red (1994) (TMDb: 110)                                   |
[2022-10-08 05:14:17,384] [builder.py:2243]           [INFO]     | Supeheroes Collection | ? | In the Name of the Father (1993) (TMDb: 7984)                          |
[2022-10-08 05:14:17,426] [builder.py:2243]           [INFO]     | Supeheroes Collection | ? | The Invisible Guest (2017) (TMDb: 411088)                              |
[2022-10-08 05:14:17,443] [builder.py:2243]           [INFO]     | Supeheroes Collection | ? | Soul (2020) (TMDb: 508442)                                             |
[2022-10-08 05:14:17,454] [builder.py:2243]           [INFO]     | Supeheroes Collection | ? | Zootopia (2016) (TMDb: 269149)                                         |
[2022-10-08 05:14:17,483] [builder.py:2243]           [INFO]     | Supeheroes Collection | ? | Bāhubali: The Beginning (2015) (TMDb: 256040)                          |
[2022-10-08 05:14:17,501] [builder.py:2243]           [INFO]     | Supeheroes Collection | ? | The Perks of Being a Wallflower (2012) (TMDb: 84892)                   |
[2022-10-08 05:14:17,521] [builder.py:2243]           [INFO]     | Supeheroes Collection | ? | Elite Squad (2007) (TMDb: 7347)                                        |
[2022-10-08 05:14:17,535] [builder.py:2243]           [INFO]     | Supeheroes Collection | ? | The Pursuit of Happyness (2006) (TMDb: 1402)                           |
[2022-10-08 05:14:17,551] [builder.py:2243]           [INFO]     | Supeheroes Collection | ? | Cinderella Man (2005) (TMDb: 921)                                      |
[2022-10-08 05:14:17,572] [builder.py:2243]           [INFO]     | Supeheroes Collection | ? | Infernal Affairs (2002) (TMDb: 10775)                                  |
[2022-10-08 05:14:17,587] [builder.py:2243]           [INFO]     | Supeheroes Collection | ? | Big Fish (2003) (TMDb: 587)                                            |
[2022-10-08 05:14:17,599] [builder.py:2243]           [INFO]     | Supeheroes Collection | ? | The Incredibles (2004) (TMDb: 9806)                                    |
[2022-10-08 05:14:17,611] [builder.py:2243]           [INFO]     | Supeheroes Collection | ? | Dogville (2003) (TMDb: 553)                                            |
[2022-10-08 05:14:17,630] [builder.py:2243]           [INFO]     | Supeheroes Collection | ? | Twelve Monkeys (1995) (TMDb: 63)                                       |
[2022-10-08 05:14:17,647] [builder.py:2243]           [INFO]     | Supeheroes Collection | ? | Scent of a Woman (1992) (TMDb: 9475)                                   |
[2022-10-08 05:14:17,668] [builder.py:2243]           [INFO]     | Supeheroes Collection | ? | Aladdin (1992) (TMDb: 812)                                             |
[2022-10-08 05:14:17,697] [builder.py:2243]           [INFO]     | Supeheroes Collection | ? | Beauty and the Beast (1991) (TMDb: 10020)                              |
[2022-10-08 05:14:17,712] [builder.py:2243]           [INFO]     | Supeheroes Collection | ? | Wonder (2017) (TMDb: 406997)                                           |
[2022-10-08 05:14:17,747] [builder.py:2243]           [INFO]     | Supeheroes Collection | ? | The Raid 2 (2014) (TMDb: 180299)                                       |
[2022-10-08 05:14:17,747] [builder.py:2248]           [INFO]     |                                                                                                    |
[2022-10-08 05:14:17,747] [builder.py:2249]           [INFO]     | 127 Movies Missing                                                                                 |
[2022-10-08 05:14:19,158] [builder.py:2441]           [INFO]     |                                                                                                    |
[2022-10-08 05:14:19,158] [builder.py:2442]           [INFO]     |============================ Updating Details of Supeheroes Collection =============================|
[2022-10-08 05:14:19,159] [builder.py:2443]           [INFO]     |                                                                                                    |
[2022-10-08 05:14:19,173] [builder.py:2509]           [INFO]     | Collection Metadata Edits                                                                          |
[2022-10-08 05:14:19,173] [builder.py:2580]           [WARNING]  | Asset Warning: Unable to find asset folder: 'Supeheroes'                                           |
[2022-10-08 05:14:20,434] [plex_meta_manager.py:708]  [INFO]     |                                                                                                    |
[2022-10-08 05:14:20,435] [plex_meta_manager.py:709]  [INFO]     |====================================================================================================|
[2022-10-08 05:14:20,435] [plex_meta_manager.py:709]  [INFO]     |                                   Finished Supeheroes Collection                                   |
[2022-10-08 05:14:20,435] [plex_meta_manager.py:709]  [INFO]     |                                    Collection Run Time: 0:00:23                                    |
[2022-10-08 05:14:20,435] [plex_meta_manager.py:709]  [INFO]     |====================================================================================================|
