[2022-10-11 09:25:20,591] [builder.py:197]            [INFO]     |====================================================================================================|
[2022-10-11 09:25:20,591] [builder.py:197]            [INFO]     |                                Sin City Collection in Z. 1 - Films                                 |
[2022-10-11 09:25:20,591] [builder.py:197]            [INFO]     |====================================================================================================|
[2022-10-11 09:25:20,591] [builder.py:198]            [INFO]     |                                                                                                    |
[2022-10-11 09:25:20,591] [builder.py:203]            [INFO]     |================================ Building Definition From Templates ================================|
[2022-10-11 09:25:20,591] [builder.py:211]            [DEBUG]    |                                                                                                    |
[2022-10-11 09:25:20,591] [meta.py:128]               [DEBUG]    | Template my_template                                                                               |
[2022-10-11 09:25:20,592] [meta.py:129]               [DEBUG]    | Call: {'value': ['135179'], 'tmdb_collection': ['135179'], 'key_name': 'Sin City', 'key': '135179', 'name': 'my_template'} |
[2022-10-11 09:25:20,592] [meta.py:304]               [DEBUG]    |                                                                                                    |
[2022-10-11 09:25:20,592] [meta.py:305]               [DEBUG]    | Variables: {'value': ['135179'], 'tmdb_collection': ['135179'], 'key_name': 'Sin City', 'key': '135179', 'name': 'my_template', 'collection_name': 'Sin City', 'mapping_name': 'Sin City', 'library_type': 'movie', 'library_name': 'Z. 1 - Films', 'value_encoded': '%5B%27135179%27%5D', 'tmdb_collection_encoded': '%5B%27135179%27%5D', 'key_name_encoded': 'Sin%20City', 'key_encoded': '135179', 'name_encoded': 'my_template', 'collection_name_encoded': 'Sin%20City', 'mapping_name_encoded': 'Sin%20City', 'library_type_encoded': 'movie', 'library_name_encoded': 'Z.%201%20-%20Films', 'collection_sort': 'Sin City'} |
[2022-10-11 09:25:20,592] [meta.py:306]               [DEBUG]    |                                                                                                    |
[2022-10-11 09:25:20,592] [meta.py:307]               [DEBUG]    | Defaults: {}                                                                                       |
[2022-10-11 09:25:20,592] [meta.py:308]               [DEBUG]    |                                                                                                    |
[2022-10-11 09:25:20,592] [meta.py:309]               [DEBUG]    | Optional: ['my_collection_poster', 'my_collection_poster_encoded']                                 |
[2022-10-11 09:25:20,593] [meta.py:370]               [DEBUG]    |                                                                                                    |
[2022-10-11 09:25:20,593] [meta.py:371]               [DEBUG]    | Final Template Attributes: {'tmdb_collection_details': ['135179'], 'collection_order': 'release', 'collection_mode': 'hide_items'} |
[2022-10-11 09:25:20,593] [meta.py:372]               [DEBUG]    |                                                                                                    |
[2022-10-11 09:25:20,593] [builder.py:219]            [INFO]     |================================== Validating Sin City Attributes ==================================|
[2022-10-11 09:25:20,594] [builder.py:609]            [DEBUG]    |                                                                                                    |
[2022-10-11 09:25:20,594] [builder.py:610]            [DEBUG]    | Validating Method: collection_order                                                                |
[2022-10-11 09:25:20,594] [builder.py:611]            [DEBUG]    | Value: release                                                                                     |
[2022-10-11 09:25:20,594] [builder.py:627]            [DEBUG]    |                                                                                                    |
[2022-10-11 09:25:20,594] [builder.py:631]            [DEBUG]    | Validating Method: label                                                                           |
[2022-10-11 09:25:20,594] [builder.py:632]            [DEBUG]    | Value: TMDb Collections                                                                            |
[2022-10-11 09:25:20,594] [builder.py:627]            [DEBUG]    |                                                                                                    |
[2022-10-11 09:25:20,594] [builder.py:631]            [DEBUG]    | Validating Method: tmdb_collection_details                                                         |
[2022-10-11 09:25:20,594] [builder.py:632]            [DEBUG]    | Value: ['135179']                                                                                  |
[2022-10-11 09:25:20,606] [builder.py:627]            [DEBUG]    |                                                                                                    |
[2022-10-11 09:25:20,607] [builder.py:631]            [DEBUG]    | Validating Method: collection_mode                                                                 |
[2022-10-11 09:25:20,607] [builder.py:632]            [DEBUG]    | Value: hide_items                                                                                  |
[2022-10-11 09:25:20,613] [plex.py:790]               [DEBUG]    |                                                                                                    |
[2022-10-11 09:25:20,614] [plex.py:793]               [DEBUG]    | Looking for: Sin City                                                                              |
[2022-10-11 09:25:20,614] [builder.py:797]            [INFO]     |                                                                                                    |
[2022-10-11 09:25:20,614] [builder.py:798]            [INFO]     | Validation Successful                                                                              |
[2022-10-11 09:25:20,614] [plex_meta_manager.py:561]  [INFO]     |                                                                                                    |
[2022-10-11 09:25:20,614] [plex_meta_manager.py:563]  [INFO]     |=================================== Running Sin City Collection ====================================|
[2022-10-11 09:25:20,615] [plex_meta_manager.py:575]  [INFO]     |                                                                                                    |
[2022-10-11 09:25:20,615] [plex_meta_manager.py:576]  [INFO]     | Sync Mode: append                                                                                  |
[2022-10-11 09:25:20,615] [plex_meta_manager.py:579]  [DEBUG]    |                                                                                                    |
[2022-10-11 09:25:20,615] [plex_meta_manager.py:580]  [DEBUG]    | Builder: tmdb_collection: 135179                                                                   |
[2022-10-11 09:25:20,615] [plex_meta_manager.py:581]  [INFO]     |                                                                                                    |
[2022-10-11 09:25:20,620] [tmdb.py:382]               [INFO]     | Processing TMDb Collection: (135179) Sin City - Saga (2 Items)                                     |
[2022-10-11 09:25:20,620] [builder.py:1540]           [DEBUG]    |                                                                                                    |
[2022-10-11 09:25:20,620] [builder.py:1541]           [DEBUG]    | 2 IDs Found: [(187, 'tmdb'), (189, 'tmdb')]                                                        |
[2022-10-11 09:25:20,620] [builder.py:1542]           [DEBUG]    |                                                                                                    |
[2022-10-11 09:25:20,620] [builder.py:2064]           [INFO]     |                                                                                                    |
[2022-10-11 09:25:20,620] [builder.py:2065]           [INFO]     |================================== Adding to Sin City Collection ===================================|
[2022-10-11 09:25:20,621] [builder.py:2066]           [INFO]     |                                                                                                    |
[2022-10-11 09:25:20,621] [builder.py:2080]           [INFO]     | 1/2 | Sin City Collection | + | Sin City (2005)                                                    |
[2022-10-11 09:25:20,886] [builder.py:2080]           [INFO]     | 2/2 | Sin City Collection | + | Sin City : J'ai tué pour elle (2014)                               |
[2022-10-11 09:25:23,857] [builder.py:2100]           [INFO]     |                                                                                                    |
[2022-10-11 09:25:23,858] [builder.py:2102]           [INFO]     | 2 Movies Processed 2 Movies Added                                                                  |
[2022-10-11 09:25:23,869] [builder.py:2441]           [INFO]     |                                                                                                    |
[2022-10-11 09:25:23,869] [builder.py:2442]           [INFO]     |============================= Updating Details of Sin City Collection ==============================|
[2022-10-11 09:25:23,870] [builder.py:2443]           [INFO]     |                                                                                                    |
[2022-10-11 09:25:24,068] [builder.py:2509]           [INFO]     | Collection Metadata Edits                                                                          |
                                                                 | Summary (tmdb_collection_details) | La série de films Sin City est un thriller policier néo-noir basé sur la série de romans graphiques du même nom de Frank Miller.
                                                                 | Label | +TMDb Collections, +PMM
[2022-10-11 09:25:24,992] [builder.py:2513]           [INFO]     | Details: have been updated
[2022-10-11 09:25:24,992] [builder.py:2517]           [INFO]     | 
[2022-10-11 09:25:25,204] [builder.py:2529]           [INFO]     | Collection Mode | hideItems
[2022-10-11 09:25:25,205] [builder.py:2580]           [WARNING]  | Asset Warning: Unable to find asset folder: 'Sin City'
[2022-10-11 09:25:25,205] [util.py:150]               [DEBUG]    | 1 poster found:
[2022-10-11 09:25:25,205] [util.py:152]               [DEBUG]    | Method: tmdb_collection_details Poster: https://image.tmdb.org/t/p/original/7QwUclJOsZrd8vGO4rX8PHEhJSX.jpg
[2022-10-11 09:25:25,206] [util.py:150]               [DEBUG]    | 1 background found:
[2022-10-11 09:25:25,206] [util.py:152]               [DEBUG]    | Method: tmdb_collection_details Background: https://image.tmdb.org/t/p/original/nrn5Uogru1UPhnGZdc0g5Kvkyni.jpg
[2022-10-11 09:25:25,234] [library.py:170]            [INFO]     | Detail: tmdb_collection_details updated poster to [URL] https://image.tmdb.org/t/p/original/7QwUclJOsZrd8vGO4rX8PHEhJSX.jpg
[2022-10-11 09:25:25,349] [library.py:186]            [INFO]     | Detail: tmdb_collection_details updated background to [URL] https://image.tmdb.org/t/p/original/nrn5Uogru1UPhnGZdc0g5Kvkyni.jpg
[2022-10-11 09:25:25,665] [plex_meta_manager.py:708]  [INFO]     | 
[2022-10-11 09:25:25,666] [plex_meta_manager.py:709]  [INFO]     |====================================================================================================|
[2022-10-11 09:25:25,666] [plex_meta_manager.py:709]  [INFO]     |                                    Finished Sin City Collection                                    |
[2022-10-11 09:25:25,666] [plex_meta_manager.py:709]  [INFO]     |                                    Collection Run Time: 0:00:05                                    |
[2022-10-11 09:25:25,666] [plex_meta_manager.py:709]  [INFO]     |====================================================================================================|
