[2022-10-11 11:02:05,058] [builder.py:197]            [INFO]     |====================================================================================================|
[2022-10-11 11:02:05,059] [builder.py:197]            [INFO]     |                                  TRON Collection in Z. 1 - Films                                   |
[2022-10-11 11:02:05,059] [builder.py:197]            [INFO]     |====================================================================================================|
[2022-10-11 11:02:05,059] [builder.py:198]            [INFO]     |                                                                                                    |
[2022-10-11 11:02:05,059] [builder.py:203]            [INFO]     |================================ Building Definition From Templates ================================|
[2022-10-11 11:02:05,059] [builder.py:211]            [DEBUG]    |                                                                                                    |
[2022-10-11 11:02:05,059] [meta.py:128]               [DEBUG]    | Template my_template                                                                               |
[2022-10-11 11:02:05,059] [meta.py:129]               [DEBUG]    | Call: {'value': ['63043'], 'tmdb_collection': ['63043'], 'key_name': 'TRON', 'key': '63043', 'name': 'my_template'} |
[2022-10-11 11:02:05,060] [meta.py:304]               [DEBUG]    |                                                                                                    |
[2022-10-11 11:02:05,060] [meta.py:305]               [DEBUG]    | Variables: {'value': ['63043'], 'tmdb_collection': ['63043'], 'key_name': 'TRON', 'key': '63043', 'name': 'my_template', 'collection_name': 'TRON', 'mapping_name': 'TRON', 'library_type': 'movie', 'library_name': 'Z. 1 - Films', 'value_encoded': '%5B%2763043%27%5D', 'tmdb_collection_encoded': '%5B%2763043%27%5D', 'key_name_encoded': 'TRON', 'key_encoded': '63043', 'name_encoded': 'my_template', 'collection_name_encoded': 'TRON', 'mapping_name_encoded': 'TRON', 'library_type_encoded': 'movie', 'library_name_encoded': 'Z.%201%20-%20Films', 'collection_sort': 'TRON'} |
[2022-10-11 11:02:05,060] [meta.py:306]               [DEBUG]    |                                                                                                    |
[2022-10-11 11:02:05,060] [meta.py:307]               [DEBUG]    | Defaults: {}                                                                                       |
[2022-10-11 11:02:05,060] [meta.py:308]               [DEBUG]    |                                                                                                    |
[2022-10-11 11:02:05,060] [meta.py:309]               [DEBUG]    | Optional: ['my_collection_poster', 'my_collection_poster_encoded']                                 |
[2022-10-11 11:02:05,061] [meta.py:370]               [DEBUG]    |                                                                                                    |
[2022-10-11 11:02:05,061] [meta.py:371]               [DEBUG]    | Final Template Attributes: {'tmdb_collection_details': ['63043'], 'collection_order': 'release', 'collection_mode': 'hide_items', 'sort_title': '+C1_TRON'} |
[2022-10-11 11:02:05,061] [meta.py:372]               [DEBUG]    |                                                                                                    |
[2022-10-11 11:02:05,061] [builder.py:219]            [INFO]     |==================================== Validating TRON Attributes ====================================|
[2022-10-11 11:02:05,062] [builder.py:609]            [DEBUG]    |                                                                                                    |
[2022-10-11 11:02:05,062] [builder.py:610]            [DEBUG]    | Validating Method: collection_order                                                                |
[2022-10-11 11:02:05,062] [builder.py:611]            [DEBUG]    | Value: release                                                                                     |
[2022-10-11 11:02:05,062] [builder.py:627]            [DEBUG]    |                                                                                                    |
[2022-10-11 11:02:05,062] [builder.py:631]            [DEBUG]    | Validating Method: label                                                                           |
[2022-10-11 11:02:05,062] [builder.py:632]            [DEBUG]    | Value: TMDb Collections                                                                            |
[2022-10-11 11:02:05,062] [builder.py:627]            [DEBUG]    |                                                                                                    |
[2022-10-11 11:02:05,063] [builder.py:631]            [DEBUG]    | Validating Method: tmdb_collection_details                                                         |
[2022-10-11 11:02:05,063] [builder.py:632]            [DEBUG]    | Value: ['63043']                                                                                   |
[2022-10-11 11:02:05,074] [builder.py:627]            [DEBUG]    |                                                                                                    |
[2022-10-11 11:02:05,075] [builder.py:631]            [DEBUG]    | Validating Method: collection_mode                                                                 |
[2022-10-11 11:02:05,075] [builder.py:632]            [DEBUG]    | Value: hide_items                                                                                  |
[2022-10-11 11:02:05,075] [builder.py:627]            [DEBUG]    |                                                                                                    |
[2022-10-11 11:02:05,075] [builder.py:631]            [DEBUG]    | Validating Method: sort_title                                                                      |
[2022-10-11 11:02:05,075] [builder.py:632]            [DEBUG]    | Value: +C1_TRON                                                                                    |
[2022-10-11 11:02:05,267] [builder.py:797]            [INFO]     |                                                                                                    |
[2022-10-11 11:02:05,268] [builder.py:798]            [INFO]     | Validation Successful                                                                              |
[2022-10-11 11:02:05,268] [plex_meta_manager.py:561]  [INFO]     |                                                                                                    |
[2022-10-11 11:02:05,268] [plex_meta_manager.py:563]  [INFO]     |===================================== Running TRON Collection ======================================|
[2022-10-11 11:02:05,268] [plex_meta_manager.py:575]  [INFO]     |                                                                                                    |
[2022-10-11 11:02:05,269] [plex_meta_manager.py:576]  [INFO]     | Sync Mode: append                                                                                  |
[2022-10-11 11:02:05,269] [plex_meta_manager.py:579]  [DEBUG]    |                                                                                                    |
[2022-10-11 11:02:05,269] [plex_meta_manager.py:580]  [DEBUG]    | Builder: tmdb_collection: 63043                                                                    |
[2022-10-11 11:02:05,269] [plex_meta_manager.py:581]  [INFO]     |                                                                                                    |
[2022-10-11 11:02:05,273] [tmdb.py:382]               [INFO]     | Processing TMDb Collection: (63043) TRON - Saga (2 Items)                                          |
[2022-10-11 11:02:05,274] [builder.py:1540]           [DEBUG]    |                                                                                                    |
[2022-10-11 11:02:05,274] [builder.py:1541]           [DEBUG]    | 2 IDs Found: [(97, 'tmdb'), (20526, 'tmdb')]                                                       |
[2022-10-11 11:02:05,274] [builder.py:1542]           [DEBUG]    |                                                                                                    |
[2022-10-11 11:02:05,274] [builder.py:2064]           [INFO]     |                                                                                                    |
[2022-10-11 11:02:05,274] [builder.py:2065]           [INFO]     |==================================== Adding to TRON Collection =====================================|
[2022-10-11 11:02:05,274] [builder.py:2066]           [INFO]     |                                                                                                    |
[2022-10-11 11:02:05,274] [builder.py:2080]           [INFO]     | 1/2 | TRON Collection | = | TRON (1982)                                                            |
[2022-10-11 11:02:05,275] [builder.py:2080]           [INFO]     | 2/2 | TRON Collection | = | TRON : L'Héritage (2010)                                               |
[2022-10-11 11:02:05,275] [builder.py:2100]           [INFO]     |                                                                                                    |
[2022-10-11 11:02:05,275] [builder.py:2102]           [INFO]     | 2 Movies Processed 0 Movies Added                                                                  |
[2022-10-11 11:02:05,282] [builder.py:2441]           [INFO]     |                                                                                                    |
[2022-10-11 11:02:05,282] [builder.py:2442]           [INFO]     |=============================== Updating Details of TRON Collection ================================|
[2022-10-11 11:02:05,282] [builder.py:2443]           [INFO]     |                                                                                                    |
[2022-10-11 11:02:05,290] [builder.py:2509]           [INFO]     | Collection Metadata Edits                                                                          |
                                                                 | Sort Title | +C1_TRON
[2022-10-11 11:02:05,460] [builder.py:2513]           [INFO]     | Details: have been updated
[2022-10-11 11:02:05,460] [builder.py:2517]           [INFO]     | 
[2022-10-11 11:02:05,461] [builder.py:2580]           [WARNING]  | Asset Warning: Unable to find asset folder: 'TRON'
[2022-10-11 11:02:05,461] [util.py:150]               [DEBUG]    | 1 poster found:
[2022-10-11 11:02:05,461] [util.py:152]               [DEBUG]    | Method: tmdb_collection_details Poster: https://image.tmdb.org/t/p/original/cvFlDIfOwhYe4ouAAfdyq9E5zlZ.jpg
[2022-10-11 11:02:05,461] [util.py:150]               [DEBUG]    | 1 background found:
[2022-10-11 11:02:05,462] [util.py:152]               [DEBUG]    | Method: tmdb_collection_details Background: https://image.tmdb.org/t/p/original/o8NBfffQPE9tHTR9l7FuWbdVPHu.jpg
[2022-10-11 11:02:05,462] [library.py:172]            [INFO]     | Detail: poster update not needed
[2022-10-11 11:02:05,463] [library.py:188]            [INFO]     | Detail: background update not needed
[2022-10-11 11:02:05,648] [plex_meta_manager.py:708]  [INFO]     | 
[2022-10-11 11:02:05,648] [plex_meta_manager.py:709]  [INFO]     |====================================================================================================|
[2022-10-11 11:02:05,648] [plex_meta_manager.py:709]  [INFO]     |                                      Finished TRON Collection                                      |
[2022-10-11 11:02:05,648] [plex_meta_manager.py:709]  [INFO]     |                                    Collection Run Time: 0:00:00                                    |
[2022-10-11 11:02:05,649] [plex_meta_manager.py:709]  [INFO]     |====================================================================================================|
