[2022-10-11 11:18:19,972] [builder.py:200]            [INFO]     |====================================================================================================|
[2022-10-11 11:18:19,972] [builder.py:200]            [INFO]     |                                  Alien Collection in Z. 1 - Films                                  |
[2022-10-11 11:18:19,972] [builder.py:200]            [INFO]     |====================================================================================================|
[2022-10-11 11:18:19,972] [builder.py:201]            [INFO]     |                                                                                                    |
[2022-10-11 11:18:19,973] [builder.py:206]            [INFO]     |================================ Building Definition From Templates ================================|
[2022-10-11 11:18:19,973] [builder.py:222]            [DEBUG]    |                                                                                                    |
[2022-10-11 11:18:19,973] [meta.py:128]               [DEBUG]    | Template my_template                                                                               |
[2022-10-11 11:18:19,973] [meta.py:129]               [DEBUG]    | Call: {'value': ['8091'], 'tmdb_collection': ['8091'], 'key_name': 'Alien', 'key': '8091', 'name': 'my_template'} |
[2022-10-11 11:18:19,973] [meta.py:304]               [DEBUG]    |                                                                                                    |
[2022-10-11 11:18:19,973] [meta.py:305]               [DEBUG]    | Variables: {'value': ['8091'], 'tmdb_collection': ['8091'], 'key_name': 'Alien', 'key': '8091', 'name': 'my_template', 'collection_name': 'Alien', 'mapping_name': 'Alien', 'library_type': 'movie', 'library_name': 'Z. 1 - Films', 'value_encoded': '%5B%278091%27%5D', 'tmdb_collection_encoded': '%5B%278091%27%5D', 'key_name_encoded': 'Alien', 'key_encoded': '8091', 'name_encoded': 'my_template', 'collection_name_encoded': 'Alien', 'mapping_name_encoded': 'Alien', 'library_type_encoded': 'movie', 'library_name_encoded': 'Z.%201%20-%20Films', 'collection_sort': 'Alien'} |
[2022-10-11 11:18:19,973] [meta.py:306]               [DEBUG]    |                                                                                                    |
[2022-10-11 11:18:19,973] [meta.py:307]               [DEBUG]    | Defaults: {}                                                                                       |
[2022-10-11 11:18:19,974] [meta.py:308]               [DEBUG]    |                                                                                                    |
[2022-10-11 11:18:19,974] [meta.py:309]               [DEBUG]    | Optional: ['my_collection_poster', 'my_collection_poster_encoded']                                 |
[2022-10-11 11:18:19,975] [meta.py:370]               [DEBUG]    |                                                                                                    |
[2022-10-11 11:18:19,975] [meta.py:371]               [DEBUG]    | Final Template Attributes: {'tmdb_collection_details': ['8091'], 'collection_order': 'release', 'collection_mode': 'hide_items', 'sort_title': '+C1_Alien'} |
[2022-10-11 11:18:19,975] [meta.py:372]               [DEBUG]    |                                                                                                    |
[2022-10-11 11:18:19,976] [builder.py:230]            [INFO]     |=================================== Validating Alien Attributes ====================================|
[2022-10-11 11:18:19,976] [builder.py:620]            [DEBUG]    |                                                                                                    |
[2022-10-11 11:18:19,976] [builder.py:621]            [DEBUG]    | Validating Method: collection_order                                                                |
[2022-10-11 11:18:19,976] [builder.py:622]            [DEBUG]    | Value: release                                                                                     |
[2022-10-11 11:18:19,976] [builder.py:653]            [DEBUG]    |                                                                                                    |
[2022-10-11 11:18:19,977] [builder.py:657]            [DEBUG]    | Validating Method: label                                                                           |
[2022-10-11 11:18:19,977] [builder.py:658]            [DEBUG]    | Value: TMDb Collections                                                                            |
[2022-10-11 11:18:19,977] [builder.py:653]            [DEBUG]    |                                                                                                    |
[2022-10-11 11:18:19,977] [builder.py:657]            [DEBUG]    | Validating Method: tmdb_collection_details                                                         |
[2022-10-11 11:18:19,977] [builder.py:658]            [DEBUG]    | Value: ['8091']                                                                                    |
[2022-10-11 11:18:19,991] [builder.py:653]            [DEBUG]    |                                                                                                    |
[2022-10-11 11:18:19,991] [builder.py:657]            [DEBUG]    | Validating Method: collection_mode                                                                 |
[2022-10-11 11:18:19,991] [builder.py:658]            [DEBUG]    | Value: hide_items                                                                                  |
[2022-10-11 11:18:19,991] [builder.py:653]            [DEBUG]    |                                                                                                    |
[2022-10-11 11:18:19,992] [builder.py:657]            [DEBUG]    | Validating Method: sort_title                                                                      |
[2022-10-11 11:18:19,992] [builder.py:658]            [DEBUG]    | Value: +C1_Alien                                                                                   |
[2022-10-11 11:18:20,198] [builder.py:823]            [INFO]     |                                                                                                    |
[2022-10-11 11:18:20,198] [builder.py:824]            [INFO]     | Validation Successful                                                                              |
[2022-10-11 11:18:20,198] [plex_meta_manager.py:561]  [INFO]     |                                                                                                    |
[2022-10-11 11:18:20,198] [plex_meta_manager.py:563]  [INFO]     |===================================== Running Alien Collection =====================================|
[2022-10-11 11:18:20,198] [plex_meta_manager.py:575]  [INFO]     |                                                                                                    |
[2022-10-11 11:18:20,199] [plex_meta_manager.py:576]  [INFO]     | Sync Mode: append                                                                                  |
[2022-10-11 11:18:20,199] [plex_meta_manager.py:579]  [DEBUG]    |                                                                                                    |
[2022-10-11 11:18:20,199] [plex_meta_manager.py:580]  [DEBUG]    | Builder: tmdb_collection: 8091                                                                     |
[2022-10-11 11:18:20,199] [plex_meta_manager.py:581]  [INFO]     |                                                                                                    |
[2022-10-11 11:18:20,205] [tmdb.py:381]               [INFO]     | Processing TMDb Collection: (8091) Alien - Saga (4 Items)                                          |
[2022-10-11 11:18:20,205] [builder.py:1581]           [DEBUG]    |                                                                                                    |
[2022-10-11 11:18:20,205] [builder.py:1582]           [DEBUG]    | 4 IDs Found: [(348, 'tmdb'), (679, 'tmdb'), (8077, 'tmdb'), (8078, 'tmdb')]                        |
[2022-10-11 11:18:20,206] [builder.py:1583]           [DEBUG]    |                                                                                                    |
[2022-10-11 11:18:20,206] [builder.py:2132]           [INFO]     |                                                                                                    |
[2022-10-11 11:18:20,206] [builder.py:2133]           [INFO]     |==================================== Adding to Alien Collection ====================================|
[2022-10-11 11:18:20,207] [builder.py:2134]           [INFO]     |                                                                                                    |
[2022-10-11 11:18:20,207] [builder.py:2148]           [INFO]     | 1/4 | Alien Collection | = | Alien I : Le huitième passager (1979)                                 |
[2022-10-11 11:18:20,207] [builder.py:2148]           [INFO]     | 2/4 | Alien Collection | = | Alien II : Le retour (1986)                                           |
[2022-10-11 11:18:20,207] [builder.py:2148]           [INFO]     | 3/4 | Alien Collection | = | Alien III (1992)                                                      |
[2022-10-11 11:18:20,208] [builder.py:2148]           [INFO]     | 4/4 | Alien Collection | = | Alien: La résurrection (1997)                                         |
[2022-10-11 11:18:20,208] [builder.py:2168]           [INFO]     |                                                                                                    |
[2022-10-11 11:18:20,208] [builder.py:2170]           [INFO]     | 4 Movies Processed 0 Movies Added                                                                  |
[2022-10-11 11:18:20,216] [builder.py:2521]           [INFO]     |                                                                                                    |
[2022-10-11 11:18:20,216] [builder.py:2522]           [INFO]     |=============================== Updating Details of Alien Collection ===============================|
[2022-10-11 11:18:20,216] [builder.py:2523]           [INFO]     |                                                                                                    |
[2022-10-11 11:18:20,225] [builder.py:2589]           [INFO]     | Collection Metadata Edits                                                                          |
[2022-10-11 11:18:20,225] [builder.py:2660]           [WARNING]  | Asset Warning: Unable to find asset folder: 'Alien'                                                |
[2022-10-11 11:18:20,226] [util.py:171]               [DEBUG]    | 1 poster found:                                                                                    |
[2022-10-11 11:18:20,226] [util.py:173]               [DEBUG]    | Method: tmdb_collection_details Poster: https://image.tmdb.org/t/p/original/vLMHLOPDQqxRCrpwbs4I731SFQ0.jpg |
[2022-10-11 11:18:20,226] [util.py:171]               [DEBUG]    | 1 background found:                                                                                |
[2022-10-11 11:18:20,226] [util.py:173]               [DEBUG]    | Method: tmdb_collection_details Background: https://image.tmdb.org/t/p/original/kB0Y3uGe9ohJa59Lk8UO9cUOxGM.jpg |
[2022-10-11 11:18:20,227] [library.py:173]            [INFO]     | Detail: poster update not needed                                                                   |
[2022-10-11 11:18:20,228] [library.py:189]            [INFO]     | Detail: background update not needed                                                               |
[2022-10-11 11:18:20,424] [plex_meta_manager.py:708]  [INFO]     |                                                                                                    |
[2022-10-11 11:18:20,425] [plex_meta_manager.py:709]  [INFO]     |====================================================================================================|
[2022-10-11 11:18:20,425] [plex_meta_manager.py:709]  [INFO]     |                                     Finished Alien Collection                                      |
[2022-10-11 11:18:20,425] [plex_meta_manager.py:709]  [INFO]     |                                    Collection Run Time: 0:00:00                                    |
[2022-10-11 11:18:20,425] [plex_meta_manager.py:709]  [INFO]     |====================================================================================================|
