[2022-10-11 11:18:14,912] [builder.py:200]            [INFO]     |====================================================================================================|
[2022-10-11 11:18:14,912] [builder.py:200]            [INFO]     |                          DC Extended Universe Collection in Z. 1 - Films                           |
[2022-10-11 11:18:14,912] [builder.py:200]            [INFO]     |====================================================================================================|
[2022-10-11 11:18:14,913] [builder.py:201]            [INFO]     |                                                                                                    |
[2022-10-11 11:18:14,913] [builder.py:206]            [INFO]     |================================ Building Definition From Templates ================================|
[2022-10-11 11:18:14,913] [builder.py:222]            [DEBUG]    |                                                                                                    |
[2022-10-11 11:18:14,913] [meta.py:128]               [DEBUG]    | Template Genre                                                                                     |
[2022-10-11 11:18:14,913] [meta.py:129]               [DEBUG]    | Call: ordereddict([('name', 'Genre')])                                                             |
[2022-10-11 11:18:14,913] [meta.py:304]               [DEBUG]    |                                                                                                    |
[2022-10-11 11:18:14,914] [meta.py:305]               [DEBUG]    | Variables: ordereddict([('name', 'Genre'), ('collection_name', 'DC Extended Universe'), ('mapping_name', 'DC Extended Universe'), ('library_type', 'movie'), ('library_name', 'Z. 1 - Films'), ('name_encoded', 'Genre'), ('collection_name_encoded', 'DC%20Extended%20Universe'), ('mapping_name_encoded', 'DC%20Extended%20Universe'), ('library_type_encoded', 'movie'), ('library_name_encoded', 'Z.%201%20-%20Films'), ('collection_sort', 'DC Extended Universe')]) |
[2022-10-11 11:18:14,914] [meta.py:306]               [DEBUG]    |                                                                                                    |
[2022-10-11 11:18:14,914] [meta.py:307]               [DEBUG]    | Defaults: {}                                                                                       |
[2022-10-11 11:18:14,914] [meta.py:308]               [DEBUG]    |                                                                                                    |
[2022-10-11 11:18:14,914] [meta.py:309]               [DEBUG]    | Optional: []                                                                                       |
[2022-10-11 11:18:14,915] [meta.py:370]               [DEBUG]    |                                                                                                    |
[2022-10-11 11:18:14,915] [meta.py:371]               [DEBUG]    | Final Template Attributes: {'sort_title': '+C2_DC Extended Universe', 'sync_mode': 'sync'}         |
[2022-10-11 11:18:14,915] [meta.py:372]               [DEBUG]    |                                                                                                    |
[2022-10-11 11:18:14,915] [builder.py:230]            [INFO]     |============================ Validating DC Extended Universe Attributes ============================|
[2022-10-11 11:18:14,915] [builder.py:499]            [DEBUG]    |                                                                                                    |
[2022-10-11 11:18:14,915] [builder.py:500]            [DEBUG]    | Validating Method: sync_mode                                                                       |
[2022-10-11 11:18:14,915] [builder.py:504]            [DEBUG]    | Value: sync                                                                                        |
[2022-10-11 11:18:14,916] [builder.py:653]            [DEBUG]    |                                                                                                    |
[2022-10-11 11:18:14,916] [builder.py:657]            [DEBUG]    | Validating Method: trakt_list                                                                      |
[2022-10-11 11:18:14,916] [builder.py:658]            [DEBUG]    | Value: ['https://trakt.tv/users/donxy/lists/dc-extended-universe?sort=rank,asc']                   |
[2022-10-11 11:18:15,066] [builder.py:653]            [DEBUG]    |                                                                                                    |
[2022-10-11 11:18:15,067] [builder.py:657]            [DEBUG]    | Validating Method: summary                                                                         |
[2022-10-11 11:18:15,067] [builder.py:658]            [DEBUG]    | Value: MCU                                                                                         |
[2022-10-11 11:18:15,067] [builder.py:653]            [DEBUG]    |                                                                                                    |
[2022-10-11 11:18:15,068] [builder.py:657]            [DEBUG]    | Validating Method: url_poster                                                                      |
[2022-10-11 11:18:15,068] [builder.py:658]            [DEBUG]    | Value: https://raw.githubusercontent.com/MonsieurZed/poster/main/img/COLLEC_DCU.png                |
[2022-10-11 11:18:15,252] [builder.py:854]            [WARNING]  | Collection Warning: No Poster Found at https://raw.githubusercontent.com/MonsieurZed/poster/main/img/COLLEC_DCU.png |
[2022-10-11 11:18:15,253] [builder.py:653]            [DEBUG]    |                                                                                                    |
[2022-10-11 11:18:15,253] [builder.py:657]            [DEBUG]    | Validating Method: sort_title                                                                      |
[2022-10-11 11:18:15,253] [builder.py:658]            [DEBUG]    | Value: +C2_DC Extended Universe                                                                    |
[2022-10-11 11:18:15,495] [builder.py:823]            [INFO]     |                                                                                                    |
[2022-10-11 11:18:15,495] [builder.py:824]            [INFO]     | Validation Successful                                                                              |
[2022-10-11 11:18:15,496] [plex_meta_manager.py:561]  [INFO]     |                                                                                                    |
[2022-10-11 11:18:15,496] [plex_meta_manager.py:563]  [INFO]     |============================= Running DC Extended Universe Collection ==============================|
[2022-10-11 11:18:15,496] [plex_meta_manager.py:575]  [INFO]     |                                                                                                    |
[2022-10-11 11:18:15,496] [plex_meta_manager.py:576]  [INFO]     | Sync Mode: sync                                                                                    |
[2022-10-11 11:18:15,496] [plex_meta_manager.py:579]  [DEBUG]    |                                                                                                    |
[2022-10-11 11:18:15,497] [plex_meta_manager.py:580]  [DEBUG]    | Builder: trakt_list: https://trakt.tv/users/donxy/lists/dc-extended-universe?sort=rank,asc         |
[2022-10-11 11:18:15,497] [plex_meta_manager.py:581]  [INFO]     |                                                                                                    |
[2022-10-11 11:18:15,497] [trakt.py:493]              [INFO]     | Processing Trakt List: https://trakt.tv/users/donxy/lists/dc-extended-universe?sort=rank,asc       |
[2022-10-11 11:18:15,642] [builder.py:1581]           [DEBUG]    |                                                                                                    |
[2022-10-11 11:18:15,642] [builder.py:1582]           [DEBUG]    | 17 IDs Found: [(297762, 'tmdb'), (49521, 'tmdb'), (209112, 'tmdb'), (297761, 'tmdb'), (141052, 'tmdb'), (298618, 'tmdb'), (297802, 'tmdb'), (287947, 'tmdb'), (297797, 'tmdb'), (414906, 'tmdb'), (416649, 'tmdb'), (495764, 'tmdb'), (464052, 'tmdb'), (436969, 'tmdb'), (572802, 'tmdb'), (436270, 'tmdb'), (594767, 'tmdb')] |
[2022-10-11 11:18:15,643] [builder.py:1583]           [DEBUG]    |                                                                                                    |
[2022-10-11 11:18:15,643] [builder.py:2132]           [INFO]     |                                                                                                    |
[2022-10-11 11:18:15,644] [builder.py:2133]           [INFO]     |============================ Adding to DC Extended Universe Collection =============================|
[2022-10-11 11:18:15,644] [builder.py:2134]           [INFO]     |                                                                                                    |
[2022-10-11 11:18:15,644] [builder.py:2148]           [INFO]     |  1/10 | DC Extended Universe Collection | = | Wonder Woman (2017)                                  |
[2022-10-11 11:18:15,645] [builder.py:2148]           [INFO]     |  2/10 | DC Extended Universe Collection | = | Man of Steel (2013)                                  |
[2022-10-11 11:18:15,645] [builder.py:2148]           [INFO]     |  3/10 | DC Extended Universe Collection | = | Batman v Superman : L'Aube de la Justice (2016)      |
[2022-10-11 11:18:15,645] [builder.py:2148]           [INFO]     |  4/10 | DC Extended Universe Collection | = | Suicide Squad (2016)                                 |
[2022-10-11 11:18:15,645] [builder.py:2148]           [INFO]     |  5/10 | DC Extended Universe Collection | = | Justice League (2017)                                |
[2022-10-11 11:18:15,646] [builder.py:2148]           [INFO]     |  6/10 | DC Extended Universe Collection | = | Aquaman (2018)                                       |
[2022-10-11 11:18:15,646] [builder.py:2148]           [INFO]     |  7/10 | DC Extended Universe Collection | = | Shazam! (2019)                                       |
[2022-10-11 11:18:15,646] [builder.py:2148]           [INFO]     |  8/10 | DC Extended Universe Collection | = | The Batman (2022)                                    |
[2022-10-11 11:18:15,647] [builder.py:2148]           [INFO]     |  9/10 | DC Extended Universe Collection | = | Birds of Prey et la fantabuleuse histoire de Harley Quinn (2020) |
[2022-10-11 11:18:15,647] [builder.py:2148]           [INFO]     | 10/10 | DC Extended Universe Collection | = | Wonder Woman 1984 (2020)                             |
[2022-10-11 11:18:15,647] [builder.py:2168]           [INFO]     |                                                                                                    |
[2022-10-11 11:18:15,647] [builder.py:2170]           [INFO]     | 10 Movies Processed 0 Movies Added                                                                 |
[2022-10-11 11:18:15,648] [builder.py:2300]           [INFO]     |                                                                                                    |
[2022-10-11 11:18:15,648] [builder.py:2301]           [INFO]     |============================ Missing Movies from Library: Z. 1 - Films =============================|
[2022-10-11 11:18:15,648] [builder.py:2302]           [INFO]     |                                                                                                    |
[2022-10-11 11:18:15,661] [builder.py:2315]           [INFO]     | DC Extended Universe Collection | ? | The Flash (2023) (TMDb: 298618)                              |
[2022-10-11 11:18:15,693] [builder.py:2315]           [INFO]     | DC Extended Universe Collection | ? | Green Lantern Corps (TMDb: 297797)                           |
[2022-10-11 11:18:15,700] [builder.py:2309]           [ERROR]    | TMDb Error: No Movie found for TMDb ID 416649                                                      |
[2022-10-11 11:18:15,711] [builder.py:2315]           [INFO]     | DC Extended Universe Collection | ? | The Suicide Squad (2021) (TMDb: 436969)                      |
[2022-10-11 11:18:15,726] [builder.py:2315]           [INFO]     | DC Extended Universe Collection | ? | Aquaman and the Lost Kingdom (2023) (TMDb: 572802)           |
[2022-10-11 11:18:15,743] [builder.py:2315]           [INFO]     | DC Extended Universe Collection | ? | Black Adam (2022) (TMDb: 436270)                             |
[2022-10-11 11:18:15,759] [builder.py:2315]           [INFO]     | DC Extended Universe Collection | ? | Shazam! Fury of the Gods (2023) (TMDb: 594767)               |
[2022-10-11 11:18:15,759] [builder.py:2320]           [INFO]     |                                                                                                    |
[2022-10-11 11:18:15,759] [builder.py:2321]           [INFO]     | 6 Movies Missing                                                                                   |
[2022-10-11 11:18:15,775] [builder.py:2521]           [INFO]     |                                                                                                    |
[2022-10-11 11:18:15,775] [builder.py:2522]           [INFO]     |======================= Updating Details of DC Extended Universe Collection ========================|
[2022-10-11 11:18:15,775] [builder.py:2523]           [INFO]     |                                                                                                    |
[2022-10-11 11:18:15,785] [builder.py:2589]           [INFO]     | Collection Metadata Edits                                                                          |
[2022-10-11 11:18:15,785] [builder.py:2660]           [WARNING]  | Asset Warning: Unable to find asset folder: 'DC Extended Universe'                                 |
[2022-10-11 11:18:16,013] [plex_meta_manager.py:708]  [INFO]     |                                                                                                    |
[2022-10-11 11:18:16,014] [plex_meta_manager.py:709]  [INFO]     |====================================================================================================|
[2022-10-11 11:18:16,014] [plex_meta_manager.py:709]  [INFO]     |                              Finished DC Extended Universe Collection                              |
[2022-10-11 11:18:16,014] [plex_meta_manager.py:709]  [INFO]     |                                    Collection Run Time: 0:00:01                                    |
[2022-10-11 11:18:16,014] [plex_meta_manager.py:709]  [INFO]     |====================================================================================================|
