[2022-10-11 11:20:19,959] [builder.py:200]            [INFO]     |====================================================================================================|
[2022-10-11 11:20:19,959] [builder.py:200]            [INFO]     |                                 Sniper Collection in Z. 1 - Films                                  |
[2022-10-11 11:20:19,959] [builder.py:200]            [INFO]     |====================================================================================================|
[2022-10-11 11:20:19,959] [builder.py:201]            [INFO]     |                                                                                                    |
[2022-10-11 11:20:19,959] [builder.py:206]            [INFO]     |================================ Building Definition From Templates ================================|
[2022-10-11 11:20:19,959] [builder.py:222]            [DEBUG]    |                                                                                                    |
[2022-10-11 11:20:19,960] [meta.py:128]               [DEBUG]    | Template my_template                                                                               |
[2022-10-11 11:20:19,960] [meta.py:129]               [DEBUG]    | Call: {'value': ['14246'], 'tmdb_collection': ['14246'], 'key_name': 'Sniper', 'key': '14246', 'name': 'my_template'} |
[2022-10-11 11:20:19,960] [meta.py:304]               [DEBUG]    |                                                                                                    |
[2022-10-11 11:20:19,960] [meta.py:305]               [DEBUG]    | Variables: {'value': ['14246'], 'tmdb_collection': ['14246'], 'key_name': 'Sniper', 'key': '14246', 'name': 'my_template', 'collection_name': 'Sniper', 'mapping_name': 'Sniper', 'library_type': 'movie', 'library_name': 'Z. 1 - Films', 'value_encoded': '%5B%2714246%27%5D', 'tmdb_collection_encoded': '%5B%2714246%27%5D', 'key_name_encoded': 'Sniper', 'key_encoded': '14246', 'name_encoded': 'my_template', 'collection_name_encoded': 'Sniper', 'mapping_name_encoded': 'Sniper', 'library_type_encoded': 'movie', 'library_name_encoded': 'Z.%201%20-%20Films', 'collection_sort': 'Sniper'} |
[2022-10-11 11:20:19,960] [meta.py:306]               [DEBUG]    |                                                                                                    |
[2022-10-11 11:20:19,960] [meta.py:307]               [DEBUG]    | Defaults: {}                                                                                       |
[2022-10-11 11:20:19,960] [meta.py:308]               [DEBUG]    |                                                                                                    |
[2022-10-11 11:20:19,961] [meta.py:309]               [DEBUG]    | Optional: ['my_collection_poster', 'my_collection_poster_encoded']                                 |
[2022-10-11 11:20:19,961] [meta.py:370]               [DEBUG]    |                                                                                                    |
[2022-10-11 11:20:19,962] [meta.py:371]               [DEBUG]    | Final Template Attributes: {'tmdb_collection_details': ['14246'], 'collection_order': 'release', 'collection_mode': 'hide_items', 'sort_title': '+C1_Sniper'} |
[2022-10-11 11:20:19,962] [meta.py:372]               [DEBUG]    |                                                                                                    |
[2022-10-11 11:20:19,962] [builder.py:230]            [INFO]     |=================================== Validating Sniper Attributes ===================================|
[2022-10-11 11:20:19,962] [builder.py:620]            [DEBUG]    |                                                                                                    |
[2022-10-11 11:20:19,962] [builder.py:621]            [DEBUG]    | Validating Method: collection_order                                                                |
[2022-10-11 11:20:19,962] [builder.py:622]            [DEBUG]    | Value: release                                                                                     |
[2022-10-11 11:20:19,962] [builder.py:653]            [DEBUG]    |                                                                                                    |
[2022-10-11 11:20:19,962] [builder.py:657]            [DEBUG]    | Validating Method: label                                                                           |
[2022-10-11 11:20:19,963] [builder.py:658]            [DEBUG]    | Value: TMDb Collections                                                                            |
[2022-10-11 11:20:19,963] [builder.py:653]            [DEBUG]    |                                                                                                    |
[2022-10-11 11:20:19,963] [builder.py:657]            [DEBUG]    | Validating Method: tmdb_collection_details                                                         |
[2022-10-11 11:20:19,963] [builder.py:658]            [DEBUG]    | Value: ['14246']                                                                                   |
[2022-10-11 11:20:19,980] [builder.py:653]            [DEBUG]    |                                                                                                    |
[2022-10-11 11:20:19,980] [builder.py:657]            [DEBUG]    | Validating Method: collection_mode                                                                 |
[2022-10-11 11:20:19,981] [builder.py:658]            [DEBUG]    | Value: hide_items                                                                                  |
[2022-10-11 11:20:19,981] [builder.py:653]            [DEBUG]    |                                                                                                    |
[2022-10-11 11:20:19,981] [builder.py:657]            [DEBUG]    | Validating Method: sort_title                                                                      |
[2022-10-11 11:20:19,981] [builder.py:658]            [DEBUG]    | Value: +C1_Sniper                                                                                  |
[2022-10-11 11:20:19,987] [plex.py:803]               [DEBUG]    |                                                                                                    |
[2022-10-11 11:20:19,987] [plex.py:806]               [DEBUG]    | Looking for: Sniper                                                                                |
[2022-10-11 11:20:19,987] [builder.py:823]            [INFO]     |                                                                                                    |
[2022-10-11 11:20:19,988] [builder.py:824]            [INFO]     | Validation Successful                                                                              |
[2022-10-11 11:20:19,988] [plex_meta_manager.py:561]  [INFO]     |                                                                                                    |
[2022-10-11 11:20:19,988] [plex_meta_manager.py:563]  [INFO]     |==================================== Running Sniper Collection =====================================|
[2022-10-11 11:20:19,988] [plex_meta_manager.py:575]  [INFO]     |                                                                                                    |
[2022-10-11 11:20:19,988] [plex_meta_manager.py:576]  [INFO]     | Sync Mode: append                                                                                  |
[2022-10-11 11:20:19,988] [plex_meta_manager.py:579]  [DEBUG]    |                                                                                                    |
[2022-10-11 11:20:19,988] [plex_meta_manager.py:580]  [DEBUG]    | Builder: tmdb_collection: 14246                                                                    |
[2022-10-11 11:20:19,988] [plex_meta_manager.py:581]  [INFO]     |                                                                                                    |
[2022-10-11 11:20:19,995] [tmdb.py:381]               [INFO]     | Processing TMDb Collection: (14246) Sniper - Saga (9 Items)                                        |
[2022-10-11 11:20:19,995] [builder.py:1581]           [DEBUG]    |                                                                                                    |
[2022-10-11 11:20:19,995] [builder.py:1582]           [DEBUG]    | 9 IDs Found: [(9545, 'tmdb'), (14245, 'tmdb'), (14247, 'tmdb'), (58767, 'tmdb'), (290729, 'tmdb'), (407375, 'tmdb'), (464889, 'tmdb'), (702936, 'tmdb'), (997120, 'tmdb')] |
[2022-10-11 11:20:19,996] [builder.py:1583]           [DEBUG]    |                                                                                                    |
[2022-10-11 11:20:19,996] [builder.py:2300]           [INFO]     |                                                                                                    |
[2022-10-11 11:20:19,996] [builder.py:2301]           [INFO]     |============================ Missing Movies from Library: Z. 1 - Films =============================|
[2022-10-11 11:20:19,996] [builder.py:2302]           [INFO]     |                                                                                                    |
[2022-10-11 11:20:20,003] [builder.py:2315]           [INFO]     | Sniper Collection | ? | Sniper (1993) (TMDb: 9545)                                                 |
[2022-10-11 11:20:20,018] [builder.py:2315]           [INFO]     | Sniper Collection | ? | Sniper 2 (2002) (TMDb: 14245)                                              |
[2022-10-11 11:20:20,034] [builder.py:2315]           [INFO]     | Sniper Collection | ? | Sniper 3 (2004) (TMDb: 14247)                                              |
[2022-10-11 11:20:20,051] [builder.py:2315]           [INFO]     | Sniper Collection | ? | Sniper: Reloaded (2011) (TMDb: 58767)                                      |
[2022-10-11 11:20:20,063] [builder.py:2315]           [INFO]     | Sniper Collection | ? | Sniper: Legacy (2014) (TMDb: 290729)                                       |
[2022-10-11 11:20:20,093] [builder.py:2315]           [INFO]     | Sniper Collection | ? | Sniper: Ghost Shooter (2016) (TMDb: 407375)                                |
[2022-10-11 11:20:20,110] [builder.py:2315]           [INFO]     | Sniper Collection | ? | Sniper 7: L'Ultime Exécution (2017) (TMDb: 464889)                         |
[2022-10-11 11:20:20,160] [builder.py:2315]           [INFO]     | Sniper Collection | ? | Sniper: Assassin's End (2020) (TMDb: 702936)                               |
[2022-10-11 11:20:20,160] [builder.py:2320]           [INFO]     |                                                                                                    |
[2022-10-11 11:20:20,161] [builder.py:2321]           [INFO]     | 8 Movies Missing                                                                                   |
[2022-10-11 11:20:20,226] [plex_meta_manager.py:624]  [INFO]     |                                                                                                    |
[2022-10-11 11:20:20,226] [plex_meta_manager.py:625]  [INFO]     | Collection Minimum: 2 not met for Sniper Collection                                                |
[2022-10-11 11:20:20,226] [plex_meta_manager.py:708]  [INFO]     |                                                                                                    |
[2022-10-11 11:20:20,227] [plex_meta_manager.py:709]  [INFO]     |====================================================================================================|
[2022-10-11 11:20:20,227] [plex_meta_manager.py:709]  [INFO]     |                                     Finished Sniper Collection                                     |
[2022-10-11 11:20:20,227] [plex_meta_manager.py:709]  [INFO]     |                                    Collection Run Time: 0:00:00                                    |
[2022-10-11 11:20:20,227] [plex_meta_manager.py:709]  [INFO]     |====================================================================================================|
