[2022-10-11 11:20:29,538] [builder.py:200]            [INFO]     |====================================================================================================|
[2022-10-11 11:20:29,538] [builder.py:200]            [INFO]     |                              Transformers Collection in Z. 1 - Films                               |
[2022-10-11 11:20:29,538] [builder.py:200]            [INFO]     |====================================================================================================|
[2022-10-11 11:20:29,539] [builder.py:201]            [INFO]     |                                                                                                    |
[2022-10-11 11:20:29,539] [builder.py:206]            [INFO]     |================================ Building Definition From Templates ================================|
[2022-10-11 11:20:29,539] [builder.py:222]            [DEBUG]    |                                                                                                    |
[2022-10-11 11:20:29,539] [meta.py:128]               [DEBUG]    | Template my_template                                                                               |
[2022-10-11 11:20:29,539] [meta.py:129]               [DEBUG]    | Call: {'value': ['8650'], 'tmdb_collection': ['8650'], 'key_name': 'Transformers', 'key': '8650', 'name': 'my_template'} |
[2022-10-11 11:20:29,539] [meta.py:304]               [DEBUG]    |                                                                                                    |
[2022-10-11 11:20:29,540] [meta.py:305]               [DEBUG]    | Variables: {'value': ['8650'], 'tmdb_collection': ['8650'], 'key_name': 'Transformers', 'key': '8650', 'name': 'my_template', 'collection_name': 'Transformers', 'mapping_name': 'Transformers', 'library_type': 'movie', 'library_name': 'Z. 1 - Films', 'value_encoded': '%5B%278650%27%5D', 'tmdb_collection_encoded': '%5B%278650%27%5D', 'key_name_encoded': 'Transformers', 'key_encoded': '8650', 'name_encoded': 'my_template', 'collection_name_encoded': 'Transformers', 'mapping_name_encoded': 'Transformers', 'library_type_encoded': 'movie', 'library_name_encoded': 'Z.%201%20-%20Films', 'collection_sort': 'Transformers'} |
[2022-10-11 11:20:29,540] [meta.py:306]               [DEBUG]    |                                                                                                    |
[2022-10-11 11:20:29,540] [meta.py:307]               [DEBUG]    | Defaults: {}                                                                                       |
[2022-10-11 11:20:29,540] [meta.py:308]               [DEBUG]    |                                                                                                    |
[2022-10-11 11:20:29,540] [meta.py:309]               [DEBUG]    | Optional: ['my_collection_poster', 'my_collection_poster_encoded']                                 |
[2022-10-11 11:20:29,541] [meta.py:370]               [DEBUG]    |                                                                                                    |
[2022-10-11 11:20:29,541] [meta.py:371]               [DEBUG]    | Final Template Attributes: {'tmdb_collection_details': ['8650'], 'collection_order': 'release', 'collection_mode': 'hide_items', 'sort_title': '+C1_Transformers'} |
[2022-10-11 11:20:29,541] [meta.py:372]               [DEBUG]    |                                                                                                    |
[2022-10-11 11:20:29,541] [builder.py:230]            [INFO]     |================================ Validating Transformers Attributes ================================|
[2022-10-11 11:20:29,542] [builder.py:620]            [DEBUG]    |                                                                                                    |
[2022-10-11 11:20:29,542] [builder.py:621]            [DEBUG]    | Validating Method: collection_order                                                                |
[2022-10-11 11:20:29,542] [builder.py:622]            [DEBUG]    | Value: release                                                                                     |
[2022-10-11 11:20:29,542] [builder.py:653]            [DEBUG]    |                                                                                                    |
[2022-10-11 11:20:29,542] [builder.py:657]            [DEBUG]    | Validating Method: label                                                                           |
[2022-10-11 11:20:29,542] [builder.py:658]            [DEBUG]    | Value: TMDb Collections                                                                            |
[2022-10-11 11:20:29,542] [builder.py:653]            [DEBUG]    |                                                                                                    |
[2022-10-11 11:20:29,543] [builder.py:657]            [DEBUG]    | Validating Method: tmdb_collection_details                                                         |
[2022-10-11 11:20:29,543] [builder.py:658]            [DEBUG]    | Value: ['8650']                                                                                    |
[2022-10-11 11:20:29,557] [builder.py:653]            [DEBUG]    |                                                                                                    |
[2022-10-11 11:20:29,558] [builder.py:657]            [DEBUG]    | Validating Method: collection_mode                                                                 |
[2022-10-11 11:20:29,558] [builder.py:658]            [DEBUG]    | Value: hide_items                                                                                  |
[2022-10-11 11:20:29,558] [builder.py:653]            [DEBUG]    |                                                                                                    |
[2022-10-11 11:20:29,558] [builder.py:657]            [DEBUG]    | Validating Method: sort_title                                                                      |
[2022-10-11 11:20:29,558] [builder.py:658]            [DEBUG]    | Value: +C1_Transformers                                                                            |
[2022-10-11 11:20:29,781] [builder.py:823]            [INFO]     |                                                                                                    |
[2022-10-11 11:20:29,782] [builder.py:824]            [INFO]     | Validation Successful                                                                              |
[2022-10-11 11:20:29,782] [plex_meta_manager.py:561]  [INFO]     |                                                                                                    |
[2022-10-11 11:20:29,782] [plex_meta_manager.py:563]  [INFO]     |================================= Running Transformers Collection ==================================|
[2022-10-11 11:20:29,782] [plex_meta_manager.py:575]  [INFO]     |                                                                                                    |
[2022-10-11 11:20:29,783] [plex_meta_manager.py:576]  [INFO]     | Sync Mode: append                                                                                  |
[2022-10-11 11:20:29,783] [plex_meta_manager.py:579]  [DEBUG]    |                                                                                                    |
[2022-10-11 11:20:29,783] [plex_meta_manager.py:580]  [DEBUG]    | Builder: tmdb_collection: 8650                                                                     |
[2022-10-11 11:20:29,783] [plex_meta_manager.py:581]  [INFO]     |                                                                                                    |
[2022-10-11 11:20:29,788] [tmdb.py:381]               [INFO]     | Processing TMDb Collection: (8650) Transformers - Saga (5 Items)                                   |
[2022-10-11 11:20:29,789] [builder.py:1581]           [DEBUG]    |                                                                                                    |
[2022-10-11 11:20:29,789] [builder.py:1582]           [DEBUG]    | 5 IDs Found: [(1858, 'tmdb'), (8373, 'tmdb'), (38356, 'tmdb'), (91314, 'tmdb'), (335988, 'tmdb')]  |
[2022-10-11 11:20:29,789] [builder.py:1583]           [DEBUG]    |                                                                                                    |
[2022-10-11 11:20:29,789] [builder.py:2132]           [INFO]     |                                                                                                    |
[2022-10-11 11:20:29,789] [builder.py:2133]           [INFO]     |================================ Adding to Transformers Collection =================================|
[2022-10-11 11:20:29,790] [builder.py:2134]           [INFO]     |                                                                                                    |
[2022-10-11 11:20:29,790] [builder.py:2148]           [INFO]     | 1/5 | Transformers Collection | = | Transformers (2007)                                            |
[2022-10-11 11:20:29,790] [builder.py:2148]           [INFO]     | 2/5 | Transformers Collection | = | Transformers 2 : La Revanche (2009)                            |
[2022-10-11 11:20:29,790] [builder.py:2148]           [INFO]     | 3/5 | Transformers Collection | = | Transformers 3 : La Face cachée de la Lune (2011)              |
[2022-10-11 11:20:29,790] [builder.py:2148]           [INFO]     | 4/5 | Transformers Collection | = | Transformers 4 : L’Âge de l’extinction (2014)                  |
[2022-10-11 11:20:29,790] [builder.py:2148]           [INFO]     | 5/5 | Transformers Collection | = | Transformers 5 : The Last Knight (2017)                        |
[2022-10-11 11:20:29,791] [builder.py:2168]           [INFO]     |                                                                                                    |
[2022-10-11 11:20:29,791] [builder.py:2170]           [INFO]     | 5 Movies Processed 0 Movies Added                                                                  |
[2022-10-11 11:20:29,798] [builder.py:2521]           [INFO]     |                                                                                                    |
[2022-10-11 11:20:29,798] [builder.py:2522]           [INFO]     |=========================== Updating Details of Transformers Collection ============================|
[2022-10-11 11:20:29,799] [builder.py:2523]           [INFO]     |                                                                                                    |
[2022-10-11 11:20:29,807] [builder.py:2589]           [INFO]     | Collection Metadata Edits                                                                          |
[2022-10-11 11:20:29,808] [builder.py:2660]           [WARNING]  | Asset Warning: Unable to find asset folder: 'Transformers'                                         |
[2022-10-11 11:20:29,808] [util.py:171]               [DEBUG]    | 1 poster found:                                                                                    |
[2022-10-11 11:20:29,808] [util.py:173]               [DEBUG]    | Method: tmdb_collection_details Poster: https://image.tmdb.org/t/p/original/634HpDF95NXzfExXfmeDNPEwT3r.jpg |
[2022-10-11 11:20:29,808] [util.py:171]               [DEBUG]    | 1 background found:                                                                                |
[2022-10-11 11:20:29,809] [util.py:173]               [DEBUG]    | Method: tmdb_collection_details Background: https://image.tmdb.org/t/p/original/zvZBNNDWd5LcsIBpDhJyCB2MDT7.jpg |
[2022-10-11 11:20:29,810] [library.py:173]            [INFO]     | Detail: poster update not needed                                                                   |
[2022-10-11 11:20:29,811] [library.py:189]            [INFO]     | Detail: background update not needed                                                               |
[2022-10-11 11:20:30,020] [plex_meta_manager.py:708]  [INFO]     |                                                                                                    |
[2022-10-11 11:20:30,021] [plex_meta_manager.py:709]  [INFO]     |====================================================================================================|
[2022-10-11 11:20:30,021] [plex_meta_manager.py:709]  [INFO]     |                                  Finished Transformers Collection                                  |
[2022-10-11 11:20:30,021] [plex_meta_manager.py:709]  [INFO]     |                                    Collection Run Time: 0:00:00                                    |
[2022-10-11 11:20:30,021] [plex_meta_manager.py:709]  [INFO]     |====================================================================================================|
