[2022-10-11 09:28:40,712] [builder.py:197]            [INFO]     |====================================================================================================|
[2022-10-11 09:28:40,713] [builder.py:197]            [INFO]     |                                 Aardman Collection in Z. 1 - Films                                 |
[2022-10-11 09:28:40,713] [builder.py:197]            [INFO]     |====================================================================================================|
[2022-10-11 09:28:40,713] [builder.py:198]            [INFO]     |                                                                                                    |
[2022-10-11 09:28:40,713] [builder.py:203]            [INFO]     |================================ Building Definition From Templates ================================|
[2022-10-11 09:28:40,714] [builder.py:211]            [DEBUG]    |                                                                                                    |
[2022-10-11 09:28:40,714] [meta.py:128]               [DEBUG]    | Template Studio                                                                                    |
[2022-10-11 09:28:40,714] [meta.py:129]               [DEBUG]    | Call: ordereddict([('name', 'Studio'), ('studio', 'Aardman')])                                     |
[2022-10-11 09:28:40,714] [meta.py:304]               [DEBUG]    |                                                                                                    |
[2022-10-11 09:28:40,714] [meta.py:305]               [DEBUG]    | Variables: ordereddict([('name', 'Studio'), ('studio', 'Aardman'), ('collection_name', 'Aardman'), ('mapping_name', 'Aardman'), ('library_type', 'movie'), ('library_name', 'Z. 1 - Films'), ('name_encoded', 'Studio'), ('studio_encoded', 'Aardman'), ('collection_name_encoded', 'Aardman'), ('mapping_name_encoded', 'Aardman'), ('library_type_encoded', 'movie'), ('library_name_encoded', 'Z.%201%20-%20Films'), ('collection_sort', 'Aardman')]) |
[2022-10-11 09:28:40,715] [meta.py:306]               [DEBUG]    |                                                                                                    |
[2022-10-11 09:28:40,715] [meta.py:307]               [DEBUG]    | Defaults: {}                                                                                       |
[2022-10-11 09:28:40,715] [meta.py:308]               [DEBUG]    |                                                                                                    |
[2022-10-11 09:28:40,715] [meta.py:309]               [DEBUG]    | Optional: []                                                                                       |
[2022-10-11 09:28:40,716] [meta.py:370]               [DEBUG]    |                                                                                                    |
[2022-10-11 09:28:40,716] [meta.py:371]               [DEBUG]    | Final Template Attributes: {'plex_search': {'studio': 'Aardman'}, 'sort_title': '+12_Aardman', 'collection_order': 'alpha'} |
[2022-10-11 09:28:40,716] [meta.py:372]               [DEBUG]    |                                                                                                    |
[2022-10-11 09:28:40,717] [builder.py:219]            [INFO]     |================================== Validating Aardman Attributes ===================================|
[2022-10-11 09:28:40,717] [builder.py:609]            [DEBUG]    |                                                                                                    |
[2022-10-11 09:28:40,717] [builder.py:610]            [DEBUG]    | Validating Method: collection_order                                                                |
[2022-10-11 09:28:40,717] [builder.py:611]            [DEBUG]    | Value: alpha                                                                                       |
[2022-10-11 09:28:40,718] [builder.py:627]            [DEBUG]    |                                                                                                    |
[2022-10-11 09:28:40,718] [builder.py:631]            [DEBUG]    | Validating Method: url_poster                                                                      |
[2022-10-11 09:28:40,718] [builder.py:632]            [DEBUG]    | Value: https://raw.githubusercontent.com/MonsieurZed/poster/main/img/STUDIO_AARDMAN.png            |
[2022-10-11 09:28:40,958] [builder.py:627]            [DEBUG]    |                                                                                                    |
[2022-10-11 09:28:40,958] [builder.py:631]            [DEBUG]    | Validating Method: summary                                                                         |
[2022-10-11 09:28:40,958] [builder.py:632]            [DEBUG]    | Value: Aardman Animations, Ltd. is a British animation studio based in Bristol, England. Aardman is known for films made using stop-motion clay animation techniques, particularly those featuring Plasticine characters Wallace and Gromit. |
[2022-10-11 09:28:40,958] [builder.py:627]            [DEBUG]    |                                                                                                    |
[2022-10-11 09:28:40,959] [builder.py:631]            [DEBUG]    | Validating Method: plex_search                                                                     |
[2022-10-11 09:28:40,959] [builder.py:632]            [DEBUG]    | Value: {'studio': 'Aardman'}                                                                       |
[2022-10-11 09:28:40,959] [builder.py:627]            [DEBUG]    |                                                                                                    |
[2022-10-11 09:28:40,959] [builder.py:631]            [DEBUG]    | Validating Method: sort_title                                                                      |
[2022-10-11 09:28:40,960] [builder.py:632]            [DEBUG]    | Value: +12_Aardman                                                                                 |
[2022-10-11 09:28:40,966] [plex.py:790]               [DEBUG]    |                                                                                                    |
[2022-10-11 09:28:40,966] [plex.py:793]               [DEBUG]    | Looking for: Aardman                                                                               |
[2022-10-11 09:28:40,967] [builder.py:797]            [INFO]     |                                                                                                    |
[2022-10-11 09:28:40,967] [builder.py:798]            [INFO]     | Validation Successful                                                                              |
[2022-10-11 09:28:40,967] [plex_meta_manager.py:561]  [INFO]     |                                                                                                    |
[2022-10-11 09:28:40,967] [plex_meta_manager.py:563]  [INFO]     |==================================== Running Aardman Collection ====================================|
[2022-10-11 09:28:40,967] [plex_meta_manager.py:575]  [INFO]     |                                                                                                    |
[2022-10-11 09:28:40,967] [plex_meta_manager.py:576]  [INFO]     | Sync Mode: append                                                                                  |
[2022-10-11 09:28:40,967] [plex_meta_manager.py:579]  [DEBUG]    |                                                                                                    |
[2022-10-11 09:28:40,967] [plex_meta_manager.py:580]  [DEBUG]    | Builder: plex_search: (1, 'Plex Movie Search\nSort By: title.asc\nFilter:\n  Match all of the following:\n    Match any of the following:\n      Studio contains Aardman', '?type=1&sort=titleSort&push=1&studio=Aardman&pop=1') |
[2022-10-11 09:28:40,968] [plex_meta_manager.py:581]  [INFO]     |                                                                                                    |
[2022-10-11 09:28:40,968] [plex.py:819]               [INFO]     | Processing Plex Movie Search                                                                       |
                                                                 | Sort By: title.asc
                                                                 | Filter:
                                                                 |   Match all of the following:
                                                                 |     Match any of the following:
                                                                 |       Studio contains Aardman
[2022-10-11 09:28:40,987] [plex_meta_manager.py:696]  [DEBUG]    | Traceback (most recent call last):
                                                                 |   File "//plex_meta_manager.py", line 583, in run_collection
                                                                 |     builder.filter_and_save_items(builder.gather_ids(method, value))
                                                                 |   File "/modules/builder.py", line 1492, in gather_ids
                                                                 |     ids = self.library.get_rating_keys(method, value)
                                                                 |   File "/modules/plex.py", line 862, in get_rating_keys
                                                                 |     raise Failed("Plex Error: No Items found in Plex")
                                                                 | modules.util.Failed: Plex Error: No Items found in Plex
                                                                 | 
[2022-10-11 09:28:40,989] [plex_meta_manager.py:697]  [ERROR]    | Plex Error: No Items found in Plex
[2022-10-11 09:28:40,989] [plex_meta_manager.py:708]  [INFO]     | 
[2022-10-11 09:28:40,989] [plex_meta_manager.py:709]  [INFO]     |====================================================================================================|
[2022-10-11 09:28:40,989] [plex_meta_manager.py:709]  [INFO]     |                                    Finished Aardman Collection                                     |
[2022-10-11 09:28:40,989] [plex_meta_manager.py:709]  [INFO]     |                                    Collection Run Time: 0:00:00                                    |
[2022-10-11 09:28:40,989] [plex_meta_manager.py:709]  [INFO]     |====================================================================================================|
