[2022-10-11 11:18:35,202] [builder.py:200]            [INFO]     |====================================================================================================|
[2022-10-11 11:18:35,203] [builder.py:200]            [INFO]     |                             Captain America Collection in Z. 1 - Films                             |
[2022-10-11 11:18:35,203] [builder.py:200]            [INFO]     |====================================================================================================|
[2022-10-11 11:18:35,203] [builder.py:201]            [INFO]     |                                                                                                    |
[2022-10-11 11:18:35,203] [builder.py:206]            [INFO]     |================================ Building Definition From Templates ================================|
[2022-10-11 11:18:35,203] [builder.py:222]            [DEBUG]    |                                                                                                    |
[2022-10-11 11:18:35,203] [meta.py:128]               [DEBUG]    | Template my_template                                                                               |
[2022-10-11 11:18:35,204] [meta.py:129]               [DEBUG]    | Call: {'value': ['131295'], 'tmdb_collection': ['131295'], 'key_name': 'Captain America', 'key': '131295', 'name': 'my_template'} |
[2022-10-11 11:18:35,204] [meta.py:304]               [DEBUG]    |                                                                                                    |
[2022-10-11 11:18:35,204] [meta.py:305]               [DEBUG]    | Variables: {'value': ['131295'], 'tmdb_collection': ['131295'], 'key_name': 'Captain America', 'key': '131295', 'name': 'my_template', 'collection_name': 'Captain America', 'mapping_name': 'Captain America', 'library_type': 'movie', 'library_name': 'Z. 1 - Films', 'value_encoded': '%5B%27131295%27%5D', 'tmdb_collection_encoded': '%5B%27131295%27%5D', 'key_name_encoded': 'Captain%20America', 'key_encoded': '131295', 'name_encoded': 'my_template', 'collection_name_encoded': 'Captain%20America', 'mapping_name_encoded': 'Captain%20America', 'library_type_encoded': 'movie', 'library_name_encoded': 'Z.%201%20-%20Films', 'collection_sort': 'Captain America'} |
[2022-10-11 11:18:35,204] [meta.py:306]               [DEBUG]    |                                                                                                    |
[2022-10-11 11:18:35,204] [meta.py:307]               [DEBUG]    | Defaults: {}                                                                                       |
[2022-10-11 11:18:35,204] [meta.py:308]               [DEBUG]    |                                                                                                    |
[2022-10-11 11:18:35,204] [meta.py:309]               [DEBUG]    | Optional: ['my_collection_poster', 'my_collection_poster_encoded']                                 |
[2022-10-11 11:18:35,205] [meta.py:370]               [DEBUG]    |                                                                                                    |
[2022-10-11 11:18:35,205] [meta.py:371]               [DEBUG]    | Final Template Attributes: {'tmdb_collection_details': ['131295'], 'collection_order': 'release', 'collection_mode': 'hide_items', 'sort_title': '+C1_Captain America'} |
[2022-10-11 11:18:35,206] [meta.py:372]               [DEBUG]    |                                                                                                    |
[2022-10-11 11:18:35,206] [builder.py:230]            [INFO]     |============================== Validating Captain America Attributes ===============================|
[2022-10-11 11:18:35,206] [builder.py:620]            [DEBUG]    |                                                                                                    |
[2022-10-11 11:18:35,206] [builder.py:621]            [DEBUG]    | Validating Method: collection_order                                                                |
[2022-10-11 11:18:35,206] [builder.py:622]            [DEBUG]    | Value: release                                                                                     |
[2022-10-11 11:18:35,206] [builder.py:653]            [DEBUG]    |                                                                                                    |
[2022-10-11 11:18:35,206] [builder.py:657]            [DEBUG]    | Validating Method: label                                                                           |
[2022-10-11 11:18:35,206] [builder.py:658]            [DEBUG]    | Value: TMDb Collections                                                                            |
[2022-10-11 11:18:35,207] [builder.py:653]            [DEBUG]    |                                                                                                    |
[2022-10-11 11:18:35,207] [builder.py:657]            [DEBUG]    | Validating Method: tmdb_collection_details                                                         |
[2022-10-11 11:18:35,207] [builder.py:658]            [DEBUG]    | Value: ['131295']                                                                                  |
[2022-10-11 11:18:35,221] [builder.py:653]            [DEBUG]    |                                                                                                    |
[2022-10-11 11:18:35,221] [builder.py:657]            [DEBUG]    | Validating Method: collection_mode                                                                 |
[2022-10-11 11:18:35,221] [builder.py:658]            [DEBUG]    | Value: hide_items                                                                                  |
[2022-10-11 11:18:35,221] [builder.py:653]            [DEBUG]    |                                                                                                    |
[2022-10-11 11:18:35,221] [builder.py:657]            [DEBUG]    | Validating Method: sort_title                                                                      |
[2022-10-11 11:18:35,221] [builder.py:658]            [DEBUG]    | Value: +C1_Captain America                                                                         |
[2022-10-11 11:18:35,420] [builder.py:823]            [INFO]     |                                                                                                    |
[2022-10-11 11:18:35,420] [builder.py:824]            [INFO]     | Validation Successful                                                                              |
[2022-10-11 11:18:35,420] [plex_meta_manager.py:561]  [INFO]     |                                                                                                    |
[2022-10-11 11:18:35,420] [plex_meta_manager.py:563]  [INFO]     |================================ Running Captain America Collection ================================|
[2022-10-11 11:18:35,420] [plex_meta_manager.py:575]  [INFO]     |                                                                                                    |
[2022-10-11 11:18:35,421] [plex_meta_manager.py:576]  [INFO]     | Sync Mode: append                                                                                  |
[2022-10-11 11:18:35,421] [plex_meta_manager.py:579]  [DEBUG]    |                                                                                                    |
[2022-10-11 11:18:35,421] [plex_meta_manager.py:580]  [DEBUG]    | Builder: tmdb_collection: 131295                                                                   |
[2022-10-11 11:18:35,421] [plex_meta_manager.py:581]  [INFO]     |                                                                                                    |
[2022-10-11 11:18:35,427] [tmdb.py:381]               [INFO]     | Processing TMDb Collection: (131295) Captain America - Saga (4 Items)                              |
[2022-10-11 11:18:35,427] [builder.py:1581]           [DEBUG]    |                                                                                                    |
[2022-10-11 11:18:35,427] [builder.py:1582]           [DEBUG]    | 4 IDs Found: [(1771, 'tmdb'), (100402, 'tmdb'), (271110, 'tmdb'), (822119, 'tmdb')]                |
[2022-10-11 11:18:35,427] [builder.py:1583]           [DEBUG]    |                                                                                                    |
[2022-10-11 11:18:35,428] [builder.py:2132]           [INFO]     |                                                                                                    |
[2022-10-11 11:18:35,428] [builder.py:2133]           [INFO]     |=============================== Adding to Captain America Collection ===============================|
[2022-10-11 11:18:35,428] [builder.py:2134]           [INFO]     |                                                                                                    |
[2022-10-11 11:18:35,428] [builder.py:2148]           [INFO]     | 1/3 | Captain America Collection | = | Captain America : First Avenger (2011)                      |
[2022-10-11 11:18:35,429] [builder.py:2148]           [INFO]     | 2/3 | Captain America Collection | = | Captain America : Le Soldat de l'hiver (2014)               |
[2022-10-11 11:18:35,429] [builder.py:2148]           [INFO]     | 3/3 | Captain America Collection | = | Captain America : Civil War (2016)                          |
[2022-10-11 11:18:35,429] [builder.py:2168]           [INFO]     |                                                                                                    |
[2022-10-11 11:18:35,429] [builder.py:2170]           [INFO]     | 3 Movies Processed 0 Movies Added                                                                  |
[2022-10-11 11:18:35,429] [builder.py:2300]           [INFO]     |                                                                                                    |
[2022-10-11 11:18:35,430] [builder.py:2301]           [INFO]     |============================ Missing Movies from Library: Z. 1 - Films =============================|
[2022-10-11 11:18:35,430] [builder.py:2302]           [INFO]     |                                                                                                    |
[2022-10-11 11:18:35,441] [builder.py:2315]           [INFO]     | Captain America Collection | ? | Captain America: New World Order (2024) (TMDb: 822119)            |
[2022-10-11 11:18:35,442] [builder.py:2320]           [INFO]     |                                                                                                    |
[2022-10-11 11:18:35,442] [builder.py:2321]           [INFO]     | 1 Movie Missing                                                                                    |
[2022-10-11 11:18:35,471] [builder.py:2521]           [INFO]     |                                                                                                    |
[2022-10-11 11:18:35,472] [builder.py:2522]           [INFO]     |========================== Updating Details of Captain America Collection ==========================|
[2022-10-11 11:18:35,472] [builder.py:2523]           [INFO]     |                                                                                                    |
[2022-10-11 11:18:35,481] [builder.py:2589]           [INFO]     | Collection Metadata Edits                                                                          |
[2022-10-11 11:18:35,482] [builder.py:2660]           [WARNING]  | Asset Warning: Unable to find asset folder: 'Captain America'                                      |
[2022-10-11 11:18:35,482] [util.py:171]               [DEBUG]    | 1 poster found:                                                                                    |
[2022-10-11 11:18:35,482] [util.py:173]               [DEBUG]    | Method: tmdb_collection_details Poster: https://image.tmdb.org/t/p/original/2tOgiY533JSFp7OrVlkeRJvsZpI.jpg |
[2022-10-11 11:18:35,482] [util.py:171]               [DEBUG]    | 1 background found:                                                                                |
[2022-10-11 11:18:35,482] [util.py:173]               [DEBUG]    | Method: tmdb_collection_details Background: https://image.tmdb.org/t/p/original/ezEpSQhUQxVKdMx81zaSLsTHv7j.jpg |
[2022-10-11 11:18:35,483] [library.py:173]            [INFO]     | Detail: poster update not needed                                                                   |
[2022-10-11 11:18:35,484] [library.py:189]            [INFO]     | Detail: background update not needed                                                               |
[2022-10-11 11:18:35,678] [plex_meta_manager.py:708]  [INFO]     |                                                                                                    |
[2022-10-11 11:18:35,678] [plex_meta_manager.py:709]  [INFO]     |====================================================================================================|
[2022-10-11 11:18:35,678] [plex_meta_manager.py:709]  [INFO]     |                                Finished Captain America Collection                                 |
[2022-10-11 11:18:35,679] [plex_meta_manager.py:709]  [INFO]     |                                    Collection Run Time: 0:00:00                                    |
[2022-10-11 11:18:35,679] [plex_meta_manager.py:709]  [INFO]     |====================================================================================================|
