[2022-10-11 09:28:41,973] [builder.py:197]            [INFO]     |====================================================================================================|
[2022-10-11 09:28:41,973] [builder.py:197]            [INFO]     |                           Blue Sky Animation Collection in Z. 1 - Films                            |
[2022-10-11 09:28:41,973] [builder.py:197]            [INFO]     |====================================================================================================|
[2022-10-11 09:28:41,973] [builder.py:198]            [INFO]     |                                                                                                    |
[2022-10-11 09:28:41,974] [builder.py:203]            [INFO]     |================================ Building Definition From Templates ================================|
[2022-10-11 09:28:41,974] [builder.py:211]            [DEBUG]    |                                                                                                    |
[2022-10-11 09:28:41,974] [meta.py:128]               [DEBUG]    | Template Studio                                                                                    |
[2022-10-11 09:28:41,974] [meta.py:129]               [DEBUG]    | Call: ordereddict([('name', 'Studio'), ('studio', 'Blue Sky Animation')])                          |
[2022-10-11 09:28:41,974] [meta.py:304]               [DEBUG]    |                                                                                                    |
[2022-10-11 09:28:41,974] [meta.py:305]               [DEBUG]    | Variables: ordereddict([('name', 'Studio'), ('studio', 'Blue Sky Animation'), ('collection_name', 'Blue Sky Animation'), ('mapping_name', 'Blue Sky Animation'), ('library_type', 'movie'), ('library_name', 'Z. 1 - Films'), ('name_encoded', 'Studio'), ('studio_encoded', 'Blue%20Sky%20Animation'), ('collection_name_encoded', 'Blue%20Sky%20Animation'), ('mapping_name_encoded', 'Blue%20Sky%20Animation'), ('library_type_encoded', 'movie'), ('library_name_encoded', 'Z.%201%20-%20Films'), ('collection_sort', 'Blue Sky Animation')]) |
[2022-10-11 09:28:41,975] [meta.py:306]               [DEBUG]    |                                                                                                    |
[2022-10-11 09:28:41,975] [meta.py:307]               [DEBUG]    | Defaults: {}                                                                                       |
[2022-10-11 09:28:41,975] [meta.py:308]               [DEBUG]    |                                                                                                    |
[2022-10-11 09:28:41,975] [meta.py:309]               [DEBUG]    | Optional: []                                                                                       |
[2022-10-11 09:28:41,976] [meta.py:370]               [DEBUG]    |                                                                                                    |
[2022-10-11 09:28:41,976] [meta.py:371]               [DEBUG]    | Final Template Attributes: {'plex_search': {'studio': 'Blue Sky Animation'}, 'sort_title': '+12_Blue Sky Animation', 'collection_order': 'alpha'} |
[2022-10-11 09:28:41,976] [meta.py:372]               [DEBUG]    |                                                                                                    |
[2022-10-11 09:28:41,976] [builder.py:219]            [INFO]     |============================= Validating Blue Sky Animation Attributes =============================|
[2022-10-11 09:28:41,976] [builder.py:609]            [DEBUG]    |                                                                                                    |
[2022-10-11 09:28:41,976] [builder.py:610]            [DEBUG]    | Validating Method: collection_order                                                                |
[2022-10-11 09:28:41,977] [builder.py:611]            [DEBUG]    | Value: alpha                                                                                       |
[2022-10-11 09:28:41,977] [builder.py:627]            [DEBUG]    |                                                                                                    |
[2022-10-11 09:28:41,977] [builder.py:631]            [DEBUG]    | Validating Method: url_poster                                                                      |
[2022-10-11 09:28:41,977] [builder.py:632]            [DEBUG]    | Value: https://raw.githubusercontent.com/MonsieurZed/poster/main/img/STUDIO_BSA.png                |
[2022-10-11 09:28:42,186] [builder.py:627]            [DEBUG]    |                                                                                                    |
[2022-10-11 09:28:42,186] [builder.py:631]            [DEBUG]    | Validating Method: summary                                                                         |
[2022-10-11 09:28:42,186] [builder.py:632]            [DEBUG]    | Value: Blue Sky Studios, Inc. is an American computer animation film studio based in Greenwich, Connecticut. It is a subsidiary of 20th Century Animation, a division of Disney Studios Content. |
[2022-10-11 09:28:42,187] [builder.py:627]            [DEBUG]    |                                                                                                    |
[2022-10-11 09:28:42,187] [builder.py:631]            [DEBUG]    | Validating Method: plex_search                                                                     |
[2022-10-11 09:28:42,187] [builder.py:632]            [DEBUG]    | Value: {'studio': 'Blue Sky Animation'}                                                            |
[2022-10-11 09:28:42,188] [builder.py:627]            [DEBUG]    |                                                                                                    |
[2022-10-11 09:28:42,188] [builder.py:631]            [DEBUG]    | Validating Method: sort_title                                                                      |
[2022-10-11 09:28:42,188] [builder.py:632]            [DEBUG]    | Value: +12_Blue Sky Animation                                                                      |
[2022-10-11 09:28:42,195] [plex.py:790]               [DEBUG]    |                                                                                                    |
[2022-10-11 09:28:42,196] [plex.py:793]               [DEBUG]    | Looking for: Blue Sky Animation                                                                    |
[2022-10-11 09:28:42,196] [builder.py:797]            [INFO]     |                                                                                                    |
[2022-10-11 09:28:42,196] [builder.py:798]            [INFO]     | Validation Successful                                                                              |
[2022-10-11 09:28:42,196] [plex_meta_manager.py:561]  [INFO]     |                                                                                                    |
[2022-10-11 09:28:42,196] [plex_meta_manager.py:563]  [INFO]     |============================== Running Blue Sky Animation Collection ===============================|
[2022-10-11 09:28:42,197] [plex_meta_manager.py:575]  [INFO]     |                                                                                                    |
[2022-10-11 09:28:42,197] [plex_meta_manager.py:576]  [INFO]     | Sync Mode: append                                                                                  |
[2022-10-11 09:28:42,197] [plex_meta_manager.py:579]  [DEBUG]    |                                                                                                    |
[2022-10-11 09:28:42,197] [plex_meta_manager.py:580]  [DEBUG]    | Builder: plex_search: (1, 'Plex Movie Search\nSort By: title.asc\nFilter:\n  Match all of the following:\n    Match any of the following:\n      Studio contains Blue Sky Animation', '?type=1&sort=titleSort&push=1&studio=Blue%20Sky%20Animation&pop=1') |
[2022-10-11 09:28:42,197] [plex_meta_manager.py:581]  [INFO]     |                                                                                                    |
[2022-10-11 09:28:42,198] [plex.py:819]               [INFO]     | Processing Plex Movie Search                                                                       |
                                                                 | Sort By: title.asc
                                                                 | Filter:
                                                                 |   Match all of the following:
                                                                 |     Match any of the following:
                                                                 |       Studio contains Blue Sky Animation
[2022-10-11 09:28:42,218] [plex_meta_manager.py:696]  [DEBUG]    | Traceback (most recent call last):
                                                                 |   File "//plex_meta_manager.py", line 583, in run_collection
                                                                 |     builder.filter_and_save_items(builder.gather_ids(method, value))
                                                                 |   File "/modules/builder.py", line 1492, in gather_ids
                                                                 |     ids = self.library.get_rating_keys(method, value)
                                                                 |   File "/modules/plex.py", line 862, in get_rating_keys
                                                                 |     raise Failed("Plex Error: No Items found in Plex")
                                                                 | modules.util.Failed: Plex Error: No Items found in Plex
                                                                 | 
[2022-10-11 09:28:42,220] [plex_meta_manager.py:697]  [ERROR]    | Plex Error: No Items found in Plex
[2022-10-11 09:28:42,220] [plex_meta_manager.py:708]  [INFO]     | 
[2022-10-11 09:28:42,220] [plex_meta_manager.py:709]  [INFO]     |====================================================================================================|
[2022-10-11 09:28:42,220] [plex_meta_manager.py:709]  [INFO]     |                               Finished Blue Sky Animation Collection                               |
[2022-10-11 09:28:42,221] [plex_meta_manager.py:709]  [INFO]     |                                    Collection Run Time: 0:00:00                                    |
[2022-10-11 09:28:42,221] [plex_meta_manager.py:709]  [INFO]     |====================================================================================================|
