[2022-10-11 11:18:58,989] [builder.py:200]            [INFO]     |====================================================================================================|
[2022-10-11 11:18:58,990] [builder.py:200]            [INFO]     |                                Kick-Ass Collection in Z. 1 - Films                                 |
[2022-10-11 11:18:58,990] [builder.py:200]            [INFO]     |====================================================================================================|
[2022-10-11 11:18:58,990] [builder.py:201]            [INFO]     |                                                                                                    |
[2022-10-11 11:18:58,990] [builder.py:206]            [INFO]     |================================ Building Definition From Templates ================================|
[2022-10-11 11:18:58,990] [builder.py:222]            [DEBUG]    |                                                                                                    |
[2022-10-11 11:18:58,991] [meta.py:128]               [DEBUG]    | Template my_template                                                                               |
[2022-10-11 11:18:58,991] [meta.py:129]               [DEBUG]    | Call: {'value': ['179892'], 'tmdb_collection': ['179892'], 'key_name': 'Kick-Ass', 'key': '179892', 'name': 'my_template'} |
[2022-10-11 11:18:58,991] [meta.py:304]               [DEBUG]    |                                                                                                    |
[2022-10-11 11:18:58,991] [meta.py:305]               [DEBUG]    | Variables: {'value': ['179892'], 'tmdb_collection': ['179892'], 'key_name': 'Kick-Ass', 'key': '179892', 'name': 'my_template', 'collection_name': 'Kick-Ass', 'mapping_name': 'Kick-Ass', 'library_type': 'movie', 'library_name': 'Z. 1 - Films', 'value_encoded': '%5B%27179892%27%5D', 'tmdb_collection_encoded': '%5B%27179892%27%5D', 'key_name_encoded': 'Kick-Ass', 'key_encoded': '179892', 'name_encoded': 'my_template', 'collection_name_encoded': 'Kick-Ass', 'mapping_name_encoded': 'Kick-Ass', 'library_type_encoded': 'movie', 'library_name_encoded': 'Z.%201%20-%20Films', 'collection_sort': 'Kick-Ass'} |
[2022-10-11 11:18:58,991] [meta.py:306]               [DEBUG]    |                                                                                                    |
[2022-10-11 11:18:58,991] [meta.py:307]               [DEBUG]    | Defaults: {}                                                                                       |
[2022-10-11 11:18:58,991] [meta.py:308]               [DEBUG]    |                                                                                                    |
[2022-10-11 11:18:58,991] [meta.py:309]               [DEBUG]    | Optional: ['my_collection_poster', 'my_collection_poster_encoded']                                 |
[2022-10-11 11:18:58,992] [meta.py:370]               [DEBUG]    |                                                                                                    |
[2022-10-11 11:18:58,993] [meta.py:371]               [DEBUG]    | Final Template Attributes: {'tmdb_collection_details': ['179892'], 'collection_order': 'release', 'collection_mode': 'hide_items', 'sort_title': '+C1_Kick-Ass'} |
[2022-10-11 11:18:58,993] [meta.py:372]               [DEBUG]    |                                                                                                    |
[2022-10-11 11:18:58,993] [builder.py:230]            [INFO]     |================================== Validating Kick-Ass Attributes ==================================|
[2022-10-11 11:18:58,993] [builder.py:620]            [DEBUG]    |                                                                                                    |
[2022-10-11 11:18:58,993] [builder.py:621]            [DEBUG]    | Validating Method: collection_order                                                                |
[2022-10-11 11:18:58,993] [builder.py:622]            [DEBUG]    | Value: release                                                                                     |
[2022-10-11 11:18:58,993] [builder.py:653]            [DEBUG]    |                                                                                                    |
[2022-10-11 11:18:58,993] [builder.py:657]            [DEBUG]    | Validating Method: label                                                                           |
[2022-10-11 11:18:58,994] [builder.py:658]            [DEBUG]    | Value: TMDb Collections                                                                            |
[2022-10-11 11:18:58,994] [builder.py:653]            [DEBUG]    |                                                                                                    |
[2022-10-11 11:18:58,994] [builder.py:657]            [DEBUG]    | Validating Method: tmdb_collection_details                                                         |
[2022-10-11 11:18:58,994] [builder.py:658]            [DEBUG]    | Value: ['179892']                                                                                  |
[2022-10-11 11:18:59,004] [builder.py:653]            [DEBUG]    |                                                                                                    |
[2022-10-11 11:18:59,005] [builder.py:657]            [DEBUG]    | Validating Method: collection_mode                                                                 |
[2022-10-11 11:18:59,005] [builder.py:658]            [DEBUG]    | Value: hide_items                                                                                  |
[2022-10-11 11:18:59,005] [builder.py:653]            [DEBUG]    |                                                                                                    |
[2022-10-11 11:18:59,005] [builder.py:657]            [DEBUG]    | Validating Method: sort_title                                                                      |
[2022-10-11 11:18:59,005] [builder.py:658]            [DEBUG]    | Value: +C1_Kick-Ass                                                                                |
[2022-10-11 11:18:59,197] [builder.py:823]            [INFO]     |                                                                                                    |
[2022-10-11 11:18:59,197] [builder.py:824]            [INFO]     | Validation Successful                                                                              |
[2022-10-11 11:18:59,198] [plex_meta_manager.py:561]  [INFO]     |                                                                                                    |
[2022-10-11 11:18:59,198] [plex_meta_manager.py:563]  [INFO]     |=================================== Running Kick-Ass Collection ====================================|
[2022-10-11 11:18:59,198] [plex_meta_manager.py:575]  [INFO]     |                                                                                                    |
[2022-10-11 11:18:59,198] [plex_meta_manager.py:576]  [INFO]     | Sync Mode: append                                                                                  |
[2022-10-11 11:18:59,198] [plex_meta_manager.py:579]  [DEBUG]    |                                                                                                    |
[2022-10-11 11:18:59,199] [plex_meta_manager.py:580]  [DEBUG]    | Builder: tmdb_collection: 179892                                                                   |
[2022-10-11 11:18:59,199] [plex_meta_manager.py:581]  [INFO]     |                                                                                                    |
[2022-10-11 11:18:59,204] [tmdb.py:381]               [INFO]     | Processing TMDb Collection: (179892) Kick-Ass - Saga (2 Items)                                     |
[2022-10-11 11:18:59,205] [builder.py:1581]           [DEBUG]    |                                                                                                    |
[2022-10-11 11:18:59,205] [builder.py:1582]           [DEBUG]    | 2 IDs Found: [(23483, 'tmdb'), (59859, 'tmdb')]                                                    |
[2022-10-11 11:18:59,205] [builder.py:1583]           [DEBUG]    |                                                                                                    |
[2022-10-11 11:18:59,205] [builder.py:2132]           [INFO]     |                                                                                                    |
[2022-10-11 11:18:59,205] [builder.py:2133]           [INFO]     |================================== Adding to Kick-Ass Collection ===================================|
[2022-10-11 11:18:59,205] [builder.py:2134]           [INFO]     |                                                                                                    |
[2022-10-11 11:18:59,206] [builder.py:2148]           [INFO]     | 1/2 | Kick-Ass Collection | = | Kick-Ass (2010)                                                    |
[2022-10-11 11:18:59,206] [builder.py:2148]           [INFO]     | 2/2 | Kick-Ass Collection | = | Kick-Ass 2 (2013)                                                  |
[2022-10-11 11:18:59,206] [builder.py:2168]           [INFO]     |                                                                                                    |
[2022-10-11 11:18:59,206] [builder.py:2170]           [INFO]     | 2 Movies Processed 0 Movies Added                                                                  |
[2022-10-11 11:18:59,214] [builder.py:2521]           [INFO]     |                                                                                                    |
[2022-10-11 11:18:59,214] [builder.py:2522]           [INFO]     |============================= Updating Details of Kick-Ass Collection ==============================|
[2022-10-11 11:18:59,214] [builder.py:2523]           [INFO]     |                                                                                                    |
[2022-10-11 11:18:59,224] [builder.py:2589]           [INFO]     | Collection Metadata Edits                                                                          |
[2022-10-11 11:18:59,225] [builder.py:2660]           [WARNING]  | Asset Warning: Unable to find asset folder: 'Kick-Ass'                                             |
[2022-10-11 11:18:59,225] [util.py:171]               [DEBUG]    | 1 poster found:                                                                                    |
[2022-10-11 11:18:59,225] [util.py:173]               [DEBUG]    | Method: tmdb_collection_details Poster: https://image.tmdb.org/t/p/original/2UzHizIS6Z87ocDdY4TALPj1EqD.jpg |
[2022-10-11 11:18:59,225] [util.py:171]               [DEBUG]    | 1 background found:                                                                                |
[2022-10-11 11:18:59,225] [util.py:173]               [DEBUG]    | Method: tmdb_collection_details Background: https://image.tmdb.org/t/p/original/fYMsCXEMguNlSORJIHydfBgOnty.jpg |
[2022-10-11 11:18:59,226] [library.py:173]            [INFO]     | Detail: poster update not needed                                                                   |
[2022-10-11 11:18:59,227] [library.py:189]            [INFO]     | Detail: background update not needed                                                               |
[2022-10-11 11:18:59,420] [plex_meta_manager.py:708]  [INFO]     |                                                                                                    |
[2022-10-11 11:18:59,420] [plex_meta_manager.py:709]  [INFO]     |====================================================================================================|
[2022-10-11 11:18:59,420] [plex_meta_manager.py:709]  [INFO]     |                                    Finished Kick-Ass Collection                                    |
[2022-10-11 11:18:59,420] [plex_meta_manager.py:709]  [INFO]     |                                    Collection Run Time: 0:00:00                                    |
[2022-10-11 11:18:59,420] [plex_meta_manager.py:709]  [INFO]     |====================================================================================================|
