[2022-10-11 11:18:53,669] [builder.py:200]            [INFO]     |====================================================================================================|
[2022-10-11 11:18:53,669] [builder.py:200]            [INFO]     |                             Now You See Me Collection in Z. 1 - Films                              |
[2022-10-11 11:18:53,669] [builder.py:200]            [INFO]     |====================================================================================================|
[2022-10-11 11:18:53,670] [builder.py:201]            [INFO]     |                                                                                                    |
[2022-10-11 11:18:53,670] [builder.py:206]            [INFO]     |================================ Building Definition From Templates ================================|
[2022-10-11 11:18:53,670] [builder.py:222]            [DEBUG]    |                                                                                                    |
[2022-10-11 11:18:53,670] [meta.py:128]               [DEBUG]    | Template my_template                                                                               |
[2022-10-11 11:18:53,670] [meta.py:129]               [DEBUG]    | Call: {'value': ['382685'], 'tmdb_collection': ['382685'], 'key_name': 'Now You See Me', 'key': '382685', 'name': 'my_template'} |
[2022-10-11 11:18:53,670] [meta.py:304]               [DEBUG]    |                                                                                                    |
[2022-10-11 11:18:53,670] [meta.py:305]               [DEBUG]    | Variables: {'value': ['382685'], 'tmdb_collection': ['382685'], 'key_name': 'Now You See Me', 'key': '382685', 'name': 'my_template', 'collection_name': 'Now You See Me', 'mapping_name': 'Now You See Me', 'library_type': 'movie', 'library_name': 'Z. 1 - Films', 'value_encoded': '%5B%27382685%27%5D', 'tmdb_collection_encoded': '%5B%27382685%27%5D', 'key_name_encoded': 'Now%20You%20See%20Me', 'key_encoded': '382685', 'name_encoded': 'my_template', 'collection_name_encoded': 'Now%20You%20See%20Me', 'mapping_name_encoded': 'Now%20You%20See%20Me', 'library_type_encoded': 'movie', 'library_name_encoded': 'Z.%201%20-%20Films', 'collection_sort': 'Now You See Me'} |
[2022-10-11 11:18:53,671] [meta.py:306]               [DEBUG]    |                                                                                                    |
[2022-10-11 11:18:53,671] [meta.py:307]               [DEBUG]    | Defaults: {}                                                                                       |
[2022-10-11 11:18:53,671] [meta.py:308]               [DEBUG]    |                                                                                                    |
[2022-10-11 11:18:53,671] [meta.py:309]               [DEBUG]    | Optional: ['my_collection_poster', 'my_collection_poster_encoded']                                 |
[2022-10-11 11:18:53,672] [meta.py:370]               [DEBUG]    |                                                                                                    |
[2022-10-11 11:18:53,672] [meta.py:371]               [DEBUG]    | Final Template Attributes: {'tmdb_collection_details': ['382685'], 'collection_order': 'release', 'collection_mode': 'hide_items', 'sort_title': '+C1_Now You See Me'} |
[2022-10-11 11:18:53,672] [meta.py:372]               [DEBUG]    |                                                                                                    |
[2022-10-11 11:18:53,672] [builder.py:230]            [INFO]     |=============================== Validating Now You See Me Attributes ===============================|
[2022-10-11 11:18:53,673] [builder.py:620]            [DEBUG]    |                                                                                                    |
[2022-10-11 11:18:53,673] [builder.py:621]            [DEBUG]    | Validating Method: collection_order                                                                |
[2022-10-11 11:18:53,673] [builder.py:622]            [DEBUG]    | Value: release                                                                                     |
[2022-10-11 11:18:53,673] [builder.py:653]            [DEBUG]    |                                                                                                    |
[2022-10-11 11:18:53,673] [builder.py:657]            [DEBUG]    | Validating Method: label                                                                           |
[2022-10-11 11:18:53,673] [builder.py:658]            [DEBUG]    | Value: TMDb Collections                                                                            |
[2022-10-11 11:18:53,673] [builder.py:653]            [DEBUG]    |                                                                                                    |
[2022-10-11 11:18:53,673] [builder.py:657]            [DEBUG]    | Validating Method: tmdb_collection_details                                                         |
[2022-10-11 11:18:53,674] [builder.py:658]            [DEBUG]    | Value: ['382685']                                                                                  |
[2022-10-11 11:18:53,685] [builder.py:653]            [DEBUG]    |                                                                                                    |
[2022-10-11 11:18:53,685] [builder.py:657]            [DEBUG]    | Validating Method: collection_mode                                                                 |
[2022-10-11 11:18:53,685] [builder.py:658]            [DEBUG]    | Value: hide_items                                                                                  |
[2022-10-11 11:18:53,685] [builder.py:653]            [DEBUG]    |                                                                                                    |
[2022-10-11 11:18:53,686] [builder.py:657]            [DEBUG]    | Validating Method: sort_title                                                                      |
[2022-10-11 11:18:53,686] [builder.py:658]            [DEBUG]    | Value: +C1_Now You See Me                                                                          |
[2022-10-11 11:18:53,692] [plex.py:803]               [DEBUG]    |                                                                                                    |
[2022-10-11 11:18:53,692] [plex.py:806]               [DEBUG]    | Looking for: Now You See Me                                                                        |
[2022-10-11 11:18:53,693] [builder.py:823]            [INFO]     |                                                                                                    |
[2022-10-11 11:18:53,693] [builder.py:824]            [INFO]     | Validation Successful                                                                              |
[2022-10-11 11:18:53,693] [plex_meta_manager.py:561]  [INFO]     |                                                                                                    |
[2022-10-11 11:18:53,693] [plex_meta_manager.py:563]  [INFO]     |================================ Running Now You See Me Collection =================================|
[2022-10-11 11:18:53,693] [plex_meta_manager.py:575]  [INFO]     |                                                                                                    |
[2022-10-11 11:18:53,693] [plex_meta_manager.py:576]  [INFO]     | Sync Mode: append                                                                                  |
[2022-10-11 11:18:53,694] [plex_meta_manager.py:579]  [DEBUG]    |                                                                                                    |
[2022-10-11 11:18:53,694] [plex_meta_manager.py:580]  [DEBUG]    | Builder: tmdb_collection: 382685                                                                   |
[2022-10-11 11:18:53,694] [plex_meta_manager.py:581]  [INFO]     |                                                                                                    |
[2022-10-11 11:18:53,699] [tmdb.py:381]               [INFO]     | Processing TMDb Collection: (382685) Insaisissables - Saga (3 Items)                               |
[2022-10-11 11:18:53,699] [builder.py:1581]           [DEBUG]    |                                                                                                    |
[2022-10-11 11:18:53,700] [builder.py:1582]           [DEBUG]    | 3 IDs Found: [(75656, 'tmdb'), (291805, 'tmdb'), (425274, 'tmdb')]                                 |
[2022-10-11 11:18:53,700] [builder.py:1583]           [DEBUG]    |                                                                                                    |
[2022-10-11 11:18:53,700] [builder.py:2300]           [INFO]     |                                                                                                    |
[2022-10-11 11:18:53,700] [builder.py:2301]           [INFO]     |============================ Missing Movies from Library: Z. 1 - Films =============================|
[2022-10-11 11:18:53,700] [builder.py:2302]           [INFO]     |                                                                                                    |
[2022-10-11 11:18:53,714] [builder.py:2315]           [INFO]     | Now You See Me Collection | ? | Now You See Me (2013) (TMDb: 75656)                                |
[2022-10-11 11:18:53,740] [builder.py:2315]           [INFO]     | Now You See Me Collection | ? | Now You See Me 3 (TMDb: 425274)                                    |
[2022-10-11 11:18:53,740] [builder.py:2320]           [INFO]     |                                                                                                    |
[2022-10-11 11:18:53,740] [builder.py:2321]           [INFO]     | 2 Movies Missing                                                                                   |
[2022-10-11 11:18:53,776] [plex_meta_manager.py:624]  [INFO]     |                                                                                                    |
[2022-10-11 11:18:53,777] [plex_meta_manager.py:625]  [INFO]     | Collection Minimum: 2 not met for Now You See Me Collection                                        |
[2022-10-11 11:18:53,777] [plex_meta_manager.py:708]  [INFO]     |                                                                                                    |
[2022-10-11 11:18:53,777] [plex_meta_manager.py:709]  [INFO]     |====================================================================================================|
[2022-10-11 11:18:53,777] [plex_meta_manager.py:709]  [INFO]     |                                 Finished Now You See Me Collection                                 |
[2022-10-11 11:18:53,777] [plex_meta_manager.py:709]  [INFO]     |                                    Collection Run Time: 0:00:00                                    |
[2022-10-11 11:18:53,777] [plex_meta_manager.py:709]  [INFO]     |====================================================================================================|
