[2022-10-11 10:15:55,723] [builder.py:197]            [INFO]     |====================================================================================================|
[2022-10-11 10:15:55,723] [builder.py:197]            [INFO]     |                           DreamWorks Collection in Z. 5 - Film Animation                           |
[2022-10-11 10:15:55,723] [builder.py:197]            [INFO]     |====================================================================================================|
[2022-10-11 10:15:55,724] [builder.py:198]            [INFO]     |                                                                                                    |
[2022-10-11 10:15:55,724] [builder.py:203]            [INFO]     |================================ Building Definition From Templates ================================|
[2022-10-11 10:15:55,724] [builder.py:211]            [DEBUG]    |                                                                                                    |
[2022-10-11 10:15:55,724] [meta.py:128]               [DEBUG]    | Template Studio                                                                                    |
[2022-10-11 10:15:55,725] [meta.py:129]               [DEBUG]    | Call: ordereddict([('name', 'Studio'), ('studio', 'DreamWorks Animation, DreamWorks Pictures')])   |
[2022-10-11 10:15:55,725] [meta.py:304]               [DEBUG]    |                                                                                                    |
[2022-10-11 10:15:55,725] [meta.py:305]               [DEBUG]    | Variables: ordereddict([('name', 'Studio'), ('studio', 'DreamWorks Animation, DreamWorks Pictures'), ('collection_name', 'DreamWorks'), ('mapping_name', 'DreamWorks'), ('library_type', 'movie'), ('library_name', 'Z. 5 - Film Animation'), ('name_encoded', 'Studio'), ('studio_encoded', 'DreamWorks%20Animation%2C%20DreamWorks%20Pictures'), ('collection_name_encoded', 'DreamWorks'), ('mapping_name_encoded', 'DreamWorks'), ('library_type_encoded', 'movie'), ('library_name_encoded', 'Z.%205%20-%20Film%20Animation'), ('collection_sort', 'DreamWorks')]) |
[2022-10-11 10:15:55,725] [meta.py:306]               [DEBUG]    |                                                                                                    |
[2022-10-11 10:15:55,725] [meta.py:307]               [DEBUG]    | Defaults: {}                                                                                       |
[2022-10-11 10:15:55,726] [meta.py:308]               [DEBUG]    |                                                                                                    |
[2022-10-11 10:15:55,726] [meta.py:309]               [DEBUG]    | Optional: []                                                                                       |
[2022-10-11 10:15:55,727] [meta.py:370]               [DEBUG]    |                                                                                                    |
[2022-10-11 10:15:55,727] [meta.py:371]               [DEBUG]    | Final Template Attributes: {'plex_search': {'studio': 'DreamWorks Animation, DreamWorks Pictures'}, 'sort_title': '+12_DreamWorks', 'collection_order': 'alpha'} |
[2022-10-11 10:15:55,727] [meta.py:372]               [DEBUG]    |                                                                                                    |
[2022-10-11 10:15:55,727] [builder.py:219]            [INFO]     |================================= Validating DreamWorks Attributes =================================|
[2022-10-11 10:15:55,727] [builder.py:609]            [DEBUG]    |                                                                                                    |
[2022-10-11 10:15:55,727] [builder.py:610]            [DEBUG]    | Validating Method: collection_order                                                                |
[2022-10-11 10:15:55,728] [builder.py:611]            [DEBUG]    | Value: alpha                                                                                       |
[2022-10-11 10:15:55,728] [builder.py:627]            [DEBUG]    |                                                                                                    |
[2022-10-11 10:15:55,728] [builder.py:631]            [DEBUG]    | Validating Method: url_poster                                                                      |
[2022-10-11 10:15:55,728] [builder.py:632]            [DEBUG]    | Value: https://raw.githubusercontent.com/MonsieurZed/poster/main/img/STUDIO_DW.png                 |
[2022-10-11 10:15:55,915] [builder.py:627]            [DEBUG]    |                                                                                                    |
[2022-10-11 10:15:55,915] [builder.py:631]            [DEBUG]    | Validating Method: summary                                                                         |
[2022-10-11 10:15:55,915] [builder.py:632]            [DEBUG]    | Value: DreamWorks Animation LLC (also simply known as DreamWorks) is an American animation studio and a subsidiary of Universal Pictures, itself a subsidiary of Comcast's NBCUniversal. It is based in Glendale, California, and produces animated feature films, television programs, and online virtual games. |
[2022-10-11 10:15:55,915] [builder.py:627]            [DEBUG]    |                                                                                                    |
[2022-10-11 10:15:55,916] [builder.py:631]            [DEBUG]    | Validating Method: plex_search                                                                     |
[2022-10-11 10:15:55,916] [builder.py:632]            [DEBUG]    | Value: {'studio': 'DreamWorks Animation, DreamWorks Pictures'}                                     |
[2022-10-11 10:15:55,916] [builder.py:627]            [DEBUG]    |                                                                                                    |
[2022-10-11 10:15:55,916] [builder.py:631]            [DEBUG]    | Validating Method: sort_title                                                                      |
[2022-10-11 10:15:55,917] [builder.py:632]            [DEBUG]    | Value: +12_DreamWorks                                                                              |
[2022-10-11 10:15:55,924] [plex.py:790]               [DEBUG]    |                                                                                                    |
[2022-10-11 10:15:55,924] [plex.py:792]               [DEBUG]    | Found: Dreamworks                                                                                  |
[2022-10-11 10:15:55,924] [plex.py:793]               [DEBUG]    | Looking for: DreamWorks                                                                            |
[2022-10-11 10:15:55,925] [builder.py:797]            [INFO]     |                                                                                                    |
[2022-10-11 10:15:55,925] [builder.py:798]            [INFO]     | Validation Successful                                                                              |
[2022-10-11 10:15:55,925] [plex_meta_manager.py:561]  [INFO]     |                                                                                                    |
[2022-10-11 10:15:55,925] [plex_meta_manager.py:563]  [INFO]     |================================== Running DreamWorks Collection ===================================|
[2022-10-11 10:15:55,926] [plex_meta_manager.py:575]  [INFO]     |                                                                                                    |
[2022-10-11 10:15:55,926] [plex_meta_manager.py:576]  [INFO]     | Sync Mode: append                                                                                  |
[2022-10-11 10:15:55,926] [plex_meta_manager.py:579]  [DEBUG]    |                                                                                                    |
[2022-10-11 10:15:55,926] [plex_meta_manager.py:580]  [DEBUG]    | Builder: plex_search: (1, 'Plex Movie Search\nSort By: title.asc\nFilter:\n  Match all of the following:\n    Match any of the following:\n      Studio contains DreamWorks Animation, DreamWorks Pictures', '?type=1&sort=titleSort&push=1&studio=DreamWorks%20Animation%2C%20DreamWorks%20Pictures&pop=1') |
[2022-10-11 10:15:55,926] [plex_meta_manager.py:581]  [INFO]     |                                                                                                    |
[2022-10-11 10:15:55,927] [plex.py:819]               [INFO]     | Processing Plex Movie Search                                                                       |
                                                                 | Sort By: title.asc
                                                                 | Filter:
                                                                 |   Match all of the following:
                                                                 |     Match any of the following:
                                                                 |       Studio contains DreamWorks Animation, DreamWorks Pictures
[2022-10-11 10:15:55,977] [plex.py:864]               [DEBUG]    | 
[2022-10-11 10:15:55,977] [plex.py:865]               [DEBUG]    | 9 Keys Found: [(22472, 'ratingKey'), (22571, 'ratingKey'), (22574, 'ratingKey'), (22570, 'ratingKey'), (22575, 'ratingKey'), (22482, 'ratingKey'), (22580, 'ratingKey'), (22485, 'ratingKey'), (22591, 'ratingKey')]
[2022-10-11 10:15:55,977] [builder.py:1540]           [DEBUG]    | 
[2022-10-11 10:15:55,977] [builder.py:1541]           [DEBUG]    | 9 IDs Found: [(22472, 'ratingKey'), (22571, 'ratingKey'), (22574, 'ratingKey'), (22570, 'ratingKey'), (22575, 'ratingKey'), (22482, 'ratingKey'), (22580, 'ratingKey'), (22485, 'ratingKey'), (22591, 'ratingKey')]
[2022-10-11 10:15:55,977] [builder.py:1542]           [DEBUG]    | 
[2022-10-11 10:15:55,978] [builder.py:2064]           [INFO]     | 
[2022-10-11 10:15:55,978] [builder.py:2065]           [INFO]     |================================= Adding to DreamWorks Collection ==================================|
[2022-10-11 10:15:55,978] [builder.py:2066]           [INFO]     |                                                                                                    |
[2022-10-11 10:15:55,978] [builder.py:2080]           [INFO]     | 1/9 | DreamWorks Collection | + | Baby Boss (2017)                                                 |
[2022-10-11 10:15:55,996] [builder.py:2080]           [INFO]     | 2/9 | DreamWorks Collection | + | Dragons (2010)                                                   |
[2022-10-11 10:15:56,017] [builder.py:2080]           [INFO]     | 3/9 | DreamWorks Collection | + | Dragons : Le cadeau du Furie Nocturne (2011)                     |
[2022-10-11 10:15:56,036] [builder.py:2080]           [INFO]     | 4/9 | DreamWorks Collection | + | Dragons 2 (2014)                                                 |
[2022-10-11 10:15:56,056] [builder.py:2080]           [INFO]     | 5/9 | DreamWorks Collection | + | Dragons 3 : Le monde caché (2019)                                |
[2022-10-11 10:15:56,075] [builder.py:2080]           [INFO]     | 6/9 | DreamWorks Collection | + | Kung Fu Panda (2008)                                             |
[2022-10-11 10:15:56,172] [builder.py:2080]           [INFO]     | 7/9 | DreamWorks Collection | + | Kung Fu Panda 2 (2011)                                           |
[2022-10-11 10:15:56,193] [builder.py:2080]           [INFO]     | 8/9 | DreamWorks Collection | + | Kung Fu Panda 3 (2016)                                           |
[2022-10-11 10:15:56,210] [builder.py:2080]           [INFO]     | 9/9 | DreamWorks Collection | + | Shrek 4, il était une fin (2010)                                 |
[2022-10-11 10:15:58,272] [builder.py:2100]           [INFO]     |                                                                                                    |
[2022-10-11 10:15:58,272] [builder.py:2102]           [INFO]     | 9 Movies Processed 9 Movies Added                                                                  |
[2022-10-11 10:15:58,279] [plex.py:790]               [DEBUG]    |                                                                                                    |
[2022-10-11 10:15:58,279] [plex.py:792]               [DEBUG]    | Found: Dreamworks                                                                                  |
[2022-10-11 10:15:58,279] [plex.py:793]               [DEBUG]    | Looking for: DreamWorks                                                                            |
[2022-10-11 10:15:58,280] [plex_meta_manager.py:646]  [DEBUG]    | Traceback (most recent call last):                                                                 |
                                                                 |   File "//plex_meta_manager.py", line 638, in run_collection
                                                                 |     builder.load_collection()
                                                                 |   File "/modules/builder.py", line 2435, in load_collection
                                                                 |     self.obj = self.library.get_playlist(self.name) if self.playlist else self.library.get_collection(self.name)
                                                                 |   File "/modules/plex.py", line 794, in get_collection
                                                                 |     raise Failed(f"Plex Error: Collection {data} not found")
                                                                 | modules.util.Failed: Plex Error: Collection DreamWorks not found
                                                                 | 
[2022-10-11 10:15:58,281] [plex_meta_manager.py:648]  [INFO]     | 
[2022-10-11 10:15:58,281] [plex_meta_manager.py:649]  [INFO]     |===================================== No Collection to Update ======================================|
[2022-10-11 10:15:58,281] [plex_meta_manager.py:708]  [INFO]     |                                                                                                    |
[2022-10-11 10:15:58,281] [plex_meta_manager.py:709]  [INFO]     |====================================================================================================|
[2022-10-11 10:15:58,281] [plex_meta_manager.py:709]  [INFO]     |                                   Finished DreamWorks Collection                                   |
[2022-10-11 10:15:58,281] [plex_meta_manager.py:709]  [INFO]     |                                    Collection Run Time: 0:00:02                                    |
[2022-10-11 10:15:58,282] [plex_meta_manager.py:709]  [INFO]     |====================================================================================================|
