[2022-10-11 11:01:55,256] [builder.py:197]            [INFO]     |====================================================================================================|
[2022-10-11 11:01:55,256] [builder.py:197]            [INFO]     |                          Spider-Man (Avengers) Collection in Z. 1 - Films                          |
[2022-10-11 11:01:55,256] [builder.py:197]            [INFO]     |====================================================================================================|
[2022-10-11 11:01:55,257] [builder.py:198]            [INFO]     |                                                                                                    |
[2022-10-11 11:01:55,257] [builder.py:203]            [INFO]     |================================ Building Definition From Templates ================================|
[2022-10-11 11:01:55,257] [builder.py:211]            [DEBUG]    |                                                                                                    |
[2022-10-11 11:01:55,257] [meta.py:128]               [DEBUG]    | Template my_template                                                                               |
[2022-10-11 11:01:55,257] [meta.py:129]               [DEBUG]    | Call: {'value': ['531241'], 'tmdb_collection': ['531241'], 'key_name': 'Spider-Man (Avengers)', 'key': '531241', 'name': 'my_template'} |
[2022-10-11 11:01:55,257] [meta.py:304]               [DEBUG]    |                                                                                                    |
[2022-10-11 11:01:55,257] [meta.py:305]               [DEBUG]    | Variables: {'value': ['531241'], 'tmdb_collection': ['531241'], 'key_name': 'Spider-Man (Avengers)', 'key': '531241', 'name': 'my_template', 'collection_name': 'Spider-Man (Avengers)', 'mapping_name': 'Spider-Man (Avengers)', 'library_type': 'movie', 'library_name': 'Z. 1 - Films', 'value_encoded': '%5B%27531241%27%5D', 'tmdb_collection_encoded': '%5B%27531241%27%5D', 'key_name_encoded': 'Spider-Man%20%28Avengers%29', 'key_encoded': '531241', 'name_encoded': 'my_template', 'collection_name_encoded': 'Spider-Man%20%28Avengers%29', 'mapping_name_encoded': 'Spider-Man%20%28Avengers%29', 'library_type_encoded': 'movie', 'library_name_encoded': 'Z.%201%20-%20Films', 'collection_sort': 'Spider-Man (Avengers)'} |
[2022-10-11 11:01:55,258] [meta.py:306]               [DEBUG]    |                                                                                                    |
[2022-10-11 11:01:55,258] [meta.py:307]               [DEBUG]    | Defaults: {}                                                                                       |
[2022-10-11 11:01:55,258] [meta.py:308]               [DEBUG]    |                                                                                                    |
[2022-10-11 11:01:55,258] [meta.py:309]               [DEBUG]    | Optional: ['my_collection_poster', 'my_collection_poster_encoded']                                 |
[2022-10-11 11:01:55,259] [meta.py:370]               [DEBUG]    |                                                                                                    |
[2022-10-11 11:01:55,259] [meta.py:371]               [DEBUG]    | Final Template Attributes: {'tmdb_collection_details': ['531241'], 'collection_order': 'release', 'collection_mode': 'hide_items', 'sort_title': '+C1_Spider-Man (Avengers)'} |
[2022-10-11 11:01:55,259] [meta.py:372]               [DEBUG]    |                                                                                                    |
[2022-10-11 11:01:55,259] [builder.py:219]            [INFO]     |=========================== Validating Spider-Man (Avengers) Attributes ============================|
[2022-10-11 11:01:55,259] [builder.py:609]            [DEBUG]    |                                                                                                    |
[2022-10-11 11:01:55,259] [builder.py:610]            [DEBUG]    | Validating Method: collection_order                                                                |
[2022-10-11 11:01:55,260] [builder.py:611]            [DEBUG]    | Value: release                                                                                     |
[2022-10-11 11:01:55,260] [builder.py:627]            [DEBUG]    |                                                                                                    |
[2022-10-11 11:01:55,260] [builder.py:631]            [DEBUG]    | Validating Method: label                                                                           |
[2022-10-11 11:01:55,260] [builder.py:632]            [DEBUG]    | Value: TMDb Collections                                                                            |
[2022-10-11 11:01:55,260] [builder.py:627]            [DEBUG]    |                                                                                                    |
[2022-10-11 11:01:55,260] [builder.py:631]            [DEBUG]    | Validating Method: tmdb_collection_details                                                         |
[2022-10-11 11:01:55,260] [builder.py:632]            [DEBUG]    | Value: ['531241']                                                                                  |
[2022-10-11 11:01:55,274] [builder.py:627]            [DEBUG]    |                                                                                                    |
[2022-10-11 11:01:55,274] [builder.py:631]            [DEBUG]    | Validating Method: collection_mode                                                                 |
[2022-10-11 11:01:55,274] [builder.py:632]            [DEBUG]    | Value: hide_items                                                                                  |
[2022-10-11 11:01:55,274] [builder.py:627]            [DEBUG]    |                                                                                                    |
[2022-10-11 11:01:55,275] [builder.py:631]            [DEBUG]    | Validating Method: sort_title                                                                      |
[2022-10-11 11:01:55,275] [builder.py:632]            [DEBUG]    | Value: +C1_Spider-Man (Avengers)                                                                   |
[2022-10-11 11:01:55,472] [builder.py:797]            [INFO]     |                                                                                                    |
[2022-10-11 11:01:55,472] [builder.py:798]            [INFO]     | Validation Successful                                                                              |
[2022-10-11 11:01:55,472] [plex_meta_manager.py:561]  [INFO]     |                                                                                                    |
[2022-10-11 11:01:55,473] [plex_meta_manager.py:563]  [INFO]     |============================= Running Spider-Man (Avengers) Collection =============================|
[2022-10-11 11:01:55,473] [plex_meta_manager.py:575]  [INFO]     |                                                                                                    |
[2022-10-11 11:01:55,473] [plex_meta_manager.py:576]  [INFO]     | Sync Mode: append                                                                                  |
[2022-10-11 11:01:55,473] [plex_meta_manager.py:579]  [DEBUG]    |                                                                                                    |
[2022-10-11 11:01:55,473] [plex_meta_manager.py:580]  [DEBUG]    | Builder: tmdb_collection: 531241                                                                   |
[2022-10-11 11:01:55,473] [plex_meta_manager.py:581]  [INFO]     |                                                                                                    |
[2022-10-11 11:01:55,478] [tmdb.py:382]               [INFO]     | Processing TMDb Collection: (531241) Spider-Man (Avengers) - Saga (3 Items)                        |
[2022-10-11 11:01:55,479] [builder.py:1540]           [DEBUG]    |                                                                                                    |
[2022-10-11 11:01:55,479] [builder.py:1541]           [DEBUG]    | 3 IDs Found: [(315635, 'tmdb'), (429617, 'tmdb'), (634649, 'tmdb')]                                |
[2022-10-11 11:01:55,479] [builder.py:1542]           [DEBUG]    |                                                                                                    |
[2022-10-11 11:01:55,479] [builder.py:2064]           [INFO]     |                                                                                                    |
[2022-10-11 11:01:55,480] [builder.py:2065]           [INFO]     |============================ Adding to Spider-Man (Avengers) Collection ============================|
[2022-10-11 11:01:55,480] [builder.py:2066]           [INFO]     |                                                                                                    |
[2022-10-11 11:01:55,480] [builder.py:2080]           [INFO]     | 1/3 | Spider-Man (Avengers) Collection | = | Spider-Man : Homecoming (2017)                        |
[2022-10-11 11:01:55,480] [builder.py:2080]           [INFO]     | 2/3 | Spider-Man (Avengers) Collection | = | Spider-Man : Far From Home (2019)                     |
[2022-10-11 11:01:55,480] [builder.py:2080]           [INFO]     | 3/3 | Spider-Man (Avengers) Collection | = | Spider-Man: No Way Home (2021)                        |
[2022-10-11 11:01:55,480] [builder.py:2100]           [INFO]     |                                                                                                    |
[2022-10-11 11:01:55,481] [builder.py:2102]           [INFO]     | 3 Movies Processed 0 Movies Added                                                                  |
[2022-10-11 11:01:55,487] [builder.py:2441]           [INFO]     |                                                                                                    |
[2022-10-11 11:01:55,488] [builder.py:2442]           [INFO]     |======================= Updating Details of Spider-Man (Avengers) Collection =======================|
[2022-10-11 11:01:55,488] [builder.py:2443]           [INFO]     |                                                                                                    |
[2022-10-11 11:01:55,496] [builder.py:2509]           [INFO]     | Collection Metadata Edits                                                                          |
                                                                 | Sort Title | +C1_Spider-Man (Avengers)
[2022-10-11 11:01:55,666] [builder.py:2513]           [INFO]     | Details: have been updated
[2022-10-11 11:01:55,666] [builder.py:2517]           [INFO]     | 
[2022-10-11 11:01:55,666] [builder.py:2580]           [WARNING]  | Asset Warning: Unable to find asset folder: 'Spider-Man (Avengers)'
[2022-10-11 11:01:55,666] [util.py:150]               [DEBUG]    | 1 poster found:
[2022-10-11 11:01:55,667] [util.py:152]               [DEBUG]    | Method: tmdb_collection_details Poster: https://image.tmdb.org/t/p/original/plxMngMDZ3r2OSPn84UlyNHkmwi.jpg
[2022-10-11 11:01:55,667] [util.py:150]               [DEBUG]    | 1 background found:
[2022-10-11 11:01:55,667] [util.py:152]               [DEBUG]    | Method: tmdb_collection_details Background: https://image.tmdb.org/t/p/original/AvnqpRwlEaYNVL6wzC4RN94EdSd.jpg
[2022-10-11 11:01:55,668] [library.py:172]            [INFO]     | Detail: poster update not needed
[2022-10-11 11:01:55,669] [library.py:188]            [INFO]     | Detail: background update not needed
[2022-10-11 11:01:55,869] [plex_meta_manager.py:708]  [INFO]     | 
[2022-10-11 11:01:55,870] [plex_meta_manager.py:709]  [INFO]     |====================================================================================================|
[2022-10-11 11:01:55,870] [plex_meta_manager.py:709]  [INFO]     |                             Finished Spider-Man (Avengers) Collection                              |
[2022-10-11 11:01:55,870] [plex_meta_manager.py:709]  [INFO]     |                                    Collection Run Time: 0:00:00                                    |
[2022-10-11 11:01:55,870] [plex_meta_manager.py:709]  [INFO]     |====================================================================================================|
