[2022-10-11 09:27:04,741] [builder.py:197]            [INFO]     |====================================================================================================|
[2022-10-11 09:27:04,741] [builder.py:197]            [INFO]     |                              Trainspotting Collection in Z. 1 - Films                              |
[2022-10-11 09:27:04,741] [builder.py:197]            [INFO]     |====================================================================================================|
[2022-10-11 09:27:04,741] [builder.py:198]            [INFO]     |                                                                                                    |
[2022-10-11 09:27:04,742] [builder.py:203]            [INFO]     |================================ Building Definition From Templates ================================|
[2022-10-11 09:27:04,742] [builder.py:211]            [DEBUG]    |                                                                                                    |
[2022-10-11 09:27:04,742] [meta.py:128]               [DEBUG]    | Template my_template                                                                               |
[2022-10-11 09:27:04,742] [meta.py:129]               [DEBUG]    | Call: {'value': ['424202'], 'tmdb_collection': ['424202'], 'key_name': 'Trainspotting', 'key': '424202', 'name': 'my_template'} |
[2022-10-11 09:27:04,743] [meta.py:304]               [DEBUG]    |                                                                                                    |
[2022-10-11 09:27:04,743] [meta.py:305]               [DEBUG]    | Variables: {'value': ['424202'], 'tmdb_collection': ['424202'], 'key_name': 'Trainspotting', 'key': '424202', 'name': 'my_template', 'collection_name': 'Trainspotting', 'mapping_name': 'Trainspotting', 'library_type': 'movie', 'library_name': 'Z. 1 - Films', 'value_encoded': '%5B%27424202%27%5D', 'tmdb_collection_encoded': '%5B%27424202%27%5D', 'key_name_encoded': 'Trainspotting', 'key_encoded': '424202', 'name_encoded': 'my_template', 'collection_name_encoded': 'Trainspotting', 'mapping_name_encoded': 'Trainspotting', 'library_type_encoded': 'movie', 'library_name_encoded': 'Z.%201%20-%20Films', 'collection_sort': 'Trainspotting'} |
[2022-10-11 09:27:04,743] [meta.py:306]               [DEBUG]    |                                                                                                    |
[2022-10-11 09:27:04,743] [meta.py:307]               [DEBUG]    | Defaults: {}                                                                                       |
[2022-10-11 09:27:04,743] [meta.py:308]               [DEBUG]    |                                                                                                    |
[2022-10-11 09:27:04,744] [meta.py:309]               [DEBUG]    | Optional: ['my_collection_poster', 'my_collection_poster_encoded']                                 |
[2022-10-11 09:27:04,745] [meta.py:370]               [DEBUG]    |                                                                                                    |
[2022-10-11 09:27:04,745] [meta.py:371]               [DEBUG]    | Final Template Attributes: {'tmdb_collection_details': ['424202'], 'collection_order': 'release', 'collection_mode': 'hide_items'} |
[2022-10-11 09:27:04,745] [meta.py:372]               [DEBUG]    |                                                                                                    |
[2022-10-11 09:27:04,745] [builder.py:219]            [INFO]     |=============================== Validating Trainspotting Attributes ================================|
[2022-10-11 09:27:04,746] [builder.py:609]            [DEBUG]    |                                                                                                    |
[2022-10-11 09:27:04,746] [builder.py:610]            [DEBUG]    | Validating Method: collection_order                                                                |
[2022-10-11 09:27:04,746] [builder.py:611]            [DEBUG]    | Value: release                                                                                     |
[2022-10-11 09:27:04,746] [builder.py:627]            [DEBUG]    |                                                                                                    |
[2022-10-11 09:27:04,746] [builder.py:631]            [DEBUG]    | Validating Method: label                                                                           |
[2022-10-11 09:27:04,746] [builder.py:632]            [DEBUG]    | Value: TMDb Collections                                                                            |
[2022-10-11 09:27:04,747] [builder.py:627]            [DEBUG]    |                                                                                                    |
[2022-10-11 09:27:04,747] [builder.py:631]            [DEBUG]    | Validating Method: tmdb_collection_details                                                         |
[2022-10-11 09:27:04,747] [builder.py:632]            [DEBUG]    | Value: ['424202']                                                                                  |
[2022-10-11 09:27:04,760] [builder.py:627]            [DEBUG]    |                                                                                                    |
[2022-10-11 09:27:04,760] [builder.py:631]            [DEBUG]    | Validating Method: collection_mode                                                                 |
[2022-10-11 09:27:04,760] [builder.py:632]            [DEBUG]    | Value: hide_items                                                                                  |
[2022-10-11 09:27:04,767] [plex.py:790]               [DEBUG]    |                                                                                                    |
[2022-10-11 09:27:04,767] [plex.py:793]               [DEBUG]    | Looking for: Trainspotting                                                                         |
[2022-10-11 09:27:04,768] [builder.py:797]            [INFO]     |                                                                                                    |
[2022-10-11 09:27:04,768] [builder.py:798]            [INFO]     | Validation Successful                                                                              |
[2022-10-11 09:27:04,768] [plex_meta_manager.py:561]  [INFO]     |                                                                                                    |
[2022-10-11 09:27:04,768] [plex_meta_manager.py:563]  [INFO]     |================================= Running Trainspotting Collection =================================|
[2022-10-11 09:27:04,768] [plex_meta_manager.py:575]  [INFO]     |                                                                                                    |
[2022-10-11 09:27:04,768] [plex_meta_manager.py:576]  [INFO]     | Sync Mode: append                                                                                  |
[2022-10-11 09:27:04,769] [plex_meta_manager.py:579]  [DEBUG]    |                                                                                                    |
[2022-10-11 09:27:04,769] [plex_meta_manager.py:580]  [DEBUG]    | Builder: tmdb_collection: 424202                                                                   |
[2022-10-11 09:27:04,769] [plex_meta_manager.py:581]  [INFO]     |                                                                                                    |
[2022-10-11 09:27:04,773] [tmdb.py:382]               [INFO]     | Processing TMDb Collection: (424202) Trainspotting - Saga (2 Items)                                |
[2022-10-11 09:27:04,774] [builder.py:1540]           [DEBUG]    |                                                                                                    |
[2022-10-11 09:27:04,774] [builder.py:1541]           [DEBUG]    | 2 IDs Found: [(627, 'tmdb'), (180863, 'tmdb')]                                                     |
[2022-10-11 09:27:04,774] [builder.py:1542]           [DEBUG]    |                                                                                                    |
[2022-10-11 09:27:04,774] [builder.py:2064]           [INFO]     |                                                                                                    |
[2022-10-11 09:27:04,774] [builder.py:2065]           [INFO]     |================================ Adding to Trainspotting Collection ================================|
[2022-10-11 09:27:04,775] [builder.py:2066]           [INFO]     |                                                                                                    |
[2022-10-11 09:27:04,775] [builder.py:2080]           [INFO]     | 1/2 | Trainspotting Collection | + | Trainspotting (1996)                                          |
[2022-10-11 09:27:04,834] [builder.py:2080]           [INFO]     | 2/2 | Trainspotting Collection | + | Trainspotting 2 (2017)                                        |
[2022-10-11 09:27:07,668] [builder.py:2100]           [INFO]     |                                                                                                    |
[2022-10-11 09:27:07,669] [builder.py:2102]           [INFO]     | 2 Movies Processed 2 Movies Added                                                                  |
[2022-10-11 09:27:07,675] [builder.py:2441]           [INFO]     |                                                                                                    |
[2022-10-11 09:27:07,675] [builder.py:2442]           [INFO]     |=========================== Updating Details of Trainspotting Collection ===========================|
[2022-10-11 09:27:07,675] [builder.py:2443]           [INFO]     |                                                                                                    |
[2022-10-11 09:27:07,839] [builder.py:2509]           [INFO]     | Collection Metadata Edits                                                                          |
                                                                 | Summary (tmdb_collection_details) | Un voyage rabelaisien sauvage et libre à travers les recoins les plus sombres de la basse vie d'Édimbourg, avec Mark Renton et ses amis comme protagonistes : Sean Connery, l'aspirant Sick Boy, Dimbulb Spud, le psychopathe Begbie et l'athlète Tommy.
                                                                 | Label | +TMDb Collections, +PMM
[2022-10-11 09:27:08,059] [builder.py:2513]           [INFO]     | Details: have been updated
[2022-10-11 09:27:08,060] [builder.py:2517]           [INFO]     | 
[2022-10-11 09:27:08,239] [builder.py:2529]           [INFO]     | Collection Mode | hideItems
[2022-10-11 09:27:08,240] [builder.py:2580]           [WARNING]  | Asset Warning: Unable to find asset folder: 'Trainspotting'
[2022-10-11 09:27:08,240] [util.py:150]               [DEBUG]    | 1 poster found:
[2022-10-11 09:27:08,240] [util.py:152]               [DEBUG]    | Method: tmdb_collection_details Poster: https://image.tmdb.org/t/p/original/6W9nyZ3Daq4zHkfTRIzNgWg6ai6.jpg
[2022-10-11 09:27:08,240] [util.py:150]               [DEBUG]    | 1 background found:
[2022-10-11 09:27:08,240] [util.py:152]               [DEBUG]    | Method: tmdb_collection_details Background: https://image.tmdb.org/t/p/original/Ap1WbMPScADhMrtBRVp4taK6Ncw.jpg
[2022-10-11 09:27:08,262] [library.py:170]            [INFO]     | Detail: tmdb_collection_details updated poster to [URL] https://image.tmdb.org/t/p/original/6W9nyZ3Daq4zHkfTRIzNgWg6ai6.jpg
[2022-10-11 09:27:08,301] [library.py:186]            [INFO]     | Detail: tmdb_collection_details updated background to [URL] https://image.tmdb.org/t/p/original/Ap1WbMPScADhMrtBRVp4taK6Ncw.jpg
[2022-10-11 09:27:08,527] [plex_meta_manager.py:708]  [INFO]     | 
[2022-10-11 09:27:08,527] [plex_meta_manager.py:709]  [INFO]     |====================================================================================================|
[2022-10-11 09:27:08,527] [plex_meta_manager.py:709]  [INFO]     |                                 Finished Trainspotting Collection                                  |
[2022-10-11 09:27:08,527] [plex_meta_manager.py:709]  [INFO]     |                                    Collection Run Time: 0:00:03                                    |
[2022-10-11 09:27:08,527] [plex_meta_manager.py:709]  [INFO]     |====================================================================================================|
