[2022-10-11 11:20:29,096] [builder.py:200]            [INFO]     |====================================================================================================|
[2022-10-11 11:20:29,096] [builder.py:200]            [INFO]     |                              Trainspotting Collection in Z. 1 - Films                              |
[2022-10-11 11:20:29,097] [builder.py:200]            [INFO]     |====================================================================================================|
[2022-10-11 11:20:29,097] [builder.py:201]            [INFO]     |                                                                                                    |
[2022-10-11 11:20:29,097] [builder.py:206]            [INFO]     |================================ Building Definition From Templates ================================|
[2022-10-11 11:20:29,097] [builder.py:222]            [DEBUG]    |                                                                                                    |
[2022-10-11 11:20:29,097] [meta.py:128]               [DEBUG]    | Template my_template                                                                               |
[2022-10-11 11:20:29,097] [meta.py:129]               [DEBUG]    | Call: {'value': ['424202'], 'tmdb_collection': ['424202'], 'key_name': 'Trainspotting', 'key': '424202', 'name': 'my_template'} |
[2022-10-11 11:20:29,098] [meta.py:304]               [DEBUG]    |                                                                                                    |
[2022-10-11 11:20:29,098] [meta.py:305]               [DEBUG]    | Variables: {'value': ['424202'], 'tmdb_collection': ['424202'], 'key_name': 'Trainspotting', 'key': '424202', 'name': 'my_template', 'collection_name': 'Trainspotting', 'mapping_name': 'Trainspotting', 'library_type': 'movie', 'library_name': 'Z. 1 - Films', 'value_encoded': '%5B%27424202%27%5D', 'tmdb_collection_encoded': '%5B%27424202%27%5D', 'key_name_encoded': 'Trainspotting', 'key_encoded': '424202', 'name_encoded': 'my_template', 'collection_name_encoded': 'Trainspotting', 'mapping_name_encoded': 'Trainspotting', 'library_type_encoded': 'movie', 'library_name_encoded': 'Z.%201%20-%20Films', 'collection_sort': 'Trainspotting'} |
[2022-10-11 11:20:29,098] [meta.py:306]               [DEBUG]    |                                                                                                    |
[2022-10-11 11:20:29,098] [meta.py:307]               [DEBUG]    | Defaults: {}                                                                                       |
[2022-10-11 11:20:29,098] [meta.py:308]               [DEBUG]    |                                                                                                    |
[2022-10-11 11:20:29,098] [meta.py:309]               [DEBUG]    | Optional: ['my_collection_poster', 'my_collection_poster_encoded']                                 |
[2022-10-11 11:20:29,099] [meta.py:370]               [DEBUG]    |                                                                                                    |
[2022-10-11 11:20:29,100] [meta.py:371]               [DEBUG]    | Final Template Attributes: {'tmdb_collection_details': ['424202'], 'collection_order': 'release', 'collection_mode': 'hide_items', 'sort_title': '+C1_Trainspotting'} |
[2022-10-11 11:20:29,100] [meta.py:372]               [DEBUG]    |                                                                                                    |
[2022-10-11 11:20:29,100] [builder.py:230]            [INFO]     |=============================== Validating Trainspotting Attributes ================================|
[2022-10-11 11:20:29,100] [builder.py:620]            [DEBUG]    |                                                                                                    |
[2022-10-11 11:20:29,100] [builder.py:621]            [DEBUG]    | Validating Method: collection_order                                                                |
[2022-10-11 11:20:29,100] [builder.py:622]            [DEBUG]    | Value: release                                                                                     |
[2022-10-11 11:20:29,101] [builder.py:653]            [DEBUG]    |                                                                                                    |
[2022-10-11 11:20:29,101] [builder.py:657]            [DEBUG]    | Validating Method: label                                                                           |
[2022-10-11 11:20:29,101] [builder.py:658]            [DEBUG]    | Value: TMDb Collections                                                                            |
[2022-10-11 11:20:29,101] [builder.py:653]            [DEBUG]    |                                                                                                    |
[2022-10-11 11:20:29,101] [builder.py:657]            [DEBUG]    | Validating Method: tmdb_collection_details                                                         |
[2022-10-11 11:20:29,101] [builder.py:658]            [DEBUG]    | Value: ['424202']                                                                                  |
[2022-10-11 11:20:29,119] [builder.py:653]            [DEBUG]    |                                                                                                    |
[2022-10-11 11:20:29,119] [builder.py:657]            [DEBUG]    | Validating Method: collection_mode                                                                 |
[2022-10-11 11:20:29,120] [builder.py:658]            [DEBUG]    | Value: hide_items                                                                                  |
[2022-10-11 11:20:29,120] [builder.py:653]            [DEBUG]    |                                                                                                    |
[2022-10-11 11:20:29,120] [builder.py:657]            [DEBUG]    | Validating Method: sort_title                                                                      |
[2022-10-11 11:20:29,120] [builder.py:658]            [DEBUG]    | Value: +C1_Trainspotting                                                                           |
[2022-10-11 11:20:29,321] [builder.py:823]            [INFO]     |                                                                                                    |
[2022-10-11 11:20:29,322] [builder.py:824]            [INFO]     | Validation Successful                                                                              |
[2022-10-11 11:20:29,322] [plex_meta_manager.py:561]  [INFO]     |                                                                                                    |
[2022-10-11 11:20:29,322] [plex_meta_manager.py:563]  [INFO]     |================================= Running Trainspotting Collection =================================|
[2022-10-11 11:20:29,322] [plex_meta_manager.py:575]  [INFO]     |                                                                                                    |
[2022-10-11 11:20:29,322] [plex_meta_manager.py:576]  [INFO]     | Sync Mode: append                                                                                  |
[2022-10-11 11:20:29,322] [plex_meta_manager.py:579]  [DEBUG]    |                                                                                                    |
[2022-10-11 11:20:29,323] [plex_meta_manager.py:580]  [DEBUG]    | Builder: tmdb_collection: 424202                                                                   |
[2022-10-11 11:20:29,323] [plex_meta_manager.py:581]  [INFO]     |                                                                                                    |
[2022-10-11 11:20:29,329] [tmdb.py:381]               [INFO]     | Processing TMDb Collection: (424202) Trainspotting - Saga (2 Items)                                |
[2022-10-11 11:20:29,330] [builder.py:1581]           [DEBUG]    |                                                                                                    |
[2022-10-11 11:20:29,330] [builder.py:1582]           [DEBUG]    | 2 IDs Found: [(627, 'tmdb'), (180863, 'tmdb')]                                                     |
[2022-10-11 11:20:29,330] [builder.py:1583]           [DEBUG]    |                                                                                                    |
[2022-10-11 11:20:29,330] [builder.py:2132]           [INFO]     |                                                                                                    |
[2022-10-11 11:20:29,331] [builder.py:2133]           [INFO]     |================================ Adding to Trainspotting Collection ================================|
[2022-10-11 11:20:29,331] [builder.py:2134]           [INFO]     |                                                                                                    |
[2022-10-11 11:20:29,331] [builder.py:2148]           [INFO]     | 1/2 | Trainspotting Collection | = | Trainspotting (1996)                                          |
[2022-10-11 11:20:29,331] [builder.py:2148]           [INFO]     | 2/2 | Trainspotting Collection | = | Trainspotting 2 (2017)                                        |
[2022-10-11 11:20:29,331] [builder.py:2168]           [INFO]     |                                                                                                    |
[2022-10-11 11:20:29,332] [builder.py:2170]           [INFO]     | 2 Movies Processed 0 Movies Added                                                                  |
[2022-10-11 11:20:29,339] [builder.py:2521]           [INFO]     |                                                                                                    |
[2022-10-11 11:20:29,339] [builder.py:2522]           [INFO]     |=========================== Updating Details of Trainspotting Collection ===========================|
[2022-10-11 11:20:29,340] [builder.py:2523]           [INFO]     |                                                                                                    |
[2022-10-11 11:20:29,349] [builder.py:2589]           [INFO]     | Collection Metadata Edits                                                                          |
[2022-10-11 11:20:29,349] [builder.py:2660]           [WARNING]  | Asset Warning: Unable to find asset folder: 'Trainspotting'                                        |
[2022-10-11 11:20:29,350] [util.py:171]               [DEBUG]    | 1 poster found:                                                                                    |
[2022-10-11 11:20:29,350] [util.py:173]               [DEBUG]    | Method: tmdb_collection_details Poster: https://image.tmdb.org/t/p/original/6W9nyZ3Daq4zHkfTRIzNgWg6ai6.jpg |
[2022-10-11 11:20:29,350] [util.py:171]               [DEBUG]    | 1 background found:                                                                                |
[2022-10-11 11:20:29,350] [util.py:173]               [DEBUG]    | Method: tmdb_collection_details Background: https://image.tmdb.org/t/p/original/Ap1WbMPScADhMrtBRVp4taK6Ncw.jpg |
[2022-10-11 11:20:29,351] [library.py:173]            [INFO]     | Detail: poster update not needed                                                                   |
[2022-10-11 11:20:29,352] [library.py:189]            [INFO]     | Detail: background update not needed                                                               |
[2022-10-11 11:20:29,537] [plex_meta_manager.py:708]  [INFO]     |                                                                                                    |
[2022-10-11 11:20:29,537] [plex_meta_manager.py:709]  [INFO]     |====================================================================================================|
[2022-10-11 11:20:29,537] [plex_meta_manager.py:709]  [INFO]     |                                 Finished Trainspotting Collection                                  |
[2022-10-11 11:20:29,537] [plex_meta_manager.py:709]  [INFO]     |                                    Collection Run Time: 0:00:00                                    |
[2022-10-11 11:20:29,537] [plex_meta_manager.py:709]  [INFO]     |====================================================================================================|
