[2022-10-10 05:07:23,181] [builder.py:197]            [INFO]     |====================================================================================================|
[2022-10-10 05:07:23,181] [builder.py:197]            [INFO]     |                                Mindfuck Collection in Z. 1 - Films                                 |
[2022-10-10 05:07:23,181] [builder.py:197]            [INFO]     |====================================================================================================|
[2022-10-10 05:07:23,181] [builder.py:198]            [INFO]     |                                                                                                    |
[2022-10-10 05:07:23,182] [builder.py:203]            [INFO]     |================================ Building Definition From Templates ================================|
[2022-10-10 05:07:23,182] [builder.py:211]            [DEBUG]    |                                                                                                    |
[2022-10-10 05:07:23,182] [meta.py:128]               [DEBUG]    | Template Genre                                                                                     |
[2022-10-10 05:07:23,182] [meta.py:129]               [DEBUG]    | Call: ordereddict([('name', 'Genre')])                                                             |
[2022-10-10 05:07:23,183] [meta.py:304]               [DEBUG]    |                                                                                                    |
[2022-10-10 05:07:23,183] [meta.py:305]               [DEBUG]    | Variables: ordereddict([('name', 'Genre'), ('collection_name', 'Mindfuck'), ('mapping_name', 'Mindfuck'), ('library_type', 'movie'), ('library_name', 'Z. 1 - Films'), ('name_encoded', 'Genre'), ('collection_name_encoded', 'Mindfuck'), ('mapping_name_encoded', 'Mindfuck'), ('library_type_encoded', 'movie'), ('library_name_encoded', 'Z.%201%20-%20Films'), ('collection_sort', 'Mindfuck')]) |
[2022-10-10 05:07:23,183] [meta.py:306]               [DEBUG]    |                                                                                                    |
[2022-10-10 05:07:23,183] [meta.py:307]               [DEBUG]    | Defaults: {}                                                                                       |
[2022-10-10 05:07:23,183] [meta.py:308]               [DEBUG]    |                                                                                                    |
[2022-10-10 05:07:23,184] [meta.py:309]               [DEBUG]    | Optional: []                                                                                       |
[2022-10-10 05:07:23,184] [meta.py:370]               [DEBUG]    |                                                                                                    |
[2022-10-10 05:07:23,185] [meta.py:371]               [DEBUG]    | Final Template Attributes: {'sort_title': '+3_Mindfuck', 'sync_mode': 'sync', 'smart_label': 'audience_rating.desc'} |
[2022-10-10 05:07:23,185] [meta.py:372]               [DEBUG]    |                                                                                                    |
[2022-10-10 05:07:23,185] [builder.py:219]            [INFO]     |================================== Validating Mindfuck Attributes ==================================|
[2022-10-10 05:07:23,185] [builder.py:488]            [DEBUG]    |                                                                                                    |
[2022-10-10 05:07:23,185] [builder.py:489]            [DEBUG]    | Validating Method: sync_mode                                                                       |
[2022-10-10 05:07:23,186] [builder.py:493]            [DEBUG]    | Value: sync                                                                                        |
[2022-10-10 05:07:23,186] [builder.py:538]            [DEBUG]    |                                                                                                    |
[2022-10-10 05:07:23,186] [builder.py:539]            [DEBUG]    | Validating Method: smart_label                                                                     |
[2022-10-10 05:07:23,186] [builder.py:544]            [DEBUG]    | Value: audience_rating.desc                                                                        |
[2022-10-10 05:07:23,202] [builder.py:627]            [DEBUG]    |                                                                                                    |
[2022-10-10 05:07:23,202] [builder.py:631]            [DEBUG]    | Validating Method: trakt_list                                                                      |
[2022-10-10 05:07:23,202] [builder.py:632]            [DEBUG]    | Value: ['https://trakt.tv/users/benfranklin/lists/best-mindfucks', 'https://trakt.tv/users/lish408/lists/mindfuck', 'https://trakt.tv/users/rizreflects/lists/mindfuck'] |
[2022-10-10 05:07:23,814] [builder.py:627]            [DEBUG]    |                                                                                                    |
[2022-10-10 05:07:23,814] [builder.py:631]            [DEBUG]    | Validating Method: summary                                                                         |
[2022-10-10 05:07:23,814] [builder.py:632]            [DEBUG]    | Value: Movies that play with your mind, confuse you, and leads you on. Plot twists or surreal storylines. |
[2022-10-10 05:07:23,814] [builder.py:627]            [DEBUG]    |                                                                                                    |
[2022-10-10 05:07:23,814] [builder.py:631]            [DEBUG]    | Validating Method: url_poster                                                                      |
[2022-10-10 05:07:23,815] [builder.py:632]            [DEBUG]    | Value: https://raw.githubusercontent.com/MonsieurZed/poster/main/img/GENRE_MINDFUCK.png            |
[2022-10-10 05:07:24,044] [builder.py:627]            [DEBUG]    |                                                                                                    |
[2022-10-10 05:07:24,044] [builder.py:631]            [DEBUG]    | Validating Method: sort_title                                                                      |
[2022-10-10 05:07:24,044] [builder.py:632]            [DEBUG]    | Value: +3_Mindfuck                                                                                 |
[2022-10-10 05:07:25,168] [builder.py:797]            [INFO]     |                                                                                                    |
[2022-10-10 05:07:25,168] [builder.py:798]            [INFO]     | Validation Successful                                                                              |
[2022-10-10 05:07:25,168] [plex_meta_manager.py:561]  [INFO]     |                                                                                                    |
[2022-10-10 05:07:25,168] [plex_meta_manager.py:563]  [INFO]     |=================================== Running Mindfuck Collection ====================================|
[2022-10-10 05:07:25,168] [plex_meta_manager.py:569]  [INFO]     |                                                                                                    |
[2022-10-10 05:07:25,169] [plex_meta_manager.py:570]  [INFO]     | Smart Movie Label                                                                                  |
                                                                 | Sort By: audience_rating.desc
                                                                 | Filter:
                                                                 |   Match all of the following:
                                                                 |     Label is Mindfuck
[2022-10-10 05:07:25,169] [plex_meta_manager.py:575]  [INFO]     | 
[2022-10-10 05:07:25,169] [plex_meta_manager.py:576]  [INFO]     | Sync Mode: sync
[2022-10-10 05:07:25,169] [plex_meta_manager.py:579]  [DEBUG]    | 
[2022-10-10 05:07:25,169] [plex_meta_manager.py:580]  [DEBUG]    | Builder: trakt_list: https://trakt.tv/users/benfranklin/lists/best-mindfucks
[2022-10-10 05:07:25,169] [plex_meta_manager.py:581]  [INFO]     | 
[2022-10-10 05:07:25,170] [trakt.py:487]              [INFO]     | Processing Trakt List: https://trakt.tv/users/benfranklin/lists/best-mindfucks
[2022-10-10 05:07:25,354] [builder.py:1540]           [DEBUG]    | 
[2022-10-10 05:07:25,355] [builder.py:1541]           [DEBUG]    | 116 IDs Found: [(27205, 'tmdb'), (73739, 'tvdb'), (550, 'tmdb'), (745, 'tmdb'), (77, 'tmdb'), (14237, 'tmdb'), (453, 'tmdb'), (1124, 'tmdb'), (1491, 'tmdb'), (11324, 'tmdb'), (1813, 'tmdb'), (44214, 'tmdb'), (603, 'tmdb'), (694, 'tmdb'), (4553, 'tmdb'), (141, 'tmdb'), (1903, 'tmdb'), (2649, 'tmdb'), (3021, 'tmdb'), (1359, 'tmdb'), (629, 'tmdb'), (9741, 'tmdb'), (176, 'tmdb'), (431, 'tmdb'), (17431, 'tmdb'), (641, 'tmdb'), (64635, 'tmdb'), (8413, 'tmdb'), (45612, 'tmdb'), (13483, 'tmdb'), (31867, 'tmdb'), (63, 'tmdb'), (1946, 'tmdb'), (8843, 'tmdb'), (9667, 'tmdb'), (1933, 'tmdb'), (2832, 'tmdb'), (9315, 'tmdb'), (14462, 'tmdb'), (2163, 'tmdb'), (167, 'tmdb'), (9620, 'tmdb'), (861, 'tmdb'), (184, 'tmdb'), (1417, 'tmdb'), (4970, 'tmdb'), (2103, 'tmdb'), (12149, 'tmdb'), (1902, 'tmdb'), (2291, 'tmdb'), (9705, 'tmdb'), (10782, 'tmdb'), (7183, 'tmdb'), (320, 'tmdb'), (3580, 'tmdb'), (1635, 'tmdb'), (1954, 'tmdb'), (492, 'tmdb'), (55931, 'tmdb'), (21712, 'tmdb'), (1018, 'tmdb'), (38, 'tmdb'), (38050, 'tmdb'), (62, 'tmdb'), (345, 'tmdb'), (638, 'tmdb'), (2654, 'tmdb'), (2048, 'tmdb'), (16617, 'tmdb'), (121606, 'tmdb'), (34647, 'tmdb'), (12994, 'tmdb'), (26466, 'tmdb'), (9481, 'tmdb'), (2043, 'tmdb'), (68727, 'tmdb'), (9437, 'tmdb'), (94348, 'tmdb'), (10226, 'tmdb'), (9539, 'tmdb'), (14337, 'tmdb'), (68, 'tmdb'), (75656, 'tmdb'), (7551, 'tmdb'), (180, 'tmdb'), (4977, 'tmdb'), (10494, 'tmdb'), (13363, 'tmdb'), (32, 'tmdb'), (8066, 'tmdb'), (75612, 'tmdb'), (59436, 'tmdb'), (1090, 'tmdb'), (2666, 'tmdb'), (220289, 'tmdb'), (31011, 'tmdb'), (157547, 'tmdb'), (29917, 'tmdb'), (86597, 'tmdb'), (1592, 'tmdb'), (10851, 'tmdb'), (9282, 'tmdb'), (979, 'tmdb'), (11542, 'tmdb'), (470, 'tmdb'), (22970, 'tmdb'), (10981, 'tmdb'), (2757, 'tmdb'), (635, 'tmdb'), (104, 'tmdb'), (805, 'tmdb'), (539, 'tmdb'), (793, 'tmdb'), (1730, 'tmdb'), (194662, 'tmdb'), (206487, 'tmdb')]
[2022-10-10 05:07:25,355] [builder.py:1542]           [DEBUG]    | 
[2022-10-10 05:07:25,366] [plex_meta_manager.py:579]  [DEBUG]    | 
[2022-10-10 05:07:25,366] [plex_meta_manager.py:580]  [DEBUG]    | Builder: trakt_list: https://trakt.tv/users/lish408/lists/mindfuck
[2022-10-10 05:07:25,366] [plex_meta_manager.py:581]  [INFO]     | 
[2022-10-10 05:07:25,366] [trakt.py:487]              [INFO]     | Processing Trakt List: https://trakt.tv/users/lish408/lists/mindfuck
[2022-10-10 05:07:25,830] [builder.py:1540]           [DEBUG]    | 
[2022-10-10 05:07:25,830] [builder.py:1541]           [DEBUG]    | 223 IDs Found: [(548, 'tmdb'), (180549, 'tmdb'), (426, 'tmdb'), (539, 'tmdb'), (4024, 'tmdb'), (53218, 'tmdb'), (422, 'tmdb'), (1052, 'tmdb'), (797, 'tmdb'), (8075, 'tmdb'), (8074, 'tmdb'), (62, 'tmdb'), (107209, 'tmdb'), (805, 'tmdb'), (13041, 'tmdb'), (185, 'tmdb'), (593, 'tmdb'), (8327, 'tmdb'), (931, 'tmdb'), (45698, 'tmdb'), (74836, 'tmdb'), (32042, 'tmdb'), (5122, 'tmdb'), (27361, 'tmdb'), (11482, 'tmdb'), (27703, 'tmdb'), (694, 'tmdb'), (11542, 'tmdb'), (36819, 'tmdb'), (837, 'tmdb'), (11336, 'tmdb'), (13567, 'tmdb'), (10176, 'tmdb'), (15916, 'tmdb'), (635, 'tmdb'), (14506, 'tmdb'), (861, 'tmdb'), (2291, 'tmdb'), (290, 'tmdb'), (2742, 'tmdb'), (1483, 'tmdb'), (137, 'tmdb'), (14135, 'tmdb'), (18215, 'tmdb'), (2654, 'tmdb'), (902, 'tmdb'), (63, 'tmdb'), (629, 'tmdb'), (16375, 'tmdb'), (1592, 'tmdb'), (10234, 'tmdb'), (638, 'tmdb'), (1813, 'tmdb'), (1902, 'tmdb'), (431, 'tmdb'), (2649, 'tmdb'), (10494, 'tmdb'), (36095, 'tmdb'), (473, 'tmdb'), (11660, 'tmdb'), (37165, 'tmdb'), (10683, 'tmdb'), (2666, 'tmdb'), (104, 'tmdb'), (42848, 'tmdb'), (550, 'tmdb'), (345, 'tmdb'), (492, 'tmdb'), (745, 'tmdb'), (603, 'tmdb'), (622, 'tmdb'), (1946, 'tmdb'), (1073, 'tmdb'), (11075, 'tmdb'), (77, 'tmdb'), (1359, 'tmdb'), (16, 'tmdb'), (8843, 'tmdb'), (69974, 'tmdb'), (32166, 'tmdb'), (141, 'tmdb'), (1018, 'tmdb'), (167, 'tmdb'), (453, 'tmdb'), (1903, 'tmdb'), (1933, 'tmdb'), (12149, 'tmdb'), (10972, 'tmdb'), (25078, 'tmdb'), (2637, 'tmdb'), (2757, 'tmdb'), (11468, 'tmdb'), (437, 'tmdb'), (4912, 'tmdb'), (10133, 'tmdb'), (46025, 'tmdb'), (9357, 'tmdb'), (12590, 'tmdb'), (670, 'tmdb'), (587, 'tmdb'), (553, 'tmdb'), (2832, 'tmdb'), (8424, 'tmdb'), (10226, 'tmdb'), (4552, 'tmdb'), (12703, 'tmdb'), (12487, 'tmdb'), (302, 'tmdb'), (22578, 'tmdb'), (1586, 'tmdb'), (21712, 'tmdb'), (4553, 'tmdb'), (14337, 'tmdb'), (6947, 'tmdb'), (38, 'tmdb'), (12877, 'tmdb'), (1954, 'tmdb'), (17110, 'tmdb'), (12140, 'tmdb'), (12580, 'tmdb'), (21781, 'tmdb'), (16133, 'tmdb'), (32171, 'tmdb'), (11559, 'tmdb'), (10851, 'tmdb'), (9270, 'tmdb'), (9913, 'tmdb'), (445, 'tmdb'), (9667, 'tmdb'), (572, 'tmdb'), (21136, 'tmdb'), (8066, 'tmdb'), (186, 'tmdb'), (1730, 'tmdb'), (1491, 'tmdb'), (4977, 'tmdb'), (3509, 'tmdb'), (14784, 'tmdb'), (1417, 'tmdb'), (1124, 'tmdb'), (1381, 'tmdb'), (13856, 'tmdb'), (13318, 'tmdb'), (14139, 'tmdb'), (5876, 'tmdb'), (7183, 'tmdb'), (12994, 'tmdb'), (20342, 'tmdb'), (3021, 'tmdb'), (337774, 'tmdb'), (86556, 'tmdb'), (13825, 'tmdb'), (4960, 'tmdb'), (20777, 'tmdb'), (17609, 'tmdb'), (17431, 'tmdb'), (24869, 'tmdb'), (26466, 'tmdb'), (8054, 'tmdb'), (38810, 'tmdb'), (31011, 'tmdb'), (34647, 'tmdb'), (11324, 'tmdb'), (27205, 'tmdb'), (54083, 'tmdb'), (48303, 'tmdb'), (63154, 'tmdb'), (50037, 'tmdb'), (56532, 'tmdb'), (45612, 'tmdb'), (63311, 'tmdb'), (74725, 'tmdb'), (169314, 'tmdb'), (64635, 'tmdb'), (98368, 'tmdb'), (145197, 'tmdb'), (157351, 'tmdb'), (85889, 'tmdb'), (198287, 'tmdb'), (181886, 'tmdb'), (211247, 'tmdb'), (220289, 'tmdb'), (243884, 'tmdb'), (155084, 'tmdb'), (242095, 'tmdb'), (245844, 'tmdb'), (242090, 'tmdb'), (207933, 'tmdb'), (256274, 'tmdb'), (206487, 'tmdb'), (273271, 'tmdb'), (179150, 'tmdb'), (298721, 'tmdb'), (346641, 'tmdb'), (245703, 'tmdb'), (343674, 'tmdb'), (43584, 'tmdb'), (300668, 'tmdb'), (399256, 'tmdb'), (377274, 'tmdb'), (5898, 'tmdb'), (341006, 'tmdb'), (38987, 'tmdb'), (329865, 'tmdb'), (294308, 'tmdb'), (352196, 'tmdb'), (458305, 'tmdb'), (485374, 'tmdb'), (242582, 'tmdb'), (13363, 'tmdb'), (9539, 'tmdb'), (254320, 'tmdb'), (399057, 'tmdb'), (381283, 'tmdb'), (8967, 'tmdb'), (34993, 'tmdb'), (641, 'tmdb'), (577922, 'tmdb'), (649006, 'tmdb'), (600354, 'tmdb'), (545611, 'tmdb'), (780609, 'tmdb'), (680954, 'tmdb')]
[2022-10-10 05:07:25,830] [builder.py:1542]           [DEBUG]    | 
[2022-10-10 05:07:25,848] [plex_meta_manager.py:579]  [DEBUG]    | 
[2022-10-10 05:07:25,848] [plex_meta_manager.py:580]  [DEBUG]    | Builder: trakt_list: https://trakt.tv/users/rizreflects/lists/mindfuck
[2022-10-10 05:07:25,849] [plex_meta_manager.py:581]  [INFO]     | 
[2022-10-10 05:07:25,849] [trakt.py:487]              [INFO]     | Processing Trakt List: https://trakt.tv/users/rizreflects/lists/mindfuck
[2022-10-10 05:07:26,057] [builder.py:1540]           [DEBUG]    | 
[2022-10-10 05:07:26,057] [builder.py:1541]           [DEBUG]    | 199 IDs Found: [(10226, 'tmdb'), (622, 'tmdb'), (8338, 'tmdb'), (27703, 'tmdb'), (16375, 'tmdb'), (207933, 'tmdb'), (9913, 'tmdb'), (11615, 'tmdb'), (9667, 'tmdb'), (53218, 'tmdb'), (1586, 'tmdb'), (85889, 'tmdb'), (8066, 'tmdb'), (45698, 'tmdb'), (5122, 'tmdb'), (37722, 'tmdb'), (17609, 'tmdb'), (1954, 'tmdb'), (1903, 'tmdb'), (20342, 'tmdb'), (9411, 'tmdb'), (8054, 'tmdb'), (273271, 'tmdb'), (10133, 'tmdb'), (1381, 'tmdb'), (8424, 'tmdb'), (25078, 'tmdb'), (12487, 'tmdb'), (2654, 'tmdb'), (167, 'tmdb'), (11468, 'tmdb'), (8074, 'tmdb'), (1073, 'tmdb'), (186, 'tmdb'), (5876, 'tmdb'), (3021, 'tmdb'), (181886, 'tmdb'), (755, 'tmdb'), (10176, 'tmdb'), (179150, 'tmdb'), (14135, 'tmdb'), (431, 'tmdb'), (483, 'tmdb'), (2742, 'tmdb'), (13318, 'tmdb'), (381283, 'tmdb'), (1946, 'tmdb'), (2832, 'tmdb'), (26466, 'tmdb'), (3509, 'tmdb'), (9539, 'tmdb'), (9357, 'tmdb'), (302, 'tmdb'), (1813, 'tmdb'), (638, 'tmdb'), (11482, 'tmdb'), (577922, 'tmdb'), (343674, 'tmdb'), (12877, 'tmdb'), (381288, 'tmdb'), (242090, 'tmdb'), (12140, 'tmdb'), (34647, 'tmdb'), (4912, 'tmdb'), (145197, 'tmdb'), (11542, 'tmdb'), (22970, 'tmdb'), (1427, 'tmdb'), (109421, 'tmdb'), (300668, 'tmdb'), (245703, 'tmdb'), (31011, 'tmdb'), (837, 'tmdb'), (11660, 'tmdb'), (399057, 'tmdb'), (553, 'tmdb'), (14337, 'tmdb'), (16133, 'tmdb'), (340666, 'tmdb'), (345, 'tmdb'), (793, 'tmdb'), (1359, 'tmdb'), (1933, 'tmdb'), (4553, 'tmdb'), (14139, 'tmdb'), (11075, 'tmdb'), (4552, 'tmdb'), (36819, 'tmdb'), (10234, 'tmdb'), (24869, 'tmdb'), (32042, 'tmdb'), (298721, 'tmdb'), (8075, 'tmdb'), (587, 'tmdb'), (635, 'tmdb'), (346364, 'tmdb'), (310131, 'tmdb'), (270303, 'tmdb'), (254320, 'tmdb'), (220289, 'tmdb'), (530385, 'tmdb'), (1491, 'tmdb'), (1592, 'tmdb'), (861, 'tmdb'), (8967, 'tmdb'), (2291, 'tmdb'), (9270, 'tmdb'), (38810, 'tmdb'), (12149, 'tmdb'), (14506, 'tmdb'), (245844, 'tmdb'), (15916, 'tmdb'), (11336, 'tmdb'), (1730, 'tmdb'), (206487, 'tmdb'), (2649, 'tmdb'), (388, 'tmdb'), (902, 'tmdb'), (13041, 'tmdb'), (63311, 'tmdb'), (9392, 'tmdb'), (473, 'tmdb'), (14359, 'tmdb'), (4960, 'tmdb'), (170, 'tmdb'), (892, 'tmdb'), (11324, 'tmdb'), (48303, 'tmdb'), (36095, 'tmdb'), (629, 'tmdb'), (146233, 'tmdb'), (45612, 'tmdb'), (2666, 'tmdb'), (16, 'tmdb'), (14784, 'tmdb'), (59967, 'tmdb'), (141, 'tmdb'), (68, 'tmdb'), (550, 'tmdb'), (185, 'tmdb'), (745, 'tmdb'), (4771, 'tmdb'), (63, 'tmdb'), (104, 'tmdb'), (1902, 'tmdb'), (137113, 'tmdb'), (1124, 'tmdb'), (447332, 'tmdb'), (493922, 'tmdb'), (329865, 'tmdb'), (17431, 'tmdb'), (290, 'tmdb'), (445, 'tmdb'), (8327, 'tmdb'), (21712, 'tmdb'), (77, 'tmdb'), (44214, 'tmdb'), (641, 'tmdb'), (400617, 'tmdb'), (4977, 'tmdb'), (1052, 'tmdb'), (4024, 'tmdb'), (931, 'tmdb'), (210577, 'tmdb'), (419430, 'tmdb'), (603, 'tmdb'), (78, 'tmdb'), (13363, 'tmdb'), (10683, 'tmdb'), (453, 'tmdb'), (264660, 'tmdb'), (242582, 'tmdb'), (840, 'tmdb'), (2757, 'tmdb'), (593, 'tmdb'), (137, 'tmdb'), (10494, 'tmdb'), (694, 'tmdb'), (1018, 'tmdb'), (492, 'tmdb'), (807, 'tmdb'), (27205, 'tmdb'), (62, 'tmdb'), (670, 'tmdb'), (600354, 'tmdb'), (545611, 'tmdb'), (37165, 'tmdb'), (805, 'tmdb'), (1417, 'tmdb'), (829, 'tmdb'), (38, 'tmdb'), (797, 'tmdb'), (422, 'tmdb'), (274, 'tmdb'), (244786, 'tmdb'), (426, 'tmdb'), (548, 'tmdb'), (539, 'tmdb'), (496243, 'tmdb')]
[2022-10-10 05:07:26,057] [builder.py:1542]           [DEBUG]    | 
[2022-10-10 05:07:26,081] [builder.py:2064]           [INFO]     | 
[2022-10-10 05:07:26,081] [builder.py:2065]           [INFO]     |================================== Adding to Mindfuck Collection ===================================|
[2022-10-10 05:07:26,081] [builder.py:2066]           [INFO]     |                                                                                                    |
[2022-10-10 05:07:26,689] [builder.py:2080]           [INFO]     |   1/126 | Mindfuck Collection | = | Inception (2010)                                               |
[2022-10-10 05:07:26,690] [builder.py:2080]           [INFO]     |   2/126 | Mindfuck Collection | = | Fight Club (1999)                                              |
[2022-10-10 05:07:26,691] [builder.py:2080]           [INFO]     |   3/126 | Mindfuck Collection | = | Sixième sens (1999)                                            |
[2022-10-10 05:07:26,692] [builder.py:2080]           [INFO]     |   4/126 | Mindfuck Collection | = | Memento (2000)                                                 |
[2022-10-10 05:07:26,692] [builder.py:2080]           [INFO]     |   5/126 | Mindfuck Collection | = | Un Homme d'Exception (2001)                                    |
[2022-10-10 05:07:26,693] [builder.py:2080]           [INFO]     |   6/126 | Mindfuck Collection | = | Le Prestige (2006)                                             |
[2022-10-10 05:07:26,694] [builder.py:2080]           [INFO]     |   7/126 | Mindfuck Collection | = | L'Illusionniste (2006)                                         |
[2022-10-10 05:07:26,695] [builder.py:2080]           [INFO]     |   8/126 | Mindfuck Collection | = | Shutter Island (2010)                                          |
[2022-10-10 05:07:26,695] [builder.py:2080]           [INFO]     |   9/126 | Mindfuck Collection | = | Black Swan (2010)                                              |
[2022-10-10 05:07:26,696] [builder.py:2080]           [INFO]     |  10/126 | Mindfuck Collection | = | Matrix I : The Matrix (1999)                                   |
[2022-10-10 05:07:26,697] [builder.py:2080]           [INFO]     |  11/126 | Mindfuck Collection | = | Shining (1980)                                                 |
[2022-10-10 05:07:26,697] [builder.py:2080]           [INFO]     |  12/126 | Mindfuck Collection | = | The Machinist (2004)                                           |
[2022-10-10 05:07:26,698] [builder.py:2080]           [INFO]     |  13/126 | Mindfuck Collection | = | Donnie Darko (2001)                                            |
[2022-10-10 05:07:26,699] [builder.py:2080]           [INFO]     |  14/126 | Mindfuck Collection | = | The Game (1997)                                                |
[2022-10-10 05:07:26,699] [builder.py:2080]           [INFO]     |  15/126 | Mindfuck Collection | = | Chambre 1408 (2007)                                            |
[2022-10-10 05:07:26,699] [builder.py:2080]           [INFO]     |  16/126 | Mindfuck Collection | = | American Psycho (2000)                                         |
[2022-10-10 05:07:26,700] [builder.py:2080]           [INFO]     |  17/126 | Mindfuck Collection | = | Incassable (2000)                                              |
[2022-10-10 05:07:26,700] [builder.py:2080]           [INFO]     |  18/126 | Mindfuck Collection | = | Cube (1997)                                                    |
[2022-10-10 05:07:26,700] [builder.py:2080]           [INFO]     |  19/126 | Mindfuck Collection | = | Moon - La face cachée (2009)                                   |
[2022-10-10 05:07:26,702] [builder.py:2080]           [INFO]     |  20/126 | Mindfuck Collection | = | Requiem for a Dream (2000)                                     |
[2022-10-10 05:07:26,703] [builder.py:2080]           [INFO]     |  21/126 | Mindfuck Collection | = | Total Recall: Mémoires programmées (2012)                      |
[2022-10-10 05:07:26,703] [builder.py:2080]           [INFO]     |  22/126 | Mindfuck Collection | = | Event Horizon : Le vaisseau de l'au-delà (1997)                |
[2022-10-10 05:07:26,704] [builder.py:2080]           [INFO]     |  23/126 | Mindfuck Collection | = | Source Code (2011)                                             |
[2022-10-10 05:07:26,704] [builder.py:2080]           [INFO]     |  24/126 | Mindfuck Collection | = | Awake (2007)                                                   |
[2022-10-10 05:07:26,705] [builder.py:2080]           [INFO]     |  25/126 | Mindfuck Collection | = | Repo men (2010)                                                |
[2022-10-10 05:07:26,706] [builder.py:2080]           [INFO]     |  26/126 | Mindfuck Collection | = | eXistenZ (1999)                                                |
[2022-10-10 05:07:26,706] [builder.py:2080]           [INFO]     |  27/126 | Mindfuck Collection | = | The Cell (2000)                                                |
[2022-10-10 05:07:26,706] [builder.py:2080]           [INFO]     |  28/126 | Mindfuck Collection | = | The Jacket (2005)                                              |
[2022-10-10 05:07:26,707] [builder.py:2080]           [INFO]     |  29/126 | Mindfuck Collection | = | Identity (2003)                                                |
[2022-10-10 05:07:26,707] [builder.py:2080]           [INFO]     |  30/126 | Mindfuck Collection | = | Paycheck (2003)                                                |
[2022-10-10 05:07:26,708] [builder.py:2080]           [INFO]     |  31/126 | Mindfuck Collection | = | Jackie Brown (1997)                                            |
[2022-10-10 05:07:26,709] [builder.py:2080]           [INFO]     |  32/126 | Mindfuck Collection | = | Le Labyrinthe de Pan (2006)                                    |
[2022-10-10 05:07:26,709] [builder.py:2080]           [INFO]     |  33/126 | Mindfuck Collection | = | Gothika (2003)                                                 |
[2022-10-10 05:07:26,710] [builder.py:2080]           [INFO]     |  34/126 | Mindfuck Collection | = | Solaris (2002)                                                 |
[2022-10-10 05:07:26,711] [builder.py:2080]           [INFO]     |  35/126 | Mindfuck Collection | = | Opération Espadon (2001)                                       |
[2022-10-10 05:07:26,711] [builder.py:2080]           [INFO]     |  36/126 | Mindfuck Collection | = | Basic (2003)                                                   |
[2022-10-10 05:07:26,712] [builder.py:2080]           [INFO]     |  37/126 | Mindfuck Collection | = | Insomnia (2002)                                                |
[2022-10-10 05:07:26,712] [builder.py:2080]           [INFO]     |  38/126 | Mindfuck Collection | = | L'échange (2008)                                               |
[2022-10-10 05:07:26,713] [builder.py:2080]           [INFO]     |  39/126 | Mindfuck Collection | = | The Island (2005)                                              |
[2022-10-10 05:07:26,713] [builder.py:2080]           [INFO]     |  40/126 | Mindfuck Collection | = | L'Effet papillon (2004)                                        |
[2022-10-10 05:07:26,714] [builder.py:2080]           [INFO]     |  41/126 | Mindfuck Collection | = | Mulholland Drive (2001)                                        |
[2022-10-10 05:07:26,715] [builder.py:2080]           [INFO]     |  42/126 | Mindfuck Collection | = | Eternal Sunshine of the Spotless Mind (2004)                   |
[2022-10-10 05:07:26,715] [builder.py:2080]           [INFO]     |  43/126 | Mindfuck Collection | = | L'Agence (2011)                                                |
[2022-10-10 05:07:26,716] [builder.py:2080]           [INFO]     |  44/126 | Mindfuck Collection | = | 2001 : L’odyssée de l’espace (1968)                            |
[2022-10-10 05:07:26,716] [builder.py:2080]           [INFO]     |  45/126 | Mindfuck Collection | = | Eyes Wide Shut (1999)                                          |
[2022-10-10 05:07:26,716] [builder.py:2080]           [INFO]     |  46/126 | Mindfuck Collection | = | Lost Highway (1997)                                            |
[2022-10-10 05:07:26,717] [builder.py:2080]           [INFO]     |  47/126 | Mindfuck Collection | = | I, Robot (2004)                                                |
[2022-10-10 05:07:26,718] [builder.py:2080]           [INFO]     |  48/126 | Mindfuck Collection | = | Triangle (2009)                                                |
[2022-10-10 05:07:26,718] [builder.py:2080]           [INFO]     |  49/126 | Mindfuck Collection | = | Bone Collector (1999)                                          |
[2022-10-10 05:07:26,719] [builder.py:2080]           [INFO]     |  50/126 | Mindfuck Collection | = | Trance (2013)                                                  |
[2022-10-10 05:07:26,720] [builder.py:2080]           [INFO]     |  51/126 | Mindfuck Collection | = | Déjà vu (2006)                                                 |
[2022-10-10 05:07:26,720] [builder.py:2080]           [INFO]     |  52/126 | Mindfuck Collection | = | Minority Report (2002)                                         |
[2022-10-10 05:07:26,721] [builder.py:2080]           [INFO]     |  53/126 | Mindfuck Collection | = | The Man from Earth (2007)                                      |
[2022-10-10 05:07:26,721] [builder.py:2080]           [INFO]     |  54/126 | Mindfuck Collection | = | Stay (2005)                                                    |
[2022-10-10 05:07:26,722] [builder.py:2080]           [INFO]     |  55/126 | Mindfuck Collection | = | Oblivion (2013)                                                |
[2022-10-10 05:07:26,723] [builder.py:2080]           [INFO]     |  56/126 | Mindfuck Collection | = | Minuit à Paris (2011)                                          |
[2022-10-10 05:07:26,724] [builder.py:2080]           [INFO]     |  57/126 | Mindfuck Collection | = | Passé virtuel (1999)                                           |
[2022-10-10 05:07:26,725] [builder.py:2080]           [INFO]     |  58/126 | Mindfuck Collection | = | Dark City (1998)                                               |
[2022-10-10 05:07:26,725] [builder.py:2080]           [INFO]     |  59/126 | Mindfuck Collection | = | Mr. Nobody (2009)                                              |
[2022-10-10 05:07:26,726] [builder.py:2080]           [INFO]     |  60/126 | Mindfuck Collection | = | The Mirror (2014)                                              |
[2022-10-10 05:07:26,726] [builder.py:2080]           [INFO]     |  61/126 | Mindfuck Collection | = | Exam (2010)                                                    |
[2022-10-10 05:07:26,727] [builder.py:2080]           [INFO]     |  62/126 | Mindfuck Collection | = | Revolver (2005)                                                |
[2022-10-10 05:07:26,727] [builder.py:2080]           [INFO]     |  63/126 | Mindfuck Collection | = | 21 grammes (2003)                                              |
[2022-10-10 05:07:26,728] [builder.py:2080]           [INFO]     |  64/126 | Mindfuck Collection | = | La Cabane dans les bois (2012)                                 |
[2022-10-10 05:07:26,728] [builder.py:2080]           [INFO]     |  65/126 | Mindfuck Collection | = | Prédestination (2014)                                          |
[2022-10-10 05:07:26,729] [builder.py:2080]           [INFO]     |  66/126 | Mindfuck Collection | = | Orange Mécanique (1972)                                        |
[2022-10-10 05:07:26,730] [builder.py:2080]           [INFO]     |  67/126 | Mindfuck Collection | = | Un jour sans fin (1993)                                        |
[2022-10-10 05:07:26,731] [builder.py:2080]           [INFO]     |  68/126 | Mindfuck Collection | = | The Truman Show (1998)                                         |
[2022-10-10 05:07:26,732] [builder.py:2080]           [INFO]     |  69/126 | Mindfuck Collection | = | Audition (2000)                                                |
[2022-10-10 05:07:26,733] [builder.py:2080]           [INFO]     |  70/126 | Mindfuck Collection | = | Old Boy (2003)                                                 |
[2022-10-10 05:07:26,733] [builder.py:2080]           [INFO]     |  71/126 | Mindfuck Collection | = | Big Fish (2004)                                                |
[2022-10-10 05:07:26,733] [builder.py:2080]           [INFO]     |  72/126 | Mindfuck Collection | = | Fenêtre Secrète (2004)                                         |
[2022-10-10 05:07:26,734] [builder.py:2080]           [INFO]     |  73/126 | Mindfuck Collection | = | Le Village (2004)                                              |
[2022-10-10 05:07:26,735] [builder.py:2080]           [INFO]     |  74/126 | Mindfuck Collection | = | Tideland (2006)                                                |
[2022-10-10 05:07:26,736] [builder.py:2080]           [INFO]     |  75/126 | Mindfuck Collection | = | La Porte des secrets (2005)                                    |
[2022-10-10 05:07:26,737] [builder.py:2080]           [INFO]     |  76/126 | Mindfuck Collection | = | Slevin (2006)                                                  |
[2022-10-10 05:07:26,737] [builder.py:2080]           [INFO]     |  77/126 | Mindfuck Collection | = | The Fountain (2006)                                            |
[2022-10-10 05:07:26,738] [builder.py:2080]           [INFO]     |  78/126 | Mindfuck Collection | = | The Mist (2007)                                                |
[2022-10-10 05:07:26,738] [builder.py:2080]           [INFO]     |  79/126 | Mindfuck Collection | = | Antichrist (2009)                                              |
[2022-10-10 05:07:26,739] [builder.py:2080]           [INFO]     |  80/126 | Mindfuck Collection | = | L'Imaginarium du Docteur Parnassus (2009)                      |
[2022-10-10 05:07:26,739] [builder.py:2080]           [INFO]     |  81/126 | Mindfuck Collection | = | Copie conforme (2010)                                          |
[2022-10-10 05:07:26,740] [builder.py:2080]           [INFO]     |  82/126 | Mindfuck Collection | = | Kill List (2011)                                               |
[2022-10-10 05:07:26,740] [builder.py:2080]           [INFO]     |  83/126 | Mindfuck Collection | = | Ordure ! (2013)                                                |
[2022-10-10 05:07:26,741] [builder.py:2080]           [INFO]     |  84/126 | Mindfuck Collection | = | Enemy (2013)                                                   |
[2022-10-10 05:07:26,741] [builder.py:2080]           [INFO]     |  85/126 | Mindfuck Collection | = | 13 Sins (2014)                                                 |
[2022-10-10 05:07:26,742] [builder.py:2080]           [INFO]     |  86/126 | Mindfuck Collection | = | The Signal (2014)                                              |
[2022-10-10 05:07:26,742] [builder.py:2080]           [INFO]     |  87/126 | Mindfuck Collection | = | Catacombes (2014)                                              |
[2022-10-10 05:07:26,743] [builder.py:2080]           [INFO]     |  88/126 | Mindfuck Collection | = | Time Lapse (2015)                                              |
[2022-10-10 05:07:26,744] [builder.py:2080]           [INFO]     |  89/126 | Mindfuck Collection | = | Midnight Special (2016)                                        |
[2022-10-10 05:07:26,745] [builder.py:2080]           [INFO]     |  90/126 | Mindfuck Collection | = | Jessie (2017)                                                  |
[2022-10-10 05:07:26,745] [builder.py:2080]           [INFO]     |  91/126 | Mindfuck Collection | = | Annihilation (2018)                                            |
[2022-10-10 05:07:26,745] [builder.py:2080]           [INFO]     |  92/126 | Mindfuck Collection | = | Premier Contact (2016)                                         |
[2022-10-10 05:07:26,746] [builder.py:2080]           [INFO]     |  93/126 | Mindfuck Collection | = | Vivarium (2020)                                                |
[2022-10-10 05:07:26,747] [builder.py:2080]           [INFO]     |  94/126 | Mindfuck Collection | = | Invasion (2017)                                                |
[2022-10-10 05:07:26,748] [builder.py:2080]           [INFO]     |  95/126 | Mindfuck Collection | = | Night Call (2014)                                              |
[2022-10-10 05:07:26,749] [builder.py:2080]           [INFO]     |  96/126 | Mindfuck Collection | = | The Lobster (2015)                                             |
[2022-10-10 05:07:26,749] [builder.py:2080]           [INFO]     |  97/126 | Mindfuck Collection | = | Mise à mort du cerf sacré (2017)                               |
[2022-10-10 05:07:26,750] [builder.py:2080]           [INFO]     |  98/126 | Mindfuck Collection | = | Tenet (2020)                                                   |
[2022-10-10 05:07:26,751] [builder.py:2080]           [INFO]     |  99/126 | Mindfuck Collection | = | The Father (2020)                                              |
[2022-10-10 05:07:26,752] [builder.py:2080]           [INFO]     | 100/126 | Mindfuck Collection | = | Everything Everywhere All at Once (2022)                       |
[2022-10-10 05:07:26,752] [builder.py:2080]           [INFO]     | 101/126 | Mindfuck Collection | = | Men (2022)                                                     |
[2022-10-10 05:07:26,753] [builder.py:2080]           [INFO]     | 102/126 | Mindfuck Collection | = | Une Nuit en Enfer (1996)                                       |
[2022-10-10 05:07:26,754] [builder.py:2080]           [INFO]     | 103/126 | Mindfuck Collection | = | Split (2017)                                                   |
[2022-10-10 05:07:26,755] [builder.py:2080]           [INFO]     | 104/126 | Mindfuck Collection | = | Effets Secondaires (2013)                                      |
[2022-10-10 05:07:26,755] [builder.py:2080]           [INFO]     | 105/126 | Mindfuck Collection | = | Nocturnal Animals (2016)                                       |
[2022-10-10 05:07:26,756] [builder.py:2080]           [INFO]     | 106/126 | Mindfuck Collection | = | Ça (2017)                                                      |
[2022-10-10 05:07:26,756] [builder.py:2080]           [INFO]     | 107/126 | Mindfuck Collection | = | It Follows (2015)                                              |
[2022-10-10 05:07:26,757] [builder.py:2080]           [INFO]     | 108/126 | Mindfuck Collection | = | Midsommar (2019)                                               |
[2022-10-10 05:07:26,758] [builder.py:2080]           [INFO]     | 109/126 | Mindfuck Collection | = | Inside Man : l'Homme de l'Intérieur (2006)                     |
[2022-10-10 05:07:26,758] [builder.py:2080]           [INFO]     | 110/126 | Mindfuck Collection | = | The Descent (2005)                                             |
[2022-10-10 05:07:26,758] [builder.py:2080]           [INFO]     | 111/126 | Mindfuck Collection | = | 28 jours plus tard (2002)                                      |
[2022-10-10 05:07:26,759] [builder.py:2080]           [INFO]     | 112/126 | Mindfuck Collection | = | Prisoners (2013)                                               |
[2022-10-10 05:07:26,760] [builder.py:2080]           [INFO]     | 113/126 | Mindfuck Collection | = | Looper (2012)                                                  |
[2022-10-10 05:07:26,760] [builder.py:2080]           [INFO]     | 114/126 | Mindfuck Collection | = | Gone Baby Gone (2007)                                          |
[2022-10-10 05:07:26,760] [builder.py:2080]           [INFO]     | 115/126 | Mindfuck Collection | = | Edge of Tomorrow (2014)                                        |
[2022-10-10 05:07:26,761] [builder.py:2080]           [INFO]     | 116/126 | Mindfuck Collection | = | Sans un bruit (2018)                                           |
[2022-10-10 05:07:26,762] [builder.py:2080]           [INFO]     | 117/126 | Mindfuck Collection | = | Hérédité (2018)                                                |
[2022-10-10 05:07:26,762] [builder.py:2080]           [INFO]     | 118/126 | Mindfuck Collection | = | Phantom Thread (2018)                                          |
[2022-10-10 05:07:26,763] [builder.py:2080]           [INFO]     | 119/126 | Mindfuck Collection | = | Gone Girl (2014)                                               |
[2022-10-10 05:07:26,763] [builder.py:2080]           [INFO]     | 120/126 | Mindfuck Collection | = | Get Out (2017)                                                 |
[2022-10-10 05:07:26,764] [builder.py:2080]           [INFO]     | 121/126 | Mindfuck Collection | = | Blade Runner (1982)                                            |
[2022-10-10 05:07:26,764] [builder.py:2080]           [INFO]     | 122/126 | Mindfuck Collection | = | Ex_Machina (2015)                                              |
[2022-10-10 05:07:26,765] [builder.py:2080]           [INFO]     | 123/126 | Mindfuck Collection | = | Seven (1995)                                                   |
[2022-10-10 05:07:26,765] [builder.py:2080]           [INFO]     | 124/126 | Mindfuck Collection | = | Le Silence des agneaux (1991)                                  |
[2022-10-10 05:07:26,766] [builder.py:2080]           [INFO]     | 125/126 | Mindfuck Collection | = | Whiplash (2014)                                                |
[2022-10-10 05:07:26,767] [builder.py:2080]           [INFO]     | 126/126 | Mindfuck Collection | = | Parasite (2019)                                                |
[2022-10-10 05:07:26,768] [builder.py:2100]           [INFO]     |                                                                                                    |
[2022-10-10 05:07:26,768] [builder.py:2102]           [INFO]     | 126 Movies Processed 0 Movies Added                                                                |
[2022-10-10 05:07:26,770] [builder.py:2228]           [INFO]     |                                                                                                    |
[2022-10-10 05:07:26,770] [builder.py:2229]           [INFO]     |============================ Missing Movies from Library: Z. 1 - Films =============================|
[2022-10-10 05:07:26,770] [builder.py:2230]           [INFO]     |                                                                                                    |
[2022-10-10 05:07:26,786] [builder.py:2243]           [INFO]     | Mindfuck Collection | ? | Brainscan (1994) (TMDb: 14237)                                           |
[2022-10-10 05:07:26,823] [builder.py:2243]           [INFO]     | Mindfuck Collection | ? | The Devil's Advocate (1997) (TMDb: 1813)                                 |
[2022-10-10 05:07:26,850] [builder.py:2243]           [INFO]     | Mindfuck Collection | ? | Vanilla Sky (2001) (TMDb: 1903)                                          |
[2022-10-10 05:07:26,876] [builder.py:2243]           [INFO]     | Mindfuck Collection | ? | The Usual Suspects (1995) (TMDb: 629)                                    |
[2022-10-10 05:07:26,900] [builder.py:2243]           [INFO]     | Mindfuck Collection | ? | Saw (2004) (TMDb: 176)                                                   |
[2022-10-10 05:07:26,925] [builder.py:2243]           [INFO]     | Mindfuck Collection | ? | Twelve Monkeys (1995) (TMDb: 63)                                         |
[2022-10-10 05:07:26,950] [builder.py:2243]           [INFO]     | Mindfuck Collection | ? | The Others (2001) (TMDb: 1933)                                           |
[2022-10-10 05:07:26,952] [builder.py:2243]           [INFO]     | Mindfuck Collection | ? | Flightplan (2005) (TMDb: 9315)                                           |
[2022-10-10 05:07:26,975] [builder.py:2243]           [INFO]     | Mindfuck Collection | ? | The Manchurian Candidate (2004) (TMDb: 14462)                            |
[2022-10-10 05:07:27,000] [builder.py:2243]           [INFO]     | Mindfuck Collection | ? | Breakdown (1997) (TMDb: 2163)                                            |
[2022-10-10 05:07:27,084] [builder.py:2243]           [INFO]     | Mindfuck Collection | ? | K-PAX (2001) (TMDb: 167)                                                 |
[2022-10-10 05:07:27,085] [builder.py:2243]           [INFO]     | Mindfuck Collection | ? | Total Recall (1990) (TMDb: 861)                                          |
[2022-10-10 05:07:27,098] [builder.py:2243]           [INFO]     | Mindfuck Collection | ? | Frailty (2001) (TMDb: 12149)                                             |
[2022-10-10 05:07:27,125] [builder.py:2243]           [INFO]     | Mindfuck Collection | ? | Open Your Eyes (1997) (TMDb: 1902)                                       |
[2022-10-10 05:07:27,183] [builder.py:2243]           [INFO]     | Mindfuck Collection | ? | Jacob's Ladder (1990) (TMDb: 2291)                                       |
[2022-10-10 05:07:27,198] [builder.py:2243]           [INFO]     | Mindfuck Collection | ? | Perfect Stranger (2007) (TMDb: 7183)                                     |
[2022-10-10 05:07:27,225] [builder.py:2243]           [INFO]     | Mindfuck Collection | ? | Being John Malkovich (1999) (TMDb: 492)                                  |
[2022-10-10 05:07:27,250] [builder.py:2243]           [INFO]     | Mindfuck Collection | ? | The Animatrix (2003) (TMDb: 55931)                                       |
[2022-10-10 05:07:27,276] [builder.py:2243]           [INFO]     | Mindfuck Collection | ? | Mind Game (2004) (TMDb: 21712)                                           |
[2022-10-10 05:07:27,300] [builder.py:2243]           [INFO]     | Mindfuck Collection | ? | In the Mouth of Madness (1995) (TMDb: 2654)                              |
[2022-10-10 05:07:27,325] [builder.py:2243]           [INFO]     | Mindfuck Collection | ? | Profession profiler (2004) (TMDb: 16617)                                 |
[2022-10-10 05:07:27,350] [builder.py:2243]           [INFO]     | Mindfuck Collection | ? | Resolution (2013) (TMDb: 121606)                                         |
[2022-10-10 05:07:27,408] [builder.py:2243]           [INFO]     | Mindfuck Collection | ? | Enter the Void (2009) (TMDb: 34647)                                      |
[2022-10-10 05:07:27,424] [builder.py:2243]           [INFO]     | Mindfuck Collection | ? | The Nines (2007) (TMDb: 12994)                                           |
[2022-10-10 05:07:27,476] [builder.py:2243]           [INFO]     | Mindfuck Collection | ? | Along Came a Spider (2001) (TMDb: 2043)                                  |
[2022-10-10 05:07:27,503] [builder.py:2243]           [INFO]     | Mindfuck Collection | ? | Kiss the Girls (1997) (TMDb: 9437)                                       |
[2022-10-10 05:07:27,550] [builder.py:2243]           [INFO]     | Mindfuck Collection | ? | Alex Cross (2012) (TMDb: 94348)                                          |
[2022-10-10 05:07:27,565] [builder.py:2243]           [INFO]     | Mindfuck Collection | ? | High Tension (2003) (TMDb: 10226)                                        |
[2022-10-10 05:07:27,609] [builder.py:2243]           [INFO]     | Mindfuck Collection | ? | Martyrs (2008) (TMDb: 9539)                                              |
[2022-10-10 05:07:27,634] [builder.py:2243]           [INFO]     | Mindfuck Collection | ? | Primer (2004) (TMDb: 14337)                                              |
[2022-10-10 05:07:27,659] [builder.py:2243]           [INFO]     | Mindfuck Collection | ? | Brazil (1985) (TMDb: 68)                                                 |
[2022-10-10 05:07:27,684] [builder.py:2243]           [INFO]     | Mindfuck Collection | ? | Now You See Me (2013) (TMDb: 75656)                                      |
[2022-10-10 05:07:27,709] [builder.py:2243]           [INFO]     | Mindfuck Collection | ? | Paprika (2006) (TMDb: 4977)                                              |
[2022-10-10 05:07:27,734] [builder.py:2243]           [INFO]     | Mindfuck Collection | ? | Perfect Blue (1997) (TMDb: 10494)                                        |
[2022-10-10 05:07:27,847] [builder.py:2237]           [ERROR]    | TMDb Error: No Movie found for TMDb ID 32                                                          |
[2022-10-10 05:07:27,859] [builder.py:2243]           [INFO]     | Mindfuck Collection | ? | Coherence (2013) (TMDb: 220289)                                          |
[2022-10-10 05:07:27,884] [builder.py:2243]           [INFO]     | Mindfuck Collection | ? | The Tall Man (2012) (TMDb: 86597)                                        |
[2022-10-10 05:07:27,909] [builder.py:2243]           [INFO]     | Mindfuck Collection | ? | Primal Fear (1996) (TMDb: 1592)                                          |
[2022-10-10 05:07:27,934] [builder.py:2243]           [INFO]     | Mindfuck Collection | ? | 11:14 (2003) (TMDb: 9282)                                                |
[2022-10-10 05:07:27,959] [builder.py:2243]           [INFO]     | Mindfuck Collection | ? | Irreversible (2002) (TMDb: 979)                                          |
[2022-10-10 05:07:27,984] [builder.py:2243]           [INFO]     | Mindfuck Collection | ? | Altered States (1980) (TMDb: 11542)                                      |
[2022-10-10 05:07:28,009] [builder.py:2243]           [INFO]     | Mindfuck Collection | ? | Nothing (2003) (TMDb: 10981)                                             |
[2022-10-10 05:07:28,034] [builder.py:2243]           [INFO]     | Mindfuck Collection | ? | Adaptation. (2002) (TMDb: 2757)                                          |
[2022-10-10 05:07:28,059] [builder.py:2243]           [INFO]     | Mindfuck Collection | ? | Angel Heart (1987) (TMDb: 635)                                           |
[2022-10-10 05:07:28,075] [builder.py:2243]           [INFO]     | Mindfuck Collection | ? | Run Lola Run (1998) (TMDb: 104)                                          |
[2022-10-10 05:07:28,108] [builder.py:2243]           [INFO]     | Mindfuck Collection | ? | Rosemary's Baby (1968) (TMDb: 805)                                       |
[2022-10-10 05:07:28,117] [builder.py:2243]           [INFO]     | Mindfuck Collection | ? | Psycho (1960) (TMDb: 539)                                                |
[2022-10-10 05:07:28,968] [builder.py:2243]           [INFO]     | Mindfuck Collection | ? | Blue Velvet (1986) (TMDb: 793)                                           |
[2022-10-10 05:07:29,525] [builder.py:2243]           [INFO]     | Mindfuck Collection | ? | Inland Empire (2006) (TMDb: 1730)                                        |
[2022-10-10 05:07:29,541] [builder.py:2243]           [INFO]     | Mindfuck Collection | ? | Birdman or (The Unexpected Virtue of Ignorance) (2014) (TMDb: 194662)    |
[2022-10-10 05:07:29,543] [builder.py:2243]           [INFO]     | Mindfuck Collection | ? | Rashomon (1950) (TMDb: 548)                                              |
[2022-10-10 05:07:29,575] [builder.py:2243]           [INFO]     | Mindfuck Collection | ? | Howlings in Favour of De Sade (1952) (TMDb: 180549)                      |
[2022-10-10 05:07:29,592] [builder.py:2243]           [INFO]     | Mindfuck Collection | ? | Vertigo (1958) (TMDb: 426)                                               |
[2022-10-10 05:07:29,594] [builder.py:2243]           [INFO]     | Mindfuck Collection | ? | Last Year at Marienbad (1961) (TMDb: 4024)                               |
[2022-10-10 05:07:29,625] [builder.py:2243]           [INFO]     | Mindfuck Collection | ? | An Occurrence at Owl Creek Bridge (1961) (TMDb: 53218)                   |
[2022-10-10 05:07:29,642] [builder.py:2243]           [INFO]     | Mindfuck Collection | ? | 8½ (1963) (TMDb: 422)                                                    |
[2022-10-10 05:07:29,669] [builder.py:2243]           [INFO]     | Mindfuck Collection | ? | Blow-Up (1966) (TMDb: 1052)                                              |
[2022-10-10 05:07:29,711] [builder.py:2243]           [INFO]     | Mindfuck Collection | ? | Persona (1966) (TMDb: 797)                                               |
[2022-10-10 05:07:29,744] [builder.py:2243]           [INFO]     | Mindfuck Collection | ? | Weekend (1967) (TMDb: 8075)                                              |
[2022-10-10 05:07:29,785] [builder.py:2243]           [INFO]     | Mindfuck Collection | ? | 2 or 3 Things I Know About Her (1967) (TMDb: 8074)                       |
[2022-10-10 05:07:29,809] [builder.py:2243]           [INFO]     | Mindfuck Collection | ? | The Invasion of Thunderbolt Pagoda (1968) (TMDb: 107209)                 |
[2022-10-10 05:07:29,859] [builder.py:2243]           [INFO]     | Mindfuck Collection | ? | El Topo (1970) (TMDb: 13041)                                             |
[2022-10-10 05:07:29,877] [builder.py:2243]           [INFO]     | Mindfuck Collection | ? | Solaris (1972) (TMDb: 593)                                               |
[2022-10-10 05:07:29,908] [builder.py:2243]           [INFO]     | Mindfuck Collection | ? | The Holy Mountain (1973) (TMDb: 8327)                                    |
[2022-10-10 05:07:29,944] [builder.py:2243]           [INFO]     | Mindfuck Collection | ? | Don't Look Now (1973) (TMDb: 931)                                        |
[2022-10-10 05:07:29,945] [builder.py:2243]           [INFO]     | Mindfuck Collection | ? | The Hourglass Sanatorium (1973) (TMDb: 45698)                            |
[2022-10-10 05:07:29,977] [builder.py:2243]           [INFO]     | Mindfuck Collection | ? | Idaho Transfer (1973) (TMDb: 74836)                                      |
[2022-10-10 05:07:30,027] [builder.py:2243]           [INFO]     | Mindfuck Collection | ? | Night Moves (1975) (TMDb: 32042)                                         |
[2022-10-10 05:07:30,039] [builder.py:2243]           [INFO]     | Mindfuck Collection | ? | The Day of the Locust (1975) (TMDb: 5122)                                |
[2022-10-10 05:07:30,077] [builder.py:2243]           [INFO]     | Mindfuck Collection | ? | Black Moon (1975) (TMDb: 27361)                                          |
[2022-10-10 05:07:30,102] [builder.py:2243]           [INFO]     | Mindfuck Collection | ? | The Tenant (1976) (TMDb: 11482)                                          |
[2022-10-10 05:07:30,119] [builder.py:2243]           [INFO]     | Mindfuck Collection | ? | The Psychic (1977) (TMDb: 27703)                                         |
[2022-10-10 05:07:30,169] [builder.py:2243]           [INFO]     | Mindfuck Collection | ? | Time Bandits (1981) (TMDb: 36819)                                        |
[2022-10-10 05:07:30,202] [builder.py:2243]           [INFO]     | Mindfuck Collection | ? | Videodrome (1983) (TMDb: 837)                                            |
[2022-10-10 05:07:30,228] [builder.py:2243]           [INFO]     | Mindfuck Collection | ? | The Dead Zone (1983) (TMDb: 11336)                                       |
[2022-10-10 05:07:30,244] [builder.py:2243]           [INFO]     | Mindfuck Collection | ? | Sleepaway Camp (1983) (TMDb: 13567)                                      |
[2022-10-10 05:07:30,286] [builder.py:2243]           [INFO]     | Mindfuck Collection | ? | The Quiet Earth (1985) (TMDb: 10176)                                     |
[2022-10-10 05:07:30,319] [builder.py:2243]           [INFO]     | Mindfuck Collection | ? | Angel's Egg (1985) (TMDb: 15916)                                         |
[2022-10-10 05:07:30,361] [builder.py:2243]           [INFO]     | Mindfuck Collection | ? | The Adventures of Baron Munchausen (1988) (TMDb: 14506)                  |
[2022-10-10 05:07:30,386] [builder.py:2243]           [INFO]     | Mindfuck Collection | ? | Barton Fink (1991) (TMDb: 290)                                           |
[2022-10-10 05:07:30,428] [builder.py:2243]           [INFO]     | Mindfuck Collection | ? | Naked Lunch (1991) (TMDb: 2742)                                          |
[2022-10-10 05:07:30,444] [builder.py:2243]           [INFO]     | Mindfuck Collection | ? | Begotten (1991) (TMDb: 1483)                                             |
[2022-10-10 05:07:30,461] [builder.py:2243]           [INFO]     | Mindfuck Collection | ? | Bad Boy Bubby (1993) (TMDb: 14135)                                       |
[2022-10-10 05:07:30,511] [builder.py:2243]           [INFO]     | Mindfuck Collection | ? | Boxing Helena (1993) (TMDb: 18215)                                       |
[2022-10-10 05:07:30,532] [builder.py:2243]           [INFO]     | Mindfuck Collection | ? | The City of Lost Children (1995) (TMDb: 902)                             |
[2022-10-10 05:07:30,570] [builder.py:2243]           [INFO]     | Mindfuck Collection | ? | Schizopolis (1997) (TMDb: 16375)                                         |
[2022-10-10 05:07:30,587] [builder.py:2243]           [INFO]     | Mindfuck Collection | ? | Funny Games (1997) (TMDb: 10234)                                         |
[2022-10-10 05:07:31,076] [builder.py:2243]           [INFO]     | Mindfuck Collection | ? | Cure (1997) (TMDb: 36095)                                                |
[2022-10-10 05:07:31,095] [builder.py:2243]           [INFO]     | Mindfuck Collection | ? | Pi (1998) (TMDb: 473)                                                    |
[2022-10-10 05:07:31,110] [builder.py:2243]           [INFO]     | Mindfuck Collection | ? | Following (1999) (TMDb: 11660)                                           |
[2022-10-10 05:07:31,150] [builder.py:2243]           [INFO]     | Mindfuck Collection | ? | Happiness (1998) (TMDb: 10683)                                           |
[2022-10-10 05:07:31,167] [builder.py:2243]           [INFO]     | Mindfuck Collection | ? | Lulu on the Bridge (1998) (TMDb: 42848)                                  |
[2022-10-10 05:07:31,209] [builder.py:2243]           [INFO]     | Mindfuck Collection | ? | The Ninth Gate (1999) (TMDb: 622)                                        |
[2022-10-10 05:07:31,219] [builder.py:2243]           [INFO]     | Mindfuck Collection | ? | Arlington Road (1999) (TMDb: 1073)                                       |
[2022-10-10 05:07:31,258] [builder.py:2243]           [INFO]     | Mindfuck Collection | ? | Dancer in the Dark (2000) (TMDb: 16)                                     |
[2022-10-10 05:07:31,269] [builder.py:2243]           [INFO]     | Mindfuck Collection | ? | The Sea That Thinks (2000) (TMDb: 69974)                                 |
[2022-10-10 05:07:31,300] [builder.py:2243]           [INFO]     | Mindfuck Collection | ? | Chasing Sleep (2001) (TMDb: 32166)                                       |
[2022-10-10 05:07:31,311] [builder.py:2243]           [INFO]     | Mindfuck Collection | ? | Session 9 (2001) (TMDb: 10972)                                           |
[2022-10-10 05:07:31,342] [builder.py:2243]           [INFO]     | Mindfuck Collection | ? | Cat Soup (2001) (TMDb: 25078)                                            |
[2022-10-10 05:07:31,353] [builder.py:2243]           [INFO]     | Mindfuck Collection | ? | The Mothman Prophecies (2002) (TMDb: 2637)                               |
[2022-10-10 05:07:31,375] [builder.py:2243]           [INFO]     | Mindfuck Collection | ? | The Salton Sea (2002) (TMDb: 11468)                                      |
[2022-10-10 05:07:31,386] [builder.py:2243]           [INFO]     | Mindfuck Collection | ? | Cube² : Hypercube (2002) (TMDb: 437)                                     |
[2022-10-10 05:07:31,402] [builder.py:2243]           [INFO]     | Mindfuck Collection | ? | Confessions of a Dangerous Mind (2002) (TMDb: 4912)                      |
[2022-10-10 05:07:31,419] [builder.py:2243]           [INFO]     | Mindfuck Collection | ? | Cypher (2002) (TMDb: 10133)                                              |
[2022-10-10 05:07:31,439] [builder.py:2243]           [INFO]     | Mindfuck Collection | ? | Maléfique (2003) (TMDb: 46025)                                           |
[2022-10-10 05:07:31,461] [builder.py:2243]           [INFO]     | Mindfuck Collection | ? | One Hour Photo (2002) (TMDb: 9357)                                       |
[2022-10-10 05:07:31,486] [builder.py:2243]           [INFO]     | Mindfuck Collection | ? | Below (2002) (TMDb: 12590)                                               |
[2022-10-10 05:07:31,519] [builder.py:2243]           [INFO]     | Mindfuck Collection | ? | Dogville (2003) (TMDb: 553)                                              |
[2022-10-10 05:07:31,536] [builder.py:2243]           [INFO]     | Mindfuck Collection | ? | Love Me If You Dare (2003) (TMDb: 8424)                                  |
[2022-10-10 05:07:31,586] [builder.py:2243]           [INFO]     | Mindfuck Collection | ? | A Tale of Two Sisters (2003) (TMDb: 4552)                                |
[2022-10-10 05:07:31,603] [builder.py:2243]           [INFO]     | Mindfuck Collection | ? | The Brown Bunny (2004) (TMDb: 12703)                                     |
[2022-10-10 05:07:31,653] [builder.py:2243]           [INFO]     | Mindfuck Collection | ? | Gozu (2003) (TMDb: 12487)                                                |
[2022-10-10 05:07:31,669] [builder.py:2243]           [INFO]     | Mindfuck Collection | ? | Swimming Pool (2003) (TMDb: 302)                                         |
[2022-10-10 05:07:31,711] [builder.py:2243]           [INFO]     | Mindfuck Collection | ? | Labyrinth (2003) (TMDb: 22578)                                           |
[2022-10-10 05:07:31,728] [builder.py:2243]           [INFO]     | Mindfuck Collection | ? | Dead Man's Shoes (2004) (TMDb: 12877)                                    |
[2022-10-10 05:07:31,769] [builder.py:2243]           [INFO]     | Mindfuck Collection | ? | One Point O (2004) (TMDb: 17110)                                         |
[2022-10-10 05:07:31,786] [builder.py:2243]           [INFO]     | Mindfuck Collection | ? | Ghost in the Shell 2: Innocence (2004) (TMDb: 12140)                     |
[2022-10-10 05:07:31,828] [builder.py:2243]           [INFO]     | Mindfuck Collection | ? | Izo (2004) (TMDb: 12580)                                                 |
[2022-10-10 05:07:31,845] [builder.py:2243]           [INFO]     | Mindfuck Collection | ? | Spider Forest (2004) (TMDb: 21781)                                       |
[2022-10-10 05:07:31,878] [builder.py:2243]           [INFO]     | Mindfuck Collection | ? | Survive Style 5+ (2004) (TMDb: 16133)                                    |
[2022-10-10 05:07:31,895] [builder.py:2243]           [INFO]     | Mindfuck Collection | ? | Infection (2004) (TMDb: 32171)                                           |
[2022-10-10 05:07:31,911] [builder.py:2243]           [INFO]     | Mindfuck Collection | ? | Brick (2006) (TMDb: 9270)                                                |
[2022-10-10 05:07:31,928] [builder.py:2243]           [INFO]     | Mindfuck Collection | ? | Caché (2005) (TMDb: 445)                                                 |
[2022-10-10 05:07:31,945] [builder.py:2243]           [INFO]     | Mindfuck Collection | ? | Next Door (2005) (TMDb: 572)                                             |
[2022-10-10 05:07:31,959] [builder.py:2243]           [INFO]     | Mindfuck Collection | ? | Funky Forest: The First Contact (2005) (TMDb: 21136)                     |
[2022-10-10 05:07:31,975] [builder.py:2243]           [INFO]     | Mindfuck Collection | ? | A Scanner Darkly (2006) (TMDb: 3509)                                     |
[2022-10-10 05:07:31,987] [builder.py:2243]           [INFO]     | Mindfuck Collection | ? | The Fall (2006) (TMDb: 14784)                                            |
[2022-10-10 05:07:32,003] [builder.py:2243]           [INFO]     | Mindfuck Collection | ? | Special (2006) (TMDb: 13856)                                             |
[2022-10-10 05:07:32,025] [builder.py:2243]           [INFO]     | Mindfuck Collection | ? | The Bothersome Man (2006) (TMDb: 13318)                                  |
[2022-10-10 05:07:32,037] [builder.py:2243]           [INFO]     | Mindfuck Collection | ? | Timecrimes (2007) (TMDb: 14139)                                          |
[2022-10-10 05:07:32,119] [builder.py:2243]           [INFO]     | Mindfuck Collection | ? | Secret (2007) (TMDb: 20342)                                              |
[2022-10-10 05:07:32,130] [builder.py:2243]           [INFO]     | Mindfuck Collection | ? | Inside Charlie (2007) (TMDb: 337774)                                     |
[2022-10-10 05:07:32,167] [builder.py:2243]           [INFO]     | Mindfuck Collection | ? | 11 Minutes Ago (2007) (TMDb: 86556)                                      |
[2022-10-10 05:07:32,196] [builder.py:2243]           [INFO]     | Mindfuck Collection | ? | The Lazarus Project (2008) (TMDb: 13825)                                 |
[2022-10-10 05:07:32,227] [builder.py:2243]           [INFO]     | Mindfuck Collection | ? | Synecdoche, New York (2008) (TMDb: 4960)                                 |
[2022-10-10 05:07:32,262] [builder.py:2243]           [INFO]     | Mindfuck Collection | ? | The Killing Room (2009) (TMDb: 20777)                                    |
[2022-10-10 05:07:32,287] [builder.py:2243]           [INFO]     | Mindfuck Collection | ? | Ink (2009) (TMDb: 24869)                                                 |
[2022-10-10 05:07:32,304] [builder.py:2243]           [INFO]     | Mindfuck Collection | ? | Dogtooth (2009) (TMDb: 38810)                                            |
[2022-10-10 05:07:32,315] [builder.py:2243]           [INFO]     | Mindfuck Collection | ? | Film Socialisme (2010) (TMDb: 54083)                                     |
[2022-10-10 05:07:32,331] [builder.py:2243]           [INFO]     | Mindfuck Collection | ? | Zenith (2010) (TMDb: 63154)                                              |
[2022-10-10 05:07:32,347] [builder.py:2243]           [INFO]     | Mindfuck Collection | ? | Beyond the Black Rainbow (2010) (TMDb: 50037)                            |
[2022-10-10 05:07:32,364] [builder.py:2243]           [INFO]     | Mindfuck Collection | ? | Corridor (2010) (TMDb: 56532)                                            |
[2022-10-10 05:07:32,381] [builder.py:2243]           [INFO]     | Mindfuck Collection | ? | The Skin I Live In (2011) (TMDb: 63311)                                  |
[2022-10-10 05:07:32,398] [builder.py:2243]           [INFO]     | Mindfuck Collection | ? | Where the Dead Go to Die (2012) (TMDb: 169314)                           |
[2022-10-10 05:07:32,414] [builder.py:2243]           [INFO]     | Mindfuck Collection | ? | Ritual (2012) (TMDb: 98368)                                              |
[2022-10-10 05:07:32,431] [builder.py:2243]           [INFO]     | Mindfuck Collection | ? | Upstream Color (2013) (TMDb: 145197)                                     |
[2022-10-10 05:07:32,448] [builder.py:2243]           [INFO]     | Mindfuck Collection | ? | The Truth About Emanuel (2014) (TMDb: 157351)                            |
[2022-10-10 05:07:32,464] [builder.py:2243]           [INFO]     | Mindfuck Collection | ? | After the Dark (2013) (TMDb: 198287)                                     |
[2022-10-10 05:07:32,486] [builder.py:2243]           [INFO]     | Mindfuck Collection | ? | The Fake (2013) (TMDb: 211247)                                           |
[2022-10-10 05:07:32,498] [builder.py:2243]           [INFO]     | Mindfuck Collection | ? | Fish & Cat (2013) (TMDb: 243884)                                         |
[2022-10-10 05:07:32,515] [builder.py:2243]           [INFO]     | Mindfuck Collection | ? | Blind (2014) (TMDb: 245844)                                              |
[2022-10-10 05:07:32,535] [builder.py:2243]           [INFO]     | Mindfuck Collection | ? | The One I Love (2014) (TMDb: 242090)                                     |
[2022-10-10 05:07:32,551] [builder.py:2243]           [INFO]     | Mindfuck Collection | ? | Stonehearst Asylum (2014) (TMDb: 207933)                                 |
[2022-10-10 05:07:32,575] [builder.py:2243]           [INFO]     | Mindfuck Collection | ? | Reality (2014) (TMDb: 179150)                                            |
[2022-10-10 05:07:32,587] [builder.py:2243]           [INFO]     | Mindfuck Collection | ? | Cemetery of Splendor (2015) (TMDb: 298721)                               |
[2022-10-10 05:07:32,623] [builder.py:2243]           [INFO]     | Mindfuck Collection | ? | The Nightmare (2015) (TMDb: 346641)                                      |
[2022-10-10 05:07:32,634] [builder.py:2243]           [INFO]     | Mindfuck Collection | ? | Sacred Heart (2005) (TMDb: 43584)                                        |
[2022-10-10 05:07:33,134] [builder.py:2243]           [INFO]     | Mindfuck Collection | ? | The Ghoul (2017) (TMDb: 399256)                                          |
[2022-10-10 05:07:33,165] [builder.py:2243]           [INFO]     | Mindfuck Collection | ? | The Ornithologist (2016) (TMDb: 377274)                                  |
[2022-10-10 05:07:33,167] [builder.py:2243]           [INFO]     | Mindfuck Collection | ? | Brain Dead (1990) (TMDb: 5898)                                           |
[2022-10-10 05:07:33,182] [builder.py:2243]           [INFO]     | Mindfuck Collection | ? | The Belko Experiment (2016) (TMDb: 341006)                               |
[2022-10-10 05:07:33,232] [builder.py:2243]           [INFO]     | Mindfuck Collection | ? | Possible Worlds (2000) (TMDb: 38987)                                     |
[2022-10-10 05:07:33,249] [builder.py:2243]           [INFO]     | Mindfuck Collection | ? | Don't Blink (2014) (TMDb: 294308)                                        |
[2022-10-10 05:07:33,299] [builder.py:2243]           [INFO]     | Mindfuck Collection | ? | Frenzy (2015) (TMDb: 352196)                                             |
[2022-10-10 05:07:33,316] [builder.py:2243]           [INFO]     | Mindfuck Collection | ? | mother! (2017) (TMDb: 381283)                                            |
[2022-10-10 05:07:33,357] [builder.py:2243]           [INFO]     | Mindfuck Collection | ? | The Tree of Life (2011) (TMDb: 8967)                                     |
[2022-10-10 05:07:33,374] [builder.py:2243]           [INFO]     | Mindfuck Collection | ? | Blame (2006) (TMDb: 34993)                                               |
[2022-10-10 05:07:33,400] [builder.py:2243]           [INFO]     | Mindfuck Collection | ? | A Karate Christmas Miracle (2019) (TMDb: 649006)                         |
[2022-10-10 05:07:33,424] [builder.py:2243]           [INFO]     | Mindfuck Collection | ? | Punainen kohina (2021) (TMDb: 680954)                                    |
[2022-10-10 05:07:33,440] [builder.py:2243]           [INFO]     | Mindfuck Collection | ? | Blindness (2008) (TMDb: 8338)                                            |
[2022-10-10 05:07:33,476] [builder.py:2243]           [INFO]     | Mindfuck Collection | ? | The Life of David Gale (2003) (TMDb: 11615)                              |
[2022-10-10 05:07:33,492] [builder.py:2243]           [INFO]     | Mindfuck Collection | ? | Waking the Dead (2000) (TMDb: 37722)                                     |
[2022-10-10 05:07:33,525] [builder.py:2243]           [INFO]     | Mindfuck Collection | ? | Fallen (1998) (TMDb: 9411)                                               |
[2022-10-10 05:07:33,534] [builder.py:2243]           [INFO]     | Mindfuck Collection | ? | Wild at Heart (1990) (TMDb: 483)                                         |
[2022-10-10 05:07:33,567] [builder.py:2243]           [INFO]     | Mindfuck Collection | ? | Perfume: The Story of a Murderer (2006) (TMDb: 1427)                     |
[2022-10-10 05:07:33,575] [builder.py:2243]           [INFO]     | Mindfuck Collection | ? | The Witch (2015) (TMDb: 310131)                                          |
[2022-10-10 05:07:33,608] [builder.py:2243]           [INFO]     | Mindfuck Collection | ? | Doubt (2008) (TMDb: 14359)                                               |
[2022-10-10 05:07:33,624] [builder.py:2243]           [INFO]     | Mindfuck Collection | ? | Delicatessen (1991) (TMDb: 892)                                          |
[2022-10-10 05:07:33,641] [builder.py:2243]           [INFO]     | Mindfuck Collection | ? | Close Encounters of the Third Kind (1977) (TMDb: 840)                    |
[2022-10-10 05:07:33,659] [builder.py:2243]           [INFO]     | Mindfuck Collection | ? | Chinatown (1974) (TMDb: 829)                                             |
[2022-10-10 05:07:33,659] [builder.py:2248]           [INFO]     |                                                                                                    |
[2022-10-10 05:07:33,659] [builder.py:2249]           [INFO]     | 179 Movies Missing                                                                                 |
[2022-10-10 05:07:34,187] [builder.py:2441]           [INFO]     |                                                                                                    |
[2022-10-10 05:07:34,187] [builder.py:2442]           [INFO]     |============================= Updating Details of Mindfuck Collection ==============================|
[2022-10-10 05:07:34,187] [builder.py:2443]           [INFO]     |                                                                                                    |
[2022-10-10 05:07:34,197] [builder.py:2509]           [INFO]     | Collection Metadata Edits                                                                          |
[2022-10-10 05:07:34,197] [builder.py:2580]           [WARNING]  | Asset Warning: Unable to find asset folder: 'Mindfuck'                                             |
[2022-10-10 05:07:34,197] [util.py:150]               [DEBUG]    | 1 poster found:                                                                                    |
[2022-10-10 05:07:34,197] [util.py:152]               [DEBUG]    | Method: url_poster Poster: https://raw.githubusercontent.com/MonsieurZed/poster/main/img/GENRE_MINDFUCK.png |
[2022-10-10 05:07:34,198] [library.py:172]            [INFO]     | Detail: poster update not needed                                                                   |
[2022-10-10 05:07:34,646] [plex_meta_manager.py:708]  [INFO]     |                                                                                                    |
[2022-10-10 05:07:34,647] [plex_meta_manager.py:709]  [INFO]     |====================================================================================================|
[2022-10-10 05:07:34,647] [plex_meta_manager.py:709]  [INFO]     |                                    Finished Mindfuck Collection                                    |
[2022-10-10 05:07:34,647] [plex_meta_manager.py:709]  [INFO]     |                                    Collection Run Time: 0:00:11                                    |
[2022-10-10 05:07:34,647] [plex_meta_manager.py:709]  [INFO]     |====================================================================================================|
