[2022-10-11 11:19:28,650] [builder.py:200]            [INFO]     |====================================================================================================|
[2022-10-11 11:19:28,651] [builder.py:200]            [INFO]     |                             Sherlock Holmes Collection in Z. 1 - Films                             |
[2022-10-11 11:19:28,651] [builder.py:200]            [INFO]     |====================================================================================================|
[2022-10-11 11:19:28,651] [builder.py:201]            [INFO]     |                                                                                                    |
[2022-10-11 11:19:28,651] [builder.py:206]            [INFO]     |================================ Building Definition From Templates ================================|
[2022-10-11 11:19:28,651] [builder.py:222]            [DEBUG]    |                                                                                                    |
[2022-10-11 11:19:28,651] [meta.py:128]               [DEBUG]    | Template my_template                                                                               |
[2022-10-11 11:19:28,652] [meta.py:129]               [DEBUG]    | Call: {'value': ['102322'], 'tmdb_collection': ['102322'], 'key_name': 'Sherlock Holmes', 'key': '102322', 'name': 'my_template'} |
[2022-10-11 11:19:28,652] [meta.py:304]               [DEBUG]    |                                                                                                    |
[2022-10-11 11:19:28,652] [meta.py:305]               [DEBUG]    | Variables: {'value': ['102322'], 'tmdb_collection': ['102322'], 'key_name': 'Sherlock Holmes', 'key': '102322', 'name': 'my_template', 'collection_name': 'Sherlock Holmes', 'mapping_name': 'Sherlock Holmes', 'library_type': 'movie', 'library_name': 'Z. 1 - Films', 'value_encoded': '%5B%27102322%27%5D', 'tmdb_collection_encoded': '%5B%27102322%27%5D', 'key_name_encoded': 'Sherlock%20Holmes', 'key_encoded': '102322', 'name_encoded': 'my_template', 'collection_name_encoded': 'Sherlock%20Holmes', 'mapping_name_encoded': 'Sherlock%20Holmes', 'library_type_encoded': 'movie', 'library_name_encoded': 'Z.%201%20-%20Films', 'collection_sort': 'Sherlock Holmes'} |
[2022-10-11 11:19:28,652] [meta.py:306]               [DEBUG]    |                                                                                                    |
[2022-10-11 11:19:28,652] [meta.py:307]               [DEBUG]    | Defaults: {}                                                                                       |
[2022-10-11 11:19:28,652] [meta.py:308]               [DEBUG]    |                                                                                                    |
[2022-10-11 11:19:28,653] [meta.py:309]               [DEBUG]    | Optional: ['my_collection_poster', 'my_collection_poster_encoded']                                 |
[2022-10-11 11:19:28,653] [meta.py:370]               [DEBUG]    |                                                                                                    |
[2022-10-11 11:19:28,654] [meta.py:371]               [DEBUG]    | Final Template Attributes: {'tmdb_collection_details': ['102322'], 'collection_order': 'release', 'collection_mode': 'hide_items', 'sort_title': '+C1_Sherlock Holmes'} |
[2022-10-11 11:19:28,654] [meta.py:372]               [DEBUG]    |                                                                                                    |
[2022-10-11 11:19:28,654] [builder.py:230]            [INFO]     |============================== Validating Sherlock Holmes Attributes ===============================|
[2022-10-11 11:19:28,654] [builder.py:620]            [DEBUG]    |                                                                                                    |
[2022-10-11 11:19:28,654] [builder.py:621]            [DEBUG]    | Validating Method: collection_order                                                                |
[2022-10-11 11:19:28,654] [builder.py:622]            [DEBUG]    | Value: release                                                                                     |
[2022-10-11 11:19:28,654] [builder.py:653]            [DEBUG]    |                                                                                                    |
[2022-10-11 11:19:28,655] [builder.py:657]            [DEBUG]    | Validating Method: label                                                                           |
[2022-10-11 11:19:28,655] [builder.py:658]            [DEBUG]    | Value: TMDb Collections                                                                            |
[2022-10-11 11:19:28,655] [builder.py:653]            [DEBUG]    |                                                                                                    |
[2022-10-11 11:19:28,655] [builder.py:657]            [DEBUG]    | Validating Method: tmdb_collection_details                                                         |
[2022-10-11 11:19:28,655] [builder.py:658]            [DEBUG]    | Value: ['102322']                                                                                  |
[2022-10-11 11:19:28,668] [builder.py:653]            [DEBUG]    |                                                                                                    |
[2022-10-11 11:19:28,668] [builder.py:657]            [DEBUG]    | Validating Method: collection_mode                                                                 |
[2022-10-11 11:19:28,668] [builder.py:658]            [DEBUG]    | Value: hide_items                                                                                  |
[2022-10-11 11:19:28,669] [builder.py:653]            [DEBUG]    |                                                                                                    |
[2022-10-11 11:19:28,669] [builder.py:657]            [DEBUG]    | Validating Method: sort_title                                                                      |
[2022-10-11 11:19:28,669] [builder.py:658]            [DEBUG]    | Value: +C1_Sherlock Holmes                                                                         |
[2022-10-11 11:19:28,675] [plex.py:803]               [DEBUG]    |                                                                                                    |
[2022-10-11 11:19:28,675] [plex.py:806]               [DEBUG]    | Looking for: Sherlock Holmes                                                                       |
[2022-10-11 11:19:28,675] [builder.py:823]            [INFO]     |                                                                                                    |
[2022-10-11 11:19:28,675] [builder.py:824]            [INFO]     | Validation Successful                                                                              |
[2022-10-11 11:19:28,676] [plex_meta_manager.py:561]  [INFO]     |                                                                                                    |
[2022-10-11 11:19:28,676] [plex_meta_manager.py:563]  [INFO]     |================================ Running Sherlock Holmes Collection ================================|
[2022-10-11 11:19:28,676] [plex_meta_manager.py:575]  [INFO]     |                                                                                                    |
[2022-10-11 11:19:28,676] [plex_meta_manager.py:576]  [INFO]     | Sync Mode: append                                                                                  |
[2022-10-11 11:19:28,676] [plex_meta_manager.py:579]  [DEBUG]    |                                                                                                    |
[2022-10-11 11:19:28,676] [plex_meta_manager.py:580]  [DEBUG]    | Builder: tmdb_collection: 102322                                                                   |
[2022-10-11 11:19:28,677] [plex_meta_manager.py:581]  [INFO]     |                                                                                                    |
[2022-10-11 11:19:28,682] [tmdb.py:381]               [INFO]     | Processing TMDb Collection: (102322) Sherlock Holmes - Saga (3 Items)                              |
[2022-10-11 11:19:28,682] [builder.py:1581]           [DEBUG]    |                                                                                                    |
[2022-10-11 11:19:28,682] [builder.py:1582]           [DEBUG]    | 3 IDs Found: [(58574, 'tmdb'), (10528, 'tmdb'), (297708, 'tmdb')]                                  |
[2022-10-11 11:19:28,682] [builder.py:1583]           [DEBUG]    |                                                                                                    |
[2022-10-11 11:19:28,682] [builder.py:2132]           [INFO]     |                                                                                                    |
[2022-10-11 11:19:28,683] [builder.py:2133]           [INFO]     |=============================== Adding to Sherlock Holmes Collection ===============================|
[2022-10-11 11:19:28,683] [builder.py:2134]           [INFO]     |                                                                                                    |
[2022-10-11 11:19:28,683] [builder.py:2148]           [INFO]     | 1/2 | Sherlock Holmes Collection | + | Sherlock Holmes : Jeu d'ombres (2011)                       |
[2022-10-11 11:20:19,164] [plex_meta_manager.py:702]  [DEBUG]    | Traceback (most recent call last):                                                                 |
                                                                 |   File "//plex_meta_manager.py", line 601, in run_collection
                                                                 |     items_added, items_unchanged = builder.add_to_collection()
                                                                 |   File "/modules/builder.py", line 2155, in add_to_collection
                                                                 |     self.library.alter_collection(item, name, smart_label_collection=self.smart_label_collection)
                                                                 |   File "/modules/plex.py", line 712, in alter_collection
                                                                 |     self.query_collection(item, collection, locked=locked, add=add)
                                                                 |   File "/usr/local/lib/python3.10/site-packages/retrying.py", line 49, in wrapped_f
                                                                 |     return Retrying(*dargs, **dkw).call(f, *args, **kw)
                                                                 |   File "/usr/local/lib/python3.10/site-packages/retrying.py", line 212, in call
                                                                 |     raise attempt.get()
                                                                 |   File "/usr/local/lib/python3.10/site-packages/retrying.py", line 247, in get
                                                                 |     six.reraise(self.value[0], self.value[1], self.value[2])
                                                                 |   File "/usr/local/lib/python3.10/site-packages/six.py", line 719, in reraise
                                                                 |     raise value
                                                                 |   File "/usr/local/lib/python3.10/site-packages/retrying.py", line 200, in call
                                                                 |     attempt = Attempt(fn(*args, **kwargs), attempt_number, False)
                                                                 |   File "/modules/plex.py", line 558, in query_collection
                                                                 |     item.addCollection(collection, locked=locked)
                                                                 |   File "/usr/local/lib/python3.10/site-packages/plexapi/mixins.py", line 824, in addCollection
                                                                 |     return self.editTags('collection', collections, locked=locked)
                                                                 |   File "/usr/local/lib/python3.10/site-packages/plexapi/mixins.py", line 769, in editTags
                                                                 |     return self._edit(**edits)
                                                                 |   File "/usr/local/lib/python3.10/site-packages/plexapi/base.py", line 550, in _edit
                                                                 |     part = f'/library/sections/{self.librarySectionID}/all{utils.joinArgs(kwargs)}'
                                                                 |   File "/usr/local/lib/python3.10/site-packages/plexapi/utils.py", line 167, in joinArgs
                                                                 |     value = str(args[key])
                                                                 | TypeError: __str__ returned non-string (type NoneType)
                                                                 | 
[2022-10-11 11:20:19,169] [plex_meta_manager.py:703]  [ERROR]    | Unknown Error: __str__ returned non-string (type NoneType)
[2022-10-11 11:20:19,169] [plex_meta_manager.py:708]  [INFO]     | 
[2022-10-11 11:20:19,169] [plex_meta_manager.py:709]  [INFO]     |====================================================================================================|
[2022-10-11 11:20:19,170] [plex_meta_manager.py:709]  [INFO]     |                                Finished Sherlock Holmes Collection                                 |
[2022-10-11 11:20:19,170] [plex_meta_manager.py:709]  [INFO]     |                                    Collection Run Time: 0:00:50                                    |
[2022-10-11 11:20:19,170] [plex_meta_manager.py:709]  [INFO]     |====================================================================================================|
