[2022-10-11 09:18:32,611] [builder.py:197]            [INFO]     |====================================================================================================|
[2022-10-11 09:18:32,611] [builder.py:197]            [INFO]     |                                 Jackass Collection in Z. 1 - Films                                 |
[2022-10-11 09:18:32,611] [builder.py:197]            [INFO]     |====================================================================================================|
[2022-10-11 09:18:32,611] [builder.py:198]            [INFO]     |                                                                                                    |
[2022-10-11 09:18:32,612] [builder.py:203]            [INFO]     |================================ Building Definition From Templates ================================|
[2022-10-11 09:18:32,612] [builder.py:211]            [DEBUG]    |                                                                                                    |
[2022-10-11 09:18:32,612] [meta.py:128]               [DEBUG]    | Template my_template                                                                               |
[2022-10-11 09:18:32,612] [meta.py:129]               [DEBUG]    | Call: {'value': ['17178'], 'tmdb_collection': ['17178'], 'key_name': 'Jackass', 'key': '17178', 'name': 'my_template'} |
[2022-10-11 09:18:32,612] [meta.py:304]               [DEBUG]    |                                                                                                    |
[2022-10-11 09:18:32,613] [meta.py:305]               [DEBUG]    | Variables: {'value': ['17178'], 'tmdb_collection': ['17178'], 'key_name': 'Jackass', 'key': '17178', 'name': 'my_template', 'collection_name': 'Jackass', 'mapping_name': 'Jackass', 'library_type': 'movie', 'library_name': 'Z. 1 - Films', 'value_encoded': '%5B%2717178%27%5D', 'tmdb_collection_encoded': '%5B%2717178%27%5D', 'key_name_encoded': 'Jackass', 'key_encoded': '17178', 'name_encoded': 'my_template', 'collection_name_encoded': 'Jackass', 'mapping_name_encoded': 'Jackass', 'library_type_encoded': 'movie', 'library_name_encoded': 'Z.%201%20-%20Films', 'collection_sort': 'Jackass'} |
[2022-10-11 09:18:32,613] [meta.py:306]               [DEBUG]    |                                                                                                    |
[2022-10-11 09:18:32,613] [meta.py:307]               [DEBUG]    | Defaults: {}                                                                                       |
[2022-10-11 09:18:32,613] [meta.py:308]               [DEBUG]    |                                                                                                    |
[2022-10-11 09:18:32,613] [meta.py:309]               [DEBUG]    | Optional: ['my_collection_poster', 'my_collection_poster_encoded']                                 |
[2022-10-11 09:18:32,614] [meta.py:370]               [DEBUG]    |                                                                                                    |
[2022-10-11 09:18:32,614] [meta.py:371]               [DEBUG]    | Final Template Attributes: {'tmdb_collection_details': ['17178'], 'collection_order': 'release', 'collection_mode': 'hide_items'} |
[2022-10-11 09:18:32,615] [meta.py:372]               [DEBUG]    |                                                                                                    |
[2022-10-11 09:18:32,615] [builder.py:219]            [INFO]     |================================== Validating Jackass Attributes ===================================|
[2022-10-11 09:18:32,615] [builder.py:609]            [DEBUG]    |                                                                                                    |
[2022-10-11 09:18:32,615] [builder.py:610]            [DEBUG]    | Validating Method: collection_order                                                                |
[2022-10-11 09:18:32,615] [builder.py:611]            [DEBUG]    | Value: release                                                                                     |
[2022-10-11 09:18:32,615] [builder.py:627]            [DEBUG]    |                                                                                                    |
[2022-10-11 09:18:32,616] [builder.py:631]            [DEBUG]    | Validating Method: label                                                                           |
[2022-10-11 09:18:32,616] [builder.py:632]            [DEBUG]    | Value: TMDb Collections                                                                            |
[2022-10-11 09:18:32,616] [builder.py:627]            [DEBUG]    |                                                                                                    |
[2022-10-11 09:18:32,616] [builder.py:631]            [DEBUG]    | Validating Method: tmdb_collection_details                                                         |
[2022-10-11 09:18:32,616] [builder.py:632]            [DEBUG]    | Value: ['17178']                                                                                   |
[2022-10-11 09:18:32,638] [builder.py:627]            [DEBUG]    |                                                                                                    |
[2022-10-11 09:18:32,638] [builder.py:631]            [DEBUG]    | Validating Method: collection_mode                                                                 |
[2022-10-11 09:18:32,639] [builder.py:632]            [DEBUG]    | Value: hide_items                                                                                  |
[2022-10-11 09:18:32,645] [plex.py:790]               [DEBUG]    |                                                                                                    |
[2022-10-11 09:18:32,645] [plex.py:793]               [DEBUG]    | Looking for: Jackass                                                                               |
[2022-10-11 09:18:32,645] [builder.py:797]            [INFO]     |                                                                                                    |
[2022-10-11 09:18:32,646] [builder.py:798]            [INFO]     | Validation Successful                                                                              |
[2022-10-11 09:18:32,646] [plex_meta_manager.py:561]  [INFO]     |                                                                                                    |
[2022-10-11 09:18:32,646] [plex_meta_manager.py:563]  [INFO]     |==================================== Running Jackass Collection ====================================|
[2022-10-11 09:18:32,646] [plex_meta_manager.py:575]  [INFO]     |                                                                                                    |
[2022-10-11 09:18:32,647] [plex_meta_manager.py:576]  [INFO]     | Sync Mode: append                                                                                  |
[2022-10-11 09:18:32,647] [plex_meta_manager.py:579]  [DEBUG]    |                                                                                                    |
[2022-10-11 09:18:32,647] [plex_meta_manager.py:580]  [DEBUG]    | Builder: tmdb_collection: 17178                                                                    |
[2022-10-11 09:18:32,647] [plex_meta_manager.py:581]  [INFO]     |                                                                                                    |
[2022-10-11 09:18:32,653] [tmdb.py:382]               [INFO]     | Processing TMDb Collection: (17178) Jackass - Saga (7 Items)                                       |
[2022-10-11 09:18:32,653] [builder.py:1540]           [DEBUG]    |                                                                                                    |
[2022-10-11 09:18:32,654] [builder.py:1541]           [DEBUG]    | 7 IDs Found: [(9012, 'tmdb'), (12094, 'tmdb'), (16290, 'tmdb'), (65851, 'tmdb'), (14158, 'tmdb'), (656663, 'tmdb'), (828853, 'tmdb')] |
[2022-10-11 09:18:32,654] [builder.py:1542]           [DEBUG]    |                                                                                                    |
[2022-10-11 09:18:32,654] [builder.py:2064]           [INFO]     |                                                                                                    |
[2022-10-11 09:18:32,654] [builder.py:2065]           [INFO]     |=================================== Adding to Jackass Collection ===================================|
[2022-10-11 09:18:32,654] [builder.py:2066]           [INFO]     |                                                                                                    |
[2022-10-11 09:18:32,654] [builder.py:2080]           [INFO]     | 1/5 | Jackass Collection | + | Jackass, le film (2002)                                             |
[2022-10-11 09:18:32,893] [builder.py:2080]           [INFO]     | 2/5 | Jackass Collection | + | Jackass 3D (2010)                                                   |
[2022-10-11 09:18:33,177] [builder.py:2080]           [INFO]     | 3/5 | Jackass Collection | + | Jackass 3.5 (2011)                                                  |
[2022-10-11 09:18:33,441] [builder.py:2080]           [INFO]     | 4/5 | Jackass Collection | + | Jackass 2.5 (2007)                                                  |
[2022-10-11 09:18:33,697] [builder.py:2080]           [INFO]     | 5/5 | Jackass Collection | + | Jackass Forever (2022)                                              |
[2022-10-11 09:18:36,593] [builder.py:2100]           [INFO]     |                                                                                                    |
[2022-10-11 09:18:36,593] [builder.py:2102]           [INFO]     | 5 Movies Processed 5 Movies Added                                                                  |
[2022-10-11 09:18:36,593] [builder.py:2228]           [INFO]     |                                                                                                    |
[2022-10-11 09:18:36,594] [builder.py:2229]           [INFO]     |============================ Missing Movies from Library: Z. 1 - Films =============================|
[2022-10-11 09:18:36,594] [builder.py:2230]           [INFO]     |                                                                                                    |
[2022-10-11 09:18:36,623] [builder.py:2243]           [INFO]     | Jackass Collection | ? | Jackass deux, le film (2006) (TMDb: 12094)                                |
[2022-10-11 09:18:36,650] [builder.py:2243]           [INFO]     | Jackass Collection | ? | Jackass 4.5 (2022) (TMDb: 828853)                                         |
[2022-10-11 09:18:36,650] [builder.py:2248]           [INFO]     |                                                                                                    |
[2022-10-11 09:18:36,650] [builder.py:2249]           [INFO]     | 2 Movies Missing                                                                                   |
[2022-10-11 09:18:39,097] [builder.py:2441]           [INFO]     |                                                                                                    |
[2022-10-11 09:18:39,098] [builder.py:2442]           [INFO]     |============================== Updating Details of Jackass Collection ==============================|
[2022-10-11 09:18:39,098] [builder.py:2443]           [INFO]     |                                                                                                    |
[2022-10-11 09:18:39,261] [builder.py:2509]           [INFO]     | Collection Metadata Edits                                                                          |
                                                                 | Summary (tmdb_collection_details) | Les films "Jackass" mettent en scène des personnes effectuant diverses cascades et farces dangereuses, grossières, ridicules et auto-mutilation.
                                                                 | Label | +TMDb Collections, +PMM
[2022-10-11 09:18:39,460] [builder.py:2513]           [INFO]     | Details: have been updated
[2022-10-11 09:18:39,460] [builder.py:2517]           [INFO]     | 
[2022-10-11 09:18:39,635] [builder.py:2529]           [INFO]     | Collection Mode | hideItems
[2022-10-11 09:18:39,636] [builder.py:2580]           [WARNING]  | Asset Warning: Unable to find asset folder: 'Jackass'
[2022-10-11 09:18:39,636] [util.py:150]               [DEBUG]    | 1 poster found:
[2022-10-11 09:18:39,636] [util.py:152]               [DEBUG]    | Method: tmdb_collection_details Poster: https://image.tmdb.org/t/p/original/tLga6buvaRSBcFJT03WgSBZ1wAa.jpg
[2022-10-11 09:18:39,637] [util.py:150]               [DEBUG]    | 1 background found:
[2022-10-11 09:18:39,637] [util.py:152]               [DEBUG]    | Method: tmdb_collection_details Background: https://image.tmdb.org/t/p/original/lidPLbyE1JCUacEDOzkTCncCPBL.jpg
[2022-10-11 09:18:39,656] [library.py:170]            [INFO]     | Detail: tmdb_collection_details updated poster to [URL] https://image.tmdb.org/t/p/original/tLga6buvaRSBcFJT03WgSBZ1wAa.jpg
[2022-10-11 09:18:39,676] [library.py:186]            [INFO]     | Detail: tmdb_collection_details updated background to [URL] https://image.tmdb.org/t/p/original/lidPLbyE1JCUacEDOzkTCncCPBL.jpg
[2022-10-11 09:18:39,926] [plex_meta_manager.py:708]  [INFO]     | 
[2022-10-11 09:18:39,926] [plex_meta_manager.py:709]  [INFO]     |====================================================================================================|
[2022-10-11 09:18:39,926] [plex_meta_manager.py:709]  [INFO]     |                                    Finished Jackass Collection                                     |
[2022-10-11 09:18:39,926] [plex_meta_manager.py:709]  [INFO]     |                                    Collection Run Time: 0:00:07                                    |
[2022-10-11 09:18:39,927] [plex_meta_manager.py:709]  [INFO]     |====================================================================================================|
