[2022-10-11 09:22:09,282] [builder.py:197]            [INFO]     |====================================================================================================|
[2022-10-11 09:22:09,282] [builder.py:197]            [INFO]     |                               Maleficent Collection in Z. 1 - Films                                |
[2022-10-11 09:22:09,282] [builder.py:197]            [INFO]     |====================================================================================================|
[2022-10-11 09:22:09,282] [builder.py:198]            [INFO]     |                                                                                                    |
[2022-10-11 09:22:09,283] [builder.py:203]            [INFO]     |================================ Building Definition From Templates ================================|
[2022-10-11 09:22:09,283] [builder.py:211]            [DEBUG]    |                                                                                                    |
[2022-10-11 09:22:09,283] [meta.py:128]               [DEBUG]    | Template my_template                                                                               |
[2022-10-11 09:22:09,283] [meta.py:129]               [DEBUG]    | Call: {'value': ['531331'], 'tmdb_collection': ['531331'], 'key_name': 'Maleficent', 'key': '531331', 'name': 'my_template'} |
[2022-10-11 09:22:09,283] [meta.py:304]               [DEBUG]    |                                                                                                    |
[2022-10-11 09:22:09,284] [meta.py:305]               [DEBUG]    | Variables: {'value': ['531331'], 'tmdb_collection': ['531331'], 'key_name': 'Maleficent', 'key': '531331', 'name': 'my_template', 'collection_name': 'Maleficent', 'mapping_name': 'Maleficent', 'library_type': 'movie', 'library_name': 'Z. 1 - Films', 'value_encoded': '%5B%27531331%27%5D', 'tmdb_collection_encoded': '%5B%27531331%27%5D', 'key_name_encoded': 'Maleficent', 'key_encoded': '531331', 'name_encoded': 'my_template', 'collection_name_encoded': 'Maleficent', 'mapping_name_encoded': 'Maleficent', 'library_type_encoded': 'movie', 'library_name_encoded': 'Z.%201%20-%20Films', 'collection_sort': 'Maleficent'} |
[2022-10-11 09:22:09,284] [meta.py:306]               [DEBUG]    |                                                                                                    |
[2022-10-11 09:22:09,284] [meta.py:307]               [DEBUG]    | Defaults: {}                                                                                       |
[2022-10-11 09:22:09,284] [meta.py:308]               [DEBUG]    |                                                                                                    |
[2022-10-11 09:22:09,284] [meta.py:309]               [DEBUG]    | Optional: ['my_collection_poster', 'my_collection_poster_encoded']                                 |
[2022-10-11 09:22:09,285] [meta.py:370]               [DEBUG]    |                                                                                                    |
[2022-10-11 09:22:09,285] [meta.py:371]               [DEBUG]    | Final Template Attributes: {'tmdb_collection_details': ['531331'], 'collection_order': 'release', 'collection_mode': 'hide_items'} |
[2022-10-11 09:22:09,285] [meta.py:372]               [DEBUG]    |                                                                                                    |
[2022-10-11 09:22:09,285] [builder.py:219]            [INFO]     |================================= Validating Maleficent Attributes =================================|
[2022-10-11 09:22:09,285] [builder.py:609]            [DEBUG]    |                                                                                                    |
[2022-10-11 09:22:09,286] [builder.py:610]            [DEBUG]    | Validating Method: collection_order                                                                |
[2022-10-11 09:22:09,286] [builder.py:611]            [DEBUG]    | Value: release                                                                                     |
[2022-10-11 09:22:09,286] [builder.py:627]            [DEBUG]    |                                                                                                    |
[2022-10-11 09:22:09,286] [builder.py:631]            [DEBUG]    | Validating Method: label                                                                           |
[2022-10-11 09:22:09,286] [builder.py:632]            [DEBUG]    | Value: TMDb Collections                                                                            |
[2022-10-11 09:22:09,286] [builder.py:627]            [DEBUG]    |                                                                                                    |
[2022-10-11 09:22:09,286] [builder.py:631]            [DEBUG]    | Validating Method: tmdb_collection_details                                                         |
[2022-10-11 09:22:09,286] [builder.py:632]            [DEBUG]    | Value: ['531331']                                                                                  |
[2022-10-11 09:22:09,298] [builder.py:627]            [DEBUG]    |                                                                                                    |
[2022-10-11 09:22:09,298] [builder.py:631]            [DEBUG]    | Validating Method: collection_mode                                                                 |
[2022-10-11 09:22:09,298] [builder.py:632]            [DEBUG]    | Value: hide_items                                                                                  |
[2022-10-11 09:22:09,304] [plex.py:790]               [DEBUG]    |                                                                                                    |
[2022-10-11 09:22:09,305] [plex.py:793]               [DEBUG]    | Looking for: Maleficent                                                                            |
[2022-10-11 09:22:09,305] [builder.py:797]            [INFO]     |                                                                                                    |
[2022-10-11 09:22:09,305] [builder.py:798]            [INFO]     | Validation Successful                                                                              |
[2022-10-11 09:22:09,305] [plex_meta_manager.py:561]  [INFO]     |                                                                                                    |
[2022-10-11 09:22:09,305] [plex_meta_manager.py:563]  [INFO]     |================================== Running Maleficent Collection ===================================|
[2022-10-11 09:22:09,306] [plex_meta_manager.py:575]  [INFO]     |                                                                                                    |
[2022-10-11 09:22:09,306] [plex_meta_manager.py:576]  [INFO]     | Sync Mode: append                                                                                  |
[2022-10-11 09:22:09,306] [plex_meta_manager.py:579]  [DEBUG]    |                                                                                                    |
[2022-10-11 09:22:09,306] [plex_meta_manager.py:580]  [DEBUG]    | Builder: tmdb_collection: 531331                                                                   |
[2022-10-11 09:22:09,306] [plex_meta_manager.py:581]  [INFO]     |                                                                                                    |
[2022-10-11 09:22:09,311] [tmdb.py:382]               [INFO]     | Processing TMDb Collection: (531331) Maléfique - Saga (2 Items)                                    |
[2022-10-11 09:22:09,311] [builder.py:1540]           [DEBUG]    |                                                                                                    |
[2022-10-11 09:22:09,311] [builder.py:1541]           [DEBUG]    | 2 IDs Found: [(102651, 'tmdb'), (420809, 'tmdb')]                                                  |
[2022-10-11 09:22:09,311] [builder.py:1542]           [DEBUG]    |                                                                                                    |
[2022-10-11 09:22:09,312] [builder.py:2228]           [INFO]     |                                                                                                    |
[2022-10-11 09:22:09,312] [builder.py:2229]           [INFO]     |============================ Missing Movies from Library: Z. 1 - Films =============================|
[2022-10-11 09:22:09,312] [builder.py:2230]           [INFO]     |                                                                                                    |
[2022-10-11 09:22:09,326] [builder.py:2243]           [INFO]     | Maleficent Collection | ? | Maleficent (2014) (TMDb: 102651)                                       |
[2022-10-11 09:22:09,327] [builder.py:2248]           [INFO]     |                                                                                                    |
[2022-10-11 09:22:09,327] [builder.py:2249]           [INFO]     | 1 Movie Missing                                                                                    |
[2022-10-11 09:22:11,776] [plex_meta_manager.py:624]  [INFO]     |                                                                                                    |
[2022-10-11 09:22:11,776] [plex_meta_manager.py:625]  [INFO]     | Collection Minimum: 2 not met for Maleficent Collection                                            |
[2022-10-11 09:22:11,777] [plex_meta_manager.py:708]  [INFO]     |                                                                                                    |
[2022-10-11 09:22:11,777] [plex_meta_manager.py:709]  [INFO]     |====================================================================================================|
[2022-10-11 09:22:11,777] [plex_meta_manager.py:709]  [INFO]     |                                   Finished Maleficent Collection                                   |
[2022-10-11 09:22:11,777] [plex_meta_manager.py:709]  [INFO]     |                                    Collection Run Time: 0:00:02                                    |
[2022-10-11 09:22:11,777] [plex_meta_manager.py:709]  [INFO]     |====================================================================================================|
