[2022-10-11 09:27:57,844] [builder.py:197]            [INFO]     |====================================================================================================|
[2022-10-11 09:27:57,844] [builder.py:197]            [INFO]     |                                Wolverine Collection in Z. 1 - Films                                |
[2022-10-11 09:27:57,844] [builder.py:197]            [INFO]     |====================================================================================================|
[2022-10-11 09:27:57,844] [builder.py:198]            [INFO]     |                                                                                                    |
[2022-10-11 09:27:57,844] [builder.py:203]            [INFO]     |================================ Building Definition From Templates ================================|
[2022-10-11 09:27:57,844] [builder.py:211]            [DEBUG]    |                                                                                                    |
[2022-10-11 09:27:57,845] [meta.py:128]               [DEBUG]    | Template my_template                                                                               |
[2022-10-11 09:27:57,845] [meta.py:129]               [DEBUG]    | Call: {'value': ['453993'], 'tmdb_collection': ['453993'], 'key_name': 'Wolverine', 'key': '453993', 'name': 'my_template'} |
[2022-10-11 09:27:57,845] [meta.py:304]               [DEBUG]    |                                                                                                    |
[2022-10-11 09:27:57,845] [meta.py:305]               [DEBUG]    | Variables: {'value': ['453993'], 'tmdb_collection': ['453993'], 'key_name': 'Wolverine', 'key': '453993', 'name': 'my_template', 'collection_name': 'Wolverine', 'mapping_name': 'Wolverine', 'library_type': 'movie', 'library_name': 'Z. 1 - Films', 'value_encoded': '%5B%27453993%27%5D', 'tmdb_collection_encoded': '%5B%27453993%27%5D', 'key_name_encoded': 'Wolverine', 'key_encoded': '453993', 'name_encoded': 'my_template', 'collection_name_encoded': 'Wolverine', 'mapping_name_encoded': 'Wolverine', 'library_type_encoded': 'movie', 'library_name_encoded': 'Z.%201%20-%20Films', 'collection_sort': 'Wolverine'} |
[2022-10-11 09:27:57,845] [meta.py:306]               [DEBUG]    |                                                                                                    |
[2022-10-11 09:27:57,845] [meta.py:307]               [DEBUG]    | Defaults: {}                                                                                       |
[2022-10-11 09:27:57,846] [meta.py:308]               [DEBUG]    |                                                                                                    |
[2022-10-11 09:27:57,846] [meta.py:309]               [DEBUG]    | Optional: ['my_collection_poster', 'my_collection_poster_encoded']                                 |
[2022-10-11 09:27:57,846] [meta.py:370]               [DEBUG]    |                                                                                                    |
[2022-10-11 09:27:57,846] [meta.py:371]               [DEBUG]    | Final Template Attributes: {'tmdb_collection_details': ['453993'], 'collection_order': 'release', 'collection_mode': 'hide_items'} |
[2022-10-11 09:27:57,847] [meta.py:372]               [DEBUG]    |                                                                                                    |
[2022-10-11 09:27:57,847] [builder.py:219]            [INFO]     |================================= Validating Wolverine Attributes ==================================|
[2022-10-11 09:27:57,847] [builder.py:609]            [DEBUG]    |                                                                                                    |
[2022-10-11 09:27:57,847] [builder.py:610]            [DEBUG]    | Validating Method: collection_order                                                                |
[2022-10-11 09:27:57,847] [builder.py:611]            [DEBUG]    | Value: release                                                                                     |
[2022-10-11 09:27:57,847] [builder.py:627]            [DEBUG]    |                                                                                                    |
[2022-10-11 09:27:57,847] [builder.py:631]            [DEBUG]    | Validating Method: label                                                                           |
[2022-10-11 09:27:57,848] [builder.py:632]            [DEBUG]    | Value: TMDb Collections                                                                            |
[2022-10-11 09:27:57,848] [builder.py:627]            [DEBUG]    |                                                                                                    |
[2022-10-11 09:27:57,848] [builder.py:631]            [DEBUG]    | Validating Method: tmdb_collection_details                                                         |
[2022-10-11 09:27:57,848] [builder.py:632]            [DEBUG]    | Value: ['453993']                                                                                  |
[2022-10-11 09:27:57,862] [builder.py:627]            [DEBUG]    |                                                                                                    |
[2022-10-11 09:27:57,862] [builder.py:631]            [DEBUG]    | Validating Method: collection_mode                                                                 |
[2022-10-11 09:27:57,862] [builder.py:632]            [DEBUG]    | Value: hide_items                                                                                  |
[2022-10-11 09:27:57,868] [plex.py:790]               [DEBUG]    |                                                                                                    |
[2022-10-11 09:27:57,868] [plex.py:793]               [DEBUG]    | Looking for: Wolverine                                                                             |
[2022-10-11 09:27:57,868] [builder.py:797]            [INFO]     |                                                                                                    |
[2022-10-11 09:27:57,868] [builder.py:798]            [INFO]     | Validation Successful                                                                              |
[2022-10-11 09:27:57,869] [plex_meta_manager.py:561]  [INFO]     |                                                                                                    |
[2022-10-11 09:27:57,869] [plex_meta_manager.py:563]  [INFO]     |=================================== Running Wolverine Collection ===================================|
[2022-10-11 09:27:57,869] [plex_meta_manager.py:575]  [INFO]     |                                                                                                    |
[2022-10-11 09:27:57,869] [plex_meta_manager.py:576]  [INFO]     | Sync Mode: append                                                                                  |
[2022-10-11 09:27:57,869] [plex_meta_manager.py:579]  [DEBUG]    |                                                                                                    |
[2022-10-11 09:27:57,870] [plex_meta_manager.py:580]  [DEBUG]    | Builder: tmdb_collection: 453993                                                                   |
[2022-10-11 09:27:57,870] [plex_meta_manager.py:581]  [INFO]     |                                                                                                    |
[2022-10-11 09:27:57,875] [tmdb.py:382]               [INFO]     | Processing TMDb Collection: (453993) Wolverine - Saga (3 Items)                                    |
[2022-10-11 09:27:57,875] [builder.py:1540]           [DEBUG]    |                                                                                                    |
[2022-10-11 09:27:57,875] [builder.py:1541]           [DEBUG]    | 3 IDs Found: [(2080, 'tmdb'), (76170, 'tmdb'), (263115, 'tmdb')]                                   |
[2022-10-11 09:27:57,875] [builder.py:1542]           [DEBUG]    |                                                                                                    |
[2022-10-11 09:27:57,876] [builder.py:2064]           [INFO]     |                                                                                                    |
[2022-10-11 09:27:57,876] [builder.py:2065]           [INFO]     |================================== Adding to Wolverine Collection ==================================|
[2022-10-11 09:27:57,876] [builder.py:2066]           [INFO]     |                                                                                                    |
[2022-10-11 09:27:57,876] [builder.py:2080]           [INFO]     | 1/3 | Wolverine Collection | + | X-Men Origins : Wolverine (2009)                                  |
[2022-10-11 09:27:58,193] [builder.py:2080]           [INFO]     | 2/3 | Wolverine Collection | + | Wolverine : Le Combat de l'immortel (2013)                        |
[2022-10-11 09:27:58,483] [builder.py:2080]           [INFO]     | 3/3 | Wolverine Collection | + | Logan (2017)                                                      |
[2022-10-11 09:28:01,016] [builder.py:2100]           [INFO]     |                                                                                                    |
[2022-10-11 09:28:01,017] [builder.py:2102]           [INFO]     | 3 Movies Processed 3 Movies Added                                                                  |
[2022-10-11 09:28:01,024] [builder.py:2441]           [INFO]     |                                                                                                    |
[2022-10-11 09:28:01,024] [builder.py:2442]           [INFO]     |============================= Updating Details of Wolverine Collection =============================|
[2022-10-11 09:28:01,025] [builder.py:2443]           [INFO]     |                                                                                                    |
[2022-10-11 09:28:01,191] [builder.py:2509]           [INFO]     | Collection Metadata Edits                                                                          |
                                                                 | Summary (tmdb_collection_details) | La saga basée sur l'histoire de Wolverine, le super-héros Marvel.
                                                                 | Label | +TMDb Collections, +PMM
[2022-10-11 09:28:01,418] [builder.py:2513]           [INFO]     | Details: have been updated
[2022-10-11 09:28:01,419] [builder.py:2517]           [INFO]     | 
[2022-10-11 09:28:01,597] [builder.py:2529]           [INFO]     | Collection Mode | hideItems
[2022-10-11 09:28:01,598] [builder.py:2580]           [WARNING]  | Asset Warning: Unable to find asset folder: 'Wolverine'
[2022-10-11 09:28:01,598] [util.py:150]               [DEBUG]    | 1 poster found:
[2022-10-11 09:28:01,598] [util.py:152]               [DEBUG]    | Method: tmdb_collection_details Poster: https://image.tmdb.org/t/p/original/c18HVnKTybcAUYVQd8rOcdbqwY.jpg
[2022-10-11 09:28:01,599] [util.py:150]               [DEBUG]    | 1 background found:
[2022-10-11 09:28:01,599] [util.py:152]               [DEBUG]    | Method: tmdb_collection_details Background: https://image.tmdb.org/t/p/original/hbNMx7sxxqvkX8rLOsTryiSrCPY.jpg
[2022-10-11 09:28:01,631] [library.py:170]            [INFO]     | Detail: tmdb_collection_details updated poster to [URL] https://image.tmdb.org/t/p/original/c18HVnKTybcAUYVQd8rOcdbqwY.jpg
[2022-10-11 09:28:01,655] [library.py:186]            [INFO]     | Detail: tmdb_collection_details updated background to [URL] https://image.tmdb.org/t/p/original/hbNMx7sxxqvkX8rLOsTryiSrCPY.jpg
[2022-10-11 09:28:01,891] [plex_meta_manager.py:708]  [INFO]     | 
[2022-10-11 09:28:01,891] [plex_meta_manager.py:709]  [INFO]     |====================================================================================================|
[2022-10-11 09:28:01,892] [plex_meta_manager.py:709]  [INFO]     |                                   Finished Wolverine Collection                                    |
[2022-10-11 09:28:01,892] [plex_meta_manager.py:709]  [INFO]     |                                    Collection Run Time: 0:00:04                                    |
[2022-10-11 09:28:01,892] [plex_meta_manager.py:709]  [INFO]     |====================================================================================================|
