[2022-10-11 11:18:54,202] [builder.py:200]            [INFO]     |====================================================================================================|
[2022-10-11 11:18:54,202] [builder.py:200]            [INFO]     |                                 Ip Man Collection in Z. 1 - Films                                  |
[2022-10-11 11:18:54,202] [builder.py:200]            [INFO]     |====================================================================================================|
[2022-10-11 11:18:54,202] [builder.py:201]            [INFO]     |                                                                                                    |
[2022-10-11 11:18:54,203] [builder.py:206]            [INFO]     |================================ Building Definition From Templates ================================|
[2022-10-11 11:18:54,203] [builder.py:222]            [DEBUG]    |                                                                                                    |
[2022-10-11 11:18:54,203] [meta.py:128]               [DEBUG]    | Template my_template                                                                               |
[2022-10-11 11:18:54,203] [meta.py:129]               [DEBUG]    | Call: {'value': ['70068'], 'tmdb_collection': ['70068'], 'key_name': 'Ip Man', 'key': '70068', 'name': 'my_template'} |
[2022-10-11 11:18:54,203] [meta.py:304]               [DEBUG]    |                                                                                                    |
[2022-10-11 11:18:54,204] [meta.py:305]               [DEBUG]    | Variables: {'value': ['70068'], 'tmdb_collection': ['70068'], 'key_name': 'Ip Man', 'key': '70068', 'name': 'my_template', 'collection_name': 'Ip Man', 'mapping_name': 'Ip Man', 'library_type': 'movie', 'library_name': 'Z. 1 - Films', 'value_encoded': '%5B%2770068%27%5D', 'tmdb_collection_encoded': '%5B%2770068%27%5D', 'key_name_encoded': 'Ip%20Man', 'key_encoded': '70068', 'name_encoded': 'my_template', 'collection_name_encoded': 'Ip%20Man', 'mapping_name_encoded': 'Ip%20Man', 'library_type_encoded': 'movie', 'library_name_encoded': 'Z.%201%20-%20Films', 'collection_sort': 'Ip Man'} |
[2022-10-11 11:18:54,204] [meta.py:306]               [DEBUG]    |                                                                                                    |
[2022-10-11 11:18:54,204] [meta.py:307]               [DEBUG]    | Defaults: {}                                                                                       |
[2022-10-11 11:18:54,204] [meta.py:308]               [DEBUG]    |                                                                                                    |
[2022-10-11 11:18:54,204] [meta.py:309]               [DEBUG]    | Optional: ['my_collection_poster', 'my_collection_poster_encoded']                                 |
[2022-10-11 11:18:54,205] [meta.py:370]               [DEBUG]    |                                                                                                    |
[2022-10-11 11:18:54,205] [meta.py:371]               [DEBUG]    | Final Template Attributes: {'tmdb_collection_details': ['70068'], 'collection_order': 'release', 'collection_mode': 'hide_items', 'sort_title': '+C1_Ip Man'} |
[2022-10-11 11:18:54,205] [meta.py:372]               [DEBUG]    |                                                                                                    |
[2022-10-11 11:18:54,206] [builder.py:230]            [INFO]     |=================================== Validating Ip Man Attributes ===================================|
[2022-10-11 11:18:54,206] [builder.py:620]            [DEBUG]    |                                                                                                    |
[2022-10-11 11:18:54,206] [builder.py:621]            [DEBUG]    | Validating Method: collection_order                                                                |
[2022-10-11 11:18:54,206] [builder.py:622]            [DEBUG]    | Value: release                                                                                     |
[2022-10-11 11:18:54,206] [builder.py:653]            [DEBUG]    |                                                                                                    |
[2022-10-11 11:18:54,206] [builder.py:657]            [DEBUG]    | Validating Method: label                                                                           |
[2022-10-11 11:18:54,207] [builder.py:658]            [DEBUG]    | Value: TMDb Collections                                                                            |
[2022-10-11 11:18:54,207] [builder.py:653]            [DEBUG]    |                                                                                                    |
[2022-10-11 11:18:54,207] [builder.py:657]            [DEBUG]    | Validating Method: tmdb_collection_details                                                         |
[2022-10-11 11:18:54,207] [builder.py:658]            [DEBUG]    | Value: ['70068']                                                                                   |
[2022-10-11 11:18:54,220] [builder.py:653]            [DEBUG]    |                                                                                                    |
[2022-10-11 11:18:54,221] [builder.py:657]            [DEBUG]    | Validating Method: collection_mode                                                                 |
[2022-10-11 11:18:54,221] [builder.py:658]            [DEBUG]    | Value: hide_items                                                                                  |
[2022-10-11 11:18:54,221] [builder.py:653]            [DEBUG]    |                                                                                                    |
[2022-10-11 11:18:54,221] [builder.py:657]            [DEBUG]    | Validating Method: sort_title                                                                      |
[2022-10-11 11:18:54,221] [builder.py:658]            [DEBUG]    | Value: +C1_Ip Man                                                                                  |
[2022-10-11 11:18:54,434] [builder.py:823]            [INFO]     |                                                                                                    |
[2022-10-11 11:18:54,435] [builder.py:824]            [INFO]     | Validation Successful                                                                              |
[2022-10-11 11:18:54,435] [plex_meta_manager.py:561]  [INFO]     |                                                                                                    |
[2022-10-11 11:18:54,435] [plex_meta_manager.py:563]  [INFO]     |==================================== Running Ip Man Collection =====================================|
[2022-10-11 11:18:54,435] [plex_meta_manager.py:575]  [INFO]     |                                                                                                    |
[2022-10-11 11:18:54,435] [plex_meta_manager.py:576]  [INFO]     | Sync Mode: append                                                                                  |
[2022-10-11 11:18:54,436] [plex_meta_manager.py:579]  [DEBUG]    |                                                                                                    |
[2022-10-11 11:18:54,436] [plex_meta_manager.py:580]  [DEBUG]    | Builder: tmdb_collection: 70068                                                                    |
[2022-10-11 11:18:54,436] [plex_meta_manager.py:581]  [INFO]     |                                                                                                    |
[2022-10-11 11:18:54,441] [tmdb.py:381]               [INFO]     | Processing TMDb Collection: (70068) Ip Man - Saga (4 Items)                                        |
[2022-10-11 11:18:54,441] [builder.py:1581]           [DEBUG]    |                                                                                                    |
[2022-10-11 11:18:54,441] [builder.py:1582]           [DEBUG]    | 4 IDs Found: [(14756, 'tmdb'), (37472, 'tmdb'), (365222, 'tmdb'), (449924, 'tmdb')]                |
[2022-10-11 11:18:54,441] [builder.py:1583]           [DEBUG]    |                                                                                                    |
[2022-10-11 11:18:54,441] [builder.py:2132]           [INFO]     |                                                                                                    |
[2022-10-11 11:18:54,442] [builder.py:2133]           [INFO]     |=================================== Adding to Ip Man Collection ====================================|
[2022-10-11 11:18:54,442] [builder.py:2134]           [INFO]     |                                                                                                    |
[2022-10-11 11:18:54,442] [builder.py:2148]           [INFO]     | 1/4 | Ip Man Collection | = | Ip Man (2008)                                                        |
[2022-10-11 11:18:54,442] [builder.py:2148]           [INFO]     | 2/4 | Ip Man Collection | = | Ip Man 2 (2010)                                                      |
[2022-10-11 11:18:54,442] [builder.py:2148]           [INFO]     | 3/4 | Ip Man Collection | = | Ip Man 3 (2015)                                                      |
[2022-10-11 11:18:54,442] [builder.py:2148]           [INFO]     | 4/4 | Ip Man Collection | = | Ip Man 4 : Le Dernier Combat (2019)                                  |
[2022-10-11 11:18:54,443] [builder.py:2168]           [INFO]     |                                                                                                    |
[2022-10-11 11:18:54,443] [builder.py:2170]           [INFO]     | 4 Movies Processed 0 Movies Added                                                                  |
[2022-10-11 11:18:54,451] [builder.py:2521]           [INFO]     |                                                                                                    |
[2022-10-11 11:18:54,451] [builder.py:2522]           [INFO]     |============================== Updating Details of Ip Man Collection ===============================|
[2022-10-11 11:18:54,451] [builder.py:2523]           [INFO]     |                                                                                                    |
[2022-10-11 11:18:54,460] [builder.py:2589]           [INFO]     | Collection Metadata Edits                                                                          |
[2022-10-11 11:18:54,461] [builder.py:2660]           [WARNING]  | Asset Warning: Unable to find asset folder: 'Ip Man'                                               |
[2022-10-11 11:18:54,461] [util.py:171]               [DEBUG]    | 1 poster found:                                                                                    |
[2022-10-11 11:18:54,461] [util.py:173]               [DEBUG]    | Method: tmdb_collection_details Poster: https://image.tmdb.org/t/p/original/pNcvlvn3IKcpOCGbDY4ReMobSgj.jpg |
[2022-10-11 11:18:54,461] [util.py:171]               [DEBUG]    | 1 background found:                                                                                |
[2022-10-11 11:18:54,461] [util.py:173]               [DEBUG]    | Method: tmdb_collection_details Background: https://image.tmdb.org/t/p/original/vhOkY4CXyt3Yc1U7SuiwI6zKWPh.jpg |
[2022-10-11 11:18:54,462] [library.py:173]            [INFO]     | Detail: poster update not needed                                                                   |
[2022-10-11 11:18:54,463] [library.py:189]            [INFO]     | Detail: background update not needed                                                               |
[2022-10-11 11:18:54,655] [plex_meta_manager.py:708]  [INFO]     |                                                                                                    |
[2022-10-11 11:18:54,655] [plex_meta_manager.py:709]  [INFO]     |====================================================================================================|
[2022-10-11 11:18:54,656] [plex_meta_manager.py:709]  [INFO]     |                                     Finished Ip Man Collection                                     |
[2022-10-11 11:18:54,656] [plex_meta_manager.py:709]  [INFO]     |                                    Collection Run Time: 0:00:00                                    |
[2022-10-11 11:18:54,656] [plex_meta_manager.py:709]  [INFO]     |====================================================================================================|
