[2022-10-11 11:00:35,973] [builder.py:197]            [INFO]     |====================================================================================================|
[2022-10-11 11:00:35,973] [builder.py:197]            [INFO]     |                                Dark Web Collection in Z. 1 - Films                                 |
[2022-10-11 11:00:35,973] [builder.py:197]            [INFO]     |====================================================================================================|
[2022-10-11 11:00:35,973] [builder.py:198]            [INFO]     |                                                                                                    |
[2022-10-11 11:00:35,973] [builder.py:203]            [INFO]     |================================ Building Definition From Templates ================================|
[2022-10-11 11:00:35,974] [builder.py:211]            [DEBUG]    |                                                                                                    |
[2022-10-11 11:00:35,974] [meta.py:128]               [DEBUG]    | Template my_template                                                                               |
[2022-10-11 11:00:35,974] [meta.py:129]               [DEBUG]    | Call: {'value': ['972513'], 'tmdb_collection': ['972513'], 'key_name': 'Dark Web', 'key': '972513', 'name': 'my_template'} |
[2022-10-11 11:00:35,974] [meta.py:304]               [DEBUG]    |                                                                                                    |
[2022-10-11 11:00:35,974] [meta.py:305]               [DEBUG]    | Variables: {'value': ['972513'], 'tmdb_collection': ['972513'], 'key_name': 'Dark Web', 'key': '972513', 'name': 'my_template', 'collection_name': 'Dark Web', 'mapping_name': 'Dark Web', 'library_type': 'movie', 'library_name': 'Z. 1 - Films', 'value_encoded': '%5B%27972513%27%5D', 'tmdb_collection_encoded': '%5B%27972513%27%5D', 'key_name_encoded': 'Dark%20Web', 'key_encoded': '972513', 'name_encoded': 'my_template', 'collection_name_encoded': 'Dark%20Web', 'mapping_name_encoded': 'Dark%20Web', 'library_type_encoded': 'movie', 'library_name_encoded': 'Z.%201%20-%20Films', 'collection_sort': 'Dark Web'} |
[2022-10-11 11:00:35,974] [meta.py:306]               [DEBUG]    |                                                                                                    |
[2022-10-11 11:00:35,974] [meta.py:307]               [DEBUG]    | Defaults: {}                                                                                       |
[2022-10-11 11:00:35,974] [meta.py:308]               [DEBUG]    |                                                                                                    |
[2022-10-11 11:00:35,975] [meta.py:309]               [DEBUG]    | Optional: ['my_collection_poster', 'my_collection_poster_encoded']                                 |
[2022-10-11 11:00:35,975] [meta.py:370]               [DEBUG]    |                                                                                                    |
[2022-10-11 11:00:35,976] [meta.py:371]               [DEBUG]    | Final Template Attributes: {'tmdb_collection_details': ['972513'], 'collection_order': 'release', 'collection_mode': 'hide_items', 'sort_title': '+C1_Dark Web'} |
[2022-10-11 11:00:35,976] [meta.py:372]               [DEBUG]    |                                                                                                    |
[2022-10-11 11:00:35,976] [builder.py:219]            [INFO]     |================================== Validating Dark Web Attributes ==================================|
[2022-10-11 11:00:35,976] [builder.py:609]            [DEBUG]    |                                                                                                    |
[2022-10-11 11:00:35,976] [builder.py:610]            [DEBUG]    | Validating Method: collection_order                                                                |
[2022-10-11 11:00:35,976] [builder.py:611]            [DEBUG]    | Value: release                                                                                     |
[2022-10-11 11:00:35,976] [builder.py:627]            [DEBUG]    |                                                                                                    |
[2022-10-11 11:00:35,977] [builder.py:631]            [DEBUG]    | Validating Method: label                                                                           |
[2022-10-11 11:00:35,977] [builder.py:632]            [DEBUG]    | Value: TMDb Collections                                                                            |
[2022-10-11 11:00:35,977] [builder.py:627]            [DEBUG]    |                                                                                                    |
[2022-10-11 11:00:35,977] [builder.py:631]            [DEBUG]    | Validating Method: tmdb_collection_details                                                         |
[2022-10-11 11:00:35,977] [builder.py:632]            [DEBUG]    | Value: ['972513']                                                                                  |
[2022-10-11 11:00:35,996] [builder.py:627]            [DEBUG]    |                                                                                                    |
[2022-10-11 11:00:35,997] [builder.py:631]            [DEBUG]    | Validating Method: collection_mode                                                                 |
[2022-10-11 11:00:35,997] [builder.py:632]            [DEBUG]    | Value: hide_items                                                                                  |
[2022-10-11 11:00:35,997] [builder.py:627]            [DEBUG]    |                                                                                                    |
[2022-10-11 11:00:35,997] [builder.py:631]            [DEBUG]    | Validating Method: sort_title                                                                      |
[2022-10-11 11:00:35,997] [builder.py:632]            [DEBUG]    | Value: +C1_Dark Web                                                                                |
[2022-10-11 11:00:36,003] [plex.py:790]               [DEBUG]    |                                                                                                    |
[2022-10-11 11:00:36,003] [plex.py:793]               [DEBUG]    | Looking for: Dark Web                                                                              |
[2022-10-11 11:00:36,003] [builder.py:797]            [INFO]     |                                                                                                    |
[2022-10-11 11:00:36,003] [builder.py:798]            [INFO]     | Validation Successful                                                                              |
[2022-10-11 11:00:36,003] [plex_meta_manager.py:561]  [INFO]     |                                                                                                    |
[2022-10-11 11:00:36,004] [plex_meta_manager.py:563]  [INFO]     |=================================== Running Dark Web Collection ====================================|
[2022-10-11 11:00:36,004] [plex_meta_manager.py:575]  [INFO]     |                                                                                                    |
[2022-10-11 11:00:36,004] [plex_meta_manager.py:576]  [INFO]     | Sync Mode: append                                                                                  |
[2022-10-11 11:00:36,004] [plex_meta_manager.py:579]  [DEBUG]    |                                                                                                    |
[2022-10-11 11:00:36,004] [plex_meta_manager.py:580]  [DEBUG]    | Builder: tmdb_collection: 972513                                                                   |
[2022-10-11 11:00:36,005] [plex_meta_manager.py:581]  [INFO]     |                                                                                                    |
[2022-10-11 11:00:36,009] [tmdb.py:382]               [INFO]     | Processing TMDb Collection: (972513) Dark Web - Saga (3 Items)                                     |
[2022-10-11 11:00:36,010] [builder.py:1540]           [DEBUG]    |                                                                                                    |
[2022-10-11 11:00:36,010] [builder.py:1541]           [DEBUG]    | 3 IDs Found: [(508839, 'tmdb'), (791469, 'tmdb'), (875314, 'tmdb')]                                |
[2022-10-11 11:00:36,010] [builder.py:1542]           [DEBUG]    |                                                                                                    |
[2022-10-11 11:00:36,010] [builder.py:2228]           [INFO]     |                                                                                                    |
[2022-10-11 11:00:36,010] [builder.py:2229]           [INFO]     |============================ Missing Movies from Library: Z. 1 - Films =============================|
[2022-10-11 11:00:36,011] [builder.py:2230]           [INFO]     |                                                                                                    |
[2022-10-11 11:00:36,021] [builder.py:2243]           [INFO]     | Dark Web Collection | ? | Dark Web (2017) (TMDb: 508839)                                           |
[2022-10-11 11:00:36,053] [builder.py:2243]           [INFO]     | Dark Web Collection | ? | Dark Web: Descent Into Hell (2021) (TMDb: 875314)                        |
[2022-10-11 11:00:36,054] [builder.py:2248]           [INFO]     |                                                                                                    |
[2022-10-11 11:00:36,054] [builder.py:2249]           [INFO]     | 2 Movies Missing                                                                                   |
[2022-10-11 11:00:36,089] [plex_meta_manager.py:624]  [INFO]     |                                                                                                    |
[2022-10-11 11:00:36,090] [plex_meta_manager.py:625]  [INFO]     | Collection Minimum: 2 not met for Dark Web Collection                                              |
[2022-10-11 11:00:36,090] [plex_meta_manager.py:708]  [INFO]     |                                                                                                    |
[2022-10-11 11:00:36,090] [plex_meta_manager.py:709]  [INFO]     |====================================================================================================|
[2022-10-11 11:00:36,090] [plex_meta_manager.py:709]  [INFO]     |                                    Finished Dark Web Collection                                    |
[2022-10-11 11:00:36,090] [plex_meta_manager.py:709]  [INFO]     |                                    Collection Run Time: 0:00:00                                    |
[2022-10-11 11:00:36,091] [plex_meta_manager.py:709]  [INFO]     |====================================================================================================|
