[2022-10-11 11:18:24,449] [builder.py:200]            [INFO]     |====================================================================================================|
[2022-10-11 11:18:24,450] [builder.py:200]            [INFO]     |                                Avengers Collection in Z. 1 - Films                                 |
[2022-10-11 11:18:24,450] [builder.py:200]            [INFO]     |====================================================================================================|
[2022-10-11 11:18:24,450] [builder.py:201]            [INFO]     |                                                                                                    |
[2022-10-11 11:18:24,450] [builder.py:206]            [INFO]     |================================ Building Definition From Templates ================================|
[2022-10-11 11:18:24,450] [builder.py:222]            [DEBUG]    |                                                                                                    |
[2022-10-11 11:18:24,450] [meta.py:128]               [DEBUG]    | Template my_template                                                                               |
[2022-10-11 11:18:24,450] [meta.py:129]               [DEBUG]    | Call: {'value': ['86311'], 'tmdb_collection': ['86311'], 'key_name': 'Avengers', 'key': '86311', 'name': 'my_template'} |
[2022-10-11 11:18:24,450] [meta.py:304]               [DEBUG]    |                                                                                                    |
[2022-10-11 11:18:24,451] [meta.py:305]               [DEBUG]    | Variables: {'value': ['86311'], 'tmdb_collection': ['86311'], 'key_name': 'Avengers', 'key': '86311', 'name': 'my_template', 'collection_name': 'Avengers', 'mapping_name': 'Avengers', 'library_type': 'movie', 'library_name': 'Z. 1 - Films', 'value_encoded': '%5B%2786311%27%5D', 'tmdb_collection_encoded': '%5B%2786311%27%5D', 'key_name_encoded': 'Avengers', 'key_encoded': '86311', 'name_encoded': 'my_template', 'collection_name_encoded': 'Avengers', 'mapping_name_encoded': 'Avengers', 'library_type_encoded': 'movie', 'library_name_encoded': 'Z.%201%20-%20Films', 'collection_sort': 'Avengers'} |
[2022-10-11 11:18:24,451] [meta.py:306]               [DEBUG]    |                                                                                                    |
[2022-10-11 11:18:24,451] [meta.py:307]               [DEBUG]    | Defaults: {}                                                                                       |
[2022-10-11 11:18:24,451] [meta.py:308]               [DEBUG]    |                                                                                                    |
[2022-10-11 11:18:24,451] [meta.py:309]               [DEBUG]    | Optional: ['my_collection_poster', 'my_collection_poster_encoded']                                 |
[2022-10-11 11:18:24,452] [meta.py:370]               [DEBUG]    |                                                                                                    |
[2022-10-11 11:18:24,452] [meta.py:371]               [DEBUG]    | Final Template Attributes: {'tmdb_collection_details': ['86311'], 'collection_order': 'release', 'collection_mode': 'hide_items', 'sort_title': '+C1_Avengers'} |
[2022-10-11 11:18:24,452] [meta.py:372]               [DEBUG]    |                                                                                                    |
[2022-10-11 11:18:24,452] [builder.py:230]            [INFO]     |================================== Validating Avengers Attributes ==================================|
[2022-10-11 11:18:24,452] [builder.py:620]            [DEBUG]    |                                                                                                    |
[2022-10-11 11:18:24,453] [builder.py:621]            [DEBUG]    | Validating Method: collection_order                                                                |
[2022-10-11 11:18:24,453] [builder.py:622]            [DEBUG]    | Value: release                                                                                     |
[2022-10-11 11:18:24,453] [builder.py:653]            [DEBUG]    |                                                                                                    |
[2022-10-11 11:18:24,453] [builder.py:657]            [DEBUG]    | Validating Method: label                                                                           |
[2022-10-11 11:18:24,453] [builder.py:658]            [DEBUG]    | Value: TMDb Collections                                                                            |
[2022-10-11 11:18:24,453] [builder.py:653]            [DEBUG]    |                                                                                                    |
[2022-10-11 11:18:24,453] [builder.py:657]            [DEBUG]    | Validating Method: tmdb_collection_details                                                         |
[2022-10-11 11:18:24,453] [builder.py:658]            [DEBUG]    | Value: ['86311']                                                                                   |
[2022-10-11 11:18:24,466] [builder.py:653]            [DEBUG]    |                                                                                                    |
[2022-10-11 11:18:24,467] [builder.py:657]            [DEBUG]    | Validating Method: collection_mode                                                                 |
[2022-10-11 11:18:24,467] [builder.py:658]            [DEBUG]    | Value: hide_items                                                                                  |
[2022-10-11 11:18:24,467] [builder.py:653]            [DEBUG]    |                                                                                                    |
[2022-10-11 11:18:24,467] [builder.py:657]            [DEBUG]    | Validating Method: sort_title                                                                      |
[2022-10-11 11:18:24,468] [builder.py:658]            [DEBUG]    | Value: +C1_Avengers                                                                                |
[2022-10-11 11:18:24,676] [builder.py:823]            [INFO]     |                                                                                                    |
[2022-10-11 11:18:24,677] [builder.py:824]            [INFO]     | Validation Successful                                                                              |
[2022-10-11 11:18:24,677] [plex_meta_manager.py:561]  [INFO]     |                                                                                                    |
[2022-10-11 11:18:24,677] [plex_meta_manager.py:563]  [INFO]     |=================================== Running Avengers Collection ====================================|
[2022-10-11 11:18:24,677] [plex_meta_manager.py:575]  [INFO]     |                                                                                                    |
[2022-10-11 11:18:24,677] [plex_meta_manager.py:576]  [INFO]     | Sync Mode: append                                                                                  |
[2022-10-11 11:18:24,677] [plex_meta_manager.py:579]  [DEBUG]    |                                                                                                    |
[2022-10-11 11:18:24,677] [plex_meta_manager.py:580]  [DEBUG]    | Builder: tmdb_collection: 86311                                                                    |
[2022-10-11 11:18:24,678] [plex_meta_manager.py:581]  [INFO]     |                                                                                                    |
[2022-10-11 11:18:24,683] [tmdb.py:381]               [INFO]     | Processing TMDb Collection: (86311) Avengers - Saga (4 Items)                                      |
[2022-10-11 11:18:24,684] [builder.py:1581]           [DEBUG]    |                                                                                                    |
[2022-10-11 11:18:24,684] [builder.py:1582]           [DEBUG]    | 4 IDs Found: [(24428, 'tmdb'), (99861, 'tmdb'), (299536, 'tmdb'), (299534, 'tmdb')]                |
[2022-10-11 11:18:24,684] [builder.py:1583]           [DEBUG]    |                                                                                                    |
[2022-10-11 11:18:24,684] [builder.py:2132]           [INFO]     |                                                                                                    |
[2022-10-11 11:18:24,685] [builder.py:2133]           [INFO]     |================================== Adding to Avengers Collection ===================================|
[2022-10-11 11:18:24,685] [builder.py:2134]           [INFO]     |                                                                                                    |
[2022-10-11 11:18:24,685] [builder.py:2148]           [INFO]     | 1/4 | Avengers Collection | = | Avengers (2012)                                                    |
[2022-10-11 11:18:24,685] [builder.py:2148]           [INFO]     | 2/4 | Avengers Collection | = | Avengers : L'Ère d'Ultron (2015)                                   |
[2022-10-11 11:18:24,686] [builder.py:2148]           [INFO]     | 3/4 | Avengers Collection | = | Avengers : Infinity War (2018)                                     |
[2022-10-11 11:18:24,686] [builder.py:2148]           [INFO]     | 4/4 | Avengers Collection | = | Avengers : Endgame (2019)                                          |
[2022-10-11 11:18:24,686] [builder.py:2168]           [INFO]     |                                                                                                    |
[2022-10-11 11:18:24,686] [builder.py:2170]           [INFO]     | 4 Movies Processed 0 Movies Added                                                                  |
[2022-10-11 11:18:24,694] [builder.py:2521]           [INFO]     |                                                                                                    |
[2022-10-11 11:18:24,694] [builder.py:2522]           [INFO]     |============================= Updating Details of Avengers Collection ==============================|
[2022-10-11 11:18:24,695] [builder.py:2523]           [INFO]     |                                                                                                    |
[2022-10-11 11:18:24,705] [builder.py:2589]           [INFO]     | Collection Metadata Edits                                                                          |
[2022-10-11 11:18:24,705] [builder.py:2660]           [WARNING]  | Asset Warning: Unable to find asset folder: 'Avengers'                                             |
[2022-10-11 11:18:24,705] [util.py:171]               [DEBUG]    | 1 poster found:                                                                                    |
[2022-10-11 11:18:24,705] [util.py:173]               [DEBUG]    | Method: tmdb_collection_details Poster: https://image.tmdb.org/t/p/original/22oiz15BwsbdpoBTG3APidXdiMs.jpg |
[2022-10-11 11:18:24,706] [util.py:171]               [DEBUG]    | 1 background found:                                                                                |
[2022-10-11 11:18:24,706] [util.py:173]               [DEBUG]    | Method: tmdb_collection_details Background: https://image.tmdb.org/t/p/original/zuW6fOiusv4X9nnW3paHGfXcSll.jpg |
[2022-10-11 11:18:24,706] [library.py:173]            [INFO]     | Detail: poster update not needed                                                                   |
[2022-10-11 11:18:24,707] [library.py:189]            [INFO]     | Detail: background update not needed                                                               |
[2022-10-11 11:18:25,037] [plex_meta_manager.py:708]  [INFO]     |                                                                                                    |
[2022-10-11 11:18:25,037] [plex_meta_manager.py:709]  [INFO]     |====================================================================================================|
[2022-10-11 11:18:25,038] [plex_meta_manager.py:709]  [INFO]     |                                    Finished Avengers Collection                                    |
[2022-10-11 11:18:25,038] [plex_meta_manager.py:709]  [INFO]     |                                    Collection Run Time: 0:00:00                                    |
[2022-10-11 11:18:25,038] [plex_meta_manager.py:709]  [INFO]     |====================================================================================================|
