[2022-09-29 16:32:05,012] [builder.py:197]            [INFO]     |====================================================================================================|
[2022-09-29 16:32:05,012] [builder.py:197]            [INFO]     |                            Best of the 2000s Collection in Z. 1 - Films                            |
[2022-09-29 16:32:05,012] [builder.py:197]            [INFO]     |====================================================================================================|
[2022-09-29 16:32:05,012] [builder.py:198]            [INFO]     |                                                                                                    |
[2022-09-29 16:32:05,012] [builder.py:203]            [INFO]     |================================ Building Definition From Templates ================================|
[2022-09-29 16:32:05,012] [builder.py:211]            [DEBUG]    |                                                                                                    |
[2022-09-29 16:32:05,013] [meta.py:128]               [DEBUG]    | Template Chart                                                                                     |
[2022-09-29 16:32:05,013] [meta.py:129]               [DEBUG]    | Call: ordereddict([('name', 'Chart'), ('num', 7)])                                                 |
[2022-09-29 16:32:05,013] [meta.py:304]               [DEBUG]    |                                                                                                    |
[2022-09-29 16:32:05,013] [meta.py:305]               [DEBUG]    | Variables: ordereddict([('name', 'Chart'), ('num', 7), ('collection_name', 'Best of the 2000s'), ('mapping_name', 'Best of the 2000s'), ('library_type', 'movie'), ('library_name', 'Z. 1 - Films'), ('name_encoded', 'Chart'), ('num_encoded', '7'), ('collection_name_encoded', 'Best%20of%20the%202000s'), ('mapping_name_encoded', 'Best%20of%20the%202000s'), ('library_type_encoded', 'movie'), ('library_name_encoded', 'Z.%201%20-%20Films'), ('collection_sort', 'Best of the 2000s')]) |
[2022-09-29 16:32:05,013] [meta.py:306]               [DEBUG]    |                                                                                                    |
[2022-09-29 16:32:05,013] [meta.py:307]               [DEBUG]    | Defaults: {}                                                                                       |
[2022-09-29 16:32:05,013] [meta.py:308]               [DEBUG]    |                                                                                                    |
[2022-09-29 16:32:05,014] [meta.py:309]               [DEBUG]    | Optional: []                                                                                       |
[2022-09-29 16:32:05,014] [meta.py:370]               [DEBUG]    |                                                                                                    |
[2022-09-29 16:32:05,014] [meta.py:371]               [DEBUG]    | Final Template Attributes: {'sort_title': '+1_7Best of the 2000s', 'sync_mode': 'sync', 'smart_label': 'random'} |
[2022-09-29 16:32:05,014] [meta.py:372]               [DEBUG]    |                                                                                                    |
[2022-09-29 16:32:05,015] [builder.py:219]            [INFO]     |============================= Validating Best of the 2000s Attributes ==============================|
[2022-09-29 16:32:05,015] [builder.py:488]            [DEBUG]    |                                                                                                    |
[2022-09-29 16:32:05,015] [builder.py:489]            [DEBUG]    | Validating Method: sync_mode                                                                       |
[2022-09-29 16:32:05,015] [builder.py:493]            [DEBUG]    | Value: sync                                                                                        |
[2022-09-29 16:32:05,015] [builder.py:538]            [DEBUG]    |                                                                                                    |
[2022-09-29 16:32:05,015] [builder.py:539]            [DEBUG]    | Validating Method: smart_label                                                                     |
[2022-09-29 16:32:05,015] [builder.py:544]            [DEBUG]    | Value: random                                                                                      |
[2022-09-29 16:32:05,025] [builder.py:627]            [DEBUG]    |                                                                                                    |
[2022-09-29 16:32:05,025] [builder.py:631]            [DEBUG]    | Validating Method: tmdb_discover                                                                   |
[2022-09-29 16:32:05,025] [builder.py:632]            [DEBUG]    | Value: ordereddict([('primary_release_date.gte', '01/01/2000'), ('primary_release_date.lte', '12/31/2009'), ('with_original_language', 'fr'), ('sort_by', 'popularity.desc'), ('limit', 100)]) |
[2022-09-29 16:32:05,026] [builder.py:627]            [DEBUG]    |                                                                                                    |
[2022-09-29 16:32:05,026] [builder.py:631]            [DEBUG]    | Validating Method: summary                                                                         |
[2022-09-29 16:32:05,026] [builder.py:632]            [DEBUG]    | Value: Le meilleurs des années 2000                                                                |
[2022-09-29 16:32:05,026] [builder.py:627]            [DEBUG]    |                                                                                                    |
[2022-09-29 16:32:05,026] [builder.py:631]            [DEBUG]    | Validating Method: sort_title                                                                      |
[2022-09-29 16:32:05,026] [builder.py:632]            [DEBUG]    | Value: +1_7Best of the 2000s                                                                       |
[2022-09-29 16:32:05,032] [plex.py:790]               [DEBUG]    |                                                                                                    |
[2022-09-29 16:32:05,032] [plex.py:793]               [DEBUG]    | Looking for: Best of the 2000s                                                                     |
[2022-09-29 16:32:05,032] [builder.py:797]            [INFO]     |                                                                                                    |
[2022-09-29 16:32:05,032] [builder.py:798]            [INFO]     | Validation Successful                                                                              |
[2022-09-29 16:32:05,033] [plex_meta_manager.py:561]  [INFO]     |                                                                                                    |
[2022-09-29 16:32:05,033] [plex_meta_manager.py:563]  [INFO]     |=============================== Running Best of the 2000s Collection ===============================|
[2022-09-29 16:32:05,033] [plex_meta_manager.py:569]  [INFO]     |                                                                                                    |
[2022-09-29 16:32:05,033] [plex_meta_manager.py:570]  [INFO]     | Smart Movie Label                                                                                  |
                                                                 | Sort By: random
                                                                 | Filter:
                                                                 |   Match all of the following:
                                                                 |     Label is Best of the 2000s
[2022-09-29 16:32:05,034] [plex_meta_manager.py:575]  [INFO]     | 
[2022-09-29 16:32:05,034] [plex_meta_manager.py:576]  [INFO]     | Sync Mode: sync
[2022-09-29 16:32:05,034] [plex_meta_manager.py:579]  [DEBUG]    | 
[2022-09-29 16:32:05,034] [plex_meta_manager.py:580]  [DEBUG]    | Builder: tmdb_discover: {'limit': 100, 'primary_release_date.gte': '01/01/2000', 'primary_release_date.lte': '12/31/2009', 'with_original_language': 'fr', 'sort_by': 'popularity.desc'}
[2022-09-29 16:32:05,034] [plex_meta_manager.py:581]  [INFO]     | 
[2022-09-29 16:32:05,797] [tmdb.py:339]               [INFO]     | Processing TMDb Discover: 100 Movies
[2022-09-29 16:32:05,798] [tmdb.py:341]               [INFO]     |            primary_release_date.gte: 2000-01-01
[2022-09-29 16:32:05,798] [tmdb.py:341]               [INFO]     |            primary_release_date.lte: 2009-12-31
[2022-09-29 16:32:05,798] [tmdb.py:341]               [INFO]     |            with_original_language: fr
[2022-09-29 16:32:05,798] [tmdb.py:341]               [INFO]     |            sort_by: popularity.desc
[2022-09-29 16:32:05,799] [builder.py:1540]           [DEBUG]    | 
[2022-09-29 16:32:05,800] [builder.py:1541]           [DEBUG]    | 100 IDs Found: [(979, 'tmdb'), (9539, 'tmdb'), (51880, 'tmdb'), (194, 'tmdb'), (2334, 'tmdb'), (2332, 'tmdb'), (15357, 'tmdb'), (10045, 'tmdb'), (2335, 'tmdb'), (26505, 'tmdb'), (15915, 'tmdb'), (2003, 'tmdb'), (228088, 'tmdb'), (2899, 'tmdb'), (48266, 'tmdb'), (6312, 'tmdb'), (2011, 'tmdb'), (3134, 'tmdb'), (21778, 'tmdb'), (2395, 'tmdb'), (5528, 'tmdb'), (30974, 'tmdb'), (9642, 'tmdb'), (2110, 'tmdb'), (1407, 'tmdb'), (60672, 'tmdb'), (10800, 'tmdb'), (40723, 'tmdb'), (1791, 'tmdb'), (10226, 'tmdb'), (570, 'tmdb'), (5070, 'tmdb'), (13312, 'tmdb'), (19026, 'tmdb'), (60670, 'tmdb'), (35712, 'tmdb'), (43619, 'tmdb'), (9662, 'tmdb'), (73881, 'tmdb'), (6935, 'tmdb'), (445, 'tmdb'), (49979, 'tmdb'), (62320, 'tmdb'), (6691, 'tmdb'), (13679, 'tmdb'), (17886, 'tmdb'), (7229, 'tmdb'), (10818, 'tmdb'), (25353, 'tmdb'), (2266, 'tmdb'), (13492, 'tmdb'), (18300, 'tmdb'), (13635, 'tmdb'), (8265, 'tmdb'), (11227, 'tmdb'), (1667, 'tmdb'), (2013, 'tmdb'), (1826, 'tmdb'), (11540, 'tmdb'), (10572, 'tmdb'), (11156, 'tmdb'), (31203, 'tmdb'), (10832, 'tmdb'), (8424, 'tmdb'), (2841, 'tmdb'), (5552, 'tmdb'), (9597, 'tmdb'), (14791, 'tmdb'), (18897, 'tmdb'), (10795, 'tmdb'), (13672, 'tmdb'), (8266, 'tmdb'), (21427, 'tmdb'), (11661, 'tmdb'), (21788, 'tmdb'), (10870, 'tmdb'), (12480, 'tmdb'), (8841, 'tmdb'), (10798, 'tmdb'), (27936, 'tmdb'), (10799, 'tmdb'), (35831, 'tmdb'), (11421, 'tmdb'), (21435, 'tmdb'), (25205, 'tmdb'), (11042, 'tmdb'), (9045, 'tmdb'), (9389, 'tmdb'), (5168, 'tmdb'), (14556, 'tmdb'), (46825, 'tmdb'), (8434, 'tmdb'), (2882, 'tmdb'), (1837, 'tmdb'), (38018, 'tmdb'), (2566, 'tmdb'), (11604, 'tmdb'), (8892, 'tmdb'), (22302, 'tmdb'), (38846, 'tmdb')]
[2022-09-29 16:32:05,801] [builder.py:1542]           [DEBUG]    | 
[2022-09-29 16:32:05,807] [builder.py:2064]           [INFO]     | 
[2022-09-29 16:32:05,807] [builder.py:2065]           [INFO]     |============================== Adding to Best of the 2000s Collection ==============================|
[2022-09-29 16:32:05,807] [builder.py:2066]           [INFO]     |                                                                                                    |
[2022-09-29 16:32:05,988] [builder.py:2080]           [INFO]     |  1/20 | Best of the 2000s Collection | = | Taxi 3 (2003)                                           |
[2022-09-29 16:32:05,988] [builder.py:2080]           [INFO]     |  2/20 | Best of the 2000s Collection | = | Taxi 2 (2000)                                           |
[2022-09-29 16:32:05,988] [builder.py:2080]           [INFO]     |  3/20 | Best of the 2000s Collection | = | Taxi 4 (2007)                                           |
[2022-09-29 16:32:05,989] [builder.py:2080]           [INFO]     |  4/20 | Best of the 2000s Collection | = | Astérix & Obélix : Mission Cléopâtre (2002)             |
[2022-09-29 16:32:05,989] [builder.py:2080]           [INFO]     |  5/20 | Best of the 2000s Collection | = | Le pacte des loups (2001)                               |
[2022-09-29 16:32:05,989] [builder.py:2080]           [INFO]     |  6/20 | Best of the 2000s Collection | = | Wasabi (2001)                                           |
[2022-09-29 16:32:05,990] [builder.py:2080]           [INFO]     |  7/20 | Best of the 2000s Collection | = | La Môme (2007)                                          |
[2022-09-29 16:32:05,990] [builder.py:2080]           [INFO]     |  8/20 | Best of the 2000s Collection | = | Combien tu m'aimes ? (2005)                             |
[2022-09-29 16:32:05,990] [builder.py:2080]           [INFO]     |  9/20 | Best of the 2000s Collection | = | Yamakasi (2001)                                         |
[2022-09-29 16:32:05,990] [builder.py:2080]           [INFO]     | 10/20 | Best of the 2000s Collection | = | Hors de prix (2006)                                     |
[2022-09-29 16:32:05,991] [builder.py:2080]           [INFO]     | 11/20 | Best of the 2000s Collection | = | Tais-toi ! (2003)                                       |
[2022-09-29 16:32:05,991] [builder.py:2080]           [INFO]     | 12/20 | Best of the 2000s Collection | = | Mesrine : L'Instinct de mort (2008)                     |
[2022-09-29 16:32:05,991] [builder.py:2080]           [INFO]     | 13/20 | Best of the 2000s Collection | = | Le Scaphandre et le Papillon (2007)                     |
[2022-09-29 16:32:05,992] [builder.py:2080]           [INFO]     | 14/20 | Best of the 2000s Collection | = | Les poupées russes (2005)                               |
[2022-09-29 16:32:05,992] [builder.py:2080]           [INFO]     | 15/20 | Best of the 2000s Collection | = | Arsène Lupin (2004)                                     |
[2022-09-29 16:32:05,992] [builder.py:2080]           [INFO]     | 16/20 | Best of the 2000s Collection | = | Coco avant Chanel (2009)                                |
[2022-09-29 16:32:05,992] [builder.py:2080]           [INFO]     | 17/20 | Best of the 2000s Collection | = | Les deux mondes (2007)                                  |
[2022-09-29 16:32:05,993] [builder.py:2080]           [INFO]     | 18/20 | Best of the 2000s Collection | = | La Doublure (2006)                                      |
[2022-09-29 16:32:05,993] [builder.py:2080]           [INFO]     | 19/20 | Best of the 2000s Collection | = | Entre les murs (2008)                                   |
[2022-09-29 16:32:05,993] [builder.py:2080]           [INFO]     | 20/20 | Best of the 2000s Collection | + | Anthony Zimmer (2005)                                   |
[2022-09-29 16:32:06,919] [builder.py:2100]           [INFO]     |                                                                                                    |
[2022-09-29 16:32:06,920] [builder.py:2102]           [INFO]     | 20 Movies Processed 1 Movies Added                                                                 |
[2022-09-29 16:32:06,920] [builder.py:2228]           [INFO]     |                                                                                                    |
[2022-09-29 16:32:06,920] [builder.py:2229]           [INFO]     |============================ Missing Movies from Library: Z. 1 - Films =============================|
[2022-09-29 16:32:06,921] [builder.py:2230]           [INFO]     |                                                                                                    |
[2022-09-29 16:32:06,939] [builder.py:2243]           [INFO]     | Best of the 2000s Collection | ? | Irreversible (2002) (TMDb: 979)                                 |
[2022-09-29 16:32:06,963] [builder.py:2243]           [INFO]     | Best of the 2000s Collection | ? | Martyrs (2008) (TMDb: 9539)                                     |
[2022-09-29 16:32:06,989] [builder.py:2243]           [INFO]     | Best of the 2000s Collection | ? | Oscar and the Lady in Pink (2009) (TMDb: 51880)                 |
[2022-09-29 16:32:07,013] [builder.py:2243]           [INFO]     | Best of the 2000s Collection | ? | Amélie (2001) (TMDb: 194)                                       |
[2022-09-29 16:32:07,015] [builder.py:2243]           [INFO]     | Best of the 2000s Collection | ? | District 13: Ultimatum (2009) (TMDb: 15357)                     |
[2022-09-29 16:32:07,046] [builder.py:2243]           [INFO]     | Best of the 2000s Collection | ? | District B13 (2004) (TMDb: 10045)                               |
[2022-09-29 16:32:07,063] [builder.py:2243]           [INFO]     | Best of the 2000s Collection | ? | Arthur and the Revenge of Maltazard (2009) (TMDb: 26505)        |
[2022-09-29 16:32:07,080] [builder.py:2243]           [INFO]     | Best of the 2000s Collection | ? | The Pornographer (2001) (TMDb: 15915)                           |
[2022-09-29 16:32:07,121] [builder.py:2243]           [INFO]     | Best of the 2000s Collection | ? | Anatomy of Hell (2004) (TMDb: 2003)                             |
[2022-09-29 16:32:07,138] [builder.py:2243]           [INFO]     | Best of the 2000s Collection | ? | Once Upon a Time: The Super Heroes (2001) (TMDb: 228088)        |
[2022-09-29 16:32:07,180] [builder.py:2243]           [INFO]     | Best of the 2000s Collection | ? | Ma mère (2004) (TMDb: 48266)                                    |
[2022-09-29 16:32:07,197] [builder.py:2243]           [INFO]     | Best of the 2000s Collection | ? | Persepolis (2007) (TMDb: 2011)                                  |
[2022-09-29 16:32:07,216] [builder.py:2243]           [INFO]     | Best of the 2000s Collection | ? | Baise-moi (2000) (TMDb: 3134)                                   |
[2022-09-29 16:32:07,225] [builder.py:2243]           [INFO]     | Best of the 2000s Collection | ? | RRRrrrr!!! (2004) (TMDb: 21778)                                 |
[2022-09-29 16:32:07,271] [builder.py:2243]           [INFO]     | Best of the 2000s Collection | ? | Astérix at the Olympic Games (2008) (TMDb: 2395)                |
[2022-09-29 16:32:07,297] [builder.py:2243]           [INFO]     | Best of the 2000s Collection | ? | The Chorus (2004) (TMDb: 5528)                                  |
[2022-09-29 16:32:07,316] [builder.py:2243]           [INFO]     | Best of the 2000s Collection | ? | High Lane (2009) (TMDb: 30974)                                  |
[2022-09-29 16:32:07,333] [builder.py:2243]           [INFO]     | Best of the 2000s Collection | ? | Asterix and the Vikings (2006) (TMDb: 9642)                     |
[2022-09-29 16:32:07,349] [builder.py:2243]           [INFO]     | Best of the 2000s Collection | ? | Crimson Rivers II: Angels of the Apocalypse (2004) (TMDb: 60672) |
[2022-09-29 16:32:07,366] [builder.py:2243]           [INFO]     | Best of the 2000s Collection | ? | Dragon Hunters (2008) (TMDb: 10800)                             |
[2022-09-29 16:32:07,383] [builder.py:2243]           [INFO]     | Best of the 2000s Collection | ? | Trouble Every Day (2001) (TMDb: 40723)                          |
[2022-09-29 16:32:07,396] [builder.py:2243]           [INFO]     | Best of the 2000s Collection | ? | The Piano Teacher (2001) (TMDb: 1791)                           |
[2022-09-29 16:32:07,411] [builder.py:2243]           [INFO]     | Best of the 2000s Collection | ? | High Tension (2003) (TMDb: 10226)                               |
[2022-09-29 16:32:07,428] [builder.py:2243]           [INFO]     | Best of the 2000s Collection | ? | Fat Girl (2001) (TMDb: 570)                                     |
[2022-09-29 16:32:07,441] [builder.py:2243]           [INFO]     | Best of the 2000s Collection | ? | Inside (2007) (TMDb: 13312)                                     |
[2022-09-29 16:32:07,471] [builder.py:2243]           [INFO]     | Best of the 2000s Collection | ? | Azur & Asmar: The Princes' Quest (2006) (TMDb: 19026)           |
[2022-09-29 16:32:07,483] [builder.py:2243]           [INFO]     | Best of the 2000s Collection | ? | The Crimson Rivers (2000) (TMDb: 60670)                         |
[2022-09-29 16:32:07,521] [builder.py:2243]           [INFO]     | Best of the 2000s Collection | ? | Secret Things (2002) (TMDb: 35712)                              |
[2022-09-29 16:32:07,547] [builder.py:2243]           [INFO]     | Best of the 2000s Collection | ? | Leaving (2009) (TMDb: 43619)                                    |
[2022-09-29 16:32:07,597] [builder.py:2243]           [INFO]     | Best of the 2000s Collection | ? | The Triplets of Belleville (2003) (TMDb: 9662)                  |
[2022-09-29 16:32:07,622] [builder.py:2243]           [INFO]     | Best of the 2000s Collection | ? | Thawing Out (2009) (TMDb: 73881)                                |
[2022-09-29 16:32:07,671] [builder.py:2243]           [INFO]     | Best of the 2000s Collection | ? | Caché (2005) (TMDb: 445)                                        |
[2022-09-29 16:32:07,689] [builder.py:2243]           [INFO]     | Best of the 2000s Collection | ? | Fidelity (2000) (TMDb: 49979)                                   |
[2022-09-29 16:32:07,721] [builder.py:2243]           [INFO]     | Best of the 2000s Collection | ? | Home (2009) (TMDb: 62320)                                       |
[2022-09-29 16:32:07,747] [builder.py:2243]           [INFO]     | Best of the 2000s Collection | ? | Kirikou and the Wild Beasts (2005) (TMDb: 13679)                |
[2022-09-29 16:32:07,763] [builder.py:2243]           [INFO]     | Best of the 2000s Collection | ? | Mutants (2009) (TMDb: 17886)                                    |
[2022-09-29 16:32:07,814] [builder.py:2243]           [INFO]     | Best of the 2000s Collection | ? | Water Lilies (2007) (TMDb: 10818)                               |
[2022-09-29 16:32:07,830] [builder.py:2243]           [INFO]     | Best of the 2000s Collection | ? | The True Story of Puss 'n Boots (2009) (TMDb: 25353)            |
[2022-09-29 16:32:07,847] [builder.py:2243]           [INFO]     | Best of the 2000s Collection | ? | Paris Je T'aime (2006) (TMDb: 2266)                             |
[2022-09-29 16:32:07,897] [builder.py:2243]           [INFO]     | Best of the 2000s Collection | ? | Frontier(s) (2007) (TMDb: 13492)                                |
[2022-09-29 16:32:07,914] [builder.py:2243]           [INFO]     | Best of the 2000s Collection | ? | Jet Lag (2002) (TMDb: 18300)                                    |
[2022-09-29 16:32:07,955] [builder.py:2243]           [INFO]     | Best of the 2000s Collection | ? | Welcome to the Sticks (2008) (TMDb: 8265)                       |
[2022-09-29 16:32:07,972] [builder.py:2243]           [INFO]     | Best of the 2000s Collection | ? | Angel-A (2005) (TMDb: 11227)                                    |
[2022-09-29 16:32:08,031] [builder.py:2243]           [INFO]     | Best of the 2000s Collection | ? | March of the Penguins (2005) (TMDb: 1667)                       |
[2022-09-29 16:32:08,072] [builder.py:2243]           [INFO]     | Best of the 2000s Collection | ? | Michel Vaillant (2003) (TMDb: 10572)                            |
[2022-09-29 16:32:08,089] [builder.py:2243]           [INFO]     | Best of the 2000s Collection | ? | Little Nicholas (2009) (TMDb: 31203)                            |
[2022-09-29 16:32:08,139] [builder.py:2243]           [INFO]     | Best of the 2000s Collection | ? | Them (2006) (TMDb: 10832)                                       |
[2022-09-29 16:32:08,156] [builder.py:2243]           [INFO]     | Best of the 2000s Collection | ? | Love Me If You Dare (2003) (TMDb: 8424)                         |
[2022-09-29 16:32:08,197] [builder.py:2243]           [INFO]     | Best of the 2000s Collection | ? | A Very Long Engagement (2004) (TMDb: 2841)                      |
[2022-09-29 16:32:08,214] [builder.py:2243]           [INFO]     | Best of the 2000s Collection | ? | Immortal (2004) (TMDb: 5552)                                    |
[2022-09-29 16:32:08,264] [builder.py:2243]           [INFO]     | Best of the 2000s Collection | ? | Vidocq (2001) (TMDb: 9597)                                      |
[2022-09-29 16:32:08,280] [builder.py:2243]           [INFO]     | Best of the 2000s Collection | ? | Don't Look Back (2009) (TMDb: 18897)                            |
[2022-09-29 16:32:08,305] [builder.py:2243]           [INFO]     | Best of the 2000s Collection | ? | Tell No One (2006) (TMDb: 10795)                                |
[2022-09-29 16:32:08,330] [builder.py:2243]           [INFO]     | Best of the 2000s Collection | ? | JCVD (2008) (TMDb: 13672)                                       |
[2022-09-29 16:32:08,355] [builder.py:2243]           [INFO]     | Best of the 2000s Collection | ? | Female Agents (2008) (TMDb: 8266)                               |
[2022-09-29 16:32:08,380] [builder.py:2243]           [INFO]     | Best of the 2000s Collection | ? | Joyeux Noel (2005) (TMDb: 11661)                                |
[2022-09-29 16:32:08,405] [builder.py:2243]           [INFO]     | Best of the 2000s Collection | ? | Trouble at Timpetill (2008) (TMDb: 21788)                       |
[2022-09-29 16:32:08,430] [builder.py:2243]           [INFO]     | Best of the 2000s Collection | ? | Lucky Luke and the Daltons (2004) (TMDb: 10870)                 |
[2022-09-29 16:32:08,455] [builder.py:2243]           [INFO]     | Best of the 2000s Collection | ? | Water Drops on Burning Rocks (2000) (TMDb: 12480)               |
[2022-09-29 16:32:08,480] [builder.py:2243]           [INFO]     | Best of the 2000s Collection | ? | Sky Fighters (2005) (TMDb: 10798)                               |
[2022-09-29 16:32:08,505] [builder.py:2243]           [INFO]     | Best of the 2000s Collection | ? | Micmacs (2009) (TMDb: 27936)                                    |
[2022-09-29 16:32:08,530] [builder.py:2243]           [INFO]     | Best of the 2000s Collection | ? | Empire of the Wolves (2005) (TMDb: 10799)                       |
[2022-09-29 16:32:08,555] [builder.py:2243]           [INFO]     | Best of the 2000s Collection | ? | Belphegor, Phantom of the Louvre (2001) (TMDb: 35831)           |
[2022-09-29 16:32:08,580] [builder.py:2243]           [INFO]     | Best of the 2000s Collection | ? | C.R.A.Z.Y. (2005) (TMDb: 11421)                                 |
[2022-09-29 16:32:08,605] [builder.py:2243]           [INFO]     | Best of the 2000s Collection | ? | French Fried Vacation 3 (2006) (TMDb: 21435)                    |
[2022-09-29 16:32:08,644] [builder.py:2243]           [INFO]     | Best of the 2000s Collection | ? | The Concert (2009) (TMDb: 25205)                                |
[2022-09-29 16:32:08,707] [builder.py:2243]           [INFO]     | Best of the 2000s Collection | ? | The Barbarian Invasions (2003) (TMDb: 11042)                    |
[2022-09-29 16:32:08,762] [builder.py:2243]           [INFO]     | Best of the 2000s Collection | ? | Amen. (2002) (TMDb: 9045)                                       |
[2022-09-29 16:32:08,796] [builder.py:2243]           [INFO]     | Best of the 2000s Collection | ? | Renaissance (2006) (TMDb: 9389)                                 |
[2022-09-29 16:32:08,824] [builder.py:2243]           [INFO]     | Best of the 2000s Collection | ? | To Be and to Have (2002) (TMDb: 5168)                           |
[2022-09-29 16:32:08,863] [builder.py:2243]           [INFO]     | Best of the 2000s Collection | ? | Anything for Her (2008) (TMDb: 14556)                           |
[2022-09-29 16:32:09,252] [builder.py:2243]           [INFO]     | Best of the 2000s Collection | ? | Lila Says (2005) (TMDb: 46825)                                  |
[2022-09-29 16:32:09,393] [builder.py:2243]           [INFO]     | Best of the 2000s Collection | ? | Summer Things (2002) (TMDb: 8434)                               |
[2022-09-29 16:32:09,446] [builder.py:2243]           [INFO]     | Best of the 2000s Collection | ? | Hunting and Gathering (2007) (TMDb: 2882)                       |
[2022-09-29 16:32:09,474] [builder.py:2243]           [INFO]     | Best of the 2000s Collection | ? | The Secret (2000) (TMDb: 1837)                                  |
[2022-09-29 16:32:09,844] [builder.py:2243]           [INFO]     | Best of the 2000s Collection | ? | Strayed (2003) (TMDb: 38018)                                    |
[2022-09-29 16:32:09,883] [builder.py:2243]           [INFO]     | Best of the 2000s Collection | ? | Time to Leave (2005) (TMDb: 2566)                               |
[2022-09-29 16:32:10,019] [builder.py:2243]           [INFO]     | Best of the 2000s Collection | ? | A Christmas Tale (2008) (TMDb: 8892)                            |
[2022-09-29 16:32:10,041] [builder.py:2243]           [INFO]     | Best of the 2000s Collection | ? | Polytechnique (2009) (TMDb: 22302)                              |
[2022-09-29 16:32:10,066] [builder.py:2243]           [INFO]     | Best of the 2000s Collection | ? | The Beautiful Person (2008) (TMDb: 38846)                       |
[2022-09-29 16:32:10,066] [builder.py:2248]           [INFO]     |                                                                                                    |
[2022-09-29 16:32:10,066] [builder.py:2249]           [INFO]     | 80 Movies Missing                                                                                  |
[2022-09-29 16:32:10,365] [plex.py:711]               [DEBUG]    | Smart Collection Test: ?type=1&sort=random&label=213171                                            |
[2022-09-29 16:32:10,541] [builder.py:2441]           [INFO]     |                                                                                                    |
[2022-09-29 16:32:10,541] [builder.py:2442]           [INFO]     |========================= Updating Details of Best of the 2000s Collection =========================|
[2022-09-29 16:32:10,541] [builder.py:2443]           [INFO]     |                                                                                                    |
[2022-09-29 16:32:10,822] [builder.py:2509]           [INFO]     | Collection Metadata Edits                                                                          |
                                                                 | Summary (summary) | Le meilleurs des années 2000
                                                                 | Sort Title | +1_7Best of the 2000s
                                                                 | Label | +PMM
[2022-09-29 16:32:11,043] [builder.py:2513]           [INFO]     | Details: have been updated
[2022-09-29 16:32:11,043] [builder.py:2517]           [INFO]     | 
[2022-09-29 16:32:11,044] [builder.py:2580]           [WARNING]  | Asset Warning: Unable to find asset folder: 'Best of the 2000s'
[2022-09-29 16:32:11,133] [plex_meta_manager.py:708]  [INFO]     | 
[2022-09-29 16:32:11,133] [plex_meta_manager.py:709]  [INFO]     |====================================================================================================|
[2022-09-29 16:32:11,133] [plex_meta_manager.py:709]  [INFO]     |                               Finished Best of the 2000s Collection                                |
[2022-09-29 16:32:11,134] [plex_meta_manager.py:709]  [INFO]     |                                    Collection Run Time: 0:00:06                                    |
[2022-09-29 16:32:11,134] [plex_meta_manager.py:709]  [INFO]     |====================================================================================================|
