[2022-09-29 21:57:38,523] [builder.py:197]            [INFO]     |====================================================================================================|
[2022-09-29 21:57:38,524] [builder.py:197]            [INFO]     |                       HBO Max Originals 2021-2025 Collection in Z. 1 - Films                       |
[2022-09-29 21:57:38,524] [builder.py:197]            [INFO]     |====================================================================================================|
[2022-09-29 21:57:38,524] [builder.py:198]            [INFO]     |                                                                                                    |
[2022-09-29 21:57:38,525] [builder.py:203]            [INFO]     |================================ Building Definition From Templates ================================|
[2022-09-29 21:57:38,525] [builder.py:219]            [INFO]     |======================== Validating HBO Max Originals 2021-2025 Attributes =========================|
[2022-09-29 21:57:38,525] [builder.py:488]            [DEBUG]    |                                                                                                    |
[2022-09-29 21:57:38,525] [builder.py:489]            [DEBUG]    | Validating Method: sync_mode                                                                       |
[2022-09-29 21:57:38,526] [builder.py:493]            [DEBUG]    | Value: sync                                                                                        |
[2022-09-29 21:57:38,526] [builder.py:538]            [DEBUG]    |                                                                                                    |
[2022-09-29 21:57:38,527] [builder.py:539]            [DEBUG]    | Validating Method: smart_label                                                                     |
[2022-09-29 21:57:38,527] [builder.py:544]            [DEBUG]    | Value: originally_available.desc                                                                   |
[2022-09-29 21:57:38,538] [builder.py:627]            [DEBUG]    |                                                                                                    |
[2022-09-29 21:57:38,539] [builder.py:631]            [DEBUG]    | Validating Method: sort_title                                                                      |
[2022-09-29 21:57:38,539] [builder.py:632]            [DEBUG]    | Value: +4_HBOMAX                                                                                   |
[2022-09-29 21:57:38,540] [builder.py:627]            [DEBUG]    |                                                                                                    |
[2022-09-29 21:57:38,540] [builder.py:631]            [DEBUG]    | Validating Method: imdb_list                                                                       |
[2022-09-29 21:57:38,541] [builder.py:632]            [DEBUG]    | Value: ordereddict([('url', 'https://www.imdb.com/search/title/?title_type=feature,tv_movie,tv_series,tv_special,tv_miniseries,documentary,video,tv_short&release_date=2021-01-01,2025-12-31&genres=!animation&countries=us&languages=en&sort=release_date,desc&count=250&companies=co0754095')]) |
[2022-09-29 21:57:40,549] [builder.py:627]            [DEBUG]    |                                                                                                    |
[2022-09-29 21:57:40,551] [builder.py:631]            [DEBUG]    | Validating Method: summary                                                                         |
[2022-09-29 21:57:40,551] [builder.py:632]            [DEBUG]    | Value: All HBO Max Originals From 2021-2025                                                        |
[2022-09-29 21:57:40,551] [builder.py:627]            [DEBUG]    |                                                                                                    |
[2022-09-29 21:57:40,551] [builder.py:631]            [DEBUG]    | Validating Method: url_poster                                                                      |
[2022-09-29 21:57:40,552] [builder.py:632]            [DEBUG]    | Value: https://i.redd.it/zxdvw3tk3f151.jpg                                                         |
[2022-09-29 21:57:40,632] [builder.py:627]            [DEBUG]    |                                                                                                    |
[2022-09-29 21:57:40,632] [builder.py:631]            [DEBUG]    | Validating Method: url_background                                                                  |
[2022-09-29 21:57:40,633] [builder.py:632]            [DEBUG]    | Value: https://wallpapercave.com/wp/wp6402755.png                                                  |
[2022-09-29 21:57:41,020] [plex.py:790]               [DEBUG]    |                                                                                                    |
[2022-09-29 21:57:41,021] [plex.py:793]               [DEBUG]    | Looking for: HBO Max Originals 2021-2025                                                           |
[2022-09-29 21:57:41,021] [builder.py:797]            [INFO]     |                                                                                                    |
[2022-09-29 21:57:41,022] [builder.py:798]            [INFO]     | Validation Successful                                                                              |
[2022-09-29 21:57:41,022] [plex_meta_manager.py:561]  [INFO]     |                                                                                                    |
[2022-09-29 21:57:41,022] [plex_meta_manager.py:563]  [INFO]     |========================== Running HBO Max Originals 2021-2025 Collection ==========================|
[2022-09-29 21:57:41,023] [plex_meta_manager.py:575]  [INFO]     |                                                                                                    |
[2022-09-29 21:57:41,023] [plex_meta_manager.py:576]  [INFO]     | Sync Mode: sync                                                                                    |
[2022-09-29 21:57:41,023] [plex_meta_manager.py:579]  [DEBUG]    |                                                                                                    |
[2022-09-29 21:57:41,023] [plex_meta_manager.py:580]  [DEBUG]    | Builder: imdb_list: {'url': 'https://www.imdb.com/search/title/?title_type=feature,tv_movie,tv_series,tv_special,tv_miniseries,documentary,video,tv_short&release_date=2021-01-01,2025-12-31&genres=!animation&countries=us&languages=en&sort=release_date,desc&count=250&companies=co0754095', 'limit': 0} |
[2022-09-29 21:57:41,024] [plex_meta_manager.py:581]  [INFO]     |                                                                                                    |
[2022-09-29 21:57:41,024] [imdb.py:184]               [INFO]     | Processing IMDb List: https://www.imdb.com/search/title/?title_type=feature,tv_movie,tv_series,tv_special,tv_miniseries,documentary,video,tv_short&release_date=2021-01-01,2025-12-31&genres=!animation&countries=us&languages=en&sort=release_date,desc&count=250&companies=co0754095 |
[2022-09-29 21:57:46,330] [imdb.py:135]               [DEBUG]    | 201 IMDb IDs Found: ['tt3581920', 'tt17042406', 'tt15494650', 'tt15435876', 'tt15303234', 'tt15268188', 'tt14586350', 'tt13885492', 'tt6166392', 'tt9362930', 'tt13345606', 'tt20215396', 'tt16280138', 'tt20215534', 'tt14674810', 'tt8005118', 'tt17220704', 'tt15824600', 'tt22049770', 'tt21873386', 'tt21650874', 'tt22179944', 'tt21374850', 'tt11198330', 'tt21327638', 'tt21435030', 'tt13075042', 'tt11212198', 'tt12116498', 'tt21103642', 'tt14597532', 'tt11987198', 'tt13249596', 'tt15306876', 'tt19758560', 'tt19799468', 'tt3704428', 'tt9883832', 'tt13649314', 'tt12899886', 'tt8783930', 'tt11324406', 'tt12879632', 'tt21912464', 'tt18271228', 'tt14558054', 'tt13142526', 'tt2887954', 'tt4123432', 'tt8834630', 'tt21193916', 'tt18949702', 'tt15422240', 'tt12585076', 'tt10975574', 'tt19316410', 'tt11947418', 'tt17003316', 'tt15575238', 'tt11057226', 'tt16118722', 'tt15590294', 'tt18332840', 'tt11000902', 'tt1877830', 'tt18363426', 'tt15462640', 'tt14400760', 'tt14128670', 'tt17526762', 'tt17005194', 'tt14542924', 'tt17041964', 'tt4406178', 'tt11225626', 'tt17048424', 'tt15588224', 'tt13146488', 'tt11188682', 'tt20215742', 'tt15719162', 'tt16116174', 'tt11847842', 'tt3781380', 'tt14669888', 'tt11111752', 'tt16533296', 'tt16433744', 'tt16288880', 'tt5232622', 'tt16433356', 'tt14501126', 'tt10838180', 'tt10574236', 'tt15186426', 'tt16304360', 'tt13819960', 'tt14218830', 'tt16154112', 'tt11471892', 'tt16153658', 'tt7740496', 'tt3581652', 'tt15431326', 'tt11540284', 'tt15781474', 'tt15716316', 'tt16152220', 'tt11212276', 'tt15168124', 'tt15390756', 'tt15766708', 'tt15765436', 'tt12708514', 'tt12643356', 'tt15475200', 'tt15520020', 'tt15513290', 'tt14396056', 'tt11188206', 'tt15532762', 'tt15532736', 'tt10773194', 'tt15286764', 'tt8110232', 'tt1924245', 'tt15560488', 'tt12682218', 'tt7972668', 'tt1160419', 'tt9620288', 'tt3811906', 'tt14324128', 'tt11525188', 'tt15141288', 'tt15078488', 'tt15046062', 'tt14675328', 'tt14406000', 'tt3272066', 'tt21190614', 'tt14903810', 'tt15210254', 'tt15101380', 'tt14825858', 'tt6334354', 'tt15004156', 'tt14812994', 'tt14126234', 'tt13406094', 'tt10653784', 'tt14734578', 'tt8923510', 'tt14948500', 'tt11525644', 'tt14375756', 'tt14630348', 'tt14512538', 'tt1321510', 'tt15058146', 'tt13450602', 'tt11337862', 'tt7069210', 'tt14968632', 'tt11815682', 'tt12762460', 'tt3215824', 'tt14336298', 'tt11987400', 'tt11210524', 'tt11945774', 'tt14330162', 'tt8697870', 'tt8396314', 'tt0293429', 'tt14236436', 'tt5034838', 'tt14215442', 'tt12361974', 'tt7808566', 'tt11847410', 'tt9024096', 'tt11454722', 'tt14057586', 'tt14173880', 'tt8399720', 'tt13990468', 'tt6820128', 'tt7384402', 'tt9784798', 'tt13648224', 'tt12837188', 'tt5618690', 'tt13957038', 'tt10016180', 'tt13409770', 'tt13670374', 'tt13061914', 'tt11716294', 'tt13793360', 'tt10985096'] |
[2022-09-29 21:57:46,331] [builder.py:1540]           [DEBUG]    |                                                                                                    |
[2022-09-29 21:57:46,331] [builder.py:1541]           [DEBUG]    | 201 IDs Found: [('tt3581920', 'imdb'), ('tt17042406', 'imdb'), ('tt15494650', 'imdb'), ('tt15435876', 'imdb'), ('tt15303234', 'imdb'), ('tt15268188', 'imdb'), ('tt14586350', 'imdb'), ('tt13885492', 'imdb'), ('tt6166392', 'imdb'), ('tt9362930', 'imdb'), ('tt13345606', 'imdb'), ('tt20215396', 'imdb'), ('tt16280138', 'imdb'), ('tt20215534', 'imdb'), ('tt14674810', 'imdb'), ('tt8005118', 'imdb'), ('tt17220704', 'imdb'), ('tt15824600', 'imdb'), ('tt22049770', 'imdb'), ('tt21873386', 'imdb'), ('tt21650874', 'imdb'), ('tt22179944', 'imdb'), ('tt21374850', 'imdb'), ('tt11198330', 'imdb'), ('tt21327638', 'imdb'), ('tt21435030', 'imdb'), ('tt13075042', 'imdb'), ('tt11212198', 'imdb'), ('tt12116498', 'imdb'), ('tt21103642', 'imdb'), ('tt14597532', 'imdb'), ('tt11987198', 'imdb'), ('tt13249596', 'imdb'), ('tt15306876', 'imdb'), ('tt19758560', 'imdb'), ('tt19799468', 'imdb'), ('tt3704428', 'imdb'), ('tt9883832', 'imdb'), ('tt13649314', 'imdb'), ('tt12899886', 'imdb'), ('tt8783930', 'imdb'), ('tt11324406', 'imdb'), ('tt12879632', 'imdb'), ('tt21912464', 'imdb'), ('tt18271228', 'imdb'), ('tt14558054', 'imdb'), ('tt13142526', 'imdb'), ('tt2887954', 'imdb'), ('tt4123432', 'imdb'), ('tt8834630', 'imdb'), ('tt21193916', 'imdb'), ('tt18949702', 'imdb'), ('tt15422240', 'imdb'), ('tt12585076', 'imdb'), ('tt10975574', 'imdb'), ('tt19316410', 'imdb'), ('tt11947418', 'imdb'), ('tt17003316', 'imdb'), ('tt15575238', 'imdb'), ('tt11057226', 'imdb'), ('tt16118722', 'imdb'), ('tt15590294', 'imdb'), ('tt18332840', 'imdb'), ('tt11000902', 'imdb'), ('tt1877830', 'imdb'), ('tt18363426', 'imdb'), ('tt15462640', 'imdb'), ('tt14400760', 'imdb'), ('tt14128670', 'imdb'), ('tt17526762', 'imdb'), ('tt17005194', 'imdb'), ('tt14542924', 'imdb'), ('tt17041964', 'imdb'), ('tt4406178', 'imdb'), ('tt11225626', 'imdb'), ('tt17048424', 'imdb'), ('tt15588224', 'imdb'), ('tt13146488', 'imdb'), ('tt11188682', 'imdb'), ('tt20215742', 'imdb'), ('tt15719162', 'imdb'), ('tt16116174', 'imdb'), ('tt11847842', 'imdb'), ('tt3781380', 'imdb'), ('tt14669888', 'imdb'), ('tt11111752', 'imdb'), ('tt16533296', 'imdb'), ('tt16433744', 'imdb'), ('tt16288880', 'imdb'), ('tt5232622', 'imdb'), ('tt16433356', 'imdb'), ('tt14501126', 'imdb'), ('tt10838180', 'imdb'), ('tt10574236', 'imdb'), ('tt15186426', 'imdb'), ('tt16304360', 'imdb'), ('tt13819960', 'imdb'), ('tt14218830', 'imdb'), ('tt16154112', 'imdb'), ('tt11471892', 'imdb'), ('tt16153658', 'imdb'), ('tt7740496', 'imdb'), ('tt3581652', 'imdb'), ('tt15431326', 'imdb'), ('tt11540284', 'imdb'), ('tt15781474', 'imdb'), ('tt15716316', 'imdb'), ('tt16152220', 'imdb'), ('tt11212276', 'imdb'), ('tt15168124', 'imdb'), ('tt15390756', 'imdb'), ('tt15766708', 'imdb'), ('tt15765436', 'imdb'), ('tt12708514', 'imdb'), ('tt12643356', 'imdb'), ('tt15475200', 'imdb'), ('tt15520020', 'imdb'), ('tt15513290', 'imdb'), ('tt14396056', 'imdb'), ('tt11188206', 'imdb'), ('tt15532762', 'imdb'), ('tt15532736', 'imdb'), ('tt10773194', 'imdb'), ('tt15286764', 'imdb'), ('tt8110232', 'imdb'), ('tt1924245', 'imdb'), ('tt15560488', 'imdb'), ('tt12682218', 'imdb'), ('tt7972668', 'imdb'), ('tt1160419', 'imdb'), ('tt9620288', 'imdb'), ('tt3811906', 'imdb'), ('tt14324128', 'imdb'), ('tt11525188', 'imdb'), ('tt15141288', 'imdb'), ('tt15078488', 'imdb'), ('tt15046062', 'imdb'), ('tt14675328', 'imdb'), ('tt14406000', 'imdb'), ('tt3272066', 'imdb'), ('tt21190614', 'imdb'), ('tt14903810', 'imdb'), ('tt15210254', 'imdb'), ('tt15101380', 'imdb'), ('tt14825858', 'imdb'), ('tt6334354', 'imdb'), ('tt15004156', 'imdb'), ('tt14812994', 'imdb'), ('tt14126234', 'imdb'), ('tt13406094', 'imdb'), ('tt10653784', 'imdb'), ('tt14734578', 'imdb'), ('tt8923510', 'imdb'), ('tt14948500', 'imdb'), ('tt11525644', 'imdb'), ('tt14375756', 'imdb'), ('tt14630348', 'imdb'), ('tt14512538', 'imdb'), ('tt1321510', 'imdb'), ('tt15058146', 'imdb'), ('tt13450602', 'imdb'), ('tt11337862', 'imdb'), ('tt7069210', 'imdb'), ('tt14968632', 'imdb'), ('tt11815682', 'imdb'), ('tt12762460', 'imdb'), ('tt3215824', 'imdb'), ('tt14336298', 'imdb'), ('tt11987400', 'imdb'), ('tt11210524', 'imdb'), ('tt11945774', 'imdb'), ('tt14330162', 'imdb'), ('tt8697870', 'imdb'), ('tt8396314', 'imdb'), ('tt0293429', 'imdb'), ('tt14236436', 'imdb'), ('tt5034838', 'imdb'), ('tt14215442', 'imdb'), ('tt12361974', 'imdb'), ('tt7808566', 'imdb'), ('tt11847410', 'imdb'), ('tt9024096', 'imdb'), ('tt11454722', 'imdb'), ('tt14057586', 'imdb'), ('tt14173880', 'imdb'), ('tt8399720', 'imdb'), ('tt13990468', 'imdb'), ('tt6820128', 'imdb'), ('tt7384402', 'imdb'), ('tt9784798', 'imdb'), ('tt13648224', 'imdb'), ('tt12837188', 'imdb'), ('tt5618690', 'imdb'), ('tt13957038', 'imdb'), ('tt10016180', 'imdb'), ('tt13409770', 'imdb'), ('tt13670374', 'imdb'), ('tt13061914', 'imdb'), ('tt11716294', 'imdb'), ('tt13793360', 'imdb'), ('tt10985096', 'imdb')] |
[2022-09-29 21:57:46,332] [builder.py:1542]           [DEBUG]    |                                                                                                    |
[2022-09-29 21:57:47,564] [builder.py:1598]           [WARNING]  | Convert Error: No TMDb ID Found for IMDb ID: tt15494650                                            |
[2022-09-29 21:57:48,161] [builder.py:1598]           [WARNING]  | Convert Error: No TMDb ID Found for IMDb ID: tt15303234                                            |
[2022-09-29 21:57:49,097] [builder.py:1598]           [WARNING]  | Convert Error: No TMDb ID Found for IMDb ID: tt13885492                                            |
[2022-09-29 21:57:50,376] [builder.py:1598]           [WARNING]  | Convert Error: No TMDb ID Found for IMDb ID: tt14674810                                            |
[2022-09-29 21:57:51,429] [builder.py:1598]           [WARNING]  | Convert Error: No TMDb ID Found for IMDb ID: tt21873386                                            |
[2022-09-29 21:57:51,583] [builder.py:1598]           [WARNING]  | Convert Error: No TMDb ID Found for IMDb ID: tt22179944                                            |
[2022-09-29 21:57:57,429] [builder.py:1598]           [WARNING]  | Convert Error: No TMDb ID Found for IMDb ID: tt21912464                                            |
[2022-09-29 21:57:58,779] [builder.py:1598]           [WARNING]  | Convert Error: No TMDb ID Found for IMDb ID: tt21193916                                            |
[2022-09-29 21:58:03,090] [builder.py:1598]           [WARNING]  | Convert Error: No TMDb ID Found for IMDb ID: tt15462640                                            |
[2022-09-29 21:58:05,115] [builder.py:1598]           [WARNING]  | Convert Error: No TVDb ID Found for TMDb ID: 155097                                                |
[2022-09-29 21:58:05,833] [builder.py:1598]           [WARNING]  | Convert Error: No TMDb ID Found for IMDb ID: tt20215742                                            |
[2022-09-29 21:58:06,512] [builder.py:1598]           [WARNING]  | Convert Error: No TMDb ID Found for IMDb ID: tt3781380                                             |
[2022-09-29 21:58:06,629] [builder.py:1598]           [WARNING]  | Convert Error: No TMDb ID Found for IMDb ID: tt14669888                                            |
[2022-09-29 21:58:06,748] [builder.py:1598]           [WARNING]  | Convert Error: No TMDb ID Found for IMDb ID: tt11111752                                            |
[2022-09-29 21:58:11,775] [builder.py:1598]           [WARNING]  | Convert Error: No TMDb ID Found for IMDb ID: tt15765436                                            |
[2022-09-29 21:58:23,228] [builder.py:1598]           [WARNING]  | Convert Error: No TMDb ID Found for IMDb ID: tt15532762                                            |
[2022-09-29 21:58:23,343] [builder.py:1598]           [WARNING]  | Convert Error: No TMDb ID Found for IMDb ID: tt15532736                                            |
[2022-09-29 21:58:26,354] [builder.py:1598]           [WARNING]  | Convert Error: No TMDb ID Found for IMDb ID: tt21190614                                            |
[2022-09-29 21:58:28,858] [builder.py:1598]           [WARNING]  | Convert Error: No TMDb ID Found for IMDb ID: tt14948500                                            |
[2022-09-29 21:58:29,567] [builder.py:1598]           [WARNING]  | Convert Error: No TMDb ID Found for IMDb ID: tt15058146                                            |
[2022-09-29 21:58:29,949] [builder.py:1598]           [WARNING]  | Convert Error: No TMDb ID Found for IMDb ID: tt14968632                                            |
[2022-09-29 21:58:32,445] [builder.py:1598]           [WARNING]  | Convert Error: No TMDb ID Found for IMDb ID: tt14236436                                            |
[2022-09-29 21:58:38,220] [builder.py:2064]           [INFO]     |                                                                                                    |
[2022-09-29 21:58:38,221] [builder.py:2065]           [INFO]     |========================= Adding to HBO Max Originals 2021-2025 Collection =========================|
[2022-09-29 21:58:38,222] [builder.py:2066]           [INFO]     |                                                                                                    |
[2022-09-29 21:58:38,257] [builder.py:2080]           [INFO]     |  1/20 | HBO Max Originals 2021-2025 Collection | + | Elvis (2022)                                  |
[2022-09-29 21:58:40,271] [builder.py:2080]           [INFO]     |  2/20 | HBO Max Originals 2021-2025 Collection | + | Les Animaux Fantastiques - Les Secrets de Dumbledore (2022) |
[2022-09-29 21:58:40,367] [builder.py:2080]           [INFO]     |  3/20 | HBO Max Originals 2021-2025 Collection | + | The Batman (2022)                             |
[2022-09-29 21:58:42,274] [builder.py:2080]           [INFO]     |  4/20 | HBO Max Originals 2021-2025 Collection | + | Kimi (2022)                                   |
[2022-09-29 21:58:44,753] [builder.py:2080]           [INFO]     |  5/20 | HBO Max Originals 2021-2025 Collection | + | Matrix IV : Resurrections (2021)              |
[2022-09-29 21:58:46,755] [builder.py:2080]           [INFO]     |  6/20 | HBO Max Originals 2021-2025 Collection | + | Nightmare Alley (2021)                        |
[2022-09-29 21:58:48,669] [builder.py:2080]           [INFO]     |  7/20 | HBO Max Originals 2021-2025 Collection | + | West Side Story (2021)                        |
[2022-09-29 21:58:50,672] [builder.py:2080]           [INFO]     |  8/20 | HBO Max Originals 2021-2025 Collection | + | Cry Macho (2021)                              |
[2022-09-29 21:58:52,486] [builder.py:2080]           [INFO]     |  9/20 | HBO Max Originals 2021-2025 Collection | + | Dune (2021)                                   |
[2022-09-29 21:58:54,709] [builder.py:2080]           [INFO]     | 10/20 | HBO Max Originals 2021-2025 Collection | + | La Méthode Williams (2021)                    |
[2022-09-29 21:58:56,412] [builder.py:2080]           [INFO]     | 11/20 | HBO Max Originals 2021-2025 Collection | + | Malignant (2021)                              |
[2022-09-29 21:58:58,263] [builder.py:2080]           [INFO]     | 12/20 | HBO Max Originals 2021-2025 Collection | + | Reminiscence (2021)                           |
[2022-09-29 21:59:00,048] [builder.py:2080]           [INFO]     | 13/20 | HBO Max Originals 2021-2025 Collection | + | D'où l'on vient (2021)                        |
[2022-09-29 21:59:02,089] [builder.py:2080]           [INFO]     | 14/20 | HBO Max Originals 2021-2025 Collection | + | Conjuring : Sous l'emprise du Diable (2021)   |
[2022-09-29 21:59:04,506] [builder.py:2080]           [INFO]     | 15/20 | HBO Max Originals 2021-2025 Collection | + | Ceux qui veulent ma mort (2021)               |
[2022-09-29 21:59:07,556] [builder.py:2080]           [INFO]     | 16/20 | HBO Max Originals 2021-2025 Collection | + | Mortal Kombat (2021)                          |
[2022-09-29 21:59:09,660] [builder.py:2080]           [INFO]     | 17/20 | HBO Max Originals 2021-2025 Collection | + | Godzilla vs Kong (2021)                       |
[2022-09-29 21:59:11,718] [builder.py:2080]           [INFO]     | 18/20 | HBO Max Originals 2021-2025 Collection | + | Zack Snyder's Justice League (2021)           |
[2022-09-29 21:59:13,725] [builder.py:2080]           [INFO]     | 19/20 | HBO Max Originals 2021-2025 Collection | + | Judas and the Black Messiah (2021)            |
[2022-09-29 21:59:15,819] [builder.py:2080]           [INFO]     | 20/20 | HBO Max Originals 2021-2025 Collection | + | Une affaire de détails (2021)                 |
[2022-09-29 21:59:16,023] [builder.py:2100]           [INFO]     |                                                                                                    |
[2022-09-29 21:59:16,024] [builder.py:2102]           [INFO]     | 20 Movies Processed 20 Movies Added                                                                |
[2022-09-29 21:59:16,024] [builder.py:2228]           [INFO]     |                                                                                                    |
[2022-09-29 21:59:16,024] [builder.py:2229]           [INFO]     |============================ Missing Movies from Library: Z. 1 - Films =============================|
[2022-09-29 21:59:16,024] [builder.py:2230]           [INFO]     |                                                                                                    |
[2022-09-29 21:59:16,335] [builder.py:2243]           [INFO]     | HBO Max Originals 2021-2025 Collection | ? | Black Canary (TMDb: 863808)                           |
[2022-09-29 21:59:16,722] [builder.py:2243]           [INFO]     | HBO Max Originals 2021-2025 Collection | ? | Wonka (2023) (TMDb: 787699)                           |
[2022-09-29 21:59:17,072] [builder.py:2243]           [INFO]     | HBO Max Originals 2021-2025 Collection | ? | Blue Beetle (2023) (TMDb: 565770)                     |
[2022-09-29 21:59:17,523] [builder.py:2243]           [INFO]     | HBO Max Originals 2021-2025 Collection | ? | Evil Dead Rise (2023) (TMDb: 713704)                  |
[2022-09-29 21:59:17,925] [builder.py:2243]           [INFO]     | HBO Max Originals 2021-2025 Collection | ? | Magic Mike's Last Dance (2023) (TMDb: 906221)         |
[2022-09-29 21:59:18,368] [builder.py:2243]           [INFO]     | HBO Max Originals 2021-2025 Collection | ? | American Girl: Corinne Tan (TMDb: 974834)             |
[2022-09-29 21:59:18,727] [builder.py:2243]           [INFO]     | HBO Max Originals 2021-2025 Collection | ? | House Party (2022) (TMDb: 632065)                     |
[2022-09-29 21:59:19,109] [builder.py:2243]           [INFO]     | HBO Max Originals 2021-2025 Collection | ? | A Christmas Story Christmas (2022) (TMDb: 929340)     |
[2022-09-29 21:59:19,559] [builder.py:2243]           [INFO]     | HBO Max Originals 2021-2025 Collection | ? | Habla Loud (2022) (TMDb: 1024525)                     |
[2022-09-29 21:59:19,885] [builder.py:2243]           [INFO]     | HBO Max Originals 2021-2025 Collection | ? | Escape from Kabul (2022) (TMDb: 1013258)              |
[2022-09-29 21:59:20,328] [builder.py:2243]           [INFO]     | HBO Max Originals 2021-2025 Collection | ? | All the Beauty and the Bloodshed (2022) (TMDb: 1004663) |
[2022-09-29 21:59:20,714] [builder.py:2243]           [INFO]     | HBO Max Originals 2021-2025 Collection | ? | Entre Nos Presents: Jesus Sepulveda: Mr. Tough Life (2022) (TMDb: 1001832) |
[2022-09-29 21:59:21,052] [builder.py:2243]           [INFO]     | HBO Max Originals 2021-2025 Collection | ? | Milestone Generations (2022) (TMDb: 1005087)          |
[2022-09-29 21:59:21,596] [builder.py:2243]           [INFO]     | HBO Max Originals 2021-2025 Collection | ? | The Anarchists (2022) (TMDb: 1012843)                 |
[2022-09-29 21:59:22,096] [builder.py:2243]           [INFO]     | HBO Max Originals 2021-2025 Collection | ? | Land of Gold (2022) (TMDb: 965649)                    |
[2022-09-29 21:59:22,601] [builder.py:2243]           [INFO]     | HBO Max Originals 2021-2025 Collection | ? | Father of the Bride (2022) (TMDb: 746419)             |
[2022-09-29 21:59:22,975] [builder.py:2243]           [INFO]     | HBO Max Originals 2021-2025 Collection | ? | Katrina Babies (2022) (TMDb: 866074)                  |
[2022-09-29 21:59:23,442] [builder.py:2243]           [INFO]     | HBO Max Originals 2021-2025 Collection | ? | 38 at the Garden (2022) (TMDb: 967183)                |
[2022-09-29 21:59:23,821] [builder.py:2243]           [INFO]     | HBO Max Originals 2021-2025 Collection | ? | Moonage Daydream (2022) (TMDb: 957457)                |
[2022-09-29 21:59:24,810] [builder.py:2243]           [INFO]     | HBO Max Originals 2021-2025 Collection | ? | Bill Maher: #Adulting (2022) (TMDb: 960639)           |
[2022-09-29 21:59:25,185] [builder.py:2243]           [INFO]     | HBO Max Originals 2021-2025 Collection | ? | Brie's Bake Off Challenge (2022) (TMDb: 957800)       |
[2022-09-29 21:59:25,611] [builder.py:2243]           [INFO]     | HBO Max Originals 2021-2025 Collection | ? | Jerrod Carmichael: Rothaniel (2022) (TMDb: 952326)    |
[2022-09-29 21:59:26,014] [builder.py:2243]           [INFO]     | HBO Max Originals 2021-2025 Collection | ? | Eraser: Reborn (2022) (TMDb: 923597)                  |
[2022-09-29 21:59:26,484] [builder.py:2243]           [INFO]     | HBO Max Originals 2021-2025 Collection | ? | Moonshot (2022) (TMDb: 767825)                        |
[2022-09-29 21:59:26,852] [builder.py:2243]           [INFO]     | HBO Max Originals 2021-2025 Collection | ? | Tony Hawk: Until the Wheels Fall Off (2022) (TMDb: 881198) |
[2022-09-29 21:59:27,371] [builder.py:2243]           [INFO]     | HBO Max Originals 2021-2025 Collection | ? | The Beauty of Blackness (2022) (TMDb: 945005)         |
[2022-09-29 21:59:27,753] [builder.py:2243]           [INFO]     | HBO Max Originals 2021-2025 Collection | ? | And Just Like That… The Documentary (2022) (TMDb: 933255) |
[2022-09-29 21:59:28,199] [builder.py:2243]           [INFO]     | HBO Max Originals 2021-2025 Collection | ? | Terry Bradshaw: Going Deep (2022) (TMDb: 925977)      |
[2022-09-29 21:59:28,674] [builder.py:2243]           [INFO]     | HBO Max Originals 2021-2025 Collection | ? | Navalny (2022) (TMDb: 926676)                         |
[2022-09-29 21:59:29,095] [builder.py:2243]           [INFO]     | HBO Max Originals 2021-2025 Collection | ? | Am I Ok? (2022) (TMDb: 641934)                        |
[2022-09-29 21:59:29,482] [builder.py:2243]           [INFO]     | HBO Max Originals 2021-2025 Collection | ? | Moses Storm: Trash White (2022) (TMDb: 925901)        |
[2022-09-29 21:59:29,901] [builder.py:2243]           [INFO]     | HBO Max Originals 2021-2025 Collection | ? | Carole King & James Taylor: Just Call Out My Name (2022) (TMDb: 920230) |
[2022-09-29 21:59:30,377] [builder.py:2243]           [INFO]     | HBO Max Originals 2021-2025 Collection | ? | Harry Potter 20th Anniversary: Return to Hogwarts (2022) (TMDb: 899082) |
[2022-09-29 21:59:30,853] [builder.py:2243]           [INFO]     | HBO Max Originals 2021-2025 Collection | ? | The Super Bob Einstein Movie (2021) (TMDb: 918632)    |
[2022-09-29 21:59:31,244] [builder.py:2243]           [INFO]     | HBO Max Originals 2021-2025 Collection | ? | Beanie Mania (2021) (TMDb: 916613)                    |
[2022-09-29 21:59:31,622] [builder.py:2243]           [INFO]     | HBO Max Originals 2021-2025 Collection | ? | Reopening Night (2021) (TMDb: 911518)                 |
[2022-09-29 21:59:32,210] [builder.py:2243]           [INFO]     | HBO Max Originals 2021-2025 Collection | ? | Christmas Is Canceled (2021) (TMDb: 899382)           |
[2022-09-29 21:59:32,607] [builder.py:2243]           [INFO]     | HBO Max Originals 2021-2025 Collection | ? | The Forever Prisoner (2021) (TMDb: 902547)            |
[2022-09-29 21:59:33,043] [builder.py:2243]           [INFO]     | HBO Max Originals 2021-2025 Collection | ? | drew michael: red blue green (2021) (TMDb: 904144)    |
[2022-09-29 21:59:33,483] [builder.py:2243]           [INFO]     | HBO Max Originals 2021-2025 Collection | ? | 8-Bit Christmas (2021) (TMDb: 802217)                 |
[2022-09-29 21:59:33,934] [builder.py:2243]           [INFO]     | HBO Max Originals 2021-2025 Collection | ? | 2021 Rock & Roll Hall of Fame Induction Ceremony (2021) (TMDb: 903976) |
[2022-09-29 21:59:34,282] [builder.py:2243]           [INFO]     | HBO Max Originals 2021-2025 Collection | ? | Comedy Chingonas (2021) (TMDb: 903088)                |
[2022-09-29 21:59:34,425] [builder.py:2237]           [ERROR]    | TMDb Error: No Movie found for TMDb ID 878564                                                      |
[2022-09-29 21:59:35,071] [builder.py:2243]           [INFO]     | HBO Max Originals 2021-2025 Collection | ? | Dear Rider: The Jake Burton Story (2021) (TMDb: 884573) |
[2022-09-29 21:59:35,454] [builder.py:2243]           [INFO]     | HBO Max Originals 2021-2025 Collection | ? | Aida Rodriguez: Fighting Words (2021) (TMDb: 889924)  |
[2022-09-29 21:59:35,968] [builder.py:2243]           [INFO]     | HBO Max Originals 2021-2025 Collection | ? | Single Mother by Choice (2021) (TMDb: 893204)         |
[2022-09-29 21:59:36,412] [builder.py:2243]           [INFO]     | HBO Max Originals 2021-2025 Collection | ? | Ricky Velez: Here's Everything (2021) (TMDb: 882898)  |
[2022-09-29 21:59:36,863] [builder.py:2243]           [INFO]     | HBO Max Originals 2021-2025 Collection | ? | Four Hours at the Capitol (2021) (TMDb: 879535)       |
[2022-09-29 21:59:37,202] [builder.py:2243]           [INFO]     | HBO Max Originals 2021-2025 Collection | ? | Phoebe Robinson: Sorry, Harriet Tubman (2021) (TMDb: 882292) |
[2022-09-29 21:59:37,583] [builder.py:2243]           [INFO]     | HBO Max Originals 2021-2025 Collection | ? | 15 Minutes of Shame (2021) (TMDb: 641363)             |
[2022-09-29 21:59:37,966] [builder.py:2243]           [INFO]     | HBO Max Originals 2021-2025 Collection | ? | My Dead Dad (2021) (TMDb: 874396)                     |
[2022-09-29 21:59:38,760] [builder.py:2243]           [INFO]     | HBO Max Originals 2021-2025 Collection | ? | The Many Saints of Newark (2021) (TMDb: 524369)       |
[2022-09-29 21:59:39,137] [builder.py:2243]           [INFO]     | HBO Max Originals 2021-2025 Collection | ? | Clint Eastwood: A Cinematic Legacy (2021) (TMDb: 881931) |
[2022-09-29 21:59:39,566] [builder.py:2243]           [INFO]     | HBO Max Originals 2021-2025 Collection | ? | Citizen Ashe (2021) (TMDb: 850990)                    |
[2022-09-29 21:59:39,965] [builder.py:2243]           [INFO]     | HBO Max Originals 2021-2025 Collection | ? | If I Can't Have Love, I Want Power (2021) (TMDb: 850337) |
[2022-09-29 21:59:40,316] [builder.py:2243]           [INFO]     | HBO Max Originals 2021-2025 Collection | ? | Eyes on the Prize: Hallowed Ground (2021) (TMDb: 852336) |
[2022-09-29 21:59:40,758] [builder.py:2243]           [INFO]     | HBO Max Originals 2021-2025 Collection | ? | Marlon Wayans: You Know What It Is (2021) (TMDb: 850654) |
[2022-09-29 21:59:41,119] [builder.py:2243]           [INFO]     | HBO Max Originals 2021-2025 Collection | ? | Betrayal at Attica (2021) (TMDb: 857079)              |
[2022-09-29 21:59:41,599] [builder.py:2243]           [INFO]     | HBO Max Originals 2021-2025 Collection | ? | Romeo Santos: King of Bachata (2021) (TMDb: 856554)   |
[2022-09-29 21:59:41,640] [builder.py:2243]           [INFO]     | HBO Max Originals 2021-2025 Collection | ? | The Suicide Squad (2021) (TMDb: 436969)               |
[2022-09-29 21:59:42,064] [builder.py:2243]           [INFO]     | HBO Max Originals 2021-2025 Collection | ? | Woodstock 99: Peace, Love, and Rage (2021) (TMDb: 848562) |
[2022-09-29 21:59:42,706] [builder.py:2243]           [INFO]     | HBO Max Originals 2021-2025 Collection | ? | Simple As Water (2021) (TMDb: 698499)                 |
[2022-09-29 21:59:43,233] [builder.py:2243]           [INFO]     | HBO Max Originals 2021-2025 Collection | ? | No Sudden Move (2021) (TMDb: 649409)                  |
[2022-09-29 21:59:43,702] [builder.py:2243]           [INFO]     | HBO Max Originals 2021-2025 Collection | ? | LFG (2021) (TMDb: 808703)                             |
[2022-09-29 21:59:44,143] [builder.py:2243]           [INFO]     | HBO Max Originals 2021-2025 Collection | ? | The Price of Freedom (2021) (TMDb: 822096)            |
[2022-09-29 21:59:44,717] [builder.py:2243]           [INFO]     | HBO Max Originals 2021-2025 Collection | ? | Roadrunner: A Film About Anthony Bourdain (2021) (TMDb: 642732) |
[2022-09-29 21:59:45,102] [builder.py:2243]           [INFO]     | HBO Max Originals 2021-2025 Collection | ? | Dreamland: The Burning of Black Wall Street (2021) (TMDb: 828720) |
[2022-09-29 21:59:45,642] [builder.py:2243]           [INFO]     | HBO Max Originals 2021-2025 Collection | ? | Friends: The Reunion (2021) (TMDb: 691179)            |
[2022-09-29 21:59:45,969] [builder.py:2243]           [INFO]     | HBO Max Originals 2021-2025 Collection | ? | Generation Why? (2021) (TMDb: 825178)                 |
[2022-09-29 21:59:46,357] [builder.py:2243]           [INFO]     | HBO Max Originals 2021-2025 Collection | ? | Our Towns (2021) (TMDb: 812018)                       |
[2022-09-29 21:59:46,819] [builder.py:2243]           [INFO]     | HBO Max Originals 2021-2025 Collection | ? | The Fallout (2021) (TMDb: 795514)                     |
[2022-09-29 21:59:47,253] [builder.py:2243]           [INFO]     | HBO Max Originals 2021-2025 Collection | ? | Women Is Losers (2021) (TMDb: 623273)                 |
[2022-09-29 21:59:47,695] [builder.py:2243]           [INFO]     | HBO Max Originals 2021-2025 Collection | ? | Covid Diaries NYC (2021) (TMDb: 779184)               |
[2022-09-29 21:59:48,060] [builder.py:2243]           [INFO]     | HBO Max Originals 2021-2025 Collection | ? | Persona: The Dark Truth Behind Personality Tests (2021) (TMDb: 800164) |
[2022-09-29 21:59:48,570] [builder.py:2243]           [INFO]     | HBO Max Originals 2021-2025 Collection | ? | TINA (2021) (TMDb: 773736)                            |
[2022-09-29 21:59:49,360] [builder.py:2243]           [INFO]     | HBO Max Originals 2021-2025 Collection | ? | The Right One (2021) (TMDb: 774785)                   |
[2022-09-29 21:59:50,078] [builder.py:2243]           [INFO]     | HBO Max Originals 2021-2025 Collection | ? | This Is Not a War Story (2021) (TMDb: 847947)         |
[2022-09-29 21:59:50,563] [builder.py:2243]           [INFO]     | HBO Max Originals 2021-2025 Collection | ? | We’re All Going to the World’s Fair (2022) (TMDb: 776501) |
[2022-09-29 21:59:51,063] [builder.py:2243]           [INFO]     | HBO Max Originals 2021-2025 Collection | ? | Street Gang: How We Got to Sesame Street (2021) (TMDb: 476044) |
[2022-09-29 21:59:51,603] [builder.py:2243]           [INFO]     | HBO Max Originals 2021-2025 Collection | ? | Locked Down (2021) (TMDb: 741228)                     |
[2022-09-29 21:59:51,604] [builder.py:2248]           [INFO]     |                                                                                                    |
[2022-09-29 21:59:51,604] [builder.py:2249]           [INFO]     | 79 Movies Missing                                                                                  |
[2022-09-29 21:59:51,742] [plex.py:711]               [DEBUG]    | Smart Collection Test: ?type=1&sort=originallyAvailableAt%3Adesc&label=213527                      |
[2022-09-29 21:59:51,935] [builder.py:2441]           [INFO]     |                                                                                                    |
[2022-09-29 21:59:51,936] [builder.py:2442]           [INFO]     |==================== Updating Details of HBO Max Originals 2021-2025 Collection ====================|
[2022-09-29 21:59:51,936] [builder.py:2443]           [INFO]     |                                                                                                    |
[2022-09-29 21:59:52,252] [builder.py:2509]           [INFO]     | Collection Metadata Edits                                                                          |
                                                                 | Summary (summary) | All HBO Max Originals From 2021-2025
                                                                 | Sort Title | +4_HBOMAX
                                                                 | Label | +PMM
[2022-09-29 21:59:53,179] [builder.py:2513]           [INFO]     | Details: have been updated
[2022-09-29 21:59:53,180] [builder.py:2517]           [INFO]     | 
[2022-09-29 21:59:53,180] [builder.py:2580]           [WARNING]  | Asset Warning: Unable to find asset folder: 'HBO Max Originals 2021-2025'
[2022-09-29 21:59:53,180] [util.py:150]               [DEBUG]    | 1 poster found:
[2022-09-29 21:59:53,181] [util.py:152]               [DEBUG]    | Method: url_poster Poster: https://i.redd.it/zxdvw3tk3f151.jpg
[2022-09-29 21:59:53,181] [util.py:150]               [DEBUG]    | 1 background found:
[2022-09-29 21:59:53,181] [util.py:152]               [DEBUG]    | Method: url_background Background: https://wallpapercave.com/wp/wp6402755.png
[2022-09-29 21:59:53,330] [library.py:170]            [INFO]     | Detail: url_poster updated poster to [URL] https://i.redd.it/zxdvw3tk3f151.jpg
[2022-09-29 21:59:53,682] [library.py:186]            [INFO]     | Detail: url_background updated background to [URL] https://wallpapercave.com/wp/wp6402755.png
[2022-09-29 21:59:53,941] [plex_meta_manager.py:708]  [INFO]     | 
[2022-09-29 21:59:53,942] [plex_meta_manager.py:709]  [INFO]     |====================================================================================================|
[2022-09-29 21:59:53,942] [plex_meta_manager.py:709]  [INFO]     |                          Finished HBO Max Originals 2021-2025 Collection                           |
[2022-09-29 21:59:53,942] [plex_meta_manager.py:709]  [INFO]     |                                    Collection Run Time: 0:02:15                                    |
[2022-09-29 21:59:53,942] [plex_meta_manager.py:709]  [INFO]     |====================================================================================================|
