[2022-10-11 09:22:35,564] [builder.py:197]            [INFO]     |====================================================================================================|
[2022-10-11 09:22:35,565] [builder.py:197]            [INFO]     |                                 Mesrine Collection in Z. 1 - Films                                 |
[2022-10-11 09:22:35,565] [builder.py:197]            [INFO]     |====================================================================================================|
[2022-10-11 09:22:35,565] [builder.py:198]            [INFO]     |                                                                                                    |
[2022-10-11 09:22:35,565] [builder.py:203]            [INFO]     |================================ Building Definition From Templates ================================|
[2022-10-11 09:22:35,565] [builder.py:211]            [DEBUG]    |                                                                                                    |
[2022-10-11 09:22:35,565] [meta.py:128]               [DEBUG]    | Template my_template                                                                               |
[2022-10-11 09:22:35,565] [meta.py:129]               [DEBUG]    | Call: {'value': ['85945'], 'tmdb_collection': ['85945'], 'key_name': 'Mesrine', 'key': '85945', 'name': 'my_template'} |
[2022-10-11 09:22:35,566] [meta.py:304]               [DEBUG]    |                                                                                                    |
[2022-10-11 09:22:35,566] [meta.py:305]               [DEBUG]    | Variables: {'value': ['85945'], 'tmdb_collection': ['85945'], 'key_name': 'Mesrine', 'key': '85945', 'name': 'my_template', 'collection_name': 'Mesrine', 'mapping_name': 'Mesrine', 'library_type': 'movie', 'library_name': 'Z. 1 - Films', 'value_encoded': '%5B%2785945%27%5D', 'tmdb_collection_encoded': '%5B%2785945%27%5D', 'key_name_encoded': 'Mesrine', 'key_encoded': '85945', 'name_encoded': 'my_template', 'collection_name_encoded': 'Mesrine', 'mapping_name_encoded': 'Mesrine', 'library_type_encoded': 'movie', 'library_name_encoded': 'Z.%201%20-%20Films', 'collection_sort': 'Mesrine'} |
[2022-10-11 09:22:35,566] [meta.py:306]               [DEBUG]    |                                                                                                    |
[2022-10-11 09:22:35,566] [meta.py:307]               [DEBUG]    | Defaults: {}                                                                                       |
[2022-10-11 09:22:35,566] [meta.py:308]               [DEBUG]    |                                                                                                    |
[2022-10-11 09:22:35,566] [meta.py:309]               [DEBUG]    | Optional: ['my_collection_poster', 'my_collection_poster_encoded']                                 |
[2022-10-11 09:22:35,567] [meta.py:370]               [DEBUG]    |                                                                                                    |
[2022-10-11 09:22:35,567] [meta.py:371]               [DEBUG]    | Final Template Attributes: {'tmdb_collection_details': ['85945'], 'collection_order': 'release', 'collection_mode': 'hide_items'} |
[2022-10-11 09:22:35,567] [meta.py:372]               [DEBUG]    |                                                                                                    |
[2022-10-11 09:22:35,567] [builder.py:219]            [INFO]     |================================== Validating Mesrine Attributes ===================================|
[2022-10-11 09:22:35,567] [builder.py:609]            [DEBUG]    |                                                                                                    |
[2022-10-11 09:22:35,567] [builder.py:610]            [DEBUG]    | Validating Method: collection_order                                                                |
[2022-10-11 09:22:35,568] [builder.py:611]            [DEBUG]    | Value: release                                                                                     |
[2022-10-11 09:22:35,568] [builder.py:627]            [DEBUG]    |                                                                                                    |
[2022-10-11 09:22:35,568] [builder.py:631]            [DEBUG]    | Validating Method: label                                                                           |
[2022-10-11 09:22:35,568] [builder.py:632]            [DEBUG]    | Value: TMDb Collections                                                                            |
[2022-10-11 09:22:35,568] [builder.py:627]            [DEBUG]    |                                                                                                    |
[2022-10-11 09:22:35,568] [builder.py:631]            [DEBUG]    | Validating Method: tmdb_collection_details                                                         |
[2022-10-11 09:22:35,568] [builder.py:632]            [DEBUG]    | Value: ['85945']                                                                                   |
[2022-10-11 09:22:35,635] [builder.py:627]            [DEBUG]    |                                                                                                    |
[2022-10-11 09:22:35,635] [builder.py:631]            [DEBUG]    | Validating Method: collection_mode                                                                 |
[2022-10-11 09:22:35,636] [builder.py:632]            [DEBUG]    | Value: hide_items                                                                                  |
[2022-10-11 09:22:35,642] [plex.py:790]               [DEBUG]    |                                                                                                    |
[2022-10-11 09:22:35,642] [plex.py:793]               [DEBUG]    | Looking for: Mesrine                                                                               |
[2022-10-11 09:22:35,642] [builder.py:797]            [INFO]     |                                                                                                    |
[2022-10-11 09:22:35,643] [builder.py:798]            [INFO]     | Validation Successful                                                                              |
[2022-10-11 09:22:35,643] [plex_meta_manager.py:561]  [INFO]     |                                                                                                    |
[2022-10-11 09:22:35,643] [plex_meta_manager.py:563]  [INFO]     |==================================== Running Mesrine Collection ====================================|
[2022-10-11 09:22:35,643] [plex_meta_manager.py:575]  [INFO]     |                                                                                                    |
[2022-10-11 09:22:35,643] [plex_meta_manager.py:576]  [INFO]     | Sync Mode: append                                                                                  |
[2022-10-11 09:22:35,644] [plex_meta_manager.py:579]  [DEBUG]    |                                                                                                    |
[2022-10-11 09:22:35,644] [plex_meta_manager.py:580]  [DEBUG]    | Builder: tmdb_collection: 85945                                                                    |
[2022-10-11 09:22:35,644] [plex_meta_manager.py:581]  [INFO]     |                                                                                                    |
[2022-10-11 09:22:35,648] [tmdb.py:382]               [INFO]     | Processing TMDb Collection: (85945) Mesrine - Saga (2 Items)                                       |
[2022-10-11 09:22:35,648] [builder.py:1540]           [DEBUG]    |                                                                                                    |
[2022-10-11 09:22:35,649] [builder.py:1541]           [DEBUG]    | 2 IDs Found: [(13635, 'tmdb'), (15362, 'tmdb')]                                                    |
[2022-10-11 09:22:35,649] [builder.py:1542]           [DEBUG]    |                                                                                                    |
[2022-10-11 09:22:35,649] [builder.py:2064]           [INFO]     |                                                                                                    |
[2022-10-11 09:22:35,649] [builder.py:2065]           [INFO]     |=================================== Adding to Mesrine Collection ===================================|
[2022-10-11 09:22:35,649] [builder.py:2066]           [INFO]     |                                                                                                    |
[2022-10-11 09:22:35,649] [builder.py:2080]           [INFO]     | 1/2 | Mesrine Collection | + | Mesrine : L'Instinct de mort (2008)                                 |
[2022-10-11 09:22:35,701] [builder.py:2080]           [INFO]     | 2/2 | Mesrine Collection | + | Mesrine : L'Ennemi public n°1 (2008)                                |
[2022-10-11 09:22:38,336] [builder.py:2100]           [INFO]     |                                                                                                    |
[2022-10-11 09:22:38,337] [builder.py:2102]           [INFO]     | 2 Movies Processed 2 Movies Added                                                                  |
[2022-10-11 09:22:38,343] [builder.py:2441]           [INFO]     |                                                                                                    |
[2022-10-11 09:22:38,343] [builder.py:2442]           [INFO]     |============================== Updating Details of Mesrine Collection ==============================|
[2022-10-11 09:22:38,343] [builder.py:2443]           [INFO]     |                                                                                                    |
[2022-10-11 09:22:38,509] [builder.py:2509]           [INFO]     | Collection Metadata Edits                                                                          |
                                                                 | Summary (tmdb_collection_details) | Saga des films Mesrine   
                                                                 | Label | +TMDb Collections, +PMM
[2022-10-11 09:22:38,717] [builder.py:2513]           [INFO]     | Details: have been updated
[2022-10-11 09:22:38,718] [builder.py:2517]           [INFO]     | 
[2022-10-11 09:22:38,892] [builder.py:2529]           [INFO]     | Collection Mode | hideItems
[2022-10-11 09:22:38,893] [builder.py:2580]           [WARNING]  | Asset Warning: Unable to find asset folder: 'Mesrine'
[2022-10-11 09:22:38,893] [util.py:150]               [DEBUG]    | 1 poster found:
[2022-10-11 09:22:38,893] [util.py:152]               [DEBUG]    | Method: tmdb_collection_details Poster: https://image.tmdb.org/t/p/original/3yNQjs6TKOrTrcffNlpyG9jrLIB.jpg
[2022-10-11 09:22:38,893] [util.py:150]               [DEBUG]    | 1 background found:
[2022-10-11 09:22:38,893] [util.py:152]               [DEBUG]    | Method: tmdb_collection_details Background: https://image.tmdb.org/t/p/original/3SirYFnkQwYhAec3ugZS8BKpMbk.jpg
[2022-10-11 09:22:39,045] [library.py:170]            [INFO]     | Detail: tmdb_collection_details updated poster to [URL] https://image.tmdb.org/t/p/original/3yNQjs6TKOrTrcffNlpyG9jrLIB.jpg
[2022-10-11 09:22:39,093] [library.py:186]            [INFO]     | Detail: tmdb_collection_details updated background to [URL] https://image.tmdb.org/t/p/original/3SirYFnkQwYhAec3ugZS8BKpMbk.jpg
[2022-10-11 09:22:39,333] [plex_meta_manager.py:708]  [INFO]     | 
[2022-10-11 09:22:39,334] [plex_meta_manager.py:709]  [INFO]     |====================================================================================================|
[2022-10-11 09:22:39,334] [plex_meta_manager.py:709]  [INFO]     |                                    Finished Mesrine Collection                                     |
[2022-10-11 09:22:39,334] [plex_meta_manager.py:709]  [INFO]     |                                    Collection Run Time: 0:00:03                                    |
[2022-10-11 09:22:39,334] [plex_meta_manager.py:709]  [INFO]     |====================================================================================================|
