[2022-10-11 11:18:26,392] [builder.py:200]            [INFO]     |====================================================================================================|
[2022-10-11 11:18:26,393] [builder.py:200]            [INFO]     |                             Basic Instinct Collection in Z. 1 - Films                              |
[2022-10-11 11:18:26,393] [builder.py:200]            [INFO]     |====================================================================================================|
[2022-10-11 11:18:26,393] [builder.py:201]            [INFO]     |                                                                                                    |
[2022-10-11 11:18:26,393] [builder.py:206]            [INFO]     |================================ Building Definition From Templates ================================|
[2022-10-11 11:18:26,393] [builder.py:222]            [DEBUG]    |                                                                                                    |
[2022-10-11 11:18:26,393] [meta.py:128]               [DEBUG]    | Template my_template                                                                               |
[2022-10-11 11:18:26,393] [meta.py:129]               [DEBUG]    | Call: {'value': ['86336'], 'tmdb_collection': ['86336'], 'key_name': 'Basic Instinct', 'key': '86336', 'name': 'my_template'} |
[2022-10-11 11:18:26,394] [meta.py:304]               [DEBUG]    |                                                                                                    |
[2022-10-11 11:18:26,394] [meta.py:305]               [DEBUG]    | Variables: {'value': ['86336'], 'tmdb_collection': ['86336'], 'key_name': 'Basic Instinct', 'key': '86336', 'name': 'my_template', 'collection_name': 'Basic Instinct', 'mapping_name': 'Basic Instinct', 'library_type': 'movie', 'library_name': 'Z. 1 - Films', 'value_encoded': '%5B%2786336%27%5D', 'tmdb_collection_encoded': '%5B%2786336%27%5D', 'key_name_encoded': 'Basic%20Instinct', 'key_encoded': '86336', 'name_encoded': 'my_template', 'collection_name_encoded': 'Basic%20Instinct', 'mapping_name_encoded': 'Basic%20Instinct', 'library_type_encoded': 'movie', 'library_name_encoded': 'Z.%201%20-%20Films', 'collection_sort': 'Basic Instinct'} |
[2022-10-11 11:18:26,394] [meta.py:306]               [DEBUG]    |                                                                                                    |
[2022-10-11 11:18:26,394] [meta.py:307]               [DEBUG]    | Defaults: {}                                                                                       |
[2022-10-11 11:18:26,394] [meta.py:308]               [DEBUG]    |                                                                                                    |
[2022-10-11 11:18:26,394] [meta.py:309]               [DEBUG]    | Optional: ['my_collection_poster', 'my_collection_poster_encoded']                                 |
[2022-10-11 11:18:26,395] [meta.py:370]               [DEBUG]    |                                                                                                    |
[2022-10-11 11:18:26,395] [meta.py:371]               [DEBUG]    | Final Template Attributes: {'tmdb_collection_details': ['86336'], 'collection_order': 'release', 'collection_mode': 'hide_items', 'sort_title': '+C1_Basic Instinct'} |
[2022-10-11 11:18:26,395] [meta.py:372]               [DEBUG]    |                                                                                                    |
[2022-10-11 11:18:26,396] [builder.py:230]            [INFO]     |=============================== Validating Basic Instinct Attributes ===============================|
[2022-10-11 11:18:26,396] [builder.py:620]            [DEBUG]    |                                                                                                    |
[2022-10-11 11:18:26,396] [builder.py:621]            [DEBUG]    | Validating Method: collection_order                                                                |
[2022-10-11 11:18:26,396] [builder.py:622]            [DEBUG]    | Value: release                                                                                     |
[2022-10-11 11:18:26,396] [builder.py:653]            [DEBUG]    |                                                                                                    |
[2022-10-11 11:18:26,396] [builder.py:657]            [DEBUG]    | Validating Method: label                                                                           |
[2022-10-11 11:18:26,396] [builder.py:658]            [DEBUG]    | Value: TMDb Collections                                                                            |
[2022-10-11 11:18:26,397] [builder.py:653]            [DEBUG]    |                                                                                                    |
[2022-10-11 11:18:26,397] [builder.py:657]            [DEBUG]    | Validating Method: tmdb_collection_details                                                         |
[2022-10-11 11:18:26,397] [builder.py:658]            [DEBUG]    | Value: ['86336']                                                                                   |
[2022-10-11 11:18:26,409] [builder.py:653]            [DEBUG]    |                                                                                                    |
[2022-10-11 11:18:26,409] [builder.py:657]            [DEBUG]    | Validating Method: collection_mode                                                                 |
[2022-10-11 11:18:26,409] [builder.py:658]            [DEBUG]    | Value: hide_items                                                                                  |
[2022-10-11 11:18:26,409] [builder.py:653]            [DEBUG]    |                                                                                                    |
[2022-10-11 11:18:26,410] [builder.py:657]            [DEBUG]    | Validating Method: sort_title                                                                      |
[2022-10-11 11:18:26,410] [builder.py:658]            [DEBUG]    | Value: +C1_Basic Instinct                                                                          |
[2022-10-11 11:18:26,607] [builder.py:823]            [INFO]     |                                                                                                    |
[2022-10-11 11:18:26,607] [builder.py:824]            [INFO]     | Validation Successful                                                                              |
[2022-10-11 11:18:26,607] [plex_meta_manager.py:561]  [INFO]     |                                                                                                    |
[2022-10-11 11:18:26,608] [plex_meta_manager.py:563]  [INFO]     |================================ Running Basic Instinct Collection =================================|
[2022-10-11 11:18:26,608] [plex_meta_manager.py:575]  [INFO]     |                                                                                                    |
[2022-10-11 11:18:26,608] [plex_meta_manager.py:576]  [INFO]     | Sync Mode: append                                                                                  |
[2022-10-11 11:18:26,608] [plex_meta_manager.py:579]  [DEBUG]    |                                                                                                    |
[2022-10-11 11:18:26,608] [plex_meta_manager.py:580]  [DEBUG]    | Builder: tmdb_collection: 86336                                                                    |
[2022-10-11 11:18:26,609] [plex_meta_manager.py:581]  [INFO]     |                                                                                                    |
[2022-10-11 11:18:26,613] [tmdb.py:381]               [INFO]     | Processing TMDb Collection: (86336) Basic Instinct - Saga (2 Items)                                |
[2022-10-11 11:18:26,613] [builder.py:1581]           [DEBUG]    |                                                                                                    |
[2022-10-11 11:18:26,613] [builder.py:1582]           [DEBUG]    | 2 IDs Found: [(402, 'tmdb'), (3093, 'tmdb')]                                                       |
[2022-10-11 11:18:26,613] [builder.py:1583]           [DEBUG]    |                                                                                                    |
[2022-10-11 11:18:26,614] [builder.py:2132]           [INFO]     |                                                                                                    |
[2022-10-11 11:18:26,614] [builder.py:2133]           [INFO]     |=============================== Adding to Basic Instinct Collection ================================|
[2022-10-11 11:18:26,614] [builder.py:2134]           [INFO]     |                                                                                                    |
[2022-10-11 11:18:26,614] [builder.py:2148]           [INFO]     | 1/2 | Basic Instinct Collection | = | Basic Instinct (1992)                                        |
[2022-10-11 11:18:26,614] [builder.py:2148]           [INFO]     | 2/2 | Basic Instinct Collection | = | Basic Instinct 2 (2006)                                      |
[2022-10-11 11:18:26,614] [builder.py:2168]           [INFO]     |                                                                                                    |
[2022-10-11 11:18:26,615] [builder.py:2170]           [INFO]     | 2 Movies Processed 0 Movies Added                                                                  |
[2022-10-11 11:18:26,621] [builder.py:2521]           [INFO]     |                                                                                                    |
[2022-10-11 11:18:26,622] [builder.py:2522]           [INFO]     |========================== Updating Details of Basic Instinct Collection ===========================|
[2022-10-11 11:18:26,622] [builder.py:2523]           [INFO]     |                                                                                                    |
[2022-10-11 11:18:26,631] [builder.py:2589]           [INFO]     | Collection Metadata Edits                                                                          |
[2022-10-11 11:18:26,631] [builder.py:2660]           [WARNING]  | Asset Warning: Unable to find asset folder: 'Basic Instinct'                                       |
[2022-10-11 11:18:26,632] [util.py:171]               [DEBUG]    | 1 poster found:                                                                                    |
[2022-10-11 11:18:26,632] [util.py:173]               [DEBUG]    | Method: tmdb_collection_details Poster: https://image.tmdb.org/t/p/original/sgMWGLCibwcXSKRhFU4SnwGogAo.jpg |
[2022-10-11 11:18:26,632] [util.py:171]               [DEBUG]    | 1 background found:                                                                                |
[2022-10-11 11:18:26,632] [util.py:173]               [DEBUG]    | Method: tmdb_collection_details Background: https://image.tmdb.org/t/p/original/lODqdHFBB4PIDEPM4Dj5ebNTXhH.jpg |
[2022-10-11 11:18:26,633] [library.py:173]            [INFO]     | Detail: poster update not needed                                                                   |
[2022-10-11 11:18:26,634] [library.py:189]            [INFO]     | Detail: background update not needed                                                               |
[2022-10-11 11:18:26,824] [plex_meta_manager.py:708]  [INFO]     |                                                                                                    |
[2022-10-11 11:18:26,824] [plex_meta_manager.py:709]  [INFO]     |====================================================================================================|
[2022-10-11 11:18:26,824] [plex_meta_manager.py:709]  [INFO]     |                                 Finished Basic Instinct Collection                                 |
[2022-10-11 11:18:26,825] [plex_meta_manager.py:709]  [INFO]     |                                    Collection Run Time: 0:00:00                                    |
[2022-10-11 11:18:26,825] [plex_meta_manager.py:709]  [INFO]     |====================================================================================================|
