[2022-10-11 09:03:15,141] [builder.py:197]            [INFO]     |====================================================================================================|
[2022-10-11 09:03:15,142] [builder.py:197]            [INFO]     |                              Martial Arts Collection in Z. 1 - Films                               |
[2022-10-11 09:03:15,142] [builder.py:197]            [INFO]     |====================================================================================================|
[2022-10-11 09:03:15,142] [builder.py:198]            [INFO]     |                                                                                                    |
[2022-10-11 09:03:15,142] [builder.py:203]            [INFO]     |================================ Building Definition From Templates ================================|
[2022-10-11 09:03:15,142] [builder.py:211]            [DEBUG]    |                                                                                                    |
[2022-10-11 09:03:15,142] [meta.py:128]               [DEBUG]    | Template Genre                                                                                     |
[2022-10-11 09:03:15,143] [meta.py:129]               [DEBUG]    | Call: ordereddict([('name', 'Genre')])                                                             |
[2022-10-11 09:03:15,143] [meta.py:304]               [DEBUG]    |                                                                                                    |
[2022-10-11 09:03:15,143] [meta.py:305]               [DEBUG]    | Variables: ordereddict([('name', 'Genre'), ('collection_name', 'Martial Arts'), ('mapping_name', 'Martial Arts'), ('library_type', 'movie'), ('library_name', 'Z. 1 - Films'), ('name_encoded', 'Genre'), ('collection_name_encoded', 'Martial%20Arts'), ('mapping_name_encoded', 'Martial%20Arts'), ('library_type_encoded', 'movie'), ('library_name_encoded', 'Z.%201%20-%20Films'), ('collection_sort', 'Martial Arts')]) |
[2022-10-11 09:03:15,143] [meta.py:306]               [DEBUG]    |                                                                                                    |
[2022-10-11 09:03:15,143] [meta.py:307]               [DEBUG]    | Defaults: {}                                                                                       |
[2022-10-11 09:03:15,143] [meta.py:308]               [DEBUG]    |                                                                                                    |
[2022-10-11 09:03:15,144] [meta.py:309]               [DEBUG]    | Optional: []                                                                                       |
[2022-10-11 09:03:15,144] [meta.py:370]               [DEBUG]    |                                                                                                    |
[2022-10-11 09:03:15,144] [meta.py:371]               [DEBUG]    | Final Template Attributes: {'sort_title': '+3_Martial Arts', 'sync_mode': 'sync', 'smart_label': 'audience_rating.desc'} |
[2022-10-11 09:03:15,144] [meta.py:372]               [DEBUG]    |                                                                                                    |
[2022-10-11 09:03:15,144] [builder.py:219]            [INFO]     |================================ Validating Martial Arts Attributes ================================|
[2022-10-11 09:03:15,145] [builder.py:488]            [DEBUG]    |                                                                                                    |
[2022-10-11 09:03:15,145] [builder.py:489]            [DEBUG]    | Validating Method: sync_mode                                                                       |
[2022-10-11 09:03:15,145] [builder.py:493]            [DEBUG]    | Value: sync                                                                                        |
[2022-10-11 09:03:15,145] [builder.py:538]            [DEBUG]    |                                                                                                    |
[2022-10-11 09:03:15,145] [builder.py:539]            [DEBUG]    | Validating Method: smart_label                                                                     |
[2022-10-11 09:03:15,145] [builder.py:544]            [DEBUG]    | Value: audience_rating.desc                                                                        |
[2022-10-11 09:03:15,161] [builder.py:627]            [DEBUG]    |                                                                                                    |
[2022-10-11 09:03:15,161] [builder.py:631]            [DEBUG]    | Validating Method: url_poster                                                                      |
[2022-10-11 09:03:15,161] [builder.py:632]            [DEBUG]    | Value: https://raw.githubusercontent.com/MonsieurZed/poster/main/img/GENRE_MARTIAL.png             |
[2022-10-11 09:03:15,365] [builder.py:627]            [DEBUG]    |                                                                                                    |
[2022-10-11 09:03:15,366] [builder.py:631]            [DEBUG]    | Validating Method: imdb_list                                                                       |
[2022-10-11 09:03:15,366] [builder.py:632]            [DEBUG]    | Value: ['https://www.imdb.com/list/ls000099643/', 'https://www.imdb.com/list/ls068611186/', 'https://www.imdb.com/list/ls068378513/', 'https://www.imdb.com/list/ls090404120/'] |
[2022-10-11 09:03:25,970] [builder.py:627]            [DEBUG]    |                                                                                                    |
[2022-10-11 09:03:25,971] [builder.py:631]            [DEBUG]    | Validating Method: track_list                                                                      |
[2022-10-11 09:03:25,972] [builder.py:632]            [DEBUG]    | Value: ['https://trakt.tv/users/canconfirm/lists/kung-fu']                                         |
[2022-10-11 09:03:25,973] [plex_meta_manager.py:696]  [DEBUG]    | Traceback (most recent call last):                                                                 |
                                                                 |   File "//plex_meta_manager.py", line 559, in run_collection
                                                                 |     builder = CollectionBuilder(config, metadata, mapping_name, collection_attrs, library=library, extra=output_str)
                                                                 |   File "/modules/builder.py", line 725, in __init__
                                                                 |     raise Failed(f"{self.Type} Error: {method_final} attribute not supported")
                                                                 | modules.util.Failed: Collection Error: track_list attribute not supported
                                                                 | 
[2022-10-11 09:03:25,974] [plex_meta_manager.py:697]  [ERROR]    | Collection Error: track_list attribute not supported
[2022-10-11 09:03:25,974] [plex_meta_manager.py:708]  [INFO]     | 
[2022-10-11 09:03:25,974] [plex_meta_manager.py:709]  [INFO]     |====================================================================================================|
[2022-10-11 09:03:25,974] [plex_meta_manager.py:709]  [INFO]     |                                  Finished Martial Arts Collection                                  |
[2022-10-11 09:03:25,974] [plex_meta_manager.py:709]  [INFO]     |                                    Collection Run Time: 0:00:10                                    |
[2022-10-11 09:03:25,974] [plex_meta_manager.py:709]  [INFO]     |====================================================================================================|
