[2022-10-08 13:04:32,111] [builder.py:197]            [INFO]     |====================================================================================================|
[2022-10-08 13:04:32,111] [builder.py:197]            [INFO]     |                      The Spanish Apartment Trilogy Collection in Z. 1 - Films                      |
[2022-10-08 13:04:32,111] [builder.py:197]            [INFO]     |====================================================================================================|
[2022-10-08 13:04:32,111] [builder.py:198]            [INFO]     |                                                                                                    |
[2022-10-08 13:04:32,111] [builder.py:203]            [INFO]     |================================ Building Definition From Templates ================================|
[2022-10-08 13:04:32,111] [builder.py:211]            [DEBUG]    |                                                                                                    |
[2022-10-08 13:04:32,112] [meta.py:128]               [DEBUG]    | Template TMDb Collections                                                                          |
[2022-10-08 13:04:32,112] [meta.py:129]               [DEBUG]    | Call: {'value': ['239766'], 'tmdb_collection': ['239766'], 'key_name': 'The Spanish Apartment Trilogy', 'key': '239766', 'name': 'TMDb Collections'} |
[2022-10-08 13:04:32,112] [meta.py:304]               [DEBUG]    |                                                                                                    |
[2022-10-08 13:04:32,112] [meta.py:305]               [DEBUG]    | Variables: {'value': ['239766'], 'tmdb_collection': ['239766'], 'key_name': 'The Spanish Apartment Trilogy', 'key': '239766', 'name': 'TMDb Collections', 'collection_name': 'The Spanish Apartment Trilogy', 'mapping_name': 'The Spanish Apartment Trilogy', 'library_type': 'movie', 'library_name': 'Z. 1 - Films', 'value_encoded': '%5B%27239766%27%5D', 'tmdb_collection_encoded': '%5B%27239766%27%5D', 'key_name_encoded': 'The%20Spanish%20Apartment%20Trilogy', 'key_encoded': '239766', 'name_encoded': 'TMDb%20Collections', 'collection_name_encoded': 'The%20Spanish%20Apartment%20Trilogy', 'mapping_name_encoded': 'The%20Spanish%20Apartment%20Trilogy', 'library_type_encoded': 'movie', 'library_name_encoded': 'Z.%201%20-%20Films', 'collection_sort': 'The Spanish Apartment Trilogy'} |
[2022-10-08 13:04:32,112] [meta.py:306]               [DEBUG]    |                                                                                                    |
[2022-10-08 13:04:32,112] [meta.py:307]               [DEBUG]    | Defaults: {}                                                                                       |
[2022-10-08 13:04:32,112] [meta.py:308]               [DEBUG]    |                                                                                                    |
[2022-10-08 13:04:32,112] [meta.py:309]               [DEBUG]    | Optional: []                                                                                       |
[2022-10-08 13:04:32,113] [meta.py:370]               [DEBUG]    |                                                                                                    |
[2022-10-08 13:04:32,113] [meta.py:371]               [DEBUG]    | Final Template Attributes: {'tmdb_collection_details': ['239766'], 'minimum_items': 2}             |
[2022-10-08 13:04:32,113] [meta.py:372]               [DEBUG]    |                                                                                                    |
[2022-10-08 13:04:32,113] [builder.py:219]            [INFO]     |======================= Validating The Spanish Apartment Trilogy Attributes ========================|
[2022-10-08 13:04:32,113] [builder.py:627]            [DEBUG]    |                                                                                                    |
[2022-10-08 13:04:32,114] [builder.py:631]            [DEBUG]    | Validating Method: label                                                                           |
[2022-10-08 13:04:32,114] [builder.py:632]            [DEBUG]    | Value: TMDb Collections                                                                            |
[2022-10-08 13:04:32,114] [builder.py:627]            [DEBUG]    |                                                                                                    |
[2022-10-08 13:04:32,114] [builder.py:631]            [DEBUG]    | Validating Method: tmdb_collection_details                                                         |
[2022-10-08 13:04:32,114] [builder.py:632]            [DEBUG]    | Value: ['239766']                                                                                  |
[2022-10-08 13:04:32,127] [builder.py:627]            [DEBUG]    |                                                                                                    |
[2022-10-08 13:04:32,128] [builder.py:631]            [DEBUG]    | Validating Method: minimum_items                                                                   |
[2022-10-08 13:04:32,128] [builder.py:632]            [DEBUG]    | Value: 2                                                                                           |
[2022-10-08 13:04:32,306] [builder.py:797]            [INFO]     |                                                                                                    |
[2022-10-08 13:04:32,306] [builder.py:798]            [INFO]     | Validation Successful                                                                              |
[2022-10-08 13:04:32,306] [plex_meta_manager.py:561]  [INFO]     |                                                                                                    |
[2022-10-08 13:04:32,306] [plex_meta_manager.py:563]  [INFO]     |========================= Running The Spanish Apartment Trilogy Collection =========================|
[2022-10-08 13:04:32,307] [plex_meta_manager.py:575]  [INFO]     |                                                                                                    |
[2022-10-08 13:04:32,307] [plex_meta_manager.py:576]  [INFO]     | Sync Mode: append                                                                                  |
[2022-10-08 13:04:32,307] [plex_meta_manager.py:579]  [DEBUG]    |                                                                                                    |
[2022-10-08 13:04:32,307] [plex_meta_manager.py:580]  [DEBUG]    | Builder: tmdb_collection: 239766                                                                   |
[2022-10-08 13:04:32,307] [plex_meta_manager.py:581]  [INFO]     |                                                                                                    |
[2022-10-08 13:04:32,312] [tmdb.py:382]               [INFO]     | Processing TMDb Collection: (239766) The Spanish Apartment Trilogy (3 Items)                       |
[2022-10-08 13:04:32,312] [builder.py:1540]           [DEBUG]    |                                                                                                    |
[2022-10-08 13:04:32,313] [builder.py:1541]           [DEBUG]    | 3 IDs Found: [(1555, 'tmdb'), (1826, 'tmdb'), (206408, 'tmdb')]                                    |
[2022-10-08 13:04:32,313] [builder.py:1542]           [DEBUG]    |                                                                                                    |
[2022-10-08 13:04:32,313] [builder.py:2064]           [INFO]     |                                                                                                    |
[2022-10-08 13:04:32,313] [builder.py:2065]           [INFO]     |======================== Adding to The Spanish Apartment Trilogy Collection ========================|
[2022-10-08 13:04:32,313] [builder.py:2066]           [INFO]     |                                                                                                    |
[2022-10-08 13:04:32,314] [builder.py:2080]           [INFO]     | 1/3 | The Spanish Apartment Trilogy Collection | = | L'auberge espagnole (2002)                    |
[2022-10-08 13:04:32,314] [builder.py:2080]           [INFO]     | 2/3 | The Spanish Apartment Trilogy Collection | = | Les poupées russes (2005)                     |
[2022-10-08 13:04:32,314] [builder.py:2080]           [INFO]     | 3/3 | The Spanish Apartment Trilogy Collection | = | Casse-tête chinois (2013)                     |
[2022-10-08 13:04:32,314] [builder.py:2100]           [INFO]     |                                                                                                    |
[2022-10-08 13:04:32,314] [builder.py:2102]           [INFO]     | 3 Movies Processed 0 Movies Added                                                                  |
[2022-10-08 13:04:32,321] [builder.py:2441]           [INFO]     |                                                                                                    |
[2022-10-08 13:04:32,321] [builder.py:2442]           [INFO]     |=================== Updating Details of The Spanish Apartment Trilogy Collection ===================|
[2022-10-08 13:04:32,321] [builder.py:2443]           [INFO]     |                                                                                                    |
[2022-10-08 13:04:32,331] [builder.py:2509]           [INFO]     | Collection Metadata Edits                                                                          |
[2022-10-08 13:04:32,331] [builder.py:2580]           [WARNING]  | Asset Warning: Unable to find asset folder: 'The Spanish Apartment Trilogy'                        |
[2022-10-08 13:04:32,331] [util.py:150]               [DEBUG]    | 1 poster found:                                                                                    |
[2022-10-08 13:04:32,332] [util.py:152]               [DEBUG]    | Method: tmdb_collection_details Poster: https://image.tmdb.org/t/p/original/zlv6rK93uJQX2S0uLRzodjXWeqO.jpg |
[2022-10-08 13:04:32,332] [util.py:150]               [DEBUG]    | 1 background found:                                                                                |
[2022-10-08 13:04:32,332] [util.py:152]               [DEBUG]    | Method: tmdb_collection_details Background: https://image.tmdb.org/t/p/original/p7g6oUYWhKS1TmLo4xBMnDNcsGh.jpg |
[2022-10-08 13:04:32,333] [library.py:172]            [INFO]     | Detail: poster update not needed                                                                   |
[2022-10-08 13:04:32,334] [library.py:188]            [INFO]     | Detail: background update not needed                                                               |
[2022-10-08 13:04:32,495] [plex_meta_manager.py:708]  [INFO]     |                                                                                                    |
[2022-10-08 13:04:32,495] [plex_meta_manager.py:709]  [INFO]     |====================================================================================================|
[2022-10-08 13:04:32,496] [plex_meta_manager.py:709]  [INFO]     |                         Finished The Spanish Apartment Trilogy Collection                          |
[2022-10-08 13:04:32,496] [plex_meta_manager.py:709]  [INFO]     |                                    Collection Run Time: 0:00:00                                    |
[2022-10-08 13:04:32,496] [plex_meta_manager.py:709]  [INFO]     |====================================================================================================|
