[2022-10-11 08:53:44,015] [builder.py:197]            [INFO]     |====================================================================================================|
[2022-10-11 08:53:44,015] [builder.py:197]            [INFO]     |                                 Reddit Collection in Z. 1 - Films                                  |
[2022-10-11 08:53:44,015] [builder.py:197]            [INFO]     |====================================================================================================|
[2022-10-11 08:53:44,015] [builder.py:198]            [INFO]     |                                                                                                    |
[2022-10-11 08:53:44,015] [builder.py:203]            [INFO]     |================================ Building Definition From Templates ================================|
[2022-10-11 08:53:44,015] [builder.py:211]            [DEBUG]    |                                                                                                    |
[2022-10-11 08:53:44,015] [meta.py:128]               [DEBUG]    | Template Chart                                                                                     |
[2022-10-11 08:53:44,016] [meta.py:129]               [DEBUG]    | Call: ordereddict([('name', 'Chart')])                                                             |
[2022-10-11 08:53:44,016] [meta.py:304]               [DEBUG]    |                                                                                                    |
[2022-10-11 08:53:44,016] [meta.py:305]               [DEBUG]    | Variables: ordereddict([('name', 'Chart'), ('collection_name', 'Reddit'), ('mapping_name', 'Reddit'), ('library_type', 'movie'), ('library_name', 'Z. 1 - Films'), ('name_encoded', 'Chart'), ('collection_name_encoded', 'Reddit'), ('mapping_name_encoded', 'Reddit'), ('library_type_encoded', 'movie'), ('library_name_encoded', 'Z.%201%20-%20Films'), ('collection_sort', 'Reddit')]) |
[2022-10-11 08:53:44,016] [meta.py:306]               [DEBUG]    |                                                                                                    |
[2022-10-11 08:53:44,016] [meta.py:307]               [DEBUG]    | Defaults: {}                                                                                       |
[2022-10-11 08:53:44,016] [meta.py:308]               [DEBUG]    |                                                                                                    |
[2022-10-11 08:53:44,016] [meta.py:309]               [DEBUG]    | Optional: []                                                                                       |
[2022-10-11 08:53:44,017] [meta.py:370]               [DEBUG]    |                                                                                                    |
[2022-10-11 08:53:44,017] [meta.py:371]               [DEBUG]    | Final Template Attributes: {'sort_title': '+1_<<num>>Reddit', 'sync_mode': 'sync'}                 |
[2022-10-11 08:53:44,017] [meta.py:372]               [DEBUG]    |                                                                                                    |
[2022-10-11 08:53:44,017] [builder.py:219]            [INFO]     |=================================== Validating Reddit Attributes ===================================|
[2022-10-11 08:53:44,017] [builder.py:488]            [DEBUG]    |                                                                                                    |
[2022-10-11 08:53:44,017] [builder.py:489]            [DEBUG]    | Validating Method: sync_mode                                                                       |
[2022-10-11 08:53:44,018] [builder.py:493]            [DEBUG]    | Value: sync                                                                                        |
[2022-10-11 08:53:44,018] [builder.py:627]            [DEBUG]    |                                                                                                    |
[2022-10-11 08:53:44,018] [builder.py:631]            [DEBUG]    | Validating Method: visible_home                                                                    |
[2022-10-11 08:53:44,018] [builder.py:632]            [DEBUG]    | Value: True                                                                                        |
[2022-10-11 08:53:44,018] [builder.py:627]            [DEBUG]    |                                                                                                    |
[2022-10-11 08:53:44,018] [builder.py:631]            [DEBUG]    | Validating Method: visible_shared                                                                  |
[2022-10-11 08:53:44,018] [builder.py:632]            [DEBUG]    | Value: True                                                                                        |
[2022-10-11 08:53:44,018] [builder.py:627]            [DEBUG]    |                                                                                                    |
[2022-10-11 08:53:44,018] [builder.py:631]            [DEBUG]    | Validating Method: trakt_list                                                                      |
[2022-10-11 08:53:44,019] [builder.py:632]            [DEBUG]    | Value: ['https://trakt.tv/users/smatthew/lists/reddit']                                            |
[2022-10-11 08:53:44,226] [builder.py:627]            [DEBUG]    |                                                                                                    |
[2022-10-11 08:53:44,227] [builder.py:631]            [DEBUG]    | Validating Method: summary                                                                         |
[2022-10-11 08:53:44,227] [builder.py:632]            [DEBUG]    | Value: This is a list based on movies found in the following subreddits  r/iwatchedanoldmovie r/flicks r/moviesclubr/MoviePosterPorn |
[2022-10-11 08:53:44,227] [builder.py:627]            [DEBUG]    |                                                                                                    |
[2022-10-11 08:53:44,227] [builder.py:631]            [DEBUG]    | Validating Method: url_poster                                                                      |
[2022-10-11 08:53:44,228] [builder.py:632]            [DEBUG]    | Value: https://raw.githubusercontent.com/MonsieurZed/poster/main/img/CHART_RADAR.png               |
[2022-10-11 08:53:44,232] [builder.py:828]            [WARNING]  | Collection Warning: No Poster Found at https://raw.githubusercontent.com/MonsieurZed/poster/main/img/CHART_RADAR.png |
[2022-10-11 08:53:44,232] [builder.py:627]            [DEBUG]    |                                                                                                    |
[2022-10-11 08:53:44,233] [builder.py:631]            [DEBUG]    | Validating Method: sort_title                                                                      |
[2022-10-11 08:53:44,233] [builder.py:632]            [DEBUG]    | Value: +1_<<num>>Reddit                                                                            |
[2022-10-11 08:53:44,558] [builder.py:797]            [INFO]     |                                                                                                    |
[2022-10-11 08:53:44,559] [builder.py:798]            [INFO]     | Validation Successful                                                                              |
[2022-10-11 08:53:44,559] [plex_meta_manager.py:561]  [INFO]     |                                                                                                    |
[2022-10-11 08:53:44,559] [plex_meta_manager.py:563]  [INFO]     |==================================== Running Reddit Collection =====================================|
[2022-10-11 08:53:44,559] [plex_meta_manager.py:575]  [INFO]     |                                                                                                    |
[2022-10-11 08:53:44,559] [plex_meta_manager.py:576]  [INFO]     | Sync Mode: sync                                                                                    |
[2022-10-11 08:53:44,560] [plex_meta_manager.py:579]  [DEBUG]    |                                                                                                    |
[2022-10-11 08:53:44,560] [plex_meta_manager.py:580]  [DEBUG]    | Builder: trakt_list: https://trakt.tv/users/smatthew/lists/reddit                                  |
[2022-10-11 08:53:44,560] [plex_meta_manager.py:581]  [INFO]     |                                                                                                    |
[2022-10-11 08:53:44,560] [trakt.py:487]              [INFO]     | Processing Trakt List: https://trakt.tv/users/smatthew/lists/reddit                                |
[2022-10-11 08:53:44,735] [builder.py:1540]           [DEBUG]    |                                                                                                    |
[2022-10-11 08:53:44,736] [builder.py:1541]           [DEBUG]    | 147 IDs Found: [(453358, 'tmdb'), (426426, 'tmdb'), (284054, 'tmdb'), (454652, 'tmdb'), (24559, 'tmdb'), (437586, 'tmdb'), (16869, 'tmdb'), (2034, 'tmdb'), (600, 'tmdb'), (31152, 'tmdb'), (218, 'tmdb'), (152584, 'tmdb'), (571, 'tmdb'), (447332, 'tmdb'), (20649, 'tmdb'), (13183, 'tmdb'), (991, 'tmdb'), (6978, 'tmdb'), (120467, 'tmdb'), (85, 'tmdb'), (16441, 'tmdb'), (14160, 'tmdb'), (263115, 'tmdb'), (18502, 'tmdb'), (2085, 'tmdb'), (457136, 'tmdb'), (78, 'tmdb'), (335984, 'tmdb'), (4232, 'tmdb'), (348, 'tmdb'), (68722, 'tmdb'), (254320, 'tmdb'), (1089, 'tmdb'), (381283, 'tmdb'), (627, 'tmdb'), (5482, 'tmdb'), (593, 'tmdb'), (18, 'tmdb'), (315837, 'tmdb'), (13597, 'tmdb'), (493922, 'tmdb'), (24924, 'tmdb'), (106, 'tmdb'), (857, 'tmdb'), (17585, 'tmdb'), (1648, 'tmdb'), (324552, 'tmdb'), (460885, 'tmdb'), (769, 'tmdb'), (244786, 'tmdb'), (94329, 'tmdb'), (578, 'tmdb'), (319, 'tmdb'), (117, 'tmdb'), (565, 'tmdb'), (496743, 'tmdb'), (521, 'tmdb'), (268, 'tmdb'), (194, 'tmdb'), (550, 'tmdb'), (13333, 'tmdb'), (313369, 'tmdb'), (786, 'tmdb'), (228194, 'tmdb'), (9806, 'tmdb'), (278, 'tmdb'), (19, 'tmdb'), (315011, 'tmdb'), (9428, 'tmdb'), (83899, 'tmdb'), (173, 'tmdb'), (458737, 'tmdb'), (11284, 'tmdb'), (1103, 'tmdb'), (771, 'tmdb'), (149, 'tmdb'), (3114, 'tmdb'), (177572, 'tmdb'), (297725, 'tmdb'), (157336, 'tmdb'), (653, 'tmdb'), (345, 'tmdb'), (77, 'tmdb'), (324857, 'tmdb'), (389, 'tmdb'), (10531, 'tmdb'), (6114, 'tmdb'), (155, 'tmdb'), (4011, 'tmdb'), (525, 'tmdb'), (120, 'tmdb'), (283995, 'tmdb'), (11878, 'tmdb'), (10110, 'tmdb'), (4108, 'tmdb'), (85350, 'tmdb'), (157834, 'tmdb'), (76341, 'tmdb'), (3131, 'tmdb'), (567, 'tmdb'), (11645, 'tmdb'), (948, 'tmdb'), (377, 'tmdb'), (16859, 'tmdb'), (11868, 'tmdb'), (4960, 'tmdb'), (9552, 'tmdb'), (14069, 'tmdb'), (4923, 'tmdb'), (10315, 'tmdb'), (398173, 'tmdb'), (37247, 'tmdb'), (10215, 'tmdb'), (36679, 'tmdb'), (539, 'tmdb'), (24128, 'tmdb'), (470229, 'tmdb'), (1487, 'tmdb'), (185, 'tmdb'), (10386, 'tmdb'), (40662, 'tmdb'), (747, 'tmdb'), (4347, 'tmdb'), (63, 'tmdb'), (8337, 'tmdb'), (274, 'tmdb'), (1954, 'tmdb'), (28, 'tmdb'), (196737, 'tmdb'), (245891, 'tmdb'), (862, 'tmdb'), (238, 'tmdb'), (62211, 'tmdb'), (27205, 'tmdb'), (536115, 'tmdb'), (101, 'tmdb'), (694, 'tmdb'), (300668, 'tmdb'), (1091, 'tmdb'), (36586, 'tmdb'), (1368, 'tmdb'), (10072, 'tmdb'), (329, 'tmdb'), (9502, 'tmdb'), (1541, 'tmdb'), (9056, 'tmdb'), (24, 'tmdb')] |
[2022-10-11 08:53:44,736] [builder.py:1542]           [DEBUG]    |                                                                                                    |
[2022-10-11 08:53:44,745] [builder.py:2064]           [INFO]     |                                                                                                    |
[2022-10-11 08:53:44,745] [builder.py:2065]           [INFO]     |=================================== Adding to Reddit Collection ====================================|
[2022-10-11 08:53:44,745] [builder.py:2066]           [INFO]     |                                                                                                    |
[2022-10-11 08:53:44,745] [builder.py:2080]           [INFO]     |  1/57 | Reddit Collection | + | Black Panther (2018)                                               |
[2022-10-11 08:53:45,006] [builder.py:2080]           [INFO]     |  2/57 | Reddit Collection | + | Colette (2018)                                                     |
[2022-10-11 08:53:45,319] [builder.py:2080]           [INFO]     |  3/57 | Reddit Collection | + | Inglourious Basterds (2009)                                        |
[2022-10-11 08:53:45,599] [builder.py:2080]           [INFO]     |  4/57 | Reddit Collection | + | Full Metal Jacket (1987)                                           |
[2022-10-11 08:53:45,854] [builder.py:2080]           [INFO]     |  5/57 | Reddit Collection | + | Terminator (1984)                                                  |
[2022-10-11 08:53:46,182] [builder.py:2080]           [INFO]     |  6/57 | Reddit Collection | + | Sans un bruit (2018)                                               |
[2022-10-11 08:53:46,412] [builder.py:2080]           [INFO]     |  7/57 | Reddit Collection | + | Watchmen : Les Gardiens (2009)                                     |
[2022-10-11 08:53:47,014] [builder.py:2080]           [INFO]     |  8/57 | Reddit Collection | + | The Grand Budapest Hotel (2014)                                    |
[2022-10-11 08:53:47,375] [builder.py:2080]           [INFO]     |  9/57 | Reddit Collection | + | Les Aventuriers de l'arche perdue (1981)                           |
[2022-10-11 08:53:47,645] [builder.py:2080]           [INFO]     | 10/57 | Reddit Collection | + | Logan (2017)                                                       |
[2022-10-11 08:53:47,930] [builder.py:2080]           [INFO]     | 11/57 | Reddit Collection | + | Blade Runner (1982)                                                |
[2022-10-11 08:53:48,434] [builder.py:2080]           [INFO]     | 12/57 | Reddit Collection | + | Blade Runner 2049 (2017)                                           |
[2022-10-11 08:53:48,952] [builder.py:2080]           [INFO]     | 13/57 | Reddit Collection | + | Alien I : Le huitième passager (1979)                              |
[2022-10-11 08:53:49,443] [builder.py:2080]           [INFO]     | 14/57 | Reddit Collection | + | The Master (2012)                                                  |
[2022-10-11 08:53:49,692] [builder.py:2080]           [INFO]     | 15/57 | Reddit Collection | = | The Lobster (2015)                                                 |
[2022-10-11 08:53:49,692] [builder.py:2080]           [INFO]     | 16/57 | Reddit Collection | + | Point Break : Extrême limite (1991)                                |
[2022-10-11 08:53:49,936] [builder.py:2080]           [INFO]     | 17/57 | Reddit Collection | + | Trainspotting (1996)                                               |
[2022-10-11 08:53:50,176] [builder.py:2080]           [INFO]     | 18/57 | Reddit Collection | + | Le Cinquième Élément (1997)                                        |
[2022-10-11 08:53:50,473] [builder.py:2080]           [INFO]     | 19/57 | Reddit Collection | + | Ghost in the Shell (2017)                                          |
[2022-10-11 08:53:50,721] [builder.py:2080]           [INFO]     | 20/57 | Reddit Collection | + | Hérédité (2018)                                                    |
[2022-10-11 08:53:50,963] [builder.py:2080]           [INFO]     | 21/57 | Reddit Collection | + | Predator (1987)                                                    |
[2022-10-11 08:53:51,204] [builder.py:2080]           [INFO]     | 22/57 | Reddit Collection | + | Il faut sauver le soldat Ryan (1998)                               |
[2022-10-11 08:53:53,801] [builder.py:2080]           [INFO]     | 23/57 | Reddit Collection | + | John Wick 2 (2017)                                                 |
[2022-10-11 08:53:54,144] [builder.py:2080]           [INFO]     | 24/57 | Reddit Collection | + | Whiplash (2014)                                                    |
[2022-10-11 08:53:54,447] [builder.py:2080]           [INFO]     | 25/57 | Reddit Collection | + | Les Incorruptibles (1987)                                          |
[2022-10-11 08:53:54,717] [builder.py:2080]           [INFO]     | 26/57 | Reddit Collection | + | Batman (1989)                                                      |
[2022-10-11 08:53:55,219] [builder.py:2080]           [INFO]     | 27/57 | Reddit Collection | + | Le fabuleux destin d'Amélie Poulain (2001)                         |
[2022-10-11 08:53:55,519] [builder.py:2080]           [INFO]     | 28/57 | Reddit Collection | + | Fight Club (1999)                                                  |
[2022-10-11 08:53:55,776] [builder.py:2080]           [INFO]     | 29/57 | Reddit Collection | + | La La Land (2016)                                                  |
[2022-10-11 08:53:56,103] [builder.py:2080]           [INFO]     | 30/57 | Reddit Collection | + | Les Évadés (1994)                                                  |
[2022-10-11 08:53:56,386] [builder.py:2080]           [INFO]     | 31/57 | Reddit Collection | + | Sur le Chemin de la Rédemption (2018)                              |
[2022-10-11 08:53:56,631] [builder.py:2080]           [INFO]     | 32/57 | Reddit Collection | + | Maman, j'ai raté l'avion ! (1990)                                  |
[2022-10-11 08:53:56,875] [builder.py:2080]           [INFO]     | 33/57 | Reddit Collection | + | Interstellar (2014)                                                |
[2022-10-11 08:53:56,905] [builder.py:2080]           [INFO]     | 34/57 | Reddit Collection | + | Eyes Wide Shut (1999)                                              |
[2022-10-11 08:53:57,195] [builder.py:2080]           [INFO]     | 35/57 | Reddit Collection | + | Memento (2000)                                                     |
[2022-10-11 08:53:57,429] [builder.py:2080]           [INFO]     | 36/57 | Reddit Collection | + | The Dark Knight : Le Chevalier noir (2008)                         |
[2022-10-11 08:53:57,957] [builder.py:2080]           [INFO]     | 37/57 | Reddit Collection | + | Le Seigneur des anneaux I : La Communaute de l'anneau (2001)       |
[2022-10-11 08:53:58,236] [builder.py:2080]           [INFO]     | 38/57 | Reddit Collection | + | Les Gardiens de la Galaxie Vol. 2 (2017)                           |
[2022-10-11 08:53:58,514] [builder.py:2080]           [INFO]     | 39/57 | Reddit Collection | + | Le Transporteur (2002)                                             |
[2022-10-11 08:53:58,749] [builder.py:2080]           [INFO]     | 40/57 | Reddit Collection | + | Boyhood (2014)                                                     |
[2022-10-11 08:53:59,011] [builder.py:2080]           [INFO]     | 41/57 | Reddit Collection | + | Mad Max IV : Fury Road (2015)                                      |
[2022-10-11 08:53:59,257] [builder.py:2080]           [INFO]     | 42/57 | Reddit Collection | + | Hellboy I (2004)                                                   |
[2022-10-11 08:53:59,512] [builder.py:2080]           [INFO]     | 43/57 | Reddit Collection | + | Orange Mécanique (1972)                                            |
[2022-10-11 08:53:59,772] [builder.py:2080]           [INFO]     | 44/57 | Reddit Collection | + | Shaun of the Dead (2004)                                           |
[2022-10-11 08:54:00,012] [builder.py:2080]           [INFO]     | 45/57 | Reddit Collection | + | L'Armée des 12 singes (1995)                                       |
[2022-10-11 08:54:00,249] [builder.py:2080]           [INFO]     | 46/57 | Reddit Collection | + | Le Silence des agneaux (1991)                                      |
[2022-10-11 08:54:00,505] [builder.py:2080]           [INFO]     | 47/57 | Reddit Collection | + | L'Effet papillon (2004)                                            |
[2022-10-11 08:54:00,875] [builder.py:2080]           [INFO]     | 48/57 | Reddit Collection | + | John Wick (2014)                                                   |
[2022-10-11 08:54:01,195] [builder.py:2080]           [INFO]     | 49/57 | Reddit Collection | + | Le Parrain (1972)                                                  |
[2022-10-11 08:54:01,422] [builder.py:2080]           [INFO]     | 50/57 | Reddit Collection | + | Inception (2010)                                                   |
[2022-10-11 08:54:01,688] [builder.py:2080]           [INFO]     | 51/57 | Reddit Collection | + | Léon (1994)                                                        |
[2022-10-11 08:54:01,955] [builder.py:2080]           [INFO]     | 52/57 | Reddit Collection | + | Shining (1980)                                                     |
[2022-10-11 08:54:02,208] [builder.py:2080]           [INFO]     | 53/57 | Reddit Collection | + | Annihilation (2018)                                                |
[2022-10-11 08:54:02,464] [builder.py:2080]           [INFO]     | 54/57 | Reddit Collection | + | Blade II (2002)                                                    |
[2022-10-11 08:54:02,948] [builder.py:2080]           [INFO]     | 55/57 | Reddit Collection | + | Rambo I : First Blood (1982)                                       |
[2022-10-11 08:54:03,179] [builder.py:2080]           [INFO]     | 56/57 | Reddit Collection | + | Jurassic Park (1993)                                               |
[2022-10-11 08:54:03,424] [builder.py:2080]           [INFO]     | 57/57 | Reddit Collection | + | Kill Bill : Volume 1 (2003)                                        |
[2022-10-11 08:54:03,990] [builder.py:2100]           [INFO]     |                                                                                                    |
[2022-10-11 08:54:03,990] [builder.py:2102]           [INFO]     | 57 Movies Processed 56 Movies Added                                                                |
[2022-10-11 08:54:03,990] [builder.py:2110]           [INFO]     |                                                                                                    |
[2022-10-11 08:54:03,991] [builder.py:2111]           [INFO]     |================================== Removed from Reddit Collection ==================================|
[2022-10-11 08:54:03,991] [builder.py:2112]           [INFO]     |                                                                                                    |
[2022-10-11 08:54:03,991] [builder.py:2117]           [INFO]     |  1/30 | Reddit Collection | - | Duel (1971)                                                        |
[2022-10-11 08:54:04,419] [builder.py:2117]           [INFO]     |  2/30 | Reddit Collection | - | Threads (1984)                                                     |
[2022-10-11 08:54:04,872] [builder.py:2117]           [INFO]     |  3/30 | Reddit Collection | - | Fisher King : Le Roi Pêcheur (1991)                                |
[2022-10-11 08:54:05,327] [builder.py:2117]           [INFO]     |  4/30 | Reddit Collection | - | The Crying Game (1992)                                             |
[2022-10-11 08:54:05,794] [builder.py:2117]           [INFO]     |  5/30 | Reddit Collection | - | Rushmore (1999)                                                    |
[2022-10-11 08:54:06,256] [builder.py:2117]           [INFO]     |  6/30 | Reddit Collection | - | Audition (2000)                                                    |
[2022-10-11 08:54:06,688] [builder.py:2117]           [INFO]     |  7/30 | Reddit Collection | - | La Cité de Dieu (2002)                                             |
[2022-10-11 08:54:07,161] [builder.py:2117]           [INFO]     |  8/30 | Reddit Collection | - | Memories of Murder (2003)                                          |
[2022-10-11 08:54:07,608] [builder.py:2117]           [INFO]     |  9/30 | Reddit Collection | - | Frères de sang (2004)                                              |
[2022-10-11 08:54:08,048] [builder.py:2117]           [INFO]     | 10/30 | Reddit Collection | - | A Bittersweet Life (2005)                                          |
[2022-10-11 08:54:08,485] [builder.py:2117]           [INFO]     | 11/30 | Reddit Collection | - | La Peur au ventre (2006)                                           |
[2022-10-11 08:54:09,059] [builder.py:2117]           [INFO]     | 12/30 | Reddit Collection | - | Ne le dis à personne (2006)                                        |
[2022-10-11 08:54:09,512] [builder.py:2117]           [INFO]     | 13/30 | Reddit Collection | - | Le Scaphandre et le Papillon (2007)                                |
[2022-10-11 08:54:09,964] [builder.py:2117]           [INFO]     | 14/30 | Reddit Collection | - | Into the Wild (2007)                                               |
[2022-10-11 08:54:10,454] [builder.py:2117]           [INFO]     | 15/30 | Reddit Collection | - | La Vague (2008)                                                    |
[2022-10-11 08:54:10,869] [builder.py:2117]           [INFO]     | 16/30 | Reddit Collection | - | Mesrine : L'Instinct de mort (2008)                                |
[2022-10-11 08:54:11,304] [builder.py:2117]           [INFO]     | 17/30 | Reddit Collection | - | Mesrine : L'Ennemi public n°1 (2008)                               |
[2022-10-11 08:54:11,753] [builder.py:2117]           [INFO]     | 18/30 | Reddit Collection | - | Good Morning England (2009)                                        |
[2022-10-11 08:54:12,207] [builder.py:2117]           [INFO]     | 19/30 | Reddit Collection | - | Mother (2009)                                                      |
[2022-10-11 08:54:12,650] [builder.py:2117]           [INFO]     | 20/30 | Reddit Collection | - | Triangle (2009)                                                    |
[2022-10-11 08:54:14,091] [builder.py:2117]           [INFO]     | 21/30 | Reddit Collection | - | Exam (2010)                                                        |
[2022-10-11 08:54:14,513] [builder.py:2117]           [INFO]     | 22/30 | Reddit Collection | - | À bout portant (2010)                                              |
[2022-10-11 08:54:15,048] [builder.py:2117]           [INFO]     | 23/30 | Reddit Collection | - | Kill List (2011)                                                   |
[2022-10-11 08:54:15,488] [builder.py:2117]           [INFO]     | 24/30 | Reddit Collection | - | Take Shelter (2011)                                                |
[2022-10-11 08:54:15,929] [builder.py:2117]           [INFO]     | 25/30 | Reddit Collection | - | Moonrise Kingdom (2012)                                            |
[2022-10-11 08:54:16,454] [builder.py:2117]           [INFO]     | 26/30 | Reddit Collection | - | End of Watch (2012)                                                |
[2022-10-11 08:54:16,950] [builder.py:2117]           [INFO]     | 27/30 | Reddit Collection | - | La Chasse (2012)                                                   |
[2022-10-11 08:54:17,386] [builder.py:2117]           [INFO]     | 28/30 | Reddit Collection | - | Enemy (2013)                                                       |
[2022-10-11 08:54:17,841] [builder.py:2117]           [INFO]     | 29/30 | Reddit Collection | - | Prédestination (2014)                                              |
[2022-10-11 08:54:18,298] [builder.py:2117]           [INFO]     | 30/30 | Reddit Collection | - | Green Room (2016)                                                  |
[2022-10-11 08:54:19,110] [builder.py:2129]           [INFO]     |                                                                                                    |
[2022-10-11 08:54:19,111] [builder.py:2130]           [INFO]     | 30 Movie Removed                                                                                   |
[2022-10-11 08:54:19,111] [builder.py:2228]           [INFO]     |                                                                                                    |
[2022-10-11 08:54:19,111] [builder.py:2229]           [INFO]     |============================ Missing Movies from Library: Z. 1 - Films =============================|
[2022-10-11 08:54:19,111] [builder.py:2230]           [INFO]     |                                                                                                    |
[2022-10-11 08:54:19,621] [builder.py:2243]           [INFO]     | Reddit Collection | ? | Makala (2017) (TMDb: 453358)                                               |
[2022-10-11 08:54:19,660] [builder.py:2243]           [INFO]     | Reddit Collection | ? | Roma (2018) (TMDb: 426426)                                                 |
[2022-10-11 08:54:19,679] [builder.py:2243]           [INFO]     | Reddit Collection | ? | Slaughterhouse-Five (1972) (TMDb: 24559)                                   |
[2022-10-11 08:54:20,138] [builder.py:2243]           [INFO]     | Reddit Collection | ? | 90's (2018) (TMDb: 437586)                                                 |
[2022-10-11 08:54:20,177] [builder.py:2243]           [INFO]     | Reddit Collection | ? | Training Day (2001) (TMDb: 2034)                                           |
[2022-10-11 08:54:20,755] [builder.py:2243]           [INFO]     | Reddit Collection | ? | La Maison dans l'ombre (1951) (TMDb: 31152)                                |
[2022-10-11 08:54:20,785] [builder.py:2243]           [INFO]     | Reddit Collection | ? | La Vie d'Adèle - Chapitres 1 et 2 (2013) (TMDb: 152584)                    |
[2022-10-11 08:54:20,796] [builder.py:2243]           [INFO]     | Reddit Collection | ? | The Birds (1963) (TMDb: 571)                                               |
[2022-10-11 08:54:20,835] [builder.py:2243]           [INFO]     | Reddit Collection | ? | Clockers (1995) (TMDb: 20649)                                              |
[2022-10-11 08:54:20,846] [builder.py:2243]           [INFO]     | Reddit Collection | ? | L'Homme qui venait d'ailleurs (1976) (TMDb: 991)                           |
[2022-10-11 08:54:20,876] [builder.py:2243]           [INFO]     | Reddit Collection | ? | Big Trouble in Little China (1986) (TMDb: 6978)                            |
[2022-10-11 08:54:20,888] [builder.py:2243]           [INFO]     | Reddit Collection | ? | The Beastmaster (1982) (TMDb: 16441)                                       |
[2022-10-11 08:54:20,910] [builder.py:2243]           [INFO]     | Reddit Collection | ? | Up (2009) (TMDb: 14160)                                                    |
[2022-10-11 08:54:21,361] [builder.py:2243]           [INFO]     | Reddit Collection | ? | The Stuff (1985) (TMDb: 18502)                                             |
[2022-10-11 08:54:21,385] [builder.py:2243]           [INFO]     | Reddit Collection | ? | Romeo Must Die (2000) (TMDb: 2085)                                         |
[2022-10-11 08:54:21,902] [builder.py:2243]           [INFO]     | Reddit Collection | ? | Marie Stuart, reine d'Écosse (2018) (TMDb: 457136)                         |
[2022-10-11 08:54:21,904] [builder.py:2243]           [INFO]     | Reddit Collection | ? | Scream (1996) (TMDb: 4232)                                                 |
[2022-10-11 08:54:21,927] [builder.py:2243]           [INFO]     | Reddit Collection | ? | mother! (2017) (TMDb: 381283)                                              |
[2022-10-11 08:54:22,427] [builder.py:2243]           [INFO]     | Reddit Collection | ? | Les chiens enragés  (1974) (TMDb: 5482)                                    |
[2022-10-11 08:54:22,452] [builder.py:2243]           [INFO]     | Reddit Collection | ? | Solaris (1972) (TMDb: 593)                                                 |
[2022-10-11 08:54:22,477] [builder.py:2243]           [INFO]     | Reddit Collection | ? | Labyrinth (1986) (TMDb: 13597)                                             |
[2022-10-11 08:54:22,510] [builder.py:2243]           [INFO]     | Reddit Collection | ? | Night of the Demons (1988) (TMDb: 24924)                                   |
[2022-10-11 08:54:22,935] [builder.py:2243]           [INFO]     | Reddit Collection | ? | Que la chasse commence ! (1994) (TMDb: 17585)                              |
[2022-10-11 08:54:22,960] [builder.py:2243]           [INFO]     | Reddit Collection | ? | Bill & Ted's Excellent Adventure (1989) (TMDb: 1648)                       |
[2022-10-11 08:54:22,985] [builder.py:2243]           [INFO]     | Reddit Collection | ? | Mandy (2018) (TMDb: 460885)                                                |
[2022-10-11 08:54:23,010] [builder.py:2243]           [INFO]     | Reddit Collection | ? | GoodFellas (1990) (TMDb: 769)                                              |
[2022-10-11 08:54:23,035] [builder.py:2243]           [INFO]     | Reddit Collection | ? | The Raid (2012) (TMDb: 94329)                                              |
[2022-10-11 08:54:23,060] [builder.py:2243]           [INFO]     | Reddit Collection | ? | Jaws (1975) (TMDb: 578)                                                    |
[2022-10-11 08:54:23,085] [builder.py:2243]           [INFO]     | Reddit Collection | ? | True Romance (1993) (TMDb: 319)                                            |
[2022-10-11 08:54:23,110] [builder.py:2243]           [INFO]     | Reddit Collection | ? | The Ring (2002) (TMDb: 565)                                                |
[2022-10-11 08:54:23,135] [builder.py:2243]           [INFO]     | Reddit Collection | ? | Aniara : L'Odyssée stellaire (2019) (TMDb: 496743)                         |
[2022-10-11 08:54:23,160] [builder.py:2243]           [INFO]     | Reddit Collection | ? | Dial M for Murder (1954) (TMDb: 521)                                       |
[2022-10-11 08:54:23,581] [builder.py:2243]           [INFO]     | Reddit Collection | ? | Le Jeu de la mort (1978) (TMDb: 13333)                                     |
[2022-10-11 08:54:23,602] [builder.py:2243]           [INFO]     | Reddit Collection | ? | Almost Famous (2000) (TMDb: 786)                                           |
[2022-10-11 08:54:24,134] [builder.py:2243]           [INFO]     | Reddit Collection | ? | Les Recettes du bonheur (2014) (TMDb: 228194)                              |
[2022-10-11 08:54:24,144] [builder.py:2243]           [INFO]     | Reddit Collection | ? | The Incredibles (2004) (TMDb: 9806)                                        |
[2022-10-11 08:54:24,169] [builder.py:2243]           [INFO]     | Reddit Collection | ? | Metropolis (1927) (TMDb: 19)                                               |
[2022-10-11 08:54:24,578] [builder.py:2243]           [INFO]     | Reddit Collection | ? | Godzilla: Resurgence (2016) (TMDb: 315011)                                 |
[2022-10-11 08:54:25,163] [builder.py:2243]           [INFO]     | Reddit Collection | ? | La Famille Tenenbaum (2001) (TMDb: 9428)                                   |
[2022-10-11 08:54:25,202] [builder.py:2243]           [INFO]     | Reddit Collection | ? | You're Next (2011) (TMDb: 83899)                                           |
[2022-10-11 08:54:25,252] [builder.py:2243]           [INFO]     | Reddit Collection | ? | 20,000 Leagues Under the Sea (1954) (TMDb: 173)                            |
[2022-10-11 08:54:25,278] [builder.py:2243]           [INFO]     | Reddit Collection | ? | Freddy's Dead: The Final Nightmare (1991) (TMDb: 11284)                    |
[2022-10-11 08:54:25,454] [builder.py:2243]           [INFO]     | Reddit Collection | ? | New York 1997 (1981) (TMDb: 1103)                                          |
[2022-10-11 08:54:25,502] [builder.py:2243]           [INFO]     | Reddit Collection | ? | Akira (1988) (TMDb: 149)                                                   |
[2022-10-11 08:54:25,529] [builder.py:2243]           [INFO]     | Reddit Collection | ? | The Searchers (1956) (TMDb: 3114)                                          |
[2022-10-11 08:54:25,579] [builder.py:2243]           [INFO]     | Reddit Collection | ? | Big Hero 6 (2014) (TMDb: 177572)                                           |
[2022-10-11 08:54:25,604] [builder.py:2243]           [INFO]     | Reddit Collection | ? | The Man Who Killed Don Quixote (2018) (TMDb: 297725)                       |
[2022-10-11 08:54:26,147] [builder.py:2243]           [INFO]     | Reddit Collection | ? | Nosferatu le vampire (1922) (TMDb: 653)                                    |
[2022-10-11 08:54:26,171] [builder.py:2243]           [INFO]     | Reddit Collection | ? | Spider-Man: Into the Spider-Verse (2018) (TMDb: 324857)                    |
[2022-10-11 08:54:26,212] [builder.py:2243]           [INFO]     | Reddit Collection | ? | 12 Angry Men (1957) (TMDb: 389)                                            |
[2022-10-11 08:54:26,262] [builder.py:2243]           [INFO]     | Reddit Collection | ? | La jeune fille et la mort (1994) (TMDb: 10531)                             |
[2022-10-11 08:54:26,287] [builder.py:2243]           [INFO]     | Reddit Collection | ? | Bram Stoker's Dracula (1992) (TMDb: 6114)                                  |
[2022-10-11 08:54:26,313] [builder.py:2243]           [INFO]     | Reddit Collection | ? | Beetlejuice (1988) (TMDb: 4011)                                            |
[2022-10-11 08:54:26,338] [builder.py:2243]           [INFO]     | Reddit Collection | ? | The Blues Brothers (1980) (TMDb: 525)                                      |
[2022-10-11 08:54:26,363] [builder.py:2243]           [INFO]     | Reddit Collection | ? | Yojimbo (1961) (TMDb: 11878)                                               |
[2022-10-11 08:54:26,811] [builder.py:2243]           [INFO]     | Reddit Collection | ? | Empire du soleil (1987) (TMDb: 10110)                                      |
[2022-10-11 08:54:26,838] [builder.py:2243]           [INFO]     | Reddit Collection | ? | Zero Theorem (2013) (TMDb: 157834)                                         |
[2022-10-11 08:54:26,863] [builder.py:2243]           [INFO]     | Reddit Collection | ? | Gangs of New York (2002) (TMDb: 3131)                                      |
[2022-10-11 08:54:26,888] [builder.py:2243]           [INFO]     | Reddit Collection | ? | Rear Window (1954) (TMDb: 567)                                             |
[2022-10-11 08:54:26,938] [builder.py:2243]           [INFO]     | Reddit Collection | ? | Ran (1985) (TMDb: 11645)                                                   |
[2022-10-11 08:54:26,963] [builder.py:2243]           [INFO]     | Reddit Collection | ? | Halloween (1978) (TMDb: 948)                                               |
[2022-10-11 08:54:26,987] [builder.py:2243]           [INFO]     | Reddit Collection | ? | A Nightmare on Elm Street (1984) (TMDb: 377)                               |
[2022-10-11 08:54:27,006] [builder.py:2243]           [INFO]     | Reddit Collection | ? | Kiki's Delivery Service (1989) (TMDb: 16859)                               |
[2022-10-11 08:54:27,144] [builder.py:2243]           [INFO]     | Reddit Collection | ? | Le Cauchemar de Dracula (1958) (TMDb: 11868)                               |
[2022-10-11 08:54:27,163] [builder.py:2243]           [INFO]     | Reddit Collection | ? | Synecdoche, New York (2008) (TMDb: 4960)                                   |
[2022-10-11 08:54:27,179] [builder.py:2243]           [INFO]     | Reddit Collection | ? | The Exorcist (1973) (TMDb: 9552)                                           |
[2022-10-11 08:54:27,205] [builder.py:2243]           [INFO]     | Reddit Collection | ? | The Girl Who Leapt Through Time (2006) (TMDb: 14069)                       |
[2022-10-11 08:54:27,221] [builder.py:2243]           [INFO]     | Reddit Collection | ? | Zardoz (1974) (TMDb: 4923)                                                 |
[2022-10-11 08:54:27,388] [builder.py:2243]           [INFO]     | Reddit Collection | ? | Fantastic Mr. Fox (2009) (TMDb: 10315)                                     |
[2022-10-11 08:54:27,402] [builder.py:2243]           [INFO]     | Reddit Collection | ? | The House That Jack Built (2018) (TMDb: 398173)                            |
[2022-10-11 08:54:27,418] [builder.py:2243]           [INFO]     | Reddit Collection | ? | The Graduate (1967) (TMDb: 37247)                                          |
[2022-10-11 08:54:27,443] [builder.py:2243]           [INFO]     | Reddit Collection | ? | Sliding Doors (1998) (TMDb: 10215)                                         |
[2022-10-11 08:54:27,653] [builder.py:2243]           [INFO]     | Reddit Collection | ? | Godzilla vs King Ghidorah (1991) (TMDb: 36679)                             |
[2022-10-11 08:54:27,678] [builder.py:2243]           [INFO]     | Reddit Collection | ? | Psycho (1960) (TMDb: 539)                                                  |
[2022-10-11 08:54:28,142] [builder.py:2243]           [INFO]     | Reddit Collection | ? | Talking Heads - Stop Making Sense (1984) (TMDb: 24128)                     |
[2022-10-11 08:54:28,185] [builder.py:2243]           [INFO]     | Reddit Collection | ? | Summer of 84 (2018) (TMDb: 470229)                                         |
[2022-10-11 08:54:28,195] [builder.py:2243]           [INFO]     | Reddit Collection | ? | The Iron Giant (1999) (TMDb: 10386)                                        |
[2022-10-11 08:54:28,322] [builder.py:2243]           [INFO]     | Reddit Collection | ? | Batman et Red Hood : Sous le masque rouge (2010) (TMDb: 40662)             |
[2022-10-11 08:54:28,361] [builder.py:2243]           [INFO]     | Reddit Collection | ? | Atonement (2007) (TMDb: 4347)                                              |
[2022-10-11 08:54:28,377] [builder.py:2243]           [INFO]     | Reddit Collection | ? | Invasion Los Angeles (1988) (TMDb: 8337)                                   |
[2022-10-11 08:54:28,426] [builder.py:2243]           [INFO]     | Reddit Collection | ? | Apocalypse Now (1979) (TMDb: 28)                                           |
[2022-10-11 08:54:29,223] [builder.py:2243]           [INFO]     | Reddit Collection | ? | The Art of Stanley Kubrick: From Short Films to Strangelove (2000) (TMDb: 196737) |
[2022-10-11 08:54:29,278] [builder.py:2243]           [INFO]     | Reddit Collection | ? | Toy Story (1995) (TMDb: 862)                                               |
[2022-10-11 08:54:29,297] [builder.py:2243]           [INFO]     | Reddit Collection | ? | Monsters University (2013) (TMDb: 62211)                                   |
[2022-10-11 08:54:29,472] [builder.py:2243]           [INFO]     | Reddit Collection | ? | Godzilla : Le Dévoreur de Planètes (2018) (TMDb: 536115)                   |
[2022-10-11 08:54:29,514] [builder.py:2243]           [INFO]     | Reddit Collection | ? | The Thing (1982) (TMDb: 1091)                                              |
[2022-10-11 08:54:29,535] [builder.py:2243]           [INFO]     | Reddit Collection | ? | A Nightmare on Elm Street 3: Dream Warriors (1987) (TMDb: 10072)           |
[2022-10-11 08:54:29,572] [builder.py:2243]           [INFO]     | Reddit Collection | ? | Kung Fu Panda (2008) (TMDb: 9502)                                          |
[2022-10-11 08:54:29,586] [builder.py:2243]           [INFO]     | Reddit Collection | ? | Thelma & Louise (1991) (TMDb: 1541)                                        |
[2022-10-11 08:54:29,614] [builder.py:2243]           [INFO]     | Reddit Collection | ? | Police Story (1985) (TMDb: 9056)                                           |
[2022-10-11 08:54:29,614] [builder.py:2248]           [INFO]     |                                                                                                    |
[2022-10-11 08:54:29,614] [builder.py:2249]           [INFO]     | 90 Movies Missing                                                                                  |
[2022-10-11 08:54:29,960] [builder.py:2441]           [INFO]     |                                                                                                    |
[2022-10-11 08:54:29,960] [builder.py:2442]           [INFO]     |============================== Updating Details of Reddit Collection ===============================|
[2022-10-11 08:54:29,961] [builder.py:2443]           [INFO]     |                                                                                                    |
[2022-10-11 08:54:29,968] [builder.py:2509]           [INFO]     | Collection Metadata Edits                                                                          |
[2022-10-11 08:54:29,971] [builder.py:2580]           [WARNING]  | Asset Warning: Unable to find asset folder: 'Reddit'                                               |
[2022-10-11 08:54:30,441] [plex_meta_manager.py:708]  [INFO]     |                                                                                                    |
[2022-10-11 08:54:30,441] [plex_meta_manager.py:709]  [INFO]     |====================================================================================================|
[2022-10-11 08:54:30,441] [plex_meta_manager.py:709]  [INFO]     |                                     Finished Reddit Collection                                     |
[2022-10-11 08:54:30,441] [plex_meta_manager.py:709]  [INFO]     |                                    Collection Run Time: 0:00:46                                    |
[2022-10-11 08:54:30,441] [plex_meta_manager.py:709]  [INFO]     |====================================================================================================|
