[2022-10-11 11:18:29,194] [builder.py:200]            [INFO]     |====================================================================================================|
[2022-10-11 11:18:29,194] [builder.py:200]            [INFO]     |                              Man of Steel Collection in Z. 1 - Films                               |
[2022-10-11 11:18:29,194] [builder.py:200]            [INFO]     |====================================================================================================|
[2022-10-11 11:18:29,194] [builder.py:201]            [INFO]     |                                                                                                    |
[2022-10-11 11:18:29,194] [builder.py:206]            [INFO]     |================================ Building Definition From Templates ================================|
[2022-10-11 11:18:29,194] [builder.py:222]            [DEBUG]    |                                                                                                    |
[2022-10-11 11:18:29,195] [meta.py:128]               [DEBUG]    | Template my_template                                                                               |
[2022-10-11 11:18:29,195] [meta.py:129]               [DEBUG]    | Call: {'value': ['209131'], 'tmdb_collection': ['209131'], 'key_name': 'Man of Steel', 'key': '209131', 'name': 'my_template'} |
[2022-10-11 11:18:29,195] [meta.py:304]               [DEBUG]    |                                                                                                    |
[2022-10-11 11:18:29,195] [meta.py:305]               [DEBUG]    | Variables: {'value': ['209131'], 'tmdb_collection': ['209131'], 'key_name': 'Man of Steel', 'key': '209131', 'name': 'my_template', 'collection_name': 'Man of Steel', 'mapping_name': 'Man of Steel', 'library_type': 'movie', 'library_name': 'Z. 1 - Films', 'value_encoded': '%5B%27209131%27%5D', 'tmdb_collection_encoded': '%5B%27209131%27%5D', 'key_name_encoded': 'Man%20of%20Steel', 'key_encoded': '209131', 'name_encoded': 'my_template', 'collection_name_encoded': 'Man%20of%20Steel', 'mapping_name_encoded': 'Man%20of%20Steel', 'library_type_encoded': 'movie', 'library_name_encoded': 'Z.%201%20-%20Films', 'collection_sort': 'Man of Steel'} |
[2022-10-11 11:18:29,195] [meta.py:306]               [DEBUG]    |                                                                                                    |
[2022-10-11 11:18:29,195] [meta.py:307]               [DEBUG]    | Defaults: {}                                                                                       |
[2022-10-11 11:18:29,196] [meta.py:308]               [DEBUG]    |                                                                                                    |
[2022-10-11 11:18:29,196] [meta.py:309]               [DEBUG]    | Optional: ['my_collection_poster', 'my_collection_poster_encoded']                                 |
[2022-10-11 11:18:29,197] [meta.py:370]               [DEBUG]    |                                                                                                    |
[2022-10-11 11:18:29,197] [meta.py:371]               [DEBUG]    | Final Template Attributes: {'tmdb_collection_details': ['209131'], 'collection_order': 'release', 'collection_mode': 'hide_items', 'sort_title': '+C1_Man of Steel'} |
[2022-10-11 11:18:29,197] [meta.py:372]               [DEBUG]    |                                                                                                    |
[2022-10-11 11:18:29,197] [builder.py:230]            [INFO]     |================================ Validating Man of Steel Attributes ================================|
[2022-10-11 11:18:29,197] [builder.py:620]            [DEBUG]    |                                                                                                    |
[2022-10-11 11:18:29,197] [builder.py:621]            [DEBUG]    | Validating Method: collection_order                                                                |
[2022-10-11 11:18:29,198] [builder.py:622]            [DEBUG]    | Value: release                                                                                     |
[2022-10-11 11:18:29,198] [builder.py:653]            [DEBUG]    |                                                                                                    |
[2022-10-11 11:18:29,198] [builder.py:657]            [DEBUG]    | Validating Method: label                                                                           |
[2022-10-11 11:18:29,198] [builder.py:658]            [DEBUG]    | Value: TMDb Collections                                                                            |
[2022-10-11 11:18:29,198] [builder.py:653]            [DEBUG]    |                                                                                                    |
[2022-10-11 11:18:29,198] [builder.py:657]            [DEBUG]    | Validating Method: tmdb_collection_details                                                         |
[2022-10-11 11:18:29,198] [builder.py:658]            [DEBUG]    | Value: ['209131']                                                                                  |
[2022-10-11 11:18:29,208] [builder.py:653]            [DEBUG]    |                                                                                                    |
[2022-10-11 11:18:29,208] [builder.py:657]            [DEBUG]    | Validating Method: collection_mode                                                                 |
[2022-10-11 11:18:29,209] [builder.py:658]            [DEBUG]    | Value: hide_items                                                                                  |
[2022-10-11 11:18:29,209] [builder.py:653]            [DEBUG]    |                                                                                                    |
[2022-10-11 11:18:29,209] [builder.py:657]            [DEBUG]    | Validating Method: sort_title                                                                      |
[2022-10-11 11:18:29,209] [builder.py:658]            [DEBUG]    | Value: +C1_Man of Steel                                                                            |
[2022-10-11 11:18:29,405] [builder.py:823]            [INFO]     |                                                                                                    |
[2022-10-11 11:18:29,405] [builder.py:824]            [INFO]     | Validation Successful                                                                              |
[2022-10-11 11:18:29,405] [plex_meta_manager.py:561]  [INFO]     |                                                                                                    |
[2022-10-11 11:18:29,406] [plex_meta_manager.py:563]  [INFO]     |================================= Running Man of Steel Collection ==================================|
[2022-10-11 11:18:29,406] [plex_meta_manager.py:575]  [INFO]     |                                                                                                    |
[2022-10-11 11:18:29,406] [plex_meta_manager.py:576]  [INFO]     | Sync Mode: append                                                                                  |
[2022-10-11 11:18:29,406] [plex_meta_manager.py:579]  [DEBUG]    |                                                                                                    |
[2022-10-11 11:18:29,406] [plex_meta_manager.py:580]  [DEBUG]    | Builder: tmdb_collection: 209131                                                                   |
[2022-10-11 11:18:29,406] [plex_meta_manager.py:581]  [INFO]     |                                                                                                    |
[2022-10-11 11:18:29,411] [tmdb.py:381]               [INFO]     | Processing TMDb Collection: (209131) Man of Steel - Saga (2 Items)                                 |
[2022-10-11 11:18:29,411] [builder.py:1581]           [DEBUG]    |                                                                                                    |
[2022-10-11 11:18:29,412] [builder.py:1582]           [DEBUG]    | 2 IDs Found: [(49521, 'tmdb'), (209112, 'tmdb')]                                                   |
[2022-10-11 11:18:29,412] [builder.py:1583]           [DEBUG]    |                                                                                                    |
[2022-10-11 11:18:29,412] [builder.py:2132]           [INFO]     |                                                                                                    |
[2022-10-11 11:18:29,412] [builder.py:2133]           [INFO]     |================================ Adding to Man of Steel Collection =================================|
[2022-10-11 11:18:29,412] [builder.py:2134]           [INFO]     |                                                                                                    |
[2022-10-11 11:18:29,413] [builder.py:2148]           [INFO]     | 1/2 | Man of Steel Collection | = | Man of Steel (2013)                                            |
[2022-10-11 11:18:29,413] [builder.py:2148]           [INFO]     | 2/2 | Man of Steel Collection | = | Batman v Superman : L'Aube de la Justice (2016)                |
[2022-10-11 11:18:29,413] [builder.py:2168]           [INFO]     |                                                                                                    |
[2022-10-11 11:18:29,413] [builder.py:2170]           [INFO]     | 2 Movies Processed 0 Movies Added                                                                  |
[2022-10-11 11:18:29,420] [builder.py:2521]           [INFO]     |                                                                                                    |
[2022-10-11 11:18:29,421] [builder.py:2522]           [INFO]     |=========================== Updating Details of Man of Steel Collection ============================|
[2022-10-11 11:18:29,421] [builder.py:2523]           [INFO]     |                                                                                                    |
[2022-10-11 11:18:29,430] [builder.py:2589]           [INFO]     | Collection Metadata Edits                                                                          |
[2022-10-11 11:18:29,431] [builder.py:2660]           [WARNING]  | Asset Warning: Unable to find asset folder: 'Man of Steel'                                         |
[2022-10-11 11:18:29,431] [util.py:171]               [DEBUG]    | 1 poster found:                                                                                    |
[2022-10-11 11:18:29,431] [util.py:173]               [DEBUG]    | Method: tmdb_collection_details Poster: https://image.tmdb.org/t/p/original/rNnIW6xSPeTiIUtsfEhFeIRiJVv.jpg |
[2022-10-11 11:18:29,431] [util.py:171]               [DEBUG]    | 1 background found:                                                                                |
[2022-10-11 11:18:29,432] [util.py:173]               [DEBUG]    | Method: tmdb_collection_details Background: https://image.tmdb.org/t/p/original/csERw2A3XIsGegkzil6UGpyhqfw.jpg |
[2022-10-11 11:18:29,433] [library.py:173]            [INFO]     | Detail: poster update not needed                                                                   |
[2022-10-11 11:18:29,434] [library.py:189]            [INFO]     | Detail: background update not needed                                                               |
[2022-10-11 11:18:29,618] [plex_meta_manager.py:708]  [INFO]     |                                                                                                    |
[2022-10-11 11:18:29,618] [plex_meta_manager.py:709]  [INFO]     |====================================================================================================|
[2022-10-11 11:18:29,618] [plex_meta_manager.py:709]  [INFO]     |                                  Finished Man of Steel Collection                                  |
[2022-10-11 11:18:29,619] [plex_meta_manager.py:709]  [INFO]     |                                    Collection Run Time: 0:00:00                                    |
[2022-10-11 11:18:29,619] [plex_meta_manager.py:709]  [INFO]     |====================================================================================================|
