[2022-10-11 09:13:21,676] [builder.py:197]            [INFO]     |====================================================================================================|
[2022-10-11 09:13:21,676] [builder.py:197]            [INFO]     |                          Aladdin (Live-Action) Collection in Z. 1 - Films                          |
[2022-10-11 09:13:21,676] [builder.py:197]            [INFO]     |====================================================================================================|
[2022-10-11 09:13:21,676] [builder.py:198]            [INFO]     |                                                                                                    |
[2022-10-11 09:13:21,676] [builder.py:203]            [INFO]     |================================ Building Definition From Templates ================================|
[2022-10-11 09:13:21,676] [builder.py:211]            [DEBUG]    |                                                                                                    |
[2022-10-11 09:13:21,677] [meta.py:128]               [DEBUG]    | Template my_template                                                                               |
[2022-10-11 09:13:21,677] [meta.py:129]               [DEBUG]    | Call: {'value': ['748401'], 'tmdb_collection': ['748401'], 'key_name': 'Aladdin (Live-Action)', 'key': '748401', 'name': 'my_template'} |
[2022-10-11 09:13:21,677] [meta.py:304]               [DEBUG]    |                                                                                                    |
[2022-10-11 09:13:21,677] [meta.py:305]               [DEBUG]    | Variables: {'value': ['748401'], 'tmdb_collection': ['748401'], 'key_name': 'Aladdin (Live-Action)', 'key': '748401', 'name': 'my_template', 'collection_name': 'Aladdin (Live-Action)', 'mapping_name': 'Aladdin (Live-Action)', 'library_type': 'movie', 'library_name': 'Z. 1 - Films', 'value_encoded': '%5B%27748401%27%5D', 'tmdb_collection_encoded': '%5B%27748401%27%5D', 'key_name_encoded': 'Aladdin%20%28Live-Action%29', 'key_encoded': '748401', 'name_encoded': 'my_template', 'collection_name_encoded': 'Aladdin%20%28Live-Action%29', 'mapping_name_encoded': 'Aladdin%20%28Live-Action%29', 'library_type_encoded': 'movie', 'library_name_encoded': 'Z.%201%20-%20Films', 'collection_sort': 'Aladdin (Live-Action)'} |
[2022-10-11 09:13:21,677] [meta.py:306]               [DEBUG]    |                                                                                                    |
[2022-10-11 09:13:21,678] [meta.py:307]               [DEBUG]    | Defaults: {}                                                                                       |
[2022-10-11 09:13:21,678] [meta.py:308]               [DEBUG]    |                                                                                                    |
[2022-10-11 09:13:21,678] [meta.py:309]               [DEBUG]    | Optional: ['my_collection_poster', 'my_collection_poster_encoded']                                 |
[2022-10-11 09:13:21,679] [meta.py:370]               [DEBUG]    |                                                                                                    |
[2022-10-11 09:13:21,679] [meta.py:371]               [DEBUG]    | Final Template Attributes: {'tmdb_collection_details': ['748401'], 'collection_order': 'release', 'collection_mode': 'hide_items'} |
[2022-10-11 09:13:21,679] [meta.py:372]               [DEBUG]    |                                                                                                    |
[2022-10-11 09:13:21,679] [builder.py:219]            [INFO]     |=========================== Validating Aladdin (Live-Action) Attributes ============================|
[2022-10-11 09:13:21,679] [builder.py:609]            [DEBUG]    |                                                                                                    |
[2022-10-11 09:13:21,680] [builder.py:610]            [DEBUG]    | Validating Method: collection_order                                                                |
[2022-10-11 09:13:21,680] [builder.py:611]            [DEBUG]    | Value: release                                                                                     |
[2022-10-11 09:13:21,680] [builder.py:627]            [DEBUG]    |                                                                                                    |
[2022-10-11 09:13:21,680] [builder.py:631]            [DEBUG]    | Validating Method: label                                                                           |
[2022-10-11 09:13:21,680] [builder.py:632]            [DEBUG]    | Value: TMDb Collections                                                                            |
[2022-10-11 09:13:21,680] [builder.py:627]            [DEBUG]    |                                                                                                    |
[2022-10-11 09:13:21,680] [builder.py:631]            [DEBUG]    | Validating Method: tmdb_collection_details                                                         |
[2022-10-11 09:13:21,680] [builder.py:632]            [DEBUG]    | Value: ['748401']                                                                                  |
[2022-10-11 09:13:21,699] [builder.py:627]            [DEBUG]    |                                                                                                    |
[2022-10-11 09:13:21,699] [builder.py:631]            [DEBUG]    | Validating Method: collection_mode                                                                 |
[2022-10-11 09:13:21,700] [builder.py:632]            [DEBUG]    | Value: hide_items                                                                                  |
[2022-10-11 09:13:21,705] [plex.py:790]               [DEBUG]    |                                                                                                    |
[2022-10-11 09:13:21,705] [plex.py:793]               [DEBUG]    | Looking for: Aladdin (Live-Action)                                                                 |
[2022-10-11 09:13:21,706] [builder.py:797]            [INFO]     |                                                                                                    |
[2022-10-11 09:13:21,706] [builder.py:798]            [INFO]     | Validation Successful                                                                              |
[2022-10-11 09:13:21,706] [plex_meta_manager.py:561]  [INFO]     |                                                                                                    |
[2022-10-11 09:13:21,706] [plex_meta_manager.py:563]  [INFO]     |============================= Running Aladdin (Live-Action) Collection =============================|
[2022-10-11 09:13:21,706] [plex_meta_manager.py:575]  [INFO]     |                                                                                                    |
[2022-10-11 09:13:21,706] [plex_meta_manager.py:576]  [INFO]     | Sync Mode: append                                                                                  |
[2022-10-11 09:13:21,706] [plex_meta_manager.py:579]  [DEBUG]    |                                                                                                    |
[2022-10-11 09:13:21,707] [plex_meta_manager.py:580]  [DEBUG]    | Builder: tmdb_collection: 748401                                                                   |
[2022-10-11 09:13:21,707] [plex_meta_manager.py:581]  [INFO]     |                                                                                                    |
[2022-10-11 09:13:21,711] [tmdb.py:382]               [INFO]     | Processing TMDb Collection: (748401) Aladdin (Live-Action) - Saga (2 Items)                        |
[2022-10-11 09:13:21,711] [builder.py:1540]           [DEBUG]    |                                                                                                    |
[2022-10-11 09:13:21,711] [builder.py:1541]           [DEBUG]    | 2 IDs Found: [(672291, 'tmdb'), (420817, 'tmdb')]                                                  |
[2022-10-11 09:13:21,711] [builder.py:1542]           [DEBUG]    |                                                                                                    |
[2022-10-11 09:13:21,712] [builder.py:2228]           [INFO]     |                                                                                                    |
[2022-10-11 09:13:21,712] [builder.py:2229]           [INFO]     |============================ Missing Movies from Library: Z. 1 - Films =============================|
[2022-10-11 09:13:21,712] [builder.py:2230]           [INFO]     |                                                                                                    |
[2022-10-11 09:13:21,720] [builder.py:2243]           [INFO]     | Aladdin (Live-Action) Collection | ? | Aladdin 2 (TMDb: 672291)                                    |
[2022-10-11 09:13:21,721] [builder.py:2248]           [INFO]     |                                                                                                    |
[2022-10-11 09:13:21,721] [builder.py:2249]           [INFO]     | 1 Movie Missing                                                                                    |
[2022-10-11 09:13:24,476] [plex_meta_manager.py:624]  [INFO]     |                                                                                                    |
[2022-10-11 09:13:24,476] [plex_meta_manager.py:625]  [INFO]     | Collection Minimum: 2 not met for Aladdin (Live-Action) Collection                                 |
[2022-10-11 09:13:24,477] [plex_meta_manager.py:708]  [INFO]     |                                                                                                    |
[2022-10-11 09:13:24,477] [plex_meta_manager.py:709]  [INFO]     |====================================================================================================|
[2022-10-11 09:13:24,477] [plex_meta_manager.py:709]  [INFO]     |                             Finished Aladdin (Live-Action) Collection                              |
[2022-10-11 09:13:24,477] [plex_meta_manager.py:709]  [INFO]     |                                    Collection Run Time: 0:00:02                                    |
[2022-10-11 09:13:24,477] [plex_meta_manager.py:709]  [INFO]     |====================================================================================================|
