[2022-10-11 11:19:13,961] [builder.py:200]            [INFO]     |====================================================================================================|
[2022-10-11 11:19:13,962] [builder.py:200]            [INFO]     |                          Maigret (Jean Gabin) Collection in Z. 1 - Films                           |
[2022-10-11 11:19:13,962] [builder.py:200]            [INFO]     |====================================================================================================|
[2022-10-11 11:19:13,962] [builder.py:201]            [INFO]     |                                                                                                    |
[2022-10-11 11:19:13,962] [builder.py:206]            [INFO]     |================================ Building Definition From Templates ================================|
[2022-10-11 11:19:13,962] [builder.py:222]            [DEBUG]    |                                                                                                    |
[2022-10-11 11:19:13,962] [meta.py:128]               [DEBUG]    | Template my_template                                                                               |
[2022-10-11 11:19:13,963] [meta.py:129]               [DEBUG]    | Call: {'value': ['512168'], 'tmdb_collection': ['512168'], 'key_name': 'Maigret (Jean Gabin)', 'key': '512168', 'name': 'my_template'} |
[2022-10-11 11:19:13,963] [meta.py:304]               [DEBUG]    |                                                                                                    |
[2022-10-11 11:19:13,963] [meta.py:305]               [DEBUG]    | Variables: {'value': ['512168'], 'tmdb_collection': ['512168'], 'key_name': 'Maigret (Jean Gabin)', 'key': '512168', 'name': 'my_template', 'collection_name': 'Maigret (Jean Gabin)', 'mapping_name': 'Maigret (Jean Gabin)', 'library_type': 'movie', 'library_name': 'Z. 1 - Films', 'value_encoded': '%5B%27512168%27%5D', 'tmdb_collection_encoded': '%5B%27512168%27%5D', 'key_name_encoded': 'Maigret%20%28Jean%20Gabin%29', 'key_encoded': '512168', 'name_encoded': 'my_template', 'collection_name_encoded': 'Maigret%20%28Jean%20Gabin%29', 'mapping_name_encoded': 'Maigret%20%28Jean%20Gabin%29', 'library_type_encoded': 'movie', 'library_name_encoded': 'Z.%201%20-%20Films', 'collection_sort': 'Maigret (Jean Gabin)'} |
[2022-10-11 11:19:13,963] [meta.py:306]               [DEBUG]    |                                                                                                    |
[2022-10-11 11:19:13,963] [meta.py:307]               [DEBUG]    | Defaults: {}                                                                                       |
[2022-10-11 11:19:13,963] [meta.py:308]               [DEBUG]    |                                                                                                    |
[2022-10-11 11:19:13,964] [meta.py:309]               [DEBUG]    | Optional: ['my_collection_poster', 'my_collection_poster_encoded']                                 |
[2022-10-11 11:19:13,965] [meta.py:370]               [DEBUG]    |                                                                                                    |
[2022-10-11 11:19:13,965] [meta.py:371]               [DEBUG]    | Final Template Attributes: {'tmdb_collection_details': ['512168'], 'collection_order': 'release', 'collection_mode': 'hide_items', 'sort_title': '+C1_Maigret (Jean Gabin)'} |
[2022-10-11 11:19:13,965] [meta.py:372]               [DEBUG]    |                                                                                                    |
[2022-10-11 11:19:13,965] [builder.py:230]            [INFO]     |============================ Validating Maigret (Jean Gabin) Attributes ============================|
[2022-10-11 11:19:13,965] [builder.py:620]            [DEBUG]    |                                                                                                    |
[2022-10-11 11:19:13,965] [builder.py:621]            [DEBUG]    | Validating Method: collection_order                                                                |
[2022-10-11 11:19:13,965] [builder.py:622]            [DEBUG]    | Value: release                                                                                     |
[2022-10-11 11:19:13,966] [builder.py:653]            [DEBUG]    |                                                                                                    |
[2022-10-11 11:19:13,966] [builder.py:657]            [DEBUG]    | Validating Method: label                                                                           |
[2022-10-11 11:19:13,966] [builder.py:658]            [DEBUG]    | Value: TMDb Collections                                                                            |
[2022-10-11 11:19:13,966] [builder.py:653]            [DEBUG]    |                                                                                                    |
[2022-10-11 11:19:13,966] [builder.py:657]            [DEBUG]    | Validating Method: tmdb_collection_details                                                         |
[2022-10-11 11:19:13,966] [builder.py:658]            [DEBUG]    | Value: ['512168']                                                                                  |
[2022-10-11 11:19:13,980] [builder.py:653]            [DEBUG]    |                                                                                                    |
[2022-10-11 11:19:13,981] [builder.py:657]            [DEBUG]    | Validating Method: collection_mode                                                                 |
[2022-10-11 11:19:13,981] [builder.py:658]            [DEBUG]    | Value: hide_items                                                                                  |
[2022-10-11 11:19:13,981] [builder.py:653]            [DEBUG]    |                                                                                                    |
[2022-10-11 11:19:13,981] [builder.py:657]            [DEBUG]    | Validating Method: sort_title                                                                      |
[2022-10-11 11:19:13,981] [builder.py:658]            [DEBUG]    | Value: +C1_Maigret (Jean Gabin)                                                                    |
[2022-10-11 11:19:13,989] [plex.py:803]               [DEBUG]    |                                                                                                    |
[2022-10-11 11:19:13,989] [plex.py:806]               [DEBUG]    | Looking for: Maigret (Jean Gabin)                                                                  |
[2022-10-11 11:19:13,989] [builder.py:823]            [INFO]     |                                                                                                    |
[2022-10-11 11:19:13,989] [builder.py:824]            [INFO]     | Validation Successful                                                                              |
[2022-10-11 11:19:13,989] [plex_meta_manager.py:561]  [INFO]     |                                                                                                    |
[2022-10-11 11:19:13,990] [plex_meta_manager.py:563]  [INFO]     |============================= Running Maigret (Jean Gabin) Collection ==============================|
[2022-10-11 11:19:13,990] [plex_meta_manager.py:575]  [INFO]     |                                                                                                    |
[2022-10-11 11:19:13,990] [plex_meta_manager.py:576]  [INFO]     | Sync Mode: append                                                                                  |
[2022-10-11 11:19:13,990] [plex_meta_manager.py:579]  [DEBUG]    |                                                                                                    |
[2022-10-11 11:19:13,990] [plex_meta_manager.py:580]  [DEBUG]    | Builder: tmdb_collection: 512168                                                                   |
[2022-10-11 11:19:13,990] [plex_meta_manager.py:581]  [INFO]     |                                                                                                    |
[2022-10-11 11:19:13,995] [tmdb.py:381]               [INFO]     | Processing TMDb Collection: (512168) Maigret (Jean Gabin) - Saga (3 Items)                         |
[2022-10-11 11:19:13,995] [builder.py:1581]           [DEBUG]    |                                                                                                    |
[2022-10-11 11:19:13,995] [builder.py:1582]           [DEBUG]    | 3 IDs Found: [(37454, 'tmdb'), (76647, 'tmdb'), (434966, 'tmdb')]                                  |
[2022-10-11 11:19:13,995] [builder.py:1583]           [DEBUG]    |                                                                                                    |
[2022-10-11 11:19:13,996] [builder.py:2300]           [INFO]     |                                                                                                    |
[2022-10-11 11:19:13,996] [builder.py:2301]           [INFO]     |============================ Missing Movies from Library: Z. 1 - Films =============================|
[2022-10-11 11:19:13,996] [builder.py:2302]           [INFO]     |                                                                                                    |
[2022-10-11 11:19:14,061] [builder.py:2315]           [INFO]     | Maigret (Jean Gabin) Collection | ? | Maigret voit rouge (1963) (TMDb: 76647)                      |
[2022-10-11 11:19:14,098] [builder.py:2315]           [INFO]     | Maigret (Jean Gabin) Collection | ? | Maigret et l'affaire Saint-Fiacre (1959) (TMDb: 434966)      |
[2022-10-11 11:19:14,099] [builder.py:2320]           [INFO]     |                                                                                                    |
[2022-10-11 11:19:14,099] [builder.py:2321]           [INFO]     | 2 Movies Missing                                                                                   |
[2022-10-11 11:19:14,148] [plex_meta_manager.py:624]  [INFO]     |                                                                                                    |
[2022-10-11 11:19:14,148] [plex_meta_manager.py:625]  [INFO]     | Collection Minimum: 2 not met for Maigret (Jean Gabin) Collection                                  |
[2022-10-11 11:19:14,148] [plex_meta_manager.py:708]  [INFO]     |                                                                                                    |
[2022-10-11 11:19:14,148] [plex_meta_manager.py:709]  [INFO]     |====================================================================================================|
[2022-10-11 11:19:14,148] [plex_meta_manager.py:709]  [INFO]     |                              Finished Maigret (Jean Gabin) Collection                              |
[2022-10-11 11:19:14,149] [plex_meta_manager.py:709]  [INFO]     |                                    Collection Run Time: 0:00:00                                    |
[2022-10-11 11:19:14,149] [plex_meta_manager.py:709]  [INFO]     |====================================================================================================|
