[2022-10-11 10:01:34,764] [builder.py:197]            [INFO]     |====================================================================================================|
[2022-10-11 10:01:34,764] [builder.py:197]            [INFO]     |                             Comedy Collection in Z. 5 - Film Animation                             |
[2022-10-11 10:01:34,764] [builder.py:197]            [INFO]     |====================================================================================================|
[2022-10-11 10:01:34,765] [builder.py:198]            [INFO]     |                                                                                                    |
[2022-10-11 10:01:34,765] [builder.py:203]            [INFO]     |================================ Building Definition From Templates ================================|
[2022-10-11 10:01:34,765] [builder.py:211]            [DEBUG]    |                                                                                                    |
[2022-10-11 10:01:34,765] [meta.py:128]               [DEBUG]    | Template Genre                                                                                     |
[2022-10-11 10:01:34,765] [meta.py:129]               [DEBUG]    | Call: ordereddict([('name', 'Genre')])                                                             |
[2022-10-11 10:01:34,765] [meta.py:304]               [DEBUG]    |                                                                                                    |
[2022-10-11 10:01:34,765] [meta.py:305]               [DEBUG]    | Variables: ordereddict([('name', 'Genre'), ('collection_name', 'Comedy'), ('mapping_name', 'Comedy'), ('library_type', 'movie'), ('library_name', 'Z. 5 - Film Animation'), ('name_encoded', 'Genre'), ('collection_name_encoded', 'Comedy'), ('mapping_name_encoded', 'Comedy'), ('library_type_encoded', 'movie'), ('library_name_encoded', 'Z.%205%20-%20Film%20Animation'), ('collection_sort', 'Comedy')]) |
[2022-10-11 10:01:34,766] [meta.py:306]               [DEBUG]    |                                                                                                    |
[2022-10-11 10:01:34,766] [meta.py:307]               [DEBUG]    | Defaults: {}                                                                                       |
[2022-10-11 10:01:34,766] [meta.py:308]               [DEBUG]    |                                                                                                    |
[2022-10-11 10:01:34,766] [meta.py:309]               [DEBUG]    | Optional: []                                                                                       |
[2022-10-11 10:01:34,766] [meta.py:370]               [DEBUG]    |                                                                                                    |
[2022-10-11 10:01:34,767] [meta.py:371]               [DEBUG]    | Final Template Attributes: {'sort_title': '+3_Comedy', 'sync_mode': 'sync', 'smart_label': 'audience_rating.desc'} |
[2022-10-11 10:01:34,767] [meta.py:372]               [DEBUG]    |                                                                                                    |
[2022-10-11 10:01:34,767] [builder.py:219]            [INFO]     |=================================== Validating Comedy Attributes ===================================|
[2022-10-11 10:01:34,767] [builder.py:488]            [DEBUG]    |                                                                                                    |
[2022-10-11 10:01:34,767] [builder.py:489]            [DEBUG]    | Validating Method: sync_mode                                                                       |
[2022-10-11 10:01:34,767] [builder.py:493]            [DEBUG]    | Value: sync                                                                                        |
[2022-10-11 10:01:34,767] [builder.py:538]            [DEBUG]    |                                                                                                    |
[2022-10-11 10:01:34,767] [builder.py:539]            [DEBUG]    | Validating Method: smart_label                                                                     |
[2022-10-11 10:01:34,768] [builder.py:544]            [DEBUG]    | Value: audience_rating.desc                                                                        |
[2022-10-11 10:01:34,785] [builder.py:627]            [DEBUG]    |                                                                                                    |
[2022-10-11 10:01:34,785] [builder.py:631]            [DEBUG]    | Validating Method: plex_search                                                                     |
[2022-10-11 10:01:34,785] [builder.py:632]            [DEBUG]    | Value: ordereddict([('genre', 'Comedy')])                                                          |
[2022-10-11 10:01:34,840] [builder.py:627]            [DEBUG]    |                                                                                                    |
[2022-10-11 10:01:34,840] [builder.py:631]            [DEBUG]    | Validating Method: url_poster                                                                      |
[2022-10-11 10:01:34,840] [builder.py:632]            [DEBUG]    | Value: https://raw.githubusercontent.com/MonsieurZed/poster/main/img/GENRE_COMEDY.png              |
[2022-10-11 10:01:35,069] [builder.py:627]            [DEBUG]    |                                                                                                    |
[2022-10-11 10:01:35,070] [builder.py:631]            [DEBUG]    | Validating Method: summary                                                                         |
[2022-10-11 10:01:35,070] [builder.py:632]            [DEBUG]    | Value: Comedy is a genre of film that uses humor as a driving force. The aim of a comedy film is to illicit laughter from the audience through entertaining stories and characters. Although the comedy film may take on some serious material, most have a happy ending. Comedy film has the tendency to become a hybrid sub-genre because humor can be incorporated into many other genres. Comedies are more likely than other films to fall back on the success and popularity of an individual star. |
[2022-10-11 10:01:35,070] [builder.py:627]            [DEBUG]    |                                                                                                    |
[2022-10-11 10:01:35,070] [builder.py:631]            [DEBUG]    | Validating Method: sort_title                                                                      |
[2022-10-11 10:01:35,071] [builder.py:632]            [DEBUG]    | Value: +3_Comedy                                                                                   |
[2022-10-11 10:01:35,076] [plex.py:790]               [DEBUG]    |                                                                                                    |
[2022-10-11 10:01:35,076] [plex.py:793]               [DEBUG]    | Looking for: Comedy                                                                                |
[2022-10-11 10:01:35,077] [builder.py:797]            [INFO]     |                                                                                                    |
[2022-10-11 10:01:35,077] [builder.py:798]            [INFO]     | Validation Successful                                                                              |
[2022-10-11 10:01:35,077] [plex_meta_manager.py:561]  [INFO]     |                                                                                                    |
[2022-10-11 10:01:35,077] [plex_meta_manager.py:563]  [INFO]     |==================================== Running Comedy Collection =====================================|
[2022-10-11 10:01:35,077] [plex_meta_manager.py:569]  [INFO]     |                                                                                                    |
[2022-10-11 10:01:35,077] [plex_meta_manager.py:570]  [INFO]     | Smart Movie Label                                                                                  |
                                                                 | Sort By: audience_rating.desc
                                                                 | Filter:
                                                                 |   Match all of the following:
                                                                 |     Label is Comedy
[2022-10-11 10:01:35,078] [plex_meta_manager.py:575]  [INFO]     | 
[2022-10-11 10:01:35,078] [plex_meta_manager.py:576]  [INFO]     | Sync Mode: sync
[2022-10-11 10:01:35,078] [plex_meta_manager.py:579]  [DEBUG]    | 
[2022-10-11 10:01:35,078] [plex_meta_manager.py:580]  [DEBUG]    | Builder: plex_search: (1, 'Plex Movie Search\nSort By: title.asc\nFilter:\n  Match all of the following:\n    Match any of the following:\n      Genre is Comedy', '?type=1&sort=titleSort&push=1&genre=73079&pop=1')
[2022-10-11 10:01:35,078] [plex_meta_manager.py:581]  [INFO]     | 
[2022-10-11 10:01:35,079] [plex.py:819]               [INFO]     | Processing Plex Movie Search
                                                                 | Sort By: title.asc
                                                                 | Filter:
                                                                 |   Match all of the following:
                                                                 |     Match any of the following:
                                                                 |       Genre is Comedy
[2022-10-11 10:01:35,090] [plex.py:864]               [DEBUG]    | 
[2022-10-11 10:01:35,090] [plex.py:865]               [DEBUG]    | 1 Keys Found: [(21588, 'ratingKey')]
[2022-10-11 10:01:35,090] [builder.py:1540]           [DEBUG]    | 
[2022-10-11 10:01:35,090] [builder.py:1541]           [DEBUG]    | 1 IDs Found: [(21588, 'ratingKey')]
[2022-10-11 10:01:35,090] [builder.py:1542]           [DEBUG]    | 
[2022-10-11 10:01:35,091] [plex_meta_manager.py:624]  [INFO]     | 
[2022-10-11 10:01:35,091] [plex_meta_manager.py:625]  [INFO]     | Collection Minimum: 2 not met for Comedy Collection
[2022-10-11 10:01:35,091] [plex_meta_manager.py:708]  [INFO]     | 
[2022-10-11 10:01:35,091] [plex_meta_manager.py:709]  [INFO]     |====================================================================================================|
[2022-10-11 10:01:35,092] [plex_meta_manager.py:709]  [INFO]     |                                     Finished Comedy Collection                                     |
[2022-10-11 10:01:35,092] [plex_meta_manager.py:709]  [INFO]     |                                    Collection Run Time: 0:00:00                                    |
[2022-10-11 10:01:35,092] [plex_meta_manager.py:709]  [INFO]     |====================================================================================================|
