[2022-10-11 10:02:55,245] [builder.py:197]            [INFO]     |====================================================================================================|
[2022-10-11 10:02:55,245] [builder.py:197]            [INFO]     |                             Horror Collection in Z. 5 - Film Animation                             |
[2022-10-11 10:02:55,245] [builder.py:197]            [INFO]     |====================================================================================================|
[2022-10-11 10:02:55,245] [builder.py:198]            [INFO]     |                                                                                                    |
[2022-10-11 10:02:55,246] [builder.py:203]            [INFO]     |================================ Building Definition From Templates ================================|
[2022-10-11 10:02:55,246] [builder.py:211]            [DEBUG]    |                                                                                                    |
[2022-10-11 10:02:55,246] [meta.py:128]               [DEBUG]    | Template Genre                                                                                     |
[2022-10-11 10:02:55,246] [meta.py:129]               [DEBUG]    | Call: ordereddict([('name', 'Genre')])                                                             |
[2022-10-11 10:02:55,246] [meta.py:304]               [DEBUG]    |                                                                                                    |
[2022-10-11 10:02:55,246] [meta.py:305]               [DEBUG]    | Variables: ordereddict([('name', 'Genre'), ('collection_name', 'Horror'), ('mapping_name', 'Horror'), ('library_type', 'movie'), ('library_name', 'Z. 5 - Film Animation'), ('name_encoded', 'Genre'), ('collection_name_encoded', 'Horror'), ('mapping_name_encoded', 'Horror'), ('library_type_encoded', 'movie'), ('library_name_encoded', 'Z.%205%20-%20Film%20Animation'), ('collection_sort', 'Horror')]) |
[2022-10-11 10:02:55,247] [meta.py:306]               [DEBUG]    |                                                                                                    |
[2022-10-11 10:02:55,247] [meta.py:307]               [DEBUG]    | Defaults: {}                                                                                       |
[2022-10-11 10:02:55,247] [meta.py:308]               [DEBUG]    |                                                                                                    |
[2022-10-11 10:02:55,247] [meta.py:309]               [DEBUG]    | Optional: []                                                                                       |
[2022-10-11 10:02:55,247] [meta.py:370]               [DEBUG]    |                                                                                                    |
[2022-10-11 10:02:55,248] [meta.py:371]               [DEBUG]    | Final Template Attributes: {'sort_title': '+3_Horror', 'sync_mode': 'sync', 'smart_label': 'audience_rating.desc'} |
[2022-10-11 10:02:55,248] [meta.py:372]               [DEBUG]    |                                                                                                    |
[2022-10-11 10:02:55,248] [builder.py:219]            [INFO]     |=================================== Validating Horror Attributes ===================================|
[2022-10-11 10:02:55,248] [builder.py:488]            [DEBUG]    |                                                                                                    |
[2022-10-11 10:02:55,248] [builder.py:489]            [DEBUG]    | Validating Method: sync_mode                                                                       |
[2022-10-11 10:02:55,248] [builder.py:493]            [DEBUG]    | Value: sync                                                                                        |
[2022-10-11 10:02:55,248] [builder.py:538]            [DEBUG]    |                                                                                                    |
[2022-10-11 10:02:55,249] [builder.py:539]            [DEBUG]    | Validating Method: smart_label                                                                     |
[2022-10-11 10:02:55,249] [builder.py:544]            [DEBUG]    | Value: audience_rating.desc                                                                        |
[2022-10-11 10:02:55,264] [builder.py:627]            [DEBUG]    |                                                                                                    |
[2022-10-11 10:02:55,264] [builder.py:631]            [DEBUG]    | Validating Method: plex_search                                                                     |
[2022-10-11 10:02:55,265] [builder.py:632]            [DEBUG]    | Value: ordereddict([('genre', ['Horreur'])])                                                       |
[2022-10-11 10:02:55,316] [builder.py:627]            [DEBUG]    |                                                                                                    |
[2022-10-11 10:02:55,316] [builder.py:631]            [DEBUG]    | Validating Method: url_poster                                                                      |
[2022-10-11 10:02:55,316] [builder.py:632]            [DEBUG]    | Value: https://raw.githubusercontent.com/MonsieurZed/poster/main/img/GENRE_HORROR.png              |
[2022-10-11 10:02:55,538] [builder.py:627]            [DEBUG]    |                                                                                                    |
[2022-10-11 10:02:55,539] [builder.py:631]            [DEBUG]    | Validating Method: summary                                                                         |
[2022-10-11 10:02:55,539] [builder.py:632]            [DEBUG]    | Value: Horror film is a genre that aims to create a sense of fear, panic, alarm, and dread for the audience. These films are often unsettling and rely on scaring the audience through a portrayal of their worst fears and nightmares. Horror films usually center on the arrival of an evil force, person, or event. Many Horror films include mythical creatures such as ghosts, vampires, and zombies. Traditionally, Horror films incorporate a large amount of violence and gore into the plot. Though it has its own style, Horror film often overlaps into Fantasy, Thriller, and Science-Fiction genres. |
[2022-10-11 10:02:55,539] [builder.py:627]            [DEBUG]    |                                                                                                    |
[2022-10-11 10:02:55,539] [builder.py:631]            [DEBUG]    | Validating Method: imdb_list                                                                       |
[2022-10-11 10:02:55,540] [builder.py:632]            [DEBUG]    | Value: [ordereddict([('url', 'https://www.imdb.com/search/title/?title_type=feature&release_date=1990-01-01,&user_rating=5.0,10.0&num_votes=100000,&genres=horror'), ('limit', 200)]), ordereddict([('url', 'https://www.imdb.com/search/title/?title_type=feature&release_date=1990-01-01,&user_rating=5.0,10.0&num_votes=100000,&genres=horror&sort=user_rating,desc'), ('limit', 200)])] |
[2022-10-11 10:02:57,207] [builder.py:627]            [DEBUG]    |                                                                                                    |
[2022-10-11 10:02:57,208] [builder.py:631]            [DEBUG]    | Validating Method: sort_title                                                                      |
[2022-10-11 10:02:57,208] [builder.py:632]            [DEBUG]    | Value: +3_Horror                                                                                   |
[2022-10-11 10:02:57,213] [plex.py:790]               [DEBUG]    |                                                                                                    |
[2022-10-11 10:02:57,214] [plex.py:793]               [DEBUG]    | Looking for: Horror                                                                                |
[2022-10-11 10:02:57,214] [builder.py:797]            [INFO]     |                                                                                                    |
[2022-10-11 10:02:57,214] [builder.py:798]            [INFO]     | Validation Successful                                                                              |
[2022-10-11 10:02:57,214] [plex_meta_manager.py:561]  [INFO]     |                                                                                                    |
[2022-10-11 10:02:57,214] [plex_meta_manager.py:563]  [INFO]     |==================================== Running Horror Collection =====================================|
[2022-10-11 10:02:57,214] [plex_meta_manager.py:569]  [INFO]     |                                                                                                    |
[2022-10-11 10:02:57,215] [plex_meta_manager.py:570]  [INFO]     | Smart Movie Label                                                                                  |
                                                                 | Sort By: audience_rating.desc
                                                                 | Filter:
                                                                 |   Match all of the following:
                                                                 |     Label is Horror
[2022-10-11 10:02:57,215] [plex_meta_manager.py:575]  [INFO]     | 
[2022-10-11 10:02:57,216] [plex_meta_manager.py:576]  [INFO]     | Sync Mode: sync
[2022-10-11 10:02:57,216] [plex_meta_manager.py:579]  [DEBUG]    | 
[2022-10-11 10:02:57,216] [plex_meta_manager.py:580]  [DEBUG]    | Builder: plex_search: (1, 'Plex Movie Search\nSort By: title.asc\nFilter:\n  Match all of the following:\n    Match any of the following:\n      Genre is Horreur', '?type=1&sort=titleSort&push=1&genre=29160&pop=1')
[2022-10-11 10:02:57,216] [plex_meta_manager.py:581]  [INFO]     | 
[2022-10-11 10:02:57,216] [plex.py:819]               [INFO]     | Processing Plex Movie Search
                                                                 | Sort By: title.asc
                                                                 | Filter:
                                                                 |   Match all of the following:
                                                                 |     Match any of the following:
                                                                 |       Genre is Horreur
[2022-10-11 10:02:57,285] [plex.py:864]               [DEBUG]    | 
[2022-10-11 10:02:57,285] [plex.py:865]               [DEBUG]    | 16 Keys Found: [(88782, 'ratingKey'), (88588, 'ratingKey'), (88581, 'ratingKey'), (89287, 'ratingKey'), (21049, 'ratingKey'), (88693, 'ratingKey'), (88644, 'ratingKey'), (22317, 'ratingKey'), (88600, 'ratingKey'), (88606, 'ratingKey'), (13650, 'ratingKey'), (13649, 'ratingKey'), (13639, 'ratingKey'), (88613, 'ratingKey'), (88559, 'ratingKey'), (88658, 'ratingKey')]
[2022-10-11 10:02:57,285] [builder.py:1540]           [DEBUG]    | 
[2022-10-11 10:02:57,286] [builder.py:1541]           [DEBUG]    | 16 IDs Found: [(88782, 'ratingKey'), (88588, 'ratingKey'), (88581, 'ratingKey'), (89287, 'ratingKey'), (21049, 'ratingKey'), (88693, 'ratingKey'), (88644, 'ratingKey'), (22317, 'ratingKey'), (88600, 'ratingKey'), (88606, 'ratingKey'), (13650, 'ratingKey'), (13649, 'ratingKey'), (13639, 'ratingKey'), (88613, 'ratingKey'), (88559, 'ratingKey'), (88658, 'ratingKey')]
[2022-10-11 10:02:57,286] [builder.py:1542]           [DEBUG]    | 
[2022-10-11 10:02:57,287] [plex_meta_manager.py:579]  [DEBUG]    | 
[2022-10-11 10:02:57,287] [plex_meta_manager.py:580]  [DEBUG]    | Builder: imdb_list: {'url': 'https://www.imdb.com/search/title/?title_type=feature&release_date=1990-01-01,&user_rating=5.0,10.0&num_votes=100000,&genres=horror', 'limit': 200}
[2022-10-11 10:02:57,287] [plex_meta_manager.py:581]  [INFO]     | 
[2022-10-11 10:02:57,287] [imdb.py:184]               [INFO]     | Processing IMDb List: 200 Items at https://www.imdb.com/search/title/?title_type=feature&release_date=1990-01-01,&user_rating=5.0,10.0&num_votes=100000,&genres=horror
[2022-10-11 10:03:01,874] [imdb.py:135]               [DEBUG]    | 200 IMDb IDs Found: ['tt0107120', 'tt10954984', 'tt7144666', 'tt11866324', 'tt0110148', 'tt8772262', 'tt0144084', 'tt11245972', 'tt4263482', 'tt5108870', 'tt9419884', 'tt1396484', 'tt0117571', 'tt7784604', 'tt0263488', 'tt1502407', 'tt9639470', 'tt0162661', 'tt1457767', 'tt0119081', 'tt5052448', 'tt1148204', 'tt0103874', 'tt5606664', 'tt10954652', 'tt0360486', 'tt0373883', 'tt0195714', 'tt3235888', 'tt0120082', 'tt0104070', 'tt0758746', 'tt7798634', 'tt8244784', 'tt1179056', 'tt6857112', 'tt0435625', 'tt1144884', 'tt1591095', 'tt7349950', 'tt1922777', 'tt0185937', 'tt4972582', 'tt0387564', 'tt1259521', 'tt5109784', 'tt0837562', 'tt1538403', 'tt0884328', 'tt1131734', 'tt0120611', 'tt0289043', 'tt1288558', 'tt0397065', 'tt5700672', 'tt0298130', 'tt6644200', 'tt7984734', 'tt0133751', 'tt0109506', 'tt3416742', 'tt1441395', 'tt1438176', 'tt3567288', 'tt2184339', 'tt5638642', 'tt0454841', 'tt0230600', 'tt0116367', 'tt0816711', 'tt3748172', 'tt0395584', 'tt0482606', 'tt1139797', 'tt0119345', 'tt2798920', 'tt2345759', 'tt0408236', 'tt8228288', 'tt8332922', 'tt5814060', 'tt2400463', 'tt0384537', 'tt2554274', 'tt1262416', 'tt1051906', 'tt2321549', 'tt0450278', 'tt0450385', 'tt0365748', 'tt2316204', 'tt5022702', 'tt0120804', 'tt0295700', 'tt4779682', 'tt3065204', 'tt7069210', 'tt1465522', 'tt1179933', 'tt0106308', 'tt5442430', 'tt2388715', 'tt5715874', 'tt1156398', 'tt0870984', 'tt0100814', 'tt0309593', 'tt2494362', 'tt4786282', 'tt3289956', 'tt5886046', 'tt0993840', 'tt6823368', 'tt4160708', 'tt2737304', 'tt1588170', 'tt0363547', 'tt1127180', 'tt4062536', 'tt0187738', 'tt0329101', 'tt0324216', 'tt3322940', 'tt1560220', 'tt0414982', 'tt1939659', 'tt0359013', 'tt1060277', 'tt5140878', 'tt0134084', 'tt1228987', 'tt0099871', 'tt1077368', 'tt1142977', 'tt1622979', 'tt0120681', 'tt0161081', 'tt0463854', 'tt0209958', 'tt1314655', 'tt0288477', 'tt1179904', 'tt0829150', 'tt0391198', 'tt1038988', 'tt0257106', 'tt1596365', 'tt0103644', 'tt5308322', 'tt2023587', 'tt0859163', 'tt1611224', 'tt1189073', 'tt0384806', 'tt0432348', 'tt2510894', 'tt0167190', 'tt1258197', 'tt0118583', 'tt1428538', 'tt4052882', 'tt0100403', 'tt0442933', 'tt0389722', 'tt1077258', 'tt2226417', 'tt0464141', 'tt0123755', 'tt1188729', 'tt0404032', 'tt0905372', 'tt1038686', 'tt0462322', 'tt0370263', 'tt0134847', 'tt0468492', 'tt0164052', 'tt0397101', 'tt0318627', 'tt0780653', 'tt1588173', 'tt2548396', 'tt0489270', 'tt0099700', 'tt3195644', 'tt7668870', 'tt0355295', 'tt4094724', 'tt0419706', 'tt1486185', 'tt2975578', 'tt0411477', 'tt0432021', 'tt0433362', 'tt0146675', 'tt0386117', 'tt1911644', 'tt0452702', 'tt2557478', 'tt0455407']
[2022-10-11 10:03:01,874] [builder.py:1540]           [DEBUG]    | 
[2022-10-11 10:03:01,874] [builder.py:1541]           [DEBUG]    | 200 IDs Found: [('tt0107120', 'imdb'), ('tt10954984', 'imdb'), ('tt7144666', 'imdb'), ('tt11866324', 'imdb'), ('tt0110148', 'imdb'), ('tt8772262', 'imdb'), ('tt0144084', 'imdb'), ('tt11245972', 'imdb'), ('tt4263482', 'imdb'), ('tt5108870', 'imdb'), ('tt9419884', 'imdb'), ('tt1396484', 'imdb'), ('tt0117571', 'imdb'), ('tt7784604', 'imdb'), ('tt0263488', 'imdb'), ('tt1502407', 'imdb'), ('tt9639470', 'imdb'), ('tt0162661', 'imdb'), ('tt1457767', 'imdb'), ('tt0119081', 'imdb'), ('tt5052448', 'imdb'), ('tt1148204', 'imdb'), ('tt0103874', 'imdb'), ('tt5606664', 'imdb'), ('tt10954652', 'imdb'), ('tt0360486', 'imdb'), ('tt0373883', 'imdb'), ('tt0195714', 'imdb'), ('tt3235888', 'imdb'), ('tt0120082', 'imdb'), ('tt0104070', 'imdb'), ('tt0758746', 'imdb'), ('tt7798634', 'imdb'), ('tt8244784', 'imdb'), ('tt1179056', 'imdb'), ('tt6857112', 'imdb'), ('tt0435625', 'imdb'), ('tt1144884', 'imdb'), ('tt1591095', 'imdb'), ('tt7349950', 'imdb'), ('tt1922777', 'imdb'), ('tt0185937', 'imdb'), ('tt4972582', 'imdb'), ('tt0387564', 'imdb'), ('tt1259521', 'imdb'), ('tt5109784', 'imdb'), ('tt0837562', 'imdb'), ('tt1538403', 'imdb'), ('tt0884328', 'imdb'), ('tt1131734', 'imdb'), ('tt0120611', 'imdb'), ('tt0289043', 'imdb'), ('tt1288558', 'imdb'), ('tt0397065', 'imdb'), ('tt5700672', 'imdb'), ('tt0298130', 'imdb'), ('tt6644200', 'imdb'), ('tt7984734', 'imdb'), ('tt0133751', 'imdb'), ('tt0109506', 'imdb'), ('tt3416742', 'imdb'), ('tt1441395', 'imdb'), ('tt1438176', 'imdb'), ('tt3567288', 'imdb'), ('tt2184339', 'imdb'), ('tt5638642', 'imdb'), ('tt0454841', 'imdb'), ('tt0230600', 'imdb'), ('tt0116367', 'imdb'), ('tt0816711', 'imdb'), ('tt3748172', 'imdb'), ('tt0395584', 'imdb'), ('tt0482606', 'imdb'), ('tt1139797', 'imdb'), ('tt0119345', 'imdb'), ('tt2798920', 'imdb'), ('tt2345759', 'imdb'), ('tt0408236', 'imdb'), ('tt8228288', 'imdb'), ('tt8332922', 'imdb'), ('tt5814060', 'imdb'), ('tt2400463', 'imdb'), ('tt0384537', 'imdb'), ('tt2554274', 'imdb'), ('tt1262416', 'imdb'), ('tt1051906', 'imdb'), ('tt2321549', 'imdb'), ('tt0450278', 'imdb'), ('tt0450385', 'imdb'), ('tt0365748', 'imdb'), ('tt2316204', 'imdb'), ('tt5022702', 'imdb'), ('tt0120804', 'imdb'), ('tt0295700', 'imdb'), ('tt4779682', 'imdb'), ('tt3065204', 'imdb'), ('tt7069210', 'imdb'), ('tt1465522', 'imdb'), ('tt1179933', 'imdb'), ('tt0106308', 'imdb'), ('tt5442430', 'imdb'), ('tt2388715', 'imdb'), ('tt5715874', 'imdb'), ('tt1156398', 'imdb'), ('tt0870984', 'imdb'), ('tt0100814', 'imdb'), ('tt0309593', 'imdb'), ('tt2494362', 'imdb'), ('tt4786282', 'imdb'), ('tt3289956', 'imdb'), ('tt5886046', 'imdb'), ('tt0993840', 'imdb'), ('tt6823368', 'imdb'), ('tt4160708', 'imdb'), ('tt2737304', 'imdb'), ('tt1588170', 'imdb'), ('tt0363547', 'imdb'), ('tt1127180', 'imdb'), ('tt4062536', 'imdb'), ('tt0187738', 'imdb'), ('tt0329101', 'imdb'), ('tt0324216', 'imdb'), ('tt3322940', 'imdb'), ('tt1560220', 'imdb'), ('tt0414982', 'imdb'), ('tt1939659', 'imdb'), ('tt0359013', 'imdb'), ('tt1060277', 'imdb'), ('tt5140878', 'imdb'), ('tt0134084', 'imdb'), ('tt1228987', 'imdb'), ('tt0099871', 'imdb'), ('tt1077368', 'imdb'), ('tt1142977', 'imdb'), ('tt1622979', 'imdb'), ('tt0120681', 'imdb'), ('tt0161081', 'imdb'), ('tt0463854', 'imdb'), ('tt0209958', 'imdb'), ('tt1314655', 'imdb'), ('tt0288477', 'imdb'), ('tt1179904', 'imdb'), ('tt0829150', 'imdb'), ('tt0391198', 'imdb'), ('tt1038988', 'imdb'), ('tt0257106', 'imdb'), ('tt1596365', 'imdb'), ('tt0103644', 'imdb'), ('tt5308322', 'imdb'), ('tt2023587', 'imdb'), ('tt0859163', 'imdb'), ('tt1611224', 'imdb'), ('tt1189073', 'imdb'), ('tt0384806', 'imdb'), ('tt0432348', 'imdb'), ('tt2510894', 'imdb'), ('tt0167190', 'imdb'), ('tt1258197', 'imdb'), ('tt0118583', 'imdb'), ('tt1428538', 'imdb'), ('tt4052882', 'imdb'), ('tt0100403', 'imdb'), ('tt0442933', 'imdb'), ('tt0389722', 'imdb'), ('tt1077258', 'imdb'), ('tt2226417', 'imdb'), ('tt0464141', 'imdb'), ('tt0123755', 'imdb'), ('tt1188729', 'imdb'), ('tt0404032', 'imdb'), ('tt0905372', 'imdb'), ('tt1038686', 'imdb'), ('tt0462322', 'imdb'), ('tt0370263', 'imdb'), ('tt0134847', 'imdb'), ('tt0468492', 'imdb'), ('tt0164052', 'imdb'), ('tt0397101', 'imdb'), ('tt0318627', 'imdb'), ('tt0780653', 'imdb'), ('tt1588173', 'imdb'), ('tt2548396', 'imdb'), ('tt0489270', 'imdb'), ('tt0099700', 'imdb'), ('tt3195644', 'imdb'), ('tt7668870', 'imdb'), ('tt0355295', 'imdb'), ('tt4094724', 'imdb'), ('tt0419706', 'imdb'), ('tt1486185', 'imdb'), ('tt2975578', 'imdb'), ('tt0411477', 'imdb'), ('tt0432021', 'imdb'), ('tt0433362', 'imdb'), ('tt0146675', 'imdb'), ('tt0386117', 'imdb'), ('tt1911644', 'imdb'), ('tt0452702', 'imdb'), ('tt2557478', 'imdb'), ('tt0455407', 'imdb')]
[2022-10-11 10:03:01,875] [builder.py:1542]           [DEBUG]    | 
[2022-10-11 10:03:05,145] [plex_meta_manager.py:579]  [DEBUG]    | 
[2022-10-11 10:03:05,148] [plex_meta_manager.py:580]  [DEBUG]    | Builder: imdb_list: {'url': 'https://www.imdb.com/search/title/?title_type=feature&release_date=1990-01-01,&user_rating=5.0,10.0&num_votes=100000,&genres=horror&sort=user_rating,desc', 'limit': 200}
[2022-10-11 10:03:05,149] [plex_meta_manager.py:581]  [INFO]     | 
[2022-10-11 10:03:05,150] [imdb.py:184]               [INFO]     | Processing IMDb List: 200 Items at https://www.imdb.com/search/title/?title_type=feature&release_date=1990-01-01,&user_rating=5.0,10.0&num_votes=100000,&genres=horror&sort=user_rating,desc
[2022-10-11 10:03:09,743] [imdb.py:135]               [DEBUG]    | 200 IMDb IDs Found: ['tt1139797', 'tt0365748', 'tt1588170', 'tt5052448', 'tt7668870', 'tt5700672', 'tt3416742', 'tt1189073', 'tt1156398', 'tt0387564', 'tt0230600', 'tt0144084', 'tt6644200', 'tt1465522', 'tt1457767', 'tt0462322', 'tt0289043', 'tt0110148', 'tt0109506', 'tt7984734', 'tt1038988', 'tt0464141', 'tt0117571', 'tt0106308', 'tt0103874', 'tt0099871', 'tt7784604', 'tt5606664', 'tt4972582', 'tt3065204', 'tt1396484', 'tt0408236', 'tt0363547', 'tt0162661', 'tt0138704', 'tt8332922', 'tt11866324', 'tt1179933', 'tt0435625', 'tt0123755', 'tt0116367', 'tt9639470', 'tt8772262', 'tt4160708', 'tt2494362', 'tt1228987', 'tt1077258', 'tt1051906', 'tt0884328', 'tt0468492', 'tt0298130', 'tt0134847', 'tt0120611', 'tt0100814', 'tt9419884', 'tt8228288', 'tt7144666', 'tt5715874', 'tt4062536', 'tt1259521', 'tt1148204', 'tt1060277', 'tt0837562', 'tt0816711', 'tt0411477', 'tt0360486', 'tt4263482', 'tt1142977', 'tt10954984', 'tt0463854', 'tt0107120', 'tt7798634', 'tt6857112', 'tt3289956', 'tt3235888', 'tt2798920', 'tt2321549', 'tt1922777', 'tt1591095', 'tt1588173', 'tt1258197', 'tt0450385', 'tt0167190', 'tt0120907', 'tt1911644', 'tt1560220', 'tt1188729', 'tt0404032', 'tt0395584', 'tt0386117', 'tt0195714', 'tt0187738', 'tt0120681', 'tt6823368', 'tt5442430', 'tt5308322', 'tt5109784', 'tt5022702', 'tt2737304', 'tt2510894', 'tt2400463', 'tt1127180', 'tt0432348', 'tt0389722', 'tt0161081', 'tt0120804', 'tt0119081', 'tt0104070', 'tt8244784', 'tt7349950', 'tt5140878', 'tt3748172', 'tt2554274', 'tt2388715', 'tt2226417', 'tt1502407', 'tt1288558', 'tt0870984', 'tt0455407', 'tt0397101', 'tt0384537', 'tt0185937', 'tt0133751', 'tt5886046', 'tt2975578', 'tt2316204', 'tt1596365', 'tt1438176', 'tt0454841', 'tt0433362', 'tt0209958', 'tt0103644', 'tt0099700', 'tt7069210', 'tt5638642', 'tt4786282', 'tt4052882', 'tt1496025', 'tt1441395', 'tt1314655', 'tt1179904', 'tt11245972', 'tt0442933', 'tt0120082', 'tt0100403', 'tt3567288', 'tt2023587', 'tt1262416', 'tt1077368', 'tt0905372', 'tt0829150', 'tt0489270', 'tt0452702', 'tt0432021', 'tt0324216', 'tt0309593', 'tt0263488', 'tt0118583', 'tt3195644', 'tt1428538', 'tt0790686', 'tt0482606', 'tt0318627', 'tt0295700', 'tt4094724', 'tt1233227', 'tt0373883', 'tt1622979', 'tt1611224', 'tt0890870', 'tt0450278', 'tt0391198', 'tt0384806', 'tt0355295', 'tt1939659', 'tt1538403', 'tt1220634', 'tt1132626', 'tt10954652', 'tt0780653', 'tt0414982', 'tt0359013', 'tt0348836', 'tt0164052', 'tt0146675', 'tt0119345', 'tt2184339', 'tt1536044', 'tt0993840', 'tt0822847', 'tt0329101', 'tt4779682', 'tt2557478', 'tt0370263', 'tt0134084', 'tt2548396', 'tt0758746', 'tt0288477', 'tt3322940', 'tt2345759']
[2022-10-11 10:03:09,744] [builder.py:1540]           [DEBUG]    | 
[2022-10-11 10:03:09,744] [builder.py:1541]           [DEBUG]    | 200 IDs Found: [('tt1139797', 'imdb'), ('tt0365748', 'imdb'), ('tt1588170', 'imdb'), ('tt5052448', 'imdb'), ('tt7668870', 'imdb'), ('tt5700672', 'imdb'), ('tt3416742', 'imdb'), ('tt1189073', 'imdb'), ('tt1156398', 'imdb'), ('tt0387564', 'imdb'), ('tt0230600', 'imdb'), ('tt0144084', 'imdb'), ('tt6644200', 'imdb'), ('tt1465522', 'imdb'), ('tt1457767', 'imdb'), ('tt0462322', 'imdb'), ('tt0289043', 'imdb'), ('tt0110148', 'imdb'), ('tt0109506', 'imdb'), ('tt7984734', 'imdb'), ('tt1038988', 'imdb'), ('tt0464141', 'imdb'), ('tt0117571', 'imdb'), ('tt0106308', 'imdb'), ('tt0103874', 'imdb'), ('tt0099871', 'imdb'), ('tt7784604', 'imdb'), ('tt5606664', 'imdb'), ('tt4972582', 'imdb'), ('tt3065204', 'imdb'), ('tt1396484', 'imdb'), ('tt0408236', 'imdb'), ('tt0363547', 'imdb'), ('tt0162661', 'imdb'), ('tt0138704', 'imdb'), ('tt8332922', 'imdb'), ('tt11866324', 'imdb'), ('tt1179933', 'imdb'), ('tt0435625', 'imdb'), ('tt0123755', 'imdb'), ('tt0116367', 'imdb'), ('tt9639470', 'imdb'), ('tt8772262', 'imdb'), ('tt4160708', 'imdb'), ('tt2494362', 'imdb'), ('tt1228987', 'imdb'), ('tt1077258', 'imdb'), ('tt1051906', 'imdb'), ('tt0884328', 'imdb'), ('tt0468492', 'imdb'), ('tt0298130', 'imdb'), ('tt0134847', 'imdb'), ('tt0120611', 'imdb'), ('tt0100814', 'imdb'), ('tt9419884', 'imdb'), ('tt8228288', 'imdb'), ('tt7144666', 'imdb'), ('tt5715874', 'imdb'), ('tt4062536', 'imdb'), ('tt1259521', 'imdb'), ('tt1148204', 'imdb'), ('tt1060277', 'imdb'), ('tt0837562', 'imdb'), ('tt0816711', 'imdb'), ('tt0411477', 'imdb'), ('tt0360486', 'imdb'), ('tt4263482', 'imdb'), ('tt1142977', 'imdb'), ('tt10954984', 'imdb'), ('tt0463854', 'imdb'), ('tt0107120', 'imdb'), ('tt7798634', 'imdb'), ('tt6857112', 'imdb'), ('tt3289956', 'imdb'), ('tt3235888', 'imdb'), ('tt2798920', 'imdb'), ('tt2321549', 'imdb'), ('tt1922777', 'imdb'), ('tt1591095', 'imdb'), ('tt1588173', 'imdb'), ('tt1258197', 'imdb'), ('tt0450385', 'imdb'), ('tt0167190', 'imdb'), ('tt0120907', 'imdb'), ('tt1911644', 'imdb'), ('tt1560220', 'imdb'), ('tt1188729', 'imdb'), ('tt0404032', 'imdb'), ('tt0395584', 'imdb'), ('tt0386117', 'imdb'), ('tt0195714', 'imdb'), ('tt0187738', 'imdb'), ('tt0120681', 'imdb'), ('tt6823368', 'imdb'), ('tt5442430', 'imdb'), ('tt5308322', 'imdb'), ('tt5109784', 'imdb'), ('tt5022702', 'imdb'), ('tt2737304', 'imdb'), ('tt2510894', 'imdb'), ('tt2400463', 'imdb'), ('tt1127180', 'imdb'), ('tt0432348', 'imdb'), ('tt0389722', 'imdb'), ('tt0161081', 'imdb'), ('tt0120804', 'imdb'), ('tt0119081', 'imdb'), ('tt0104070', 'imdb'), ('tt8244784', 'imdb'), ('tt7349950', 'imdb'), ('tt5140878', 'imdb'), ('tt3748172', 'imdb'), ('tt2554274', 'imdb'), ('tt2388715', 'imdb'), ('tt2226417', 'imdb'), ('tt1502407', 'imdb'), ('tt1288558', 'imdb'), ('tt0870984', 'imdb'), ('tt0455407', 'imdb'), ('tt0397101', 'imdb'), ('tt0384537', 'imdb'), ('tt0185937', 'imdb'), ('tt0133751', 'imdb'), ('tt5886046', 'imdb'), ('tt2975578', 'imdb'), ('tt2316204', 'imdb'), ('tt1596365', 'imdb'), ('tt1438176', 'imdb'), ('tt0454841', 'imdb'), ('tt0433362', 'imdb'), ('tt0209958', 'imdb'), ('tt0103644', 'imdb'), ('tt0099700', 'imdb'), ('tt7069210', 'imdb'), ('tt5638642', 'imdb'), ('tt4786282', 'imdb'), ('tt4052882', 'imdb'), ('tt1496025', 'imdb'), ('tt1441395', 'imdb'), ('tt1314655', 'imdb'), ('tt1179904', 'imdb'), ('tt11245972', 'imdb'), ('tt0442933', 'imdb'), ('tt0120082', 'imdb'), ('tt0100403', 'imdb'), ('tt3567288', 'imdb'), ('tt2023587', 'imdb'), ('tt1262416', 'imdb'), ('tt1077368', 'imdb'), ('tt0905372', 'imdb'), ('tt0829150', 'imdb'), ('tt0489270', 'imdb'), ('tt0452702', 'imdb'), ('tt0432021', 'imdb'), ('tt0324216', 'imdb'), ('tt0309593', 'imdb'), ('tt0263488', 'imdb'), ('tt0118583', 'imdb'), ('tt3195644', 'imdb'), ('tt1428538', 'imdb'), ('tt0790686', 'imdb'), ('tt0482606', 'imdb'), ('tt0318627', 'imdb'), ('tt0295700', 'imdb'), ('tt4094724', 'imdb'), ('tt1233227', 'imdb'), ('tt0373883', 'imdb'), ('tt1622979', 'imdb'), ('tt1611224', 'imdb'), ('tt0890870', 'imdb'), ('tt0450278', 'imdb'), ('tt0391198', 'imdb'), ('tt0384806', 'imdb'), ('tt0355295', 'imdb'), ('tt1939659', 'imdb'), ('tt1538403', 'imdb'), ('tt1220634', 'imdb'), ('tt1132626', 'imdb'), ('tt10954652', 'imdb'), ('tt0780653', 'imdb'), ('tt0414982', 'imdb'), ('tt0359013', 'imdb'), ('tt0348836', 'imdb'), ('tt0164052', 'imdb'), ('tt0146675', 'imdb'), ('tt0119345', 'imdb'), ('tt2184339', 'imdb'), ('tt1536044', 'imdb'), ('tt0993840', 'imdb'), ('tt0822847', 'imdb'), ('tt0329101', 'imdb'), ('tt4779682', 'imdb'), ('tt2557478', 'imdb'), ('tt0370263', 'imdb'), ('tt0134084', 'imdb'), ('tt2548396', 'imdb'), ('tt0758746', 'imdb'), ('tt0288477', 'imdb'), ('tt3322940', 'imdb'), ('tt2345759', 'imdb')]
[2022-10-11 10:03:09,744] [builder.py:1542]           [DEBUG]    | 
[2022-10-11 10:03:10,214] [builder.py:2064]           [INFO]     | 
[2022-10-11 10:03:10,218] [builder.py:2065]           [INFO]     |=================================== Adding to Horror Collection ====================================|
[2022-10-11 10:03:10,218] [builder.py:2066]           [INFO]     |                                                                                                    |
[2022-10-11 10:03:10,234] [builder.py:2080]           [INFO]     |  1/16 | Horror Collection | + | Batman : The Long Halloween 1ère Partie (2021)                     |
[2022-10-11 10:03:10,254] [builder.py:2080]           [INFO]     |  2/16 | Horror Collection | + | Batman : The Long Halloween 2ème Partie (2021)                     |
[2022-10-11 10:03:10,270] [builder.py:2080]           [INFO]     |  3/16 | Horror Collection | + | Batman : Un deuil dans la famille (2020)                           |
[2022-10-11 10:03:10,289] [builder.py:2080]           [INFO]     |  4/16 | Horror Collection | + | Batman: Gotham by Gaslight (2018)                                  |
[2022-10-11 10:03:10,306] [builder.py:2080]           [INFO]     |  5/16 | Horror Collection | + | Demon Slayer : Kimetsu no Yaiba - Le film : Le train de l'Infini (2020) |
[2022-10-11 10:03:10,325] [builder.py:2080]           [INFO]     |  6/16 | Horror Collection | + | La Famille Addams (2019)                                           |
[2022-10-11 10:03:10,343] [builder.py:2080]           [INFO]     |  7/16 | Horror Collection | + | La Famille Addams 2 : Une virée d'enfer (2021)                     |
[2022-10-11 10:03:10,361] [builder.py:2080]           [INFO]     |  8/16 | Horror Collection | + | Frankenweenie (2012)                                               |
[2022-10-11 10:03:10,377] [builder.py:2080]           [INFO]     |  9/16 | Horror Collection | + | Hellboy Animated : De sang et de fer (2007)                        |
[2022-10-11 10:03:10,477] [builder.py:2080]           [INFO]     | 10/16 | Horror Collection | + | Hellboy Animated : Le Sabre des Tempêtes (2006)                    |
[2022-10-11 10:03:10,498] [builder.py:2080]           [INFO]     | 11/16 | Horror Collection | + | Hôtel Transylvanie (2012)                                          |
[2022-10-11 10:03:10,515] [builder.py:2080]           [INFO]     | 12/16 | Horror Collection | + | Hôtel Transylvanie 2 (2015)                                        |
[2022-10-11 10:03:10,532] [builder.py:2080]           [INFO]     | 13/16 | Horror Collection | + | Hôtel Transylvanie 3 : Des vacances monstrueuses (2018)            |
[2022-10-11 10:03:10,548] [builder.py:2080]           [INFO]     | 14/16 | Horror Collection | + | Justice League Dark (2017)                                         |
[2022-10-11 10:03:10,566] [builder.py:2080]           [INFO]     | 15/16 | Horror Collection | + | Next Avengers (2008)                                               |
[2022-10-11 10:03:10,586] [builder.py:2080]           [INFO]     | 16/16 | Horror Collection | + | La nuit des morts animés (2021)                                    |
[2022-10-11 10:03:11,903] [builder.py:2100]           [INFO]     |                                                                                                    |
[2022-10-11 10:03:11,903] [builder.py:2102]           [INFO]     | 16 Movies Processed 16 Movies Added                                                                |
[2022-10-11 10:03:11,903] [builder.py:2228]           [INFO]     |                                                                                                    |
[2022-10-11 10:03:11,903] [builder.py:2229]           [INFO]     |======================== Missing Movies from Library: Z. 5 - Film Animation ========================|
[2022-10-11 10:03:11,903] [builder.py:2230]           [INFO]     |                                                                                                    |
[2022-10-11 10:03:11,916] [builder.py:2243]           [INFO]     | Horror Collection | ? | Hocus Pocus (1993) (TMDb: 10439)                                           |
[2022-10-11 10:03:11,931] [builder.py:2243]           [INFO]     | Horror Collection | ? | Nope (2022) (TMDb: 762504)                                                 |
[2022-10-11 10:03:11,973] [builder.py:2243]           [INFO]     | Horror Collection | ? | The Black Phone (2022) (TMDb: 756999)                                      |
[2022-10-11 10:03:11,990] [builder.py:2243]           [INFO]     | Horror Collection | ? | Prey (2022) (TMDb: 766507)                                                 |
[2022-10-11 10:03:12,031] [builder.py:2243]           [INFO]     | Horror Collection | ? | Interview with the Vampire (1994) (TMDb: 628)                              |
[2022-10-11 10:03:12,048] [builder.py:2243]           [INFO]     | Horror Collection | ? | Midsommar (2019) (TMDb: 530385)                                            |
[2022-10-11 10:03:12,098] [builder.py:2243]           [INFO]     | Horror Collection | ? | American Psycho (2000) (TMDb: 1359)                                        |
[2022-10-11 10:03:12,114] [builder.py:2243]           [INFO]     | Horror Collection | ? | Scream (2022) (TMDb: 646385)                                               |
[2022-10-11 10:03:12,165] [builder.py:2243]           [INFO]     | Horror Collection | ? | The Witch (2015) (TMDb: 310131)                                            |
[2022-10-11 10:03:12,206] [builder.py:2243]           [INFO]     | Horror Collection | ? | Morbius (2022) (TMDb: 526896)                                              |
[2022-10-11 10:03:12,224] [builder.py:2243]           [INFO]     | Horror Collection | ? | Doctor Strange in the Multiverse of Madness (2022) (TMDb: 453395)          |
[2022-10-11 10:03:12,255] [builder.py:2243]           [INFO]     | Horror Collection | ? | It (2017) (TMDb: 346364)                                                   |
[2022-10-11 10:03:12,272] [builder.py:2243]           [INFO]     | Horror Collection | ? | Scream (1996) (TMDb: 4232)                                                 |
[2022-10-11 10:03:12,313] [builder.py:2243]           [INFO]     | Horror Collection | ? | Hereditary (2018) (TMDb: 493922)                                           |
[2022-10-11 10:03:12,331] [builder.py:2243]           [INFO]     | Horror Collection | ? | Jeepers Creepers : Le Chant du Diable (2001) (TMDb: 8922)                  |
[2022-10-11 10:03:12,371] [builder.py:2243]           [INFO]     | Horror Collection | ? | Halloween (2018) (TMDb: 424139)                                            |
[2022-10-11 10:03:12,389] [builder.py:2243]           [INFO]     | Horror Collection | ? | Last Night in Soho (2021) (TMDb: 576845)                                   |
[2022-10-11 10:03:12,422] [builder.py:2243]           [INFO]     | Horror Collection | ? | Sleepy Hollow (1999) (TMDb: 2668)                                          |
[2022-10-11 10:03:12,439] [builder.py:2243]           [INFO]     | Horror Collection | ? | The Conjuring (2013) (TMDb: 138843)                                        |
[2022-10-11 10:03:12,472] [builder.py:2243]           [INFO]     | Horror Collection | ? | Event Horizon (1997) (TMDb: 8413)                                          |
[2022-10-11 10:03:12,496] [builder.py:2243]           [INFO]     | Horror Collection | ? | Get Out (2017) (TMDb: 419430)                                              |
[2022-10-11 10:03:12,538] [builder.py:2243]           [INFO]     | Horror Collection | ? | Orphan (2009) (TMDb: 21208)                                                |
[2022-10-11 10:03:12,549] [builder.py:2243]           [INFO]     | Horror Collection | ? | Bram Stoker's Dracula (1992) (TMDb: 6114)                                  |
[2022-10-11 10:03:12,587] [builder.py:2243]           [INFO]     | Horror Collection | ? | Doctor Sleep (2019) (TMDb: 501170)                                         |
[2022-10-11 10:03:12,666] [builder.py:2243]           [INFO]     | Horror Collection | ? | Old (2021) (TMDb: 631843)                                                  |
[2022-10-11 10:03:12,679] [builder.py:2243]           [INFO]     | Horror Collection | ? | Constantine (2005) (TMDb: 561)                                             |
[2022-10-11 10:03:12,713] [builder.py:2243]           [INFO]     | Horror Collection | ? | Halloween (2007) (TMDb: 2082)                                              |
[2022-10-11 10:03:12,746] [builder.py:2243]           [INFO]     | Horror Collection | ? | Final Destination (2000) (TMDb: 9532)                                      |
[2022-10-11 10:03:12,762] [builder.py:2243]           [INFO]     | Horror Collection | ? | It Follows (2014) (TMDb: 270303)                                           |
[2022-10-11 10:03:12,788] [builder.py:2243]           [INFO]     | Horror Collection | ? | Scream 2 (1997) (TMDb: 4233)                                               |
[2022-10-11 10:03:12,840] [builder.py:2243]           [INFO]     | Horror Collection | ? | Death Becomes Her (1992) (TMDb: 9374)                                      |
[2022-10-11 10:03:12,903] [builder.py:2243]           [INFO]     | Horror Collection | ? | Friday the 13th (2009) (TMDb: 13207)                                       |
[2022-10-11 10:03:12,916] [builder.py:2243]           [INFO]     | Horror Collection | ? | Ready or Not (2019) (TMDb: 567609)                                         |
[2022-10-11 10:03:12,939] [builder.py:2243]           [INFO]     | Horror Collection | ? | The Hunt (2020) (TMDb: 514847)                                             |
[2022-10-11 10:03:12,941] [builder.py:2243]           [INFO]     | Horror Collection | ? | A Nightmare on Elm Street (2010) (TMDb: 23437)                             |
[2022-10-11 10:03:12,968] [builder.py:2243]           [INFO]     | Horror Collection | ? | Us (2019) (TMDb: 458723)                                                   |
[2022-10-11 10:03:12,991] [builder.py:2243]           [INFO]     | Horror Collection | ? | The Descent (2005) (TMDb: 9392)                                            |
[2022-10-11 10:03:13,005] [builder.py:2243]           [INFO]     | Horror Collection | ? | The Final Destination (2009) (TMDb: 19912)                                 |
[2022-10-11 10:03:13,031] [builder.py:2243]           [INFO]     | Horror Collection | ? | Insidious (2010) (TMDb: 49018)                                             |
[2022-10-11 10:03:13,047] [builder.py:2243]           [INFO]     | Horror Collection | ? | It Chapter Two (2019) (TMDb: 474350)                                       |
[2022-10-11 10:03:13,079] [builder.py:2243]           [INFO]     | Horror Collection | ? | Sinister (2012) (TMDb: 82507)                                              |
[2022-10-11 10:03:13,090] [builder.py:2243]           [INFO]     | Horror Collection | ? | The Blair Witch Project (1999) (TMDb: 2667)                                |
[2022-10-11 10:03:13,106] [builder.py:2243]           [INFO]     | Horror Collection | ? | Split (2016) (TMDb: 381288)                                                |
[2022-10-11 10:03:13,130] [builder.py:2243]           [INFO]     | Horror Collection | ? | Saw (2004) (TMDb: 176)                                                     |
[2022-10-11 10:03:13,146] [builder.py:2243]           [INFO]     | Horror Collection | ? | The Cabin in the Woods (2012) (TMDb: 22970)                                |
[2022-10-11 10:03:13,179] [builder.py:2243]           [INFO]     | Horror Collection | ? | mother! (2017) (TMDb: 381283)                                              |
[2022-10-11 10:03:13,198] [builder.py:2243]           [INFO]     | Horror Collection | ? | The Mortal Instruments: City of Bones (2013) (TMDb: 123553)                |
[2022-10-11 10:03:13,240] [builder.py:2243]           [INFO]     | Horror Collection | ? | The Mist (2007) (TMDb: 5876)                                               |
[2022-10-11 10:03:13,281] [builder.py:2243]           [INFO]     | Horror Collection | ? | Jennifer's Body (2009) (TMDb: 19994)                                       |
[2022-10-11 10:03:13,298] [builder.py:2243]           [INFO]     | Horror Collection | ? | Blade (1998) (TMDb: 36647)                                                 |
[2022-10-11 10:03:13,340] [builder.py:2243]           [INFO]     | Horror Collection | ? | 28 Days Later (2002) (TMDb: 170)                                           |
[2022-10-11 10:03:13,373] [builder.py:2243]           [INFO]     | Horror Collection | ? | Evil Dead (2013) (TMDb: 109428)                                            |
[2022-10-11 10:03:13,396] [builder.py:2243]           [INFO]     | Horror Collection | ? | House of Wax (2005) (TMDb: 10066)                                          |
[2022-10-11 10:03:13,440] [builder.py:2243]           [INFO]     | Horror Collection | ? | Train to Busan (2016) (TMDb: 396535)                                       |
[2022-10-11 10:03:13,457] [builder.py:2243]           [INFO]     | Horror Collection | ? | The Ring (2002) (TMDb: 565)                                                |
[2022-10-11 10:03:13,459] [builder.py:2243]           [INFO]     | Horror Collection | ? | A Quiet Place (2018) (TMDb: 447332)                                        |
[2022-10-11 10:03:13,507] [builder.py:2243]           [INFO]     | Horror Collection | ? | The Lighthouse (2019) (TMDb: 503919)                                       |
[2022-10-11 10:03:13,510] [builder.py:2243]           [INFO]     | Horror Collection | ? | The Faculty (1998) (TMDb: 9276)                                            |
[2022-10-11 10:03:13,554] [builder.py:2243]           [INFO]     | Horror Collection | ? | The Crow (1994) (TMDb: 9495)                                               |
[2022-10-11 10:03:13,570] [builder.py:2243]           [INFO]     | Horror Collection | ? | What We Do in the Shadows (2014) (TMDb: 246741)                            |
[2022-10-11 10:03:13,604] [builder.py:2243]           [INFO]     | Horror Collection | ? | Under the Skin (2014) (TMDb: 97370)                                        |
[2022-10-11 10:03:13,629] [builder.py:2243]           [INFO]     | Horror Collection | ? | Fright Night (2011) (TMDb: 58151)                                          |
[2022-10-11 10:03:13,654] [builder.py:2243]           [INFO]     | Horror Collection | ? | The Visit (2015) (TMDb: 298312)                                            |
[2022-10-11 10:03:13,696] [builder.py:2243]           [INFO]     | Horror Collection | ? | The Purge (2013) (TMDb: 158015)                                            |
[2022-10-11 10:03:13,707] [builder.py:2243]           [INFO]     | Horror Collection | ? | Le Rituel (2017) (TMDb: 433808)                                            |
[2022-10-11 10:03:13,754] [builder.py:2243]           [INFO]     | Horror Collection | ? | The Hills Have Eyes (2006) (TMDb: 9792)                                    |
[2022-10-11 10:03:13,771] [builder.py:2243]           [INFO]     | Horror Collection | ? | The Others (2001) (TMDb: 1933)                                             |
[2022-10-11 10:03:13,821] [builder.py:2243]           [INFO]     | Horror Collection | ? | From Dusk Till Dawn (1996) (TMDb: 755)                                     |
[2022-10-11 10:03:13,893] [builder.py:2243]           [INFO]     | Horror Collection | ? | World War Z (2013) (TMDb: 72190)                                           |
[2022-10-11 10:03:13,904] [builder.py:2243]           [INFO]     | Horror Collection | ? | Gerald's Game (2017) (TMDb: 343674)                                        |
[2022-10-11 10:03:13,930] [builder.py:2243]           [INFO]     | Horror Collection | ? | The Devil's Rejects (2005) (TMDb: 1696)                                    |
[2022-10-11 10:03:13,955] [builder.py:2243]           [INFO]     | Horror Collection | ? | The Strangers (2008) (TMDb: 10665)                                         |
[2022-10-11 10:03:13,979] [builder.py:2243]           [INFO]     | Horror Collection | ? | Let the Right One In (2008) (TMDb: 13310)                                  |
[2022-10-11 10:03:14,005] [builder.py:2243]           [INFO]     | Horror Collection | ? | I Know What You Did Last Summer (1997) (TMDb: 3597)                        |
[2022-10-11 10:03:14,029] [builder.py:2243]           [INFO]     | Horror Collection | ? | Annihilation (2018) (TMDb: 300668)                                         |
[2022-10-11 10:03:14,081] [builder.py:2243]           [INFO]     | Horror Collection | ? | The Mummy (2017) (TMDb: 282035)                                            |
[2022-10-11 10:03:14,121] [builder.py:2243]           [INFO]     | Horror Collection | ? | Sweeney Todd: The Demon Barber of Fleet Street (2007) (TMDb: 13885)        |
[2022-10-11 10:03:14,146] [builder.py:2243]           [INFO]     | Horror Collection | ? | The Platform (2019) (TMDb: 619264)                                         |
[2022-10-11 10:03:14,171] [builder.py:2243]           [INFO]     | Horror Collection | ? | A Quiet Place Part II (2021) (TMDb: 520763)                                |
[2022-10-11 10:03:14,173] [builder.py:2243]           [INFO]     | Horror Collection | ? | The Nun (2018) (TMDb: 439079)                                              |
[2022-10-11 10:03:14,196] [builder.py:2243]           [INFO]     | Horror Collection | ? | The Invitation (2015) (TMDb: 306947)                                       |
[2022-10-11 10:03:14,235] [builder.py:2243]           [INFO]     | Horror Collection | ? | Silent Hill (2006) (TMDb: 588)                                             |
[2022-10-11 10:03:14,247] [builder.py:2243]           [INFO]     | Horror Collection | ? | Crimson Peak (2015) (TMDb: 201085)                                         |
[2022-10-11 10:03:14,296] [builder.py:2243]           [INFO]     | Horror Collection | ? | Scream 4 (2011) (TMDb: 41446)                                              |
[2022-10-11 10:03:14,326] [builder.py:2243]           [INFO]     | Horror Collection | ? | The Invisible Man (2020) (TMDb: 570670)                                    |
[2022-10-11 10:03:14,363] [builder.py:2243]           [INFO]     | Horror Collection | ? | The Babadook (2014) (TMDb: 242224)                                         |
[2022-10-11 10:03:14,388] [builder.py:2243]           [INFO]     | Horror Collection | ? | Hostel (2005) (TMDb: 1690)                                                 |
[2022-10-11 10:03:14,439] [builder.py:2243]           [INFO]     | Horror Collection | ? | 1408 (2007) (TMDb: 3021)                                                   |
[2022-10-11 10:03:14,576] [builder.py:2243]           [INFO]     | Horror Collection | ? | Shaun of the Dead (2004) (TMDb: 747)                                       |
[2022-10-11 10:03:14,589] [builder.py:2243]           [INFO]     | Horror Collection | ? | Alien: Covenant (2017) (TMDb: 126889)                                      |
[2022-10-11 10:03:14,614] [builder.py:2243]           [INFO]     | Horror Collection | ? | Hush (2016) (TMDb: 376570)                                                 |
[2022-10-11 10:03:14,663] [builder.py:2243]           [INFO]     | Horror Collection | ? | Resident Evil (2002) (TMDb: 1576)                                          |
[2022-10-11 10:03:14,689] [builder.py:2243]           [INFO]     | Horror Collection | ? | Wrong Turn (2003) (TMDb: 9902)                                             |
[2022-10-11 10:03:14,866] [builder.py:2243]           [INFO]     | Horror Collection | ? | The Meg (2018) (TMDb: 345940)                                              |
[2022-10-11 10:03:14,889] [builder.py:2243]           [INFO]     | Horror Collection | ? | The Conjuring 2 (2016) (TMDb: 259693)                                      |
[2022-10-11 10:03:14,947] [builder.py:2243]           [INFO]     | Horror Collection | ? | The Conjuring: The Devil Made Me Do It (2021) (TMDb: 423108)               |
[2022-10-11 10:03:14,972] [builder.py:2243]           [INFO]     | Horror Collection | ? | Tucker and Dale vs. Evil (2010) (TMDb: 46838)                              |
[2022-10-11 10:03:15,031] [builder.py:2243]           [INFO]     | Horror Collection | ? | 10 Cloverfield Lane (2016) (TMDb: 333371)                                  |
[2022-10-11 10:03:15,056] [builder.py:2243]           [INFO]     | Horror Collection | ? | Evil Dead 3 : L'Armée des ténèbres (1992) (TMDb: 766)                      |
[2022-10-11 10:03:15,114] [builder.py:2243]           [INFO]     | Horror Collection | ? | Life (2017) (TMDb: 395992)                                                 |
[2022-10-11 10:03:15,130] [builder.py:2243]           [INFO]     | Horror Collection | ? | Oculus (2013) (TMDb: 157547)                                               |
[2022-10-11 10:03:15,164] [builder.py:2243]           [INFO]     | Horror Collection | ? | The Killing of a Sacred Deer (2017) (TMDb: 399057)                         |
[2022-10-11 10:03:15,180] [builder.py:2243]           [INFO]     | Horror Collection | ? | Zombieland (2009) (TMDb: 19908)                                            |
[2022-10-11 10:03:15,214] [builder.py:2243]           [INFO]     | Horror Collection | ? | Antichrist (2009) (TMDb: 17609)                                            |
[2022-10-11 10:03:15,239] [builder.py:2243]           [INFO]     | Horror Collection | ? | Tremors (1990) (TMDb: 9362)                                                |
[2022-10-11 10:03:15,289] [builder.py:2243]           [INFO]     | Horror Collection | ? | Final Destination 2 (2003) (TMDb: 9358)                                    |
[2022-10-11 10:03:15,314] [builder.py:2243]           [INFO]     | Horror Collection | ? | Bone Tomahawk (2015) (TMDb: 294963)                                        |
[2022-10-11 10:03:15,339] [builder.py:2243]           [INFO]     | Horror Collection | ? | Lights Out (2016) (TMDb: 345911)                                           |
[2022-10-11 10:03:15,363] [builder.py:2243]           [INFO]     | Horror Collection | ? | The Autopsy of Jane Doe (2016) (TMDb: 397243)                              |
[2022-10-11 10:03:15,389] [builder.py:2243]           [INFO]     | Horror Collection | ? | Escape Room (2019) (TMDb: 522681)                                          |
[2022-10-11 10:03:15,431] [builder.py:2243]           [INFO]     | Horror Collection | ? | Army of the Dead (2021) (TMDb: 503736)                                     |
[2022-10-11 10:03:15,456] [builder.py:2243]           [INFO]     | Horror Collection | ? | Glass (2019) (TMDb: 450465)                                                |
[2022-10-11 10:03:15,481] [builder.py:2243]           [INFO]     | Horror Collection | ? | Don't Breathe (2016) (TMDb: 300669)                                        |
[2022-10-11 10:03:15,531] [builder.py:2243]           [INFO]     | Horror Collection | ? | Bird Box (2018) (TMDb: 405774)                                             |
[2022-10-11 10:03:15,546] [builder.py:2243]           [INFO]     | Horror Collection | ? | I Saw the Devil (2010) (TMDb: 49797)                                       |
[2022-10-11 10:03:15,580] [builder.py:2243]           [INFO]     | Horror Collection | ? | Dawn of the Dead (2004) (TMDb: 924)                                        |
[2022-10-11 10:03:15,591] [builder.py:2243]           [INFO]     | Horror Collection | ? | Drag Me to Hell (2009) (TMDb: 16871)                                       |
[2022-10-11 10:03:15,613] [builder.py:2243]           [INFO]     | Horror Collection | ? | Green Room (2015) (TMDb: 313922)                                           |
[2022-10-11 10:03:15,658] [builder.py:2243]           [INFO]     | Horror Collection | ? | Blade II (2002) (TMDb: 36586)                                              |
[2022-10-11 10:03:15,683] [builder.py:2243]           [INFO]     | Horror Collection | ? | Freddy vs. Jason (2003) (TMDb: 6466)                                       |
[2022-10-11 10:03:15,700] [builder.py:2243]           [INFO]     | Horror Collection | ? | The Texas Chainsaw Massacre (2003) (TMDb: 9373)                            |
[2022-10-11 10:03:15,725] [builder.py:2243]           [INFO]     | Horror Collection | ? | Annabelle (2014) (TMDb: 250546)                                            |
[2022-10-11 10:03:15,758] [builder.py:2243]           [INFO]     | Horror Collection | ? | Zombieland: Double Tap (2019) (TMDb: 338967)                               |
[2022-10-11 10:03:15,783] [builder.py:2243]           [INFO]     | Horror Collection | ? | Final Destination 3 (2006) (TMDb: 9286)                                    |
[2022-10-11 10:03:15,800] [builder.py:2243]           [INFO]     | Horror Collection | ? | Carrie (2013) (TMDb: 133805)                                               |
[2022-10-11 10:03:15,842] [builder.py:2243]           [INFO]     | Horror Collection | ? | Blade: Trinity (2004) (TMDb: 36648)                                        |
[2022-10-11 10:03:15,858] [builder.py:2243]           [INFO]     | Horror Collection | ? | Cloverfield (2008) (TMDb: 7191)                                            |
[2022-10-11 10:03:15,879] [builder.py:2243]           [INFO]     | Horror Collection | ? | Annabelle: Creation (2017) (TMDb: 396422)                                  |
[2022-10-11 10:03:15,892] [builder.py:2243]           [INFO]     | Horror Collection | ? | Scream 3 (2000) (TMDb: 4234)                                               |
[2022-10-11 10:03:15,933] [builder.py:2243]           [INFO]     | Horror Collection | ? | Let Me In (2010) (TMDb: 41402)                                             |
[2022-10-11 10:03:15,971] [builder.py:2243]           [INFO]     | Horror Collection | ? | Jacob's Ladder (1990) (TMDb: 2291)                                         |
[2022-10-11 10:03:16,009] [builder.py:2243]           [INFO]     | Horror Collection | ? | Dark Shadows (2012) (TMDb: 62213)                                          |
[2022-10-11 10:03:16,050] [builder.py:2243]           [INFO]     | Horror Collection | ? | Final Destination 5 (2011) (TMDb: 55779)                                   |
[2022-10-11 10:03:16,084] [builder.py:2243]           [INFO]     | Horror Collection | ? | From Hell (2001) (TMDb: 768)                                               |
[2022-10-11 10:03:16,121] [builder.py:2243]           [INFO]     | Horror Collection | ? | What Lies Beneath (2000) (TMDb: 2655)                                      |
[2022-10-11 10:03:16,133] [builder.py:2243]           [INFO]     | Horror Collection | ? | 28 Weeks Later (2007) (TMDb: 1562)                                         |
[2022-10-11 10:03:16,171] [builder.py:2243]           [INFO]     | Horror Collection | ? | The Cell (2000) (TMDb: 8843)                                               |
[2022-10-11 10:03:16,213] [builder.py:2243]           [INFO]     | Horror Collection | ? | Devil (2010) (TMDb: 44040)                                                 |
[2022-10-11 10:03:16,225] [builder.py:2243]           [INFO]     | Horror Collection | ? | Ghost Ship (2002) (TMDb: 9645)                                             |
[2022-10-11 10:03:16,267] [builder.py:2243]           [INFO]     | Horror Collection | ? | Paranormal Activity (2007) (TMDb: 23827)                                   |
[2022-10-11 10:03:16,284] [builder.py:2243]           [INFO]     | Horror Collection | ? | Dracula Untold (2014) (TMDb: 49017)                                        |
[2022-10-11 10:03:16,317] [builder.py:2243]           [INFO]     | Horror Collection | ? | The Grudge (2004) (TMDb: 1970)                                             |
[2022-10-11 10:03:16,343] [builder.py:2243]           [INFO]     | Horror Collection | ? | [REC] (2007) (TMDb: 8329)                                                  |
[2022-10-11 10:03:16,417] [builder.py:2243]           [INFO]     | Horror Collection | ? | Scary Movie 2 (2001) (TMDb: 4248)                                          |
[2022-10-11 10:03:16,434] [builder.py:2243]           [INFO]     | Horror Collection | ? | The Woman in Black (2012) (TMDb: 65086)                                    |
[2022-10-11 10:03:16,460] [builder.py:2243]           [INFO]     | Horror Collection | ? | Alien³ (1992) (TMDb: 8077)                                                 |
[2022-10-11 10:03:16,485] [builder.py:2243]           [INFO]     | Horror Collection | ? | Happy Death Day (2017) (TMDb: 440021)                                      |
[2022-10-11 10:03:16,552] [builder.py:2243]           [INFO]     | Horror Collection | ? | Mama (2013) (TMDb: 132232)                                                 |
[2022-10-11 10:03:16,572] [builder.py:2243]           [INFO]     | Horror Collection | ? | The Mummy: Tomb of the Dragon Emperor (2008) (TMDb: 1735)                  |
[2022-10-11 10:03:16,594] [builder.py:2243]           [INFO]     | Horror Collection | ? | Abraham Lincoln: Vampire Hunter (2012) (TMDb: 72331)                       |
[2022-10-11 10:03:16,635] [builder.py:2243]           [INFO]     | Horror Collection | ? | The Skin I Live In (2011) (TMDb: 63311)                                    |
[2022-10-11 10:03:16,702] [builder.py:2243]           [INFO]     | Horror Collection | ? | The Amityville Horror (2005) (TMDb: 10065)                                 |
[2022-10-11 10:03:16,732] [builder.py:2243]           [INFO]     | Horror Collection | ? | Saw II (2005) (TMDb: 215)                                                  |
[2022-10-11 10:03:16,919] [builder.py:2243]           [INFO]     | Horror Collection | ? | Hellboy (2004) (TMDb: 1487)                                                |
[2022-10-11 10:03:17,102] [builder.py:2243]           [INFO]     | Horror Collection | ? | Exam (2009) (TMDb: 29917)                                                  |
[2022-10-11 10:03:17,142] [builder.py:2243]           [INFO]     | Horror Collection | ? | Alien, la résurrection (1997) (TMDb: 8078)                                 |
[2022-10-11 10:03:17,167] [builder.py:2243]           [INFO]     | Horror Collection | ? | Hansel & Gretel: Witch Hunters (2013) (TMDb: 60304)                        |
[2022-10-11 10:03:17,335] [builder.py:2243]           [INFO]     | Horror Collection | ? | The Shallows (2016) (TMDb: 332567)                                         |
[2022-10-11 10:03:17,477] [builder.py:2243]           [INFO]     | Horror Collection | ? | Predator 2 (1990) (TMDb: 169)                                              |
[2022-10-11 10:03:17,526] [builder.py:2243]           [INFO]     | Horror Collection | ? | Beowulf (2007) (TMDb: 2310)                                                |
[2022-10-11 10:03:17,551] [builder.py:2243]           [INFO]     | Horror Collection | ? | 30 Days of Night (2007) (TMDb: 4513)                                       |
[2022-10-11 10:03:17,569] [builder.py:2243]           [INFO]     | Horror Collection | ? | Planet Terror (2007) (TMDb: 1992)                                          |
[2022-10-11 10:03:17,580] [builder.py:2243]           [INFO]     | Horror Collection | ? | Insidious: Chapter 2 (2013) (TMDb: 91586)                                  |
[2022-10-11 10:03:17,605] [builder.py:2243]           [INFO]     | Horror Collection | ? | The Orphanage (2007) (TMDb: 6537)                                          |
[2022-10-11 10:03:17,654] [builder.py:2243]           [INFO]     | Horror Collection | ? | Cube (1997) (TMDb: 431)                                                    |
[2022-10-11 10:03:17,665] [builder.py:2243]           [INFO]     | Horror Collection | ? | Pandorum (2009) (TMDb: 19898)                                              |
[2022-10-11 10:03:17,713] [builder.py:2243]           [INFO]     | Horror Collection | ? | The Exorcism of Emily Rose (2005) (TMDb: 8643)                             |
[2022-10-11 10:03:17,746] [builder.py:2243]           [INFO]     | Horror Collection | ? | The Thing (2011) (TMDb: 60935)                                             |
[2022-10-11 10:03:17,762] [builder.py:2243]           [INFO]     | Horror Collection | ? | Legion (2010) (TMDb: 22894)                                                |
[2022-10-11 10:03:17,780] [builder.py:2243]           [INFO]     | Horror Collection | ? | Grindhouse (2007) (TMDb: 285923)                                           |
[2022-10-11 10:03:17,821] [builder.py:2243]           [INFO]     | Horror Collection | ? | AVP: Alien vs. Predator (2004) (TMDb: 395)                                 |
[2022-10-11 10:03:17,830] [builder.py:2243]           [INFO]     | Horror Collection | ? | Pitch Black (2000) (TMDb: 2787)                                            |
[2022-10-11 10:03:17,863] [builder.py:2243]           [INFO]     | Horror Collection | ? | The Host (2006) (TMDb: 1255)                                               |
[2022-10-11 10:03:17,874] [builder.py:2243]           [INFO]     | Horror Collection | ? | Hollow Man (2000) (TMDb: 9383)                                             |
[2022-10-11 10:03:17,896] [builder.py:2243]           [INFO]     | Horror Collection | ? | The Skeleton Key (2005) (TMDb: 9913)                                       |
[2022-10-11 10:03:17,906] [builder.py:2243]           [INFO]     | Horror Collection | ? | Resident Evil: Apocalypse (2004) (TMDb: 1577)                              |
[2022-10-11 10:03:17,921] [builder.py:2243]           [INFO]     | Horror Collection | ? | The Wolfman (2010) (TMDb: 7978)                                            |
[2022-10-11 10:03:17,938] [builder.py:2243]           [INFO]     | Horror Collection | ? | Warm Bodies (2013) (TMDb: 82654)                                           |
[2022-10-11 10:03:17,955] [builder.py:2243]           [INFO]     | Horror Collection | ? | The Cloverfield Paradox (2018) (TMDb: 384521)                              |
[2022-10-11 10:03:17,971] [builder.py:2243]           [INFO]     | Horror Collection | ? | Saw III (2006) (TMDb: 214)                                                 |
[2022-10-11 10:03:17,989] [builder.py:2243]           [INFO]     | Horror Collection | ? | Gremlins 2: The New Batch (1990) (TMDb: 928)                               |
[2022-10-11 10:03:18,036] [builder.py:2243]           [INFO]     | Horror Collection | ? | Insidious: Chapter 3 (2015) (TMDb: 280092)                                 |
[2022-10-11 10:03:18,056] [builder.py:2243]           [INFO]     | Horror Collection | ? | Searching (2018) (TMDb: 489999)                                            |
[2022-10-11 10:03:18,105] [builder.py:2243]           [INFO]     | Horror Collection | ? | The Brothers Grimm (2005) (TMDb: 4442)                                     |
[2022-10-11 10:03:18,122] [builder.py:2243]           [INFO]     | Horror Collection | ? | The Purge: Election Year (2016) (TMDb: 316727)                             |
[2022-10-11 10:03:18,172] [builder.py:2243]           [INFO]     | Horror Collection | ? | Doom (2005) (TMDb: 8814)                                                   |
[2022-10-11 10:03:18,189] [builder.py:2243]           [INFO]     | Horror Collection | ? | Red Riding Hood (2011) (TMDb: 49730)                                       |
[2022-10-11 10:03:18,239] [builder.py:2243]           [INFO]     | Horror Collection | ? | The Purge: Anarchy (2014) (TMDb: 238636)                                   |
[2022-10-11 10:03:18,273] [builder.py:2243]           [INFO]     | Horror Collection | ? | Hellboy II: The Golden Army (2008) (TMDb: 11253)                           |
[2022-10-11 10:03:18,316] [builder.py:2243]           [INFO]     | Horror Collection | ? | Resident Evil : Extinction (2007) (TMDb: 7737)                             |
[2022-10-11 10:03:18,332] [builder.py:2243]           [INFO]     | Horror Collection | ? | Daybreakers (2009) (TMDb: 19901)                                           |
[2022-10-11 10:03:18,347] [builder.py:2243]           [INFO]     | Horror Collection | ? | End of Days (1999) (TMDb: 9946)                                            |
[2022-10-11 10:03:18,365] [builder.py:2243]           [INFO]     | Horror Collection | ? | Where the Wild Things Are (2009) (TMDb: 16523)                             |
[2022-10-11 10:03:18,406] [builder.py:2243]           [INFO]     | Horror Collection | ? | The Call (2013) (TMDb: 158011)                                             |
[2022-10-11 10:03:18,432] [builder.py:2243]           [INFO]     | Horror Collection | ? | Vacancy (2007) (TMDb: 10294)                                               |
[2022-10-11 10:03:18,462] [builder.py:2243]           [INFO]     | Horror Collection | ? | Pacific Rim: Uprising (2018) (TMDb: 268896)                                |
[2022-10-11 10:03:18,478] [builder.py:2243]           [INFO]     | Horror Collection | ? | The Crazies (2010) (TMDb: 29427)                                           |
[2022-10-11 10:03:18,489] [builder.py:2243]           [INFO]     | Horror Collection | ? | Pi (1998) (TMDb: 473)                                                      |
[2022-10-11 10:03:18,537] [builder.py:2243]           [INFO]     | Horror Collection | ? | eXistenZ (1999) (TMDb: 1946)                                               |
[2022-10-11 10:03:18,548] [builder.py:2243]           [INFO]     | Horror Collection | ? | Underworld: Awakening (2012) (TMDb: 52520)                                 |
[2022-10-11 10:03:18,579] [builder.py:2243]           [INFO]     | Horror Collection | ? | Mirrors (2008) (TMDb: 13515)                                               |
[2022-10-11 10:03:18,590] [builder.py:2243]           [INFO]     | Horror Collection | ? | Saw VI (2009) (TMDb: 22804)                                                |
[2022-10-11 10:03:18,592] [builder.py:2243]           [INFO]     | Horror Collection | ? | Saw IV (2007) (TMDb: 663)                                                  |
[2022-10-11 10:03:18,593] [builder.py:2243]           [INFO]     | Horror Collection | ? | Resident Evil: Afterlife (2010) (TMDb: 35791)                              |
[2022-10-11 10:03:18,621] [builder.py:2243]           [INFO]     | Horror Collection | ? | Saw V (2008) (TMDb: 11917)                                                 |
[2022-10-11 10:03:18,632] [builder.py:2243]           [INFO]     | Horror Collection | ? | Gothika (2003) (TMDb: 4970)                                                |
[2022-10-11 10:03:18,662] [builder.py:2243]           [INFO]     | Horror Collection | ? | Paranormal Activity 2 (2010) (TMDb: 41436)                                 |
[2022-10-11 10:03:18,673] [builder.py:2243]           [INFO]     | Horror Collection | ? | Priest (2011) (TMDb: 38321)                                                |
[2022-10-11 10:03:18,674] [builder.py:2248]           [INFO]     |                                                                                                    |
[2022-10-11 10:03:18,674] [builder.py:2249]           [INFO]     | 208 Movies Missing                                                                                 |
[2022-10-11 10:03:19,460] [plex.py:711]               [DEBUG]    | Smart Collection Test: ?type=1&sort=audienceRating%3Adesc&label=213032                             |
[2022-10-11 10:03:19,550] [builder.py:2441]           [INFO]     |                                                                                                    |
[2022-10-11 10:03:19,550] [builder.py:2442]           [INFO]     |============================== Updating Details of Horror Collection ===============================|
[2022-10-11 10:03:19,550] [builder.py:2443]           [INFO]     |                                                                                                    |
[2022-10-11 10:03:19,820] [builder.py:2509]           [INFO]     | Collection Metadata Edits                                                                          |
                                                                 | Summary (summary) | Horror film is a genre that aims to create a sense of fear, panic, alarm, and dread for the audience. These films are often unsettling and rely on scaring the audience through a portrayal of their worst fears and nightmares. Horror films usually center on the arrival of an evil force, person, or event. Many Horror films include mythical creatures such as ghosts, vampires, and zombies. Traditionally, Horror films incorporate a large amount of violence and gore into the plot. Though it has its own style, Horror film often overlaps into Fantasy, Thriller, and Science-Fiction genres.
                                                                 | Sort Title | +3_Horror
                                                                 | Label | +PMM
[2022-10-11 10:03:20,107] [builder.py:2513]           [INFO]     | Details: have been updated
[2022-10-11 10:03:20,107] [builder.py:2517]           [INFO]     | 
[2022-10-11 10:03:20,108] [builder.py:2580]           [WARNING]  | Asset Warning: Unable to find asset folder: 'Horror'
[2022-10-11 10:03:20,108] [util.py:150]               [DEBUG]    | 1 poster found:
[2022-10-11 10:03:20,108] [util.py:152]               [DEBUG]    | Method: url_poster Poster: https://raw.githubusercontent.com/MonsieurZed/poster/main/img/GENRE_HORROR.png
[2022-10-11 10:03:20,156] [library.py:170]            [INFO]     | Detail: url_poster updated poster to [URL] https://raw.githubusercontent.com/MonsieurZed/poster/main/img/GENRE_HORROR.png
[2022-10-11 10:03:20,242] [plex_meta_manager.py:708]  [INFO]     | 
[2022-10-11 10:03:20,242] [plex_meta_manager.py:709]  [INFO]     |====================================================================================================|
[2022-10-11 10:03:20,243] [plex_meta_manager.py:709]  [INFO]     |                                     Finished Horror Collection                                     |
[2022-10-11 10:03:20,243] [plex_meta_manager.py:709]  [INFO]     |                                    Collection Run Time: 0:00:24                                    |
[2022-10-11 10:03:20,243] [plex_meta_manager.py:709]  [INFO]     |====================================================================================================|
