[2022-10-11 09:27:08,529] [builder.py:197]            [INFO]     |====================================================================================================|
[2022-10-11 09:27:08,529] [builder.py:197]            [INFO]     |                              Transformers Collection in Z. 1 - Films                               |
[2022-10-11 09:27:08,529] [builder.py:197]            [INFO]     |====================================================================================================|
[2022-10-11 09:27:08,529] [builder.py:198]            [INFO]     |                                                                                                    |
[2022-10-11 09:27:08,529] [builder.py:203]            [INFO]     |================================ Building Definition From Templates ================================|
[2022-10-11 09:27:08,530] [builder.py:211]            [DEBUG]    |                                                                                                    |
[2022-10-11 09:27:08,530] [meta.py:128]               [DEBUG]    | Template my_template                                                                               |
[2022-10-11 09:27:08,530] [meta.py:129]               [DEBUG]    | Call: {'value': ['8650'], 'tmdb_collection': ['8650'], 'key_name': 'Transformers', 'key': '8650', 'name': 'my_template'} |
[2022-10-11 09:27:08,530] [meta.py:304]               [DEBUG]    |                                                                                                    |
[2022-10-11 09:27:08,531] [meta.py:305]               [DEBUG]    | Variables: {'value': ['8650'], 'tmdb_collection': ['8650'], 'key_name': 'Transformers', 'key': '8650', 'name': 'my_template', 'collection_name': 'Transformers', 'mapping_name': 'Transformers', 'library_type': 'movie', 'library_name': 'Z. 1 - Films', 'value_encoded': '%5B%278650%27%5D', 'tmdb_collection_encoded': '%5B%278650%27%5D', 'key_name_encoded': 'Transformers', 'key_encoded': '8650', 'name_encoded': 'my_template', 'collection_name_encoded': 'Transformers', 'mapping_name_encoded': 'Transformers', 'library_type_encoded': 'movie', 'library_name_encoded': 'Z.%201%20-%20Films', 'collection_sort': 'Transformers'} |
[2022-10-11 09:27:08,531] [meta.py:306]               [DEBUG]    |                                                                                                    |
[2022-10-11 09:27:08,531] [meta.py:307]               [DEBUG]    | Defaults: {}                                                                                       |
[2022-10-11 09:27:08,531] [meta.py:308]               [DEBUG]    |                                                                                                    |
[2022-10-11 09:27:08,531] [meta.py:309]               [DEBUG]    | Optional: ['my_collection_poster', 'my_collection_poster_encoded']                                 |
[2022-10-11 09:27:08,532] [meta.py:370]               [DEBUG]    |                                                                                                    |
[2022-10-11 09:27:08,532] [meta.py:371]               [DEBUG]    | Final Template Attributes: {'tmdb_collection_details': ['8650'], 'collection_order': 'release', 'collection_mode': 'hide_items'} |
[2022-10-11 09:27:08,533] [meta.py:372]               [DEBUG]    |                                                                                                    |
[2022-10-11 09:27:08,533] [builder.py:219]            [INFO]     |================================ Validating Transformers Attributes ================================|
[2022-10-11 09:27:08,533] [builder.py:609]            [DEBUG]    |                                                                                                    |
[2022-10-11 09:27:08,533] [builder.py:610]            [DEBUG]    | Validating Method: collection_order                                                                |
[2022-10-11 09:27:08,533] [builder.py:611]            [DEBUG]    | Value: release                                                                                     |
[2022-10-11 09:27:08,534] [builder.py:627]            [DEBUG]    |                                                                                                    |
[2022-10-11 09:27:08,534] [builder.py:631]            [DEBUG]    | Validating Method: label                                                                           |
[2022-10-11 09:27:08,534] [builder.py:632]            [DEBUG]    | Value: TMDb Collections                                                                            |
[2022-10-11 09:27:08,534] [builder.py:627]            [DEBUG]    |                                                                                                    |
[2022-10-11 09:27:08,534] [builder.py:631]            [DEBUG]    | Validating Method: tmdb_collection_details                                                         |
[2022-10-11 09:27:08,535] [builder.py:632]            [DEBUG]    | Value: ['8650']                                                                                    |
[2022-10-11 09:27:08,548] [builder.py:627]            [DEBUG]    |                                                                                                    |
[2022-10-11 09:27:08,548] [builder.py:631]            [DEBUG]    | Validating Method: collection_mode                                                                 |
[2022-10-11 09:27:08,548] [builder.py:632]            [DEBUG]    | Value: hide_items                                                                                  |
[2022-10-11 09:27:08,554] [plex.py:790]               [DEBUG]    |                                                                                                    |
[2022-10-11 09:27:08,554] [plex.py:793]               [DEBUG]    | Looking for: Transformers                                                                          |
[2022-10-11 09:27:08,554] [builder.py:797]            [INFO]     |                                                                                                    |
[2022-10-11 09:27:08,555] [builder.py:798]            [INFO]     | Validation Successful                                                                              |
[2022-10-11 09:27:08,555] [plex_meta_manager.py:561]  [INFO]     |                                                                                                    |
[2022-10-11 09:27:08,556] [plex_meta_manager.py:563]  [INFO]     |================================= Running Transformers Collection ==================================|
[2022-10-11 09:27:08,556] [plex_meta_manager.py:575]  [INFO]     |                                                                                                    |
[2022-10-11 09:27:08,556] [plex_meta_manager.py:576]  [INFO]     | Sync Mode: append                                                                                  |
[2022-10-11 09:27:08,556] [plex_meta_manager.py:579]  [DEBUG]    |                                                                                                    |
[2022-10-11 09:27:08,556] [plex_meta_manager.py:580]  [DEBUG]    | Builder: tmdb_collection: 8650                                                                     |
[2022-10-11 09:27:08,556] [plex_meta_manager.py:581]  [INFO]     |                                                                                                    |
[2022-10-11 09:27:08,562] [tmdb.py:382]               [INFO]     | Processing TMDb Collection: (8650) Transformers - Saga (5 Items)                                   |
[2022-10-11 09:27:08,563] [builder.py:1540]           [DEBUG]    |                                                                                                    |
[2022-10-11 09:27:08,563] [builder.py:1541]           [DEBUG]    | 5 IDs Found: [(1858, 'tmdb'), (8373, 'tmdb'), (38356, 'tmdb'), (91314, 'tmdb'), (335988, 'tmdb')]  |
[2022-10-11 09:27:08,563] [builder.py:1542]           [DEBUG]    |                                                                                                    |
[2022-10-11 09:27:08,563] [builder.py:2064]           [INFO]     |                                                                                                    |
[2022-10-11 09:27:08,564] [builder.py:2065]           [INFO]     |================================ Adding to Transformers Collection =================================|
[2022-10-11 09:27:08,564] [builder.py:2066]           [INFO]     |                                                                                                    |
[2022-10-11 09:27:08,564] [builder.py:2080]           [INFO]     | 1/5 | Transformers Collection | + | Transformers (2007)                                            |
[2022-10-11 09:27:08,853] [builder.py:2080]           [INFO]     | 2/5 | Transformers Collection | + | Transformers 2 : La Revanche (2009)                            |
[2022-10-11 09:27:09,131] [builder.py:2080]           [INFO]     | 3/5 | Transformers Collection | + | Transformers 3 : La Face cachée de la Lune (2011)              |
[2022-10-11 09:27:09,495] [builder.py:2080]           [INFO]     | 4/5 | Transformers Collection | + | Transformers 4 : L’Âge de l’extinction (2014)                  |
[2022-10-11 09:27:09,779] [builder.py:2080]           [INFO]     | 5/5 | Transformers Collection | + | Transformers 5 : The Last Knight (2017)                        |
[2022-10-11 09:27:12,640] [builder.py:2100]           [INFO]     |                                                                                                    |
[2022-10-11 09:27:12,640] [builder.py:2102]           [INFO]     | 5 Movies Processed 5 Movies Added                                                                  |
[2022-10-11 09:27:12,648] [builder.py:2441]           [INFO]     |                                                                                                    |
[2022-10-11 09:27:12,648] [builder.py:2442]           [INFO]     |=========================== Updating Details of Transformers Collection ============================|
[2022-10-11 09:27:12,648] [builder.py:2443]           [INFO]     |                                                                                                    |
[2022-10-11 09:27:12,817] [builder.py:2509]           [INFO]     | Collection Metadata Edits                                                                          |
                                                                 | Summary (tmdb_collection_details) | Une guerre sans merci oppose depuis des temps immémoriaux deux races de robots extraterrestres : les Autobots et les cruels Decepticons. Son enjeu : la maîtrise de l'univers...
                                                                 | Label | +TMDb Collections, +PMM
[2022-10-11 09:27:13,034] [builder.py:2513]           [INFO]     | Details: have been updated
[2022-10-11 09:27:13,034] [builder.py:2517]           [INFO]     | 
[2022-10-11 09:27:13,211] [builder.py:2529]           [INFO]     | Collection Mode | hideItems
[2022-10-11 09:27:13,211] [builder.py:2580]           [WARNING]  | Asset Warning: Unable to find asset folder: 'Transformers'
[2022-10-11 09:27:13,212] [util.py:150]               [DEBUG]    | 1 poster found:
[2022-10-11 09:27:13,212] [util.py:152]               [DEBUG]    | Method: tmdb_collection_details Poster: https://image.tmdb.org/t/p/original/634HpDF95NXzfExXfmeDNPEwT3r.jpg
[2022-10-11 09:27:13,212] [util.py:150]               [DEBUG]    | 1 background found:
[2022-10-11 09:27:13,212] [util.py:152]               [DEBUG]    | Method: tmdb_collection_details Background: https://image.tmdb.org/t/p/original/zvZBNNDWd5LcsIBpDhJyCB2MDT7.jpg
[2022-10-11 09:27:13,235] [library.py:170]            [INFO]     | Detail: tmdb_collection_details updated poster to [URL] https://image.tmdb.org/t/p/original/634HpDF95NXzfExXfmeDNPEwT3r.jpg
[2022-10-11 09:27:13,278] [library.py:186]            [INFO]     | Detail: tmdb_collection_details updated background to [URL] https://image.tmdb.org/t/p/original/zvZBNNDWd5LcsIBpDhJyCB2MDT7.jpg
[2022-10-11 09:27:13,547] [plex_meta_manager.py:708]  [INFO]     | 
[2022-10-11 09:27:13,547] [plex_meta_manager.py:709]  [INFO]     |====================================================================================================|
[2022-10-11 09:27:13,548] [plex_meta_manager.py:709]  [INFO]     |                                  Finished Transformers Collection                                  |
[2022-10-11 09:27:13,548] [plex_meta_manager.py:709]  [INFO]     |                                    Collection Run Time: 0:00:05                                    |
[2022-10-11 09:27:13,548] [plex_meta_manager.py:709]  [INFO]     |====================================================================================================|
