[2022-10-11 09:21:15,391] [builder.py:197]            [INFO]     |====================================================================================================|
[2022-10-11 09:21:15,391] [builder.py:197]            [INFO]     |                              Department Q Collection in Z. 1 - Films                               |
[2022-10-11 09:21:15,391] [builder.py:197]            [INFO]     |====================================================================================================|
[2022-10-11 09:21:15,392] [builder.py:198]            [INFO]     |                                                                                                    |
[2022-10-11 09:21:15,392] [builder.py:203]            [INFO]     |================================ Building Definition From Templates ================================|
[2022-10-11 09:21:15,392] [builder.py:211]            [DEBUG]    |                                                                                                    |
[2022-10-11 09:21:15,392] [meta.py:128]               [DEBUG]    | Template my_template                                                                               |
[2022-10-11 09:21:15,392] [meta.py:129]               [DEBUG]    | Call: {'value': ['319850'], 'tmdb_collection': ['319850'], 'key_name': 'Department Q', 'key': '319850', 'name': 'my_template'} |
[2022-10-11 09:21:15,392] [meta.py:304]               [DEBUG]    |                                                                                                    |
[2022-10-11 09:21:15,393] [meta.py:305]               [DEBUG]    | Variables: {'value': ['319850'], 'tmdb_collection': ['319850'], 'key_name': 'Department Q', 'key': '319850', 'name': 'my_template', 'collection_name': 'Department Q', 'mapping_name': 'Department Q', 'library_type': 'movie', 'library_name': 'Z. 1 - Films', 'value_encoded': '%5B%27319850%27%5D', 'tmdb_collection_encoded': '%5B%27319850%27%5D', 'key_name_encoded': 'Department%20Q', 'key_encoded': '319850', 'name_encoded': 'my_template', 'collection_name_encoded': 'Department%20Q', 'mapping_name_encoded': 'Department%20Q', 'library_type_encoded': 'movie', 'library_name_encoded': 'Z.%201%20-%20Films', 'collection_sort': 'Department Q'} |
[2022-10-11 09:21:15,393] [meta.py:306]               [DEBUG]    |                                                                                                    |
[2022-10-11 09:21:15,393] [meta.py:307]               [DEBUG]    | Defaults: {}                                                                                       |
[2022-10-11 09:21:15,393] [meta.py:308]               [DEBUG]    |                                                                                                    |
[2022-10-11 09:21:15,393] [meta.py:309]               [DEBUG]    | Optional: ['my_collection_poster', 'my_collection_poster_encoded']                                 |
[2022-10-11 09:21:15,394] [meta.py:370]               [DEBUG]    |                                                                                                    |
[2022-10-11 09:21:15,394] [meta.py:371]               [DEBUG]    | Final Template Attributes: {'tmdb_collection_details': ['319850'], 'collection_order': 'release', 'collection_mode': 'hide_items'} |
[2022-10-11 09:21:15,394] [meta.py:372]               [DEBUG]    |                                                                                                    |
[2022-10-11 09:21:15,394] [builder.py:219]            [INFO]     |================================ Validating Department Q Attributes ================================|
[2022-10-11 09:21:15,394] [builder.py:609]            [DEBUG]    |                                                                                                    |
[2022-10-11 09:21:15,394] [builder.py:610]            [DEBUG]    | Validating Method: collection_order                                                                |
[2022-10-11 09:21:15,395] [builder.py:611]            [DEBUG]    | Value: release                                                                                     |
[2022-10-11 09:21:15,395] [builder.py:627]            [DEBUG]    |                                                                                                    |
[2022-10-11 09:21:15,395] [builder.py:631]            [DEBUG]    | Validating Method: label                                                                           |
[2022-10-11 09:21:15,395] [builder.py:632]            [DEBUG]    | Value: TMDb Collections                                                                            |
[2022-10-11 09:21:15,395] [builder.py:627]            [DEBUG]    |                                                                                                    |
[2022-10-11 09:21:15,395] [builder.py:631]            [DEBUG]    | Validating Method: tmdb_collection_details                                                         |
[2022-10-11 09:21:15,395] [builder.py:632]            [DEBUG]    | Value: ['319850']                                                                                  |
[2022-10-11 09:21:15,410] [builder.py:627]            [DEBUG]    |                                                                                                    |
[2022-10-11 09:21:15,410] [builder.py:631]            [DEBUG]    | Validating Method: collection_mode                                                                 |
[2022-10-11 09:21:15,410] [builder.py:632]            [DEBUG]    | Value: hide_items                                                                                  |
[2022-10-11 09:21:15,416] [plex.py:790]               [DEBUG]    |                                                                                                    |
[2022-10-11 09:21:15,416] [plex.py:793]               [DEBUG]    | Looking for: Department Q                                                                          |
[2022-10-11 09:21:15,417] [builder.py:797]            [INFO]     |                                                                                                    |
[2022-10-11 09:21:15,417] [builder.py:798]            [INFO]     | Validation Successful                                                                              |
[2022-10-11 09:21:15,417] [plex_meta_manager.py:561]  [INFO]     |                                                                                                    |
[2022-10-11 09:21:15,417] [plex_meta_manager.py:563]  [INFO]     |================================= Running Department Q Collection ==================================|
[2022-10-11 09:21:15,417] [plex_meta_manager.py:575]  [INFO]     |                                                                                                    |
[2022-10-11 09:21:15,417] [plex_meta_manager.py:576]  [INFO]     | Sync Mode: append                                                                                  |
[2022-10-11 09:21:15,418] [plex_meta_manager.py:579]  [DEBUG]    |                                                                                                    |
[2022-10-11 09:21:15,418] [plex_meta_manager.py:580]  [DEBUG]    | Builder: tmdb_collection: 319850                                                                   |
[2022-10-11 09:21:15,418] [plex_meta_manager.py:581]  [INFO]     |                                                                                                    |
[2022-10-11 09:21:15,423] [tmdb.py:382]               [INFO]     | Processing TMDb Collection: (319850) Les Enquêtes du Département V - Saga (5 Items)                |
[2022-10-11 09:21:15,423] [builder.py:1540]           [DEBUG]    |                                                                                                    |
[2022-10-11 09:21:15,424] [builder.py:1541]           [DEBUG]    | 5 IDs Found: [(196024, 'tmdb'), (254201, 'tmdb'), (348668, 'tmdb'), (479226, 'tmdb'), (659940, 'tmdb')] |
[2022-10-11 09:21:15,424] [builder.py:1542]           [DEBUG]    |                                                                                                    |
[2022-10-11 09:21:15,424] [builder.py:2064]           [INFO]     |                                                                                                    |
[2022-10-11 09:21:15,424] [builder.py:2065]           [INFO]     |================================ Adding to Department Q Collection =================================|
[2022-10-11 09:21:15,424] [builder.py:2066]           [INFO]     |                                                                                                    |
[2022-10-11 09:21:15,425] [builder.py:2080]           [INFO]     | 1/5 | Department Q Collection | + | Les Enquêtes du Département V : Miséricorde (2013)             |
[2022-10-11 09:21:15,663] [builder.py:2080]           [INFO]     | 2/5 | Department Q Collection | + | Les Enquêtes du Département V : Profanation (2014)             |
[2022-10-11 09:21:15,964] [builder.py:2080]           [INFO]     | 3/5 | Department Q Collection | + | Les Enquêtes du Département V: Délivrance (2016)               |
[2022-10-11 09:21:16,218] [builder.py:2080]           [INFO]     | 4/5 | Department Q Collection | + | Les Enquêtes du Département V : Dossier 64 (2018)              |
[2022-10-11 09:21:16,477] [builder.py:2080]           [INFO]     | 5/5 | Department Q Collection | + | Les Enquêtes du département V : L'Effet Papillon (2021)        |
[2022-10-11 09:21:19,188] [builder.py:2100]           [INFO]     |                                                                                                    |
[2022-10-11 09:21:19,188] [builder.py:2102]           [INFO]     | 5 Movies Processed 5 Movies Added                                                                  |
[2022-10-11 09:21:19,195] [builder.py:2441]           [INFO]     |                                                                                                    |
[2022-10-11 09:21:19,195] [builder.py:2442]           [INFO]     |=========================== Updating Details of Department Q Collection ============================|
[2022-10-11 09:21:19,195] [builder.py:2443]           [INFO]     |                                                                                                    |
[2022-10-11 09:21:19,360] [builder.py:2509]           [INFO]     | Collection Metadata Edits                                                                          |
                                                                 | Summary (tmdb_collection_details) | Le « Département V », avec l’inspecteur Carl Mørck et son assistant d’origine syrienne, Assad, est spécialisé dans les crimes non résolus. Ils enquêtent cette fois sur une affaire remontant à 1994 : un double-meurtre avait défrayé la chronique. Un jeune homme, ami, d'un trio de pensionnaires, d’un internat pour jeunesse huppée, avait avoué le crime. Mais le père des victimes ne croit pas à cette hypothèse et, vingt ans plus tard, supplie Carl Mørck de rouvrir l'enquête.
                                                                 | Label | +TMDb Collections, +PMM
[2022-10-11 09:21:19,568] [builder.py:2513]           [INFO]     | Details: have been updated
[2022-10-11 09:21:19,568] [builder.py:2517]           [INFO]     | 
[2022-10-11 09:21:19,745] [builder.py:2529]           [INFO]     | Collection Mode | hideItems
[2022-10-11 09:21:19,746] [builder.py:2580]           [WARNING]  | Asset Warning: Unable to find asset folder: 'Department Q'
[2022-10-11 09:21:19,746] [util.py:150]               [DEBUG]    | 1 poster found:
[2022-10-11 09:21:19,746] [util.py:152]               [DEBUG]    | Method: tmdb_collection_details Poster: https://image.tmdb.org/t/p/original/bhWjdlAcuG36pY6TOd2angZ8hKs.jpg
[2022-10-11 09:21:19,746] [util.py:150]               [DEBUG]    | 1 background found:
[2022-10-11 09:21:19,747] [util.py:152]               [DEBUG]    | Method: tmdb_collection_details Background: https://image.tmdb.org/t/p/original/mrgykjULNOZavn9xw9bp98aH1Rc.jpg
[2022-10-11 09:21:20,349] [library.py:170]            [INFO]     | Detail: tmdb_collection_details updated poster to [URL] https://image.tmdb.org/t/p/original/bhWjdlAcuG36pY6TOd2angZ8hKs.jpg
[2022-10-11 09:21:20,389] [library.py:186]            [INFO]     | Detail: tmdb_collection_details updated background to [URL] https://image.tmdb.org/t/p/original/mrgykjULNOZavn9xw9bp98aH1Rc.jpg
[2022-10-11 09:21:20,686] [plex_meta_manager.py:708]  [INFO]     | 
[2022-10-11 09:21:20,686] [plex_meta_manager.py:709]  [INFO]     |====================================================================================================|
[2022-10-11 09:21:20,686] [plex_meta_manager.py:709]  [INFO]     |                                  Finished Department Q Collection                                  |
[2022-10-11 09:21:20,687] [plex_meta_manager.py:709]  [INFO]     |                                    Collection Run Time: 0:00:05                                    |
[2022-10-11 09:21:20,687] [plex_meta_manager.py:709]  [INFO]     |====================================================================================================|
