[2022-10-11 11:18:35,746] [builder.py:200]            [INFO]     |====================================================================================================|
[2022-10-11 11:18:35,746] [builder.py:200]            [INFO]     |                                 Casper Collection in Z. 1 - Films                                  |
[2022-10-11 11:18:35,746] [builder.py:200]            [INFO]     |====================================================================================================|
[2022-10-11 11:18:35,746] [builder.py:201]            [INFO]     |                                                                                                    |
[2022-10-11 11:18:35,746] [builder.py:206]            [INFO]     |================================ Building Definition From Templates ================================|
[2022-10-11 11:18:35,747] [builder.py:222]            [DEBUG]    |                                                                                                    |
[2022-10-11 11:18:35,747] [meta.py:128]               [DEBUG]    | Template my_template                                                                               |
[2022-10-11 11:18:35,747] [meta.py:129]               [DEBUG]    | Call: {'value': ['8819'], 'tmdb_collection': ['8819'], 'key_name': 'Casper', 'key': '8819', 'name': 'my_template'} |
[2022-10-11 11:18:35,747] [meta.py:304]               [DEBUG]    |                                                                                                    |
[2022-10-11 11:18:35,747] [meta.py:305]               [DEBUG]    | Variables: {'value': ['8819'], 'tmdb_collection': ['8819'], 'key_name': 'Casper', 'key': '8819', 'name': 'my_template', 'collection_name': 'Casper', 'mapping_name': 'Casper', 'library_type': 'movie', 'library_name': 'Z. 1 - Films', 'value_encoded': '%5B%278819%27%5D', 'tmdb_collection_encoded': '%5B%278819%27%5D', 'key_name_encoded': 'Casper', 'key_encoded': '8819', 'name_encoded': 'my_template', 'collection_name_encoded': 'Casper', 'mapping_name_encoded': 'Casper', 'library_type_encoded': 'movie', 'library_name_encoded': 'Z.%201%20-%20Films', 'collection_sort': 'Casper'} |
[2022-10-11 11:18:35,748] [meta.py:306]               [DEBUG]    |                                                                                                    |
[2022-10-11 11:18:35,748] [meta.py:307]               [DEBUG]    | Defaults: {}                                                                                       |
[2022-10-11 11:18:35,748] [meta.py:308]               [DEBUG]    |                                                                                                    |
[2022-10-11 11:18:35,748] [meta.py:309]               [DEBUG]    | Optional: ['my_collection_poster', 'my_collection_poster_encoded']                                 |
[2022-10-11 11:18:35,749] [meta.py:370]               [DEBUG]    |                                                                                                    |
[2022-10-11 11:18:35,749] [meta.py:371]               [DEBUG]    | Final Template Attributes: {'tmdb_collection_details': ['8819'], 'collection_order': 'release', 'collection_mode': 'hide_items', 'sort_title': '+C1_Casper'} |
[2022-10-11 11:18:35,749] [meta.py:372]               [DEBUG]    |                                                                                                    |
[2022-10-11 11:18:35,749] [builder.py:230]            [INFO]     |=================================== Validating Casper Attributes ===================================|
[2022-10-11 11:18:35,749] [builder.py:620]            [DEBUG]    |                                                                                                    |
[2022-10-11 11:18:35,750] [builder.py:621]            [DEBUG]    | Validating Method: collection_order                                                                |
[2022-10-11 11:18:35,750] [builder.py:622]            [DEBUG]    | Value: release                                                                                     |
[2022-10-11 11:18:35,750] [builder.py:653]            [DEBUG]    |                                                                                                    |
[2022-10-11 11:18:35,750] [builder.py:657]            [DEBUG]    | Validating Method: label                                                                           |
[2022-10-11 11:18:35,750] [builder.py:658]            [DEBUG]    | Value: TMDb Collections                                                                            |
[2022-10-11 11:18:35,750] [builder.py:653]            [DEBUG]    |                                                                                                    |
[2022-10-11 11:18:35,750] [builder.py:657]            [DEBUG]    | Validating Method: tmdb_collection_details                                                         |
[2022-10-11 11:18:35,750] [builder.py:658]            [DEBUG]    | Value: ['8819']                                                                                    |
[2022-10-11 11:18:35,766] [builder.py:653]            [DEBUG]    |                                                                                                    |
[2022-10-11 11:18:35,767] [builder.py:657]            [DEBUG]    | Validating Method: collection_mode                                                                 |
[2022-10-11 11:18:35,767] [builder.py:658]            [DEBUG]    | Value: hide_items                                                                                  |
[2022-10-11 11:18:35,767] [builder.py:653]            [DEBUG]    |                                                                                                    |
[2022-10-11 11:18:35,767] [builder.py:657]            [DEBUG]    | Validating Method: sort_title                                                                      |
[2022-10-11 11:18:35,767] [builder.py:658]            [DEBUG]    | Value: +C1_Casper                                                                                  |
[2022-10-11 11:18:35,773] [plex.py:803]               [DEBUG]    |                                                                                                    |
[2022-10-11 11:18:35,774] [plex.py:806]               [DEBUG]    | Looking for: Casper                                                                                |
[2022-10-11 11:18:35,774] [builder.py:823]            [INFO]     |                                                                                                    |
[2022-10-11 11:18:35,774] [builder.py:824]            [INFO]     | Validation Successful                                                                              |
[2022-10-11 11:18:35,774] [plex_meta_manager.py:561]  [INFO]     |                                                                                                    |
[2022-10-11 11:18:35,774] [plex_meta_manager.py:563]  [INFO]     |==================================== Running Casper Collection =====================================|
[2022-10-11 11:18:35,774] [plex_meta_manager.py:575]  [INFO]     |                                                                                                    |
[2022-10-11 11:18:35,774] [plex_meta_manager.py:576]  [INFO]     | Sync Mode: append                                                                                  |
[2022-10-11 11:18:35,775] [plex_meta_manager.py:579]  [DEBUG]    |                                                                                                    |
[2022-10-11 11:18:35,775] [plex_meta_manager.py:580]  [DEBUG]    | Builder: tmdb_collection: 8819                                                                     |
[2022-10-11 11:18:35,775] [plex_meta_manager.py:581]  [INFO]     |                                                                                                    |
[2022-10-11 11:18:35,784] [tmdb.py:381]               [INFO]     | Processing TMDb Collection: (8819) Casper - Saga (5 Items)                                         |
[2022-10-11 11:18:35,784] [builder.py:1581]           [DEBUG]    |                                                                                                    |
[2022-10-11 11:18:35,784] [builder.py:1582]           [DEBUG]    | 5 IDs Found: [(8839, 'tmdb'), (39345, 'tmdb'), (39346, 'tmdb'), (5833, 'tmdb'), (31170, 'tmdb')]   |
[2022-10-11 11:18:35,784] [builder.py:1583]           [DEBUG]    |                                                                                                    |
[2022-10-11 11:18:35,785] [builder.py:2300]           [INFO]     |                                                                                                    |
[2022-10-11 11:18:35,785] [builder.py:2301]           [INFO]     |============================ Missing Movies from Library: Z. 1 - Films =============================|
[2022-10-11 11:18:35,785] [builder.py:2302]           [INFO]     |                                                                                                    |
[2022-10-11 11:18:35,795] [builder.py:2315]           [INFO]     | Casper Collection | ? | Casper Meets Wendy (1998) (TMDb: 39345)                                    |
[2022-10-11 11:18:35,824] [builder.py:2315]           [INFO]     | Casper Collection | ? | Casper: A Spirited Beginning (1997) (TMDb: 39346)                          |
[2022-10-11 11:18:35,840] [builder.py:2315]           [INFO]     | Casper Collection | ? | Casper's Haunted Christmas (2000) (TMDb: 5833)                             |
[2022-10-11 11:18:35,882] [builder.py:2315]           [INFO]     | Casper Collection | ? | Casper's Scare School (2006) (TMDb: 31170)                                 |
[2022-10-11 11:18:35,882] [builder.py:2320]           [INFO]     |                                                                                                    |
[2022-10-11 11:18:35,882] [builder.py:2321]           [INFO]     | 4 Movies Missing                                                                                   |
[2022-10-11 11:18:35,913] [plex_meta_manager.py:624]  [INFO]     |                                                                                                    |
[2022-10-11 11:18:35,914] [plex_meta_manager.py:625]  [INFO]     | Collection Minimum: 2 not met for Casper Collection                                                |
[2022-10-11 11:18:35,914] [plex_meta_manager.py:708]  [INFO]     |                                                                                                    |
[2022-10-11 11:18:35,914] [plex_meta_manager.py:709]  [INFO]     |====================================================================================================|
[2022-10-11 11:18:35,915] [plex_meta_manager.py:709]  [INFO]     |                                     Finished Casper Collection                                     |
[2022-10-11 11:18:35,915] [plex_meta_manager.py:709]  [INFO]     |                                    Collection Run Time: 0:00:00                                    |
[2022-10-11 11:18:35,915] [plex_meta_manager.py:709]  [INFO]     |====================================================================================================|
