[2022-10-11 11:19:22,583] [builder.py:200]            [INFO]     |====================================================================================================|
[2022-10-11 11:19:22,583] [builder.py:200]            [INFO]     |                                Predator Collection in Z. 1 - Films                                 |
[2022-10-11 11:19:22,583] [builder.py:200]            [INFO]     |====================================================================================================|
[2022-10-11 11:19:22,583] [builder.py:201]            [INFO]     |                                                                                                    |
[2022-10-11 11:19:22,583] [builder.py:206]            [INFO]     |================================ Building Definition From Templates ================================|
[2022-10-11 11:19:22,584] [builder.py:222]            [DEBUG]    |                                                                                                    |
[2022-10-11 11:19:22,584] [meta.py:128]               [DEBUG]    | Template my_template                                                                               |
[2022-10-11 11:19:22,584] [meta.py:129]               [DEBUG]    | Call: {'value': ['399'], 'tmdb_collection': ['399'], 'key_name': 'Predator', 'key': '399', 'name': 'my_template'} |
[2022-10-11 11:19:22,584] [meta.py:304]               [DEBUG]    |                                                                                                    |
[2022-10-11 11:19:22,584] [meta.py:305]               [DEBUG]    | Variables: {'value': ['399'], 'tmdb_collection': ['399'], 'key_name': 'Predator', 'key': '399', 'name': 'my_template', 'collection_name': 'Predator', 'mapping_name': 'Predator', 'library_type': 'movie', 'library_name': 'Z. 1 - Films', 'value_encoded': '%5B%27399%27%5D', 'tmdb_collection_encoded': '%5B%27399%27%5D', 'key_name_encoded': 'Predator', 'key_encoded': '399', 'name_encoded': 'my_template', 'collection_name_encoded': 'Predator', 'mapping_name_encoded': 'Predator', 'library_type_encoded': 'movie', 'library_name_encoded': 'Z.%201%20-%20Films', 'collection_sort': 'Predator'} |
[2022-10-11 11:19:22,584] [meta.py:306]               [DEBUG]    |                                                                                                    |
[2022-10-11 11:19:22,585] [meta.py:307]               [DEBUG]    | Defaults: {}                                                                                       |
[2022-10-11 11:19:22,585] [meta.py:308]               [DEBUG]    |                                                                                                    |
[2022-10-11 11:19:22,585] [meta.py:309]               [DEBUG]    | Optional: ['my_collection_poster', 'my_collection_poster_encoded']                                 |
[2022-10-11 11:19:22,586] [meta.py:370]               [DEBUG]    |                                                                                                    |
[2022-10-11 11:19:22,586] [meta.py:371]               [DEBUG]    | Final Template Attributes: {'tmdb_collection_details': ['399'], 'collection_order': 'release', 'collection_mode': 'hide_items', 'sort_title': '+C1_Predator'} |
[2022-10-11 11:19:22,586] [meta.py:372]               [DEBUG]    |                                                                                                    |
[2022-10-11 11:19:22,586] [builder.py:230]            [INFO]     |================================== Validating Predator Attributes ==================================|
[2022-10-11 11:19:22,587] [builder.py:620]            [DEBUG]    |                                                                                                    |
[2022-10-11 11:19:22,587] [builder.py:621]            [DEBUG]    | Validating Method: collection_order                                                                |
[2022-10-11 11:19:22,587] [builder.py:622]            [DEBUG]    | Value: release                                                                                     |
[2022-10-11 11:19:22,587] [builder.py:653]            [DEBUG]    |                                                                                                    |
[2022-10-11 11:19:22,587] [builder.py:657]            [DEBUG]    | Validating Method: label                                                                           |
[2022-10-11 11:19:22,587] [builder.py:658]            [DEBUG]    | Value: TMDb Collections                                                                            |
[2022-10-11 11:19:22,587] [builder.py:653]            [DEBUG]    |                                                                                                    |
[2022-10-11 11:19:22,588] [builder.py:657]            [DEBUG]    | Validating Method: tmdb_collection_details                                                         |
[2022-10-11 11:19:22,588] [builder.py:658]            [DEBUG]    | Value: ['399']                                                                                     |
[2022-10-11 11:19:22,603] [builder.py:653]            [DEBUG]    |                                                                                                    |
[2022-10-11 11:19:22,603] [builder.py:657]            [DEBUG]    | Validating Method: collection_mode                                                                 |
[2022-10-11 11:19:22,603] [builder.py:658]            [DEBUG]    | Value: hide_items                                                                                  |
[2022-10-11 11:19:22,604] [builder.py:653]            [DEBUG]    |                                                                                                    |
[2022-10-11 11:19:22,604] [builder.py:657]            [DEBUG]    | Validating Method: sort_title                                                                      |
[2022-10-11 11:19:22,604] [builder.py:658]            [DEBUG]    | Value: +C1_Predator                                                                                |
[2022-10-11 11:19:22,806] [builder.py:823]            [INFO]     |                                                                                                    |
[2022-10-11 11:19:22,806] [builder.py:824]            [INFO]     | Validation Successful                                                                              |
[2022-10-11 11:19:22,806] [plex_meta_manager.py:561]  [INFO]     |                                                                                                    |
[2022-10-11 11:19:22,807] [plex_meta_manager.py:563]  [INFO]     |=================================== Running Predator Collection ====================================|
[2022-10-11 11:19:22,807] [plex_meta_manager.py:575]  [INFO]     |                                                                                                    |
[2022-10-11 11:19:22,807] [plex_meta_manager.py:576]  [INFO]     | Sync Mode: append                                                                                  |
[2022-10-11 11:19:22,807] [plex_meta_manager.py:579]  [DEBUG]    |                                                                                                    |
[2022-10-11 11:19:22,807] [plex_meta_manager.py:580]  [DEBUG]    | Builder: tmdb_collection: 399                                                                      |
[2022-10-11 11:19:22,807] [plex_meta_manager.py:581]  [INFO]     |                                                                                                    |
[2022-10-11 11:19:22,813] [tmdb.py:381]               [INFO]     | Processing TMDb Collection: (399) Predator - Saga (5 Items)                                        |
[2022-10-11 11:19:22,814] [builder.py:1581]           [DEBUG]    |                                                                                                    |
[2022-10-11 11:19:22,814] [builder.py:1582]           [DEBUG]    | 5 IDs Found: [(106, 'tmdb'), (169, 'tmdb'), (34851, 'tmdb'), (346910, 'tmdb'), (766507, 'tmdb')]   |
[2022-10-11 11:19:22,814] [builder.py:1583]           [DEBUG]    |                                                                                                    |
[2022-10-11 11:19:22,814] [builder.py:2132]           [INFO]     |                                                                                                    |
[2022-10-11 11:19:22,815] [builder.py:2133]           [INFO]     |================================== Adding to Predator Collection ===================================|
[2022-10-11 11:19:22,815] [builder.py:2134]           [INFO]     |                                                                                                    |
[2022-10-11 11:19:22,815] [builder.py:2148]           [INFO]     | 1/4 | Predator Collection | = | Predator (1987)                                                    |
[2022-10-11 11:19:22,815] [builder.py:2148]           [INFO]     | 2/4 | Predator Collection | = | Predators (2010)                                                   |
[2022-10-11 11:19:22,816] [builder.py:2148]           [INFO]     | 3/4 | Predator Collection | = | The Predator (2018)                                                |
[2022-10-11 11:19:22,816] [builder.py:2148]           [INFO]     | 4/4 | Predator Collection | = | Prey (2022)                                                        |
[2022-10-11 11:19:22,816] [builder.py:2168]           [INFO]     |                                                                                                    |
[2022-10-11 11:19:22,816] [builder.py:2170]           [INFO]     | 4 Movies Processed 0 Movies Added                                                                  |
[2022-10-11 11:19:22,817] [builder.py:2300]           [INFO]     |                                                                                                    |
[2022-10-11 11:19:22,817] [builder.py:2301]           [INFO]     |============================ Missing Movies from Library: Z. 1 - Films =============================|
[2022-10-11 11:19:22,817] [builder.py:2302]           [INFO]     |                                                                                                    |
[2022-10-11 11:19:22,824] [builder.py:2315]           [INFO]     | Predator Collection | ? | Predator 2 (1990) (TMDb: 169)                                            |
[2022-10-11 11:19:22,824] [builder.py:2320]           [INFO]     |                                                                                                    |
[2022-10-11 11:19:22,824] [builder.py:2321]           [INFO]     | 1 Movie Missing                                                                                    |
[2022-10-11 11:19:22,891] [builder.py:2521]           [INFO]     |                                                                                                    |
[2022-10-11 11:19:22,891] [builder.py:2522]           [INFO]     |============================= Updating Details of Predator Collection ==============================|
[2022-10-11 11:19:22,892] [builder.py:2523]           [INFO]     |                                                                                                    |
[2022-10-11 11:19:22,901] [builder.py:2589]           [INFO]     | Collection Metadata Edits                                                                          |
[2022-10-11 11:19:22,902] [builder.py:2660]           [WARNING]  | Asset Warning: Unable to find asset folder: 'Predator'                                             |
[2022-10-11 11:19:22,902] [util.py:171]               [DEBUG]    | 1 poster found:                                                                                    |
[2022-10-11 11:19:22,902] [util.py:173]               [DEBUG]    | Method: tmdb_collection_details Poster: https://image.tmdb.org/t/p/original/6Z7lASptoiRVxiCFvZaFgH9qp7u.jpg |
[2022-10-11 11:19:22,902] [util.py:171]               [DEBUG]    | 1 background found:                                                                                |
[2022-10-11 11:19:22,902] [util.py:173]               [DEBUG]    | Method: tmdb_collection_details Background: https://image.tmdb.org/t/p/original/fXVzk9OxQwROCuiWvd0Cv76qmZi.jpg |
[2022-10-11 11:19:22,903] [library.py:173]            [INFO]     | Detail: poster update not needed                                                                   |
[2022-10-11 11:19:22,904] [library.py:189]            [INFO]     | Detail: background update not needed                                                               |
[2022-10-11 11:19:23,097] [plex_meta_manager.py:708]  [INFO]     |                                                                                                    |
[2022-10-11 11:19:23,098] [plex_meta_manager.py:709]  [INFO]     |====================================================================================================|
[2022-10-11 11:19:23,098] [plex_meta_manager.py:709]  [INFO]     |                                    Finished Predator Collection                                    |
[2022-10-11 11:19:23,098] [plex_meta_manager.py:709]  [INFO]     |                                    Collection Run Time: 0:00:00                                    |
[2022-10-11 11:19:23,098] [plex_meta_manager.py:709]  [INFO]     |====================================================================================================|
