[2022-10-11 11:20:28,073] [builder.py:200]            [INFO]     |====================================================================================================|
[2022-10-11 11:20:28,073] [builder.py:200]            [INFO]     |                              Tomorrow War Collection in Z. 1 - Films                               |
[2022-10-11 11:20:28,073] [builder.py:200]            [INFO]     |====================================================================================================|
[2022-10-11 11:20:28,073] [builder.py:201]            [INFO]     |                                                                                                    |
[2022-10-11 11:20:28,074] [builder.py:206]            [INFO]     |================================ Building Definition From Templates ================================|
[2022-10-11 11:20:28,074] [builder.py:222]            [DEBUG]    |                                                                                                    |
[2022-10-11 11:20:28,074] [meta.py:128]               [DEBUG]    | Template my_template                                                                               |
[2022-10-11 11:20:28,074] [meta.py:129]               [DEBUG]    | Call: {'value': ['848922'], 'tmdb_collection': ['848922'], 'key_name': 'Tomorrow War', 'key': '848922', 'name': 'my_template'} |
[2022-10-11 11:20:28,074] [meta.py:304]               [DEBUG]    |                                                                                                    |
[2022-10-11 11:20:28,074] [meta.py:305]               [DEBUG]    | Variables: {'value': ['848922'], 'tmdb_collection': ['848922'], 'key_name': 'Tomorrow War', 'key': '848922', 'name': 'my_template', 'collection_name': 'Tomorrow War', 'mapping_name': 'Tomorrow War', 'library_type': 'movie', 'library_name': 'Z. 1 - Films', 'value_encoded': '%5B%27848922%27%5D', 'tmdb_collection_encoded': '%5B%27848922%27%5D', 'key_name_encoded': 'Tomorrow%20War', 'key_encoded': '848922', 'name_encoded': 'my_template', 'collection_name_encoded': 'Tomorrow%20War', 'mapping_name_encoded': 'Tomorrow%20War', 'library_type_encoded': 'movie', 'library_name_encoded': 'Z.%201%20-%20Films', 'collection_sort': 'Tomorrow War'} |
[2022-10-11 11:20:28,074] [meta.py:306]               [DEBUG]    |                                                                                                    |
[2022-10-11 11:20:28,075] [meta.py:307]               [DEBUG]    | Defaults: {}                                                                                       |
[2022-10-11 11:20:28,075] [meta.py:308]               [DEBUG]    |                                                                                                    |
[2022-10-11 11:20:28,075] [meta.py:309]               [DEBUG]    | Optional: ['my_collection_poster', 'my_collection_poster_encoded']                                 |
[2022-10-11 11:20:28,076] [meta.py:370]               [DEBUG]    |                                                                                                    |
[2022-10-11 11:20:28,076] [meta.py:371]               [DEBUG]    | Final Template Attributes: {'tmdb_collection_details': ['848922'], 'collection_order': 'release', 'collection_mode': 'hide_items', 'sort_title': '+C1_Tomorrow War'} |
[2022-10-11 11:20:28,076] [meta.py:372]               [DEBUG]    |                                                                                                    |
[2022-10-11 11:20:28,076] [builder.py:230]            [INFO]     |================================ Validating Tomorrow War Attributes ================================|
[2022-10-11 11:20:28,076] [builder.py:620]            [DEBUG]    |                                                                                                    |
[2022-10-11 11:20:28,077] [builder.py:621]            [DEBUG]    | Validating Method: collection_order                                                                |
[2022-10-11 11:20:28,077] [builder.py:622]            [DEBUG]    | Value: release                                                                                     |
[2022-10-11 11:20:28,077] [builder.py:653]            [DEBUG]    |                                                                                                    |
[2022-10-11 11:20:28,077] [builder.py:657]            [DEBUG]    | Validating Method: label                                                                           |
[2022-10-11 11:20:28,077] [builder.py:658]            [DEBUG]    | Value: TMDb Collections                                                                            |
[2022-10-11 11:20:28,077] [builder.py:653]            [DEBUG]    |                                                                                                    |
[2022-10-11 11:20:28,077] [builder.py:657]            [DEBUG]    | Validating Method: tmdb_collection_details                                                         |
[2022-10-11 11:20:28,078] [builder.py:658]            [DEBUG]    | Value: ['848922']                                                                                  |
[2022-10-11 11:20:28,089] [builder.py:653]            [DEBUG]    |                                                                                                    |
[2022-10-11 11:20:28,089] [builder.py:657]            [DEBUG]    | Validating Method: collection_mode                                                                 |
[2022-10-11 11:20:28,089] [builder.py:658]            [DEBUG]    | Value: hide_items                                                                                  |
[2022-10-11 11:20:28,090] [builder.py:653]            [DEBUG]    |                                                                                                    |
[2022-10-11 11:20:28,090] [builder.py:657]            [DEBUG]    | Validating Method: sort_title                                                                      |
[2022-10-11 11:20:28,090] [builder.py:658]            [DEBUG]    | Value: +C1_Tomorrow War                                                                            |
[2022-10-11 11:20:28,096] [plex.py:803]               [DEBUG]    |                                                                                                    |
[2022-10-11 11:20:28,096] [plex.py:806]               [DEBUG]    | Looking for: Tomorrow War                                                                          |
[2022-10-11 11:20:28,097] [builder.py:823]            [INFO]     |                                                                                                    |
[2022-10-11 11:20:28,097] [builder.py:824]            [INFO]     | Validation Successful                                                                              |
[2022-10-11 11:20:28,097] [plex_meta_manager.py:561]  [INFO]     |                                                                                                    |
[2022-10-11 11:20:28,097] [plex_meta_manager.py:563]  [INFO]     |================================= Running Tomorrow War Collection ==================================|
[2022-10-11 11:20:28,098] [plex_meta_manager.py:575]  [INFO]     |                                                                                                    |
[2022-10-11 11:20:28,098] [plex_meta_manager.py:576]  [INFO]     | Sync Mode: append                                                                                  |
[2022-10-11 11:20:28,098] [plex_meta_manager.py:579]  [DEBUG]    |                                                                                                    |
[2022-10-11 11:20:28,098] [plex_meta_manager.py:580]  [DEBUG]    | Builder: tmdb_collection: 848922                                                                   |
[2022-10-11 11:20:28,098] [plex_meta_manager.py:581]  [INFO]     |                                                                                                    |
[2022-10-11 11:20:28,135] [tmdb.py:381]               [INFO]     | Processing TMDb Collection: (848922) The Tomorrow War - Saga (2 Items)                             |
[2022-10-11 11:20:28,136] [builder.py:1581]           [DEBUG]    |                                                                                                    |
[2022-10-11 11:20:28,136] [builder.py:1582]           [DEBUG]    | 2 IDs Found: [(588228, 'tmdb'), (848890, 'tmdb')]                                                  |
[2022-10-11 11:20:28,136] [builder.py:1583]           [DEBUG]    |                                                                                                    |
[2022-10-11 11:20:28,136] [builder.py:2300]           [INFO]     |                                                                                                    |
[2022-10-11 11:20:28,137] [builder.py:2301]           [INFO]     |============================ Missing Movies from Library: Z. 1 - Films =============================|
[2022-10-11 11:20:28,137] [builder.py:2302]           [INFO]     |                                                                                                    |
[2022-10-11 11:20:28,156] [builder.py:2315]           [INFO]     | Tomorrow War Collection | ? | The Tomorrow War 2 (TMDb: 848890)                                    |
[2022-10-11 11:20:28,157] [builder.py:2320]           [INFO]     |                                                                                                    |
[2022-10-11 11:20:28,157] [builder.py:2321]           [INFO]     | 1 Movie Missing                                                                                    |
[2022-10-11 11:20:28,227] [plex_meta_manager.py:624]  [INFO]     |                                                                                                    |
[2022-10-11 11:20:28,228] [plex_meta_manager.py:625]  [INFO]     | Collection Minimum: 2 not met for Tomorrow War Collection                                          |
[2022-10-11 11:20:28,228] [plex_meta_manager.py:708]  [INFO]     |                                                                                                    |
[2022-10-11 11:20:28,228] [plex_meta_manager.py:709]  [INFO]     |====================================================================================================|
[2022-10-11 11:20:28,228] [plex_meta_manager.py:709]  [INFO]     |                                  Finished Tomorrow War Collection                                  |
[2022-10-11 11:20:28,228] [plex_meta_manager.py:709]  [INFO]     |                                    Collection Run Time: 0:00:00                                    |
[2022-10-11 11:20:28,228] [plex_meta_manager.py:709]  [INFO]     |====================================================================================================|
