[2022-10-11 11:20:36,300] [builder.py:200]            [INFO]     |====================================================================================================|
[2022-10-11 11:20:36,300] [builder.py:200]            [INFO]     |                               Yamakasi - Collection in Z. 1 - Films                                |
[2022-10-11 11:20:36,300] [builder.py:200]            [INFO]     |====================================================================================================|
[2022-10-11 11:20:36,300] [builder.py:201]            [INFO]     |                                                                                                    |
[2022-10-11 11:20:36,300] [builder.py:206]            [INFO]     |================================ Building Definition From Templates ================================|
[2022-10-11 11:20:36,301] [builder.py:222]            [DEBUG]    |                                                                                                    |
[2022-10-11 11:20:36,301] [meta.py:128]               [DEBUG]    | Template my_template                                                                               |
[2022-10-11 11:20:36,301] [meta.py:129]               [DEBUG]    | Call: {'value': ['107471'], 'tmdb_collection': ['107471'], 'key_name': 'Yamakasi -', 'key': '107471', 'name': 'my_template'} |
[2022-10-11 11:20:36,301] [meta.py:304]               [DEBUG]    |                                                                                                    |
[2022-10-11 11:20:36,301] [meta.py:305]               [DEBUG]    | Variables: {'value': ['107471'], 'tmdb_collection': ['107471'], 'key_name': 'Yamakasi -', 'key': '107471', 'name': 'my_template', 'collection_name': 'Yamakasi -', 'mapping_name': 'Yamakasi -', 'library_type': 'movie', 'library_name': 'Z. 1 - Films', 'value_encoded': '%5B%27107471%27%5D', 'tmdb_collection_encoded': '%5B%27107471%27%5D', 'key_name_encoded': 'Yamakasi%20-', 'key_encoded': '107471', 'name_encoded': 'my_template', 'collection_name_encoded': 'Yamakasi%20-', 'mapping_name_encoded': 'Yamakasi%20-', 'library_type_encoded': 'movie', 'library_name_encoded': 'Z.%201%20-%20Films', 'collection_sort': 'Yamakasi -'} |
[2022-10-11 11:20:36,301] [meta.py:306]               [DEBUG]    |                                                                                                    |
[2022-10-11 11:20:36,301] [meta.py:307]               [DEBUG]    | Defaults: {}                                                                                       |
[2022-10-11 11:20:36,301] [meta.py:308]               [DEBUG]    |                                                                                                    |
[2022-10-11 11:20:36,302] [meta.py:309]               [DEBUG]    | Optional: ['my_collection_poster', 'my_collection_poster_encoded']                                 |
[2022-10-11 11:20:36,302] [meta.py:370]               [DEBUG]    |                                                                                                    |
[2022-10-11 11:20:36,303] [meta.py:371]               [DEBUG]    | Final Template Attributes: {'tmdb_collection_details': ['107471'], 'collection_order': 'release', 'collection_mode': 'hide_items', 'sort_title': '+C1_Yamakasi -'} |
[2022-10-11 11:20:36,303] [meta.py:372]               [DEBUG]    |                                                                                                    |
[2022-10-11 11:20:36,303] [builder.py:230]            [INFO]     |================================= Validating Yamakasi - Attributes =================================|
[2022-10-11 11:20:36,303] [builder.py:620]            [DEBUG]    |                                                                                                    |
[2022-10-11 11:20:36,303] [builder.py:621]            [DEBUG]    | Validating Method: collection_order                                                                |
[2022-10-11 11:20:36,303] [builder.py:622]            [DEBUG]    | Value: release                                                                                     |
[2022-10-11 11:20:36,303] [builder.py:653]            [DEBUG]    |                                                                                                    |
[2022-10-11 11:20:36,304] [builder.py:657]            [DEBUG]    | Validating Method: label                                                                           |
[2022-10-11 11:20:36,304] [builder.py:658]            [DEBUG]    | Value: TMDb Collections                                                                            |
[2022-10-11 11:20:36,304] [builder.py:653]            [DEBUG]    |                                                                                                    |
[2022-10-11 11:20:36,304] [builder.py:657]            [DEBUG]    | Validating Method: tmdb_collection_details                                                         |
[2022-10-11 11:20:36,304] [builder.py:658]            [DEBUG]    | Value: ['107471']                                                                                  |
[2022-10-11 11:20:36,317] [builder.py:653]            [DEBUG]    |                                                                                                    |
[2022-10-11 11:20:36,317] [builder.py:657]            [DEBUG]    | Validating Method: collection_mode                                                                 |
[2022-10-11 11:20:36,317] [builder.py:658]            [DEBUG]    | Value: hide_items                                                                                  |
[2022-10-11 11:20:36,318] [builder.py:653]            [DEBUG]    |                                                                                                    |
[2022-10-11 11:20:36,318] [builder.py:657]            [DEBUG]    | Validating Method: sort_title                                                                      |
[2022-10-11 11:20:36,318] [builder.py:658]            [DEBUG]    | Value: +C1_Yamakasi -                                                                              |
[2022-10-11 11:20:36,324] [plex.py:803]               [DEBUG]    |                                                                                                    |
[2022-10-11 11:20:36,324] [plex.py:806]               [DEBUG]    | Looking for: Yamakasi -                                                                            |
[2022-10-11 11:20:36,324] [builder.py:823]            [INFO]     |                                                                                                    |
[2022-10-11 11:20:36,325] [builder.py:824]            [INFO]     | Validation Successful                                                                              |
[2022-10-11 11:20:36,325] [plex_meta_manager.py:561]  [INFO]     |                                                                                                    |
[2022-10-11 11:20:36,325] [plex_meta_manager.py:563]  [INFO]     |================================== Running Yamakasi - Collection ===================================|
[2022-10-11 11:20:36,325] [plex_meta_manager.py:575]  [INFO]     |                                                                                                    |
[2022-10-11 11:20:36,325] [plex_meta_manager.py:576]  [INFO]     | Sync Mode: append                                                                                  |
[2022-10-11 11:20:36,325] [plex_meta_manager.py:579]  [DEBUG]    |                                                                                                    |
[2022-10-11 11:20:36,326] [plex_meta_manager.py:580]  [DEBUG]    | Builder: tmdb_collection: 107471                                                                   |
[2022-10-11 11:20:36,326] [plex_meta_manager.py:581]  [INFO]     |                                                                                                    |
[2022-10-11 11:20:36,330] [tmdb.py:381]               [INFO]     | Processing TMDb Collection: (107471) Yamakasi - Saga (2 Items)                                     |
[2022-10-11 11:20:36,331] [builder.py:1581]           [DEBUG]    |                                                                                                    |
[2022-10-11 11:20:36,331] [builder.py:1582]           [DEBUG]    | 2 IDs Found: [(25631, 'tmdb'), (6935, 'tmdb')]                                                     |
[2022-10-11 11:20:36,331] [builder.py:1583]           [DEBUG]    |                                                                                                    |
[2022-10-11 11:20:36,331] [builder.py:2300]           [INFO]     |                                                                                                    |
[2022-10-11 11:20:36,331] [builder.py:2301]           [INFO]     |============================ Missing Movies from Library: Z. 1 - Films =============================|
[2022-10-11 11:20:36,332] [builder.py:2302]           [INFO]     |                                                                                                    |
[2022-10-11 11:20:36,347] [builder.py:2315]           [INFO]     | Yamakasi - Collection | ? | The Great Challenge (2004) (TMDb: 25631)                               |
[2022-10-11 11:20:36,348] [builder.py:2320]           [INFO]     |                                                                                                    |
[2022-10-11 11:20:36,348] [builder.py:2321]           [INFO]     | 1 Movie Missing                                                                                    |
[2022-10-11 11:20:36,426] [plex_meta_manager.py:624]  [INFO]     |                                                                                                    |
[2022-10-11 11:20:36,426] [plex_meta_manager.py:625]  [INFO]     | Collection Minimum: 2 not met for Yamakasi - Collection                                            |
[2022-10-11 11:20:36,427] [plex_meta_manager.py:708]  [INFO]     |                                                                                                    |
[2022-10-11 11:20:36,427] [plex_meta_manager.py:709]  [INFO]     |====================================================================================================|
[2022-10-11 11:20:36,427] [plex_meta_manager.py:709]  [INFO]     |                                   Finished Yamakasi - Collection                                   |
[2022-10-11 11:20:36,427] [plex_meta_manager.py:709]  [INFO]     |                                    Collection Run Time: 0:00:00                                    |
[2022-10-11 11:20:36,427] [plex_meta_manager.py:709]  [INFO]     |====================================================================================================|
