[2022-10-11 11:18:32,862] [builder.py:200]            [INFO]     |====================================================================================================|
[2022-10-11 11:18:32,862] [builder.py:200]            [INFO]     |                              Brice de Nice Collection in Z. 1 - Films                              |
[2022-10-11 11:18:32,862] [builder.py:200]            [INFO]     |====================================================================================================|
[2022-10-11 11:18:32,862] [builder.py:201]            [INFO]     |                                                                                                    |
[2022-10-11 11:18:32,862] [builder.py:206]            [INFO]     |================================ Building Definition From Templates ================================|
[2022-10-11 11:18:32,863] [builder.py:222]            [DEBUG]    |                                                                                                    |
[2022-10-11 11:18:32,863] [meta.py:128]               [DEBUG]    | Template my_template                                                                               |
[2022-10-11 11:18:32,863] [meta.py:129]               [DEBUG]    | Call: {'value': ['442352'], 'tmdb_collection': ['442352'], 'key_name': 'Brice de Nice', 'key': '442352', 'name': 'my_template'} |
[2022-10-11 11:18:32,863] [meta.py:304]               [DEBUG]    |                                                                                                    |
[2022-10-11 11:18:32,863] [meta.py:305]               [DEBUG]    | Variables: {'value': ['442352'], 'tmdb_collection': ['442352'], 'key_name': 'Brice de Nice', 'key': '442352', 'name': 'my_template', 'collection_name': 'Brice de Nice', 'mapping_name': 'Brice de Nice', 'library_type': 'movie', 'library_name': 'Z. 1 - Films', 'value_encoded': '%5B%27442352%27%5D', 'tmdb_collection_encoded': '%5B%27442352%27%5D', 'key_name_encoded': 'Brice%20de%20Nice', 'key_encoded': '442352', 'name_encoded': 'my_template', 'collection_name_encoded': 'Brice%20de%20Nice', 'mapping_name_encoded': 'Brice%20de%20Nice', 'library_type_encoded': 'movie', 'library_name_encoded': 'Z.%201%20-%20Films', 'collection_sort': 'Brice de Nice'} |
[2022-10-11 11:18:32,863] [meta.py:306]               [DEBUG]    |                                                                                                    |
[2022-10-11 11:18:32,863] [meta.py:307]               [DEBUG]    | Defaults: {}                                                                                       |
[2022-10-11 11:18:32,864] [meta.py:308]               [DEBUG]    |                                                                                                    |
[2022-10-11 11:18:32,864] [meta.py:309]               [DEBUG]    | Optional: ['my_collection_poster', 'my_collection_poster_encoded']                                 |
[2022-10-11 11:18:32,865] [meta.py:370]               [DEBUG]    |                                                                                                    |
[2022-10-11 11:18:32,865] [meta.py:371]               [DEBUG]    | Final Template Attributes: {'tmdb_collection_details': ['442352'], 'collection_order': 'release', 'collection_mode': 'hide_items', 'sort_title': '+C1_Brice de Nice'} |
[2022-10-11 11:18:32,865] [meta.py:372]               [DEBUG]    |                                                                                                    |
[2022-10-11 11:18:32,865] [builder.py:230]            [INFO]     |=============================== Validating Brice de Nice Attributes ================================|
[2022-10-11 11:18:32,865] [builder.py:620]            [DEBUG]    |                                                                                                    |
[2022-10-11 11:18:32,865] [builder.py:621]            [DEBUG]    | Validating Method: collection_order                                                                |
[2022-10-11 11:18:32,865] [builder.py:622]            [DEBUG]    | Value: release                                                                                     |
[2022-10-11 11:18:32,865] [builder.py:653]            [DEBUG]    |                                                                                                    |
[2022-10-11 11:18:32,866] [builder.py:657]            [DEBUG]    | Validating Method: label                                                                           |
[2022-10-11 11:18:32,866] [builder.py:658]            [DEBUG]    | Value: TMDb Collections                                                                            |
[2022-10-11 11:18:32,866] [builder.py:653]            [DEBUG]    |                                                                                                    |
[2022-10-11 11:18:32,866] [builder.py:657]            [DEBUG]    | Validating Method: tmdb_collection_details                                                         |
[2022-10-11 11:18:32,866] [builder.py:658]            [DEBUG]    | Value: ['442352']                                                                                  |
[2022-10-11 11:18:32,878] [builder.py:653]            [DEBUG]    |                                                                                                    |
[2022-10-11 11:18:32,879] [builder.py:657]            [DEBUG]    | Validating Method: collection_mode                                                                 |
[2022-10-11 11:18:32,879] [builder.py:658]            [DEBUG]    | Value: hide_items                                                                                  |
[2022-10-11 11:18:32,879] [builder.py:653]            [DEBUG]    |                                                                                                    |
[2022-10-11 11:18:32,879] [builder.py:657]            [DEBUG]    | Validating Method: sort_title                                                                      |
[2022-10-11 11:18:32,879] [builder.py:658]            [DEBUG]    | Value: +C1_Brice de Nice                                                                           |
[2022-10-11 11:18:33,067] [builder.py:823]            [INFO]     |                                                                                                    |
[2022-10-11 11:18:33,068] [builder.py:824]            [INFO]     | Validation Successful                                                                              |
[2022-10-11 11:18:33,068] [plex_meta_manager.py:561]  [INFO]     |                                                                                                    |
[2022-10-11 11:18:33,068] [plex_meta_manager.py:563]  [INFO]     |================================= Running Brice de Nice Collection =================================|
[2022-10-11 11:18:33,068] [plex_meta_manager.py:575]  [INFO]     |                                                                                                    |
[2022-10-11 11:18:33,069] [plex_meta_manager.py:576]  [INFO]     | Sync Mode: append                                                                                  |
[2022-10-11 11:18:33,069] [plex_meta_manager.py:579]  [DEBUG]    |                                                                                                    |
[2022-10-11 11:18:33,069] [plex_meta_manager.py:580]  [DEBUG]    | Builder: tmdb_collection: 442352                                                                   |
[2022-10-11 11:18:33,069] [plex_meta_manager.py:581]  [INFO]     |                                                                                                    |
[2022-10-11 11:18:33,073] [tmdb.py:381]               [INFO]     | Processing TMDb Collection: (442352) Brice de Nice - Saga (2 Items)                                |
[2022-10-11 11:18:33,073] [builder.py:1581]           [DEBUG]    |                                                                                                    |
[2022-10-11 11:18:33,073] [builder.py:1582]           [DEBUG]    | 2 IDs Found: [(375798, 'tmdb'), (17350, 'tmdb')]                                                   |
[2022-10-11 11:18:33,074] [builder.py:1583]           [DEBUG]    |                                                                                                    |
[2022-10-11 11:18:33,074] [builder.py:2132]           [INFO]     |                                                                                                    |
[2022-10-11 11:18:33,074] [builder.py:2133]           [INFO]     |================================ Adding to Brice de Nice Collection ================================|
[2022-10-11 11:18:33,074] [builder.py:2134]           [INFO]     |                                                                                                    |
[2022-10-11 11:18:33,074] [builder.py:2148]           [INFO]     | 1/2 | Brice de Nice Collection | = | Brice 3 (2016)                                                |
[2022-10-11 11:18:33,074] [builder.py:2148]           [INFO]     | 2/2 | Brice de Nice Collection | = | Brice de Nice (2005)                                          |
[2022-10-11 11:18:33,074] [builder.py:2168]           [INFO]     |                                                                                                    |
[2022-10-11 11:18:33,075] [builder.py:2170]           [INFO]     | 2 Movies Processed 0 Movies Added                                                                  |
[2022-10-11 11:18:33,081] [builder.py:2521]           [INFO]     |                                                                                                    |
[2022-10-11 11:18:33,081] [builder.py:2522]           [INFO]     |=========================== Updating Details of Brice de Nice Collection ===========================|
[2022-10-11 11:18:33,082] [builder.py:2523]           [INFO]     |                                                                                                    |
[2022-10-11 11:18:33,091] [builder.py:2589]           [INFO]     | Collection Metadata Edits                                                                          |
[2022-10-11 11:18:33,092] [builder.py:2660]           [WARNING]  | Asset Warning: Unable to find asset folder: 'Brice de Nice'                                        |
[2022-10-11 11:18:33,092] [util.py:171]               [DEBUG]    | 1 poster found:                                                                                    |
[2022-10-11 11:18:33,092] [util.py:173]               [DEBUG]    | Method: tmdb_collection_details Poster: https://image.tmdb.org/t/p/original/onlFeg0Oa7A8z343YEYvx6RF48q.jpg |
[2022-10-11 11:18:33,092] [util.py:171]               [DEBUG]    | 1 background found:                                                                                |
[2022-10-11 11:18:33,092] [util.py:173]               [DEBUG]    | Method: tmdb_collection_details Background: https://image.tmdb.org/t/p/original/8LYMiXf6w2LU6BbBfDf7NUAeQJ5.jpg |
[2022-10-11 11:18:33,093] [library.py:173]            [INFO]     | Detail: poster update not needed                                                                   |
[2022-10-11 11:18:33,094] [library.py:189]            [INFO]     | Detail: background update not needed                                                               |
[2022-10-11 11:18:33,280] [plex_meta_manager.py:708]  [INFO]     |                                                                                                    |
[2022-10-11 11:18:33,280] [plex_meta_manager.py:709]  [INFO]     |====================================================================================================|
[2022-10-11 11:18:33,280] [plex_meta_manager.py:709]  [INFO]     |                                 Finished Brice de Nice Collection                                  |
[2022-10-11 11:18:33,280] [plex_meta_manager.py:709]  [INFO]     |                                    Collection Run Time: 0:00:00                                    |
[2022-10-11 11:18:33,280] [plex_meta_manager.py:709]  [INFO]     |====================================================================================================|
