[2022-10-11 11:01:31,383] [builder.py:197]            [INFO]     |====================================================================================================|
[2022-10-11 11:01:31,384] [builder.py:197]            [INFO]     |                           Night at the Museum Collection in Z. 1 - Films                           |
[2022-10-11 11:01:31,384] [builder.py:197]            [INFO]     |====================================================================================================|
[2022-10-11 11:01:31,384] [builder.py:198]            [INFO]     |                                                                                                    |
[2022-10-11 11:01:31,384] [builder.py:203]            [INFO]     |================================ Building Definition From Templates ================================|
[2022-10-11 11:01:31,384] [builder.py:211]            [DEBUG]    |                                                                                                    |
[2022-10-11 11:01:31,384] [meta.py:128]               [DEBUG]    | Template my_template                                                                               |
[2022-10-11 11:01:31,385] [meta.py:129]               [DEBUG]    | Call: {'value': ['85943'], 'tmdb_collection': ['85943'], 'key_name': 'Night at the Museum', 'key': '85943', 'name': 'my_template'} |
[2022-10-11 11:01:31,385] [meta.py:304]               [DEBUG]    |                                                                                                    |
[2022-10-11 11:01:31,385] [meta.py:305]               [DEBUG]    | Variables: {'value': ['85943'], 'tmdb_collection': ['85943'], 'key_name': 'Night at the Museum', 'key': '85943', 'name': 'my_template', 'collection_name': 'Night at the Museum', 'mapping_name': 'Night at the Museum', 'library_type': 'movie', 'library_name': 'Z. 1 - Films', 'value_encoded': '%5B%2785943%27%5D', 'tmdb_collection_encoded': '%5B%2785943%27%5D', 'key_name_encoded': 'Night%20at%20the%20Museum', 'key_encoded': '85943', 'name_encoded': 'my_template', 'collection_name_encoded': 'Night%20at%20the%20Museum', 'mapping_name_encoded': 'Night%20at%20the%20Museum', 'library_type_encoded': 'movie', 'library_name_encoded': 'Z.%201%20-%20Films', 'collection_sort': 'Night at the Museum'} |
[2022-10-11 11:01:31,385] [meta.py:306]               [DEBUG]    |                                                                                                    |
[2022-10-11 11:01:31,385] [meta.py:307]               [DEBUG]    | Defaults: {}                                                                                       |
[2022-10-11 11:01:31,385] [meta.py:308]               [DEBUG]    |                                                                                                    |
[2022-10-11 11:01:31,385] [meta.py:309]               [DEBUG]    | Optional: ['my_collection_poster', 'my_collection_poster_encoded']                                 |
[2022-10-11 11:01:31,386] [meta.py:370]               [DEBUG]    |                                                                                                    |
[2022-10-11 11:01:31,386] [meta.py:371]               [DEBUG]    | Final Template Attributes: {'tmdb_collection_details': ['85943'], 'collection_order': 'release', 'collection_mode': 'hide_items', 'sort_title': '+C1_Night at the Museum'} |
[2022-10-11 11:01:31,386] [meta.py:372]               [DEBUG]    |                                                                                                    |
[2022-10-11 11:01:31,387] [builder.py:219]            [INFO]     |============================ Validating Night at the Museum Attributes =============================|
[2022-10-11 11:01:31,387] [builder.py:609]            [DEBUG]    |                                                                                                    |
[2022-10-11 11:01:31,387] [builder.py:610]            [DEBUG]    | Validating Method: collection_order                                                                |
[2022-10-11 11:01:31,387] [builder.py:611]            [DEBUG]    | Value: release                                                                                     |
[2022-10-11 11:01:31,387] [builder.py:627]            [DEBUG]    |                                                                                                    |
[2022-10-11 11:01:31,387] [builder.py:631]            [DEBUG]    | Validating Method: label                                                                           |
[2022-10-11 11:01:31,388] [builder.py:632]            [DEBUG]    | Value: TMDb Collections                                                                            |
[2022-10-11 11:01:31,388] [builder.py:627]            [DEBUG]    |                                                                                                    |
[2022-10-11 11:01:31,388] [builder.py:631]            [DEBUG]    | Validating Method: tmdb_collection_details                                                         |
[2022-10-11 11:01:31,388] [builder.py:632]            [DEBUG]    | Value: ['85943']                                                                                   |
[2022-10-11 11:01:31,400] [builder.py:627]            [DEBUG]    |                                                                                                    |
[2022-10-11 11:01:31,400] [builder.py:631]            [DEBUG]    | Validating Method: collection_mode                                                                 |
[2022-10-11 11:01:31,400] [builder.py:632]            [DEBUG]    | Value: hide_items                                                                                  |
[2022-10-11 11:01:31,401] [builder.py:627]            [DEBUG]    |                                                                                                    |
[2022-10-11 11:01:31,401] [builder.py:631]            [DEBUG]    | Validating Method: sort_title                                                                      |
[2022-10-11 11:01:31,401] [builder.py:632]            [DEBUG]    | Value: +C1_Night at the Museum                                                                     |
[2022-10-11 11:01:31,407] [plex.py:790]               [DEBUG]    |                                                                                                    |
[2022-10-11 11:01:31,407] [plex.py:793]               [DEBUG]    | Looking for: Night at the Museum                                                                   |
[2022-10-11 11:01:31,407] [builder.py:797]            [INFO]     |                                                                                                    |
[2022-10-11 11:01:31,408] [builder.py:798]            [INFO]     | Validation Successful                                                                              |
[2022-10-11 11:01:31,408] [plex_meta_manager.py:561]  [INFO]     |                                                                                                    |
[2022-10-11 11:01:31,408] [plex_meta_manager.py:563]  [INFO]     |============================== Running Night at the Museum Collection ==============================|
[2022-10-11 11:01:31,408] [plex_meta_manager.py:575]  [INFO]     |                                                                                                    |
[2022-10-11 11:01:31,408] [plex_meta_manager.py:576]  [INFO]     | Sync Mode: append                                                                                  |
[2022-10-11 11:01:31,408] [plex_meta_manager.py:579]  [DEBUG]    |                                                                                                    |
[2022-10-11 11:01:31,409] [plex_meta_manager.py:580]  [DEBUG]    | Builder: tmdb_collection: 85943                                                                    |
[2022-10-11 11:01:31,409] [plex_meta_manager.py:581]  [INFO]     |                                                                                                    |
[2022-10-11 11:01:31,414] [tmdb.py:382]               [INFO]     | Processing TMDb Collection: (85943) La nuit au musée - Saga (3 Items)                              |
[2022-10-11 11:01:31,414] [builder.py:1540]           [DEBUG]    |                                                                                                    |
[2022-10-11 11:01:31,414] [builder.py:1541]           [DEBUG]    | 3 IDs Found: [(1593, 'tmdb'), (18360, 'tmdb'), (181533, 'tmdb')]                                   |
[2022-10-11 11:01:31,414] [builder.py:1542]           [DEBUG]    |                                                                                                    |
[2022-10-11 11:01:31,414] [builder.py:2228]           [INFO]     |                                                                                                    |
[2022-10-11 11:01:31,415] [builder.py:2229]           [INFO]     |============================ Missing Movies from Library: Z. 1 - Films =============================|
[2022-10-11 11:01:31,415] [builder.py:2230]           [INFO]     |                                                                                                    |
[2022-10-11 11:01:31,428] [builder.py:2243]           [INFO]     | Night at the Museum Collection | ? | Night at the Museum (2006) (TMDb: 1593)                       |
[2022-10-11 11:01:31,441] [builder.py:2243]           [INFO]     | Night at the Museum Collection | ? | Night at the Museum: Battle of the Smithsonian (2009) (TMDb: 18360) |
[2022-10-11 11:01:31,441] [builder.py:2248]           [INFO]     |                                                                                                    |
[2022-10-11 11:01:31,441] [builder.py:2249]           [INFO]     | 2 Movies Missing                                                                                   |
[2022-10-11 11:01:31,496] [plex_meta_manager.py:624]  [INFO]     |                                                                                                    |
[2022-10-11 11:01:31,497] [plex_meta_manager.py:625]  [INFO]     | Collection Minimum: 2 not met for Night at the Museum Collection                                   |
[2022-10-11 11:01:31,497] [plex_meta_manager.py:708]  [INFO]     |                                                                                                    |
[2022-10-11 11:01:31,497] [plex_meta_manager.py:709]  [INFO]     |====================================================================================================|
[2022-10-11 11:01:31,497] [plex_meta_manager.py:709]  [INFO]     |                              Finished Night at the Museum Collection                               |
[2022-10-11 11:01:31,497] [plex_meta_manager.py:709]  [INFO]     |                                    Collection Run Time: 0:00:00                                    |
[2022-10-11 11:01:31,498] [plex_meta_manager.py:709]  [INFO]     |====================================================================================================|
