[2022-10-11 11:19:04,482] [builder.py:200]            [INFO]     |====================================================================================================|
[2022-10-11 11:19:04,482] [builder.py:200]            [INFO]     |                               Maze Runner Collection in Z. 1 - Films                               |
[2022-10-11 11:19:04,482] [builder.py:200]            [INFO]     |====================================================================================================|
[2022-10-11 11:19:04,482] [builder.py:201]            [INFO]     |                                                                                                    |
[2022-10-11 11:19:04,482] [builder.py:206]            [INFO]     |================================ Building Definition From Templates ================================|
[2022-10-11 11:19:04,483] [builder.py:222]            [DEBUG]    |                                                                                                    |
[2022-10-11 11:19:04,483] [meta.py:128]               [DEBUG]    | Template my_template                                                                               |
[2022-10-11 11:19:04,483] [meta.py:129]               [DEBUG]    | Call: {'value': ['295130'], 'tmdb_collection': ['295130'], 'key_name': 'Maze Runner', 'key': '295130', 'name': 'my_template'} |
[2022-10-11 11:19:04,483] [meta.py:304]               [DEBUG]    |                                                                                                    |
[2022-10-11 11:19:04,483] [meta.py:305]               [DEBUG]    | Variables: {'value': ['295130'], 'tmdb_collection': ['295130'], 'key_name': 'Maze Runner', 'key': '295130', 'name': 'my_template', 'collection_name': 'Maze Runner', 'mapping_name': 'Maze Runner', 'library_type': 'movie', 'library_name': 'Z. 1 - Films', 'value_encoded': '%5B%27295130%27%5D', 'tmdb_collection_encoded': '%5B%27295130%27%5D', 'key_name_encoded': 'Maze%20Runner', 'key_encoded': '295130', 'name_encoded': 'my_template', 'collection_name_encoded': 'Maze%20Runner', 'mapping_name_encoded': 'Maze%20Runner', 'library_type_encoded': 'movie', 'library_name_encoded': 'Z.%201%20-%20Films', 'collection_sort': 'Maze Runner'} |
[2022-10-11 11:19:04,484] [meta.py:306]               [DEBUG]    |                                                                                                    |
[2022-10-11 11:19:04,484] [meta.py:307]               [DEBUG]    | Defaults: {}                                                                                       |
[2022-10-11 11:19:04,484] [meta.py:308]               [DEBUG]    |                                                                                                    |
[2022-10-11 11:19:04,484] [meta.py:309]               [DEBUG]    | Optional: ['my_collection_poster', 'my_collection_poster_encoded']                                 |
[2022-10-11 11:19:04,485] [meta.py:370]               [DEBUG]    |                                                                                                    |
[2022-10-11 11:19:04,485] [meta.py:371]               [DEBUG]    | Final Template Attributes: {'tmdb_collection_details': ['295130'], 'collection_order': 'release', 'collection_mode': 'hide_items', 'sort_title': '+C1_Maze Runner'} |
[2022-10-11 11:19:04,485] [meta.py:372]               [DEBUG]    |                                                                                                    |
[2022-10-11 11:19:04,485] [builder.py:230]            [INFO]     |================================ Validating Maze Runner Attributes =================================|
[2022-10-11 11:19:04,486] [builder.py:620]            [DEBUG]    |                                                                                                    |
[2022-10-11 11:19:04,486] [builder.py:621]            [DEBUG]    | Validating Method: collection_order                                                                |
[2022-10-11 11:19:04,486] [builder.py:622]            [DEBUG]    | Value: release                                                                                     |
[2022-10-11 11:19:04,486] [builder.py:653]            [DEBUG]    |                                                                                                    |
[2022-10-11 11:19:04,486] [builder.py:657]            [DEBUG]    | Validating Method: label                                                                           |
[2022-10-11 11:19:04,486] [builder.py:658]            [DEBUG]    | Value: TMDb Collections                                                                            |
[2022-10-11 11:19:04,486] [builder.py:653]            [DEBUG]    |                                                                                                    |
[2022-10-11 11:19:04,486] [builder.py:657]            [DEBUG]    | Validating Method: tmdb_collection_details                                                         |
[2022-10-11 11:19:04,487] [builder.py:658]            [DEBUG]    | Value: ['295130']                                                                                  |
[2022-10-11 11:19:04,499] [builder.py:653]            [DEBUG]    |                                                                                                    |
[2022-10-11 11:19:04,499] [builder.py:657]            [DEBUG]    | Validating Method: collection_mode                                                                 |
[2022-10-11 11:19:04,499] [builder.py:658]            [DEBUG]    | Value: hide_items                                                                                  |
[2022-10-11 11:19:04,499] [builder.py:653]            [DEBUG]    |                                                                                                    |
[2022-10-11 11:19:04,500] [builder.py:657]            [DEBUG]    | Validating Method: sort_title                                                                      |
[2022-10-11 11:19:04,500] [builder.py:658]            [DEBUG]    | Value: +C1_Maze Runner                                                                             |
[2022-10-11 11:19:04,708] [builder.py:823]            [INFO]     |                                                                                                    |
[2022-10-11 11:19:04,709] [builder.py:824]            [INFO]     | Validation Successful                                                                              |
[2022-10-11 11:19:04,709] [plex_meta_manager.py:561]  [INFO]     |                                                                                                    |
[2022-10-11 11:19:04,709] [plex_meta_manager.py:563]  [INFO]     |================================== Running Maze Runner Collection ==================================|
[2022-10-11 11:19:04,709] [plex_meta_manager.py:575]  [INFO]     |                                                                                                    |
[2022-10-11 11:19:04,709] [plex_meta_manager.py:576]  [INFO]     | Sync Mode: append                                                                                  |
[2022-10-11 11:19:04,709] [plex_meta_manager.py:579]  [DEBUG]    |                                                                                                    |
[2022-10-11 11:19:04,710] [plex_meta_manager.py:580]  [DEBUG]    | Builder: tmdb_collection: 295130                                                                   |
[2022-10-11 11:19:04,710] [plex_meta_manager.py:581]  [INFO]     |                                                                                                    |
[2022-10-11 11:19:04,715] [tmdb.py:381]               [INFO]     | Processing TMDb Collection: (295130) Le Labyrinthe - Saga (3 Items)                                |
[2022-10-11 11:19:04,715] [builder.py:1581]           [DEBUG]    |                                                                                                    |
[2022-10-11 11:19:04,716] [builder.py:1582]           [DEBUG]    | 3 IDs Found: [(198663, 'tmdb'), (294254, 'tmdb'), (336843, 'tmdb')]                                |
[2022-10-11 11:19:04,716] [builder.py:1583]           [DEBUG]    |                                                                                                    |
[2022-10-11 11:19:04,716] [builder.py:2132]           [INFO]     |                                                                                                    |
[2022-10-11 11:19:04,717] [builder.py:2133]           [INFO]     |================================= Adding to Maze Runner Collection =================================|
[2022-10-11 11:19:04,717] [builder.py:2134]           [INFO]     |                                                                                                    |
[2022-10-11 11:19:04,717] [builder.py:2148]           [INFO]     | 1/3 | Maze Runner Collection | = | Le Labyrinthe (2014)                                            |
[2022-10-11 11:19:04,718] [builder.py:2148]           [INFO]     | 2/3 | Maze Runner Collection | = | Le Labyrinthe : La Terre Brûlée (2015)                          |
[2022-10-11 11:19:04,718] [builder.py:2148]           [INFO]     | 3/3 | Maze Runner Collection | = | Le Labyrinthe : Le Remède mortel (2018)                         |
[2022-10-11 11:19:04,718] [builder.py:2168]           [INFO]     |                                                                                                    |
[2022-10-11 11:19:04,719] [builder.py:2170]           [INFO]     | 3 Movies Processed 0 Movies Added                                                                  |
[2022-10-11 11:19:04,725] [builder.py:2521]           [INFO]     |                                                                                                    |
[2022-10-11 11:19:04,725] [builder.py:2522]           [INFO]     |============================ Updating Details of Maze Runner Collection ============================|
[2022-10-11 11:19:04,725] [builder.py:2523]           [INFO]     |                                                                                                    |
[2022-10-11 11:19:04,735] [builder.py:2589]           [INFO]     | Collection Metadata Edits                                                                          |
[2022-10-11 11:19:04,736] [builder.py:2660]           [WARNING]  | Asset Warning: Unable to find asset folder: 'Maze Runner'                                          |
[2022-10-11 11:19:04,736] [util.py:171]               [DEBUG]    | 1 poster found:                                                                                    |
[2022-10-11 11:19:04,736] [util.py:173]               [DEBUG]    | Method: tmdb_collection_details Poster: https://image.tmdb.org/t/p/original/tvZneNwWz2mN7i9w4Hx3uuF1R9Q.jpg |
[2022-10-11 11:19:04,736] [util.py:171]               [DEBUG]    | 1 background found:                                                                                |
[2022-10-11 11:19:04,737] [util.py:173]               [DEBUG]    | Method: tmdb_collection_details Background: https://image.tmdb.org/t/p/original/te8ibHFhjwWXZTCtQIPRUFjxWX2.jpg |
[2022-10-11 11:19:04,737] [library.py:173]            [INFO]     | Detail: poster update not needed                                                                   |
[2022-10-11 11:19:04,738] [library.py:189]            [INFO]     | Detail: background update not needed                                                               |
[2022-10-11 11:19:04,930] [plex_meta_manager.py:708]  [INFO]     |                                                                                                    |
[2022-10-11 11:19:04,931] [plex_meta_manager.py:709]  [INFO]     |====================================================================================================|
[2022-10-11 11:19:04,931] [plex_meta_manager.py:709]  [INFO]     |                                  Finished Maze Runner Collection                                   |
[2022-10-11 11:19:04,931] [plex_meta_manager.py:709]  [INFO]     |                                    Collection Run Time: 0:00:00                                    |
[2022-10-11 11:19:04,931] [plex_meta_manager.py:709]  [INFO]     |====================================================================================================|
