[2022-10-11 10:03:20,243] [builder.py:197]            [INFO]     |====================================================================================================|
[2022-10-11 10:03:20,244] [builder.py:197]            [INFO]     |                            Romance Collection in Z. 5 - Film Animation                             |
[2022-10-11 10:03:20,244] [builder.py:197]            [INFO]     |====================================================================================================|
[2022-10-11 10:03:20,244] [builder.py:198]            [INFO]     |                                                                                                    |
[2022-10-11 10:03:20,244] [builder.py:203]            [INFO]     |================================ Building Definition From Templates ================================|
[2022-10-11 10:03:20,244] [builder.py:211]            [DEBUG]    |                                                                                                    |
[2022-10-11 10:03:20,244] [meta.py:128]               [DEBUG]    | Template Genre                                                                                     |
[2022-10-11 10:03:20,244] [meta.py:129]               [DEBUG]    | Call: ordereddict([('name', 'Genre')])                                                             |
[2022-10-11 10:03:20,245] [meta.py:304]               [DEBUG]    |                                                                                                    |
[2022-10-11 10:03:20,245] [meta.py:305]               [DEBUG]    | Variables: ordereddict([('name', 'Genre'), ('collection_name', 'Romance'), ('mapping_name', 'Romance'), ('library_type', 'movie'), ('library_name', 'Z. 5 - Film Animation'), ('name_encoded', 'Genre'), ('collection_name_encoded', 'Romance'), ('mapping_name_encoded', 'Romance'), ('library_type_encoded', 'movie'), ('library_name_encoded', 'Z.%205%20-%20Film%20Animation'), ('collection_sort', 'Romance')]) |
[2022-10-11 10:03:20,245] [meta.py:306]               [DEBUG]    |                                                                                                    |
[2022-10-11 10:03:20,245] [meta.py:307]               [DEBUG]    | Defaults: {}                                                                                       |
[2022-10-11 10:03:20,245] [meta.py:308]               [DEBUG]    |                                                                                                    |
[2022-10-11 10:03:20,245] [meta.py:309]               [DEBUG]    | Optional: []                                                                                       |
[2022-10-11 10:03:20,246] [meta.py:370]               [DEBUG]    |                                                                                                    |
[2022-10-11 10:03:20,246] [meta.py:371]               [DEBUG]    | Final Template Attributes: {'sort_title': '+3_Romance', 'sync_mode': 'sync', 'smart_label': 'audience_rating.desc'} |
[2022-10-11 10:03:20,246] [meta.py:372]               [DEBUG]    |                                                                                                    |
[2022-10-11 10:03:20,246] [builder.py:219]            [INFO]     |================================== Validating Romance Attributes ===================================|
[2022-10-11 10:03:20,246] [builder.py:488]            [DEBUG]    |                                                                                                    |
[2022-10-11 10:03:20,247] [builder.py:489]            [DEBUG]    | Validating Method: sync_mode                                                                       |
[2022-10-11 10:03:20,247] [builder.py:493]            [DEBUG]    | Value: sync                                                                                        |
[2022-10-11 10:03:20,247] [builder.py:538]            [DEBUG]    |                                                                                                    |
[2022-10-11 10:03:20,247] [builder.py:539]            [DEBUG]    | Validating Method: smart_label                                                                     |
[2022-10-11 10:03:20,247] [builder.py:544]            [DEBUG]    | Value: audience_rating.desc                                                                        |
[2022-10-11 10:03:20,262] [builder.py:627]            [DEBUG]    |                                                                                                    |
[2022-10-11 10:03:20,263] [builder.py:631]            [DEBUG]    | Validating Method: plex_search                                                                     |
[2022-10-11 10:03:20,263] [builder.py:632]            [DEBUG]    | Value: ordereddict([('genre', 'Romance')])                                                         |
[2022-10-11 10:03:20,318] [builder.py:627]            [DEBUG]    |                                                                                                    |
[2022-10-11 10:03:20,318] [builder.py:631]            [DEBUG]    | Validating Method: url_poster                                                                      |
[2022-10-11 10:03:20,318] [builder.py:632]            [DEBUG]    | Value: https://raw.githubusercontent.com/MonsieurZed/poster/main/img/GENRE_ROMANCE.png             |
[2022-10-11 10:03:20,585] [builder.py:627]            [DEBUG]    |                                                                                                    |
[2022-10-11 10:03:20,585] [builder.py:631]            [DEBUG]    | Validating Method: summary                                                                         |
[2022-10-11 10:03:20,585] [builder.py:632]            [DEBUG]    | Value: Romance film can be defined as a genre wherein the plot revolves around the love between two protagonists. This genre usually has a theme that explores an issue within love, including but not limited to: love at first sight, forbidden love, love triangles, and sacrificial love. The tone of Romance film can vary greatly. Whether the end is happy or tragic, Romance film aims to evoke strong emotions in the audience. |
[2022-10-11 10:03:20,586] [builder.py:627]            [DEBUG]    |                                                                                                    |
[2022-10-11 10:03:20,586] [builder.py:631]            [DEBUG]    | Validating Method: sort_title                                                                      |
[2022-10-11 10:03:20,586] [builder.py:632]            [DEBUG]    | Value: +3_Romance                                                                                  |
[2022-10-11 10:03:20,592] [plex.py:790]               [DEBUG]    |                                                                                                    |
[2022-10-11 10:03:20,592] [plex.py:793]               [DEBUG]    | Looking for: Romance                                                                               |
[2022-10-11 10:03:20,593] [builder.py:797]            [INFO]     |                                                                                                    |
[2022-10-11 10:03:20,593] [builder.py:798]            [INFO]     | Validation Successful                                                                              |
[2022-10-11 10:03:20,593] [plex_meta_manager.py:561]  [INFO]     |                                                                                                    |
[2022-10-11 10:03:20,593] [plex_meta_manager.py:563]  [INFO]     |==================================== Running Romance Collection ====================================|
[2022-10-11 10:03:20,593] [plex_meta_manager.py:569]  [INFO]     |                                                                                                    |
[2022-10-11 10:03:20,594] [plex_meta_manager.py:570]  [INFO]     | Smart Movie Label                                                                                  |
                                                                 | Sort By: audience_rating.desc
                                                                 | Filter:
                                                                 |   Match all of the following:
                                                                 |     Label is Romance
[2022-10-11 10:03:20,594] [plex_meta_manager.py:575]  [INFO]     | 
[2022-10-11 10:03:20,595] [plex_meta_manager.py:576]  [INFO]     | Sync Mode: sync
[2022-10-11 10:03:20,595] [plex_meta_manager.py:579]  [DEBUG]    | 
[2022-10-11 10:03:20,595] [plex_meta_manager.py:580]  [DEBUG]    | Builder: plex_search: (1, 'Plex Movie Search\nSort By: title.asc\nFilter:\n  Match all of the following:\n    Match any of the following:\n      Genre is Romance', '?type=1&sort=titleSort&push=1&genre=28117&pop=1')
[2022-10-11 10:03:20,595] [plex_meta_manager.py:581]  [INFO]     | 
[2022-10-11 10:03:20,595] [plex.py:819]               [INFO]     | Processing Plex Movie Search
                                                                 | Sort By: title.asc
                                                                 | Filter:
                                                                 |   Match all of the following:
                                                                 |     Match any of the following:
                                                                 |       Genre is Romance
[2022-10-11 10:03:20,762] [plex.py:864]               [DEBUG]    | 
[2022-10-11 10:03:20,762] [plex.py:865]               [DEBUG]    | 41 Keys Found: [(21631, 'ratingKey'), (22451, 'ratingKey'), (88838, 'ratingKey'), (21575, 'ratingKey'), (21638, 'ratingKey'), (21731, 'ratingKey'), (19793, 'ratingKey'), (21602, 'ratingKey'), (7421, 'ratingKey'), (88906, 'ratingKey'), (88905, 'ratingKey'), (88880, 'ratingKey'), (88566, 'ratingKey'), (88867, 'ratingKey'), (88567, 'ratingKey'), (92137, 'ratingKey'), (21633, 'ratingKey'), (7413, 'ratingKey'), (88610, 'ratingKey'), (21730, 'ratingKey'), (7422, 'ratingKey'), (88738, 'ratingKey'), (7423, 'ratingKey'), (7431, 'ratingKey'), (21760, 'ratingKey'), (21592, 'ratingKey'), (21722, 'ratingKey'), (88840, 'ratingKey'), (21725, 'ratingKey'), (21772, 'ratingKey'), (22454, 'ratingKey'), (21624, 'ratingKey'), (21691, 'ratingKey'), (22586, 'ratingKey'), (22587, 'ratingKey'), (22591, 'ratingKey'), (7461, 'ratingKey'), (7408, 'ratingKey'), (22395, 'ratingKey'), (88646, 'ratingKey'), (21697, 'ratingKey')]
[2022-10-11 10:03:20,762] [builder.py:1540]           [DEBUG]    | 
[2022-10-11 10:03:20,763] [builder.py:1541]           [DEBUG]    | 41 IDs Found: [(21631, 'ratingKey'), (22451, 'ratingKey'), (88838, 'ratingKey'), (21575, 'ratingKey'), (21638, 'ratingKey'), (21731, 'ratingKey'), (19793, 'ratingKey'), (21602, 'ratingKey'), (7421, 'ratingKey'), (88906, 'ratingKey'), (88905, 'ratingKey'), (88880, 'ratingKey'), (88566, 'ratingKey'), (88867, 'ratingKey'), (88567, 'ratingKey'), (92137, 'ratingKey'), (21633, 'ratingKey'), (7413, 'ratingKey'), (88610, 'ratingKey'), (21730, 'ratingKey'), (7422, 'ratingKey'), (88738, 'ratingKey'), (7423, 'ratingKey'), (7431, 'ratingKey'), (21760, 'ratingKey'), (21592, 'ratingKey'), (21722, 'ratingKey'), (88840, 'ratingKey'), (21725, 'ratingKey'), (21772, 'ratingKey'), (22454, 'ratingKey'), (21624, 'ratingKey'), (21691, 'ratingKey'), (22586, 'ratingKey'), (22587, 'ratingKey'), (22591, 'ratingKey'), (7461, 'ratingKey'), (7408, 'ratingKey'), (22395, 'ratingKey'), (88646, 'ratingKey'), (21697, 'ratingKey')]
[2022-10-11 10:03:20,763] [builder.py:1542]           [DEBUG]    | 
[2022-10-11 10:03:20,766] [builder.py:2064]           [INFO]     | 
[2022-10-11 10:03:20,766] [builder.py:2065]           [INFO]     |=================================== Adding to Romance Collection ===================================|
[2022-10-11 10:03:20,767] [builder.py:2066]           [INFO]     |                                                                                                    |
[2022-10-11 10:03:20,782] [builder.py:2080]           [INFO]     |  1/41 | Romance Collection | + | Aladdin (1992)                                                    |
[2022-10-11 10:03:20,803] [builder.py:2080]           [INFO]     |  2/41 | Romance Collection | + | Bambi 2 (2006)                                                    |
[2022-10-11 10:03:20,820] [builder.py:2080]           [INFO]     |  3/41 | Romance Collection | + | Batman: La Mystérieuse Batwoman (2003)                            |
[2022-10-11 10:03:20,838] [builder.py:2080]           [INFO]     |  4/41 | Romance Collection | + | La Belle au bois dormant (1959)                                   |
[2022-10-11 10:03:20,857] [builder.py:2080]           [INFO]     |  5/41 | Romance Collection | + | La Belle et la Bête (1991)                                        |
[2022-10-11 10:03:20,876] [builder.py:2080]           [INFO]     |  6/41 | Romance Collection | + | La Belle et le Clochard (1955)                                    |
[2022-10-11 10:03:20,892] [builder.py:2080]           [INFO]     |  7/41 | Romance Collection | + | Blanche Neige, les souliers rouges et les sept nains (2019)       |
[2022-10-11 10:03:20,909] [builder.py:2080]           [INFO]     |  8/41 | Romance Collection | + | Cendrillon (2015)                                                 |
[2022-10-11 10:03:20,929] [builder.py:2080]           [INFO]     |  9/41 | Romance Collection | + | La Colline aux Coquelicots (2011)                                 |
[2022-10-11 10:03:21,079] [builder.py:2080]           [INFO]     | 10/41 | Romance Collection | + | Détective Conan - Croisement dans l'ancienne capitale (2003)      |
[2022-10-11 10:03:21,107] [builder.py:2080]           [INFO]     | 11/41 | Romance Collection | + | Détective Conan - Décompte aux Cieux (2001)                       |
[2022-10-11 10:03:21,127] [builder.py:2080]           [INFO]     | 12/41 | Romance Collection | + | Détective Conan - L'assassin Dans Son Regard (2000)               |
[2022-10-11 10:03:21,145] [builder.py:2080]           [INFO]     | 13/41 | Romance Collection | + | Détective Conan - La 14éme Cible (1998)                           |
[2022-10-11 10:03:21,161] [builder.py:2080]           [INFO]     | 14/41 | Romance Collection | + | Détective Conan - Le fantôme de Baker Street (2002)               |
[2022-10-11 10:03:21,180] [builder.py:2080]           [INFO]     | 15/41 | Romance Collection | + | Détective Conan - Le magicien de la fin du siècle (1999)          |
[2022-10-11 10:03:21,197] [builder.py:2080]           [INFO]     | 16/41 | Romance Collection | + | Entergalactic (2022)                                              |
[2022-10-11 10:03:21,215] [builder.py:2080]           [INFO]     | 17/41 | Romance Collection | + | Hercule (1997)                                                    |
[2022-10-11 10:03:21,234] [builder.py:2080]           [INFO]     | 18/41 | Romance Collection | + | Je peux entendre l'océan (1993)                                   |
[2022-10-11 10:03:21,251] [builder.py:2080]           [INFO]     | 19/41 | Romance Collection | + | Je veux manger ton pancréas (2018)                                |
[2022-10-11 10:03:21,268] [builder.py:2080]           [INFO]     | 20/41 | Romance Collection | + | Le bossu de Notre Dame (1996)                                     |
[2022-10-11 10:03:21,285] [builder.py:2080]           [INFO]     | 21/41 | Romance Collection | + | Le Château dans le ciel (1986)                                    |
[2022-10-11 10:03:21,303] [builder.py:2080]           [INFO]     | 22/41 | Romance Collection | + | Le Dragon-Génie (2021)                                            |
[2022-10-11 10:03:21,321] [builder.py:2080]           [INFO]     | 23/41 | Romance Collection | + | Le Royaume des chats (2002)                                       |
[2022-10-11 10:03:21,338] [builder.py:2080]           [INFO]     | 24/41 | Romance Collection | + | Le vent se lève (2013)                                            |
[2022-10-11 10:03:21,357] [builder.py:2080]           [INFO]     | 25/41 | Romance Collection | + | Mulan (1998)                                                      |
[2022-10-11 10:03:21,374] [builder.py:2080]           [INFO]     | 26/41 | Romance Collection | + | La Petite Sirène (1989)                                           |
[2022-10-11 10:03:21,393] [builder.py:2080]           [INFO]     | 27/41 | Romance Collection | + | Pocahontas : Une légende indienne (1995)                          |
[2022-10-11 10:03:21,411] [builder.py:2080]           [INFO]     | 28/41 | Romance Collection | + | Pretty Guardian Sailor Moon Eternal : Le film - Partie 1 (2021)   |
[2022-10-11 10:03:21,428] [builder.py:2080]           [INFO]     | 29/41 | Romance Collection | + | La Princesse et la grenouille (2009)                              |
[2022-10-11 10:03:21,445] [builder.py:2080]           [INFO]     | 30/41 | Romance Collection | + | Raiponce (2010)                                                   |
[2022-10-11 10:03:21,601] [builder.py:2080]           [INFO]     | 31/41 | Romance Collection | + | La Reine des neiges II (2019)                                     |
[2022-10-11 10:03:21,622] [builder.py:2080]           [INFO]     | 32/41 | Romance Collection | + | Robin des Bois (1973)                                             |
[2022-10-11 10:03:21,639] [builder.py:2080]           [INFO]     | 33/41 | Romance Collection | + | Shrek (2001)                                                      |
[2022-10-11 10:03:21,657] [builder.py:2080]           [INFO]     | 34/41 | Romance Collection | + | Shrek 2 (2004)                                                    |
[2022-10-11 10:03:21,674] [builder.py:2080]           [INFO]     | 35/41 | Romance Collection | + | Shrek le troisième (2007)                                         |
[2022-10-11 10:03:21,692] [builder.py:2080]           [INFO]     | 36/41 | Romance Collection | + | Shrek 4, il était une fin (2010)                                  |
[2022-10-11 10:03:21,710] [builder.py:2080]           [INFO]     | 37/41 | Romance Collection | + | Si tu tends l'oreille (1995)                                      |
[2022-10-11 10:03:21,726] [builder.py:2080]           [INFO]     | 38/41 | Romance Collection | + | Souvenirs goutte à goutte (1991)                                  |
[2022-10-11 10:03:21,741] [builder.py:2080]           [INFO]     | 39/41 | Romance Collection | + | Strange Magic (2015)                                              |
[2022-10-11 10:03:21,759] [builder.py:2080]           [INFO]     | 40/41 | Romance Collection | + | La Traversée du temps (2006)                                      |
[2022-10-11 10:03:21,775] [builder.py:2080]           [INFO]     | 41/41 | Romance Collection | + | Your Name. (2016)                                                 |
[2022-10-11 10:03:22,573] [builder.py:2100]           [INFO]     |                                                                                                    |
[2022-10-11 10:03:22,573] [builder.py:2102]           [INFO]     | 41 Movies Processed 41 Movies Added                                                                |
[2022-10-11 10:03:22,591] [plex.py:711]               [DEBUG]    | Smart Collection Test: ?type=1&sort=audienceRating%3Adesc&label=213046                             |
[2022-10-11 10:03:22,772] [builder.py:2441]           [INFO]     |                                                                                                    |
[2022-10-11 10:03:22,772] [builder.py:2442]           [INFO]     |============================== Updating Details of Romance Collection ==============================|
[2022-10-11 10:03:22,773] [builder.py:2443]           [INFO]     |                                                                                                    |
[2022-10-11 10:03:23,043] [builder.py:2509]           [INFO]     | Collection Metadata Edits                                                                          |
                                                                 | Summary (summary) | Romance film can be defined as a genre wherein the plot revolves around the love between two protagonists. This genre usually has a theme that explores an issue within love, including but not limited to: love at first sight, forbidden love, love triangles, and sacrificial love. The tone of Romance film can vary greatly. Whether the end is happy or tragic, Romance film aims to evoke strong emotions in the audience.
                                                                 | Sort Title | +3_Romance
                                                                 | Label | +PMM
[2022-10-11 10:03:23,328] [builder.py:2513]           [INFO]     | Details: have been updated
[2022-10-11 10:03:23,329] [builder.py:2517]           [INFO]     | 
[2022-10-11 10:03:23,329] [builder.py:2580]           [WARNING]  | Asset Warning: Unable to find asset folder: 'Romance'
[2022-10-11 10:03:23,329] [util.py:150]               [DEBUG]    | 1 poster found:
[2022-10-11 10:03:23,329] [util.py:152]               [DEBUG]    | Method: url_poster Poster: https://raw.githubusercontent.com/MonsieurZed/poster/main/img/GENRE_ROMANCE.png
[2022-10-11 10:03:23,370] [library.py:170]            [INFO]     | Detail: url_poster updated poster to [URL] https://raw.githubusercontent.com/MonsieurZed/poster/main/img/GENRE_ROMANCE.png
[2022-10-11 10:03:23,546] [plex_meta_manager.py:708]  [INFO]     | 
[2022-10-11 10:03:23,546] [plex_meta_manager.py:709]  [INFO]     |====================================================================================================|
[2022-10-11 10:03:23,546] [plex_meta_manager.py:709]  [INFO]     |                                    Finished Romance Collection                                     |
[2022-10-11 10:03:23,546] [plex_meta_manager.py:709]  [INFO]     |                                    Collection Run Time: 0:00:03                                    |
[2022-10-11 10:03:23,547] [plex_meta_manager.py:709]  [INFO]     |====================================================================================================|
