[2022-10-11 09:27:36,532] [builder.py:197]            [INFO]     |====================================================================================================|
[2022-10-11 09:27:36,532] [builder.py:197]            [INFO]     |                                  Venom Collection in Z. 1 - Films                                  |
[2022-10-11 09:27:36,532] [builder.py:197]            [INFO]     |====================================================================================================|
[2022-10-11 09:27:36,532] [builder.py:198]            [INFO]     |                                                                                                    |
[2022-10-11 09:27:36,533] [builder.py:203]            [INFO]     |================================ Building Definition From Templates ================================|
[2022-10-11 09:27:36,533] [builder.py:211]            [DEBUG]    |                                                                                                    |
[2022-10-11 09:27:36,533] [meta.py:128]               [DEBUG]    | Template my_template                                                                               |
[2022-10-11 09:27:36,533] [meta.py:129]               [DEBUG]    | Call: {'value': ['558216'], 'tmdb_collection': ['558216'], 'key_name': 'Venom', 'key': '558216', 'name': 'my_template'} |
[2022-10-11 09:27:36,533] [meta.py:304]               [DEBUG]    |                                                                                                    |
[2022-10-11 09:27:36,533] [meta.py:305]               [DEBUG]    | Variables: {'value': ['558216'], 'tmdb_collection': ['558216'], 'key_name': 'Venom', 'key': '558216', 'name': 'my_template', 'collection_name': 'Venom', 'mapping_name': 'Venom', 'library_type': 'movie', 'library_name': 'Z. 1 - Films', 'value_encoded': '%5B%27558216%27%5D', 'tmdb_collection_encoded': '%5B%27558216%27%5D', 'key_name_encoded': 'Venom', 'key_encoded': '558216', 'name_encoded': 'my_template', 'collection_name_encoded': 'Venom', 'mapping_name_encoded': 'Venom', 'library_type_encoded': 'movie', 'library_name_encoded': 'Z.%201%20-%20Films', 'collection_sort': 'Venom'} |
[2022-10-11 09:27:36,533] [meta.py:306]               [DEBUG]    |                                                                                                    |
[2022-10-11 09:27:36,534] [meta.py:307]               [DEBUG]    | Defaults: {}                                                                                       |
[2022-10-11 09:27:36,534] [meta.py:308]               [DEBUG]    |                                                                                                    |
[2022-10-11 09:27:36,534] [meta.py:309]               [DEBUG]    | Optional: ['my_collection_poster', 'my_collection_poster_encoded']                                 |
[2022-10-11 09:27:36,535] [meta.py:370]               [DEBUG]    |                                                                                                    |
[2022-10-11 09:27:36,535] [meta.py:371]               [DEBUG]    | Final Template Attributes: {'tmdb_collection_details': ['558216'], 'collection_order': 'release', 'collection_mode': 'hide_items'} |
[2022-10-11 09:27:36,535] [meta.py:372]               [DEBUG]    |                                                                                                    |
[2022-10-11 09:27:36,535] [builder.py:219]            [INFO]     |=================================== Validating Venom Attributes ====================================|
[2022-10-11 09:27:36,535] [builder.py:609]            [DEBUG]    |                                                                                                    |
[2022-10-11 09:27:36,535] [builder.py:610]            [DEBUG]    | Validating Method: collection_order                                                                |
[2022-10-11 09:27:36,535] [builder.py:611]            [DEBUG]    | Value: release                                                                                     |
[2022-10-11 09:27:36,535] [builder.py:627]            [DEBUG]    |                                                                                                    |
[2022-10-11 09:27:36,536] [builder.py:631]            [DEBUG]    | Validating Method: label                                                                           |
[2022-10-11 09:27:36,536] [builder.py:632]            [DEBUG]    | Value: TMDb Collections                                                                            |
[2022-10-11 09:27:36,536] [builder.py:627]            [DEBUG]    |                                                                                                    |
[2022-10-11 09:27:36,536] [builder.py:631]            [DEBUG]    | Validating Method: tmdb_collection_details                                                         |
[2022-10-11 09:27:36,536] [builder.py:632]            [DEBUG]    | Value: ['558216']                                                                                  |
[2022-10-11 09:27:36,548] [builder.py:627]            [DEBUG]    |                                                                                                    |
[2022-10-11 09:27:36,549] [builder.py:631]            [DEBUG]    | Validating Method: collection_mode                                                                 |
[2022-10-11 09:27:36,549] [builder.py:632]            [DEBUG]    | Value: hide_items                                                                                  |
[2022-10-11 09:27:36,554] [plex.py:790]               [DEBUG]    |                                                                                                    |
[2022-10-11 09:27:36,555] [plex.py:793]               [DEBUG]    | Looking for: Venom                                                                                 |
[2022-10-11 09:27:36,555] [builder.py:797]            [INFO]     |                                                                                                    |
[2022-10-11 09:27:36,555] [builder.py:798]            [INFO]     | Validation Successful                                                                              |
[2022-10-11 09:27:36,555] [plex_meta_manager.py:561]  [INFO]     |                                                                                                    |
[2022-10-11 09:27:36,555] [plex_meta_manager.py:563]  [INFO]     |===================================== Running Venom Collection =====================================|
[2022-10-11 09:27:36,556] [plex_meta_manager.py:575]  [INFO]     |                                                                                                    |
[2022-10-11 09:27:36,556] [plex_meta_manager.py:576]  [INFO]     | Sync Mode: append                                                                                  |
[2022-10-11 09:27:36,556] [plex_meta_manager.py:579]  [DEBUG]    |                                                                                                    |
[2022-10-11 09:27:36,556] [plex_meta_manager.py:580]  [DEBUG]    | Builder: tmdb_collection: 558216                                                                   |
[2022-10-11 09:27:36,556] [plex_meta_manager.py:581]  [INFO]     |                                                                                                    |
[2022-10-11 09:27:36,561] [tmdb.py:382]               [INFO]     | Processing TMDb Collection: (558216) Venom - Saga (3 Items)                                        |
[2022-10-11 09:27:36,561] [builder.py:1540]           [DEBUG]    |                                                                                                    |
[2022-10-11 09:27:36,561] [builder.py:1541]           [DEBUG]    | 3 IDs Found: [(580489, 'tmdb'), (335983, 'tmdb'), (912649, 'tmdb')]                                |
[2022-10-11 09:27:36,561] [builder.py:1542]           [DEBUG]    |                                                                                                    |
[2022-10-11 09:27:36,562] [builder.py:2064]           [INFO]     |                                                                                                    |
[2022-10-11 09:27:36,562] [builder.py:2065]           [INFO]     |==================================== Adding to Venom Collection ====================================|
[2022-10-11 09:27:36,562] [builder.py:2066]           [INFO]     |                                                                                                    |
[2022-10-11 09:27:36,562] [builder.py:2080]           [INFO]     | 1/2 | Venom Collection | + | Venom: Let There Be Carnage (2021)                                    |
[2022-10-11 09:27:36,847] [builder.py:2080]           [INFO]     | 2/2 | Venom Collection | + | Venom (2018)                                                          |
[2022-10-11 09:27:39,654] [builder.py:2100]           [INFO]     |                                                                                                    |
[2022-10-11 09:27:39,654] [builder.py:2102]           [INFO]     | 2 Movies Processed 2 Movies Added                                                                  |
[2022-10-11 09:27:39,655] [builder.py:2228]           [INFO]     |                                                                                                    |
[2022-10-11 09:27:39,655] [builder.py:2229]           [INFO]     |============================ Missing Movies from Library: Z. 1 - Films =============================|
[2022-10-11 09:27:39,655] [builder.py:2230]           [INFO]     |                                                                                                    |
[2022-10-11 09:27:39,692] [builder.py:2243]           [INFO]     | Venom Collection | ? | Venom 3 (TMDb: 912649)                                                      |
[2022-10-11 09:27:39,693] [builder.py:2248]           [INFO]     |                                                                                                    |
[2022-10-11 09:27:39,693] [builder.py:2249]           [INFO]     | 1 Movie Missing                                                                                    |
[2022-10-11 09:27:42,178] [builder.py:2441]           [INFO]     |                                                                                                    |
[2022-10-11 09:27:42,179] [builder.py:2442]           [INFO]     |=============================== Updating Details of Venom Collection ===============================|
[2022-10-11 09:27:42,179] [builder.py:2443]           [INFO]     |                                                                                                    |
[2022-10-11 09:27:42,341] [builder.py:2509]           [INFO]     | Collection Metadata Edits                                                                          |
                                                                 | Summary (tmdb_collection_details) | Un journaliste frustré nommé Eddie Brock et un symbiote noir carnivore s'unissent pour devenir le monstrueux antihéros Venom et combattre le bien et le mal. Basé sur le personnage de Marvel Comics.
                                                                 | Label | +TMDb Collections, +PMM
[2022-10-11 09:27:42,561] [builder.py:2513]           [INFO]     | Details: have been updated
[2022-10-11 09:27:42,562] [builder.py:2517]           [INFO]     | 
[2022-10-11 09:27:42,738] [builder.py:2529]           [INFO]     | Collection Mode | hideItems
[2022-10-11 09:27:42,739] [builder.py:2580]           [WARNING]  | Asset Warning: Unable to find asset folder: 'Venom'
[2022-10-11 09:27:42,739] [util.py:150]               [DEBUG]    | 1 poster found:
[2022-10-11 09:27:42,740] [util.py:152]               [DEBUG]    | Method: tmdb_collection_details Poster: https://image.tmdb.org/t/p/original/unpRHoS5df7VEukeukCAgHU1sV2.jpg
[2022-10-11 09:27:42,740] [util.py:150]               [DEBUG]    | 1 background found:
[2022-10-11 09:27:42,740] [util.py:152]               [DEBUG]    | Method: tmdb_collection_details Background: https://image.tmdb.org/t/p/original/rhLspFB1B8ZCkWEHFYmc3NKagzq.jpg
[2022-10-11 09:27:42,778] [library.py:170]            [INFO]     | Detail: tmdb_collection_details updated poster to [URL] https://image.tmdb.org/t/p/original/unpRHoS5df7VEukeukCAgHU1sV2.jpg
[2022-10-11 09:27:42,813] [library.py:186]            [INFO]     | Detail: tmdb_collection_details updated background to [URL] https://image.tmdb.org/t/p/original/rhLspFB1B8ZCkWEHFYmc3NKagzq.jpg
[2022-10-11 09:27:43,032] [plex_meta_manager.py:708]  [INFO]     | 
[2022-10-11 09:27:43,032] [plex_meta_manager.py:709]  [INFO]     |====================================================================================================|
[2022-10-11 09:27:43,032] [plex_meta_manager.py:709]  [INFO]     |                                     Finished Venom Collection                                      |
[2022-10-11 09:27:43,033] [plex_meta_manager.py:709]  [INFO]     |                                    Collection Run Time: 0:00:06                                    |
[2022-10-11 09:27:43,033] [plex_meta_manager.py:709]  [INFO]     |====================================================================================================|
