[2022-10-11 11:18:45,780] [builder.py:200]            [INFO]     |====================================================================================================|
[2022-10-11 11:18:45,780] [builder.py:200]            [INFO]     |                            French Connection Collection in Z. 1 - Films                            |
[2022-10-11 11:18:45,780] [builder.py:200]            [INFO]     |====================================================================================================|
[2022-10-11 11:18:45,781] [builder.py:201]            [INFO]     |                                                                                                    |
[2022-10-11 11:18:45,781] [builder.py:206]            [INFO]     |================================ Building Definition From Templates ================================|
[2022-10-11 11:18:45,781] [builder.py:222]            [DEBUG]    |                                                                                                    |
[2022-10-11 11:18:45,781] [meta.py:128]               [DEBUG]    | Template my_template                                                                               |
[2022-10-11 11:18:45,781] [meta.py:129]               [DEBUG]    | Call: {'value': ['155474'], 'tmdb_collection': ['155474'], 'key_name': 'French Connection', 'key': '155474', 'name': 'my_template'} |
[2022-10-11 11:18:45,781] [meta.py:304]               [DEBUG]    |                                                                                                    |
[2022-10-11 11:18:45,782] [meta.py:305]               [DEBUG]    | Variables: {'value': ['155474'], 'tmdb_collection': ['155474'], 'key_name': 'French Connection', 'key': '155474', 'name': 'my_template', 'collection_name': 'French Connection', 'mapping_name': 'French Connection', 'library_type': 'movie', 'library_name': 'Z. 1 - Films', 'value_encoded': '%5B%27155474%27%5D', 'tmdb_collection_encoded': '%5B%27155474%27%5D', 'key_name_encoded': 'French%20Connection', 'key_encoded': '155474', 'name_encoded': 'my_template', 'collection_name_encoded': 'French%20Connection', 'mapping_name_encoded': 'French%20Connection', 'library_type_encoded': 'movie', 'library_name_encoded': 'Z.%201%20-%20Films', 'collection_sort': 'French Connection'} |
[2022-10-11 11:18:45,782] [meta.py:306]               [DEBUG]    |                                                                                                    |
[2022-10-11 11:18:45,782] [meta.py:307]               [DEBUG]    | Defaults: {}                                                                                       |
[2022-10-11 11:18:45,782] [meta.py:308]               [DEBUG]    |                                                                                                    |
[2022-10-11 11:18:45,782] [meta.py:309]               [DEBUG]    | Optional: ['my_collection_poster', 'my_collection_poster_encoded']                                 |
[2022-10-11 11:18:45,783] [meta.py:370]               [DEBUG]    |                                                                                                    |
[2022-10-11 11:18:45,783] [meta.py:371]               [DEBUG]    | Final Template Attributes: {'tmdb_collection_details': ['155474'], 'collection_order': 'release', 'collection_mode': 'hide_items', 'sort_title': '+C1_French Connection'} |
[2022-10-11 11:18:45,783] [meta.py:372]               [DEBUG]    |                                                                                                    |
[2022-10-11 11:18:45,783] [builder.py:230]            [INFO]     |============================= Validating French Connection Attributes ==============================|
[2022-10-11 11:18:45,784] [builder.py:620]            [DEBUG]    |                                                                                                    |
[2022-10-11 11:18:45,784] [builder.py:621]            [DEBUG]    | Validating Method: collection_order                                                                |
[2022-10-11 11:18:45,784] [builder.py:622]            [DEBUG]    | Value: release                                                                                     |
[2022-10-11 11:18:45,784] [builder.py:653]            [DEBUG]    |                                                                                                    |
[2022-10-11 11:18:45,784] [builder.py:657]            [DEBUG]    | Validating Method: label                                                                           |
[2022-10-11 11:18:45,784] [builder.py:658]            [DEBUG]    | Value: TMDb Collections                                                                            |
[2022-10-11 11:18:45,784] [builder.py:653]            [DEBUG]    |                                                                                                    |
[2022-10-11 11:18:45,785] [builder.py:657]            [DEBUG]    | Validating Method: tmdb_collection_details                                                         |
[2022-10-11 11:18:45,785] [builder.py:658]            [DEBUG]    | Value: ['155474']                                                                                  |
[2022-10-11 11:18:45,797] [builder.py:653]            [DEBUG]    |                                                                                                    |
[2022-10-11 11:18:45,798] [builder.py:657]            [DEBUG]    | Validating Method: collection_mode                                                                 |
[2022-10-11 11:18:45,798] [builder.py:658]            [DEBUG]    | Value: hide_items                                                                                  |
[2022-10-11 11:18:45,798] [builder.py:653]            [DEBUG]    |                                                                                                    |
[2022-10-11 11:18:45,798] [builder.py:657]            [DEBUG]    | Validating Method: sort_title                                                                      |
[2022-10-11 11:18:45,799] [builder.py:658]            [DEBUG]    | Value: +C1_French Connection                                                                       |
[2022-10-11 11:18:45,992] [builder.py:823]            [INFO]     |                                                                                                    |
[2022-10-11 11:18:45,992] [builder.py:824]            [INFO]     | Validation Successful                                                                              |
[2022-10-11 11:18:45,993] [plex_meta_manager.py:561]  [INFO]     |                                                                                                    |
[2022-10-11 11:18:45,993] [plex_meta_manager.py:563]  [INFO]     |=============================== Running French Connection Collection ===============================|
[2022-10-11 11:18:45,993] [plex_meta_manager.py:575]  [INFO]     |                                                                                                    |
[2022-10-11 11:18:45,993] [plex_meta_manager.py:576]  [INFO]     | Sync Mode: append                                                                                  |
[2022-10-11 11:18:45,993] [plex_meta_manager.py:579]  [DEBUG]    |                                                                                                    |
[2022-10-11 11:18:45,993] [plex_meta_manager.py:580]  [DEBUG]    | Builder: tmdb_collection: 155474                                                                   |
[2022-10-11 11:18:45,994] [plex_meta_manager.py:581]  [INFO]     |                                                                                                    |
[2022-10-11 11:18:45,998] [tmdb.py:381]               [INFO]     | Processing TMDb Collection: (155474) French Connection - Saga (2 Items)                            |
[2022-10-11 11:18:45,998] [builder.py:1581]           [DEBUG]    |                                                                                                    |
[2022-10-11 11:18:45,998] [builder.py:1582]           [DEBUG]    | 2 IDs Found: [(1051, 'tmdb'), (10711, 'tmdb')]                                                     |
[2022-10-11 11:18:45,998] [builder.py:1583]           [DEBUG]    |                                                                                                    |
[2022-10-11 11:18:45,999] [builder.py:2132]           [INFO]     |                                                                                                    |
[2022-10-11 11:18:45,999] [builder.py:2133]           [INFO]     |============================== Adding to French Connection Collection ==============================|
[2022-10-11 11:18:45,999] [builder.py:2134]           [INFO]     |                                                                                                    |
[2022-10-11 11:18:45,999] [builder.py:2148]           [INFO]     | 1/2 | French Connection Collection | = | French Connection (1971)                                  |
[2022-10-11 11:18:45,999] [builder.py:2148]           [INFO]     | 2/2 | French Connection Collection | = | French Connection II (1975)                               |
[2022-10-11 11:18:45,999] [builder.py:2168]           [INFO]     |                                                                                                    |
[2022-10-11 11:18:46,000] [builder.py:2170]           [INFO]     | 2 Movies Processed 0 Movies Added                                                                  |
[2022-10-11 11:18:46,007] [builder.py:2521]           [INFO]     |                                                                                                    |
[2022-10-11 11:18:46,007] [builder.py:2522]           [INFO]     |========================= Updating Details of French Connection Collection =========================|
[2022-10-11 11:18:46,007] [builder.py:2523]           [INFO]     |                                                                                                    |
[2022-10-11 11:18:46,016] [builder.py:2589]           [INFO]     | Collection Metadata Edits                                                                          |
[2022-10-11 11:18:46,016] [builder.py:2660]           [WARNING]  | Asset Warning: Unable to find asset folder: 'French Connection'                                    |
[2022-10-11 11:18:46,017] [util.py:171]               [DEBUG]    | 1 poster found:                                                                                    |
[2022-10-11 11:18:46,017] [util.py:173]               [DEBUG]    | Method: tmdb_collection_details Poster: https://image.tmdb.org/t/p/original/7cpPNv3Pc321LuavdYPJecrkBDT.jpg |
[2022-10-11 11:18:46,017] [util.py:171]               [DEBUG]    | 1 background found:                                                                                |
[2022-10-11 11:18:46,017] [util.py:173]               [DEBUG]    | Method: tmdb_collection_details Background: https://image.tmdb.org/t/p/original/6Ppe0MdCMwlbl63x8G29ko4qtj9.jpg |
[2022-10-11 11:18:46,018] [library.py:173]            [INFO]     | Detail: poster update not needed                                                                   |
[2022-10-11 11:18:46,018] [library.py:189]            [INFO]     | Detail: background update not needed                                                               |
[2022-10-11 11:18:46,201] [plex_meta_manager.py:708]  [INFO]     |                                                                                                    |
[2022-10-11 11:18:46,201] [plex_meta_manager.py:709]  [INFO]     |====================================================================================================|
[2022-10-11 11:18:46,202] [plex_meta_manager.py:709]  [INFO]     |                               Finished French Connection Collection                                |
[2022-10-11 11:18:46,202] [plex_meta_manager.py:709]  [INFO]     |                                    Collection Run Time: 0:00:00                                    |
[2022-10-11 11:18:46,202] [plex_meta_manager.py:709]  [INFO]     |====================================================================================================|
