[2022-10-11 11:18:37,041] [builder.py:200]            [INFO]     |====================================================================================================|
[2022-10-11 11:18:37,041] [builder.py:200]            [INFO]     |                                  Creed Collection in Z. 1 - Films                                  |
[2022-10-11 11:18:37,042] [builder.py:200]            [INFO]     |====================================================================================================|
[2022-10-11 11:18:37,042] [builder.py:201]            [INFO]     |                                                                                                    |
[2022-10-11 11:18:37,042] [builder.py:206]            [INFO]     |================================ Building Definition From Templates ================================|
[2022-10-11 11:18:37,042] [builder.py:222]            [DEBUG]    |                                                                                                    |
[2022-10-11 11:18:37,042] [meta.py:128]               [DEBUG]    | Template my_template                                                                               |
[2022-10-11 11:18:37,042] [meta.py:129]               [DEBUG]    | Call: {'value': ['553717'], 'tmdb_collection': ['553717'], 'key_name': 'Creed', 'key': '553717', 'name': 'my_template'} |
[2022-10-11 11:18:37,043] [meta.py:304]               [DEBUG]    |                                                                                                    |
[2022-10-11 11:18:37,043] [meta.py:305]               [DEBUG]    | Variables: {'value': ['553717'], 'tmdb_collection': ['553717'], 'key_name': 'Creed', 'key': '553717', 'name': 'my_template', 'collection_name': 'Creed', 'mapping_name': 'Creed', 'library_type': 'movie', 'library_name': 'Z. 1 - Films', 'value_encoded': '%5B%27553717%27%5D', 'tmdb_collection_encoded': '%5B%27553717%27%5D', 'key_name_encoded': 'Creed', 'key_encoded': '553717', 'name_encoded': 'my_template', 'collection_name_encoded': 'Creed', 'mapping_name_encoded': 'Creed', 'library_type_encoded': 'movie', 'library_name_encoded': 'Z.%201%20-%20Films', 'collection_sort': 'Creed'} |
[2022-10-11 11:18:37,043] [meta.py:306]               [DEBUG]    |                                                                                                    |
[2022-10-11 11:18:37,043] [meta.py:307]               [DEBUG]    | Defaults: {}                                                                                       |
[2022-10-11 11:18:37,043] [meta.py:308]               [DEBUG]    |                                                                                                    |
[2022-10-11 11:18:37,043] [meta.py:309]               [DEBUG]    | Optional: ['my_collection_poster', 'my_collection_poster_encoded']                                 |
[2022-10-11 11:18:37,044] [meta.py:370]               [DEBUG]    |                                                                                                    |
[2022-10-11 11:18:37,044] [meta.py:371]               [DEBUG]    | Final Template Attributes: {'tmdb_collection_details': ['553717'], 'collection_order': 'release', 'collection_mode': 'hide_items', 'sort_title': '+C1_Creed'} |
[2022-10-11 11:18:37,044] [meta.py:372]               [DEBUG]    |                                                                                                    |
[2022-10-11 11:18:37,045] [builder.py:230]            [INFO]     |=================================== Validating Creed Attributes ====================================|
[2022-10-11 11:18:37,045] [builder.py:620]            [DEBUG]    |                                                                                                    |
[2022-10-11 11:18:37,045] [builder.py:621]            [DEBUG]    | Validating Method: collection_order                                                                |
[2022-10-11 11:18:37,045] [builder.py:622]            [DEBUG]    | Value: release                                                                                     |
[2022-10-11 11:18:37,045] [builder.py:653]            [DEBUG]    |                                                                                                    |
[2022-10-11 11:18:37,045] [builder.py:657]            [DEBUG]    | Validating Method: label                                                                           |
[2022-10-11 11:18:37,045] [builder.py:658]            [DEBUG]    | Value: TMDb Collections                                                                            |
[2022-10-11 11:18:37,046] [builder.py:653]            [DEBUG]    |                                                                                                    |
[2022-10-11 11:18:37,046] [builder.py:657]            [DEBUG]    | Validating Method: tmdb_collection_details                                                         |
[2022-10-11 11:18:37,046] [builder.py:658]            [DEBUG]    | Value: ['553717']                                                                                  |
[2022-10-11 11:18:37,060] [builder.py:653]            [DEBUG]    |                                                                                                    |
[2022-10-11 11:18:37,060] [builder.py:657]            [DEBUG]    | Validating Method: collection_mode                                                                 |
[2022-10-11 11:18:37,060] [builder.py:658]            [DEBUG]    | Value: hide_items                                                                                  |
[2022-10-11 11:18:37,060] [builder.py:653]            [DEBUG]    |                                                                                                    |
[2022-10-11 11:18:37,060] [builder.py:657]            [DEBUG]    | Validating Method: sort_title                                                                      |
[2022-10-11 11:18:37,061] [builder.py:658]            [DEBUG]    | Value: +C1_Creed                                                                                   |
[2022-10-11 11:18:37,265] [builder.py:823]            [INFO]     |                                                                                                    |
[2022-10-11 11:18:37,266] [builder.py:824]            [INFO]     | Validation Successful                                                                              |
[2022-10-11 11:18:37,266] [plex_meta_manager.py:561]  [INFO]     |                                                                                                    |
[2022-10-11 11:18:37,266] [plex_meta_manager.py:563]  [INFO]     |===================================== Running Creed Collection =====================================|
[2022-10-11 11:18:37,266] [plex_meta_manager.py:575]  [INFO]     |                                                                                                    |
[2022-10-11 11:18:37,267] [plex_meta_manager.py:576]  [INFO]     | Sync Mode: append                                                                                  |
[2022-10-11 11:18:37,267] [plex_meta_manager.py:579]  [DEBUG]    |                                                                                                    |
[2022-10-11 11:18:37,267] [plex_meta_manager.py:580]  [DEBUG]    | Builder: tmdb_collection: 553717                                                                   |
[2022-10-11 11:18:37,267] [plex_meta_manager.py:581]  [INFO]     |                                                                                                    |
[2022-10-11 11:18:37,272] [tmdb.py:381]               [INFO]     | Processing TMDb Collection: (553717) Creed - Saga (3 Items)                                        |
[2022-10-11 11:18:37,272] [builder.py:1581]           [DEBUG]    |                                                                                                    |
[2022-10-11 11:18:37,272] [builder.py:1582]           [DEBUG]    | 3 IDs Found: [(312221, 'tmdb'), (480530, 'tmdb'), (677179, 'tmdb')]                                |
[2022-10-11 11:18:37,272] [builder.py:1583]           [DEBUG]    |                                                                                                    |
[2022-10-11 11:18:37,272] [builder.py:2132]           [INFO]     |                                                                                                    |
[2022-10-11 11:18:37,273] [builder.py:2133]           [INFO]     |==================================== Adding to Creed Collection ====================================|
[2022-10-11 11:18:37,273] [builder.py:2134]           [INFO]     |                                                                                                    |
[2022-10-11 11:18:37,273] [builder.py:2148]           [INFO]     | 1/2 | Creed Collection | = | Creed : L'héritage de Rocky Balboa (2015)                             |
[2022-10-11 11:18:37,273] [builder.py:2148]           [INFO]     | 2/2 | Creed Collection | = | Creed II (2018)                                                       |
[2022-10-11 11:18:37,273] [builder.py:2168]           [INFO]     |                                                                                                    |
[2022-10-11 11:18:37,273] [builder.py:2170]           [INFO]     | 2 Movies Processed 0 Movies Added                                                                  |
[2022-10-11 11:18:37,274] [builder.py:2300]           [INFO]     |                                                                                                    |
[2022-10-11 11:18:37,274] [builder.py:2301]           [INFO]     |============================ Missing Movies from Library: Z. 1 - Films =============================|
[2022-10-11 11:18:37,274] [builder.py:2302]           [INFO]     |                                                                                                    |
[2022-10-11 11:18:37,287] [builder.py:2315]           [INFO]     | Creed Collection | ? | Creed III (2023) (TMDb: 677179)                                             |
[2022-10-11 11:18:37,288] [builder.py:2320]           [INFO]     |                                                                                                    |
[2022-10-11 11:18:37,288] [builder.py:2321]           [INFO]     | 1 Movie Missing                                                                                    |
[2022-10-11 11:18:37,319] [builder.py:2521]           [INFO]     |                                                                                                    |
[2022-10-11 11:18:37,320] [builder.py:2522]           [INFO]     |=============================== Updating Details of Creed Collection ===============================|
[2022-10-11 11:18:37,320] [builder.py:2523]           [INFO]     |                                                                                                    |
[2022-10-11 11:18:37,329] [builder.py:2589]           [INFO]     | Collection Metadata Edits                                                                          |
[2022-10-11 11:18:37,330] [builder.py:2660]           [WARNING]  | Asset Warning: Unable to find asset folder: 'Creed'                                                |
[2022-10-11 11:18:37,330] [util.py:171]               [DEBUG]    | 1 poster found:                                                                                    |
[2022-10-11 11:18:37,330] [util.py:173]               [DEBUG]    | Method: tmdb_collection_details Poster: https://image.tmdb.org/t/p/original/lFT13Xc4TzIOVkpOy1yGWHBXqNj.jpg |
[2022-10-11 11:18:37,330] [util.py:171]               [DEBUG]    | 1 background found:                                                                                |
[2022-10-11 11:18:37,330] [util.py:173]               [DEBUG]    | Method: tmdb_collection_details Background: https://image.tmdb.org/t/p/original/qIRBVovMpYsEi5LUXN4WULYXLpC.jpg |
[2022-10-11 11:18:37,331] [library.py:173]            [INFO]     | Detail: poster update not needed                                                                   |
[2022-10-11 11:18:37,332] [library.py:189]            [INFO]     | Detail: background update not needed                                                               |
[2022-10-11 11:18:37,518] [plex_meta_manager.py:708]  [INFO]     |                                                                                                    |
[2022-10-11 11:18:37,518] [plex_meta_manager.py:709]  [INFO]     |====================================================================================================|
[2022-10-11 11:18:37,518] [plex_meta_manager.py:709]  [INFO]     |                                     Finished Creed Collection                                      |
[2022-10-11 11:18:37,519] [plex_meta_manager.py:709]  [INFO]     |                                    Collection Run Time: 0:00:00                                    |
[2022-10-11 11:18:37,519] [plex_meta_manager.py:709]  [INFO]     |====================================================================================================|
