[2022-10-11 11:01:09,169] [builder.py:197]            [INFO]     |====================================================================================================|
[2022-10-11 11:01:09,169] [builder.py:197]            [INFO]     |                      Planet of the Apes (Original) Collection in Z. 1 - Films                      |
[2022-10-11 11:01:09,169] [builder.py:197]            [INFO]     |====================================================================================================|
[2022-10-11 11:01:09,169] [builder.py:198]            [INFO]     |                                                                                                    |
[2022-10-11 11:01:09,169] [builder.py:203]            [INFO]     |================================ Building Definition From Templates ================================|
[2022-10-11 11:01:09,170] [builder.py:211]            [DEBUG]    |                                                                                                    |
[2022-10-11 11:01:09,170] [meta.py:128]               [DEBUG]    | Template my_template                                                                               |
[2022-10-11 11:01:09,170] [meta.py:129]               [DEBUG]    | Call: {'value': ['1709'], 'tmdb_collection': ['1709'], 'key_name': 'Planet of the Apes (Original)', 'key': '1709', 'name': 'my_template'} |
[2022-10-11 11:01:09,170] [meta.py:304]               [DEBUG]    |                                                                                                    |
[2022-10-11 11:01:09,170] [meta.py:305]               [DEBUG]    | Variables: {'value': ['1709'], 'tmdb_collection': ['1709'], 'key_name': 'Planet of the Apes (Original)', 'key': '1709', 'name': 'my_template', 'collection_name': 'Planet of the Apes (Original)', 'mapping_name': 'Planet of the Apes (Original)', 'library_type': 'movie', 'library_name': 'Z. 1 - Films', 'value_encoded': '%5B%271709%27%5D', 'tmdb_collection_encoded': '%5B%271709%27%5D', 'key_name_encoded': 'Planet%20of%20the%20Apes%20%28Original%29', 'key_encoded': '1709', 'name_encoded': 'my_template', 'collection_name_encoded': 'Planet%20of%20the%20Apes%20%28Original%29', 'mapping_name_encoded': 'Planet%20of%20the%20Apes%20%28Original%29', 'library_type_encoded': 'movie', 'library_name_encoded': 'Z.%201%20-%20Films', 'collection_sort': 'Planet of the Apes (Original)'} |
[2022-10-11 11:01:09,170] [meta.py:306]               [DEBUG]    |                                                                                                    |
[2022-10-11 11:01:09,171] [meta.py:307]               [DEBUG]    | Defaults: {}                                                                                       |
[2022-10-11 11:01:09,171] [meta.py:308]               [DEBUG]    |                                                                                                    |
[2022-10-11 11:01:09,171] [meta.py:309]               [DEBUG]    | Optional: ['my_collection_poster', 'my_collection_poster_encoded']                                 |
[2022-10-11 11:01:09,172] [meta.py:370]               [DEBUG]    |                                                                                                    |
[2022-10-11 11:01:09,172] [meta.py:371]               [DEBUG]    | Final Template Attributes: {'tmdb_collection_details': ['1709'], 'collection_order': 'release', 'collection_mode': 'hide_items', 'sort_title': '+C1_Planet of the Apes (Original)'} |
[2022-10-11 11:01:09,172] [meta.py:372]               [DEBUG]    |                                                                                                    |
[2022-10-11 11:01:09,172] [builder.py:219]            [INFO]     |======================= Validating Planet of the Apes (Original) Attributes ========================|
[2022-10-11 11:01:09,172] [builder.py:609]            [DEBUG]    |                                                                                                    |
[2022-10-11 11:01:09,172] [builder.py:610]            [DEBUG]    | Validating Method: collection_order                                                                |
[2022-10-11 11:01:09,173] [builder.py:611]            [DEBUG]    | Value: release                                                                                     |
[2022-10-11 11:01:09,173] [builder.py:627]            [DEBUG]    |                                                                                                    |
[2022-10-11 11:01:09,173] [builder.py:631]            [DEBUG]    | Validating Method: label                                                                           |
[2022-10-11 11:01:09,173] [builder.py:632]            [DEBUG]    | Value: TMDb Collections                                                                            |
[2022-10-11 11:01:09,173] [builder.py:627]            [DEBUG]    |                                                                                                    |
[2022-10-11 11:01:09,173] [builder.py:631]            [DEBUG]    | Validating Method: tmdb_collection_details                                                         |
[2022-10-11 11:01:09,173] [builder.py:632]            [DEBUG]    | Value: ['1709']                                                                                    |
[2022-10-11 11:01:09,216] [builder.py:627]            [DEBUG]    |                                                                                                    |
[2022-10-11 11:01:09,217] [builder.py:631]            [DEBUG]    | Validating Method: collection_mode                                                                 |
[2022-10-11 11:01:09,217] [builder.py:632]            [DEBUG]    | Value: hide_items                                                                                  |
[2022-10-11 11:01:09,217] [builder.py:627]            [DEBUG]    |                                                                                                    |
[2022-10-11 11:01:09,217] [builder.py:631]            [DEBUG]    | Validating Method: sort_title                                                                      |
[2022-10-11 11:01:09,217] [builder.py:632]            [DEBUG]    | Value: +C1_Planet of the Apes (Original)                                                           |
[2022-10-11 11:01:09,419] [builder.py:797]            [INFO]     |                                                                                                    |
[2022-10-11 11:01:09,420] [builder.py:798]            [INFO]     | Validation Successful                                                                              |
[2022-10-11 11:01:09,420] [plex_meta_manager.py:561]  [INFO]     |                                                                                                    |
[2022-10-11 11:01:09,420] [plex_meta_manager.py:563]  [INFO]     |========================= Running Planet of the Apes (Original) Collection =========================|
[2022-10-11 11:01:09,420] [plex_meta_manager.py:575]  [INFO]     |                                                                                                    |
[2022-10-11 11:01:09,421] [plex_meta_manager.py:576]  [INFO]     | Sync Mode: append                                                                                  |
[2022-10-11 11:01:09,421] [plex_meta_manager.py:579]  [DEBUG]    |                                                                                                    |
[2022-10-11 11:01:09,421] [plex_meta_manager.py:580]  [DEBUG]    | Builder: tmdb_collection: 1709                                                                     |
[2022-10-11 11:01:09,421] [plex_meta_manager.py:581]  [INFO]     |                                                                                                    |
[2022-10-11 11:01:09,426] [tmdb.py:382]               [INFO]     | Processing TMDb Collection: (1709) La Planète des Singes - Saga Originale (5 Items)                |
[2022-10-11 11:01:09,427] [builder.py:1540]           [DEBUG]    |                                                                                                    |
[2022-10-11 11:01:09,427] [builder.py:1541]           [DEBUG]    | 5 IDs Found: [(871, 'tmdb'), (1685, 'tmdb'), (1687, 'tmdb'), (1688, 'tmdb'), (1705, 'tmdb')]       |
[2022-10-11 11:01:09,427] [builder.py:1542]           [DEBUG]    |                                                                                                    |
[2022-10-11 11:01:09,427] [builder.py:2064]           [INFO]     |                                                                                                    |
[2022-10-11 11:01:09,427] [builder.py:2065]           [INFO]     |======================== Adding to Planet of the Apes (Original) Collection ========================|
[2022-10-11 11:01:09,428] [builder.py:2066]           [INFO]     |                                                                                                    |
[2022-10-11 11:01:09,428] [builder.py:2080]           [INFO]     | 1/5 | Planet of the Apes (Original) Collection | = | La Planète des singes I (1968)                |
[2022-10-11 11:01:09,428] [builder.py:2080]           [INFO]     | 2/5 | Planet of the Apes (Original) Collection | = | La Planète des singes II : Le Secret de la planète des singes (1970) |
[2022-10-11 11:01:09,428] [builder.py:2080]           [INFO]     | 3/5 | Planet of the Apes (Original) Collection | = | La Planète des singes III : Les Évadés de la planète des singes (1971) |
[2022-10-11 11:01:09,428] [builder.py:2080]           [INFO]     | 4/5 | Planet of the Apes (Original) Collection | = | La Planète des singes IV : La Conquête de la planète des singes (1972) |
[2022-10-11 11:01:09,428] [builder.py:2080]           [INFO]     | 5/5 | Planet of the Apes (Original) Collection | = | La Planète des singes V : La Bataille de la Planète des Singes (1973) |
[2022-10-11 11:01:09,429] [builder.py:2100]           [INFO]     |                                                                                                    |
[2022-10-11 11:01:09,429] [builder.py:2102]           [INFO]     | 5 Movies Processed 0 Movies Added                                                                  |
[2022-10-11 11:01:09,436] [builder.py:2441]           [INFO]     |                                                                                                    |
[2022-10-11 11:01:09,437] [builder.py:2442]           [INFO]     |=================== Updating Details of Planet of the Apes (Original) Collection ===================|
[2022-10-11 11:01:09,437] [builder.py:2443]           [INFO]     |                                                                                                    |
[2022-10-11 11:01:09,446] [builder.py:2509]           [INFO]     | Collection Metadata Edits                                                                          |
                                                                 | Sort Title | +C1_Planet of the Apes (Original)
[2022-10-11 11:01:09,612] [builder.py:2513]           [INFO]     | Details: have been updated
[2022-10-11 11:01:09,612] [builder.py:2517]           [INFO]     | 
[2022-10-11 11:01:09,613] [builder.py:2580]           [WARNING]  | Asset Warning: Unable to find asset folder: 'Planet of the Apes (Original)'
[2022-10-11 11:01:09,613] [util.py:150]               [DEBUG]    | 1 poster found:
[2022-10-11 11:01:09,613] [util.py:152]               [DEBUG]    | Method: tmdb_collection_details Poster: https://image.tmdb.org/t/p/original/aWh89vlYDsNYn6F6BfhF7Tcsm5G.jpg
[2022-10-11 11:01:09,614] [util.py:150]               [DEBUG]    | 1 background found:
[2022-10-11 11:01:09,614] [util.py:152]               [DEBUG]    | Method: tmdb_collection_details Background: https://image.tmdb.org/t/p/original/oTABoCZSsPdcnGeT558bp1iFmEG.jpg
[2022-10-11 11:01:09,615] [library.py:172]            [INFO]     | Detail: poster update not needed
[2022-10-11 11:01:09,616] [library.py:188]            [INFO]     | Detail: background update not needed
[2022-10-11 11:01:09,811] [plex_meta_manager.py:708]  [INFO]     | 
[2022-10-11 11:01:09,811] [plex_meta_manager.py:709]  [INFO]     |====================================================================================================|
[2022-10-11 11:01:09,812] [plex_meta_manager.py:709]  [INFO]     |                         Finished Planet of the Apes (Original) Collection                          |
[2022-10-11 11:01:09,812] [plex_meta_manager.py:709]  [INFO]     |                                    Collection Run Time: 0:00:00                                    |
[2022-10-11 11:01:09,812] [plex_meta_manager.py:709]  [INFO]     |====================================================================================================|
