[2022-10-11 11:20:22,890] [builder.py:200]            [INFO]     |====================================================================================================|
[2022-10-11 11:20:22,890] [builder.py:200]            [INFO]     |                      Star Trek: Alternate Reality Collection in Z. 1 - Films                       |
[2022-10-11 11:20:22,890] [builder.py:200]            [INFO]     |====================================================================================================|
[2022-10-11 11:20:22,890] [builder.py:201]            [INFO]     |                                                                                                    |
[2022-10-11 11:20:22,891] [builder.py:203]            [INFO]     | Log Folder Name: Star Trek: Alternate Reality is invalid using Star Trek Alternate Reality         |
[2022-10-11 11:20:22,891] [builder.py:204]            [INFO]     |                                                                                                    |
[2022-10-11 11:20:22,891] [builder.py:206]            [INFO]     |================================ Building Definition From Templates ================================|
[2022-10-11 11:20:22,891] [builder.py:222]            [DEBUG]    |                                                                                                    |
[2022-10-11 11:20:22,891] [meta.py:128]               [DEBUG]    | Template my_template                                                                               |
[2022-10-11 11:20:22,891] [meta.py:129]               [DEBUG]    | Call: {'value': ['115575'], 'tmdb_collection': ['115575'], 'key_name': 'Star Trek: Alternate Reality', 'key': '115575', 'name': 'my_template'} |
[2022-10-11 11:20:22,891] [meta.py:304]               [DEBUG]    |                                                                                                    |
[2022-10-11 11:20:22,892] [meta.py:305]               [DEBUG]    | Variables: {'value': ['115575'], 'tmdb_collection': ['115575'], 'key_name': 'Star Trek: Alternate Reality', 'key': '115575', 'name': 'my_template', 'collection_name': 'Star Trek: Alternate Reality', 'mapping_name': 'Star Trek: Alternate Reality', 'library_type': 'movie', 'library_name': 'Z. 1 - Films', 'value_encoded': '%5B%27115575%27%5D', 'tmdb_collection_encoded': '%5B%27115575%27%5D', 'key_name_encoded': 'Star%20Trek%3A%20Alternate%20Reality', 'key_encoded': '115575', 'name_encoded': 'my_template', 'collection_name_encoded': 'Star%20Trek%3A%20Alternate%20Reality', 'mapping_name_encoded': 'Star%20Trek%3A%20Alternate%20Reality', 'library_type_encoded': 'movie', 'library_name_encoded': 'Z.%201%20-%20Films', 'collection_sort': 'Star Trek: Alternate Reality'} |
[2022-10-11 11:20:22,892] [meta.py:306]               [DEBUG]    |                                                                                                    |
[2022-10-11 11:20:22,892] [meta.py:307]               [DEBUG]    | Defaults: {}                                                                                       |
[2022-10-11 11:20:22,892] [meta.py:308]               [DEBUG]    |                                                                                                    |
[2022-10-11 11:20:22,892] [meta.py:309]               [DEBUG]    | Optional: ['my_collection_poster', 'my_collection_poster_encoded']                                 |
[2022-10-11 11:20:22,893] [meta.py:370]               [DEBUG]    |                                                                                                    |
[2022-10-11 11:20:22,893] [meta.py:371]               [DEBUG]    | Final Template Attributes: {'tmdb_collection_details': ['115575'], 'collection_order': 'release', 'collection_mode': 'hide_items', 'sort_title': '+C1_Star Trek: Alternate Reality'} |
[2022-10-11 11:20:22,893] [meta.py:372]               [DEBUG]    |                                                                                                    |
[2022-10-11 11:20:22,893] [builder.py:230]            [INFO]     |======================== Validating Star Trek: Alternate Reality Attributes ========================|
[2022-10-11 11:20:22,893] [builder.py:620]            [DEBUG]    |                                                                                                    |
[2022-10-11 11:20:22,894] [builder.py:621]            [DEBUG]    | Validating Method: collection_order                                                                |
[2022-10-11 11:20:22,894] [builder.py:622]            [DEBUG]    | Value: release                                                                                     |
[2022-10-11 11:20:22,894] [builder.py:653]            [DEBUG]    |                                                                                                    |
[2022-10-11 11:20:22,894] [builder.py:657]            [DEBUG]    | Validating Method: label                                                                           |
[2022-10-11 11:20:22,894] [builder.py:658]            [DEBUG]    | Value: TMDb Collections                                                                            |
[2022-10-11 11:20:22,894] [builder.py:653]            [DEBUG]    |                                                                                                    |
[2022-10-11 11:20:22,894] [builder.py:657]            [DEBUG]    | Validating Method: tmdb_collection_details                                                         |
[2022-10-11 11:20:22,895] [builder.py:658]            [DEBUG]    | Value: ['115575']                                                                                  |
[2022-10-11 11:20:22,907] [builder.py:653]            [DEBUG]    |                                                                                                    |
[2022-10-11 11:20:22,908] [builder.py:657]            [DEBUG]    | Validating Method: collection_mode                                                                 |
[2022-10-11 11:20:22,908] [builder.py:658]            [DEBUG]    | Value: hide_items                                                                                  |
[2022-10-11 11:20:22,908] [builder.py:653]            [DEBUG]    |                                                                                                    |
[2022-10-11 11:20:22,908] [builder.py:657]            [DEBUG]    | Validating Method: sort_title                                                                      |
[2022-10-11 11:20:22,908] [builder.py:658]            [DEBUG]    | Value: +C1_Star Trek: Alternate Reality                                                            |
[2022-10-11 11:20:23,108] [builder.py:823]            [INFO]     |                                                                                                    |
[2022-10-11 11:20:23,108] [builder.py:824]            [INFO]     | Validation Successful                                                                              |
[2022-10-11 11:20:23,108] [plex_meta_manager.py:561]  [INFO]     |                                                                                                    |
[2022-10-11 11:20:23,108] [plex_meta_manager.py:563]  [INFO]     |========================= Running Star Trek: Alternate Reality Collection ==========================|
[2022-10-11 11:20:23,109] [plex_meta_manager.py:575]  [INFO]     |                                                                                                    |
[2022-10-11 11:20:23,109] [plex_meta_manager.py:576]  [INFO]     | Sync Mode: append                                                                                  |
[2022-10-11 11:20:23,109] [plex_meta_manager.py:579]  [DEBUG]    |                                                                                                    |
[2022-10-11 11:20:23,109] [plex_meta_manager.py:580]  [DEBUG]    | Builder: tmdb_collection: 115575                                                                   |
[2022-10-11 11:20:23,109] [plex_meta_manager.py:581]  [INFO]     |                                                                                                    |
[2022-10-11 11:20:23,115] [tmdb.py:381]               [INFO]     | Processing TMDb Collection: (115575) Star Trek - Saga (4 Items)                                    |
[2022-10-11 11:20:23,115] [builder.py:1581]           [DEBUG]    |                                                                                                    |
[2022-10-11 11:20:23,115] [builder.py:1582]           [DEBUG]    | 4 IDs Found: [(13475, 'tmdb'), (54138, 'tmdb'), (188927, 'tmdb'), (467903, 'tmdb')]                |
[2022-10-11 11:20:23,115] [builder.py:1583]           [DEBUG]    |                                                                                                    |
[2022-10-11 11:20:23,116] [builder.py:2132]           [INFO]     |                                                                                                    |
[2022-10-11 11:20:23,116] [builder.py:2133]           [INFO]     |======================== Adding to Star Trek: Alternate Reality Collection =========================|
[2022-10-11 11:20:23,116] [builder.py:2134]           [INFO]     |                                                                                                    |
[2022-10-11 11:20:23,116] [builder.py:2148]           [INFO]     | 1/3 | Star Trek: Alternate Reality Collection | = | Star Trek (2009)                               |
[2022-10-11 11:20:23,116] [builder.py:2148]           [INFO]     | 2/3 | Star Trek: Alternate Reality Collection | = | Star Trek Into Darkness (2013)                 |
[2022-10-11 11:20:23,117] [builder.py:2148]           [INFO]     | 3/3 | Star Trek: Alternate Reality Collection | = | Star Trek  : Sans limites (2016)               |
[2022-10-11 11:20:23,117] [builder.py:2168]           [INFO]     |                                                                                                    |
[2022-10-11 11:20:23,117] [builder.py:2170]           [INFO]     | 3 Movies Processed 0 Movies Added                                                                  |
[2022-10-11 11:20:23,117] [builder.py:2300]           [INFO]     |                                                                                                    |
[2022-10-11 11:20:23,117] [builder.py:2301]           [INFO]     |============================ Missing Movies from Library: Z. 1 - Films =============================|
[2022-10-11 11:20:23,117] [builder.py:2302]           [INFO]     |                                                                                                    |
[2022-10-11 11:20:23,129] [builder.py:2315]           [INFO]     | Star Trek: Alternate Reality Collection | ? | Untitled Star Trek Sequel (TMDb: 467903)             |
[2022-10-11 11:20:23,129] [builder.py:2320]           [INFO]     |                                                                                                    |
[2022-10-11 11:20:23,130] [builder.py:2321]           [INFO]     | 1 Movie Missing                                                                                    |
[2022-10-11 11:20:23,207] [builder.py:2521]           [INFO]     |                                                                                                    |
[2022-10-11 11:20:23,207] [builder.py:2522]           [INFO]     |=================== Updating Details of Star Trek: Alternate Reality Collection ====================|
[2022-10-11 11:20:23,207] [builder.py:2523]           [INFO]     |                                                                                                    |
[2022-10-11 11:20:23,217] [builder.py:2589]           [INFO]     | Collection Metadata Edits                                                                          |
[2022-10-11 11:20:23,217] [builder.py:2660]           [WARNING]  | Asset Warning: Unable to find asset folder: 'Star Trek Alternate Reality'                          |
[2022-10-11 11:20:23,218] [util.py:171]               [DEBUG]    | 1 poster found:                                                                                    |
[2022-10-11 11:20:23,218] [util.py:173]               [DEBUG]    | Method: tmdb_collection_details Poster: https://image.tmdb.org/t/p/original/fUaFqnE0xgrUFIGbUQwbI1DpaHy.jpg |
[2022-10-11 11:20:23,218] [util.py:171]               [DEBUG]    | 1 background found:                                                                                |
[2022-10-11 11:20:23,218] [util.py:173]               [DEBUG]    | Method: tmdb_collection_details Background: https://image.tmdb.org/t/p/original/gWl5pN2FplE709aVtA4lakwsE6t.jpg |
[2022-10-11 11:20:23,219] [library.py:173]            [INFO]     | Detail: poster update not needed                                                                   |
[2022-10-11 11:20:23,220] [library.py:189]            [INFO]     | Detail: background update not needed                                                               |
[2022-10-11 11:20:23,415] [plex_meta_manager.py:708]  [INFO]     |                                                                                                    |
[2022-10-11 11:20:23,415] [plex_meta_manager.py:709]  [INFO]     |====================================================================================================|
[2022-10-11 11:20:23,415] [plex_meta_manager.py:709]  [INFO]     |                          Finished Star Trek: Alternate Reality Collection                          |
[2022-10-11 11:20:23,415] [plex_meta_manager.py:709]  [INFO]     |                                    Collection Run Time: 0:00:00                                    |
[2022-10-11 11:20:23,415] [plex_meta_manager.py:709]  [INFO]     |====================================================================================================|
