[2022-10-11 11:18:47,589] [builder.py:200]            [INFO]     |====================================================================================================|
[2022-10-11 11:18:47,589] [builder.py:200]            [INFO]     |                                Godzilla Collection in Z. 1 - Films                                 |
[2022-10-11 11:18:47,590] [builder.py:200]            [INFO]     |====================================================================================================|
[2022-10-11 11:18:47,590] [builder.py:201]            [INFO]     |                                                                                                    |
[2022-10-11 11:18:47,590] [builder.py:206]            [INFO]     |================================ Building Definition From Templates ================================|
[2022-10-11 11:18:47,590] [builder.py:222]            [DEBUG]    |                                                                                                    |
[2022-10-11 11:18:47,591] [meta.py:128]               [DEBUG]    | Template my_template                                                                               |
[2022-10-11 11:18:47,591] [meta.py:129]               [DEBUG]    | Call: {'value': ['535313'], 'tmdb_collection': ['535313'], 'key_name': 'Godzilla', 'key': '535313', 'name': 'my_template'} |
[2022-10-11 11:18:47,591] [meta.py:304]               [DEBUG]    |                                                                                                    |
[2022-10-11 11:18:47,591] [meta.py:305]               [DEBUG]    | Variables: {'value': ['535313'], 'tmdb_collection': ['535313'], 'key_name': 'Godzilla', 'key': '535313', 'name': 'my_template', 'collection_name': 'Godzilla', 'mapping_name': 'Godzilla', 'library_type': 'movie', 'library_name': 'Z. 1 - Films', 'value_encoded': '%5B%27535313%27%5D', 'tmdb_collection_encoded': '%5B%27535313%27%5D', 'key_name_encoded': 'Godzilla', 'key_encoded': '535313', 'name_encoded': 'my_template', 'collection_name_encoded': 'Godzilla', 'mapping_name_encoded': 'Godzilla', 'library_type_encoded': 'movie', 'library_name_encoded': 'Z.%201%20-%20Films', 'collection_sort': 'Godzilla'} |
[2022-10-11 11:18:47,591] [meta.py:306]               [DEBUG]    |                                                                                                    |
[2022-10-11 11:18:47,592] [meta.py:307]               [DEBUG]    | Defaults: {}                                                                                       |
[2022-10-11 11:18:47,592] [meta.py:308]               [DEBUG]    |                                                                                                    |
[2022-10-11 11:18:47,592] [meta.py:309]               [DEBUG]    | Optional: ['my_collection_poster', 'my_collection_poster_encoded']                                 |
[2022-10-11 11:18:47,593] [meta.py:370]               [DEBUG]    |                                                                                                    |
[2022-10-11 11:18:47,593] [meta.py:371]               [DEBUG]    | Final Template Attributes: {'tmdb_collection_details': ['535313'], 'collection_order': 'release', 'collection_mode': 'hide_items', 'sort_title': '+C1_Godzilla'} |
[2022-10-11 11:18:47,593] [meta.py:372]               [DEBUG]    |                                                                                                    |
[2022-10-11 11:18:47,593] [builder.py:230]            [INFO]     |================================== Validating Godzilla Attributes ==================================|
[2022-10-11 11:18:47,593] [builder.py:620]            [DEBUG]    |                                                                                                    |
[2022-10-11 11:18:47,593] [builder.py:621]            [DEBUG]    | Validating Method: collection_order                                                                |
[2022-10-11 11:18:47,594] [builder.py:622]            [DEBUG]    | Value: release                                                                                     |
[2022-10-11 11:18:47,594] [builder.py:653]            [DEBUG]    |                                                                                                    |
[2022-10-11 11:18:47,594] [builder.py:657]            [DEBUG]    | Validating Method: label                                                                           |
[2022-10-11 11:18:47,594] [builder.py:658]            [DEBUG]    | Value: TMDb Collections                                                                            |
[2022-10-11 11:18:47,594] [builder.py:653]            [DEBUG]    |                                                                                                    |
[2022-10-11 11:18:47,594] [builder.py:657]            [DEBUG]    | Validating Method: tmdb_collection_details                                                         |
[2022-10-11 11:18:47,594] [builder.py:658]            [DEBUG]    | Value: ['535313']                                                                                  |
[2022-10-11 11:18:47,609] [builder.py:653]            [DEBUG]    |                                                                                                    |
[2022-10-11 11:18:47,609] [builder.py:657]            [DEBUG]    | Validating Method: collection_mode                                                                 |
[2022-10-11 11:18:47,609] [builder.py:658]            [DEBUG]    | Value: hide_items                                                                                  |
[2022-10-11 11:18:47,610] [builder.py:653]            [DEBUG]    |                                                                                                    |
[2022-10-11 11:18:47,610] [builder.py:657]            [DEBUG]    | Validating Method: sort_title                                                                      |
[2022-10-11 11:18:47,610] [builder.py:658]            [DEBUG]    | Value: +C1_Godzilla                                                                                |
[2022-10-11 11:18:47,820] [builder.py:823]            [INFO]     |                                                                                                    |
[2022-10-11 11:18:47,820] [builder.py:824]            [INFO]     | Validation Successful                                                                              |
[2022-10-11 11:18:47,820] [plex_meta_manager.py:561]  [INFO]     |                                                                                                    |
[2022-10-11 11:18:47,821] [plex_meta_manager.py:563]  [INFO]     |=================================== Running Godzilla Collection ====================================|
[2022-10-11 11:18:47,821] [plex_meta_manager.py:575]  [INFO]     |                                                                                                    |
[2022-10-11 11:18:47,821] [plex_meta_manager.py:576]  [INFO]     | Sync Mode: append                                                                                  |
[2022-10-11 11:18:47,821] [plex_meta_manager.py:579]  [DEBUG]    |                                                                                                    |
[2022-10-11 11:18:47,821] [plex_meta_manager.py:580]  [DEBUG]    | Builder: tmdb_collection: 535313                                                                   |
[2022-10-11 11:18:47,821] [plex_meta_manager.py:581]  [INFO]     |                                                                                                    |
[2022-10-11 11:18:47,826] [tmdb.py:381]               [INFO]     | Processing TMDb Collection: (535313) Godzilla - Saga (3 Items)                                     |
[2022-10-11 11:18:47,827] [builder.py:1581]           [DEBUG]    |                                                                                                    |
[2022-10-11 11:18:47,827] [builder.py:1582]           [DEBUG]    | 3 IDs Found: [(373571, 'tmdb'), (124905, 'tmdb'), (399566, 'tmdb')]                                |
[2022-10-11 11:18:47,827] [builder.py:1583]           [DEBUG]    |                                                                                                    |
[2022-10-11 11:18:47,827] [builder.py:2132]           [INFO]     |                                                                                                    |
[2022-10-11 11:18:47,828] [builder.py:2133]           [INFO]     |================================== Adding to Godzilla Collection ===================================|
[2022-10-11 11:18:47,828] [builder.py:2134]           [INFO]     |                                                                                                    |
[2022-10-11 11:18:47,828] [builder.py:2148]           [INFO]     | 1/3 | Godzilla Collection | = | Godzilla II : Roi des Monstres (2019)                              |
[2022-10-11 11:18:47,828] [builder.py:2148]           [INFO]     | 2/3 | Godzilla Collection | = | Godzilla (2014)                                                    |
[2022-10-11 11:18:47,828] [builder.py:2148]           [INFO]     | 3/3 | Godzilla Collection | = | Godzilla vs Kong (2021)                                            |
[2022-10-11 11:18:47,829] [builder.py:2168]           [INFO]     |                                                                                                    |
[2022-10-11 11:18:47,829] [builder.py:2170]           [INFO]     | 3 Movies Processed 0 Movies Added                                                                  |
[2022-10-11 11:18:47,837] [builder.py:2521]           [INFO]     |                                                                                                    |
[2022-10-11 11:18:47,837] [builder.py:2522]           [INFO]     |============================= Updating Details of Godzilla Collection ==============================|
[2022-10-11 11:18:47,837] [builder.py:2523]           [INFO]     |                                                                                                    |
[2022-10-11 11:18:47,845] [builder.py:2589]           [INFO]     | Collection Metadata Edits                                                                          |
[2022-10-11 11:18:47,846] [builder.py:2660]           [WARNING]  | Asset Warning: Unable to find asset folder: 'Godzilla'                                             |
[2022-10-11 11:18:47,846] [util.py:171]               [DEBUG]    | 1 poster found:                                                                                    |
[2022-10-11 11:18:47,846] [util.py:173]               [DEBUG]    | Method: tmdb_collection_details Poster: https://image.tmdb.org/t/p/original/inNN466SKHNjbGmpfhfsaPQNleS.jpg |
[2022-10-11 11:18:47,846] [util.py:171]               [DEBUG]    | 1 background found:                                                                                |
[2022-10-11 11:18:47,847] [util.py:173]               [DEBUG]    | Method: tmdb_collection_details Background: https://image.tmdb.org/t/p/original/oboBn4VYB79uDxnyIri0Nt3U3N2.jpg |
[2022-10-11 11:18:47,848] [library.py:173]            [INFO]     | Detail: poster update not needed                                                                   |
[2022-10-11 11:18:47,849] [library.py:189]            [INFO]     | Detail: background update not needed                                                               |
[2022-10-11 11:18:48,041] [plex_meta_manager.py:708]  [INFO]     |                                                                                                    |
[2022-10-11 11:18:48,041] [plex_meta_manager.py:709]  [INFO]     |====================================================================================================|
[2022-10-11 11:18:48,042] [plex_meta_manager.py:709]  [INFO]     |                                    Finished Godzilla Collection                                    |
[2022-10-11 11:18:48,042] [plex_meta_manager.py:709]  [INFO]     |                                    Collection Run Time: 0:00:00                                    |
[2022-10-11 11:18:48,042] [plex_meta_manager.py:709]  [INFO]     |====================================================================================================|
