[2022-10-11 11:19:05,831] [builder.py:200]            [INFO]     |====================================================================================================|
[2022-10-11 11:19:05,831] [builder.py:200]            [INFO]     |                                  Mummy Collection in Z. 1 - Films                                  |
[2022-10-11 11:19:05,831] [builder.py:200]            [INFO]     |====================================================================================================|
[2022-10-11 11:19:05,832] [builder.py:201]            [INFO]     |                                                                                                    |
[2022-10-11 11:19:05,832] [builder.py:206]            [INFO]     |================================ Building Definition From Templates ================================|
[2022-10-11 11:19:05,832] [builder.py:222]            [DEBUG]    |                                                                                                    |
[2022-10-11 11:19:05,832] [meta.py:128]               [DEBUG]    | Template my_template                                                                               |
[2022-10-11 11:19:05,832] [meta.py:129]               [DEBUG]    | Call: {'value': ['1733'], 'tmdb_collection': ['1733'], 'key_name': 'Mummy', 'key': '1733', 'name': 'my_template'} |
[2022-10-11 11:19:05,832] [meta.py:304]               [DEBUG]    |                                                                                                    |
[2022-10-11 11:19:05,833] [meta.py:305]               [DEBUG]    | Variables: {'value': ['1733'], 'tmdb_collection': ['1733'], 'key_name': 'Mummy', 'key': '1733', 'name': 'my_template', 'collection_name': 'Mummy', 'mapping_name': 'Mummy', 'library_type': 'movie', 'library_name': 'Z. 1 - Films', 'value_encoded': '%5B%271733%27%5D', 'tmdb_collection_encoded': '%5B%271733%27%5D', 'key_name_encoded': 'Mummy', 'key_encoded': '1733', 'name_encoded': 'my_template', 'collection_name_encoded': 'Mummy', 'mapping_name_encoded': 'Mummy', 'library_type_encoded': 'movie', 'library_name_encoded': 'Z.%201%20-%20Films', 'collection_sort': 'Mummy'} |
[2022-10-11 11:19:05,833] [meta.py:306]               [DEBUG]    |                                                                                                    |
[2022-10-11 11:19:05,833] [meta.py:307]               [DEBUG]    | Defaults: {}                                                                                       |
[2022-10-11 11:19:05,833] [meta.py:308]               [DEBUG]    |                                                                                                    |
[2022-10-11 11:19:05,833] [meta.py:309]               [DEBUG]    | Optional: ['my_collection_poster', 'my_collection_poster_encoded']                                 |
[2022-10-11 11:19:05,834] [meta.py:370]               [DEBUG]    |                                                                                                    |
[2022-10-11 11:19:05,834] [meta.py:371]               [DEBUG]    | Final Template Attributes: {'tmdb_collection_details': ['1733'], 'collection_order': 'release', 'collection_mode': 'hide_items', 'sort_title': '+C1_Mummy'} |
[2022-10-11 11:19:05,835] [meta.py:372]               [DEBUG]    |                                                                                                    |
[2022-10-11 11:19:05,835] [builder.py:230]            [INFO]     |=================================== Validating Mummy Attributes ====================================|
[2022-10-11 11:19:05,835] [builder.py:620]            [DEBUG]    |                                                                                                    |
[2022-10-11 11:19:05,835] [builder.py:621]            [DEBUG]    | Validating Method: collection_order                                                                |
[2022-10-11 11:19:05,835] [builder.py:622]            [DEBUG]    | Value: release                                                                                     |
[2022-10-11 11:19:05,836] [builder.py:653]            [DEBUG]    |                                                                                                    |
[2022-10-11 11:19:05,836] [builder.py:657]            [DEBUG]    | Validating Method: label                                                                           |
[2022-10-11 11:19:05,836] [builder.py:658]            [DEBUG]    | Value: TMDb Collections                                                                            |
[2022-10-11 11:19:05,836] [builder.py:653]            [DEBUG]    |                                                                                                    |
[2022-10-11 11:19:05,836] [builder.py:657]            [DEBUG]    | Validating Method: tmdb_collection_details                                                         |
[2022-10-11 11:19:05,837] [builder.py:658]            [DEBUG]    | Value: ['1733']                                                                                    |
[2022-10-11 11:19:05,850] [builder.py:653]            [DEBUG]    |                                                                                                    |
[2022-10-11 11:19:05,850] [builder.py:657]            [DEBUG]    | Validating Method: collection_mode                                                                 |
[2022-10-11 11:19:05,851] [builder.py:658]            [DEBUG]    | Value: hide_items                                                                                  |
[2022-10-11 11:19:05,851] [builder.py:653]            [DEBUG]    |                                                                                                    |
[2022-10-11 11:19:05,851] [builder.py:657]            [DEBUG]    | Validating Method: sort_title                                                                      |
[2022-10-11 11:19:05,851] [builder.py:658]            [DEBUG]    | Value: +C1_Mummy                                                                                   |
[2022-10-11 11:19:06,072] [builder.py:823]            [INFO]     |                                                                                                    |
[2022-10-11 11:19:06,072] [builder.py:824]            [INFO]     | Validation Successful                                                                              |
[2022-10-11 11:19:06,072] [plex_meta_manager.py:561]  [INFO]     |                                                                                                    |
[2022-10-11 11:19:06,072] [plex_meta_manager.py:563]  [INFO]     |===================================== Running Mummy Collection =====================================|
[2022-10-11 11:19:06,073] [plex_meta_manager.py:575]  [INFO]     |                                                                                                    |
[2022-10-11 11:19:06,073] [plex_meta_manager.py:576]  [INFO]     | Sync Mode: append                                                                                  |
[2022-10-11 11:19:06,073] [plex_meta_manager.py:579]  [DEBUG]    |                                                                                                    |
[2022-10-11 11:19:06,073] [plex_meta_manager.py:580]  [DEBUG]    | Builder: tmdb_collection: 1733                                                                     |
[2022-10-11 11:19:06,073] [plex_meta_manager.py:581]  [INFO]     |                                                                                                    |
[2022-10-11 11:19:06,078] [tmdb.py:381]               [INFO]     | Processing TMDb Collection: (1733) La Momie - Saga (3 Items)                                       |
[2022-10-11 11:19:06,078] [builder.py:1581]           [DEBUG]    |                                                                                                    |
[2022-10-11 11:19:06,078] [builder.py:1582]           [DEBUG]    | 3 IDs Found: [(564, 'tmdb'), (1734, 'tmdb'), (1735, 'tmdb')]                                       |
[2022-10-11 11:19:06,078] [builder.py:1583]           [DEBUG]    |                                                                                                    |
[2022-10-11 11:19:06,079] [builder.py:2132]           [INFO]     |                                                                                                    |
[2022-10-11 11:19:06,079] [builder.py:2133]           [INFO]     |==================================== Adding to Mummy Collection ====================================|
[2022-10-11 11:19:06,079] [builder.py:2134]           [INFO]     |                                                                                                    |
[2022-10-11 11:19:06,079] [builder.py:2148]           [INFO]     | 1/3 | Mummy Collection | = | La Momie (1999)                                                       |
[2022-10-11 11:19:06,079] [builder.py:2148]           [INFO]     | 2/3 | Mummy Collection | = | Le Retour de la Momie (2001)                                          |
[2022-10-11 11:19:06,080] [builder.py:2148]           [INFO]     | 3/3 | Mummy Collection | = | La Momie : La Tombe de l'empereur Dragon (2008)                       |
[2022-10-11 11:19:06,080] [builder.py:2168]           [INFO]     |                                                                                                    |
[2022-10-11 11:19:06,080] [builder.py:2170]           [INFO]     | 3 Movies Processed 0 Movies Added                                                                  |
[2022-10-11 11:19:06,087] [builder.py:2521]           [INFO]     |                                                                                                    |
[2022-10-11 11:19:06,087] [builder.py:2522]           [INFO]     |=============================== Updating Details of Mummy Collection ===============================|
[2022-10-11 11:19:06,087] [builder.py:2523]           [INFO]     |                                                                                                    |
[2022-10-11 11:19:06,096] [builder.py:2589]           [INFO]     | Collection Metadata Edits                                                                          |
[2022-10-11 11:19:06,097] [builder.py:2660]           [WARNING]  | Asset Warning: Unable to find asset folder: 'Mummy'                                                |
[2022-10-11 11:19:06,097] [util.py:171]               [DEBUG]    | 1 poster found:                                                                                    |
[2022-10-11 11:19:06,097] [util.py:173]               [DEBUG]    | Method: tmdb_collection_details Poster: https://image.tmdb.org/t/p/original/gulf1ri3fv5tb1CXfK7x6PsvhTs.jpg |
[2022-10-11 11:19:06,097] [util.py:171]               [DEBUG]    | 1 background found:                                                                                |
[2022-10-11 11:19:06,097] [util.py:173]               [DEBUG]    | Method: tmdb_collection_details Background: https://image.tmdb.org/t/p/original/1BeKi6IytbfQlQocJSvP2k6sO1a.jpg |
[2022-10-11 11:19:06,098] [library.py:173]            [INFO]     | Detail: poster update not needed                                                                   |
[2022-10-11 11:19:06,099] [library.py:189]            [INFO]     | Detail: background update not needed                                                               |
[2022-10-11 11:19:06,320] [plex_meta_manager.py:708]  [INFO]     |                                                                                                    |
[2022-10-11 11:19:06,320] [plex_meta_manager.py:709]  [INFO]     |====================================================================================================|
[2022-10-11 11:19:06,321] [plex_meta_manager.py:709]  [INFO]     |                                     Finished Mummy Collection                                      |
[2022-10-11 11:19:06,321] [plex_meta_manager.py:709]  [INFO]     |                                    Collection Run Time: 0:00:00                                    |
[2022-10-11 11:19:06,321] [plex_meta_manager.py:709]  [INFO]     |====================================================================================================|
