[2022-10-11 11:18:39,331] [builder.py:200]            [INFO]     |====================================================================================================|
[2022-10-11 11:18:39,332] [builder.py:200]            [INFO]     |                           L'Inspecteur Harry Collection in Z. 1 - Films                            |
[2022-10-11 11:18:39,332] [builder.py:200]            [INFO]     |====================================================================================================|
[2022-10-11 11:18:39,332] [builder.py:201]            [INFO]     |                                                                                                    |
[2022-10-11 11:18:39,332] [builder.py:206]            [INFO]     |================================ Building Definition From Templates ================================|
[2022-10-11 11:18:39,332] [builder.py:222]            [DEBUG]    |                                                                                                    |
[2022-10-11 11:18:39,333] [meta.py:128]               [DEBUG]    | Template my_template                                                                               |
[2022-10-11 11:18:39,333] [meta.py:129]               [DEBUG]    | Call: {'value': ['10456'], 'tmdb_collection': ['10456'], 'key_name': "L'Inspecteur Harry", 'key': '10456', 'name': 'my_template'} |
[2022-10-11 11:18:39,333] [meta.py:304]               [DEBUG]    |                                                                                                    |
[2022-10-11 11:18:39,333] [meta.py:305]               [DEBUG]    | Variables: {'value': ['10456'], 'tmdb_collection': ['10456'], 'key_name': "L'Inspecteur Harry", 'key': '10456', 'name': 'my_template', 'collection_name': "L'Inspecteur Harry", 'mapping_name': "L'Inspecteur Harry", 'library_type': 'movie', 'library_name': 'Z. 1 - Films', 'value_encoded': '%5B%2710456%27%5D', 'tmdb_collection_encoded': '%5B%2710456%27%5D', 'key_name_encoded': 'L%27Inspecteur%20Harry', 'key_encoded': '10456', 'name_encoded': 'my_template', 'collection_name_encoded': 'L%27Inspecteur%20Harry', 'mapping_name_encoded': 'L%27Inspecteur%20Harry', 'library_type_encoded': 'movie', 'library_name_encoded': 'Z.%201%20-%20Films', 'collection_sort': "L'Inspecteur Harry"} |
[2022-10-11 11:18:39,334] [meta.py:306]               [DEBUG]    |                                                                                                    |
[2022-10-11 11:18:39,334] [meta.py:307]               [DEBUG]    | Defaults: {}                                                                                       |
[2022-10-11 11:18:39,334] [meta.py:308]               [DEBUG]    |                                                                                                    |
[2022-10-11 11:18:39,334] [meta.py:309]               [DEBUG]    | Optional: ['my_collection_poster', 'my_collection_poster_encoded']                                 |
[2022-10-11 11:18:39,335] [meta.py:370]               [DEBUG]    |                                                                                                    |
[2022-10-11 11:18:39,335] [meta.py:371]               [DEBUG]    | Final Template Attributes: {'tmdb_collection_details': ['10456'], 'collection_order': 'release', 'collection_mode': 'hide_items', 'sort_title': "+C1_L'Inspecteur Harry"} |
[2022-10-11 11:18:39,335] [meta.py:372]               [DEBUG]    |                                                                                                    |
[2022-10-11 11:18:39,336] [builder.py:230]            [INFO]     |============================= Validating L'Inspecteur Harry Attributes =============================|
[2022-10-11 11:18:39,336] [builder.py:620]            [DEBUG]    |                                                                                                    |
[2022-10-11 11:18:39,336] [builder.py:621]            [DEBUG]    | Validating Method: collection_order                                                                |
[2022-10-11 11:18:39,336] [builder.py:622]            [DEBUG]    | Value: release                                                                                     |
[2022-10-11 11:18:39,336] [builder.py:653]            [DEBUG]    |                                                                                                    |
[2022-10-11 11:18:39,336] [builder.py:657]            [DEBUG]    | Validating Method: label                                                                           |
[2022-10-11 11:18:39,336] [builder.py:658]            [DEBUG]    | Value: TMDb Collections                                                                            |
[2022-10-11 11:18:39,337] [builder.py:653]            [DEBUG]    |                                                                                                    |
[2022-10-11 11:18:39,337] [builder.py:657]            [DEBUG]    | Validating Method: tmdb_collection_details                                                         |
[2022-10-11 11:18:39,337] [builder.py:658]            [DEBUG]    | Value: ['10456']                                                                                   |
[2022-10-11 11:18:39,350] [builder.py:653]            [DEBUG]    |                                                                                                    |
[2022-10-11 11:18:39,350] [builder.py:657]            [DEBUG]    | Validating Method: collection_mode                                                                 |
[2022-10-11 11:18:39,351] [builder.py:658]            [DEBUG]    | Value: hide_items                                                                                  |
[2022-10-11 11:18:39,351] [builder.py:653]            [DEBUG]    |                                                                                                    |
[2022-10-11 11:18:39,351] [builder.py:657]            [DEBUG]    | Validating Method: sort_title                                                                      |
[2022-10-11 11:18:39,351] [builder.py:658]            [DEBUG]    | Value: +C1_L'Inspecteur Harry                                                                      |
[2022-10-11 11:18:39,549] [builder.py:823]            [INFO]     |                                                                                                    |
[2022-10-11 11:18:39,549] [builder.py:824]            [INFO]     | Validation Successful                                                                              |
[2022-10-11 11:18:39,550] [plex_meta_manager.py:561]  [INFO]     |                                                                                                    |
[2022-10-11 11:18:39,550] [plex_meta_manager.py:563]  [INFO]     |============================== Running L'Inspecteur Harry Collection ===============================|
[2022-10-11 11:18:39,550] [plex_meta_manager.py:575]  [INFO]     |                                                                                                    |
[2022-10-11 11:18:39,550] [plex_meta_manager.py:576]  [INFO]     | Sync Mode: append                                                                                  |
[2022-10-11 11:18:39,551] [plex_meta_manager.py:579]  [DEBUG]    |                                                                                                    |
[2022-10-11 11:18:39,551] [plex_meta_manager.py:580]  [DEBUG]    | Builder: tmdb_collection: 10456                                                                    |
[2022-10-11 11:18:39,551] [plex_meta_manager.py:581]  [INFO]     |                                                                                                    |
[2022-10-11 11:18:39,557] [tmdb.py:381]               [INFO]     | Processing TMDb Collection: (10456) L'Inspecteur Harry - Saga (5 Items)                            |
[2022-10-11 11:18:39,557] [builder.py:1581]           [DEBUG]    |                                                                                                    |
[2022-10-11 11:18:39,557] [builder.py:1582]           [DEBUG]    | 5 IDs Found: [(984, 'tmdb'), (10648, 'tmdb'), (10649, 'tmdb'), (10650, 'tmdb'), (10651, 'tmdb')]   |
[2022-10-11 11:18:39,557] [builder.py:1583]           [DEBUG]    |                                                                                                    |
[2022-10-11 11:18:39,558] [builder.py:2132]           [INFO]     |                                                                                                    |
[2022-10-11 11:18:39,558] [builder.py:2133]           [INFO]     |============================= Adding to L'Inspecteur Harry Collection ==============================|
[2022-10-11 11:18:39,558] [builder.py:2134]           [INFO]     |                                                                                                    |
[2022-10-11 11:18:39,558] [builder.py:2148]           [INFO]     | 1/3 | L'Inspecteur Harry Collection | = | L'inspecteur ne renonce jamais (1976)                    |
[2022-10-11 11:18:39,559] [builder.py:2148]           [INFO]     | 2/3 | L'Inspecteur Harry Collection | = | Le Retour de l'inspecteur Harry (1983)                   |
[2022-10-11 11:18:39,559] [builder.py:2148]           [INFO]     | 3/3 | L'Inspecteur Harry Collection | = | La Dernière Cible (1988)                                 |
[2022-10-11 11:18:39,559] [builder.py:2168]           [INFO]     |                                                                                                    |
[2022-10-11 11:18:39,559] [builder.py:2170]           [INFO]     | 3 Movies Processed 0 Movies Added                                                                  |
[2022-10-11 11:18:39,559] [builder.py:2300]           [INFO]     |                                                                                                    |
[2022-10-11 11:18:39,560] [builder.py:2301]           [INFO]     |============================ Missing Movies from Library: Z. 1 - Films =============================|
[2022-10-11 11:18:39,560] [builder.py:2302]           [INFO]     |                                                                                                    |
[2022-10-11 11:18:39,580] [builder.py:2315]           [INFO]     | L'Inspecteur Harry Collection | ? | L'Inspecteur Harry (1971) (TMDb: 984)                          |
[2022-10-11 11:18:39,599] [builder.py:2315]           [INFO]     | L'Inspecteur Harry Collection | ? | Magnum Force (1973) (TMDb: 10648)                              |
[2022-10-11 11:18:39,599] [builder.py:2320]           [INFO]     |                                                                                                    |
[2022-10-11 11:18:39,600] [builder.py:2321]           [INFO]     | 2 Movies Missing                                                                                   |
[2022-10-11 11:18:39,636] [builder.py:2521]           [INFO]     |                                                                                                    |
[2022-10-11 11:18:39,636] [builder.py:2522]           [INFO]     |======================== Updating Details of L'Inspecteur Harry Collection =========================|
[2022-10-11 11:18:39,636] [builder.py:2523]           [INFO]     |                                                                                                    |
[2022-10-11 11:18:39,646] [builder.py:2589]           [INFO]     | Collection Metadata Edits                                                                          |
[2022-10-11 11:18:39,646] [builder.py:2660]           [WARNING]  | Asset Warning: Unable to find asset folder: 'L'Inspecteur Harry'                                   |
[2022-10-11 11:18:39,646] [util.py:171]               [DEBUG]    | 1 poster found:                                                                                    |
[2022-10-11 11:18:39,646] [util.py:173]               [DEBUG]    | Method: tmdb_collection_details Poster: https://image.tmdb.org/t/p/original/qhNLhstsB9M5NUwHvmVeDx9fTR2.jpg |
[2022-10-11 11:18:39,647] [util.py:171]               [DEBUG]    | 1 background found:                                                                                |
[2022-10-11 11:18:39,647] [util.py:173]               [DEBUG]    | Method: tmdb_collection_details Background: https://image.tmdb.org/t/p/original/nlpixhOhb3JmFqVXKjCwpYFpldf.jpg |
[2022-10-11 11:18:39,648] [library.py:173]            [INFO]     | Detail: poster update not needed                                                                   |
[2022-10-11 11:18:39,649] [library.py:189]            [INFO]     | Detail: background update not needed                                                               |
[2022-10-11 11:18:39,840] [plex_meta_manager.py:708]  [INFO]     |                                                                                                    |
[2022-10-11 11:18:39,840] [plex_meta_manager.py:709]  [INFO]     |====================================================================================================|
[2022-10-11 11:18:39,840] [plex_meta_manager.py:709]  [INFO]     |                               Finished L'Inspecteur Harry Collection                               |
[2022-10-11 11:18:39,840] [plex_meta_manager.py:709]  [INFO]     |                                    Collection Run Time: 0:00:00                                    |
[2022-10-11 11:18:39,840] [plex_meta_manager.py:709]  [INFO]     |====================================================================================================|
