[2022-10-11 09:26:54,163] [builder.py:197]            [INFO]     |====================================================================================================|
[2022-10-11 09:26:54,163] [builder.py:197]            [INFO]     |                                 Top Gun Collection in Z. 1 - Films                                 |
[2022-10-11 09:26:54,164] [builder.py:197]            [INFO]     |====================================================================================================|
[2022-10-11 09:26:54,164] [builder.py:198]            [INFO]     |                                                                                                    |
[2022-10-11 09:26:54,164] [builder.py:203]            [INFO]     |================================ Building Definition From Templates ================================|
[2022-10-11 09:26:54,164] [builder.py:211]            [DEBUG]    |                                                                                                    |
[2022-10-11 09:26:54,165] [meta.py:128]               [DEBUG]    | Template my_template                                                                               |
[2022-10-11 09:26:54,165] [meta.py:129]               [DEBUG]    | Call: {'value': ['531330'], 'tmdb_collection': ['531330'], 'key_name': 'Top Gun', 'key': '531330', 'name': 'my_template'} |
[2022-10-11 09:26:54,165] [meta.py:304]               [DEBUG]    |                                                                                                    |
[2022-10-11 09:26:54,165] [meta.py:305]               [DEBUG]    | Variables: {'value': ['531330'], 'tmdb_collection': ['531330'], 'key_name': 'Top Gun', 'key': '531330', 'name': 'my_template', 'collection_name': 'Top Gun', 'mapping_name': 'Top Gun', 'library_type': 'movie', 'library_name': 'Z. 1 - Films', 'value_encoded': '%5B%27531330%27%5D', 'tmdb_collection_encoded': '%5B%27531330%27%5D', 'key_name_encoded': 'Top%20Gun', 'key_encoded': '531330', 'name_encoded': 'my_template', 'collection_name_encoded': 'Top%20Gun', 'mapping_name_encoded': 'Top%20Gun', 'library_type_encoded': 'movie', 'library_name_encoded': 'Z.%201%20-%20Films', 'collection_sort': 'Top Gun'} |
[2022-10-11 09:26:54,165] [meta.py:306]               [DEBUG]    |                                                                                                    |
[2022-10-11 09:26:54,165] [meta.py:307]               [DEBUG]    | Defaults: {}                                                                                       |
[2022-10-11 09:26:54,166] [meta.py:308]               [DEBUG]    |                                                                                                    |
[2022-10-11 09:26:54,166] [meta.py:309]               [DEBUG]    | Optional: ['my_collection_poster', 'my_collection_poster_encoded']                                 |
[2022-10-11 09:26:54,167] [meta.py:370]               [DEBUG]    |                                                                                                    |
[2022-10-11 09:26:54,167] [meta.py:371]               [DEBUG]    | Final Template Attributes: {'tmdb_collection_details': ['531330'], 'collection_order': 'release', 'collection_mode': 'hide_items'} |
[2022-10-11 09:26:54,167] [meta.py:372]               [DEBUG]    |                                                                                                    |
[2022-10-11 09:26:54,168] [builder.py:219]            [INFO]     |================================== Validating Top Gun Attributes ===================================|
[2022-10-11 09:26:54,168] [builder.py:609]            [DEBUG]    |                                                                                                    |
[2022-10-11 09:26:54,168] [builder.py:610]            [DEBUG]    | Validating Method: collection_order                                                                |
[2022-10-11 09:26:54,168] [builder.py:611]            [DEBUG]    | Value: release                                                                                     |
[2022-10-11 09:26:54,168] [builder.py:627]            [DEBUG]    |                                                                                                    |
[2022-10-11 09:26:54,169] [builder.py:631]            [DEBUG]    | Validating Method: label                                                                           |
[2022-10-11 09:26:54,169] [builder.py:632]            [DEBUG]    | Value: TMDb Collections                                                                            |
[2022-10-11 09:26:54,169] [builder.py:627]            [DEBUG]    |                                                                                                    |
[2022-10-11 09:26:54,169] [builder.py:631]            [DEBUG]    | Validating Method: tmdb_collection_details                                                         |
[2022-10-11 09:26:54,169] [builder.py:632]            [DEBUG]    | Value: ['531330']                                                                                  |
[2022-10-11 09:26:54,182] [builder.py:627]            [DEBUG]    |                                                                                                    |
[2022-10-11 09:26:54,182] [builder.py:631]            [DEBUG]    | Validating Method: collection_mode                                                                 |
[2022-10-11 09:26:54,182] [builder.py:632]            [DEBUG]    | Value: hide_items                                                                                  |
[2022-10-11 09:26:54,188] [plex.py:790]               [DEBUG]    |                                                                                                    |
[2022-10-11 09:26:54,189] [plex.py:793]               [DEBUG]    | Looking for: Top Gun                                                                               |
[2022-10-11 09:26:54,189] [builder.py:797]            [INFO]     |                                                                                                    |
[2022-10-11 09:26:54,189] [builder.py:798]            [INFO]     | Validation Successful                                                                              |
[2022-10-11 09:26:54,189] [plex_meta_manager.py:561]  [INFO]     |                                                                                                    |
[2022-10-11 09:26:54,190] [plex_meta_manager.py:563]  [INFO]     |==================================== Running Top Gun Collection ====================================|
[2022-10-11 09:26:54,190] [plex_meta_manager.py:575]  [INFO]     |                                                                                                    |
[2022-10-11 09:26:54,190] [plex_meta_manager.py:576]  [INFO]     | Sync Mode: append                                                                                  |
[2022-10-11 09:26:54,190] [plex_meta_manager.py:579]  [DEBUG]    |                                                                                                    |
[2022-10-11 09:26:54,190] [plex_meta_manager.py:580]  [DEBUG]    | Builder: tmdb_collection: 531330                                                                   |
[2022-10-11 09:26:54,191] [plex_meta_manager.py:581]  [INFO]     |                                                                                                    |
[2022-10-11 09:26:54,196] [tmdb.py:382]               [INFO]     | Processing TMDb Collection: (531330) Top Gun - Saga (2 Items)                                      |
[2022-10-11 09:26:54,196] [builder.py:1540]           [DEBUG]    |                                                                                                    |
[2022-10-11 09:26:54,196] [builder.py:1541]           [DEBUG]    | 2 IDs Found: [(744, 'tmdb'), (361743, 'tmdb')]                                                     |
[2022-10-11 09:26:54,196] [builder.py:1542]           [DEBUG]    |                                                                                                    |
[2022-10-11 09:26:54,197] [builder.py:2064]           [INFO]     |                                                                                                    |
[2022-10-11 09:26:54,197] [builder.py:2065]           [INFO]     |=================================== Adding to Top Gun Collection ===================================|
[2022-10-11 09:26:54,197] [builder.py:2066]           [INFO]     |                                                                                                    |
[2022-10-11 09:26:54,197] [builder.py:2080]           [INFO]     | 1/2 | Top Gun Collection | + | Top Gun (1986)                                                      |
[2022-10-11 09:26:57,133] [builder.py:2080]           [INFO]     | 2/2 | Top Gun Collection | + | Top Gun: Maverick (2022)                                            |
[2022-10-11 09:26:59,711] [builder.py:2100]           [INFO]     |                                                                                                    |
[2022-10-11 09:26:59,711] [builder.py:2102]           [INFO]     | 2 Movies Processed 2 Movies Added                                                                  |
[2022-10-11 09:26:59,719] [builder.py:2441]           [INFO]     |                                                                                                    |
[2022-10-11 09:26:59,719] [builder.py:2442]           [INFO]     |============================== Updating Details of Top Gun Collection ==============================|
[2022-10-11 09:26:59,719] [builder.py:2443]           [INFO]     |                                                                                                    |
[2022-10-11 09:26:59,886] [builder.py:2509]           [INFO]     | Collection Metadata Edits                                                                          |
                                                                 | Summary (tmdb_collection_details) | Série de films basée sur le personnage du lieutenant Pete Maverick Mitchell, un aviateur de la marine américaine.
                                                                 | Label | +TMDb Collections, +PMM
[2022-10-11 09:27:00,106] [builder.py:2513]           [INFO]     | Details: have been updated
[2022-10-11 09:27:00,106] [builder.py:2517]           [INFO]     | 
[2022-10-11 09:27:00,283] [builder.py:2529]           [INFO]     | Collection Mode | hideItems
[2022-10-11 09:27:00,283] [builder.py:2580]           [WARNING]  | Asset Warning: Unable to find asset folder: 'Top Gun'
[2022-10-11 09:27:00,284] [util.py:150]               [DEBUG]    | 1 poster found:
[2022-10-11 09:27:00,284] [util.py:152]               [DEBUG]    | Method: tmdb_collection_details Poster: https://image.tmdb.org/t/p/original/pG4LGdxjNBHbsjMKnPWtkRSJcUv.jpg
[2022-10-11 09:27:00,284] [util.py:150]               [DEBUG]    | 1 background found:
[2022-10-11 09:27:00,284] [util.py:152]               [DEBUG]    | Method: tmdb_collection_details Background: https://image.tmdb.org/t/p/original/eNupRRVv0a4dkVTxOMvG7LhNBaq.jpg
[2022-10-11 09:27:00,314] [library.py:170]            [INFO]     | Detail: tmdb_collection_details updated poster to [URL] https://image.tmdb.org/t/p/original/pG4LGdxjNBHbsjMKnPWtkRSJcUv.jpg
[2022-10-11 09:27:00,351] [library.py:186]            [INFO]     | Detail: tmdb_collection_details updated background to [URL] https://image.tmdb.org/t/p/original/eNupRRVv0a4dkVTxOMvG7LhNBaq.jpg
[2022-10-11 09:27:00,575] [plex_meta_manager.py:708]  [INFO]     | 
[2022-10-11 09:27:00,576] [plex_meta_manager.py:709]  [INFO]     |====================================================================================================|
[2022-10-11 09:27:00,576] [plex_meta_manager.py:709]  [INFO]     |                                    Finished Top Gun Collection                                     |
[2022-10-11 09:27:00,576] [plex_meta_manager.py:709]  [INFO]     |                                    Collection Run Time: 0:00:06                                    |
[2022-10-11 09:27:00,577] [plex_meta_manager.py:709]  [INFO]     |====================================================================================================|
