[2022-09-29 16:31:22,114] [builder.py:197]            [INFO]     |====================================================================================================|
[2022-09-29 16:31:22,115] [builder.py:197]            [INFO]     |                            Best of the 1950s Collection in Z. 1 - Films                            |
[2022-09-29 16:31:22,115] [builder.py:197]            [INFO]     |====================================================================================================|
[2022-09-29 16:31:22,115] [builder.py:198]            [INFO]     |                                                                                                    |
[2022-09-29 16:31:22,115] [builder.py:203]            [INFO]     |================================ Building Definition From Templates ================================|
[2022-09-29 16:31:22,115] [builder.py:211]            [DEBUG]    |                                                                                                    |
[2022-09-29 16:31:22,115] [meta.py:128]               [DEBUG]    | Template Chart                                                                                     |
[2022-09-29 16:31:22,116] [meta.py:129]               [DEBUG]    | Call: ordereddict([('name', 'Chart'), ('num', 7)])                                                 |
[2022-09-29 16:31:22,116] [meta.py:304]               [DEBUG]    |                                                                                                    |
[2022-09-29 16:31:22,116] [meta.py:305]               [DEBUG]    | Variables: ordereddict([('name', 'Chart'), ('num', 7), ('collection_name', 'Best of the 1950s'), ('mapping_name', 'Best of the 1950s'), ('library_type', 'movie'), ('library_name', 'Z. 1 - Films'), ('name_encoded', 'Chart'), ('num_encoded', '7'), ('collection_name_encoded', 'Best%20of%20the%201950s'), ('mapping_name_encoded', 'Best%20of%20the%201950s'), ('library_type_encoded', 'movie'), ('library_name_encoded', 'Z.%201%20-%20Films'), ('collection_sort', 'Best of the 1950s')]) |
[2022-09-29 16:31:22,116] [meta.py:306]               [DEBUG]    |                                                                                                    |
[2022-09-29 16:31:22,116] [meta.py:307]               [DEBUG]    | Defaults: {}                                                                                       |
[2022-09-29 16:31:22,117] [meta.py:308]               [DEBUG]    |                                                                                                    |
[2022-09-29 16:31:22,117] [meta.py:309]               [DEBUG]    | Optional: []                                                                                       |
[2022-09-29 16:31:22,117] [meta.py:370]               [DEBUG]    |                                                                                                    |
[2022-09-29 16:31:22,117] [meta.py:371]               [DEBUG]    | Final Template Attributes: {'sort_title': '+1_7Best of the 1950s', 'sync_mode': 'sync', 'smart_label': 'random'} |
[2022-09-29 16:31:22,118] [meta.py:372]               [DEBUG]    |                                                                                                    |
[2022-09-29 16:31:22,118] [builder.py:219]            [INFO]     |============================= Validating Best of the 1950s Attributes ==============================|
[2022-09-29 16:31:22,118] [builder.py:488]            [DEBUG]    |                                                                                                    |
[2022-09-29 16:31:22,118] [builder.py:489]            [DEBUG]    | Validating Method: sync_mode                                                                       |
[2022-09-29 16:31:22,118] [builder.py:493]            [DEBUG]    | Value: sync                                                                                        |
[2022-09-29 16:31:22,118] [builder.py:538]            [DEBUG]    |                                                                                                    |
[2022-09-29 16:31:22,118] [builder.py:539]            [DEBUG]    | Validating Method: smart_label                                                                     |
[2022-09-29 16:31:22,119] [builder.py:544]            [DEBUG]    | Value: random                                                                                      |
[2022-09-29 16:31:22,124] [builder.py:627]            [DEBUG]    |                                                                                                    |
[2022-09-29 16:31:22,124] [builder.py:631]            [DEBUG]    | Validating Method: tmdb_discover                                                                   |
[2022-09-29 16:31:22,124] [builder.py:632]            [DEBUG]    | Value: ordereddict([('primary_release_date.lte', '12/31/1959'), ('with_original_language', 'fr'), ('sort_by', 'popularity.desc'), ('limit', 100)]) |
[2022-09-29 16:31:22,125] [builder.py:627]            [DEBUG]    |                                                                                                    |
[2022-09-29 16:31:22,125] [builder.py:631]            [DEBUG]    | Validating Method: summary                                                                         |
[2022-09-29 16:31:22,125] [builder.py:632]            [DEBUG]    | Value: Le meilleurs avant les années 1960                                                          |
[2022-09-29 16:31:22,126] [builder.py:627]            [DEBUG]    |                                                                                                    |
[2022-09-29 16:31:22,126] [builder.py:631]            [DEBUG]    | Validating Method: sort_title                                                                      |
[2022-09-29 16:31:22,126] [builder.py:632]            [DEBUG]    | Value: +1_7Best of the 1950s                                                                       |
[2022-09-29 16:31:22,131] [plex.py:790]               [DEBUG]    |                                                                                                    |
[2022-09-29 16:31:22,131] [plex.py:793]               [DEBUG]    | Looking for: Best of the 1950s                                                                     |
[2022-09-29 16:31:22,131] [builder.py:797]            [INFO]     |                                                                                                    |
[2022-09-29 16:31:22,131] [builder.py:798]            [INFO]     | Validation Successful                                                                              |
[2022-09-29 16:31:22,132] [plex_meta_manager.py:561]  [INFO]     |                                                                                                    |
[2022-09-29 16:31:22,132] [plex_meta_manager.py:563]  [INFO]     |=============================== Running Best of the 1950s Collection ===============================|
[2022-09-29 16:31:22,132] [plex_meta_manager.py:575]  [INFO]     |                                                                                                    |
[2022-09-29 16:31:22,132] [plex_meta_manager.py:576]  [INFO]     | Sync Mode: sync                                                                                    |
[2022-09-29 16:31:22,132] [plex_meta_manager.py:579]  [DEBUG]    |                                                                                                    |
[2022-09-29 16:31:22,133] [plex_meta_manager.py:580]  [DEBUG]    | Builder: tmdb_discover: {'limit': 100, 'primary_release_date.lte': '12/31/1959', 'with_original_language': 'fr', 'sort_by': 'popularity.desc'} |
[2022-09-29 16:31:22,133] [plex_meta_manager.py:581]  [INFO]     |                                                                                                    |
[2022-09-29 16:31:22,958] [tmdb.py:339]               [INFO]     | Processing TMDb Discover: 100 Movies                                                               |
[2022-09-29 16:31:22,959] [tmdb.py:341]               [INFO]     |            primary_release_date.lte: 1959-12-31                                                    |
[2022-09-29 16:31:22,959] [tmdb.py:341]               [INFO]     |            with_original_language: fr                                                              |
[2022-09-29 16:31:22,959] [tmdb.py:341]               [INFO]     |            sort_by: popularity.desc                                                                |
[2022-09-29 16:31:22,960] [builder.py:1540]           [DEBUG]    |                                                                                                    |
[2022-09-29 16:31:22,960] [builder.py:1541]           [DEBUG]    | 100 IDs Found: [(147, 'tmdb'), (5544, 'tmdb'), (775, 'tmdb'), (934, 'tmdb'), (776, 'tmdb'), (2457, 'tmdb'), (204, 'tmdb'), (427, 'tmdb'), (780, 'tmdb'), (8420, 'tmdb'), (778, 'tmdb'), (648, 'tmdb'), (626, 'tmdb'), (29082, 'tmdb'), (827, 'tmdb'), (5729, 'tmdb'), (5000, 'tmdb'), (15244, 'tmdb'), (43904, 'tmdb'), (777, 'tmdb'), (4595, 'tmdb'), (11594, 'tmdb'), (66540, 'tmdb'), (67446, 'tmdb'), (1093, 'tmdb'), (774, 'tmdb'), (4558, 'tmdb'), (27430, 'tmdb'), (37454, 'tmdb'), (43360, 'tmdb'), (29084, 'tmdb'), (42818, 'tmdb'), (77418, 'tmdb'), (26252, 'tmdb'), (36877, 'tmdb'), (803, 'tmdb'), (4412, 'tmdb'), (104700, 'tmdb'), (68822, 'tmdb'), (19178, 'tmdb'), (71323, 'tmdb'), (26614, 'tmdb'), (2574, 'tmdb'), (82120, 'tmdb'), (58736, 'tmdb'), (46326, 'tmdb'), (15265, 'tmdb'), (42536, 'tmdb'), (48365, 'tmdb'), (29415, 'tmdb'), (11578, 'tmdb'), (27030, 'tmdb'), (50030, 'tmdb'), (48369, 'tmdb'), (44494, 'tmdb'), (49842, 'tmdb'), (49845, 'tmdb'), (43376, 'tmdb'), (52726, 'tmdb'), (690, 'tmdb'), (44521, 'tmdb'), (43878, 'tmdb'), (49296, 'tmdb'), (114108, 'tmdb'), (27053, 'tmdb'), (40650, 'tmdb'), (62547, 'tmdb'), (2963, 'tmdb'), (160, 'tmdb'), (51949, 'tmdb'), (74402, 'tmdb'), (28189, 'tmdb'), (44473, 'tmdb'), (150535, 'tmdb'), (35987, 'tmdb'), (54436, 'tmdb'), (5562, 'tmdb'), (133063, 'tmdb'), (67736, 'tmdb'), (85221, 'tmdb'), (2363, 'tmdb'), (26030, 'tmdb'), (104462, 'tmdb'), (434966, 'tmdb'), (315946, 'tmdb'), (76644, 'tmdb'), (49280, 'tmdb'), (107011, 'tmdb'), (56544, 'tmdb'), (54880, 'tmdb'), (31514, 'tmdb'), (91262, 'tmdb'), (15390, 'tmdb'), (76777, 'tmdb'), (28190, 'tmdb'), (98969, 'tmdb'), (50444, 'tmdb'), (49279, 'tmdb'), (49452, 'tmdb'), (87561, 'tmdb')] |
[2022-09-29 16:31:22,961] [builder.py:1542]           [DEBUG]    |                                                                                                    |
[2022-09-29 16:31:22,968] [builder.py:2064]           [INFO]     |                                                                                                    |
[2022-09-29 16:31:22,969] [builder.py:2065]           [INFO]     |============================== Adding to Best of the 1950s Collection ==============================|
[2022-09-29 16:31:22,969] [builder.py:2066]           [INFO]     |                                                                                                    |
[2022-09-29 16:31:22,985] [builder.py:2080]           [INFO]     | 1/1 | Best of the 1950s Collection | + | Ni vu, ni connu (1958)                                    |
[2022-09-29 16:31:23,760] [builder.py:2100]           [INFO]     |                                                                                                    |
[2022-09-29 16:31:23,761] [builder.py:2102]           [INFO]     | 1 Movie Processed 1 Movie Added                                                                    |
[2022-09-29 16:31:23,761] [builder.py:2228]           [INFO]     |                                                                                                    |
[2022-09-29 16:31:23,761] [builder.py:2229]           [INFO]     |============================ Missing Movies from Library: Z. 1 - Films =============================|
[2022-09-29 16:31:23,761] [builder.py:2230]           [INFO]     |                                                                                                    |
[2022-09-29 16:31:23,778] [builder.py:2243]           [INFO]     | Best of the 1950s Collection | ? | The 400 Blows (1959) (TMDb: 147)                                |
[2022-09-29 16:31:23,821] [builder.py:2243]           [INFO]     | Best of the 1950s Collection | ? | Hiroshima Mon Amour (1959) (TMDb: 5544)                         |
[2022-09-29 16:31:23,836] [builder.py:2243]           [INFO]     | Best of the 1950s Collection | ? | A Trip to the Moon (1902) (TMDb: 775)                           |
[2022-09-29 16:31:23,879] [builder.py:2243]           [INFO]     | Best of the 1950s Collection | ? | Rififi (1955) (TMDb: 934)                                       |
[2022-09-29 16:31:23,896] [builder.py:2243]           [INFO]     | Best of the 1950s Collection | ? | The Rules of the Game (1939) (TMDb: 776)                        |
[2022-09-29 16:31:23,912] [builder.py:2243]           [INFO]     | Best of the 1950s Collection | ? | Children of Paradise (1945) (TMDb: 2457)                        |
[2022-09-29 16:31:23,938] [builder.py:2243]           [INFO]     | Best of the 1950s Collection | ? | The Wages of Fear (1953) (TMDb: 204)                            |
[2022-09-29 16:31:23,963] [builder.py:2243]           [INFO]     | Best of the 1950s Collection | ? | Mon Oncle (1958) (TMDb: 427)                                    |
[2022-09-29 16:31:23,988] [builder.py:2243]           [INFO]     | Best of the 1950s Collection | ? | The Passion of Joan of Arc (1928) (TMDb: 780)                   |
[2022-09-29 16:31:24,013] [builder.py:2243]           [INFO]     | Best of the 1950s Collection | ? | ...And God Created Woman (1956) (TMDb: 8420)                    |
[2022-09-29 16:31:24,038] [builder.py:2243]           [INFO]     | Best of the 1950s Collection | ? | Monsieur Hulot's Holiday (1953) (TMDb: 778)                     |
[2022-09-29 16:31:24,063] [builder.py:2243]           [INFO]     | Best of the 1950s Collection | ? | Beauty and the Beast (1946) (TMDb: 648)                         |
[2022-09-29 16:31:24,088] [builder.py:2243]           [INFO]     | Best of the 1950s Collection | ? | Un Chien Andalou (1929) (TMDb: 626)                             |
[2022-09-29 16:31:24,113] [builder.py:2243]           [INFO]     | Best of the 1950s Collection | ? | The Vampires or, The Arch Criminals of Paris (1915) (TMDb: 29082) |
[2022-09-29 16:31:24,138] [builder.py:2243]           [INFO]     | Best of the 1950s Collection | ? | Diabolique (1955) (TMDb: 827)                                   |
[2022-09-29 16:31:24,163] [builder.py:2243]           [INFO]     | Best of the 1950s Collection | ? | L'Âge d'Or (1930) (TMDb: 5729)                                  |
[2022-09-29 16:31:24,188] [builder.py:2243]           [INFO]     | Best of the 1950s Collection | ? | Forbidden Games (1952) (TMDb: 5000)                             |
[2022-09-29 16:31:24,213] [builder.py:2243]           [INFO]     | Best of the 1950s Collection | ? | A Man Escaped (1956) (TMDb: 15244)                              |
[2022-09-29 16:31:24,288] [builder.py:2243]           [INFO]     | Best of the 1950s Collection | ? | L'Atalante (1934) (TMDb: 43904)                                 |
[2022-09-29 16:31:24,332] [builder.py:2243]           [INFO]     | Best of the 1950s Collection | ? | Grand Illusion (1937) (TMDb: 777)                               |
[2022-09-29 16:31:24,396] [builder.py:2243]           [INFO]     | Best of the 1950s Collection | ? | Jour de fête (1949) (TMDb: 4595)                                |
[2022-09-29 16:31:24,438] [builder.py:2243]           [INFO]     | Best of the 1950s Collection | ? | The Hunchback of Notre Dame (1956) (TMDb: 11594)                |
[2022-09-29 16:31:24,463] [builder.py:2243]           [INFO]     | Best of the 1950s Collection | ? | Ali Baba and the Forty Thieves (1954) (TMDb: 66540)             |
[2022-09-29 16:31:24,488] [builder.py:2243]           [INFO]     | Best of the 1950s Collection | ? | The Three Musketeers (1953) (TMDb: 67446)                       |
[2022-09-29 16:31:24,538] [builder.py:2243]           [INFO]     | Best of the 1950s Collection | ? | Elevator to the Gallows (1958) (TMDb: 1093)                     |
[2022-09-29 16:31:24,540] [builder.py:2243]           [INFO]     | Best of the 1950s Collection | ? | Workers Leaving the Lumière Factory (1895) (TMDb: 774)          |
[2022-09-29 16:31:24,564] [builder.py:2243]           [INFO]     | Best of the 1950s Collection | ? | Orpheus (1950) (TMDb: 4558)                                     |
[2022-09-29 16:31:24,588] [builder.py:2243]           [INFO]     | Best of the 1950s Collection | ? | Touchez Pas au Grisbi (1954) (TMDb: 27430)                      |
[2022-09-29 16:31:24,613] [builder.py:2243]           [INFO]     | Best of the 1950s Collection | ? | Maigret Sets a Trap (1958) (TMDb: 37454)                        |
[2022-09-29 16:31:24,638] [builder.py:2243]           [INFO]     | Best of the 1950s Collection | ? | Le Plaisir (1952) (TMDb: 43360)                                 |
[2022-09-29 16:31:24,663] [builder.py:2243]           [INFO]     | Best of the 1950s Collection | ? | Le Corbeau (1943) (TMDb: 29084)                                 |
[2022-09-29 16:31:24,688] [builder.py:2243]           [INFO]     | Best of the 1950s Collection | ? | Marius (1931) (TMDb: 42818)                                     |
[2022-09-29 16:31:24,713] [builder.py:2243]           [INFO]     | Best of the 1950s Collection | ? | Michael Strogoff (1956) (TMDb: 77418)                           |
[2022-09-29 16:31:24,738] [builder.py:2243]           [INFO]     | Best of the 1950s Collection | ? | Pépé le Moko (1937) (TMDb: 26252)                               |
[2022-09-29 16:31:24,763] [builder.py:2243]           [INFO]     | Best of the 1950s Collection | ? | The Blood of a Poet (1932) (TMDb: 36877)                        |
[2022-09-29 16:31:24,789] [builder.py:2243]           [INFO]     | Best of the 1950s Collection | ? | Night and Fog (1955) (TMDb: 803)                                |
[2022-09-29 16:31:24,814] [builder.py:2243]           [INFO]     | Best of the 1950s Collection | ? | Les Misérables (1958) (TMDb: 4412)                              |
[2022-09-29 16:31:24,845] [builder.py:2243]           [INFO]     | Best of the 1950s Collection | ? | The Astronomer's Dream (1898) (TMDb: 104700)                    |
[2022-09-29 16:31:24,859] [builder.py:2243]           [INFO]     | Best of the 1950s Collection | ? | Casque d'Or (1952) (TMDb: 68822)                                |
[2022-09-29 16:31:24,872] [builder.py:2243]           [INFO]     | Best of the 1950s Collection | ? | The Trip Across Paris (1956) (TMDb: 19178)                      |
[2022-09-29 16:31:24,888] [builder.py:2243]           [INFO]     | Best of the 1950s Collection | ? | 125, rue Montmartre (1959) (TMDb: 71323)                        |
[2022-09-29 16:31:24,899] [builder.py:2243]           [INFO]     | Best of the 1950s Collection | ? | La Chienne (1931) (TMDb: 26614)                                 |
[2022-09-29 16:31:24,916] [builder.py:2243]           [INFO]     | Best of the 1950s Collection | ? | The Lovers (1958) (TMDb: 2574)                                  |
[2022-09-29 16:31:24,938] [builder.py:2243]           [INFO]     | Best of the 1950s Collection | ? | The Sprinkler Sprinkled (1895) (TMDb: 82120)                    |
[2022-09-29 16:31:24,989] [builder.py:2243]           [INFO]     | Best of the 1950s Collection | ? | The Cow and I (1959) (TMDb: 58736)                              |
[2022-09-29 16:31:25,021] [builder.py:2243]           [INFO]     | Best of the 1950s Collection | ? | Port of Shadows (1938) (TMDb: 46326)                            |
[2022-09-29 16:31:25,041] [builder.py:2243]           [INFO]     | Best of the 1950s Collection | ? | The Red Balloon (1956) (TMDb: 15265)                            |
[2022-09-29 16:31:25,056] [builder.py:2243]           [INFO]     | Best of the 1950s Collection | ? | Napoleon (1927) (TMDb: 42536)                                   |
[2022-09-29 16:31:25,077] [builder.py:2243]           [INFO]     | Best of the 1950s Collection | ? | Boudu Saved from Drowning (1932) (TMDb: 48365)                  |
[2022-09-29 16:31:25,095] [builder.py:2243]           [INFO]     | Best of the 1950s Collection | ? | La Bête Humaine (1938) (TMDb: 29415)                            |
[2022-09-29 16:31:25,111] [builder.py:2243]           [INFO]     | Best of the 1950s Collection | ? | The Return of Don Camillo (1953) (TMDb: 11578)                  |
[2022-09-29 16:31:25,125] [builder.py:2243]           [INFO]     | Best of the 1950s Collection | ? | The Earrings of Madame de... (1953) (TMDb: 27030)               |
[2022-09-29 16:31:25,163] [builder.py:2243]           [INFO]     | Best of the 1950s Collection | ? | La Ronde (1950) (TMDb: 50030)                                   |
[2022-09-29 16:31:25,189] [builder.py:2243]           [INFO]     | Best of the 1950s Collection | ? | Hôtel du Nord (1938) (TMDb: 48369)                              |
[2022-09-29 16:31:25,247] [builder.py:2243]           [INFO]     | Best of the 1950s Collection | ? | Zero for Conduct (1933) (TMDb: 44494)                           |
[2022-09-29 16:31:25,272] [builder.py:2243]           [INFO]     | Best of the 1950s Collection | ? | Jenny Lamour (1947) (TMDb: 49842)                               |
[2022-09-29 16:31:25,362] [builder.py:2243]           [INFO]     | Best of the 1950s Collection | ? | Les Dames du Bois de Boulogne (1945) (TMDb: 49845)              |
[2022-09-29 16:31:25,531] [builder.py:2243]           [INFO]     | Best of the 1950s Collection | ? | Diary of a Country Priest (1951) (TMDb: 43376)                  |
[2022-09-29 16:31:25,579] [builder.py:2243]           [INFO]     | Best of the 1950s Collection | ? | Gervaise (1956) (TMDb: 52726)                                   |
[2022-09-29 16:31:25,597] [builder.py:2243]           [INFO]     | Best of the 1950s Collection | ? | Pickpocket (1959) (TMDb: 690)                                   |
[2022-09-29 16:31:25,646] [builder.py:2243]           [INFO]     | Best of the 1950s Collection | ? | A Day in the Country (1946) (TMDb: 43878)                       |
[2022-09-29 16:31:25,664] [builder.py:2243]           [INFO]     | Best of the 1950s Collection | ? | The Four Troublesome Heads (1898) (TMDb: 49296)                 |
[2022-09-29 16:31:25,689] [builder.py:2243]           [INFO]     | Best of the 1950s Collection | ? | Cinderella (1899) (TMDb: 114108)                                |
[2022-09-29 16:31:25,714] [builder.py:2243]           [INFO]     | Best of the 1950s Collection | ? | Le Jour Se Lève (1939) (TMDb: 27053)                            |
[2022-09-29 16:31:25,739] [builder.py:2243]           [INFO]     | Best of the 1950s Collection | ? | The Silence of the Sea (1949) (TMDb: 40650)                     |
[2022-09-29 16:31:25,763] [builder.py:2243]           [INFO]     | Best of the 1950s Collection | ? | Fan-Fan the Tulip (1952) (TMDb: 62547)                          |
[2022-09-29 16:31:25,788] [builder.py:2243]           [INFO]     | Best of the 1950s Collection | ? | The Impossible Voyage (1904) (TMDb: 2963)                       |
[2022-09-29 16:31:25,805] [builder.py:2243]           [INFO]     | Best of the 1950s Collection | ? | The Arrival of a Train at La Ciotat (1896) (TMDb: 160)          |
[2022-09-29 16:31:25,821] [builder.py:2243]           [INFO]     | Best of the 1950s Collection | ? | Toni (1935) (TMDb: 51949)                                       |
[2022-09-29 16:31:25,869] [builder.py:2243]           [INFO]     | Best of the 1950s Collection | ? | The Murderer Lives at Number 21 (1942) (TMDb: 74402)            |
[2022-09-29 16:31:25,886] [builder.py:2243]           [INFO]     | Best of the 1950s Collection | ? | The Fall of the House of Usher (1928) (TMDb: 28189)             |
[2022-09-29 16:31:25,903] [builder.py:2243]           [INFO]     | Best of the 1950s Collection | ? | Entr'acte (1924) (TMDb: 44473)                                  |
[2022-09-29 16:31:26,278] [builder.py:2243]           [INFO]     | Best of the 1950s Collection | ? | Alice in Wonderland (1949) (TMDb: 150535)                       |
[2022-09-29 16:31:26,303] [builder.py:2243]           [INFO]     | Best of the 1950s Collection | ? | Lola Montès (1955) (TMDb: 35987)                                |
[2022-09-29 16:31:26,320] [builder.py:2243]           [INFO]     | Best of the 1950s Collection | ? | La Pointe-Courte (1955) (TMDb: 54436)                           |
[2022-09-29 16:31:26,337] [builder.py:2243]           [INFO]     | Best of the 1950s Collection | ? | Le Beau Serge (1958) (TMDb: 5562)                               |
[2022-09-29 16:31:26,353] [builder.py:2243]           [INFO]     | Best of the 1950s Collection | ? | The Haunted Castle (1896) (TMDb: 133063)                        |
[2022-09-29 16:31:26,720] [builder.py:2243]           [INFO]     | Best of the 1950s Collection | ? | Thérèse Raquin (1953) (TMDb: 67736)                             |
[2022-09-29 16:31:26,745] [builder.py:2243]           [INFO]     | Best of the 1950s Collection | ? | Fantasmagorie (1908) (TMDb: 85221)                              |
[2022-09-29 16:31:26,761] [builder.py:2243]           [INFO]     | Best of the 1950s Collection | ? | The Cousins (1959) (TMDb: 2363)                                 |
[2022-09-29 16:31:26,778] [builder.py:2243]           [INFO]     | Best of the 1950s Collection | ? | Bob le Flambeur (1956) (TMDb: 26030)                            |
[2022-09-29 16:31:27,261] [builder.py:2243]           [INFO]     | Best of the 1950s Collection | ? | A Terrible Night (1896) (TMDb: 104462)                          |
[2022-09-29 16:31:27,287] [builder.py:2243]           [INFO]     | Best of the 1950s Collection | ? | Maigret and the St. Fiacre Case (1959) (TMDb: 434966)           |
[2022-09-29 16:31:27,324] [builder.py:2243]           [INFO]     | Best of the 1950s Collection | ? | Passage of Venus (1874) (TMDb: 315946)                          |
[2022-09-29 16:31:27,345] [builder.py:2243]           [INFO]     | Best of the 1950s Collection | ? | The Night Affair (1958) (TMDb: 76644)                           |
[2022-09-29 16:31:27,363] [builder.py:2243]           [INFO]     | Best of the 1950s Collection | ? | The One-Man Band (1900) (TMDb: 49280)                           |
[2022-09-29 16:31:27,667] [builder.py:2243]           [INFO]     | Best of the 1950s Collection | ? | Ballet Mécanique (1924) (TMDb: 107011)                          |
[2022-09-29 16:31:28,298] [builder.py:2243]           [INFO]     | Best of the 1950s Collection | ? | The Law Is the Law (1958) (TMDb: 56544)                         |
[2022-09-29 16:31:28,346] [builder.py:2243]           [INFO]     | Best of the 1950s Collection | ? | The Hunchback of Paris (1959) (TMDb: 54880)                     |
[2022-09-29 16:31:28,357] [builder.py:2243]           [INFO]     | Best of the 1950s Collection | ? | À Nous la Liberté (1931) (TMDb: 31514)                          |
[2022-09-29 16:31:28,678] [builder.py:2243]           [INFO]     | Best of the 1950s Collection | ? | Blood of the Beasts (1949) (TMDb: 91262)                        |
[2022-09-29 16:31:28,721] [builder.py:2243]           [INFO]     | Best of the 1950s Collection | ? | Les Enfants terribles (1950) (TMDb: 15390)                      |
[2022-09-29 16:31:28,733] [builder.py:2243]           [INFO]     | Best of the 1950s Collection | ? | Marie-Octobre (1959) (TMDb: 76777)                              |
[2022-09-29 16:31:29,137] [builder.py:2243]           [INFO]     | Best of the 1950s Collection | ? | The Red Inn (1951) (TMDb: 28190)                                |
[2022-09-29 16:31:29,595] [builder.py:2243]           [INFO]     | Best of the 1950s Collection | ? | Le Rouge et le Noir (1954) (TMDb: 98969)                        |
[2022-09-29 16:31:29,972] [builder.py:2243]           [INFO]     | Best of the 1950s Collection | ? | Mr. Peek-a-Boo (1951) (TMDb: 50444)                             |
[2022-09-29 16:31:30,021] [builder.py:2243]           [INFO]     | Best of the 1950s Collection | ? | The Man with the Rubber Head (1901) (TMDb: 49279)               |
[2022-09-29 16:31:30,559] [builder.py:2243]           [INFO]     | Best of the 1950s Collection | ? | The Smiling Madame Beudet (1923) (TMDb: 49452)                  |
[2022-09-29 16:31:30,887] [builder.py:2243]           [INFO]     | Best of the 1950s Collection | ? | Song of Love (1950) (TMDb: 87561)                               |
[2022-09-29 16:31:30,888] [builder.py:2248]           [INFO]     |                                                                                                    |
[2022-09-29 16:31:30,888] [builder.py:2249]           [INFO]     | 99 Movies Missing                                                                                  |
[2022-09-29 16:31:31,088] [plex.py:711]               [DEBUG]    | Smart Collection Test: ?type=1&sort=random&label=213182                                            |
[2022-09-29 16:31:31,126] [builder.py:2441]           [INFO]     |                                                                                                    |
[2022-09-29 16:31:31,126] [builder.py:2442]           [INFO]     |========================= Updating Details of Best of the 1950s Collection =========================|
[2022-09-29 16:31:31,127] [builder.py:2443]           [INFO]     |                                                                                                    |
[2022-09-29 16:31:31,291] [builder.py:2509]           [INFO]     | Collection Metadata Edits                                                                          |
                                                                 | Summary (summary) | Le meilleurs avant les années 1960
                                                                 | Sort Title | +1_7Best of the 1950s
                                                                 | Label | +PMM
[2022-09-29 16:31:31,487] [builder.py:2513]           [INFO]     | Details: have been updated
[2022-09-29 16:31:31,487] [builder.py:2517]           [INFO]     | 
[2022-09-29 16:31:31,487] [builder.py:2580]           [WARNING]  | Asset Warning: Unable to find asset folder: 'Best of the 1950s'
[2022-09-29 16:31:31,499] [plex_meta_manager.py:708]  [INFO]     | 
[2022-09-29 16:31:31,500] [plex_meta_manager.py:709]  [INFO]     |====================================================================================================|
[2022-09-29 16:31:31,500] [plex_meta_manager.py:709]  [INFO]     |                               Finished Best of the 1950s Collection                                |
[2022-09-29 16:31:31,500] [plex_meta_manager.py:709]  [INFO]     |                                    Collection Run Time: 0:00:09                                    |
[2022-09-29 16:31:31,500] [plex_meta_manager.py:709]  [INFO]     |====================================================================================================|
